   18446	[INFO]	XnLog.cpp	165	OpenNI version is 1.0.0 (Build 25)-MacOSX (Jan  7 2011 14:20:18)
   18493	[INFO]	XnLog.cpp	173	Log system initialized. Console: 1, File: 1, Severity: INFO, Masks: ALL
   18526	[INFO]	XnLog.cpp	173	Log system initialized. Console: 1, File: 1, Severity: INFO, Masks: ALL
   19827	[INFO]	XnUSBLinux-x86.cpp	98	USB is initialized.
 2935624	[INFO]	XnOpenNI.cpp	1261	Creating node 'Device1' of type Device...
 2936466	[INFO]	XnDeviceModule.cpp	431	Module 'Device' configuration was loaded from file.
 3266792	[INFO]	XnDeviceSensorIO.cpp	135	Connected to USB device
 3266847	[INFO]	XnProperty.cpp	151	Property Device.USBPath was changed to 045e/02ae@250/10.
 3274172	[INFO]	XnHostProtocol.cpp	825	Hardware versions: FW=5.1.4 (7) HW=4 Chip=2 Sensor=4 SYS=7
 4686730	[INFO]	XnProperty.cpp	151	Property Device.ID was changed to 0.
 4686810	[INFO]	XnSensor.cpp	182	Device sensor initialized
 4686945	[INFO]	XnOpenNI.cpp	1261	Creating node 'Depth1' of type Depth...
 4687008	[INFO]	XnDeviceBase.cpp	1383	Creating stream 'Depth1' of type 'Depth'...
 4687036	[INFO]	XnProperty.cpp	74	Setting Device.ReadData to 1...
 4687071	[INFO]	XnDeviceSensorIO.cpp	298	Endpoints open
 4699290	[INFO]	XnProperty.cpp	151	Property Device.ReadData was changed to 1.
 4699324	[INFO]	XnProperty.cpp	101	Device.ReadData was successfully set.
 4699752	[INFO]	XnProperty.cpp	151	Property Depth1.Resolution was changed to 0.
 4699781	[INFO]	XnProperty.cpp	151	Property Depth1.XRes was changed to 320.
 4699803	[INFO]	XnProperty.cpp	151	Property Depth1.YRes was changed to 240.
 4699822	[INFO]	XnProperty.cpp	151	Property Depth1.FPS was changed to 30.
 4699839	[INFO]	XnProperty.cpp	151	Property Depth1.OutputFormat was changed to 1.
 4699858	[INFO]	XnProperty.cpp	151	Property Depth1.BytesPerPixel was changed to 2.
 4699877	[INFO]	XnProperty.cpp	151	Property Depth1.RequiredDataSize was changed to 153600.
 4699903	[INFO]	XnProperty.cpp	151	Property Depth1.ParamCoeff was changed to 4.
 4699981	[INFO]	XnProperty.cpp	151	Property Depth1.ShiftScale was changed to 10.
 4712690	[INFO]	XnProperty.cpp	151	Property Depth1.ConstShift was changed to 200.
 4712838	[INFO]	XnProperty.cpp	151	Property Depth1.ZPD was changed to 120.
 4713043	[INFO]	XnProperty.cpp	151	Property Depth1.ZPPS was changed to 0.104200.
 4713109	[INFO]	XnProperty.cpp	151	Property Depth1.LDDIS was changed to 7.500000.
 4713353	[INFO]	XnProperty.cpp	151	Property Depth1.Gain was changed to 30.
 4713429	[INFO]	XnDeviceBase.cpp	1458	Stream 'Depth1' was initialized.
 4713477	[INFO]	XnDeviceBase.cpp	1463	'Depth1' stream was created.
 4713867	[INFO]	XnProperty.cpp	74	Setting Depth1.InputFormat to 3...
 4713931	[INFO]	XnProperty.cpp	151	Property Depth1.InputFormat was changed to 3.
 4713975	[INFO]	XnProperty.cpp	101	Depth1.InputFormat was successfully set.
 4715128	[INFO]	XnProperty.cpp	74	Setting Depth1.RegistrationType to 2...
 4715188	[INFO]	XnProperty.cpp	151	Property Depth1.RegistrationType was changed to 2.
 4715225	[INFO]	XnProperty.cpp	101	Depth1.RegistrationType was successfully set.
 4716423	[INFO]	XnDeviceModule.cpp	431	Module 'Depth1' configuration was loaded from file.
 4716797	[INFO]	XnProperty.cpp	74	Setting Depth1.FPS to 30...
 4716837	[INFO]	XnProperty.cpp	86	Depth1.FPS value did not change.
 4716870	[INFO]	XnProperty.cpp	74	Setting Depth1.YRes to 480...
 4716906	[INFO]	XnProperty.cpp	151	Property Depth1.Resolution was changed to 1.
 4716940	[INFO]	XnProperty.cpp	151	Property Depth1.XRes was changed to 640.
 4716968	[INFO]	XnProperty.cpp	151	Property Depth1.RequiredDataSize was changed to 307200.
 4717032	[INFO]	XnProperty.cpp	151	Property Depth1.YRes was changed to 480.
 4717067	[INFO]	XnProperty.cpp	151	Property Depth1.RequiredDataSize was changed to 614400.
 4717102	[INFO]	XnProperty.cpp	101	Depth1.YRes was successfully set.
 4717140	[INFO]	XnProperty.cpp	74	Setting Depth1.XRes to 640...
 4717170	[INFO]	XnProperty.cpp	86	Depth1.XRes value did not change.
 4717267	[INFO]	XnProperty.cpp	74	Setting Depth1.Mirror to 1...
 4717306	[INFO]	XnProperty.cpp	151	Property Depth1.FirmwareMirror was changed to 1.
 4717399	[INFO]	XnProperty.cpp	151	Property Depth1.Mirror was changed to 1.
 4717430	[INFO]	XnProperty.cpp	101	Depth1.Mirror was successfully set.
 7333085	[INFO]	XnOpenNI.cpp	1261	Creating node 'User1' of type User...
 7359017	[WARNING]	Linux-x86Threads.cpp	173	Failed to set thread priority: Invalid argument
 7359064	[WARNING]	XnUSBLinux-x86.cpp	126	USB events thread: Failed to set thread priority to critical. This might cause loss of data...
 7359998	[INFO]	XnUSBLinux-x86.cpp	1222	USB read thread was started.
 7360029	[INFO]	XnProperty.cpp	151	Property Depth1.ActualReadData was changed to 1.
 7831169	[INFO]	XnProperty.cpp	151	Property Depth1.State was changed to 1.
 7831218	[INFO]	XnDeviceBase.cpp	370	Stream Depth1 is open.
11154945	[INFO]	XnOpenNI.cpp	1261	Creating node 'Image1' of type Image...
11154996	[INFO]	XnDeviceBase.cpp	1383	Creating stream 'Image1' of type 'Image'...
11155215	[INFO]	XnProperty.cpp	151	Property Image1.Resolution was changed to 0.
11155243	[INFO]	XnProperty.cpp	151	Property Image1.XRes was changed to 320.
11155263	[INFO]	XnProperty.cpp	151	Property Image1.YRes was changed to 240.
11155280	[INFO]	XnProperty.cpp	151	Property Image1.FPS was changed to 30.
11155298	[INFO]	XnProperty.cpp	151	Property Image1.OutputFormat was changed to 5.
11155317	[INFO]	XnProperty.cpp	151	Property Image1.BytesPerPixel was changed to 3.
11155335	[INFO]	XnProperty.cpp	151	Property Image1.RequiredDataSize was changed to 230400.
11155376	[INFO]	XnDeviceBase.cpp	1458	Stream 'Image1' was initialized.
11155399	[INFO]	XnDeviceBase.cpp	1463	'Image1' stream was created.
11155533	[INFO]	XnProperty.cpp	74	Setting Image1.InputFormat to 6...
11155564	[INFO]	XnProperty.cpp	151	Property Image1.InputFormat was changed to 6.
11155584	[INFO]	XnProperty.cpp	101	Image1.InputFormat was successfully set.
11156195	[INFO]	XnDeviceModule.cpp	431	Module 'Image1' configuration was loaded from file.
11156319	[INFO]	XnProperty.cpp	74	Setting Image1.FPS to 30...
11156342	[INFO]	XnProperty.cpp	86	Image1.FPS value did not change.
11156362	[INFO]	XnProperty.cpp	74	Setting Image1.YRes to 480...
11156384	[INFO]	XnProperty.cpp	151	Property Image1.Resolution was changed to 1.
11156404	[INFO]	XnProperty.cpp	151	Property Image1.XRes was changed to 640.
11156421	[INFO]	XnProperty.cpp	151	Property Image1.RequiredDataSize was changed to 460800.
11156442	[INFO]	XnProperty.cpp	151	Property Image1.YRes was changed to 480.
11156463	[INFO]	XnProperty.cpp	151	Property Image1.RequiredDataSize was changed to 921600.
11156484	[INFO]	XnProperty.cpp	101	Image1.YRes was successfully set.
11156505	[INFO]	XnProperty.cpp	74	Setting Image1.XRes to 640...
11156524	[INFO]	XnProperty.cpp	86	Image1.XRes value did not change.
11157627	[INFO]	XnUSBLinux-x86.cpp	1222	USB read thread was started.
11157666	[INFO]	XnProperty.cpp	151	Property Image1.ActualReadData was changed to 1.
11332642	[WARNING]	XnDepthProcessor.cpp	133	Read: Depth buffer is corrupt. Size is 553344 (!= 614400)
11332689	[WARNING]	XnFrameStreamProcessor.cpp	132	Depth frame is corrupt!
14359140	[INFO]	XnProperty.cpp	151	Property Image1.State was changed to 1.
14359211	[INFO]	XnDeviceBase.cpp	370	Stream Image1 is open.
14359502	[INFO]	XnProperty.cpp	74	Setting Depth1.Registration to 1...
14526418	[INFO]	XnProperty.cpp	151	Property Depth1.Registration was changed to 1.
14526461	[INFO]	XnProperty.cpp	101	Depth1.Registration was successfully set.
14526508	[INFO]	XnProperty.cpp	74	Setting Image1.Mirror to 1...
14539133	[INFO]	XnProperty.cpp	151	Property Image1.FirmwareMirror was changed to 1.
14539168	[INFO]	XnProperty.cpp	151	Property Image1.Mirror was changed to 1.
14539181	[INFO]	XnProperty.cpp	101	Image1.Mirror was successfully set.
48645183	[INFO]	XnOpenNI.cpp	1459	Destroying node 'User1'
48652825	[INFO]	XnOpenNI.cpp	1459	Destroying node 'Depth1'
48652913	[INFO]	XnDeviceBase.cpp	1507	Destroying stream 'Depth1'...
48654138	[INFO]	XnOpenNI.cpp	1459	Destroying node 'Image1'
48654178	[INFO]	XnDeviceBase.cpp	1507	Destroying stream 'Image1'...
48655087	[INFO]	XnOpenNI.cpp	1459	Destroying node 'Device1'
