    1687	[INFO]	XnLog.cpp	165	OpenNI version is 1.0.0 (Build 25)-MacOSX (Jan  7 2011 14:20:18)
    1732	[INFO]	XnLog.cpp	173	Log system initialized. Console: 1, File: 1, Severity: INFO, Masks: ALL
    1756	[INFO]	XnLog.cpp	173	Log system initialized. Console: 1, File: 1, Severity: INFO, Masks: ALL
    2921	[INFO]	XnUSBLinux-x86.cpp	98	USB is initialized.
 3642123	[INFO]	XnOpenNI.cpp	1261	Creating node 'Device1' of type Device...
 3642930	[INFO]	XnDeviceModule.cpp	431	Module 'Device' configuration was loaded from file.
 3968725	[INFO]	XnDeviceSensorIO.cpp	135	Connected to USB device
 3968777	[INFO]	XnProperty.cpp	151	Property Device.USBPath was changed to 045e/02ae@253/8.
 3976785	[INFO]	XnHostProtocol.cpp	825	Hardware versions: FW=5.1.4 (7) HW=4 Chip=2 Sensor=4 SYS=7
 5389868	[INFO]	XnProperty.cpp	151	Property Device.ID was changed to 0.
 5389938	[INFO]	XnSensor.cpp	182	Device sensor initialized
 5390036	[INFO]	XnOpenNI.cpp	1261	Creating node 'Depth1' of type Depth...
 5390084	[INFO]	XnDeviceBase.cpp	1383	Creating stream 'Depth1' of type 'Depth'...
 5390106	[INFO]	XnProperty.cpp	74	Setting Device.ReadData to 1...
 5390145	[INFO]	XnDeviceSensorIO.cpp	298	Endpoints open
 5402492	[INFO]	XnProperty.cpp	151	Property Device.ReadData was changed to 1.
 5402554	[INFO]	XnProperty.cpp	101	Device.ReadData was successfully set.
 5403179	[INFO]	XnProperty.cpp	151	Property Depth1.Resolution was changed to 0.
 5403217	[INFO]	XnProperty.cpp	151	Property Depth1.XRes was changed to 320.
 5403244	[INFO]	XnProperty.cpp	151	Property Depth1.YRes was changed to 240.
 5403268	[INFO]	XnProperty.cpp	151	Property Depth1.FPS was changed to 30.
 5403291	[INFO]	XnProperty.cpp	151	Property Depth1.OutputFormat was changed to 1.
 5403316	[INFO]	XnProperty.cpp	151	Property Depth1.BytesPerPixel was changed to 2.
 5403342	[INFO]	XnProperty.cpp	151	Property Depth1.RequiredDataSize was changed to 153600.
 5403373	[INFO]	XnProperty.cpp	151	Property Depth1.ParamCoeff was changed to 4.
 5403493	[INFO]	XnProperty.cpp	151	Property Depth1.ShiftScale was changed to 10.
 5416102	[INFO]	XnProperty.cpp	151	Property Depth1.ConstShift was changed to 200.
 5416229	[INFO]	XnProperty.cpp	151	Property Depth1.ZPD was changed to 120.
 5416377	[INFO]	XnProperty.cpp	151	Property Depth1.ZPPS was changed to 0.104200.
 5416406	[INFO]	XnProperty.cpp	151	Property Depth1.LDDIS was changed to 7.500000.
 5416549	[INFO]	XnProperty.cpp	151	Property Depth1.Gain was changed to 30.
 5416607	[INFO]	XnDeviceBase.cpp	1458	Stream 'Depth1' was initialized.
 5416638	[INFO]	XnDeviceBase.cpp	1463	'Depth1' stream was created.
 5416893	[INFO]	XnProperty.cpp	74	Setting Depth1.InputFormat to 3...
 5416934	[INFO]	XnProperty.cpp	151	Property Depth1.InputFormat was changed to 3.
 5416962	[INFO]	XnProperty.cpp	101	Depth1.InputFormat was successfully set.
 5417885	[INFO]	XnProperty.cpp	74	Setting Depth1.RegistrationType to 2...
 5417933	[INFO]	XnProperty.cpp	151	Property Depth1.RegistrationType was changed to 2.
 5417961	[INFO]	XnProperty.cpp	101	Depth1.RegistrationType was successfully set.
 5418893	[INFO]	XnDeviceModule.cpp	431	Module 'Depth1' configuration was loaded from file.
 5419206	[INFO]	XnProperty.cpp	74	Setting Depth1.FPS to 30...
 5419238	[INFO]	XnProperty.cpp	86	Depth1.FPS value did not change.
 5419263	[INFO]	XnProperty.cpp	74	Setting Depth1.YRes to 480...
 5419290	[INFO]	XnProperty.cpp	151	Property Depth1.Resolution was changed to 1.
 5419317	[INFO]	XnProperty.cpp	151	Property Depth1.XRes was changed to 640.
 5419344	[INFO]	XnProperty.cpp	151	Property Depth1.RequiredDataSize was changed to 307200.
 5419374	[INFO]	XnProperty.cpp	151	Property Depth1.YRes was changed to 480.
 5419408	[INFO]	XnProperty.cpp	151	Property Depth1.RequiredDataSize was changed to 614400.
 5419444	[INFO]	XnProperty.cpp	101	Depth1.YRes was successfully set.
 5419469	[INFO]	XnProperty.cpp	74	Setting Depth1.XRes to 640...
 5419492	[INFO]	XnProperty.cpp	86	Depth1.XRes value did not change.
 5419566	[INFO]	XnProperty.cpp	74	Setting Depth1.Mirror to 1...
 5419597	[INFO]	XnProperty.cpp	151	Property Depth1.FirmwareMirror was changed to 1.
 5419666	[INFO]	XnProperty.cpp	151	Property Depth1.Mirror was changed to 1.
 5419691	[INFO]	XnProperty.cpp	101	Depth1.Mirror was successfully set.
 8028014	[INFO]	XnOpenNI.cpp	1261	Creating node 'User1' of type User...
 8052378	[WARNING]	Linux-x86Threads.cpp	173	Failed to set thread priority: Invalid argument
 8052427	[WARNING]	XnUSBLinux-x86.cpp	126	USB events thread: Failed to set thread priority to critical. This might cause loss of data...
 8053249	[INFO]	XnUSBLinux-x86.cpp	1222	USB read thread was started.
 8053275	[INFO]	XnProperty.cpp	151	Property Depth1.ActualReadData was changed to 1.
 8523508	[INFO]	XnProperty.cpp	151	Property Depth1.State was changed to 1.
 8523565	[INFO]	XnDeviceBase.cpp	370	Stream Depth1 is open.
11847928	[INFO]	XnOpenNI.cpp	1261	Creating node 'Image1' of type Image...
11847979	[INFO]	XnDeviceBase.cpp	1383	Creating stream 'Image1' of type 'Image'...
11848196	[INFO]	XnProperty.cpp	151	Property Image1.Resolution was changed to 0.
11848222	[INFO]	XnProperty.cpp	151	Property Image1.XRes was changed to 320.
11848240	[INFO]	XnProperty.cpp	151	Property Image1.YRes was changed to 240.
11848257	[INFO]	XnProperty.cpp	151	Property Image1.FPS was changed to 30.
11848275	[INFO]	XnProperty.cpp	151	Property Image1.OutputFormat was changed to 5.
11848293	[INFO]	XnProperty.cpp	151	Property Image1.BytesPerPixel was changed to 3.
11848312	[INFO]	XnProperty.cpp	151	Property Image1.RequiredDataSize was changed to 230400.
11848353	[INFO]	XnDeviceBase.cpp	1458	Stream 'Image1' was initialized.
11848374	[INFO]	XnDeviceBase.cpp	1463	'Image1' stream was created.
11848507	[INFO]	XnProperty.cpp	74	Setting Image1.InputFormat to 6...
11848535	[INFO]	XnProperty.cpp	151	Property Image1.InputFormat was changed to 6.
11848554	[INFO]	XnProperty.cpp	101	Image1.InputFormat was successfully set.
11849181	[INFO]	XnDeviceModule.cpp	431	Module 'Image1' configuration was loaded from file.
11849302	[INFO]	XnProperty.cpp	74	Setting Image1.FPS to 30...
11849329	[INFO]	XnProperty.cpp	86	Image1.FPS value did not change.
11849352	[INFO]	XnProperty.cpp	74	Setting Image1.YRes to 480...
11849375	[INFO]	XnProperty.cpp	151	Property Image1.Resolution was changed to 1.
11849398	[INFO]	XnProperty.cpp	151	Property Image1.XRes was changed to 640.
11849420	[INFO]	XnProperty.cpp	151	Property Image1.RequiredDataSize was changed to 460800.
11849445	[INFO]	XnProperty.cpp	151	Property Image1.YRes was changed to 480.
11849468	[INFO]	XnProperty.cpp	151	Property Image1.RequiredDataSize was changed to 921600.
11849491	[INFO]	XnProperty.cpp	101	Image1.YRes was successfully set.
11849515	[INFO]	XnProperty.cpp	74	Setting Image1.XRes to 640...
11849535	[INFO]	XnProperty.cpp	86	Image1.XRes value did not change.
11850690	[INFO]	XnUSBLinux-x86.cpp	1222	USB read thread was started.
11850738	[INFO]	XnProperty.cpp	151	Property Image1.ActualReadData was changed to 1.
12029716	[WARNING]	XnFrameStreamProcessor.cpp	140	Depth Frame Buffer overflow! current size: 612768
12029769	[WARNING]	XnFrameStreamProcessor.cpp	132	Depth frame is corrupt!
12057693	[WARNING]	XnDepthProcessor.cpp	133	Read: Depth buffer is corrupt. Size is 612768 (!= 614400)
14930157	[WARNING]	XnDepthProcessor.cpp	133	Read: Depth buffer is corrupt. Size is 592304 (!= 614400)
14930211	[WARNING]	XnFrameStreamProcessor.cpp	132	Depth frame is corrupt!
15051717	[INFO]	XnProperty.cpp	151	Property Image1.State was changed to 1.
15051760	[INFO]	XnDeviceBase.cpp	370	Stream Image1 is open.
15051952	[INFO]	XnProperty.cpp	74	Setting Depth1.Registration to 1...
15094258	[WARNING]	XnDepthProcessor.cpp	133	Read: Depth buffer is corrupt. Size is 598160 (!= 614400)
15094305	[WARNING]	XnFrameStreamProcessor.cpp	132	Depth frame is corrupt!
15204451	[INFO]	XnProperty.cpp	151	Property Depth1.Registration was changed to 1.
15204499	[INFO]	XnProperty.cpp	101	Depth1.Registration was successfully set.
15204555	[INFO]	XnProperty.cpp	74	Setting Image1.Mirror to 1...
15216999	[INFO]	XnProperty.cpp	151	Property Image1.FirmwareMirror was changed to 1.
15217044	[INFO]	XnProperty.cpp	151	Property Image1.Mirror was changed to 1.
15217092	[INFO]	XnProperty.cpp	101	Image1.Mirror was successfully set.
48350689	[INFO]	XnOpenNI.cpp	1459	Destroying node 'User1'
48359213	[INFO]	XnOpenNI.cpp	1459	Destroying node 'Depth1'
48359305	[INFO]	XnDeviceBase.cpp	1507	Destroying stream 'Depth1'...
48360545	[INFO]	XnOpenNI.cpp	1459	Destroying node 'Image1'
48360600	[INFO]	XnDeviceBase.cpp	1507	Destroying stream 'Image1'...
48361519	[INFO]	XnOpenNI.cpp	1459	Destroying node 'Device1'
