    1796	[INFO]	XnLog.cpp	165	OpenNI version is 1.0.0 (Build 25)-MacOSX (Jan  7 2011 14:20:18)
    1856	[INFO]	XnLog.cpp	173	Log system initialized. Console: 1, File: 1, Severity: INFO, Masks: ALL
    1894	[INFO]	XnLog.cpp	173	Log system initialized. Console: 1, File: 1, Severity: INFO, Masks: ALL
    3408	[INFO]	XnUSBLinux-x86.cpp	98	USB is initialized.
 2903981	[INFO]	XnOpenNI.cpp	1261	Creating node 'Device1' of type Device...
 2905055	[INFO]	XnDeviceModule.cpp	431	Module 'Device' configuration was loaded from file.
 3235403	[INFO]	XnDeviceSensorIO.cpp	135	Connected to USB device
 3235457	[INFO]	XnProperty.cpp	151	Property Device.USBPath was changed to 045e/02ae@250/10.
 3243322	[INFO]	XnHostProtocol.cpp	825	Hardware versions: FW=5.1.4 (7) HW=4 Chip=2 Sensor=4 SYS=7
 4652591	[INFO]	XnProperty.cpp	151	Property Device.ID was changed to 0.
 4652651	[INFO]	XnSensor.cpp	182	Device sensor initialized
 4652745	[INFO]	XnOpenNI.cpp	1261	Creating node 'Depth1' of type Depth...
 4652789	[INFO]	XnDeviceBase.cpp	1383	Creating stream 'Depth1' of type 'Depth'...
 4652815	[INFO]	XnProperty.cpp	74	Setting Device.ReadData to 1...
 4652857	[INFO]	XnDeviceSensorIO.cpp	298	Endpoints open
 4665150	[INFO]	XnProperty.cpp	151	Property Device.ReadData was changed to 1.
 4665190	[INFO]	XnProperty.cpp	101	Device.ReadData was successfully set.
 4665595	[INFO]	XnProperty.cpp	151	Property Depth1.Resolution was changed to 0.
 4665622	[INFO]	XnProperty.cpp	151	Property Depth1.XRes was changed to 320.
 4665643	[INFO]	XnProperty.cpp	151	Property Depth1.YRes was changed to 240.
 4665664	[INFO]	XnProperty.cpp	151	Property Depth1.FPS was changed to 30.
 4665683	[INFO]	XnProperty.cpp	151	Property Depth1.OutputFormat was changed to 1.
 4665702	[INFO]	XnProperty.cpp	151	Property Depth1.BytesPerPixel was changed to 2.
 4665720	[INFO]	XnProperty.cpp	151	Property Depth1.RequiredDataSize was changed to 153600.
 4665744	[INFO]	XnProperty.cpp	151	Property Depth1.ParamCoeff was changed to 4.
 4665818	[INFO]	XnProperty.cpp	151	Property Depth1.ShiftScale was changed to 10.
 4678207	[INFO]	XnProperty.cpp	151	Property Depth1.ConstShift was changed to 200.
 4678285	[INFO]	XnProperty.cpp	151	Property Depth1.ZPD was changed to 120.
 4678395	[INFO]	XnProperty.cpp	151	Property Depth1.ZPPS was changed to 0.104200.
 4678421	[INFO]	XnProperty.cpp	151	Property Depth1.LDDIS was changed to 7.500000.
 4678535	[INFO]	XnProperty.cpp	151	Property Depth1.Gain was changed to 30.
 4678578	[INFO]	XnDeviceBase.cpp	1458	Stream 'Depth1' was initialized.
 4678601	[INFO]	XnDeviceBase.cpp	1463	'Depth1' stream was created.
 4678819	[INFO]	XnProperty.cpp	74	Setting Depth1.InputFormat to 3...
 4678852	[INFO]	XnProperty.cpp	151	Property Depth1.InputFormat was changed to 3.
 4678873	[INFO]	XnProperty.cpp	101	Depth1.InputFormat was successfully set.
 4679563	[INFO]	XnProperty.cpp	74	Setting Depth1.RegistrationType to 2...
 4679588	[INFO]	XnProperty.cpp	151	Property Depth1.RegistrationType was changed to 2.
 4679611	[INFO]	XnProperty.cpp	101	Depth1.RegistrationType was successfully set.
 4680347	[INFO]	XnDeviceModule.cpp	431	Module 'Depth1' configuration was loaded from file.
 4680589	[INFO]	XnProperty.cpp	74	Setting Depth1.FPS to 30...
 4680612	[INFO]	XnProperty.cpp	86	Depth1.FPS value did not change.
 4680635	[INFO]	XnProperty.cpp	74	Setting Depth1.YRes to 480...
 4680658	[INFO]	XnProperty.cpp	151	Property Depth1.Resolution was changed to 1.
 4680679	[INFO]	XnProperty.cpp	151	Property Depth1.XRes was changed to 640.
 4680699	[INFO]	XnProperty.cpp	151	Property Depth1.RequiredDataSize was changed to 307200.
 4680721	[INFO]	XnProperty.cpp	151	Property Depth1.YRes was changed to 480.
 4680743	[INFO]	XnProperty.cpp	151	Property Depth1.RequiredDataSize was changed to 614400.
 4680765	[INFO]	XnProperty.cpp	101	Depth1.YRes was successfully set.
 4680793	[INFO]	XnProperty.cpp	74	Setting Depth1.XRes to 640...
 4680812	[INFO]	XnProperty.cpp	86	Depth1.XRes value did not change.
 4680876	[INFO]	XnProperty.cpp	74	Setting Depth1.Mirror to 1...
 4680902	[INFO]	XnProperty.cpp	151	Property Depth1.FirmwareMirror was changed to 1.
 4681219	[INFO]	XnProperty.cpp	151	Property Depth1.Mirror was changed to 1.
 4681243	[INFO]	XnProperty.cpp	101	Depth1.Mirror was successfully set.
 7176207	[INFO]	XnOpenNI.cpp	1261	Creating node 'User1' of type User...
 7200068	[WARNING]	Linux-x86Threads.cpp	173	Failed to set thread priority: Invalid argument
 7200121	[WARNING]	XnUSBLinux-x86.cpp	126	USB events thread: Failed to set thread priority to critical. This might cause loss of data...
 7201093	[INFO]	XnUSBLinux-x86.cpp	1222	USB read thread was started.
 7201133	[INFO]	XnProperty.cpp	151	Property Depth1.ActualReadData was changed to 1.
 7672623	[INFO]	XnProperty.cpp	151	Property Depth1.State was changed to 1.
 7672666	[INFO]	XnDeviceBase.cpp	370	Stream Depth1 is open.
10153108	[INFO]	XnOpenNI.cpp	1261	Creating node 'Image1' of type Image...
10153159	[INFO]	XnDeviceBase.cpp	1383	Creating stream 'Image1' of type 'Image'...
10153389	[INFO]	XnProperty.cpp	151	Property Image1.Resolution was changed to 0.
10153425	[INFO]	XnProperty.cpp	151	Property Image1.XRes was changed to 320.
10153446	[INFO]	XnProperty.cpp	151	Property Image1.YRes was changed to 240.
10153464	[INFO]	XnProperty.cpp	151	Property Image1.FPS was changed to 30.
10153482	[INFO]	XnProperty.cpp	151	Property Image1.OutputFormat was changed to 5.
10153499	[INFO]	XnProperty.cpp	151	Property Image1.BytesPerPixel was changed to 3.
10153517	[INFO]	XnProperty.cpp	151	Property Image1.RequiredDataSize was changed to 230400.
10153559	[INFO]	XnDeviceBase.cpp	1458	Stream 'Image1' was initialized.
10153581	[INFO]	XnDeviceBase.cpp	1463	'Image1' stream was created.
10153716	[INFO]	XnProperty.cpp	74	Setting Image1.InputFormat to 6...
10153744	[INFO]	XnProperty.cpp	151	Property Image1.InputFormat was changed to 6.
10153765	[INFO]	XnProperty.cpp	101	Image1.InputFormat was successfully set.
10154383	[INFO]	XnDeviceModule.cpp	431	Module 'Image1' configuration was loaded from file.
10154523	[INFO]	XnProperty.cpp	74	Setting Image1.FPS to 30...
10154548	[INFO]	XnProperty.cpp	86	Image1.FPS value did not change.
10154569	[INFO]	XnProperty.cpp	74	Setting Image1.YRes to 480...
10154591	[INFO]	XnProperty.cpp	151	Property Image1.Resolution was changed to 1.
10154608	[INFO]	XnProperty.cpp	151	Property Image1.XRes was changed to 640.
10154628	[INFO]	XnProperty.cpp	151	Property Image1.RequiredDataSize was changed to 460800.
10154651	[INFO]	XnProperty.cpp	151	Property Image1.YRes was changed to 480.
10154673	[INFO]	XnProperty.cpp	151	Property Image1.RequiredDataSize was changed to 921600.
10154694	[INFO]	XnProperty.cpp	101	Image1.YRes was successfully set.
10154715	[INFO]	XnProperty.cpp	74	Setting Image1.XRes to 640...
10154733	[INFO]	XnProperty.cpp	86	Image1.XRes value did not change.
10155966	[INFO]	XnUSBLinux-x86.cpp	1222	USB read thread was started.
10156009	[INFO]	XnProperty.cpp	151	Property Image1.ActualReadData was changed to 1.
10337552	[WARNING]	XnDepthProcessor.cpp	133	Read: Depth buffer is corrupt. Size is 510416 (!= 614400)
10337599	[WARNING]	XnFrameStreamProcessor.cpp	132	Depth frame is corrupt!
13242033	[WARNING]	XnDepthProcessor.cpp	133	Read: Depth buffer is corrupt. Size is 593536 (!= 614400)
13242079	[WARNING]	XnFrameStreamProcessor.cpp	132	Depth frame is corrupt!
13357511	[INFO]	XnProperty.cpp	151	Property Image1.State was changed to 1.
13357554	[INFO]	XnDeviceBase.cpp	370	Stream Image1 is open.
13357751	[INFO]	XnProperty.cpp	74	Setting Depth1.Registration to 1...
13410013	[WARNING]	XnDepthProcessor.cpp	133	Read: Depth buffer is corrupt. Size is 584240 (!= 614400)
13410060	[WARNING]	XnFrameStreamProcessor.cpp	132	Depth frame is corrupt!
13510761	[INFO]	XnProperty.cpp	151	Property Depth1.Registration was changed to 1.
13510819	[INFO]	XnProperty.cpp	101	Depth1.Registration was successfully set.
13510863	[INFO]	XnProperty.cpp	74	Setting Image1.Mirror to 1...
13522985	[INFO]	XnProperty.cpp	151	Property Image1.FirmwareMirror was changed to 1.
13523024	[INFO]	XnProperty.cpp	151	Property Image1.Mirror was changed to 1.
13523036	[INFO]	XnProperty.cpp	101	Image1.Mirror was successfully set.
37211252	[INFO]	XnOpenNI.cpp	1459	Destroying node 'User1'
37219817	[INFO]	XnOpenNI.cpp	1459	Destroying node 'Depth1'
37219907	[INFO]	XnDeviceBase.cpp	1507	Destroying stream 'Depth1'...
37221850	[INFO]	XnOpenNI.cpp	1459	Destroying node 'Image1'
37221980	[INFO]	XnDeviceBase.cpp	1507	Destroying stream 'Image1'...
37223023	[INFO]	XnOpenNI.cpp	1459	Destroying node 'Device1'
