    1691	[INFO]	XnLog.cpp	165	OpenNI version is 1.0.0 (Build 25)-MacOSX (Jan  7 2011 14:20:18)
    1737	[INFO]	XnLog.cpp	173	Log system initialized. Console: 1, File: 1, Severity: INFO, Masks: ALL
    1763	[INFO]	XnLog.cpp	173	Log system initialized. Console: 1, File: 1, Severity: INFO, Masks: ALL
    2941	[INFO]	XnUSBLinux-x86.cpp	98	USB is initialized.
 2890357	[INFO]	XnOpenNI.cpp	1261	Creating node 'Device1' of type Device...
 2891116	[INFO]	XnDeviceModule.cpp	431	Module 'Device' configuration was loaded from file.
 3222002	[INFO]	XnDeviceSensorIO.cpp	135	Connected to USB device
 3222053	[INFO]	XnProperty.cpp	151	Property Device.USBPath was changed to 045e/02ae@250/10.
 3230658	[INFO]	XnHostProtocol.cpp	825	Hardware versions: FW=5.1.4 (7) HW=4 Chip=2 Sensor=4 SYS=7
 4643193	[INFO]	XnProperty.cpp	151	Property Device.ID was changed to 0.
 4643305	[INFO]	XnSensor.cpp	182	Device sensor initialized
 4643411	[INFO]	XnOpenNI.cpp	1261	Creating node 'Depth1' of type Depth...
 4643460	[INFO]	XnDeviceBase.cpp	1383	Creating stream 'Depth1' of type 'Depth'...
 4643486	[INFO]	XnProperty.cpp	74	Setting Device.ReadData to 1...
 4643527	[INFO]	XnDeviceSensorIO.cpp	298	Endpoints open
 4655746	[INFO]	XnProperty.cpp	151	Property Device.ReadData was changed to 1.
 4655790	[INFO]	XnProperty.cpp	101	Device.ReadData was successfully set.
 4656138	[INFO]	XnProperty.cpp	151	Property Depth1.Resolution was changed to 0.
 4656159	[INFO]	XnProperty.cpp	151	Property Depth1.XRes was changed to 320.
 4656176	[INFO]	XnProperty.cpp	151	Property Depth1.YRes was changed to 240.
 4656195	[INFO]	XnProperty.cpp	151	Property Depth1.FPS was changed to 30.
 4656213	[INFO]	XnProperty.cpp	151	Property Depth1.OutputFormat was changed to 1.
 4656232	[INFO]	XnProperty.cpp	151	Property Depth1.BytesPerPixel was changed to 2.
 4656250	[INFO]	XnProperty.cpp	151	Property Depth1.RequiredDataSize was changed to 153600.
 4656267	[INFO]	XnProperty.cpp	151	Property Depth1.ParamCoeff was changed to 4.
 4656334	[INFO]	XnProperty.cpp	151	Property Depth1.ShiftScale was changed to 10.
 4668558	[INFO]	XnProperty.cpp	151	Property Depth1.ConstShift was changed to 200.
 4668645	[INFO]	XnProperty.cpp	151	Property Depth1.ZPD was changed to 120.
 4668742	[INFO]	XnProperty.cpp	151	Property Depth1.ZPPS was changed to 0.104200.
 4668758	[INFO]	XnProperty.cpp	151	Property Depth1.LDDIS was changed to 7.500000.
 4668874	[INFO]	XnProperty.cpp	151	Property Depth1.Gain was changed to 30.
 4668918	[INFO]	XnDeviceBase.cpp	1458	Stream 'Depth1' was initialized.
 4668934	[INFO]	XnDeviceBase.cpp	1463	'Depth1' stream was created.
 4669095	[INFO]	XnProperty.cpp	74	Setting Depth1.InputFormat to 3...
 4669118	[INFO]	XnProperty.cpp	151	Property Depth1.InputFormat was changed to 3.
 4669132	[INFO]	XnProperty.cpp	101	Depth1.InputFormat was successfully set.
 4669571	[INFO]	XnProperty.cpp	74	Setting Depth1.RegistrationType to 2...
 4669587	[INFO]	XnProperty.cpp	151	Property Depth1.RegistrationType was changed to 2.
 4669599	[INFO]	XnProperty.cpp	101	Depth1.RegistrationType was successfully set.
 4670059	[INFO]	XnDeviceModule.cpp	431	Module 'Depth1' configuration was loaded from file.
 4670225	[INFO]	XnProperty.cpp	74	Setting Depth1.FPS to 30...
 4670243	[INFO]	XnProperty.cpp	86	Depth1.FPS value did not change.
 4670255	[INFO]	XnProperty.cpp	74	Setting Depth1.YRes to 480...
 4670269	[INFO]	XnProperty.cpp	151	Property Depth1.Resolution was changed to 1.
 4670283	[INFO]	XnProperty.cpp	151	Property Depth1.XRes was changed to 640.
 4670295	[INFO]	XnProperty.cpp	151	Property Depth1.RequiredDataSize was changed to 307200.
 4670309	[INFO]	XnProperty.cpp	151	Property Depth1.YRes was changed to 480.
 4670321	[INFO]	XnProperty.cpp	151	Property Depth1.RequiredDataSize was changed to 614400.
 4670334	[INFO]	XnProperty.cpp	101	Depth1.YRes was successfully set.
 4670346	[INFO]	XnProperty.cpp	74	Setting Depth1.XRes to 640...
 4670357	[INFO]	XnProperty.cpp	86	Depth1.XRes value did not change.
 4670399	[INFO]	XnProperty.cpp	74	Setting Depth1.Mirror to 1...
 4670414	[INFO]	XnProperty.cpp	151	Property Depth1.FirmwareMirror was changed to 1.
 4670457	[INFO]	XnProperty.cpp	151	Property Depth1.Mirror was changed to 1.
 4670470	[INFO]	XnProperty.cpp	101	Depth1.Mirror was successfully set.
 8019454	[INFO]	XnOpenNI.cpp	1261	Creating node 'User1' of type User...
 8043214	[WARNING]	Linux-x86Threads.cpp	173	Failed to set thread priority: Invalid argument
 8043261	[WARNING]	XnUSBLinux-x86.cpp	126	USB events thread: Failed to set thread priority to critical. This might cause loss of data...
 8044034	[INFO]	XnUSBLinux-x86.cpp	1222	USB read thread was started.
 8044063	[INFO]	XnProperty.cpp	151	Property Depth1.ActualReadData was changed to 1.
 8515132	[INFO]	XnProperty.cpp	151	Property Depth1.State was changed to 1.
 8515174	[INFO]	XnDeviceBase.cpp	370	Stream Depth1 is open.
11837091	[INFO]	XnOpenNI.cpp	1261	Creating node 'Image1' of type Image...
11837143	[INFO]	XnDeviceBase.cpp	1383	Creating stream 'Image1' of type 'Image'...
11837356	[INFO]	XnProperty.cpp	151	Property Image1.Resolution was changed to 0.
11837383	[INFO]	XnProperty.cpp	151	Property Image1.XRes was changed to 320.
11837402	[INFO]	XnProperty.cpp	151	Property Image1.YRes was changed to 240.
11837419	[INFO]	XnProperty.cpp	151	Property Image1.FPS was changed to 30.
11837436	[INFO]	XnProperty.cpp	151	Property Image1.OutputFormat was changed to 5.
11837461	[INFO]	XnProperty.cpp	151	Property Image1.BytesPerPixel was changed to 3.
11837480	[INFO]	XnProperty.cpp	151	Property Image1.RequiredDataSize was changed to 230400.
11837520	[INFO]	XnDeviceBase.cpp	1458	Stream 'Image1' was initialized.
11837541	[INFO]	XnDeviceBase.cpp	1463	'Image1' stream was created.
11837673	[INFO]	XnProperty.cpp	74	Setting Image1.InputFormat to 6...
11837712	[INFO]	XnProperty.cpp	151	Property Image1.InputFormat was changed to 6.
11837733	[INFO]	XnProperty.cpp	101	Image1.InputFormat was successfully set.
11838337	[INFO]	XnDeviceModule.cpp	431	Module 'Image1' configuration was loaded from file.
11838451	[INFO]	XnProperty.cpp	74	Setting Image1.FPS to 30...
11838475	[INFO]	XnProperty.cpp	86	Image1.FPS value did not change.
11838496	[INFO]	XnProperty.cpp	74	Setting Image1.YRes to 480...
11838513	[INFO]	XnProperty.cpp	151	Property Image1.Resolution was changed to 1.
11838531	[INFO]	XnProperty.cpp	151	Property Image1.XRes was changed to 640.
11838549	[INFO]	XnProperty.cpp	151	Property Image1.RequiredDataSize was changed to 460800.
11838569	[INFO]	XnProperty.cpp	151	Property Image1.YRes was changed to 480.
11838597	[INFO]	XnProperty.cpp	151	Property Image1.RequiredDataSize was changed to 921600.
11838618	[INFO]	XnProperty.cpp	101	Image1.YRes was successfully set.
11838637	[INFO]	XnProperty.cpp	74	Setting Image1.XRes to 640...
11838653	[INFO]	XnProperty.cpp	86	Image1.XRes value did not change.
11839740	[INFO]	XnUSBLinux-x86.cpp	1222	USB read thread was started.
11839796	[INFO]	XnProperty.cpp	151	Property Image1.ActualReadData was changed to 1.
11883788	[WARNING]	XnFrameStreamProcessor.cpp	140	Depth Frame Buffer overflow! current size: 612768
11883834	[WARNING]	XnFrameStreamProcessor.cpp	132	Depth frame is corrupt!
11915782	[WARNING]	XnDepthProcessor.cpp	133	Read: Depth buffer is corrupt. Size is 612768 (!= 614400)
12023855	[WARNING]	XnFrameStreamProcessor.cpp	140	Depth Frame Buffer overflow! current size: 612768
12023903	[WARNING]	XnFrameStreamProcessor.cpp	132	Depth frame is corrupt!
12047788	[WARNING]	XnDepthProcessor.cpp	133	Read: Depth buffer is corrupt. Size is 612768 (!= 614400)
15040336	[INFO]	XnProperty.cpp	151	Property Image1.State was changed to 1.
15040379	[INFO]	XnDeviceBase.cpp	370	Stream Image1 is open.
15040570	[INFO]	XnProperty.cpp	74	Setting Depth1.Registration to 1...
15191954	[INFO]	XnProperty.cpp	151	Property Depth1.Registration was changed to 1.
15192011	[INFO]	XnProperty.cpp	101	Depth1.Registration was successfully set.
15192068	[INFO]	XnProperty.cpp	74	Setting Image1.Mirror to 1...
15204489	[INFO]	XnProperty.cpp	151	Property Image1.FirmwareMirror was changed to 1.
15204533	[INFO]	XnProperty.cpp	151	Property Image1.Mirror was changed to 1.
15204549	[INFO]	XnProperty.cpp	101	Image1.Mirror was successfully set.
18613777	[INFO]	XnOpenNI.cpp	1459	Destroying node 'User1'
18621597	[INFO]	XnOpenNI.cpp	1459	Destroying node 'Depth1'
18621689	[INFO]	XnDeviceBase.cpp	1507	Destroying stream 'Depth1'...
18622768	[INFO]	XnOpenNI.cpp	1459	Destroying node 'Image1'
18622801	[INFO]	XnDeviceBase.cpp	1507	Destroying stream 'Image1'...
18623495	[INFO]	XnOpenNI.cpp	1459	Destroying node 'Device1'
