  211869	[INFO]	XnLog.cpp	165	OpenNI version is 1.0.0 (Build 25)-MacOSX (Jan  7 2011 14:20:18)
  211918	[INFO]	XnLog.cpp	173	Log system initialized. Console: 1, File: 1, Severity: INFO, Masks: ALL
  211950	[INFO]	XnLog.cpp	173	Log system initialized. Console: 1, File: 1, Severity: INFO, Masks: ALL
  234303	[INFO]	XnUSBLinux-x86.cpp	98	USB is initialized.
 4658090	[INFO]	XnOpenNI.cpp	1261	Creating node 'Device1' of type Device...
 4771010	[INFO]	XnDeviceModule.cpp	431	Module 'Device' configuration was loaded from file.
 5216452	[INFO]	XnDeviceSensorIO.cpp	135	Connected to USB device
 5216507	[INFO]	XnProperty.cpp	151	Property Device.USBPath was changed to 045e/02ae@250/10.
 5260551	[INFO]	XnHostProtocol.cpp	825	Hardware versions: FW=5.1.4 (7) HW=4 Chip=2 Sensor=4 SYS=7
 6672472	[INFO]	XnProperty.cpp	151	Property Device.ID was changed to 0.
 6672572	[INFO]	XnSensor.cpp	182	Device sensor initialized
 6672727	[INFO]	XnOpenNI.cpp	1261	Creating node 'Depth1' of type Depth...
 6672778	[INFO]	XnDeviceBase.cpp	1383	Creating stream 'Depth1' of type 'Depth'...
 6672800	[INFO]	XnProperty.cpp	74	Setting Device.ReadData to 1...
 6672838	[INFO]	XnDeviceSensorIO.cpp	298	Endpoints open
 6685307	[INFO]	XnProperty.cpp	151	Property Device.ReadData was changed to 1.
 6685358	[INFO]	XnProperty.cpp	101	Device.ReadData was successfully set.
 6685849	[INFO]	XnProperty.cpp	151	Property Depth1.Resolution was changed to 0.
 6685880	[INFO]	XnProperty.cpp	151	Property Depth1.XRes was changed to 320.
 6685903	[INFO]	XnProperty.cpp	151	Property Depth1.YRes was changed to 240.
 6685926	[INFO]	XnProperty.cpp	151	Property Depth1.FPS was changed to 30.
 6685947	[INFO]	XnProperty.cpp	151	Property Depth1.OutputFormat was changed to 1.
 6685968	[INFO]	XnProperty.cpp	151	Property Depth1.BytesPerPixel was changed to 2.
 6685991	[INFO]	XnProperty.cpp	151	Property Depth1.RequiredDataSize was changed to 153600.
 6686018	[INFO]	XnProperty.cpp	151	Property Depth1.ParamCoeff was changed to 4.
 6686104	[INFO]	XnProperty.cpp	151	Property Depth1.ShiftScale was changed to 10.
 6698736	[INFO]	XnProperty.cpp	151	Property Depth1.ConstShift was changed to 200.
 6698833	[INFO]	XnProperty.cpp	151	Property Depth1.ZPD was changed to 120.
 6698930	[INFO]	XnProperty.cpp	151	Property Depth1.ZPPS was changed to 0.104200.
 6698945	[INFO]	XnProperty.cpp	151	Property Depth1.LDDIS was changed to 7.500000.
 6699036	[INFO]	XnProperty.cpp	151	Property Depth1.Gain was changed to 30.
 6699069	[INFO]	XnDeviceBase.cpp	1458	Stream 'Depth1' was initialized.
 6699083	[INFO]	XnDeviceBase.cpp	1463	'Depth1' stream was created.
 6699255	[INFO]	XnProperty.cpp	74	Setting Depth1.InputFormat to 3...
 6699280	[INFO]	XnProperty.cpp	151	Property Depth1.InputFormat was changed to 3.
 6699294	[INFO]	XnProperty.cpp	101	Depth1.InputFormat was successfully set.
 6699723	[INFO]	XnProperty.cpp	74	Setting Depth1.RegistrationType to 2...
 6699739	[INFO]	XnProperty.cpp	151	Property Depth1.RegistrationType was changed to 2.
 6699751	[INFO]	XnProperty.cpp	101	Depth1.RegistrationType was successfully set.
 6700221	[INFO]	XnDeviceModule.cpp	431	Module 'Depth1' configuration was loaded from file.
 6700453	[INFO]	XnProperty.cpp	74	Setting Depth1.FPS to 30...
 6700476	[INFO]	XnProperty.cpp	86	Depth1.FPS value did not change.
 6700495	[INFO]	XnProperty.cpp	74	Setting Depth1.YRes to 480...
 6700514	[INFO]	XnProperty.cpp	151	Property Depth1.Resolution was changed to 1.
 6700535	[INFO]	XnProperty.cpp	151	Property Depth1.XRes was changed to 640.
 6700553	[INFO]	XnProperty.cpp	151	Property Depth1.RequiredDataSize was changed to 307200.
 6700573	[INFO]	XnProperty.cpp	151	Property Depth1.YRes was changed to 480.
 6700591	[INFO]	XnProperty.cpp	151	Property Depth1.RequiredDataSize was changed to 614400.
 6700609	[INFO]	XnProperty.cpp	101	Depth1.YRes was successfully set.
 6700627	[INFO]	XnProperty.cpp	74	Setting Depth1.XRes to 640...
 6700644	[INFO]	XnProperty.cpp	86	Depth1.XRes value did not change.
 6700705	[INFO]	XnProperty.cpp	74	Setting Depth1.Mirror to 1...
 6700728	[INFO]	XnProperty.cpp	151	Property Depth1.FirmwareMirror was changed to 1.
 6700787	[INFO]	XnProperty.cpp	151	Property Depth1.Mirror was changed to 1.
 6700806	[INFO]	XnProperty.cpp	101	Depth1.Mirror was successfully set.
10128716	[INFO]	XnOpenNI.cpp	1261	Creating node 'User1' of type User...
10599075	[WARNING]	Linux-x86Threads.cpp	173	Failed to set thread priority: Invalid argument
10599127	[WARNING]	XnUSBLinux-x86.cpp	126	USB events thread: Failed to set thread priority to critical. This might cause loss of data...
10600580	[INFO]	XnUSBLinux-x86.cpp	1222	USB read thread was started.
10600628	[INFO]	XnProperty.cpp	151	Property Depth1.ActualReadData was changed to 1.
11075174	[INFO]	XnProperty.cpp	151	Property Depth1.State was changed to 1.
11075217	[INFO]	XnDeviceBase.cpp	370	Stream Depth1 is open.
14432740	[INFO]	XnOpenNI.cpp	1261	Creating node 'Image1' of type Image...
14432802	[INFO]	XnDeviceBase.cpp	1383	Creating stream 'Image1' of type 'Image'...
14448542	[INFO]	XnProperty.cpp	151	Property Image1.Resolution was changed to 0.
14448587	[INFO]	XnProperty.cpp	151	Property Image1.XRes was changed to 320.
14448601	[INFO]	XnProperty.cpp	151	Property Image1.YRes was changed to 240.
14448613	[INFO]	XnProperty.cpp	151	Property Image1.FPS was changed to 30.
14448624	[INFO]	XnProperty.cpp	151	Property Image1.OutputFormat was changed to 5.
14448636	[INFO]	XnProperty.cpp	151	Property Image1.BytesPerPixel was changed to 3.
14448647	[INFO]	XnProperty.cpp	151	Property Image1.RequiredDataSize was changed to 230400.
14448686	[INFO]	XnDeviceBase.cpp	1458	Stream 'Image1' was initialized.
14448710	[INFO]	XnDeviceBase.cpp	1463	'Image1' stream was created.
14448848	[INFO]	XnProperty.cpp	74	Setting Image1.InputFormat to 6...
14448880	[INFO]	XnProperty.cpp	151	Property Image1.InputFormat was changed to 6.
14448902	[INFO]	XnProperty.cpp	101	Image1.InputFormat was successfully set.
14449516	[INFO]	XnDeviceModule.cpp	431	Module 'Image1' configuration was loaded from file.
14449655	[INFO]	XnProperty.cpp	74	Setting Image1.FPS to 30...
14449680	[INFO]	XnProperty.cpp	86	Image1.FPS value did not change.
14449702	[INFO]	XnProperty.cpp	74	Setting Image1.YRes to 480...
14449725	[INFO]	XnProperty.cpp	151	Property Image1.Resolution was changed to 1.
14449747	[INFO]	XnProperty.cpp	151	Property Image1.XRes was changed to 640.
14449769	[INFO]	XnProperty.cpp	151	Property Image1.RequiredDataSize was changed to 460800.
14449793	[INFO]	XnProperty.cpp	151	Property Image1.YRes was changed to 480.
14449815	[INFO]	XnProperty.cpp	151	Property Image1.RequiredDataSize was changed to 921600.
14449840	[INFO]	XnProperty.cpp	101	Image1.YRes was successfully set.
14449865	[INFO]	XnProperty.cpp	74	Setting Image1.XRes to 640...
14449888	[INFO]	XnProperty.cpp	86	Image1.XRes value did not change.
14450987	[INFO]	XnUSBLinux-x86.cpp	1222	USB read thread was started.
14451032	[INFO]	XnProperty.cpp	151	Property Image1.ActualReadData was changed to 1.
14508619	[WARNING]	XnDepthProcessor.cpp	133	Read: Depth buffer is corrupt. Size is 596704 (!= 614400)
14508665	[WARNING]	XnFrameStreamProcessor.cpp	132	Depth frame is corrupt!
14616598	[WARNING]	XnFirmwareStreams.cpp	324	Unknown packet type (0x4949)!!!
14640651	[WARNING]	XnDepthProcessor.cpp	133	Read: Depth buffer is corrupt. Size is 557872 (!= 614400)
14640700	[WARNING]	XnFrameStreamProcessor.cpp	132	Depth frame is corrupt!
17652700	[INFO]	XnProperty.cpp	151	Property Image1.State was changed to 1.
17652966	[INFO]	XnDeviceBase.cpp	370	Stream Image1 is open.
17668556	[INFO]	XnProperty.cpp	74	Setting Depth1.Registration to 1...
17713769	[WARNING]	XnDepthProcessor.cpp	133	Read: Depth buffer is corrupt. Size is 589984 (!= 614400)
17713820	[WARNING]	XnFrameStreamProcessor.cpp	132	Depth frame is corrupt!
17972402	[INFO]	XnProperty.cpp	151	Property Depth1.Registration was changed to 1.
17972445	[INFO]	XnProperty.cpp	101	Depth1.Registration was successfully set.
17972494	[INFO]	XnProperty.cpp	74	Setting Image1.Mirror to 1...
17985027	[INFO]	XnProperty.cpp	151	Property Image1.FirmwareMirror was changed to 1.
17985131	[INFO]	XnProperty.cpp	151	Property Image1.Mirror was changed to 1.
17985152	[INFO]	XnProperty.cpp	101	Image1.Mirror was successfully set.
31930260	[INFO]	XnOpenNI.cpp	1459	Destroying node 'User1'
31947949	[INFO]	XnOpenNI.cpp	1459	Destroying node 'Depth1'
31962039	[INFO]	XnDeviceBase.cpp	1507	Destroying stream 'Depth1'...
31978880	[INFO]	XnOpenNI.cpp	1459	Destroying node 'Image1'
31978948	[INFO]	XnDeviceBase.cpp	1507	Destroying stream 'Image1'...
31981571	[INFO]	XnOpenNI.cpp	1459	Destroying node 'Device1'
