    1876	[INFO]	XnLog.cpp	165	OpenNI version is 1.0.0 (Build 25)-MacOSX (Jan  7 2011 14:20:18)
    1934	[INFO]	XnLog.cpp	173	Log system initialized. Console: 1, File: 1, Severity: INFO, Masks: ALL
    1968	[INFO]	XnLog.cpp	173	Log system initialized. Console: 1, File: 1, Severity: INFO, Masks: ALL
    3382	[INFO]	XnUSBLinux-x86.cpp	98	USB is initialized.
 4734172	[INFO]	XnOpenNI.cpp	1261	Creating node 'Device1' of type Device...
 4769198	[INFO]	XnDeviceModule.cpp	431	Module 'Device' configuration was loaded from file.
 5433879	[INFO]	XnDeviceSensorIO.cpp	135	Connected to USB device
 5433947	[INFO]	XnProperty.cpp	151	Property Device.USBPath was changed to 045e/02ae@250/10.
 5442358	[INFO]	XnHostProtocol.cpp	825	Hardware versions: FW=5.1.4 (7) HW=4 Chip=2 Sensor=4 SYS=7
 6850900	[INFO]	XnProperty.cpp	151	Property Device.ID was changed to 0.
 6850983	[INFO]	XnSensor.cpp	182	Device sensor initialized
 6851084	[INFO]	XnOpenNI.cpp	1261	Creating node 'Depth1' of type Depth...
 6851134	[INFO]	XnDeviceBase.cpp	1383	Creating stream 'Depth1' of type 'Depth'...
 6851158	[INFO]	XnProperty.cpp	74	Setting Device.ReadData to 1...
 6851197	[INFO]	XnDeviceSensorIO.cpp	298	Endpoints open
 6863610	[INFO]	XnProperty.cpp	151	Property Device.ReadData was changed to 1.
 6863649	[INFO]	XnProperty.cpp	101	Device.ReadData was successfully set.
 6863979	[INFO]	XnProperty.cpp	151	Property Depth1.Resolution was changed to 0.
 6863999	[INFO]	XnProperty.cpp	151	Property Depth1.XRes was changed to 320.
 6864013	[INFO]	XnProperty.cpp	151	Property Depth1.YRes was changed to 240.
 6864025	[INFO]	XnProperty.cpp	151	Property Depth1.FPS was changed to 30.
 6864036	[INFO]	XnProperty.cpp	151	Property Depth1.OutputFormat was changed to 1.
 6864047	[INFO]	XnProperty.cpp	151	Property Depth1.BytesPerPixel was changed to 2.
 6864059	[INFO]	XnProperty.cpp	151	Property Depth1.RequiredDataSize was changed to 153600.
 6864075	[INFO]	XnProperty.cpp	151	Property Depth1.ParamCoeff was changed to 4.
 6864133	[INFO]	XnProperty.cpp	151	Property Depth1.ShiftScale was changed to 10.
 6876692	[INFO]	XnProperty.cpp	151	Property Depth1.ConstShift was changed to 200.
 6876787	[INFO]	XnProperty.cpp	151	Property Depth1.ZPD was changed to 120.
 6876896	[INFO]	XnProperty.cpp	151	Property Depth1.ZPPS was changed to 0.104200.
 6876916	[INFO]	XnProperty.cpp	151	Property Depth1.LDDIS was changed to 7.500000.
 6877028	[INFO]	XnProperty.cpp	151	Property Depth1.Gain was changed to 30.
 6877065	[INFO]	XnDeviceBase.cpp	1458	Stream 'Depth1' was initialized.
 6877086	[INFO]	XnDeviceBase.cpp	1463	'Depth1' stream was created.
 6877251	[INFO]	XnProperty.cpp	74	Setting Depth1.InputFormat to 3...
 6877276	[INFO]	XnProperty.cpp	151	Property Depth1.InputFormat was changed to 3.
 6877295	[INFO]	XnProperty.cpp	101	Depth1.InputFormat was successfully set.
 6877800	[INFO]	XnProperty.cpp	74	Setting Depth1.RegistrationType to 2...
 6877821	[INFO]	XnProperty.cpp	151	Property Depth1.RegistrationType was changed to 2.
 6877833	[INFO]	XnProperty.cpp	101	Depth1.RegistrationType was successfully set.
 6878301	[INFO]	XnDeviceModule.cpp	431	Module 'Depth1' configuration was loaded from file.
 6878462	[INFO]	XnProperty.cpp	74	Setting Depth1.FPS to 30...
 6878479	[INFO]	XnProperty.cpp	86	Depth1.FPS value did not change.
 6878491	[INFO]	XnProperty.cpp	74	Setting Depth1.YRes to 480...
 6878506	[INFO]	XnProperty.cpp	151	Property Depth1.Resolution was changed to 1.
 6878520	[INFO]	XnProperty.cpp	151	Property Depth1.XRes was changed to 640.
 6878532	[INFO]	XnProperty.cpp	151	Property Depth1.RequiredDataSize was changed to 307200.
 6878547	[INFO]	XnProperty.cpp	151	Property Depth1.YRes was changed to 480.
 6878559	[INFO]	XnProperty.cpp	151	Property Depth1.RequiredDataSize was changed to 614400.
 6878572	[INFO]	XnProperty.cpp	101	Depth1.YRes was successfully set.
 6878584	[INFO]	XnProperty.cpp	74	Setting Depth1.XRes to 640...
 6878596	[INFO]	XnProperty.cpp	86	Depth1.XRes value did not change.
 6878637	[INFO]	XnProperty.cpp	74	Setting Depth1.Mirror to 1...
 6878652	[INFO]	XnProperty.cpp	151	Property Depth1.FirmwareMirror was changed to 1.
 6878698	[INFO]	XnProperty.cpp	151	Property Depth1.Mirror was changed to 1.
 6878710	[INFO]	XnProperty.cpp	101	Depth1.Mirror was successfully set.
12365005	[INFO]	XnOpenNI.cpp	1261	Creating node 'User1' of type User...
12394268	[WARNING]	Linux-x86Threads.cpp	173	Failed to set thread priority: Invalid argument
12394319	[WARNING]	XnUSBLinux-x86.cpp	126	USB events thread: Failed to set thread priority to critical. This might cause loss of data...
12395250	[INFO]	XnUSBLinux-x86.cpp	1222	USB read thread was started.
12395288	[INFO]	XnProperty.cpp	151	Property Depth1.ActualReadData was changed to 1.
12866855	[INFO]	XnProperty.cpp	151	Property Depth1.State was changed to 1.
12866897	[INFO]	XnDeviceBase.cpp	370	Stream Depth1 is open.
18010238	[INFO]	XnOpenNI.cpp	1261	Creating node 'Image1' of type Image...
18010307	[INFO]	XnDeviceBase.cpp	1383	Creating stream 'Image1' of type 'Image'...
18010573	[INFO]	XnProperty.cpp	151	Property Image1.Resolution was changed to 0.
18010600	[INFO]	XnProperty.cpp	151	Property Image1.XRes was changed to 320.
18010622	[INFO]	XnProperty.cpp	151	Property Image1.YRes was changed to 240.
18010643	[INFO]	XnProperty.cpp	151	Property Image1.FPS was changed to 30.
18010660	[INFO]	XnProperty.cpp	151	Property Image1.OutputFormat was changed to 5.
18010679	[INFO]	XnProperty.cpp	151	Property Image1.BytesPerPixel was changed to 3.
18010700	[INFO]	XnProperty.cpp	151	Property Image1.RequiredDataSize was changed to 230400.
18010741	[INFO]	XnDeviceBase.cpp	1458	Stream 'Image1' was initialized.
18010762	[INFO]	XnDeviceBase.cpp	1463	'Image1' stream was created.
18010903	[INFO]	XnProperty.cpp	74	Setting Image1.InputFormat to 6...
18010932	[INFO]	XnProperty.cpp	151	Property Image1.InputFormat was changed to 6.
18010952	[INFO]	XnProperty.cpp	101	Image1.InputFormat was successfully set.
18011601	[INFO]	XnDeviceModule.cpp	431	Module 'Image1' configuration was loaded from file.
18011720	[INFO]	XnProperty.cpp	74	Setting Image1.FPS to 30...
18011744	[INFO]	XnProperty.cpp	86	Image1.FPS value did not change.
18011766	[INFO]	XnProperty.cpp	74	Setting Image1.YRes to 480...
18011785	[INFO]	XnProperty.cpp	151	Property Image1.Resolution was changed to 1.
18011808	[INFO]	XnProperty.cpp	151	Property Image1.XRes was changed to 640.
18011830	[INFO]	XnProperty.cpp	151	Property Image1.RequiredDataSize was changed to 460800.
18011855	[INFO]	XnProperty.cpp	151	Property Image1.YRes was changed to 480.
18011878	[INFO]	XnProperty.cpp	151	Property Image1.RequiredDataSize was changed to 921600.
18011901	[INFO]	XnProperty.cpp	101	Image1.YRes was successfully set.
18011924	[INFO]	XnProperty.cpp	74	Setting Image1.XRes to 640...
18011942	[INFO]	XnProperty.cpp	86	Image1.XRes value did not change.
18013020	[INFO]	XnUSBLinux-x86.cpp	1222	USB read thread was started.
18013053	[INFO]	XnProperty.cpp	151	Property Image1.ActualReadData was changed to 1.
18170730	[WARNING]	XnDepthProcessor.cpp	133	Read: Depth buffer is corrupt. Size is 610624 (!= 614400)
18170777	[WARNING]	XnFrameStreamProcessor.cpp	132	Depth frame is corrupt!
18202746	[WARNING]	XnDepthProcessor.cpp	133	Read: Depth buffer is corrupt. Size is 526496 (!= 614400)
18202791	[WARNING]	XnFrameStreamProcessor.cpp	132	Depth frame is corrupt!
21106729	[WARNING]	XnDepthProcessor.cpp	133	Read: Depth buffer is corrupt. Size is 586816 (!= 614400)
21106778	[WARNING]	XnFrameStreamProcessor.cpp	132	Depth frame is corrupt!
21213875	[INFO]	XnProperty.cpp	151	Property Image1.State was changed to 1.
21213918	[INFO]	XnDeviceBase.cpp	370	Stream Image1 is open.
21214094	[INFO]	XnProperty.cpp	74	Setting Depth1.Registration to 1...
21365751	[INFO]	XnProperty.cpp	151	Property Depth1.Registration was changed to 1.
21365794	[INFO]	XnProperty.cpp	101	Depth1.Registration was successfully set.
21365842	[INFO]	XnProperty.cpp	74	Setting Image1.Mirror to 1...
21378775	[INFO]	XnProperty.cpp	151	Property Image1.FirmwareMirror was changed to 1.
21378821	[INFO]	XnProperty.cpp	151	Property Image1.Mirror was changed to 1.
21378834	[INFO]	XnProperty.cpp	101	Image1.Mirror was successfully set.
43012910	[INFO]	XnOpenNI.cpp	1459	Destroying node 'User1'
43020757	[INFO]	XnOpenNI.cpp	1459	Destroying node 'Depth1'
43020848	[INFO]	XnDeviceBase.cpp	1507	Destroying stream 'Depth1'...
43022536	[INFO]	XnOpenNI.cpp	1459	Destroying node 'Image1'
43022611	[INFO]	XnDeviceBase.cpp	1507	Destroying stream 'Image1'...
43023646	[INFO]	XnOpenNI.cpp	1459	Destroying node 'Device1'
