    1815	[INFO]	XnLog.cpp	165	OpenNI version is 1.0.0 (Build 25)-MacOSX (Jan  7 2011 14:20:18)
    1877	[INFO]	XnLog.cpp	173	Log system initialized. Console: 1, File: 1, Severity: INFO, Masks: ALL
    1920	[INFO]	XnLog.cpp	173	Log system initialized. Console: 1, File: 1, Severity: INFO, Masks: ALL
    3639	[INFO]	XnUSBLinux-x86.cpp	98	USB is initialized.
 4485316	[INFO]	XnOpenNI.cpp	1261	Creating node 'Device1' of type Device...
 4486323	[INFO]	XnDeviceModule.cpp	431	Module 'Device' configuration was loaded from file.
 5154025	[INFO]	XnDeviceSensorIO.cpp	135	Connected to USB device
 5154083	[INFO]	XnProperty.cpp	151	Property Device.USBPath was changed to 045e/02ae@250/10.
 5162054	[INFO]	XnHostProtocol.cpp	825	Hardware versions: FW=5.1.4 (7) HW=4 Chip=2 Sensor=4 SYS=7
 6571655	[INFO]	XnProperty.cpp	151	Property Device.ID was changed to 0.
 6571735	[INFO]	XnSensor.cpp	182	Device sensor initialized
 6571828	[INFO]	XnOpenNI.cpp	1261	Creating node 'Depth1' of type Depth...
 6571875	[INFO]	XnDeviceBase.cpp	1383	Creating stream 'Depth1' of type 'Depth'...
 6571902	[INFO]	XnProperty.cpp	74	Setting Device.ReadData to 1...
 6571943	[INFO]	XnDeviceSensorIO.cpp	298	Endpoints open
 6584256	[INFO]	XnProperty.cpp	151	Property Device.ReadData was changed to 1.
 6584318	[INFO]	XnProperty.cpp	101	Device.ReadData was successfully set.
 6585155	[INFO]	XnProperty.cpp	151	Property Depth1.Resolution was changed to 0.
 6585210	[INFO]	XnProperty.cpp	151	Property Depth1.XRes was changed to 320.
 6585255	[INFO]	XnProperty.cpp	151	Property Depth1.YRes was changed to 240.
 6585295	[INFO]	XnProperty.cpp	151	Property Depth1.FPS was changed to 30.
 6585332	[INFO]	XnProperty.cpp	151	Property Depth1.OutputFormat was changed to 1.
 6585369	[INFO]	XnProperty.cpp	151	Property Depth1.BytesPerPixel was changed to 2.
 6585406	[INFO]	XnProperty.cpp	151	Property Depth1.RequiredDataSize was changed to 153600.
 6585452	[INFO]	XnProperty.cpp	151	Property Depth1.ParamCoeff was changed to 4.
 6585615	[INFO]	XnProperty.cpp	151	Property Depth1.ShiftScale was changed to 10.
 6598298	[INFO]	XnProperty.cpp	151	Property Depth1.ConstShift was changed to 200.
 6598434	[INFO]	XnProperty.cpp	151	Property Depth1.ZPD was changed to 120.
 6598577	[INFO]	XnProperty.cpp	151	Property Depth1.ZPPS was changed to 0.104200.
 6598609	[INFO]	XnProperty.cpp	151	Property Depth1.LDDIS was changed to 7.500000.
 6598760	[INFO]	XnProperty.cpp	151	Property Depth1.Gain was changed to 30.
 6598823	[INFO]	XnDeviceBase.cpp	1458	Stream 'Depth1' was initialized.
 6598854	[INFO]	XnDeviceBase.cpp	1463	'Depth1' stream was created.
 6599107	[INFO]	XnProperty.cpp	74	Setting Depth1.InputFormat to 3...
 6599146	[INFO]	XnProperty.cpp	151	Property Depth1.InputFormat was changed to 3.
 6599174	[INFO]	XnProperty.cpp	101	Depth1.InputFormat was successfully set.
 6600092	[INFO]	XnProperty.cpp	74	Setting Depth1.RegistrationType to 2...
 6600124	[INFO]	XnProperty.cpp	151	Property Depth1.RegistrationType was changed to 2.
 6600147	[INFO]	XnProperty.cpp	101	Depth1.RegistrationType was successfully set.
 6600958	[INFO]	XnDeviceModule.cpp	431	Module 'Depth1' configuration was loaded from file.
 6601232	[INFO]	XnProperty.cpp	74	Setting Depth1.FPS to 30...
 6601263	[INFO]	XnProperty.cpp	86	Depth1.FPS value did not change.
 6601286	[INFO]	XnProperty.cpp	74	Setting Depth1.YRes to 480...
 6601311	[INFO]	XnProperty.cpp	151	Property Depth1.Resolution was changed to 1.
 6601336	[INFO]	XnProperty.cpp	151	Property Depth1.XRes was changed to 640.
 6601360	[INFO]	XnProperty.cpp	151	Property Depth1.RequiredDataSize was changed to 307200.
 6601385	[INFO]	XnProperty.cpp	151	Property Depth1.YRes was changed to 480.
 6601407	[INFO]	XnProperty.cpp	151	Property Depth1.RequiredDataSize was changed to 614400.
 6601431	[INFO]	XnProperty.cpp	101	Depth1.YRes was successfully set.
 6601454	[INFO]	XnProperty.cpp	74	Setting Depth1.XRes to 640...
 6601473	[INFO]	XnProperty.cpp	86	Depth1.XRes value did not change.
 6601547	[INFO]	XnProperty.cpp	74	Setting Depth1.Mirror to 1...
 6601575	[INFO]	XnProperty.cpp	151	Property Depth1.FirmwareMirror was changed to 1.
 6601640	[INFO]	XnProperty.cpp	151	Property Depth1.Mirror was changed to 1.
 6601664	[INFO]	XnProperty.cpp	101	Depth1.Mirror was successfully set.
12422678	[INFO]	XnOpenNI.cpp	1261	Creating node 'User1' of type User...
12447162	[WARNING]	Linux-x86Threads.cpp	173	Failed to set thread priority: Invalid argument
12447209	[WARNING]	XnUSBLinux-x86.cpp	126	USB events thread: Failed to set thread priority to critical. This might cause loss of data...
12448127	[INFO]	XnUSBLinux-x86.cpp	1222	USB read thread was started.
12448157	[INFO]	XnProperty.cpp	151	Property Depth1.ActualReadData was changed to 1.
12920863	[INFO]	XnProperty.cpp	151	Property Depth1.State was changed to 1.
12920909	[INFO]	XnDeviceBase.cpp	370	Stream Depth1 is open.
18933336	[INFO]	XnOpenNI.cpp	1261	Creating node 'Image1' of type Image...
18933390	[INFO]	XnDeviceBase.cpp	1383	Creating stream 'Image1' of type 'Image'...
18933605	[INFO]	XnProperty.cpp	151	Property Image1.Resolution was changed to 0.
18933631	[INFO]	XnProperty.cpp	151	Property Image1.XRes was changed to 320.
18933651	[INFO]	XnProperty.cpp	151	Property Image1.YRes was changed to 240.
18933669	[INFO]	XnProperty.cpp	151	Property Image1.FPS was changed to 30.
18933686	[INFO]	XnProperty.cpp	151	Property Image1.OutputFormat was changed to 5.
18933704	[INFO]	XnProperty.cpp	151	Property Image1.BytesPerPixel was changed to 3.
18933722	[INFO]	XnProperty.cpp	151	Property Image1.RequiredDataSize was changed to 230400.
18933771	[INFO]	XnDeviceBase.cpp	1458	Stream 'Image1' was initialized.
18933793	[INFO]	XnDeviceBase.cpp	1463	'Image1' stream was created.
18933924	[INFO]	XnProperty.cpp	74	Setting Image1.InputFormat to 6...
18933954	[INFO]	XnProperty.cpp	151	Property Image1.InputFormat was changed to 6.
18933974	[INFO]	XnProperty.cpp	101	Image1.InputFormat was successfully set.
18934588	[INFO]	XnDeviceModule.cpp	431	Module 'Image1' configuration was loaded from file.
18934701	[INFO]	XnProperty.cpp	74	Setting Image1.FPS to 30...
18934724	[INFO]	XnProperty.cpp	86	Image1.FPS value did not change.
18934746	[INFO]	XnProperty.cpp	74	Setting Image1.YRes to 480...
18934770	[INFO]	XnProperty.cpp	151	Property Image1.Resolution was changed to 1.
18934792	[INFO]	XnProperty.cpp	151	Property Image1.XRes was changed to 640.
18934814	[INFO]	XnProperty.cpp	151	Property Image1.RequiredDataSize was changed to 460800.
18934838	[INFO]	XnProperty.cpp	151	Property Image1.YRes was changed to 480.
18934862	[INFO]	XnProperty.cpp	151	Property Image1.RequiredDataSize was changed to 921600.
18934886	[INFO]	XnProperty.cpp	101	Image1.YRes was successfully set.
18934910	[INFO]	XnProperty.cpp	74	Setting Image1.XRes to 640...
18934930	[INFO]	XnProperty.cpp	86	Image1.XRes value did not change.
18936057	[INFO]	XnUSBLinux-x86.cpp	1222	USB read thread was started.
18936105	[INFO]	XnProperty.cpp	151	Property Image1.ActualReadData was changed to 1.
19125339	[WARNING]	XnDepthProcessor.cpp	133	Read: Depth buffer is corrupt. Size is 551744 (!= 614400)
19125387	[WARNING]	XnFrameStreamProcessor.cpp	132	Depth frame is corrupt!
22029835	[WARNING]	XnDepthProcessor.cpp	133	Read: Depth buffer is corrupt. Size is 561808 (!= 614400)
22029881	[WARNING]	XnFrameStreamProcessor.cpp	132	Depth frame is corrupt!
22137668	[INFO]	XnProperty.cpp	151	Property Image1.State was changed to 1.
22137728	[INFO]	XnDeviceBase.cpp	370	Stream Image1 is open.
22137939	[INFO]	XnProperty.cpp	74	Setting Depth1.Registration to 1...
22147827	[WARNING]	XnFirmwareStreams.cpp	324	Unknown packet type (0x404b)!!!
22161869	[WARNING]	XnDepthProcessor.cpp	133	Read: Depth buffer is corrupt. Size is 585616 (!= 614400)
22161915	[WARNING]	XnFrameStreamProcessor.cpp	132	Depth frame is corrupt!
22193872	[WARNING]	XnDepthProcessor.cpp	133	Read: Depth buffer is corrupt. Size is 591200 (!= 614400)
22193919	[WARNING]	XnFrameStreamProcessor.cpp	132	Depth frame is corrupt!
22291289	[INFO]	XnProperty.cpp	151	Property Depth1.Registration was changed to 1.
22291332	[INFO]	XnProperty.cpp	101	Depth1.Registration was successfully set.
22291379	[INFO]	XnProperty.cpp	74	Setting Image1.Mirror to 1...
22303642	[INFO]	XnProperty.cpp	151	Property Image1.FirmwareMirror was changed to 1.
22303736	[INFO]	XnProperty.cpp	151	Property Image1.Mirror was changed to 1.
22303756	[INFO]	XnProperty.cpp	101	Image1.Mirror was successfully set.
28085509	[INFO]	XnOpenNI.cpp	1459	Destroying node 'User1'
28093891	[INFO]	XnOpenNI.cpp	1459	Destroying node 'Depth1'
28093979	[INFO]	XnDeviceBase.cpp	1507	Destroying stream 'Depth1'...
28095219	[INFO]	XnOpenNI.cpp	1459	Destroying node 'Image1'
28095276	[INFO]	XnDeviceBase.cpp	1507	Destroying stream 'Image1'...
28096122	[INFO]	XnOpenNI.cpp	1459	Destroying node 'Device1'
