  115905	[INFO]	XnLog.cpp	165	OpenNI version is 1.0.0 (Build 25)-MacOSX (Jan  7 2011 14:20:18)
  115967	[INFO]	XnLog.cpp	173	Log system initialized. Console: 1, File: 1, Severity: INFO, Masks: ALL
  116001	[INFO]	XnLog.cpp	173	Log system initialized. Console: 1, File: 1, Severity: INFO, Masks: ALL
  117439	[INFO]	XnUSBLinux-x86.cpp	98	USB is initialized.
 4309392	[INFO]	XnOpenNI.cpp	1261	Creating node 'Device1' of type Device...
 4344263	[INFO]	XnDeviceModule.cpp	431	Module 'Device' configuration was loaded from file.
 5016370	[INFO]	XnDeviceSensorIO.cpp	135	Connected to USB device
 5016425	[INFO]	XnProperty.cpp	151	Property Device.USBPath was changed to 045e/02ae@250/10.
 5024208	[INFO]	XnHostProtocol.cpp	825	Hardware versions: FW=5.1.4 (7) HW=4 Chip=2 Sensor=4 SYS=7
 6433990	[INFO]	XnProperty.cpp	151	Property Device.ID was changed to 0.
 6434070	[INFO]	XnSensor.cpp	182	Device sensor initialized
 6434155	[INFO]	XnOpenNI.cpp	1261	Creating node 'Depth1' of type Depth...
 6434193	[INFO]	XnDeviceBase.cpp	1383	Creating stream 'Depth1' of type 'Depth'...
 6434216	[INFO]	XnProperty.cpp	74	Setting Device.ReadData to 1...
 6434258	[INFO]	XnDeviceSensorIO.cpp	298	Endpoints open
 6446379	[INFO]	XnProperty.cpp	151	Property Device.ReadData was changed to 1.
 6446422	[INFO]	XnProperty.cpp	101	Device.ReadData was successfully set.
 6446834	[INFO]	XnProperty.cpp	151	Property Depth1.Resolution was changed to 0.
 6446861	[INFO]	XnProperty.cpp	151	Property Depth1.XRes was changed to 320.
 6446885	[INFO]	XnProperty.cpp	151	Property Depth1.YRes was changed to 240.
 6446904	[INFO]	XnProperty.cpp	151	Property Depth1.FPS was changed to 30.
 6446921	[INFO]	XnProperty.cpp	151	Property Depth1.OutputFormat was changed to 1.
 6446937	[INFO]	XnProperty.cpp	151	Property Depth1.BytesPerPixel was changed to 2.
 6446955	[INFO]	XnProperty.cpp	151	Property Depth1.RequiredDataSize was changed to 153600.
 6446976	[INFO]	XnProperty.cpp	151	Property Depth1.ParamCoeff was changed to 4.
 6447049	[INFO]	XnProperty.cpp	151	Property Depth1.ShiftScale was changed to 10.
 6459743	[INFO]	XnProperty.cpp	151	Property Depth1.ConstShift was changed to 200.
 6459840	[INFO]	XnProperty.cpp	151	Property Depth1.ZPD was changed to 120.
 6459938	[INFO]	XnProperty.cpp	151	Property Depth1.ZPPS was changed to 0.104200.
 6459953	[INFO]	XnProperty.cpp	151	Property Depth1.LDDIS was changed to 7.500000.
 6460049	[INFO]	XnProperty.cpp	151	Property Depth1.Gain was changed to 30.
 6460083	[INFO]	XnDeviceBase.cpp	1458	Stream 'Depth1' was initialized.
 6460098	[INFO]	XnDeviceBase.cpp	1463	'Depth1' stream was created.
 6460259	[INFO]	XnProperty.cpp	74	Setting Depth1.InputFormat to 3...
 6460281	[INFO]	XnProperty.cpp	151	Property Depth1.InputFormat was changed to 3.
 6460294	[INFO]	XnProperty.cpp	101	Depth1.InputFormat was successfully set.
 6460739	[INFO]	XnProperty.cpp	74	Setting Depth1.RegistrationType to 2...
 6460756	[INFO]	XnProperty.cpp	151	Property Depth1.RegistrationType was changed to 2.
 6460768	[INFO]	XnProperty.cpp	101	Depth1.RegistrationType was successfully set.
 6461229	[INFO]	XnDeviceModule.cpp	431	Module 'Depth1' configuration was loaded from file.
 6461436	[INFO]	XnProperty.cpp	74	Setting Depth1.FPS to 30...
 6461454	[INFO]	XnProperty.cpp	86	Depth1.FPS value did not change.
 6461465	[INFO]	XnProperty.cpp	74	Setting Depth1.YRes to 480...
 6461481	[INFO]	XnProperty.cpp	151	Property Depth1.Resolution was changed to 1.
 6461495	[INFO]	XnProperty.cpp	151	Property Depth1.XRes was changed to 640.
 6461507	[INFO]	XnProperty.cpp	151	Property Depth1.RequiredDataSize was changed to 307200.
 6461523	[INFO]	XnProperty.cpp	151	Property Depth1.YRes was changed to 480.
 6461534	[INFO]	XnProperty.cpp	151	Property Depth1.RequiredDataSize was changed to 614400.
 6461546	[INFO]	XnProperty.cpp	101	Depth1.YRes was successfully set.
 6461557	[INFO]	XnProperty.cpp	74	Setting Depth1.XRes to 640...
 6461569	[INFO]	XnProperty.cpp	86	Depth1.XRes value did not change.
 6461612	[INFO]	XnProperty.cpp	74	Setting Depth1.Mirror to 1...
 6461627	[INFO]	XnProperty.cpp	151	Property Depth1.FirmwareMirror was changed to 1.
 6461674	[INFO]	XnProperty.cpp	151	Property Depth1.Mirror was changed to 1.
 6461686	[INFO]	XnProperty.cpp	101	Depth1.Mirror was successfully set.
12080041	[INFO]	XnOpenNI.cpp	1261	Creating node 'User1' of type User...
12299679	[WARNING]	Linux-x86Threads.cpp	173	Failed to set thread priority: Invalid argument
12299738	[WARNING]	XnUSBLinux-x86.cpp	126	USB events thread: Failed to set thread priority to critical. This might cause loss of data...
12300891	[INFO]	XnUSBLinux-x86.cpp	1222	USB read thread was started.
12300940	[INFO]	XnProperty.cpp	151	Property Depth1.ActualReadData was changed to 1.
12773346	[INFO]	XnProperty.cpp	151	Property Depth1.State was changed to 1.
12773388	[INFO]	XnDeviceBase.cpp	370	Stream Depth1 is open.
18778565	[INFO]	XnOpenNI.cpp	1261	Creating node 'Image1' of type Image...
18778616	[INFO]	XnDeviceBase.cpp	1383	Creating stream 'Image1' of type 'Image'...
18778800	[INFO]	XnProperty.cpp	151	Property Image1.Resolution was changed to 0.
18778819	[INFO]	XnProperty.cpp	151	Property Image1.XRes was changed to 320.
18778832	[INFO]	XnProperty.cpp	151	Property Image1.YRes was changed to 240.
18778844	[INFO]	XnProperty.cpp	151	Property Image1.FPS was changed to 30.
18778856	[INFO]	XnProperty.cpp	151	Property Image1.OutputFormat was changed to 5.
18778868	[INFO]	XnProperty.cpp	151	Property Image1.BytesPerPixel was changed to 3.
18778881	[INFO]	XnProperty.cpp	151	Property Image1.RequiredDataSize was changed to 230400.
18778909	[INFO]	XnDeviceBase.cpp	1458	Stream 'Image1' was initialized.
18778923	[INFO]	XnDeviceBase.cpp	1463	'Image1' stream was created.
18779027	[INFO]	XnProperty.cpp	74	Setting Image1.InputFormat to 6...
18779048	[INFO]	XnProperty.cpp	151	Property Image1.InputFormat was changed to 6.
18779061	[INFO]	XnProperty.cpp	101	Image1.InputFormat was successfully set.
18779497	[INFO]	XnDeviceModule.cpp	431	Module 'Image1' configuration was loaded from file.
18779606	[INFO]	XnProperty.cpp	74	Setting Image1.FPS to 30...
18779628	[INFO]	XnProperty.cpp	86	Image1.FPS value did not change.
18779644	[INFO]	XnProperty.cpp	74	Setting Image1.YRes to 480...
18779662	[INFO]	XnProperty.cpp	151	Property Image1.Resolution was changed to 1.
18779680	[INFO]	XnProperty.cpp	151	Property Image1.XRes was changed to 640.
18779697	[INFO]	XnProperty.cpp	151	Property Image1.RequiredDataSize was changed to 460800.
18779716	[INFO]	XnProperty.cpp	151	Property Image1.YRes was changed to 480.
18779734	[INFO]	XnProperty.cpp	151	Property Image1.RequiredDataSize was changed to 921600.
18779753	[INFO]	XnProperty.cpp	101	Image1.YRes was successfully set.
18779771	[INFO]	XnProperty.cpp	74	Setting Image1.XRes to 640...
18779786	[INFO]	XnProperty.cpp	86	Image1.XRes value did not change.
18780887	[INFO]	XnUSBLinux-x86.cpp	1222	USB read thread was started.
18780942	[INFO]	XnProperty.cpp	151	Property Image1.ActualReadData was changed to 1.
18945469	[WARNING]	XnFirmwareStreams.cpp	324	Unknown packet type (0x4948)!!!
18949514	[WARNING]	XnFrameStreamProcessor.cpp	140	Depth Frame Buffer overflow! current size: 612768
18949560	[WARNING]	XnFrameStreamProcessor.cpp	132	Depth frame is corrupt!
18977472	[WARNING]	XnDepthProcessor.cpp	133	Read: Depth buffer is corrupt. Size is 612768 (!= 614400)
21882005	[WARNING]	XnDepthProcessor.cpp	133	Read: Depth buffer is corrupt. Size is 575872 (!= 614400)
21882050	[WARNING]	XnFrameStreamProcessor.cpp	132	Depth frame is corrupt!
21982599	[INFO]	XnProperty.cpp	151	Property Image1.State was changed to 1.
21982643	[INFO]	XnDeviceBase.cpp	370	Stream Image1 is open.
21982827	[INFO]	XnProperty.cpp	74	Setting Depth1.Registration to 1...
22014027	[WARNING]	XnDepthProcessor.cpp	133	Read: Depth buffer is corrupt. Size is 590336 (!= 614400)
22014074	[WARNING]	XnFrameStreamProcessor.cpp	132	Depth frame is corrupt!
22134621	[INFO]	XnProperty.cpp	151	Property Depth1.Registration was changed to 1.
22134664	[INFO]	XnProperty.cpp	101	Depth1.Registration was successfully set.
22134711	[INFO]	XnProperty.cpp	74	Setting Image1.Mirror to 1...
22147077	[INFO]	XnProperty.cpp	151	Property Image1.FirmwareMirror was changed to 1.
22147161	[INFO]	XnProperty.cpp	151	Property Image1.Mirror was changed to 1.
22147174	[INFO]	XnProperty.cpp	101	Image1.Mirror was successfully set.
46866161	[INFO]	XnOpenNI.cpp	1459	Destroying node 'User1'
46874860	[INFO]	XnOpenNI.cpp	1459	Destroying node 'Depth1'
46874952	[INFO]	XnDeviceBase.cpp	1507	Destroying stream 'Depth1'...
46876270	[INFO]	XnOpenNI.cpp	1459	Destroying node 'Image1'
46876335	[INFO]	XnDeviceBase.cpp	1507	Destroying stream 'Image1'...
46877158	[INFO]	XnOpenNI.cpp	1459	Destroying node 'Device1'
