  175875	[INFO]	XnLog.cpp	165	OpenNI version is 1.0.0 (Build 25)-MacOSX (Jan  7 2011 14:20:18)
  175919	[INFO]	XnLog.cpp	173	Log system initialized. Console: 1, File: 1, Severity: INFO, Masks: ALL
  175953	[INFO]	XnLog.cpp	173	Log system initialized. Console: 1, File: 1, Severity: INFO, Masks: ALL
  200028	[INFO]	XnUSBLinux-x86.cpp	98	USB is initialized.
 4322752	[INFO]	XnOpenNI.cpp	1261	Creating node 'Device1' of type Device...
 4387314	[INFO]	XnDeviceModule.cpp	431	Module 'Device' configuration was loaded from file.
 5003155	[INFO]	XnDeviceSensorIO.cpp	135	Connected to USB device
 5003213	[INFO]	XnProperty.cpp	151	Property Device.USBPath was changed to 045e/02ae@253/8.
 5059430	[INFO]	XnHostProtocol.cpp	825	Hardware versions: FW=5.1.4 (7) HW=4 Chip=2 Sensor=4 SYS=7
 6493238	[INFO]	XnProperty.cpp	151	Property Device.ID was changed to 0.
 6493531	[INFO]	XnSensor.cpp	182	Device sensor initialized
 6547955	[INFO]	XnOpenNI.cpp	1261	Creating node 'Depth1' of type Depth...
 6548039	[INFO]	XnDeviceBase.cpp	1383	Creating stream 'Depth1' of type 'Depth'...
 6548066	[INFO]	XnProperty.cpp	74	Setting Device.ReadData to 1...
 6548109	[INFO]	XnDeviceSensorIO.cpp	298	Endpoints open
 6560602	[INFO]	XnProperty.cpp	151	Property Device.ReadData was changed to 1.
 6560647	[INFO]	XnProperty.cpp	101	Device.ReadData was successfully set.
 6590787	[INFO]	XnProperty.cpp	151	Property Depth1.Resolution was changed to 0.
 6590832	[INFO]	XnProperty.cpp	151	Property Depth1.XRes was changed to 320.
 6590846	[INFO]	XnProperty.cpp	151	Property Depth1.YRes was changed to 240.
 6590858	[INFO]	XnProperty.cpp	151	Property Depth1.FPS was changed to 30.
 6590870	[INFO]	XnProperty.cpp	151	Property Depth1.OutputFormat was changed to 1.
 6590881	[INFO]	XnProperty.cpp	151	Property Depth1.BytesPerPixel was changed to 2.
 6590894	[INFO]	XnProperty.cpp	151	Property Depth1.RequiredDataSize was changed to 153600.
 6590910	[INFO]	XnProperty.cpp	151	Property Depth1.ParamCoeff was changed to 4.
 6590971	[INFO]	XnProperty.cpp	151	Property Depth1.ShiftScale was changed to 10.
 6603392	[INFO]	XnProperty.cpp	151	Property Depth1.ConstShift was changed to 200.
 6603472	[INFO]	XnProperty.cpp	151	Property Depth1.ZPD was changed to 120.
 6603574	[INFO]	XnProperty.cpp	151	Property Depth1.ZPPS was changed to 0.104200.
 6603589	[INFO]	XnProperty.cpp	151	Property Depth1.LDDIS was changed to 7.500000.
 6603679	[INFO]	XnProperty.cpp	151	Property Depth1.Gain was changed to 30.
 6603706	[INFO]	XnDeviceBase.cpp	1458	Stream 'Depth1' was initialized.
 6603720	[INFO]	XnDeviceBase.cpp	1463	'Depth1' stream was created.
 6603863	[INFO]	XnProperty.cpp	74	Setting Depth1.InputFormat to 3...
 6659719	[INFO]	XnProperty.cpp	151	Property Depth1.InputFormat was changed to 3.
 6659801	[INFO]	XnProperty.cpp	101	Depth1.InputFormat was successfully set.
 6660296	[INFO]	XnProperty.cpp	74	Setting Depth1.RegistrationType to 2...
 6660313	[INFO]	XnProperty.cpp	151	Property Depth1.RegistrationType was changed to 2.
 6660327	[INFO]	XnProperty.cpp	101	Depth1.RegistrationType was successfully set.
 6660775	[INFO]	XnDeviceModule.cpp	431	Module 'Depth1' configuration was loaded from file.
 6686583	[INFO]	XnProperty.cpp	74	Setting Depth1.FPS to 30...
 6686630	[INFO]	XnProperty.cpp	86	Depth1.FPS value did not change.
 6686649	[INFO]	XnProperty.cpp	74	Setting Depth1.YRes to 480...
 6686674	[INFO]	XnProperty.cpp	151	Property Depth1.Resolution was changed to 1.
 6686706	[INFO]	XnProperty.cpp	151	Property Depth1.XRes was changed to 640.
 6686741	[INFO]	XnProperty.cpp	151	Property Depth1.RequiredDataSize was changed to 307200.
 6686771	[INFO]	XnProperty.cpp	151	Property Depth1.YRes was changed to 480.
 6686791	[INFO]	XnProperty.cpp	151	Property Depth1.RequiredDataSize was changed to 614400.
 6686814	[INFO]	XnProperty.cpp	101	Depth1.YRes was successfully set.
 6686835	[INFO]	XnProperty.cpp	74	Setting Depth1.XRes to 640...
 6686853	[INFO]	XnProperty.cpp	86	Depth1.XRes value did not change.
 6686917	[INFO]	XnProperty.cpp	74	Setting Depth1.Mirror to 1...
 6686942	[INFO]	XnProperty.cpp	151	Property Depth1.FirmwareMirror was changed to 1.
 6687004	[INFO]	XnProperty.cpp	151	Property Depth1.Mirror was changed to 1.
 6687018	[INFO]	XnProperty.cpp	101	Depth1.Mirror was successfully set.
11450968	[INFO]	XnOpenNI.cpp	1261	Creating node 'User1' of type User...
12734809	[WARNING]	Linux-x86Threads.cpp	173	Failed to set thread priority: Invalid argument
12747820	[WARNING]	XnUSBLinux-x86.cpp	126	USB events thread: Failed to set thread priority to critical. This might cause loss of data...
12749297	[INFO]	XnUSBLinux-x86.cpp	1222	USB read thread was started.
12749355	[INFO]	XnProperty.cpp	151	Property Depth1.ActualReadData was changed to 1.
13284776	[INFO]	XnProperty.cpp	151	Property Depth1.State was changed to 1.
13284822	[INFO]	XnDeviceBase.cpp	370	Stream Depth1 is open.
18984444	[INFO]	XnOpenNI.cpp	1261	Creating node 'Image1' of type Image...
18984495	[INFO]	XnDeviceBase.cpp	1383	Creating stream 'Image1' of type 'Image'...
19006546	[INFO]	XnProperty.cpp	151	Property Image1.Resolution was changed to 0.
19006589	[INFO]	XnProperty.cpp	151	Property Image1.XRes was changed to 320.
19006603	[INFO]	XnProperty.cpp	151	Property Image1.YRes was changed to 240.
19006615	[INFO]	XnProperty.cpp	151	Property Image1.FPS was changed to 30.
19006626	[INFO]	XnProperty.cpp	151	Property Image1.OutputFormat was changed to 5.
19006637	[INFO]	XnProperty.cpp	151	Property Image1.BytesPerPixel was changed to 3.
19006649	[INFO]	XnProperty.cpp	151	Property Image1.RequiredDataSize was changed to 230400.
19006679	[INFO]	XnDeviceBase.cpp	1458	Stream 'Image1' was initialized.
19006694	[INFO]	XnDeviceBase.cpp	1463	'Image1' stream was created.
19006821	[INFO]	XnProperty.cpp	74	Setting Image1.InputFormat to 6...
19006852	[INFO]	XnProperty.cpp	151	Property Image1.InputFormat was changed to 6.
19006870	[INFO]	XnProperty.cpp	101	Image1.InputFormat was successfully set.
19007469	[INFO]	XnDeviceModule.cpp	431	Module 'Image1' configuration was loaded from file.
19007599	[INFO]	XnProperty.cpp	74	Setting Image1.FPS to 30...
19007622	[INFO]	XnProperty.cpp	86	Image1.FPS value did not change.
19007641	[INFO]	XnProperty.cpp	74	Setting Image1.YRes to 480...
19007661	[INFO]	XnProperty.cpp	151	Property Image1.Resolution was changed to 1.
19007680	[INFO]	XnProperty.cpp	151	Property Image1.XRes was changed to 640.
19007722	[INFO]	XnProperty.cpp	151	Property Image1.RequiredDataSize was changed to 460800.
19007746	[INFO]	XnProperty.cpp	151	Property Image1.YRes was changed to 480.
19007766	[INFO]	XnProperty.cpp	151	Property Image1.RequiredDataSize was changed to 921600.
19007787	[INFO]	XnProperty.cpp	101	Image1.YRes was successfully set.
19007807	[INFO]	XnProperty.cpp	74	Setting Image1.XRes to 640...
19007824	[INFO]	XnProperty.cpp	86	Image1.XRes value did not change.
19009004	[INFO]	XnUSBLinux-x86.cpp	1222	USB read thread was started.
19009056	[INFO]	XnProperty.cpp	151	Property Image1.ActualReadData was changed to 1.
19189037	[WARNING]	XnDepthProcessor.cpp	133	Read: Depth buffer is corrupt. Size is 536384 (!= 614400)
19189097	[WARNING]	XnFrameStreamProcessor.cpp	132	Depth frame is corrupt!
19221120	[WARNING]	XnDepthProcessor.cpp	133	Read: Depth buffer is corrupt. Size is 597072 (!= 614400)
19221292	[WARNING]	XnFrameStreamProcessor.cpp	132	Depth frame is corrupt!
22209786	[INFO]	XnProperty.cpp	151	Property Image1.State was changed to 1.
22237629	[INFO]	XnDeviceBase.cpp	370	Stream Image1 is open.
22515563	[INFO]	XnProperty.cpp	74	Setting Depth1.Registration to 1...
22541121	[WARNING]	XnFirmwareStreams.cpp	324	Unknown packet type (0x3813)!!!
22545116	[WARNING]	XnFirmwareStreams.cpp	324	Unknown packet type (0x3813)!!!
22557123	[WARNING]	XnDepthProcessor.cpp	133	Read: Depth buffer is corrupt. Size is 590592 (!= 614400)
22557175	[WARNING]	XnFrameStreamProcessor.cpp	132	Depth frame is corrupt!
22593064	[WARNING]	XnDepthProcessor.cpp	133	Read: Depth buffer is corrupt. Size is 586752 (!= 614400)
22593121	[WARNING]	XnFrameStreamProcessor.cpp	132	Depth frame is corrupt!
22693483	[INFO]	XnProperty.cpp	151	Property Depth1.Registration was changed to 1.
22693526	[INFO]	XnProperty.cpp	101	Depth1.Registration was successfully set.
22693619	[INFO]	XnProperty.cpp	74	Setting Image1.Mirror to 1...
22706202	[INFO]	XnProperty.cpp	151	Property Image1.FirmwareMirror was changed to 1.
22706246	[INFO]	XnProperty.cpp	151	Property Image1.Mirror was changed to 1.
22706259	[INFO]	XnProperty.cpp	101	Image1.Mirror was successfully set.
40502780	[INFO]	XnOpenNI.cpp	1459	Destroying node 'User1'
40529156	[INFO]	XnOpenNI.cpp	1459	Destroying node 'Depth1'
40542626	[INFO]	XnDeviceBase.cpp	1507	Destroying stream 'Depth1'...
40559382	[INFO]	XnOpenNI.cpp	1459	Destroying node 'Image1'
40559456	[INFO]	XnDeviceBase.cpp	1507	Destroying stream 'Image1'...
40560785	[INFO]	XnOpenNI.cpp	1459	Destroying node 'Device1'
