    1649	[INFO]	XnLog.cpp	165	OpenNI version is 1.0.0 (Build 25)-MacOSX (Jan  7 2011 14:20:18)
    1694	[INFO]	XnLog.cpp	173	Log system initialized. Console: 1, File: 1, Severity: INFO, Masks: ALL
    1718	[INFO]	XnLog.cpp	173	Log system initialized. Console: 1, File: 1, Severity: INFO, Masks: ALL
    3044	[INFO]	XnUSBLinux-x86.cpp	98	USB is initialized.
 2905073	[INFO]	XnOpenNI.cpp	1261	Creating node 'Device1' of type Device...
 2905874	[INFO]	XnDeviceModule.cpp	431	Module 'Device' configuration was loaded from file.
 3236405	[INFO]	XnDeviceSensorIO.cpp	135	Connected to USB device
 3236459	[INFO]	XnProperty.cpp	151	Property Device.USBPath was changed to 045e/02ae@250/10.
 3243832	[INFO]	XnHostProtocol.cpp	825	Hardware versions: FW=5.1.4 (7) HW=4 Chip=2 Sensor=4 SYS=7
 4656023	[INFO]	XnProperty.cpp	151	Property Device.ID was changed to 0.
 4656100	[INFO]	XnSensor.cpp	182	Device sensor initialized
 4656194	[INFO]	XnOpenNI.cpp	1261	Creating node 'Depth1' of type Depth...
 4656235	[INFO]	XnDeviceBase.cpp	1383	Creating stream 'Depth1' of type 'Depth'...
 4656259	[INFO]	XnProperty.cpp	74	Setting Device.ReadData to 1...
 4656301	[INFO]	XnDeviceSensorIO.cpp	298	Endpoints open
 4668965	[INFO]	XnProperty.cpp	151	Property Device.ReadData was changed to 1.
 4669009	[INFO]	XnProperty.cpp	101	Device.ReadData was successfully set.
 4669364	[INFO]	XnProperty.cpp	151	Property Depth1.Resolution was changed to 0.
 4669383	[INFO]	XnProperty.cpp	151	Property Depth1.XRes was changed to 320.
 4669397	[INFO]	XnProperty.cpp	151	Property Depth1.YRes was changed to 240.
 4669409	[INFO]	XnProperty.cpp	151	Property Depth1.FPS was changed to 30.
 4669420	[INFO]	XnProperty.cpp	151	Property Depth1.OutputFormat was changed to 1.
 4669432	[INFO]	XnProperty.cpp	151	Property Depth1.BytesPerPixel was changed to 2.
 4669444	[INFO]	XnProperty.cpp	151	Property Depth1.RequiredDataSize was changed to 153600.
 4669460	[INFO]	XnProperty.cpp	151	Property Depth1.ParamCoeff was changed to 4.
 4669519	[INFO]	XnProperty.cpp	151	Property Depth1.ShiftScale was changed to 10.
 4682121	[INFO]	XnProperty.cpp	151	Property Depth1.ConstShift was changed to 200.
 4682245	[INFO]	XnProperty.cpp	151	Property Depth1.ZPD was changed to 120.
 4682380	[INFO]	XnProperty.cpp	151	Property Depth1.ZPPS was changed to 0.104200.
 4682401	[INFO]	XnProperty.cpp	151	Property Depth1.LDDIS was changed to 7.500000.
 4682539	[INFO]	XnProperty.cpp	151	Property Depth1.Gain was changed to 30.
 4682583	[INFO]	XnDeviceBase.cpp	1458	Stream 'Depth1' was initialized.
 4682602	[INFO]	XnDeviceBase.cpp	1463	'Depth1' stream was created.
 4682807	[INFO]	XnProperty.cpp	74	Setting Depth1.InputFormat to 3...
 4682835	[INFO]	XnProperty.cpp	151	Property Depth1.InputFormat was changed to 3.
 4682849	[INFO]	XnProperty.cpp	101	Depth1.InputFormat was successfully set.
 4683293	[INFO]	XnProperty.cpp	74	Setting Depth1.RegistrationType to 2...
 4683312	[INFO]	XnProperty.cpp	151	Property Depth1.RegistrationType was changed to 2.
 4683324	[INFO]	XnProperty.cpp	101	Depth1.RegistrationType was successfully set.
 4683786	[INFO]	XnDeviceModule.cpp	431	Module 'Depth1' configuration was loaded from file.
 4683954	[INFO]	XnProperty.cpp	74	Setting Depth1.FPS to 30...
 4683970	[INFO]	XnProperty.cpp	86	Depth1.FPS value did not change.
 4683982	[INFO]	XnProperty.cpp	74	Setting Depth1.YRes to 480...
 4683997	[INFO]	XnProperty.cpp	151	Property Depth1.Resolution was changed to 1.
 4684010	[INFO]	XnProperty.cpp	151	Property Depth1.XRes was changed to 640.
 4684023	[INFO]	XnProperty.cpp	151	Property Depth1.RequiredDataSize was changed to 307200.
 4684038	[INFO]	XnProperty.cpp	151	Property Depth1.YRes was changed to 480.
 4684050	[INFO]	XnProperty.cpp	151	Property Depth1.RequiredDataSize was changed to 614400.
 4684063	[INFO]	XnProperty.cpp	101	Depth1.YRes was successfully set.
 4684075	[INFO]	XnProperty.cpp	74	Setting Depth1.XRes to 640...
 4684087	[INFO]	XnProperty.cpp	86	Depth1.XRes value did not change.
 4684130	[INFO]	XnProperty.cpp	74	Setting Depth1.Mirror to 1...
 4684145	[INFO]	XnProperty.cpp	151	Property Depth1.FirmwareMirror was changed to 1.
 4684192	[INFO]	XnProperty.cpp	151	Property Depth1.Mirror was changed to 1.
 4684204	[INFO]	XnProperty.cpp	101	Depth1.Mirror was successfully set.
 7188034	[INFO]	XnOpenNI.cpp	1261	Creating node 'User1' of type User...
 7213607	[WARNING]	Linux-x86Threads.cpp	173	Failed to set thread priority: Invalid argument
 7213650	[WARNING]	XnUSBLinux-x86.cpp	126	USB events thread: Failed to set thread priority to critical. This might cause loss of data...
 7214402	[INFO]	XnUSBLinux-x86.cpp	1222	USB read thread was started.
 7214430	[INFO]	XnProperty.cpp	151	Property Depth1.ActualReadData was changed to 1.
 7685347	[INFO]	XnProperty.cpp	151	Property Depth1.State was changed to 1.
 7685390	[INFO]	XnDeviceBase.cpp	370	Stream Depth1 is open.
10590264	[INFO]	XnOpenNI.cpp	1261	Creating node 'Image1' of type Image...
10590318	[INFO]	XnDeviceBase.cpp	1383	Creating stream 'Image1' of type 'Image'...
10590554	[INFO]	XnProperty.cpp	151	Property Image1.Resolution was changed to 0.
10590582	[INFO]	XnProperty.cpp	151	Property Image1.XRes was changed to 320.
10590601	[INFO]	XnProperty.cpp	151	Property Image1.YRes was changed to 240.
10590618	[INFO]	XnProperty.cpp	151	Property Image1.FPS was changed to 30.
10590636	[INFO]	XnProperty.cpp	151	Property Image1.OutputFormat was changed to 5.
10590655	[INFO]	XnProperty.cpp	151	Property Image1.BytesPerPixel was changed to 3.
10590674	[INFO]	XnProperty.cpp	151	Property Image1.RequiredDataSize was changed to 230400.
10590717	[INFO]	XnDeviceBase.cpp	1458	Stream 'Image1' was initialized.
10590739	[INFO]	XnDeviceBase.cpp	1463	'Image1' stream was created.
10590874	[INFO]	XnProperty.cpp	74	Setting Image1.InputFormat to 6...
10590904	[INFO]	XnProperty.cpp	151	Property Image1.InputFormat was changed to 6.
10590922	[INFO]	XnProperty.cpp	101	Image1.InputFormat was successfully set.
10591541	[INFO]	XnDeviceModule.cpp	431	Module 'Image1' configuration was loaded from file.
10591664	[INFO]	XnProperty.cpp	74	Setting Image1.FPS to 30...
10591686	[INFO]	XnProperty.cpp	86	Image1.FPS value did not change.
10591705	[INFO]	XnProperty.cpp	74	Setting Image1.YRes to 480...
10591726	[INFO]	XnProperty.cpp	151	Property Image1.Resolution was changed to 1.
10591749	[INFO]	XnProperty.cpp	151	Property Image1.XRes was changed to 640.
10591771	[INFO]	XnProperty.cpp	151	Property Image1.RequiredDataSize was changed to 460800.
10591796	[INFO]	XnProperty.cpp	151	Property Image1.YRes was changed to 480.
10591819	[INFO]	XnProperty.cpp	151	Property Image1.RequiredDataSize was changed to 921600.
10591842	[INFO]	XnProperty.cpp	101	Image1.YRes was successfully set.
10591866	[INFO]	XnProperty.cpp	74	Setting Image1.XRes to 640...
10591886	[INFO]	XnProperty.cpp	86	Image1.XRes value did not change.
10593018	[INFO]	XnUSBLinux-x86.cpp	1222	USB read thread was started.
10593069	[INFO]	XnProperty.cpp	151	Property Image1.ActualReadData was changed to 1.
10786640	[WARNING]	XnDepthProcessor.cpp	133	Read: Depth buffer is corrupt. Size is 565296 (!= 614400)
10786688	[WARNING]	XnFrameStreamProcessor.cpp	132	Depth frame is corrupt!
13691139	[WARNING]	XnDepthProcessor.cpp	133	Read: Depth buffer is corrupt. Size is 570144 (!= 614400)
13691185	[WARNING]	XnFrameStreamProcessor.cpp	132	Depth frame is corrupt!
13794225	[INFO]	XnProperty.cpp	151	Property Image1.State was changed to 1.
13794268	[INFO]	XnDeviceBase.cpp	370	Stream Image1 is open.
13794462	[INFO]	XnProperty.cpp	74	Setting Depth1.Registration to 1...
13823163	[WARNING]	XnDepthProcessor.cpp	133	Read: Depth buffer is corrupt. Size is 591456 (!= 614400)
13823211	[WARNING]	XnFrameStreamProcessor.cpp	132	Depth frame is corrupt!
13946346	[INFO]	XnProperty.cpp	151	Property Depth1.Registration was changed to 1.
13946402	[INFO]	XnProperty.cpp	101	Depth1.Registration was successfully set.
13946449	[INFO]	XnProperty.cpp	74	Setting Image1.Mirror to 1...
13958980	[INFO]	XnProperty.cpp	151	Property Image1.FirmwareMirror was changed to 1.
13959035	[INFO]	XnProperty.cpp	151	Property Image1.Mirror was changed to 1.
13959053	[INFO]	XnProperty.cpp	101	Image1.Mirror was successfully set.
90285793	[INFO]	XnOpenNI.cpp	1459	Destroying node 'User1'
90293190	[INFO]	XnOpenNI.cpp	1459	Destroying node 'Depth1'
90293280	[INFO]	XnDeviceBase.cpp	1507	Destroying stream 'Depth1'...
90294370	[INFO]	XnOpenNI.cpp	1459	Destroying node 'Image1'
90294409	[INFO]	XnDeviceBase.cpp	1507	Destroying stream 'Image1'...
90295011	[INFO]	XnOpenNI.cpp	1459	Destroying node 'Device1'
