   21678	[INFO]	XnLog.cpp	165	OpenNI version is 1.0.0 (Build 25)-MacOSX (Jan  7 2011 14:20:18)
   21761	[INFO]	XnLog.cpp	173	Log system initialized. Console: 1, File: 1, Severity: INFO, Masks: ALL
   21806	[INFO]	XnLog.cpp	173	Log system initialized. Console: 1, File: 1, Severity: INFO, Masks: ALL
   23435	[INFO]	XnUSBLinux-x86.cpp	98	USB is initialized.
 2647457	[INFO]	XnOpenNI.cpp	1261	Creating node 'Device1' of type Device...
 2648219	[INFO]	XnDeviceModule.cpp	431	Module 'Device' configuration was loaded from file.
 2873829	[INFO]	XnDeviceSensorIO.cpp	135	Connected to USB device
 2873882	[INFO]	XnProperty.cpp	151	Property Device.USBPath was changed to 045e/02ae@250/10.
 2881432	[INFO]	XnHostProtocol.cpp	825	Hardware versions: FW=5.1.4 (7) HW=4 Chip=2 Sensor=4 SYS=7
 4293659	[INFO]	XnProperty.cpp	151	Property Device.ID was changed to 0.
 4293734	[INFO]	XnSensor.cpp	182	Device sensor initialized
 4293817	[INFO]	XnOpenNI.cpp	1261	Creating node 'Depth1' of type Depth...
 4293855	[INFO]	XnDeviceBase.cpp	1383	Creating stream 'Depth1' of type 'Depth'...
 4293871	[INFO]	XnProperty.cpp	74	Setting Device.ReadData to 1...
 4293901	[INFO]	XnDeviceSensorIO.cpp	298	Endpoints open
 4306381	[INFO]	XnProperty.cpp	151	Property Device.ReadData was changed to 1.
 4306427	[INFO]	XnProperty.cpp	101	Device.ReadData was successfully set.
 4306861	[INFO]	XnProperty.cpp	151	Property Depth1.Resolution was changed to 0.
 4306888	[INFO]	XnProperty.cpp	151	Property Depth1.XRes was changed to 320.
 4306917	[INFO]	XnProperty.cpp	151	Property Depth1.YRes was changed to 240.
 4306938	[INFO]	XnProperty.cpp	151	Property Depth1.FPS was changed to 30.
 4306956	[INFO]	XnProperty.cpp	151	Property Depth1.OutputFormat was changed to 1.
 4306975	[INFO]	XnProperty.cpp	151	Property Depth1.BytesPerPixel was changed to 2.
 4306996	[INFO]	XnProperty.cpp	151	Property Depth1.RequiredDataSize was changed to 153600.
 4307019	[INFO]	XnProperty.cpp	151	Property Depth1.ParamCoeff was changed to 4.
 4307093	[INFO]	XnProperty.cpp	151	Property Depth1.ShiftScale was changed to 10.
 4319533	[INFO]	XnProperty.cpp	151	Property Depth1.ConstShift was changed to 200.
 4319623	[INFO]	XnProperty.cpp	151	Property Depth1.ZPD was changed to 120.
 4319735	[INFO]	XnProperty.cpp	151	Property Depth1.ZPPS was changed to 0.104200.
 4319761	[INFO]	XnProperty.cpp	151	Property Depth1.LDDIS was changed to 7.500000.
 4319883	[INFO]	XnProperty.cpp	151	Property Depth1.Gain was changed to 30.
 4319931	[INFO]	XnDeviceBase.cpp	1458	Stream 'Depth1' was initialized.
 4319954	[INFO]	XnDeviceBase.cpp	1463	'Depth1' stream was created.
 4320156	[INFO]	XnProperty.cpp	74	Setting Depth1.InputFormat to 3...
 4320189	[INFO]	XnProperty.cpp	151	Property Depth1.InputFormat was changed to 3.
 4320212	[INFO]	XnProperty.cpp	101	Depth1.InputFormat was successfully set.
 4320864	[INFO]	XnProperty.cpp	74	Setting Depth1.RegistrationType to 2...
 4320884	[INFO]	XnProperty.cpp	151	Property Depth1.RegistrationType was changed to 2.
 4320898	[INFO]	XnProperty.cpp	101	Depth1.RegistrationType was successfully set.
 4321350	[INFO]	XnDeviceModule.cpp	431	Module 'Depth1' configuration was loaded from file.
 4321525	[INFO]	XnProperty.cpp	74	Setting Depth1.FPS to 30...
 4321543	[INFO]	XnProperty.cpp	86	Depth1.FPS value did not change.
 4321555	[INFO]	XnProperty.cpp	74	Setting Depth1.YRes to 480...
 4321570	[INFO]	XnProperty.cpp	151	Property Depth1.Resolution was changed to 1.
 4321583	[INFO]	XnProperty.cpp	151	Property Depth1.XRes was changed to 640.
 4321596	[INFO]	XnProperty.cpp	151	Property Depth1.RequiredDataSize was changed to 307200.
 4321611	[INFO]	XnProperty.cpp	151	Property Depth1.YRes was changed to 480.
 4321623	[INFO]	XnProperty.cpp	151	Property Depth1.RequiredDataSize was changed to 614400.
 4321635	[INFO]	XnProperty.cpp	101	Depth1.YRes was successfully set.
 4321648	[INFO]	XnProperty.cpp	74	Setting Depth1.XRes to 640...
 4321658	[INFO]	XnProperty.cpp	86	Depth1.XRes value did not change.
 4321701	[INFO]	XnProperty.cpp	74	Setting Depth1.Mirror to 1...
 4321717	[INFO]	XnProperty.cpp	151	Property Depth1.FirmwareMirror was changed to 1.
 4321761	[INFO]	XnProperty.cpp	151	Property Depth1.Mirror was changed to 1.
 4321774	[INFO]	XnProperty.cpp	101	Depth1.Mirror was successfully set.
 5939375	[INFO]	XnOpenNI.cpp	1261	Creating node 'User1' of type User...
 5963776	[WARNING]	Linux-x86Threads.cpp	173	Failed to set thread priority: Invalid argument
 5963822	[WARNING]	XnUSBLinux-x86.cpp	126	USB events thread: Failed to set thread priority to critical. This might cause loss of data...
 5964549	[INFO]	XnUSBLinux-x86.cpp	1222	USB read thread was started.
 5964573	[INFO]	XnProperty.cpp	151	Property Depth1.ActualReadData was changed to 1.
 6435655	[INFO]	XnProperty.cpp	151	Property Depth1.State was changed to 1.
 6435697	[INFO]	XnDeviceBase.cpp	370	Stream Depth1 is open.
 9327068	[INFO]	XnOpenNI.cpp	1261	Creating node 'Image1' of type Image...
 9327121	[INFO]	XnDeviceBase.cpp	1383	Creating stream 'Image1' of type 'Image'...
 9327323	[INFO]	XnProperty.cpp	151	Property Image1.Resolution was changed to 0.
 9327343	[INFO]	XnProperty.cpp	151	Property Image1.XRes was changed to 320.
 9327357	[INFO]	XnProperty.cpp	151	Property Image1.YRes was changed to 240.
 9327369	[INFO]	XnProperty.cpp	151	Property Image1.FPS was changed to 30.
 9327380	[INFO]	XnProperty.cpp	151	Property Image1.OutputFormat was changed to 5.
 9327393	[INFO]	XnProperty.cpp	151	Property Image1.BytesPerPixel was changed to 3.
 9327410	[INFO]	XnProperty.cpp	151	Property Image1.RequiredDataSize was changed to 230400.
 9327448	[INFO]	XnDeviceBase.cpp	1458	Stream 'Image1' was initialized.
 9327464	[INFO]	XnDeviceBase.cpp	1463	'Image1' stream was created.
 9327593	[INFO]	XnProperty.cpp	74	Setting Image1.InputFormat to 6...
 9327624	[INFO]	XnProperty.cpp	151	Property Image1.InputFormat was changed to 6.
 9327644	[INFO]	XnProperty.cpp	101	Image1.InputFormat was successfully set.
 9328254	[INFO]	XnDeviceModule.cpp	431	Module 'Image1' configuration was loaded from file.
 9328374	[INFO]	XnProperty.cpp	74	Setting Image1.FPS to 30...
 9328398	[INFO]	XnProperty.cpp	86	Image1.FPS value did not change.
 9328418	[INFO]	XnProperty.cpp	74	Setting Image1.YRes to 480...
 9328438	[INFO]	XnProperty.cpp	151	Property Image1.Resolution was changed to 1.
 9328459	[INFO]	XnProperty.cpp	151	Property Image1.XRes was changed to 640.
 9328476	[INFO]	XnProperty.cpp	151	Property Image1.RequiredDataSize was changed to 460800.
 9328495	[INFO]	XnProperty.cpp	151	Property Image1.YRes was changed to 480.
 9328513	[INFO]	XnProperty.cpp	151	Property Image1.RequiredDataSize was changed to 921600.
 9328533	[INFO]	XnProperty.cpp	101	Image1.YRes was successfully set.
 9328553	[INFO]	XnProperty.cpp	74	Setting Image1.XRes to 640...
 9328570	[INFO]	XnProperty.cpp	86	Image1.XRes value did not change.
 9329615	[INFO]	XnUSBLinux-x86.cpp	1222	USB read thread was started.
 9329669	[INFO]	XnProperty.cpp	151	Property Image1.ActualReadData was changed to 1.
 9504233	[WARNING]	XnDepthProcessor.cpp	133	Read: Depth buffer is corrupt. Size is 566672 (!= 614400)
 9504283	[WARNING]	XnFrameStreamProcessor.cpp	132	Depth frame is corrupt!
12530353	[INFO]	XnProperty.cpp	151	Property Image1.State was changed to 1.
12530396	[INFO]	XnDeviceBase.cpp	370	Stream Image1 is open.
12530566	[INFO]	XnProperty.cpp	74	Setting Depth1.Registration to 1...
12683102	[INFO]	XnProperty.cpp	151	Property Depth1.Registration was changed to 1.
12683155	[INFO]	XnProperty.cpp	101	Depth1.Registration was successfully set.
12683211	[INFO]	XnProperty.cpp	74	Setting Image1.Mirror to 1...
12695599	[INFO]	XnProperty.cpp	151	Property Image1.FirmwareMirror was changed to 1.
12695647	[INFO]	XnProperty.cpp	151	Property Image1.Mirror was changed to 1.
12695665	[INFO]	XnProperty.cpp	101	Image1.Mirror was successfully set.
