   31218	[INFO]	XnLog.cpp	165	OpenNI version is 1.0.0 (Build 25)-MacOSX (Jan  7 2011 14:20:18)
   31268	[INFO]	XnLog.cpp	173	Log system initialized. Console: 1, File: 1, Severity: INFO, Masks: ALL
   31302	[INFO]	XnLog.cpp	173	Log system initialized. Console: 1, File: 1, Severity: INFO, Masks: ALL
   32704	[INFO]	XnUSBLinux-x86.cpp	98	USB is initialized.
 2107529	[INFO]	XnOpenNI.cpp	1261	Creating node 'Device1' of type Device...
 2108583	[INFO]	XnDeviceModule.cpp	431	Module 'Device' configuration was loaded from file.
 2513927	[INFO]	XnDeviceSensorIO.cpp	135	Connected to USB device
 2513982	[INFO]	XnProperty.cpp	151	Property Device.USBPath was changed to 045e/02ae@250/10.
 2521351	[INFO]	XnHostProtocol.cpp	825	Hardware versions: FW=5.1.4 (7) HW=4 Chip=2 Sensor=4 SYS=7
 3933131	[INFO]	XnProperty.cpp	151	Property Device.ID was changed to 0.
 3933206	[INFO]	XnSensor.cpp	182	Device sensor initialized
 3933311	[INFO]	XnOpenNI.cpp	1261	Creating node 'Depth1' of type Depth...
 3933364	[INFO]	XnDeviceBase.cpp	1383	Creating stream 'Depth1' of type 'Depth'...
 3933386	[INFO]	XnProperty.cpp	74	Setting Device.ReadData to 1...
 3933427	[INFO]	XnDeviceSensorIO.cpp	298	Endpoints open
 3945713	[INFO]	XnProperty.cpp	151	Property Device.ReadData was changed to 1.
 3945760	[INFO]	XnProperty.cpp	101	Device.ReadData was successfully set.
 3946177	[INFO]	XnProperty.cpp	151	Property Depth1.Resolution was changed to 0.
 3946214	[INFO]	XnProperty.cpp	151	Property Depth1.XRes was changed to 320.
 3946260	[INFO]	XnProperty.cpp	151	Property Depth1.YRes was changed to 240.
 3946283	[INFO]	XnProperty.cpp	151	Property Depth1.FPS was changed to 30.
 3946300	[INFO]	XnProperty.cpp	151	Property Depth1.OutputFormat was changed to 1.
 3946318	[INFO]	XnProperty.cpp	151	Property Depth1.BytesPerPixel was changed to 2.
 3946348	[INFO]	XnProperty.cpp	151	Property Depth1.RequiredDataSize was changed to 153600.
 3946372	[INFO]	XnProperty.cpp	151	Property Depth1.ParamCoeff was changed to 4.
 3946447	[INFO]	XnProperty.cpp	151	Property Depth1.ShiftScale was changed to 10.
 3958891	[INFO]	XnProperty.cpp	151	Property Depth1.ConstShift was changed to 200.
 3959001	[INFO]	XnProperty.cpp	151	Property Depth1.ZPD was changed to 120.
 3959108	[INFO]	XnProperty.cpp	151	Property Depth1.ZPPS was changed to 0.104200.
 3959128	[INFO]	XnProperty.cpp	151	Property Depth1.LDDIS was changed to 7.500000.
 3959239	[INFO]	XnProperty.cpp	151	Property Depth1.Gain was changed to 30.
 3959280	[INFO]	XnDeviceBase.cpp	1458	Stream 'Depth1' was initialized.
 3959301	[INFO]	XnDeviceBase.cpp	1463	'Depth1' stream was created.
 3959463	[INFO]	XnProperty.cpp	74	Setting Depth1.InputFormat to 3...
 3959488	[INFO]	XnProperty.cpp	151	Property Depth1.InputFormat was changed to 3.
 3959507	[INFO]	XnProperty.cpp	101	Depth1.InputFormat was successfully set.
 3959966	[INFO]	XnProperty.cpp	74	Setting Depth1.RegistrationType to 2...
 3959985	[INFO]	XnProperty.cpp	151	Property Depth1.RegistrationType was changed to 2.
 3960004	[INFO]	XnProperty.cpp	101	Depth1.RegistrationType was successfully set.
 3960600	[INFO]	XnDeviceModule.cpp	431	Module 'Depth1' configuration was loaded from file.
 3960858	[INFO]	XnProperty.cpp	74	Setting Depth1.FPS to 30...
 3960882	[INFO]	XnProperty.cpp	86	Depth1.FPS value did not change.
 3960901	[INFO]	XnProperty.cpp	74	Setting Depth1.YRes to 480...
 3960925	[INFO]	XnProperty.cpp	151	Property Depth1.Resolution was changed to 1.
 3960946	[INFO]	XnProperty.cpp	151	Property Depth1.XRes was changed to 640.
 3960966	[INFO]	XnProperty.cpp	151	Property Depth1.RequiredDataSize was changed to 307200.
 3960988	[INFO]	XnProperty.cpp	151	Property Depth1.YRes was changed to 480.
 3961007	[INFO]	XnProperty.cpp	151	Property Depth1.RequiredDataSize was changed to 614400.
 3961027	[INFO]	XnProperty.cpp	101	Depth1.YRes was successfully set.
 3961044	[INFO]	XnProperty.cpp	74	Setting Depth1.XRes to 640...
 3961058	[INFO]	XnProperty.cpp	86	Depth1.XRes value did not change.
 3961118	[INFO]	XnProperty.cpp	74	Setting Depth1.Mirror to 1...
 3961139	[INFO]	XnProperty.cpp	151	Property Depth1.FirmwareMirror was changed to 1.
 3961197	[INFO]	XnProperty.cpp	151	Property Depth1.Mirror was changed to 1.
 3961213	[INFO]	XnProperty.cpp	101	Depth1.Mirror was successfully set.
 5920082	[INFO]	XnOpenNI.cpp	1261	Creating node 'User1' of type User...
 5946459	[WARNING]	Linux-x86Threads.cpp	173	Failed to set thread priority: Invalid argument
 5946507	[WARNING]	XnUSBLinux-x86.cpp	126	USB events thread: Failed to set thread priority to critical. This might cause loss of data...
 5947430	[INFO]	XnUSBLinux-x86.cpp	1222	USB read thread was started.
 5947462	[INFO]	XnProperty.cpp	151	Property Depth1.ActualReadData was changed to 1.
 6418612	[INFO]	XnProperty.cpp	151	Property Depth1.State was changed to 1.
 6418656	[INFO]	XnDeviceBase.cpp	370	Stream Depth1 is open.
 8372999	[INFO]	XnOpenNI.cpp	1261	Creating node 'Image1' of type Image...
 8373050	[INFO]	XnDeviceBase.cpp	1383	Creating stream 'Image1' of type 'Image'...
 8373299	[INFO]	XnProperty.cpp	151	Property Image1.Resolution was changed to 0.
 8373326	[INFO]	XnProperty.cpp	151	Property Image1.XRes was changed to 320.
 8373346	[INFO]	XnProperty.cpp	151	Property Image1.YRes was changed to 240.
 8373365	[INFO]	XnProperty.cpp	151	Property Image1.FPS was changed to 30.
 8373383	[INFO]	XnProperty.cpp	151	Property Image1.OutputFormat was changed to 5.
 8373402	[INFO]	XnProperty.cpp	151	Property Image1.BytesPerPixel was changed to 3.
 8373421	[INFO]	XnProperty.cpp	151	Property Image1.RequiredDataSize was changed to 230400.
 8373461	[INFO]	XnDeviceBase.cpp	1458	Stream 'Image1' was initialized.
 8373482	[INFO]	XnDeviceBase.cpp	1463	'Image1' stream was created.
 8373628	[INFO]	XnProperty.cpp	74	Setting Image1.InputFormat to 6...
 8373661	[INFO]	XnProperty.cpp	151	Property Image1.InputFormat was changed to 6.
 8373681	[INFO]	XnProperty.cpp	101	Image1.InputFormat was successfully set.
 8374313	[INFO]	XnDeviceModule.cpp	431	Module 'Image1' configuration was loaded from file.
 8374429	[INFO]	XnProperty.cpp	74	Setting Image1.FPS to 30...
 8374456	[INFO]	XnProperty.cpp	86	Image1.FPS value did not change.
 8374478	[INFO]	XnProperty.cpp	74	Setting Image1.YRes to 480...
 8374500	[INFO]	XnProperty.cpp	151	Property Image1.Resolution was changed to 1.
 8374523	[INFO]	XnProperty.cpp	151	Property Image1.XRes was changed to 640.
 8374545	[INFO]	XnProperty.cpp	151	Property Image1.RequiredDataSize was changed to 460800.
 8374570	[INFO]	XnProperty.cpp	151	Property Image1.YRes was changed to 480.
 8374593	[INFO]	XnProperty.cpp	151	Property Image1.RequiredDataSize was changed to 921600.
 8374617	[INFO]	XnProperty.cpp	101	Image1.YRes was successfully set.
 8374641	[INFO]	XnProperty.cpp	74	Setting Image1.XRes to 640...
 8374661	[INFO]	XnProperty.cpp	86	Image1.XRes value did not change.
 8375837	[INFO]	XnUSBLinux-x86.cpp	1222	USB read thread was started.
 8375885	[INFO]	XnProperty.cpp	151	Property Image1.ActualReadData was changed to 1.
 8551334	[WARNING]	XnDepthProcessor.cpp	133	Read: Depth buffer is corrupt. Size is 564352 (!= 614400)
 8551381	[WARNING]	XnFrameStreamProcessor.cpp	132	Depth frame is corrupt!
11576720	[INFO]	XnProperty.cpp	151	Property Image1.State was changed to 1.
11576766	[INFO]	XnDeviceBase.cpp	370	Stream Image1 is open.
11577013	[INFO]	XnProperty.cpp	74	Setting Depth1.Registration to 1...
11587399	[WARNING]	XnDepthProcessor.cpp	133	Read: Depth buffer is corrupt. Size is 599040 (!= 614400)
11587450	[WARNING]	XnFrameStreamProcessor.cpp	132	Depth frame is corrupt!
11729948	[INFO]	XnProperty.cpp	151	Property Depth1.Registration was changed to 1.
11729989	[INFO]	XnProperty.cpp	101	Depth1.Registration was successfully set.
11730035	[INFO]	XnProperty.cpp	74	Setting Image1.Mirror to 1...
11742578	[INFO]	XnProperty.cpp	151	Property Image1.FirmwareMirror was changed to 1.
11742623	[INFO]	XnProperty.cpp	151	Property Image1.Mirror was changed to 1.
11742636	[INFO]	XnProperty.cpp	101	Image1.Mirror was successfully set.
