    1491	[INFO]	XnLog.cpp	165	OpenNI version is 1.0.0 (Build 25)-MacOSX (Jan  7 2011 14:20:18)
    1543	[INFO]	XnLog.cpp	173	Log system initialized. Console: 1, File: 1, Severity: INFO, Masks: ALL
    1567	[INFO]	XnLog.cpp	173	Log system initialized. Console: 1, File: 1, Severity: INFO, Masks: ALL
    2790	[INFO]	XnUSBLinux-x86.cpp	98	USB is initialized.
 2926135	[INFO]	XnOpenNI.cpp	1261	Creating node 'Device1' of type Device...
 2927279	[INFO]	XnDeviceModule.cpp	431	Module 'Device' configuration was loaded from file.
 3257898	[INFO]	XnDeviceSensorIO.cpp	135	Connected to USB device
 3257964	[INFO]	XnProperty.cpp	151	Property Device.USBPath was changed to 045e/02ae@250/10.
 3266017	[INFO]	XnHostProtocol.cpp	825	Hardware versions: FW=5.1.4 (7) HW=4 Chip=2 Sensor=4 SYS=7
 4677673	[INFO]	XnProperty.cpp	151	Property Device.ID was changed to 0.
 4677738	[INFO]	XnSensor.cpp	182	Device sensor initialized
 4677847	[INFO]	XnOpenNI.cpp	1261	Creating node 'Depth1' of type Depth...
 4677899	[INFO]	XnDeviceBase.cpp	1383	Creating stream 'Depth1' of type 'Depth'...
 4677922	[INFO]	XnProperty.cpp	74	Setting Device.ReadData to 1...
 4677964	[INFO]	XnDeviceSensorIO.cpp	298	Endpoints open
 4690409	[INFO]	XnProperty.cpp	151	Property Device.ReadData was changed to 1.
 4690441	[INFO]	XnProperty.cpp	101	Device.ReadData was successfully set.
 4690782	[INFO]	XnProperty.cpp	151	Property Depth1.Resolution was changed to 0.
 4690802	[INFO]	XnProperty.cpp	151	Property Depth1.XRes was changed to 320.
 4690815	[INFO]	XnProperty.cpp	151	Property Depth1.YRes was changed to 240.
 4690827	[INFO]	XnProperty.cpp	151	Property Depth1.FPS was changed to 30.
 4690838	[INFO]	XnProperty.cpp	151	Property Depth1.OutputFormat was changed to 1.
 4690850	[INFO]	XnProperty.cpp	151	Property Depth1.BytesPerPixel was changed to 2.
 4690862	[INFO]	XnProperty.cpp	151	Property Depth1.RequiredDataSize was changed to 153600.
 4690878	[INFO]	XnProperty.cpp	151	Property Depth1.ParamCoeff was changed to 4.
 4690940	[INFO]	XnProperty.cpp	151	Property Depth1.ShiftScale was changed to 10.
 4703660	[INFO]	XnProperty.cpp	151	Property Depth1.ConstShift was changed to 200.
 4703755	[INFO]	XnProperty.cpp	151	Property Depth1.ZPD was changed to 120.
 4703857	[INFO]	XnProperty.cpp	151	Property Depth1.ZPPS was changed to 0.104200.
 4703882	[INFO]	XnProperty.cpp	151	Property Depth1.LDDIS was changed to 7.500000.
 4703995	[INFO]	XnProperty.cpp	151	Property Depth1.Gain was changed to 30.
 4704040	[INFO]	XnDeviceBase.cpp	1458	Stream 'Depth1' was initialized.
 4704062	[INFO]	XnDeviceBase.cpp	1463	'Depth1' stream was created.
 4704275	[INFO]	XnProperty.cpp	74	Setting Depth1.InputFormat to 3...
 4704309	[INFO]	XnProperty.cpp	151	Property Depth1.InputFormat was changed to 3.
 4704329	[INFO]	XnProperty.cpp	101	Depth1.InputFormat was successfully set.
 4705029	[INFO]	XnProperty.cpp	74	Setting Depth1.RegistrationType to 2...
 4705057	[INFO]	XnProperty.cpp	151	Property Depth1.RegistrationType was changed to 2.
 4705076	[INFO]	XnProperty.cpp	101	Depth1.RegistrationType was successfully set.
 4705939	[INFO]	XnDeviceModule.cpp	431	Module 'Depth1' configuration was loaded from file.
 4706181	[INFO]	XnProperty.cpp	74	Setting Depth1.FPS to 30...
 4706200	[INFO]	XnProperty.cpp	86	Depth1.FPS value did not change.
 4706212	[INFO]	XnProperty.cpp	74	Setting Depth1.YRes to 480...
 4706227	[INFO]	XnProperty.cpp	151	Property Depth1.Resolution was changed to 1.
 4706240	[INFO]	XnProperty.cpp	151	Property Depth1.XRes was changed to 640.
 4706252	[INFO]	XnProperty.cpp	151	Property Depth1.RequiredDataSize was changed to 307200.
 4706268	[INFO]	XnProperty.cpp	151	Property Depth1.YRes was changed to 480.
 4706280	[INFO]	XnProperty.cpp	151	Property Depth1.RequiredDataSize was changed to 614400.
 4706293	[INFO]	XnProperty.cpp	101	Depth1.YRes was successfully set.
 4706305	[INFO]	XnProperty.cpp	74	Setting Depth1.XRes to 640...
 4706317	[INFO]	XnProperty.cpp	86	Depth1.XRes value did not change.
 4706359	[INFO]	XnProperty.cpp	74	Setting Depth1.Mirror to 1...
 4706374	[INFO]	XnProperty.cpp	151	Property Depth1.FirmwareMirror was changed to 1.
 4706419	[INFO]	XnProperty.cpp	151	Property Depth1.Mirror was changed to 1.
 4706431	[INFO]	XnProperty.cpp	101	Depth1.Mirror was successfully set.
 7208071	[INFO]	XnOpenNI.cpp	1261	Creating node 'User1' of type User...
 7232914	[WARNING]	Linux-x86Threads.cpp	173	Failed to set thread priority: Invalid argument
 7232963	[WARNING]	XnUSBLinux-x86.cpp	126	USB events thread: Failed to set thread priority to critical. This might cause loss of data...
 7233819	[INFO]	XnUSBLinux-x86.cpp	1222	USB read thread was started.
 7233849	[INFO]	XnProperty.cpp	151	Property Depth1.ActualReadData was changed to 1.
 7706079	[INFO]	XnProperty.cpp	151	Property Depth1.State was changed to 1.
 7706122	[INFO]	XnDeviceBase.cpp	370	Stream Depth1 is open.
11028986	[INFO]	XnOpenNI.cpp	1261	Creating node 'Image1' of type Image...
11029040	[INFO]	XnDeviceBase.cpp	1383	Creating stream 'Image1' of type 'Image'...
11029275	[INFO]	XnProperty.cpp	151	Property Image1.Resolution was changed to 0.
11029304	[INFO]	XnProperty.cpp	151	Property Image1.XRes was changed to 320.
11029323	[INFO]	XnProperty.cpp	151	Property Image1.YRes was changed to 240.
11029341	[INFO]	XnProperty.cpp	151	Property Image1.FPS was changed to 30.
11029358	[INFO]	XnProperty.cpp	151	Property Image1.OutputFormat was changed to 5.
11029378	[INFO]	XnProperty.cpp	151	Property Image1.BytesPerPixel was changed to 3.
11029397	[INFO]	XnProperty.cpp	151	Property Image1.RequiredDataSize was changed to 230400.
11029439	[INFO]	XnDeviceBase.cpp	1458	Stream 'Image1' was initialized.
11029461	[INFO]	XnDeviceBase.cpp	1463	'Image1' stream was created.
11029596	[INFO]	XnProperty.cpp	74	Setting Image1.InputFormat to 6...
11029626	[INFO]	XnProperty.cpp	151	Property Image1.InputFormat was changed to 6.
11029644	[INFO]	XnProperty.cpp	101	Image1.InputFormat was successfully set.
11030272	[INFO]	XnDeviceModule.cpp	431	Module 'Image1' configuration was loaded from file.
11030377	[INFO]	XnProperty.cpp	74	Setting Image1.FPS to 30...
11030403	[INFO]	XnProperty.cpp	86	Image1.FPS value did not change.
11030424	[INFO]	XnProperty.cpp	74	Setting Image1.YRes to 480...
11030445	[INFO]	XnProperty.cpp	151	Property Image1.Resolution was changed to 1.
11030465	[INFO]	XnProperty.cpp	151	Property Image1.XRes was changed to 640.
11030484	[INFO]	XnProperty.cpp	151	Property Image1.RequiredDataSize was changed to 460800.
11030504	[INFO]	XnProperty.cpp	151	Property Image1.YRes was changed to 480.
11030521	[INFO]	XnProperty.cpp	151	Property Image1.RequiredDataSize was changed to 921600.
11030542	[INFO]	XnProperty.cpp	101	Image1.YRes was successfully set.
11030561	[INFO]	XnProperty.cpp	74	Setting Image1.XRes to 640...
11030578	[INFO]	XnProperty.cpp	86	Image1.XRes value did not change.
11031684	[INFO]	XnUSBLinux-x86.cpp	1222	USB read thread was started.
11031727	[INFO]	XnProperty.cpp	151	Property Image1.ActualReadData was changed to 1.
11106315	[WARNING]	XnDepthProcessor.cpp	133	Read: Depth buffer is corrupt. Size is 596704 (!= 614400)
11106362	[WARNING]	XnFrameStreamProcessor.cpp	132	Depth frame is corrupt!
11206324	[WARNING]	XnDepthProcessor.cpp	133	Read: Depth buffer is corrupt. Size is 576784 (!= 614400)
11206372	[WARNING]	XnFrameStreamProcessor.cpp	132	Depth frame is corrupt!
14110818	[WARNING]	XnDepthProcessor.cpp	133	Read: Depth buffer is corrupt. Size is 588576 (!= 614400)
14110864	[WARNING]	XnFrameStreamProcessor.cpp	132	Depth frame is corrupt!
14233402	[INFO]	XnProperty.cpp	151	Property Image1.State was changed to 1.
14233446	[INFO]	XnDeviceBase.cpp	370	Stream Image1 is open.
14233655	[INFO]	XnProperty.cpp	74	Setting Depth1.Registration to 1...
14239751	[WARNING]	XnFirmwareStreams.cpp	324	Unknown packet type (0x3631)!!!
14242820	[WARNING]	XnDepthProcessor.cpp	133	Read: Depth buffer is corrupt. Size is 591456 (!= 614400)
14242843	[WARNING]	XnFrameStreamProcessor.cpp	132	Depth frame is corrupt!
14278804	[WARNING]	XnDepthProcessor.cpp	133	Read: Depth buffer is corrupt. Size is 602000 (!= 614400)
14278851	[WARNING]	XnFrameStreamProcessor.cpp	132	Depth frame is corrupt!
14385519	[INFO]	XnProperty.cpp	151	Property Depth1.Registration was changed to 1.
14385779	[INFO]	XnProperty.cpp	101	Depth1.Registration was successfully set.
14385829	[INFO]	XnProperty.cpp	74	Setting Image1.Mirror to 1...
14398415	[INFO]	XnProperty.cpp	151	Property Image1.FirmwareMirror was changed to 1.
14398458	[INFO]	XnProperty.cpp	151	Property Image1.Mirror was changed to 1.
14398470	[INFO]	XnProperty.cpp	101	Image1.Mirror was successfully set.
39513895	[INFO]	XnOpenNI.cpp	1459	Destroying node 'User1'
39521550	[INFO]	XnOpenNI.cpp	1459	Destroying node 'Depth1'
39521642	[INFO]	XnDeviceBase.cpp	1507	Destroying stream 'Depth1'...
39523160	[INFO]	XnOpenNI.cpp	1459	Destroying node 'Image1'
39523202	[INFO]	XnDeviceBase.cpp	1507	Destroying stream 'Image1'...
39524194	[INFO]	XnOpenNI.cpp	1459	Destroying node 'Device1'
