    1601	[INFO]	XnLog.cpp	165	OpenNI version is 1.0.0 (Build 25)-MacOSX (Jan  7 2011 14:20:18)
    1645	[INFO]	XnLog.cpp	173	Log system initialized. Console: 1, File: 1, Severity: INFO, Masks: ALL
    1669	[INFO]	XnLog.cpp	173	Log system initialized. Console: 1, File: 1, Severity: INFO, Masks: ALL
    2846	[INFO]	XnUSBLinux-x86.cpp	98	USB is initialized.
 3881999	[INFO]	XnOpenNI.cpp	1261	Creating node 'Device1' of type Device...
 3883045	[INFO]	XnDeviceModule.cpp	431	Module 'Device' configuration was loaded from file.
 4434957	[INFO]	XnDeviceSensorIO.cpp	135	Connected to USB device
 4435014	[INFO]	XnProperty.cpp	151	Property Device.USBPath was changed to 045e/02ae@253/8.
 4443198	[INFO]	XnHostProtocol.cpp	825	Hardware versions: FW=5.1.4 (7) HW=4 Chip=2 Sensor=4 SYS=7
 5856596	[INFO]	XnProperty.cpp	151	Property Device.ID was changed to 0.
 5856686	[INFO]	XnSensor.cpp	182	Device sensor initialized
 5856825	[INFO]	XnOpenNI.cpp	1261	Creating node 'Depth1' of type Depth...
 5856881	[INFO]	XnDeviceBase.cpp	1383	Creating stream 'Depth1' of type 'Depth'...
 5856908	[INFO]	XnProperty.cpp	74	Setting Device.ReadData to 1...
 5856953	[INFO]	XnDeviceSensorIO.cpp	298	Endpoints open
 5869416	[INFO]	XnProperty.cpp	151	Property Device.ReadData was changed to 1.
 5869478	[INFO]	XnProperty.cpp	101	Device.ReadData was successfully set.
 5870115	[INFO]	XnProperty.cpp	151	Property Depth1.Resolution was changed to 0.
 5870153	[INFO]	XnProperty.cpp	151	Property Depth1.XRes was changed to 320.
 5870179	[INFO]	XnProperty.cpp	151	Property Depth1.YRes was changed to 240.
 5870204	[INFO]	XnProperty.cpp	151	Property Depth1.FPS was changed to 30.
 5870227	[INFO]	XnProperty.cpp	151	Property Depth1.OutputFormat was changed to 1.
 5870251	[INFO]	XnProperty.cpp	151	Property Depth1.BytesPerPixel was changed to 2.
 5870276	[INFO]	XnProperty.cpp	151	Property Depth1.RequiredDataSize was changed to 153600.
 5870308	[INFO]	XnProperty.cpp	151	Property Depth1.ParamCoeff was changed to 4.
 5870427	[INFO]	XnProperty.cpp	151	Property Depth1.ShiftScale was changed to 10.
 5882848	[INFO]	XnProperty.cpp	151	Property Depth1.ConstShift was changed to 200.
 5882976	[INFO]	XnProperty.cpp	151	Property Depth1.ZPD was changed to 120.
 5883156	[INFO]	XnProperty.cpp	151	Property Depth1.ZPPS was changed to 0.104200.
 5883195	[INFO]	XnProperty.cpp	151	Property Depth1.LDDIS was changed to 7.500000.
 5883381	[INFO]	XnProperty.cpp	151	Property Depth1.Gain was changed to 30.
 5883443	[INFO]	XnDeviceBase.cpp	1458	Stream 'Depth1' was initialized.
 5883478	[INFO]	XnDeviceBase.cpp	1463	'Depth1' stream was created.
 5883770	[INFO]	XnProperty.cpp	74	Setting Depth1.InputFormat to 3...
 5883815	[INFO]	XnProperty.cpp	151	Property Depth1.InputFormat was changed to 3.
 5883848	[INFO]	XnProperty.cpp	101	Depth1.InputFormat was successfully set.
 5884801	[INFO]	XnProperty.cpp	74	Setting Depth1.RegistrationType to 2...
 5884840	[INFO]	XnProperty.cpp	151	Property Depth1.RegistrationType was changed to 2.
 5884867	[INFO]	XnProperty.cpp	101	Depth1.RegistrationType was successfully set.
 5885806	[INFO]	XnDeviceModule.cpp	431	Module 'Depth1' configuration was loaded from file.
 5886113	[INFO]	XnProperty.cpp	74	Setting Depth1.FPS to 30...
 5886145	[INFO]	XnProperty.cpp	86	Depth1.FPS value did not change.
 5886171	[INFO]	XnProperty.cpp	74	Setting Depth1.YRes to 480...
 5886202	[INFO]	XnProperty.cpp	151	Property Depth1.Resolution was changed to 1.
 5886232	[INFO]	XnProperty.cpp	151	Property Depth1.XRes was changed to 640.
 5886260	[INFO]	XnProperty.cpp	151	Property Depth1.RequiredDataSize was changed to 307200.
 5886290	[INFO]	XnProperty.cpp	151	Property Depth1.YRes was changed to 480.
 5886320	[INFO]	XnProperty.cpp	151	Property Depth1.RequiredDataSize was changed to 614400.
 5886349	[INFO]	XnProperty.cpp	101	Depth1.YRes was successfully set.
 5886380	[INFO]	XnProperty.cpp	74	Setting Depth1.XRes to 640...
 5886405	[INFO]	XnProperty.cpp	86	Depth1.XRes value did not change.
 5886486	[INFO]	XnProperty.cpp	74	Setting Depth1.Mirror to 1...
 5886519	[INFO]	XnProperty.cpp	151	Property Depth1.FirmwareMirror was changed to 1.
 5886588	[INFO]	XnProperty.cpp	151	Property Depth1.Mirror was changed to 1.
 5886616	[INFO]	XnProperty.cpp	101	Depth1.Mirror was successfully set.
10421547	[INFO]	XnOpenNI.cpp	1261	Creating node 'User1' of type User...
10445135	[WARNING]	Linux-x86Threads.cpp	173	Failed to set thread priority: Invalid argument
10445182	[WARNING]	XnUSBLinux-x86.cpp	126	USB events thread: Failed to set thread priority to critical. This might cause loss of data...
10445959	[INFO]	XnUSBLinux-x86.cpp	1222	USB read thread was started.
10445983	[INFO]	XnProperty.cpp	151	Property Depth1.ActualReadData was changed to 1.
10915913	[INFO]	XnProperty.cpp	151	Property Depth1.State was changed to 1.
10915956	[INFO]	XnDeviceBase.cpp	370	Stream Depth1 is open.
16050526	[INFO]	XnOpenNI.cpp	1261	Creating node 'Image1' of type Image...
16050579	[INFO]	XnDeviceBase.cpp	1383	Creating stream 'Image1' of type 'Image'...
16050802	[INFO]	XnProperty.cpp	151	Property Image1.Resolution was changed to 0.
16050828	[INFO]	XnProperty.cpp	151	Property Image1.XRes was changed to 320.
16050847	[INFO]	XnProperty.cpp	151	Property Image1.YRes was changed to 240.
16050864	[INFO]	XnProperty.cpp	151	Property Image1.FPS was changed to 30.
16050881	[INFO]	XnProperty.cpp	151	Property Image1.OutputFormat was changed to 5.
16050900	[INFO]	XnProperty.cpp	151	Property Image1.BytesPerPixel was changed to 3.
16050918	[INFO]	XnProperty.cpp	151	Property Image1.RequiredDataSize was changed to 230400.
16050967	[INFO]	XnDeviceBase.cpp	1458	Stream 'Image1' was initialized.
16050990	[INFO]	XnDeviceBase.cpp	1463	'Image1' stream was created.
16051132	[INFO]	XnProperty.cpp	74	Setting Image1.InputFormat to 6...
16051160	[INFO]	XnProperty.cpp	151	Property Image1.InputFormat was changed to 6.
16051194	[INFO]	XnProperty.cpp	101	Image1.InputFormat was successfully set.
16051804	[INFO]	XnDeviceModule.cpp	431	Module 'Image1' configuration was loaded from file.
16051911	[INFO]	XnProperty.cpp	74	Setting Image1.FPS to 30...
16051936	[INFO]	XnProperty.cpp	86	Image1.FPS value did not change.
16051955	[INFO]	XnProperty.cpp	74	Setting Image1.YRes to 480...
16051976	[INFO]	XnProperty.cpp	151	Property Image1.Resolution was changed to 1.
16051999	[INFO]	XnProperty.cpp	151	Property Image1.XRes was changed to 640.
16052021	[INFO]	XnProperty.cpp	151	Property Image1.RequiredDataSize was changed to 460800.
16052046	[INFO]	XnProperty.cpp	151	Property Image1.YRes was changed to 480.
16052070	[INFO]	XnProperty.cpp	151	Property Image1.RequiredDataSize was changed to 921600.
16052091	[INFO]	XnProperty.cpp	101	Image1.YRes was successfully set.
16052116	[INFO]	XnProperty.cpp	74	Setting Image1.XRes to 640...
16052138	[INFO]	XnProperty.cpp	86	Image1.XRes value did not change.
16052988	[INFO]	XnUSBLinux-x86.cpp	1222	USB read thread was started.
16053041	[INFO]	XnProperty.cpp	151	Property Image1.ActualReadData was changed to 1.
16218348	[WARNING]	XnDepthProcessor.cpp	133	Read: Depth buffer is corrupt. Size is 591680 (!= 614400)
16218395	[WARNING]	XnFrameStreamProcessor.cpp	132	Depth frame is corrupt!
16254304	[WARNING]	XnDepthProcessor.cpp	133	Read: Depth buffer is corrupt. Size is 587168 (!= 614400)
16254350	[WARNING]	XnFrameStreamProcessor.cpp	132	Depth frame is corrupt!
19154879	[WARNING]	XnDepthProcessor.cpp	133	Read: Depth buffer is corrupt. Size is 597024 (!= 614400)
19154926	[WARNING]	XnFrameStreamProcessor.cpp	132	Depth frame is corrupt!
19253944	[INFO]	XnProperty.cpp	151	Property Image1.State was changed to 1.
19253988	[INFO]	XnDeviceBase.cpp	370	Stream Image1 is open.
19254186	[INFO]	XnProperty.cpp	74	Setting Depth1.Registration to 1...
19290950	[WARNING]	XnDepthProcessor.cpp	133	Read: Depth buffer is corrupt. Size is 588064 (!= 614400)
19290999	[WARNING]	XnFrameStreamProcessor.cpp	132	Depth frame is corrupt!
19407011	[INFO]	XnProperty.cpp	151	Property Depth1.Registration was changed to 1.
19407055	[INFO]	XnProperty.cpp	101	Depth1.Registration was successfully set.
19407102	[INFO]	XnProperty.cpp	74	Setting Image1.Mirror to 1...
19419487	[INFO]	XnProperty.cpp	151	Property Image1.FirmwareMirror was changed to 1.
19419563	[INFO]	XnProperty.cpp	151	Property Image1.Mirror was changed to 1.
19419576	[INFO]	XnProperty.cpp	101	Image1.Mirror was successfully set.
26240805	[INFO]	XnOpenNI.cpp	1459	Destroying node 'User1'
26249225	[INFO]	XnOpenNI.cpp	1459	Destroying node 'Depth1'
26249312	[INFO]	XnDeviceBase.cpp	1507	Destroying stream 'Depth1'...
26250515	[INFO]	XnOpenNI.cpp	1459	Destroying node 'Image1'
26250568	[INFO]	XnDeviceBase.cpp	1507	Destroying stream 'Image1'...
26251364	[INFO]	XnOpenNI.cpp	1459	Destroying node 'Device1'
