    1343	[INFO]	XnLog.cpp	165	OpenNI version is 1.0.0 (Build 25)-MacOSX (Jan  7 2011 14:20:18)
    1389	[INFO]	XnLog.cpp	173	Log system initialized. Console: 1, File: 1, Severity: INFO, Masks: ALL
    1412	[INFO]	XnLog.cpp	173	Log system initialized. Console: 1, File: 1, Severity: INFO, Masks: ALL
    2517	[INFO]	XnUSBLinux-x86.cpp	98	USB is initialized.
 2893755	[INFO]	XnOpenNI.cpp	1261	Creating node 'Device1' of type Device...
 2894703	[INFO]	XnDeviceModule.cpp	431	Module 'Device' configuration was loaded from file.
 3224925	[INFO]	XnDeviceSensorIO.cpp	135	Connected to USB device
 3224974	[INFO]	XnProperty.cpp	151	Property Device.USBPath was changed to 045e/02ae@250/10.
 3232596	[INFO]	XnHostProtocol.cpp	825	Hardware versions: FW=5.1.4 (7) HW=4 Chip=2 Sensor=4 SYS=7
 4644218	[INFO]	XnProperty.cpp	151	Property Device.ID was changed to 0.
 4644277	[INFO]	XnSensor.cpp	182	Device sensor initialized
 4644389	[INFO]	XnOpenNI.cpp	1261	Creating node 'Depth1' of type Depth...
 4644444	[INFO]	XnDeviceBase.cpp	1383	Creating stream 'Depth1' of type 'Depth'...
 4644471	[INFO]	XnProperty.cpp	74	Setting Device.ReadData to 1...
 4644513	[INFO]	XnDeviceSensorIO.cpp	298	Endpoints open
 4656931	[INFO]	XnProperty.cpp	151	Property Device.ReadData was changed to 1.
 4656975	[INFO]	XnProperty.cpp	101	Device.ReadData was successfully set.
 4657311	[INFO]	XnProperty.cpp	151	Property Depth1.Resolution was changed to 0.
 4657332	[INFO]	XnProperty.cpp	151	Property Depth1.XRes was changed to 320.
 4657345	[INFO]	XnProperty.cpp	151	Property Depth1.YRes was changed to 240.
 4657363	[INFO]	XnProperty.cpp	151	Property Depth1.FPS was changed to 30.
 4657382	[INFO]	XnProperty.cpp	151	Property Depth1.OutputFormat was changed to 1.
 4657402	[INFO]	XnProperty.cpp	151	Property Depth1.BytesPerPixel was changed to 2.
 4657422	[INFO]	XnProperty.cpp	151	Property Depth1.RequiredDataSize was changed to 153600.
 4657446	[INFO]	XnProperty.cpp	151	Property Depth1.ParamCoeff was changed to 4.
 4657514	[INFO]	XnProperty.cpp	151	Property Depth1.ShiftScale was changed to 10.
 4669905	[INFO]	XnProperty.cpp	151	Property Depth1.ConstShift was changed to 200.
 4669972	[INFO]	XnProperty.cpp	151	Property Depth1.ZPD was changed to 120.
 4670068	[INFO]	XnProperty.cpp	151	Property Depth1.ZPPS was changed to 0.104200.
 4670084	[INFO]	XnProperty.cpp	151	Property Depth1.LDDIS was changed to 7.500000.
 4670166	[INFO]	XnProperty.cpp	151	Property Depth1.Gain was changed to 30.
 4670192	[INFO]	XnDeviceBase.cpp	1458	Stream 'Depth1' was initialized.
 4670206	[INFO]	XnDeviceBase.cpp	1463	'Depth1' stream was created.
 4670355	[INFO]	XnProperty.cpp	74	Setting Depth1.InputFormat to 3...
 4670377	[INFO]	XnProperty.cpp	151	Property Depth1.InputFormat was changed to 3.
 4670390	[INFO]	XnProperty.cpp	101	Depth1.InputFormat was successfully set.
 4670817	[INFO]	XnProperty.cpp	74	Setting Depth1.RegistrationType to 2...
 4670833	[INFO]	XnProperty.cpp	151	Property Depth1.RegistrationType was changed to 2.
 4670844	[INFO]	XnProperty.cpp	101	Depth1.RegistrationType was successfully set.
 4671520	[INFO]	XnDeviceModule.cpp	431	Module 'Depth1' configuration was loaded from file.
 4671730	[INFO]	XnProperty.cpp	74	Setting Depth1.FPS to 30...
 4671750	[INFO]	XnProperty.cpp	86	Depth1.FPS value did not change.
 4671768	[INFO]	XnProperty.cpp	74	Setting Depth1.YRes to 480...
 4671792	[INFO]	XnProperty.cpp	151	Property Depth1.Resolution was changed to 1.
 4671813	[INFO]	XnProperty.cpp	151	Property Depth1.XRes was changed to 640.
 4671833	[INFO]	XnProperty.cpp	151	Property Depth1.RequiredDataSize was changed to 307200.
 4671855	[INFO]	XnProperty.cpp	151	Property Depth1.YRes was changed to 480.
 4671873	[INFO]	XnProperty.cpp	151	Property Depth1.RequiredDataSize was changed to 614400.
 4671893	[INFO]	XnProperty.cpp	101	Depth1.YRes was successfully set.
 4671913	[INFO]	XnProperty.cpp	74	Setting Depth1.XRes to 640...
 4671930	[INFO]	XnProperty.cpp	86	Depth1.XRes value did not change.
 4672014	[INFO]	XnProperty.cpp	74	Setting Depth1.Mirror to 1...
 4672038	[INFO]	XnProperty.cpp	151	Property Depth1.FirmwareMirror was changed to 1.
 4672098	[INFO]	XnProperty.cpp	151	Property Depth1.Mirror was changed to 1.
 4672115	[INFO]	XnProperty.cpp	101	Depth1.Mirror was successfully set.
 7268678	[INFO]	XnOpenNI.cpp	1261	Creating node 'User1' of type User...
 7294255	[WARNING]	Linux-x86Threads.cpp	173	Failed to set thread priority: Invalid argument
 7294304	[WARNING]	XnUSBLinux-x86.cpp	126	USB events thread: Failed to set thread priority to critical. This might cause loss of data...
 7295184	[INFO]	XnUSBLinux-x86.cpp	1222	USB read thread was started.
 7295213	[INFO]	XnProperty.cpp	151	Property Depth1.ActualReadData was changed to 1.
 7766185	[INFO]	XnProperty.cpp	151	Property Depth1.State was changed to 1.
 7766227	[INFO]	XnDeviceBase.cpp	370	Stream Depth1 is open.
11090041	[INFO]	XnOpenNI.cpp	1261	Creating node 'Image1' of type Image...
11090093	[INFO]	XnDeviceBase.cpp	1383	Creating stream 'Image1' of type 'Image'...
11090305	[INFO]	XnProperty.cpp	151	Property Image1.Resolution was changed to 0.
11090332	[INFO]	XnProperty.cpp	151	Property Image1.XRes was changed to 320.
11090352	[INFO]	XnProperty.cpp	151	Property Image1.YRes was changed to 240.
11090370	[INFO]	XnProperty.cpp	151	Property Image1.FPS was changed to 30.
11090398	[INFO]	XnProperty.cpp	151	Property Image1.OutputFormat was changed to 5.
11090420	[INFO]	XnProperty.cpp	151	Property Image1.BytesPerPixel was changed to 3.
11090441	[INFO]	XnProperty.cpp	151	Property Image1.RequiredDataSize was changed to 230400.
11090484	[INFO]	XnDeviceBase.cpp	1458	Stream 'Image1' was initialized.
11090506	[INFO]	XnDeviceBase.cpp	1463	'Image1' stream was created.
11090640	[INFO]	XnProperty.cpp	74	Setting Image1.InputFormat to 6...
11090671	[INFO]	XnProperty.cpp	151	Property Image1.InputFormat was changed to 6.
11090691	[INFO]	XnProperty.cpp	101	Image1.InputFormat was successfully set.
11091304	[INFO]	XnDeviceModule.cpp	431	Module 'Image1' configuration was loaded from file.
11091441	[INFO]	XnProperty.cpp	74	Setting Image1.FPS to 30...
11091465	[INFO]	XnProperty.cpp	86	Image1.FPS value did not change.
11091484	[INFO]	XnProperty.cpp	74	Setting Image1.YRes to 480...
11091504	[INFO]	XnProperty.cpp	151	Property Image1.Resolution was changed to 1.
11091522	[INFO]	XnProperty.cpp	151	Property Image1.XRes was changed to 640.
11091540	[INFO]	XnProperty.cpp	151	Property Image1.RequiredDataSize was changed to 460800.
11091561	[INFO]	XnProperty.cpp	151	Property Image1.YRes was changed to 480.
11091578	[INFO]	XnProperty.cpp	151	Property Image1.RequiredDataSize was changed to 921600.
11091596	[INFO]	XnProperty.cpp	101	Image1.YRes was successfully set.
11091615	[INFO]	XnProperty.cpp	74	Setting Image1.XRes to 640...
11091631	[INFO]	XnProperty.cpp	86	Image1.XRes value did not change.
11092746	[INFO]	XnUSBLinux-x86.cpp	1222	USB read thread was started.
11092810	[INFO]	XnProperty.cpp	151	Property Image1.ActualReadData was changed to 1.
11266558	[WARNING]	XnDepthProcessor.cpp	133	Read: Depth buffer is corrupt. Size is 574432 (!= 614400)
11266604	[WARNING]	XnFrameStreamProcessor.cpp	132	Depth frame is corrupt!
14293537	[INFO]	XnProperty.cpp	151	Property Image1.State was changed to 1.
14293581	[INFO]	XnDeviceBase.cpp	370	Stream Image1 is open.
14293758	[INFO]	XnProperty.cpp	74	Setting Depth1.Registration to 1...
14338565	[WARNING]	XnDepthProcessor.cpp	133	Read: Depth buffer is corrupt. Size is 596960 (!= 614400)
14338613	[WARNING]	XnFrameStreamProcessor.cpp	132	Depth frame is corrupt!
14444294	[INFO]	XnProperty.cpp	151	Property Depth1.Registration was changed to 1.
14444336	[INFO]	XnProperty.cpp	101	Depth1.Registration was successfully set.
14444381	[INFO]	XnProperty.cpp	74	Setting Image1.Mirror to 1...
14457191	[INFO]	XnProperty.cpp	151	Property Image1.FirmwareMirror was changed to 1.
14457246	[INFO]	XnProperty.cpp	151	Property Image1.Mirror was changed to 1.
14457266	[INFO]	XnProperty.cpp	101	Image1.Mirror was successfully set.
