    1887	[INFO]	XnLog.cpp	165	OpenNI version is 1.0.0 (Build 25)-MacOSX (Jan  7 2011 14:20:18)
    1944	[INFO]	XnLog.cpp	173	Log system initialized. Console: 1, File: 1, Severity: INFO, Masks: ALL
    1975	[INFO]	XnLog.cpp	173	Log system initialized. Console: 1, File: 1, Severity: INFO, Masks: ALL
    3480	[INFO]	XnUSBLinux-x86.cpp	98	USB is initialized.
 4500036	[INFO]	XnOpenNI.cpp	1261	Creating node 'Device1' of type Device...
 4500797	[INFO]	XnDeviceModule.cpp	431	Module 'Device' configuration was loaded from file.
 5168076	[INFO]	XnDeviceSensorIO.cpp	135	Connected to USB device
 5168131	[INFO]	XnProperty.cpp	151	Property Device.USBPath was changed to 045e/02ae@250/10.
 5176058	[INFO]	XnHostProtocol.cpp	825	Hardware versions: FW=5.1.4 (7) HW=4 Chip=2 Sensor=4 SYS=7
 6587842	[INFO]	XnProperty.cpp	151	Property Device.ID was changed to 0.
 6587905	[INFO]	XnSensor.cpp	182	Device sensor initialized
 6588020	[INFO]	XnOpenNI.cpp	1261	Creating node 'Depth1' of type Depth...
 6588061	[INFO]	XnDeviceBase.cpp	1383	Creating stream 'Depth1' of type 'Depth'...
 6588079	[INFO]	XnProperty.cpp	74	Setting Device.ReadData to 1...
 6588110	[INFO]	XnDeviceSensorIO.cpp	298	Endpoints open
 6600540	[INFO]	XnProperty.cpp	151	Property Device.ReadData was changed to 1.
 6600610	[INFO]	XnProperty.cpp	101	Device.ReadData was successfully set.
 6601150	[INFO]	XnProperty.cpp	151	Property Depth1.Resolution was changed to 0.
 6601180	[INFO]	XnProperty.cpp	151	Property Depth1.XRes was changed to 320.
 6601202	[INFO]	XnProperty.cpp	151	Property Depth1.YRes was changed to 240.
 6601222	[INFO]	XnProperty.cpp	151	Property Depth1.FPS was changed to 30.
 6601241	[INFO]	XnProperty.cpp	151	Property Depth1.OutputFormat was changed to 1.
 6601258	[INFO]	XnProperty.cpp	151	Property Depth1.BytesPerPixel was changed to 2.
 6601277	[INFO]	XnProperty.cpp	151	Property Depth1.RequiredDataSize was changed to 153600.
 6601301	[INFO]	XnProperty.cpp	151	Property Depth1.ParamCoeff was changed to 4.
 6601374	[INFO]	XnProperty.cpp	151	Property Depth1.ShiftScale was changed to 10.
 6614265	[INFO]	XnProperty.cpp	151	Property Depth1.ConstShift was changed to 200.
 6614359	[INFO]	XnProperty.cpp	151	Property Depth1.ZPD was changed to 120.
 6614472	[INFO]	XnProperty.cpp	151	Property Depth1.ZPPS was changed to 0.104200.
 6614498	[INFO]	XnProperty.cpp	151	Property Depth1.LDDIS was changed to 7.500000.
 6614624	[INFO]	XnProperty.cpp	151	Property Depth1.Gain was changed to 30.
 6614670	[INFO]	XnDeviceBase.cpp	1458	Stream 'Depth1' was initialized.
 6614694	[INFO]	XnDeviceBase.cpp	1463	'Depth1' stream was created.
 6614909	[INFO]	XnProperty.cpp	74	Setting Depth1.InputFormat to 3...
 6614943	[INFO]	XnProperty.cpp	151	Property Depth1.InputFormat was changed to 3.
 6614965	[INFO]	XnProperty.cpp	101	Depth1.InputFormat was successfully set.
 6615662	[INFO]	XnProperty.cpp	74	Setting Depth1.RegistrationType to 2...
 6615698	[INFO]	XnProperty.cpp	151	Property Depth1.RegistrationType was changed to 2.
 6615720	[INFO]	XnProperty.cpp	101	Depth1.RegistrationType was successfully set.
 6616407	[INFO]	XnDeviceModule.cpp	431	Module 'Depth1' configuration was loaded from file.
 6616667	[INFO]	XnProperty.cpp	74	Setting Depth1.FPS to 30...
 6616691	[INFO]	XnProperty.cpp	86	Depth1.FPS value did not change.
 6616711	[INFO]	XnProperty.cpp	74	Setting Depth1.YRes to 480...
 6616736	[INFO]	XnProperty.cpp	151	Property Depth1.Resolution was changed to 1.
 6616759	[INFO]	XnProperty.cpp	151	Property Depth1.XRes was changed to 640.
 6616777	[INFO]	XnProperty.cpp	151	Property Depth1.RequiredDataSize was changed to 307200.
 6616800	[INFO]	XnProperty.cpp	151	Property Depth1.YRes was changed to 480.
 6616817	[INFO]	XnProperty.cpp	151	Property Depth1.RequiredDataSize was changed to 614400.
 6616835	[INFO]	XnProperty.cpp	101	Depth1.YRes was successfully set.
 6616854	[INFO]	XnProperty.cpp	74	Setting Depth1.XRes to 640...
 6616872	[INFO]	XnProperty.cpp	86	Depth1.XRes value did not change.
 6616937	[INFO]	XnProperty.cpp	74	Setting Depth1.Mirror to 1...
 6616962	[INFO]	XnProperty.cpp	151	Property Depth1.FirmwareMirror was changed to 1.
 6617023	[INFO]	XnProperty.cpp	151	Property Depth1.Mirror was changed to 1.
 6617045	[INFO]	XnProperty.cpp	101	Depth1.Mirror was successfully set.
12476062	[INFO]	XnOpenNI.cpp	1261	Creating node 'User1' of type User...
12501098	[WARNING]	Linux-x86Threads.cpp	173	Failed to set thread priority: Invalid argument
12501145	[WARNING]	XnUSBLinux-x86.cpp	126	USB events thread: Failed to set thread priority to critical. This might cause loss of data...
12501945	[INFO]	XnUSBLinux-x86.cpp	1222	USB read thread was started.
12501970	[INFO]	XnProperty.cpp	151	Property Depth1.ActualReadData was changed to 1.
12973327	[INFO]	XnProperty.cpp	151	Property Depth1.State was changed to 1.
12973371	[INFO]	XnDeviceBase.cpp	370	Stream Depth1 is open.
18982065	[INFO]	XnOpenNI.cpp	1261	Creating node 'Image1' of type Image...
18982124	[INFO]	XnDeviceBase.cpp	1383	Creating stream 'Image1' of type 'Image'...
18982334	[INFO]	XnProperty.cpp	151	Property Image1.Resolution was changed to 0.
18982358	[INFO]	XnProperty.cpp	151	Property Image1.XRes was changed to 320.
18982378	[INFO]	XnProperty.cpp	151	Property Image1.YRes was changed to 240.
18982397	[INFO]	XnProperty.cpp	151	Property Image1.FPS was changed to 30.
18982416	[INFO]	XnProperty.cpp	151	Property Image1.OutputFormat was changed to 5.
18982436	[INFO]	XnProperty.cpp	151	Property Image1.BytesPerPixel was changed to 3.
18982455	[INFO]	XnProperty.cpp	151	Property Image1.RequiredDataSize was changed to 230400.
18982496	[INFO]	XnDeviceBase.cpp	1458	Stream 'Image1' was initialized.
18982516	[INFO]	XnDeviceBase.cpp	1463	'Image1' stream was created.
18982635	[INFO]	XnProperty.cpp	74	Setting Image1.InputFormat to 6...
18982662	[INFO]	XnProperty.cpp	151	Property Image1.InputFormat was changed to 6.
18982681	[INFO]	XnProperty.cpp	101	Image1.InputFormat was successfully set.
18983190	[INFO]	XnDeviceModule.cpp	431	Module 'Image1' configuration was loaded from file.
18983306	[INFO]	XnProperty.cpp	74	Setting Image1.FPS to 30...
18983329	[INFO]	XnProperty.cpp	86	Image1.FPS value did not change.
18983347	[INFO]	XnProperty.cpp	74	Setting Image1.YRes to 480...
18983371	[INFO]	XnProperty.cpp	151	Property Image1.Resolution was changed to 1.
18983390	[INFO]	XnProperty.cpp	151	Property Image1.XRes was changed to 640.
18983408	[INFO]	XnProperty.cpp	151	Property Image1.RequiredDataSize was changed to 460800.
18983428	[INFO]	XnProperty.cpp	151	Property Image1.YRes was changed to 480.
18983446	[INFO]	XnProperty.cpp	151	Property Image1.RequiredDataSize was changed to 921600.
18983464	[INFO]	XnProperty.cpp	101	Image1.YRes was successfully set.
18983482	[INFO]	XnProperty.cpp	74	Setting Image1.XRes to 640...
18983499	[INFO]	XnProperty.cpp	86	Image1.XRes value did not change.
18984716	[INFO]	XnUSBLinux-x86.cpp	1222	USB read thread was started.
18984774	[INFO]	XnProperty.cpp	151	Property Image1.ActualReadData was changed to 1.
19179123	[WARNING]	XnDepthProcessor.cpp	133	Read: Depth buffer is corrupt. Size is 555616 (!= 614400)
19179168	[WARNING]	XnFrameStreamProcessor.cpp	132	Depth frame is corrupt!
22079694	[WARNING]	XnDepthProcessor.cpp	133	Read: Depth buffer is corrupt. Size is 587168 (!= 614400)
22079740	[WARNING]	XnFrameStreamProcessor.cpp	132	Depth frame is corrupt!
22186990	[INFO]	XnProperty.cpp	151	Property Image1.State was changed to 1.
22187035	[INFO]	XnDeviceBase.cpp	370	Stream Image1 is open.
22187236	[INFO]	XnProperty.cpp	74	Setting Depth1.Registration to 1...
22341241	[INFO]	XnProperty.cpp	151	Property Depth1.Registration was changed to 1.
22341285	[INFO]	XnProperty.cpp	101	Depth1.Registration was successfully set.
22341331	[INFO]	XnProperty.cpp	74	Setting Image1.Mirror to 1...
22353605	[INFO]	XnProperty.cpp	151	Property Image1.FirmwareMirror was changed to 1.
22353649	[INFO]	XnProperty.cpp	151	Property Image1.Mirror was changed to 1.
22353662	[INFO]	XnProperty.cpp	101	Image1.Mirror was successfully set.
32135270	[INFO]	XnOpenNI.cpp	1459	Destroying node 'User1'
32144711	[INFO]	XnOpenNI.cpp	1459	Destroying node 'Depth1'
32144809	[INFO]	XnDeviceBase.cpp	1507	Destroying stream 'Depth1'...
32146424	[INFO]	XnOpenNI.cpp	1459	Destroying node 'Image1'
32146547	[INFO]	XnDeviceBase.cpp	1507	Destroying stream 'Image1'...
32149394	[INFO]	XnOpenNI.cpp	1459	Destroying node 'Device1'
