    1568	[INFO]	XnLog.cpp	165	OpenNI version is 1.0.0 (Build 25)-MacOSX (Jan  7 2011 14:20:18)
    1612	[INFO]	XnLog.cpp	173	Log system initialized. Console: 1, File: 1, Severity: INFO, Masks: ALL
    1635	[INFO]	XnLog.cpp	173	Log system initialized. Console: 1, File: 1, Severity: INFO, Masks: ALL
    2744	[INFO]	XnUSBLinux-x86.cpp	98	USB is initialized.
 2935162	[INFO]	XnOpenNI.cpp	1261	Creating node 'Device1' of type Device...
 2936623	[INFO]	XnDeviceModule.cpp	431	Module 'Device' configuration was loaded from file.
 3260509	[INFO]	XnDeviceSensorIO.cpp	135	Connected to USB device
 3260563	[INFO]	XnProperty.cpp	151	Property Device.USBPath was changed to 045e/02ae@253/8.
 3267644	[INFO]	XnHostProtocol.cpp	825	Hardware versions: FW=5.1.4 (7) HW=4 Chip=2 Sensor=4 SYS=7
 4680164	[INFO]	XnProperty.cpp	151	Property Device.ID was changed to 0.
 4680233	[INFO]	XnSensor.cpp	182	Device sensor initialized
 4680376	[INFO]	XnOpenNI.cpp	1261	Creating node 'Depth1' of type Depth...
 4680449	[INFO]	XnDeviceBase.cpp	1383	Creating stream 'Depth1' of type 'Depth'...
 4680482	[INFO]	XnProperty.cpp	74	Setting Device.ReadData to 1...
 4680535	[INFO]	XnDeviceSensorIO.cpp	298	Endpoints open
 4693089	[INFO]	XnProperty.cpp	151	Property Device.ReadData was changed to 1.
 4693141	[INFO]	XnProperty.cpp	101	Device.ReadData was successfully set.
 4693576	[INFO]	XnProperty.cpp	151	Property Depth1.Resolution was changed to 0.
 4693601	[INFO]	XnProperty.cpp	151	Property Depth1.XRes was changed to 320.
 4693618	[INFO]	XnProperty.cpp	151	Property Depth1.YRes was changed to 240.
 4693639	[INFO]	XnProperty.cpp	151	Property Depth1.FPS was changed to 30.
 4693663	[INFO]	XnProperty.cpp	151	Property Depth1.OutputFormat was changed to 1.
 4693687	[INFO]	XnProperty.cpp	151	Property Depth1.BytesPerPixel was changed to 2.
 4693712	[INFO]	XnProperty.cpp	151	Property Depth1.RequiredDataSize was changed to 153600.
 4693737	[INFO]	XnProperty.cpp	151	Property Depth1.ParamCoeff was changed to 4.
 4693818	[INFO]	XnProperty.cpp	151	Property Depth1.ShiftScale was changed to 10.
 4706288	[INFO]	XnProperty.cpp	151	Property Depth1.ConstShift was changed to 200.
 4706393	[INFO]	XnProperty.cpp	151	Property Depth1.ZPD was changed to 120.
 4706503	[INFO]	XnProperty.cpp	151	Property Depth1.ZPPS was changed to 0.104200.
 4706519	[INFO]	XnProperty.cpp	151	Property Depth1.LDDIS was changed to 7.500000.
 4706637	[INFO]	XnProperty.cpp	151	Property Depth1.Gain was changed to 30.
 4706672	[INFO]	XnDeviceBase.cpp	1458	Stream 'Depth1' was initialized.
 4706688	[INFO]	XnDeviceBase.cpp	1463	'Depth1' stream was created.
 4706857	[INFO]	XnProperty.cpp	74	Setting Depth1.InputFormat to 3...
 4706880	[INFO]	XnProperty.cpp	151	Property Depth1.InputFormat was changed to 3.
 4706895	[INFO]	XnProperty.cpp	101	Depth1.InputFormat was successfully set.
 4707392	[INFO]	XnProperty.cpp	74	Setting Depth1.RegistrationType to 2...
 4707411	[INFO]	XnProperty.cpp	151	Property Depth1.RegistrationType was changed to 2.
 4707424	[INFO]	XnProperty.cpp	101	Depth1.RegistrationType was successfully set.
 4707929	[INFO]	XnDeviceModule.cpp	431	Module 'Depth1' configuration was loaded from file.
 4708109	[INFO]	XnProperty.cpp	74	Setting Depth1.FPS to 30...
 4708126	[INFO]	XnProperty.cpp	86	Depth1.FPS value did not change.
 4708138	[INFO]	XnProperty.cpp	74	Setting Depth1.YRes to 480...
 4708153	[INFO]	XnProperty.cpp	151	Property Depth1.Resolution was changed to 1.
 4708166	[INFO]	XnProperty.cpp	151	Property Depth1.XRes was changed to 640.
 4708177	[INFO]	XnProperty.cpp	151	Property Depth1.RequiredDataSize was changed to 307200.
 4708192	[INFO]	XnProperty.cpp	151	Property Depth1.YRes was changed to 480.
 4708204	[INFO]	XnProperty.cpp	151	Property Depth1.RequiredDataSize was changed to 614400.
 4708217	[INFO]	XnProperty.cpp	101	Depth1.YRes was successfully set.
 4708229	[INFO]	XnProperty.cpp	74	Setting Depth1.XRes to 640...
 4708240	[INFO]	XnProperty.cpp	86	Depth1.XRes value did not change.
 4708284	[INFO]	XnProperty.cpp	74	Setting Depth1.Mirror to 1...
 4708299	[INFO]	XnProperty.cpp	151	Property Depth1.FirmwareMirror was changed to 1.
 4708341	[INFO]	XnProperty.cpp	151	Property Depth1.Mirror was changed to 1.
 4708353	[INFO]	XnProperty.cpp	101	Depth1.Mirror was successfully set.
 7228334	[INFO]	XnOpenNI.cpp	1261	Creating node 'User1' of type User...
 7254894	[WARNING]	Linux-x86Threads.cpp	173	Failed to set thread priority: Invalid argument
 7254941	[WARNING]	XnUSBLinux-x86.cpp	126	USB events thread: Failed to set thread priority to critical. This might cause loss of data...
 7255894	[INFO]	XnUSBLinux-x86.cpp	1222	USB read thread was started.
 7255938	[INFO]	XnProperty.cpp	151	Property Depth1.ActualReadData was changed to 1.
 7726704	[INFO]	XnProperty.cpp	151	Property Depth1.State was changed to 1.
 7726747	[INFO]	XnDeviceBase.cpp	370	Stream Depth1 is open.
11048480	[INFO]	XnOpenNI.cpp	1261	Creating node 'Image1' of type Image...
11048551	[INFO]	XnDeviceBase.cpp	1383	Creating stream 'Image1' of type 'Image'...
11048830	[INFO]	XnProperty.cpp	151	Property Image1.Resolution was changed to 0.
11048859	[INFO]	XnProperty.cpp	151	Property Image1.XRes was changed to 320.
11048879	[INFO]	XnProperty.cpp	151	Property Image1.YRes was changed to 240.
11048898	[INFO]	XnProperty.cpp	151	Property Image1.FPS was changed to 30.
11048916	[INFO]	XnProperty.cpp	151	Property Image1.OutputFormat was changed to 5.
11048936	[INFO]	XnProperty.cpp	151	Property Image1.BytesPerPixel was changed to 3.
11048955	[INFO]	XnProperty.cpp	151	Property Image1.RequiredDataSize was changed to 230400.
11048995	[INFO]	XnDeviceBase.cpp	1458	Stream 'Image1' was initialized.
11049016	[INFO]	XnDeviceBase.cpp	1463	'Image1' stream was created.
11049149	[INFO]	XnProperty.cpp	74	Setting Image1.InputFormat to 6...
11049179	[INFO]	XnProperty.cpp	151	Property Image1.InputFormat was changed to 6.
11049199	[INFO]	XnProperty.cpp	101	Image1.InputFormat was successfully set.
11050070	[INFO]	XnDeviceModule.cpp	431	Module 'Image1' configuration was loaded from file.
11050238	[INFO]	XnProperty.cpp	74	Setting Image1.FPS to 30...
11050269	[INFO]	XnProperty.cpp	86	Image1.FPS value did not change.
11050297	[INFO]	XnProperty.cpp	74	Setting Image1.YRes to 480...
11050324	[INFO]	XnProperty.cpp	151	Property Image1.Resolution was changed to 1.
11050355	[INFO]	XnProperty.cpp	151	Property Image1.XRes was changed to 640.
11050385	[INFO]	XnProperty.cpp	151	Property Image1.RequiredDataSize was changed to 460800.
11050417	[INFO]	XnProperty.cpp	151	Property Image1.YRes was changed to 480.
11050448	[INFO]	XnProperty.cpp	151	Property Image1.RequiredDataSize was changed to 921600.
11050477	[INFO]	XnProperty.cpp	101	Image1.YRes was successfully set.
11050512	[INFO]	XnProperty.cpp	74	Setting Image1.XRes to 640...
11050538	[INFO]	XnProperty.cpp	86	Image1.XRes value did not change.
11051439	[INFO]	XnUSBLinux-x86.cpp	1222	USB read thread was started.
11051471	[INFO]	XnProperty.cpp	151	Property Image1.ActualReadData was changed to 1.
11228780	[WARNING]	XnDepthProcessor.cpp	133	Read: Depth buffer is corrupt. Size is 538128 (!= 614400)
11228825	[WARNING]	XnFrameStreamProcessor.cpp	132	Depth frame is corrupt!
14252366	[INFO]	XnProperty.cpp	151	Property Image1.State was changed to 1.
14252409	[INFO]	XnDeviceBase.cpp	370	Stream Image1 is open.
14252597	[INFO]	XnProperty.cpp	74	Setting Depth1.Registration to 1...
14265256	[WARNING]	XnDepthProcessor.cpp	133	Read: Depth buffer is corrupt. Size is 592992 (!= 614400)
14265303	[WARNING]	XnFrameStreamProcessor.cpp	132	Depth frame is corrupt!
14404744	[INFO]	XnProperty.cpp	151	Property Depth1.Registration was changed to 1.
14404787	[INFO]	XnProperty.cpp	101	Depth1.Registration was successfully set.
14404831	[INFO]	XnProperty.cpp	74	Setting Image1.Mirror to 1...
14417260	[INFO]	XnProperty.cpp	151	Property Image1.FirmwareMirror was changed to 1.
14417307	[INFO]	XnProperty.cpp	151	Property Image1.Mirror was changed to 1.
14417326	[INFO]	XnProperty.cpp	101	Image1.Mirror was successfully set.
20604366	[INFO]	XnOpenNI.cpp	1459	Destroying node 'User1'
20613090	[INFO]	XnOpenNI.cpp	1459	Destroying node 'Depth1'
20613193	[INFO]	XnDeviceBase.cpp	1507	Destroying stream 'Depth1'...
20614391	[INFO]	XnOpenNI.cpp	1459	Destroying node 'Image1'
20614660	[INFO]	XnDeviceBase.cpp	1507	Destroying stream 'Image1'...
20615689	[INFO]	XnOpenNI.cpp	1459	Destroying node 'Device1'
