    1966	[INFO]	XnLog.cpp	165	OpenNI version is 1.0.0 (Build 25)-MacOSX (Jan  7 2011 14:20:18)
    2022	[INFO]	XnLog.cpp	173	Log system initialized. Console: 1, File: 1, Severity: INFO, Masks: ALL
    2057	[INFO]	XnLog.cpp	173	Log system initialized. Console: 1, File: 1, Severity: INFO, Masks: ALL
    3586	[INFO]	XnUSBLinux-x86.cpp	98	USB is initialized.
 2925131	[INFO]	XnOpenNI.cpp	1261	Creating node 'Device1' of type Device...
 2926439	[INFO]	XnDeviceModule.cpp	431	Module 'Device' configuration was loaded from file.
 3249690	[INFO]	XnDeviceSensorIO.cpp	135	Connected to USB device
 3249747	[INFO]	XnProperty.cpp	151	Property Device.USBPath was changed to 045e/02ae@253/8.
 3257320	[INFO]	XnHostProtocol.cpp	825	Hardware versions: FW=5.1.4 (7) HW=4 Chip=2 Sensor=4 SYS=7
 4668192	[INFO]	XnProperty.cpp	151	Property Device.ID was changed to 0.
 4668280	[INFO]	XnSensor.cpp	182	Device sensor initialized
 4668478	[INFO]	XnOpenNI.cpp	1261	Creating node 'Depth1' of type Depth...
 4668578	[INFO]	XnDeviceBase.cpp	1383	Creating stream 'Depth1' of type 'Depth'...
 4668623	[INFO]	XnProperty.cpp	74	Setting Device.ReadData to 1...
 4668700	[INFO]	XnDeviceSensorIO.cpp	298	Endpoints open
 4681231	[INFO]	XnProperty.cpp	151	Property Device.ReadData was changed to 1.
 4681299	[INFO]	XnProperty.cpp	101	Device.ReadData was successfully set.
 4681975	[INFO]	XnProperty.cpp	151	Property Depth1.Resolution was changed to 0.
 4682018	[INFO]	XnProperty.cpp	151	Property Depth1.XRes was changed to 320.
 4682052	[INFO]	XnProperty.cpp	151	Property Depth1.YRes was changed to 240.
 4682086	[INFO]	XnProperty.cpp	151	Property Depth1.FPS was changed to 30.
 4682116	[INFO]	XnProperty.cpp	151	Property Depth1.OutputFormat was changed to 1.
 4682149	[INFO]	XnProperty.cpp	151	Property Depth1.BytesPerPixel was changed to 2.
 4682183	[INFO]	XnProperty.cpp	151	Property Depth1.RequiredDataSize was changed to 153600.
 4682226	[INFO]	XnProperty.cpp	151	Property Depth1.ParamCoeff was changed to 4.
 4682350	[INFO]	XnProperty.cpp	151	Property Depth1.ShiftScale was changed to 10.
 4695088	[INFO]	XnProperty.cpp	151	Property Depth1.ConstShift was changed to 200.
 4695250	[INFO]	XnProperty.cpp	151	Property Depth1.ZPD was changed to 120.
 4695452	[INFO]	XnProperty.cpp	151	Property Depth1.ZPPS was changed to 0.104200.
 4695481	[INFO]	XnProperty.cpp	151	Property Depth1.LDDIS was changed to 7.500000.
 4695652	[INFO]	XnProperty.cpp	151	Property Depth1.Gain was changed to 30.
 4695716	[INFO]	XnDeviceBase.cpp	1458	Stream 'Depth1' was initialized.
 4695745	[INFO]	XnDeviceBase.cpp	1463	'Depth1' stream was created.
 4696010	[INFO]	XnProperty.cpp	74	Setting Depth1.InputFormat to 3...
 4696051	[INFO]	XnProperty.cpp	151	Property Depth1.InputFormat was changed to 3.
 4696077	[INFO]	XnProperty.cpp	101	Depth1.InputFormat was successfully set.
 4696980	[INFO]	XnProperty.cpp	74	Setting Depth1.RegistrationType to 2...
 4697014	[INFO]	XnProperty.cpp	151	Property Depth1.RegistrationType was changed to 2.
 4697038	[INFO]	XnProperty.cpp	101	Depth1.RegistrationType was successfully set.
 4697883	[INFO]	XnDeviceModule.cpp	431	Module 'Depth1' configuration was loaded from file.
 4698127	[INFO]	XnProperty.cpp	74	Setting Depth1.FPS to 30...
 4698153	[INFO]	XnProperty.cpp	86	Depth1.FPS value did not change.
 4698172	[INFO]	XnProperty.cpp	74	Setting Depth1.YRes to 480...
 4698196	[INFO]	XnProperty.cpp	151	Property Depth1.Resolution was changed to 1.
 4698218	[INFO]	XnProperty.cpp	151	Property Depth1.XRes was changed to 640.
 4698238	[INFO]	XnProperty.cpp	151	Property Depth1.RequiredDataSize was changed to 307200.
 4698260	[INFO]	XnProperty.cpp	151	Property Depth1.YRes was changed to 480.
 4698280	[INFO]	XnProperty.cpp	151	Property Depth1.RequiredDataSize was changed to 614400.
 4698300	[INFO]	XnProperty.cpp	101	Depth1.YRes was successfully set.
 4698320	[INFO]	XnProperty.cpp	74	Setting Depth1.XRes to 640...
 4698338	[INFO]	XnProperty.cpp	86	Depth1.XRes value did not change.
 4698401	[INFO]	XnProperty.cpp	74	Setting Depth1.Mirror to 1...
 4698424	[INFO]	XnProperty.cpp	151	Property Depth1.FirmwareMirror was changed to 1.
 4698481	[INFO]	XnProperty.cpp	151	Property Depth1.Mirror was changed to 1.
 4698499	[INFO]	XnProperty.cpp	101	Depth1.Mirror was successfully set.
 7419841	[INFO]	XnOpenNI.cpp	1261	Creating node 'User1' of type User...
 7446007	[WARNING]	Linux-x86Threads.cpp	173	Failed to set thread priority: Invalid argument
 7446054	[WARNING]	XnUSBLinux-x86.cpp	126	USB events thread: Failed to set thread priority to critical. This might cause loss of data...
 7446988	[INFO]	XnUSBLinux-x86.cpp	1222	USB read thread was started.
 7447017	[INFO]	XnProperty.cpp	151	Property Depth1.ActualReadData was changed to 1.
 7917425	[INFO]	XnProperty.cpp	151	Property Depth1.State was changed to 1.
 7917475	[INFO]	XnDeviceBase.cpp	370	Stream Depth1 is open.
11236765	[INFO]	XnOpenNI.cpp	1261	Creating node 'Image1' of type Image...
11236816	[INFO]	XnDeviceBase.cpp	1383	Creating stream 'Image1' of type 'Image'...
11237040	[INFO]	XnProperty.cpp	151	Property Image1.Resolution was changed to 0.
11237068	[INFO]	XnProperty.cpp	151	Property Image1.XRes was changed to 320.
11237088	[INFO]	XnProperty.cpp	151	Property Image1.YRes was changed to 240.
11237106	[INFO]	XnProperty.cpp	151	Property Image1.FPS was changed to 30.
11237125	[INFO]	XnProperty.cpp	151	Property Image1.OutputFormat was changed to 5.
11237144	[INFO]	XnProperty.cpp	151	Property Image1.BytesPerPixel was changed to 3.
11237165	[INFO]	XnProperty.cpp	151	Property Image1.RequiredDataSize was changed to 230400.
11237205	[INFO]	XnDeviceBase.cpp	1458	Stream 'Image1' was initialized.
11237227	[INFO]	XnDeviceBase.cpp	1463	'Image1' stream was created.
11237355	[INFO]	XnProperty.cpp	74	Setting Image1.InputFormat to 6...
11237384	[INFO]	XnProperty.cpp	151	Property Image1.InputFormat was changed to 6.
11237403	[INFO]	XnProperty.cpp	101	Image1.InputFormat was successfully set.
11238023	[INFO]	XnDeviceModule.cpp	431	Module 'Image1' configuration was loaded from file.
11238133	[INFO]	XnProperty.cpp	74	Setting Image1.FPS to 30...
11238156	[INFO]	XnProperty.cpp	86	Image1.FPS value did not change.
11238175	[INFO]	XnProperty.cpp	74	Setting Image1.YRes to 480...
11238192	[INFO]	XnProperty.cpp	151	Property Image1.Resolution was changed to 1.
11238211	[INFO]	XnProperty.cpp	151	Property Image1.XRes was changed to 640.
11238230	[INFO]	XnProperty.cpp	151	Property Image1.RequiredDataSize was changed to 460800.
11238252	[INFO]	XnProperty.cpp	151	Property Image1.YRes was changed to 480.
11238274	[INFO]	XnProperty.cpp	151	Property Image1.RequiredDataSize was changed to 921600.
11238296	[INFO]	XnProperty.cpp	101	Image1.YRes was successfully set.
11238319	[INFO]	XnProperty.cpp	74	Setting Image1.XRes to 640...
11238338	[INFO]	XnProperty.cpp	86	Image1.XRes value did not change.
11239419	[INFO]	XnUSBLinux-x86.cpp	1222	USB read thread was started.
11239462	[INFO]	XnProperty.cpp	151	Property Image1.ActualReadData was changed to 1.
11419118	[WARNING]	XnDepthProcessor.cpp	133	Read: Depth buffer is corrupt. Size is 559216 (!= 614400)
11419172	[WARNING]	XnFrameStreamProcessor.cpp	132	Depth frame is corrupt!
14323647	[WARNING]	XnDepthProcessor.cpp	133	Read: Depth buffer is corrupt. Size is 593072 (!= 614400)
14323728	[WARNING]	XnFrameStreamProcessor.cpp	132	Depth frame is corrupt!
14440554	[INFO]	XnProperty.cpp	151	Property Image1.State was changed to 1.
14440598	[INFO]	XnDeviceBase.cpp	370	Stream Image1 is open.
14440831	[INFO]	XnProperty.cpp	74	Setting Depth1.Registration to 1...
14487695	[WARNING]	XnDepthProcessor.cpp	133	Read: Depth buffer is corrupt. Size is 586192 (!= 614400)
14487745	[WARNING]	XnFrameStreamProcessor.cpp	132	Depth frame is corrupt!
14593180	[INFO]	XnProperty.cpp	151	Property Depth1.Registration was changed to 1.
14593230	[INFO]	XnProperty.cpp	101	Depth1.Registration was successfully set.
14593285	[INFO]	XnProperty.cpp	74	Setting Image1.Mirror to 1...
14605578	[INFO]	XnProperty.cpp	151	Property Image1.FirmwareMirror was changed to 1.
14605621	[INFO]	XnProperty.cpp	151	Property Image1.Mirror was changed to 1.
14605633	[INFO]	XnProperty.cpp	101	Image1.Mirror was successfully set.
35204040	[INFO]	XnOpenNI.cpp	1459	Destroying node 'User1'
35211669	[INFO]	XnOpenNI.cpp	1459	Destroying node 'Depth1'
35211759	[INFO]	XnDeviceBase.cpp	1507	Destroying stream 'Depth1'...
35212933	[INFO]	XnOpenNI.cpp	1459	Destroying node 'Image1'
35212993	[INFO]	XnDeviceBase.cpp	1507	Destroying stream 'Image1'...
35213822	[INFO]	XnOpenNI.cpp	1459	Destroying node 'Device1'
