   52298	[INFO]	XnLog.cpp	165	OpenNI version is 1.0.0 (Build 25)-MacOSX (Jan  7 2011 14:20:18)
   52365	[INFO]	XnLog.cpp	173	Log system initialized. Console: 1, File: 1, Severity: INFO, Masks: ALL
   52420	[INFO]	XnLog.cpp	173	Log system initialized. Console: 1, File: 1, Severity: INFO, Masks: ALL
   54590	[INFO]	XnUSBLinux-x86.cpp	98	USB is initialized.
 4574521	[INFO]	XnOpenNI.cpp	1261	Creating node 'Device1' of type Device...
 4610406	[INFO]	XnDeviceModule.cpp	431	Module 'Device' configuration was loaded from file.
 5269093	[INFO]	XnDeviceSensorIO.cpp	135	Connected to USB device
 5269150	[INFO]	XnProperty.cpp	151	Property Device.USBPath was changed to 045e/02ae@253/8.
 5277093	[INFO]	XnHostProtocol.cpp	825	Hardware versions: FW=5.1.4 (7) HW=4 Chip=2 Sensor=4 SYS=7
 6686530	[INFO]	XnProperty.cpp	151	Property Device.ID was changed to 0.
 6686599	[INFO]	XnSensor.cpp	182	Device sensor initialized
 6686699	[INFO]	XnOpenNI.cpp	1261	Creating node 'Depth1' of type Depth...
 6686761	[INFO]	XnDeviceBase.cpp	1383	Creating stream 'Depth1' of type 'Depth'...
 6686794	[INFO]	XnProperty.cpp	74	Setting Device.ReadData to 1...
 6686845	[INFO]	XnDeviceSensorIO.cpp	298	Endpoints open
 6699334	[INFO]	XnProperty.cpp	151	Property Device.ReadData was changed to 1.
 6699397	[INFO]	XnProperty.cpp	101	Device.ReadData was successfully set.
 6699995	[INFO]	XnProperty.cpp	151	Property Depth1.Resolution was changed to 0.
 6700040	[INFO]	XnProperty.cpp	151	Property Depth1.XRes was changed to 320.
 6700072	[INFO]	XnProperty.cpp	151	Property Depth1.YRes was changed to 240.
 6700097	[INFO]	XnProperty.cpp	151	Property Depth1.FPS was changed to 30.
 6700120	[INFO]	XnProperty.cpp	151	Property Depth1.OutputFormat was changed to 1.
 6700145	[INFO]	XnProperty.cpp	151	Property Depth1.BytesPerPixel was changed to 2.
 6700171	[INFO]	XnProperty.cpp	151	Property Depth1.RequiredDataSize was changed to 153600.
 6700202	[INFO]	XnProperty.cpp	151	Property Depth1.ParamCoeff was changed to 4.
 6700323	[INFO]	XnProperty.cpp	151	Property Depth1.ShiftScale was changed to 10.
 6713010	[INFO]	XnProperty.cpp	151	Property Depth1.ConstShift was changed to 200.
 6713137	[INFO]	XnProperty.cpp	151	Property Depth1.ZPD was changed to 120.
 6713298	[INFO]	XnProperty.cpp	151	Property Depth1.ZPPS was changed to 0.104200.
 6713333	[INFO]	XnProperty.cpp	151	Property Depth1.LDDIS was changed to 7.500000.
 6713496	[INFO]	XnProperty.cpp	151	Property Depth1.Gain was changed to 30.
 6713552	[INFO]	XnDeviceBase.cpp	1458	Stream 'Depth1' was initialized.
 6713581	[INFO]	XnDeviceBase.cpp	1463	'Depth1' stream was created.
 6713833	[INFO]	XnProperty.cpp	74	Setting Depth1.InputFormat to 3...
 6713875	[INFO]	XnProperty.cpp	151	Property Depth1.InputFormat was changed to 3.
 6713903	[INFO]	XnProperty.cpp	101	Depth1.InputFormat was successfully set.
 6714821	[INFO]	XnProperty.cpp	74	Setting Depth1.RegistrationType to 2...
 6714856	[INFO]	XnProperty.cpp	151	Property Depth1.RegistrationType was changed to 2.
 6714890	[INFO]	XnProperty.cpp	101	Depth1.RegistrationType was successfully set.
 6715843	[INFO]	XnDeviceModule.cpp	431	Module 'Depth1' configuration was loaded from file.
 6716185	[INFO]	XnProperty.cpp	74	Setting Depth1.FPS to 30...
 6716219	[INFO]	XnProperty.cpp	86	Depth1.FPS value did not change.
 6716242	[INFO]	XnProperty.cpp	74	Setting Depth1.YRes to 480...
 6716269	[INFO]	XnProperty.cpp	151	Property Depth1.Resolution was changed to 1.
 6716295	[INFO]	XnProperty.cpp	151	Property Depth1.XRes was changed to 640.
 6716320	[INFO]	XnProperty.cpp	151	Property Depth1.RequiredDataSize was changed to 307200.
 6716347	[INFO]	XnProperty.cpp	151	Property Depth1.YRes was changed to 480.
 6716373	[INFO]	XnProperty.cpp	151	Property Depth1.RequiredDataSize was changed to 614400.
 6716399	[INFO]	XnProperty.cpp	101	Depth1.YRes was successfully set.
 6716423	[INFO]	XnProperty.cpp	74	Setting Depth1.XRes to 640...
 6716445	[INFO]	XnProperty.cpp	86	Depth1.XRes value did not change.
 6716518	[INFO]	XnProperty.cpp	74	Setting Depth1.Mirror to 1...
 6716547	[INFO]	XnProperty.cpp	151	Property Depth1.FirmwareMirror was changed to 1.
 6716612	[INFO]	XnProperty.cpp	151	Property Depth1.Mirror was changed to 1.
 6716635	[INFO]	XnProperty.cpp	101	Depth1.Mirror was successfully set.
12122421	[INFO]	XnOpenNI.cpp	1261	Creating node 'User1' of type User...
12387523	[WARNING]	Linux-x86Threads.cpp	173	Failed to set thread priority: Invalid argument
12387567	[WARNING]	XnUSBLinux-x86.cpp	126	USB events thread: Failed to set thread priority to critical. This might cause loss of data...
12388485	[INFO]	XnUSBLinux-x86.cpp	1222	USB read thread was started.
12388533	[INFO]	XnProperty.cpp	151	Property Depth1.ActualReadData was changed to 1.
12859459	[INFO]	XnProperty.cpp	151	Property Depth1.State was changed to 1.
12859543	[INFO]	XnDeviceBase.cpp	370	Stream Depth1 is open.
24833167	[INFO]	XnOpenNI.cpp	1261	Creating node 'Image1' of type Image...
24833220	[INFO]	XnDeviceBase.cpp	1383	Creating stream 'Image1' of type 'Image'...
24833432	[INFO]	XnProperty.cpp	151	Property Image1.Resolution was changed to 0.
24833460	[INFO]	XnProperty.cpp	151	Property Image1.XRes was changed to 320.
24833479	[INFO]	XnProperty.cpp	151	Property Image1.YRes was changed to 240.
24833497	[INFO]	XnProperty.cpp	151	Property Image1.FPS was changed to 30.
24833515	[INFO]	XnProperty.cpp	151	Property Image1.OutputFormat was changed to 5.
24833533	[INFO]	XnProperty.cpp	151	Property Image1.BytesPerPixel was changed to 3.
24833553	[INFO]	XnProperty.cpp	151	Property Image1.RequiredDataSize was changed to 230400.
24833593	[INFO]	XnDeviceBase.cpp	1458	Stream 'Image1' was initialized.
24833615	[INFO]	XnDeviceBase.cpp	1463	'Image1' stream was created.
24833750	[INFO]	XnProperty.cpp	74	Setting Image1.InputFormat to 6...
24833780	[INFO]	XnProperty.cpp	151	Property Image1.InputFormat was changed to 6.
24833800	[INFO]	XnProperty.cpp	101	Image1.InputFormat was successfully set.
24834414	[INFO]	XnDeviceModule.cpp	431	Module 'Image1' configuration was loaded from file.
24834527	[INFO]	XnProperty.cpp	74	Setting Image1.FPS to 30...
24834553	[INFO]	XnProperty.cpp	86	Image1.FPS value did not change.
24834578	[INFO]	XnProperty.cpp	74	Setting Image1.YRes to 480...
24834603	[INFO]	XnProperty.cpp	151	Property Image1.Resolution was changed to 1.
24834626	[INFO]	XnProperty.cpp	151	Property Image1.XRes was changed to 640.
24834648	[INFO]	XnProperty.cpp	151	Property Image1.RequiredDataSize was changed to 460800.
24834674	[INFO]	XnProperty.cpp	151	Property Image1.YRes was changed to 480.
24834698	[INFO]	XnProperty.cpp	151	Property Image1.RequiredDataSize was changed to 921600.
24834721	[INFO]	XnProperty.cpp	101	Image1.YRes was successfully set.
24834746	[INFO]	XnProperty.cpp	74	Setting Image1.XRes to 640...
24834766	[INFO]	XnProperty.cpp	86	Image1.XRes value did not change.
24835979	[INFO]	XnUSBLinux-x86.cpp	1222	USB read thread was started.
24836021	[INFO]	XnProperty.cpp	151	Property Image1.ActualReadData was changed to 1.
24902753	[WARNING]	XnDepthProcessor.cpp	133	Read: Depth buffer is corrupt. Size is 595536 (!= 614400)
24902801	[WARNING]	XnFrameStreamProcessor.cpp	132	Depth frame is corrupt!
25002727	[WARNING]	XnDepthProcessor.cpp	133	Read: Depth buffer is corrupt. Size is 591552 (!= 614400)
25002775	[WARNING]	XnFrameStreamProcessor.cpp	132	Depth frame is corrupt!
25038690	[WARNING]	XnDepthProcessor.cpp	133	Read: Depth buffer is corrupt. Size is 587344 (!= 614400)
25038737	[WARNING]	XnFrameStreamProcessor.cpp	132	Depth frame is corrupt!
27907237	[WARNING]	XnDepthProcessor.cpp	133	Read: Depth buffer is corrupt. Size is 591568 (!= 614400)
27907281	[WARNING]	XnFrameStreamProcessor.cpp	132	Depth frame is corrupt!
28037535	[INFO]	XnProperty.cpp	151	Property Image1.State was changed to 1.
28037579	[INFO]	XnDeviceBase.cpp	370	Stream Image1 is open.
28037774	[INFO]	XnProperty.cpp	74	Setting Depth1.Registration to 1...
28075193	[WARNING]	XnDepthProcessor.cpp	133	Read: Depth buffer is corrupt. Size is 590800 (!= 614400)
28075240	[WARNING]	XnFrameStreamProcessor.cpp	132	Depth frame is corrupt!
28190627	[INFO]	XnProperty.cpp	151	Property Depth1.Registration was changed to 1.
28190685	[INFO]	XnProperty.cpp	101	Depth1.Registration was successfully set.
28190790	[INFO]	XnProperty.cpp	74	Setting Image1.Mirror to 1...
28203171	[INFO]	XnProperty.cpp	151	Property Image1.FirmwareMirror was changed to 1.
28203220	[INFO]	XnProperty.cpp	151	Property Image1.Mirror was changed to 1.
28203239	[INFO]	XnProperty.cpp	101	Image1.Mirror was successfully set.
85771878	[INFO]	XnOpenNI.cpp	1459	Destroying node 'User1'
85783106	[INFO]	XnOpenNI.cpp	1459	Destroying node 'Depth1'
85783202	[INFO]	XnDeviceBase.cpp	1507	Destroying stream 'Depth1'...
85784975	[INFO]	XnOpenNI.cpp	1459	Destroying node 'Image1'
85785058	[INFO]	XnDeviceBase.cpp	1507	Destroying stream 'Image1'...
85786193	[INFO]	XnOpenNI.cpp	1459	Destroying node 'Device1'
