    1657	[INFO]	XnLog.cpp	165	OpenNI version is 1.0.0 (Build 25)-MacOSX (Jan  7 2011 14:20:18)
    1702	[INFO]	XnLog.cpp	173	Log system initialized. Console: 1, File: 1, Severity: INFO, Masks: ALL
    1726	[INFO]	XnLog.cpp	173	Log system initialized. Console: 1, File: 1, Severity: INFO, Masks: ALL
    2952	[INFO]	XnUSBLinux-x86.cpp	98	USB is initialized.
 2926642	[INFO]	XnOpenNI.cpp	1261	Creating node 'Device1' of type Device...
 2927430	[INFO]	XnDeviceModule.cpp	431	Module 'Device' configuration was loaded from file.
 3249894	[INFO]	XnDeviceSensorIO.cpp	135	Connected to USB device
 3249946	[INFO]	XnProperty.cpp	151	Property Device.USBPath was changed to 045e/02ae@253/8.
 3257792	[INFO]	XnHostProtocol.cpp	825	Hardware versions: FW=5.1.4 (7) HW=4 Chip=2 Sensor=4 SYS=7
 4665778	[INFO]	XnProperty.cpp	151	Property Device.ID was changed to 0.
 4665842	[INFO]	XnSensor.cpp	182	Device sensor initialized
 4665938	[INFO]	XnOpenNI.cpp	1261	Creating node 'Depth1' of type Depth...
 4665980	[INFO]	XnDeviceBase.cpp	1383	Creating stream 'Depth1' of type 'Depth'...
 4666005	[INFO]	XnProperty.cpp	74	Setting Device.ReadData to 1...
 4666045	[INFO]	XnDeviceSensorIO.cpp	298	Endpoints open
 4678438	[INFO]	XnProperty.cpp	151	Property Device.ReadData was changed to 1.
 4678480	[INFO]	XnProperty.cpp	101	Device.ReadData was successfully set.
 4678835	[INFO]	XnProperty.cpp	151	Property Depth1.Resolution was changed to 0.
 4678862	[INFO]	XnProperty.cpp	151	Property Depth1.XRes was changed to 320.
 4678879	[INFO]	XnProperty.cpp	151	Property Depth1.YRes was changed to 240.
 4678897	[INFO]	XnProperty.cpp	151	Property Depth1.FPS was changed to 30.
 4678915	[INFO]	XnProperty.cpp	151	Property Depth1.OutputFormat was changed to 1.
 4678932	[INFO]	XnProperty.cpp	151	Property Depth1.BytesPerPixel was changed to 2.
 4678949	[INFO]	XnProperty.cpp	151	Property Depth1.RequiredDataSize was changed to 153600.
 4678971	[INFO]	XnProperty.cpp	151	Property Depth1.ParamCoeff was changed to 4.
 4679045	[INFO]	XnProperty.cpp	151	Property Depth1.ShiftScale was changed to 10.
 4691505	[INFO]	XnProperty.cpp	151	Property Depth1.ConstShift was changed to 200.
 4691592	[INFO]	XnProperty.cpp	151	Property Depth1.ZPD was changed to 120.
 4691689	[INFO]	XnProperty.cpp	151	Property Depth1.ZPPS was changed to 0.104200.
 4691704	[INFO]	XnProperty.cpp	151	Property Depth1.LDDIS was changed to 7.500000.
 4691798	[INFO]	XnProperty.cpp	151	Property Depth1.Gain was changed to 30.
 4691831	[INFO]	XnDeviceBase.cpp	1458	Stream 'Depth1' was initialized.
 4691846	[INFO]	XnDeviceBase.cpp	1463	'Depth1' stream was created.
 4692013	[INFO]	XnProperty.cpp	74	Setting Depth1.InputFormat to 3...
 4692036	[INFO]	XnProperty.cpp	151	Property Depth1.InputFormat was changed to 3.
 4692049	[INFO]	XnProperty.cpp	101	Depth1.InputFormat was successfully set.
 4692481	[INFO]	XnProperty.cpp	74	Setting Depth1.RegistrationType to 2...
 4692496	[INFO]	XnProperty.cpp	151	Property Depth1.RegistrationType was changed to 2.
 4692508	[INFO]	XnProperty.cpp	101	Depth1.RegistrationType was successfully set.
 4693022	[INFO]	XnDeviceModule.cpp	431	Module 'Depth1' configuration was loaded from file.
 4693626	[INFO]	XnProperty.cpp	74	Setting Depth1.FPS to 30...
 4693658	[INFO]	XnProperty.cpp	86	Depth1.FPS value did not change.
 4693678	[INFO]	XnProperty.cpp	74	Setting Depth1.YRes to 480...
 4693701	[INFO]	XnProperty.cpp	151	Property Depth1.Resolution was changed to 1.
 4693723	[INFO]	XnProperty.cpp	151	Property Depth1.XRes was changed to 640.
 4693801	[INFO]	XnProperty.cpp	151	Property Depth1.RequiredDataSize was changed to 307200.
 4693837	[INFO]	XnProperty.cpp	151	Property Depth1.YRes was changed to 480.
 4693858	[INFO]	XnProperty.cpp	151	Property Depth1.RequiredDataSize was changed to 614400.
 4693879	[INFO]	XnProperty.cpp	101	Depth1.YRes was successfully set.
 4693898	[INFO]	XnProperty.cpp	74	Setting Depth1.XRes to 640...
 4693914	[INFO]	XnProperty.cpp	86	Depth1.XRes value did not change.
 4693978	[INFO]	XnProperty.cpp	74	Setting Depth1.Mirror to 1...
 4693999	[INFO]	XnProperty.cpp	151	Property Depth1.FirmwareMirror was changed to 1.
 4694065	[INFO]	XnProperty.cpp	151	Property Depth1.Mirror was changed to 1.
 4694084	[INFO]	XnProperty.cpp	101	Depth1.Mirror was successfully set.
 7185701	[INFO]	XnOpenNI.cpp	1261	Creating node 'User1' of type User...
 7211696	[WARNING]	Linux-x86Threads.cpp	173	Failed to set thread priority: Invalid argument
 7211745	[WARNING]	XnUSBLinux-x86.cpp	126	USB events thread: Failed to set thread priority to critical. This might cause loss of data...
 7212778	[INFO]	XnUSBLinux-x86.cpp	1222	USB read thread was started.
 7212812	[INFO]	XnProperty.cpp	151	Property Depth1.ActualReadData was changed to 1.
 7683629	[INFO]	XnProperty.cpp	151	Property Depth1.State was changed to 1.
 7683672	[INFO]	XnDeviceBase.cpp	370	Stream Depth1 is open.
10905193	[INFO]	XnOpenNI.cpp	1261	Creating node 'Image1' of type Image...
10905248	[INFO]	XnDeviceBase.cpp	1383	Creating stream 'Image1' of type 'Image'...
10905532	[INFO]	XnProperty.cpp	151	Property Image1.Resolution was changed to 0.
10905583	[INFO]	XnProperty.cpp	151	Property Image1.XRes was changed to 320.
10905615	[INFO]	XnProperty.cpp	151	Property Image1.YRes was changed to 240.
10905651	[INFO]	XnProperty.cpp	151	Property Image1.FPS was changed to 30.
10905685	[INFO]	XnProperty.cpp	151	Property Image1.OutputFormat was changed to 5.
10905719	[INFO]	XnProperty.cpp	151	Property Image1.BytesPerPixel was changed to 3.
10905751	[INFO]	XnProperty.cpp	151	Property Image1.RequiredDataSize was changed to 230400.
10905806	[INFO]	XnDeviceBase.cpp	1458	Stream 'Image1' was initialized.
10905859	[INFO]	XnDeviceBase.cpp	1463	'Image1' stream was created.
10905985	[INFO]	XnProperty.cpp	74	Setting Image1.InputFormat to 6...
10906008	[INFO]	XnProperty.cpp	151	Property Image1.InputFormat was changed to 6.
10906021	[INFO]	XnProperty.cpp	101	Image1.InputFormat was successfully set.
10906477	[INFO]	XnDeviceModule.cpp	431	Module 'Image1' configuration was loaded from file.
10906579	[INFO]	XnProperty.cpp	74	Setting Image1.FPS to 30...
10906596	[INFO]	XnProperty.cpp	86	Image1.FPS value did not change.
10906608	[INFO]	XnProperty.cpp	74	Setting Image1.YRes to 480...
10906621	[INFO]	XnProperty.cpp	151	Property Image1.Resolution was changed to 1.
10906633	[INFO]	XnProperty.cpp	151	Property Image1.XRes was changed to 640.
10906645	[INFO]	XnProperty.cpp	151	Property Image1.RequiredDataSize was changed to 460800.
10906658	[INFO]	XnProperty.cpp	151	Property Image1.YRes was changed to 480.
10906671	[INFO]	XnProperty.cpp	151	Property Image1.RequiredDataSize was changed to 921600.
10906683	[INFO]	XnProperty.cpp	101	Image1.YRes was successfully set.
10906696	[INFO]	XnProperty.cpp	74	Setting Image1.XRes to 640...
10906707	[INFO]	XnProperty.cpp	86	Image1.XRes value did not change.
10907718	[INFO]	XnUSBLinux-x86.cpp	1222	USB read thread was started.
10907754	[INFO]	XnProperty.cpp	151	Property Image1.ActualReadData was changed to 1.
10952975	[WARNING]	XnFrameStreamProcessor.cpp	140	Depth Frame Buffer overflow! current size: 612768
10953023	[WARNING]	XnFrameStreamProcessor.cpp	132	Depth frame is corrupt!
10984922	[WARNING]	XnDepthProcessor.cpp	133	Read: Depth buffer is corrupt. Size is 612768 (!= 614400)
11084961	[WARNING]	XnDepthProcessor.cpp	133	Read: Depth buffer is corrupt. Size is 568640 (!= 614400)
11085010	[WARNING]	XnFrameStreamProcessor.cpp	132	Depth frame is corrupt!
14108716	[INFO]	XnProperty.cpp	151	Property Image1.State was changed to 1.
14108760	[INFO]	XnDeviceBase.cpp	370	Stream Image1 is open.
14108984	[INFO]	XnProperty.cpp	74	Setting Depth1.Registration to 1...
14121043	[WARNING]	XnDepthProcessor.cpp	133	Read: Depth buffer is corrupt. Size is 592928 (!= 614400)
14121090	[WARNING]	XnFrameStreamProcessor.cpp	132	Depth frame is corrupt!
14262229	[INFO]	XnProperty.cpp	151	Property Depth1.Registration was changed to 1.
14262280	[INFO]	XnProperty.cpp	101	Depth1.Registration was successfully set.
14262335	[INFO]	XnProperty.cpp	74	Setting Image1.Mirror to 1...
14274640	[INFO]	XnProperty.cpp	151	Property Image1.FirmwareMirror was changed to 1.
14274694	[INFO]	XnProperty.cpp	151	Property Image1.Mirror was changed to 1.
14274751	[INFO]	XnProperty.cpp	101	Image1.Mirror was successfully set.
647780922	[INFO]	XnOpenNI.cpp	1459	Destroying node 'User1'
647788587	[INFO]	XnOpenNI.cpp	1459	Destroying node 'Depth1'
647788697	[INFO]	XnDeviceBase.cpp	1507	Destroying stream 'Depth1'...
647790186	[INFO]	XnOpenNI.cpp	1459	Destroying node 'Image1'
647790258	[INFO]	XnDeviceBase.cpp	1507	Destroying stream 'Image1'...
647791468	[INFO]	XnOpenNI.cpp	1459	Destroying node 'Device1'
