   40875	[INFO]	XnLog.cpp	165	OpenNI version is 1.0.0 (Build 25)-MacOSX (Jan  7 2011 14:20:18)
   40918	[INFO]	XnLog.cpp	173	Log system initialized. Console: 1, File: 1, Severity: INFO, Masks: ALL
   40951	[INFO]	XnLog.cpp	173	Log system initialized. Console: 1, File: 1, Severity: INFO, Masks: ALL
   42468	[INFO]	XnUSBLinux-x86.cpp	98	USB is initialized.
 4196404	[INFO]	XnOpenNI.cpp	1261	Creating node 'Device1' of type Device...
 4232954	[INFO]	XnDeviceModule.cpp	431	Module 'Device' configuration was loaded from file.
 4899517	[INFO]	XnDeviceSensorIO.cpp	135	Connected to USB device
 4899572	[INFO]	XnProperty.cpp	151	Property Device.USBPath was changed to 045e/02ae@250/10.
 4907380	[INFO]	XnHostProtocol.cpp	825	Hardware versions: FW=5.1.4 (7) HW=4 Chip=2 Sensor=4 SYS=7
 6318810	[INFO]	XnProperty.cpp	151	Property Device.ID was changed to 0.
 6318869	[INFO]	XnSensor.cpp	182	Device sensor initialized
 6318955	[INFO]	XnOpenNI.cpp	1261	Creating node 'Depth1' of type Depth...
 6318994	[INFO]	XnDeviceBase.cpp	1383	Creating stream 'Depth1' of type 'Depth'...
 6319012	[INFO]	XnProperty.cpp	74	Setting Device.ReadData to 1...
 6319042	[INFO]	XnDeviceSensorIO.cpp	298	Endpoints open
 6331439	[INFO]	XnProperty.cpp	151	Property Device.ReadData was changed to 1.
 6331482	[INFO]	XnProperty.cpp	101	Device.ReadData was successfully set.
 6331820	[INFO]	XnProperty.cpp	151	Property Depth1.Resolution was changed to 0.
 6331839	[INFO]	XnProperty.cpp	151	Property Depth1.XRes was changed to 320.
 6331852	[INFO]	XnProperty.cpp	151	Property Depth1.YRes was changed to 240.
 6331864	[INFO]	XnProperty.cpp	151	Property Depth1.FPS was changed to 30.
 6331876	[INFO]	XnProperty.cpp	151	Property Depth1.OutputFormat was changed to 1.
 6331887	[INFO]	XnProperty.cpp	151	Property Depth1.BytesPerPixel was changed to 2.
 6331899	[INFO]	XnProperty.cpp	151	Property Depth1.RequiredDataSize was changed to 153600.
 6331915	[INFO]	XnProperty.cpp	151	Property Depth1.ParamCoeff was changed to 4.
 6331974	[INFO]	XnProperty.cpp	151	Property Depth1.ShiftScale was changed to 10.
 6344187	[INFO]	XnProperty.cpp	151	Property Depth1.ConstShift was changed to 200.
 6344319	[INFO]	XnProperty.cpp	151	Property Depth1.ZPD was changed to 120.
 6344589	[INFO]	XnProperty.cpp	151	Property Depth1.ZPPS was changed to 0.104200.
 6344615	[INFO]	XnProperty.cpp	151	Property Depth1.LDDIS was changed to 7.500000.
 6344742	[INFO]	XnProperty.cpp	151	Property Depth1.Gain was changed to 30.
 6344788	[INFO]	XnDeviceBase.cpp	1458	Stream 'Depth1' was initialized.
 6344809	[INFO]	XnDeviceBase.cpp	1463	'Depth1' stream was created.
 6344973	[INFO]	XnProperty.cpp	74	Setting Depth1.InputFormat to 3...
 6344998	[INFO]	XnProperty.cpp	151	Property Depth1.InputFormat was changed to 3.
 6345018	[INFO]	XnProperty.cpp	101	Depth1.InputFormat was successfully set.
 6345590	[INFO]	XnProperty.cpp	74	Setting Depth1.RegistrationType to 2...
 6345618	[INFO]	XnProperty.cpp	151	Property Depth1.RegistrationType was changed to 2.
 6345635	[INFO]	XnProperty.cpp	101	Depth1.RegistrationType was successfully set.
 6346253	[INFO]	XnDeviceModule.cpp	431	Module 'Depth1' configuration was loaded from file.
 6346496	[INFO]	XnProperty.cpp	74	Setting Depth1.FPS to 30...
 6346517	[INFO]	XnProperty.cpp	86	Depth1.FPS value did not change.
 6346532	[INFO]	XnProperty.cpp	74	Setting Depth1.YRes to 480...
 6346552	[INFO]	XnProperty.cpp	151	Property Depth1.Resolution was changed to 1.
 6346569	[INFO]	XnProperty.cpp	151	Property Depth1.XRes was changed to 640.
 6346585	[INFO]	XnProperty.cpp	151	Property Depth1.RequiredDataSize was changed to 307200.
 6346604	[INFO]	XnProperty.cpp	151	Property Depth1.YRes was changed to 480.
 6346619	[INFO]	XnProperty.cpp	151	Property Depth1.RequiredDataSize was changed to 614400.
 6346635	[INFO]	XnProperty.cpp	101	Depth1.YRes was successfully set.
 6346651	[INFO]	XnProperty.cpp	74	Setting Depth1.XRes to 640...
 6346665	[INFO]	XnProperty.cpp	86	Depth1.XRes value did not change.
 6346721	[INFO]	XnProperty.cpp	74	Setting Depth1.Mirror to 1...
 6346740	[INFO]	XnProperty.cpp	151	Property Depth1.FirmwareMirror was changed to 1.
 6346804	[INFO]	XnProperty.cpp	151	Property Depth1.Mirror was changed to 1.
 6346821	[INFO]	XnProperty.cpp	101	Depth1.Mirror was successfully set.
11528829	[INFO]	XnOpenNI.cpp	1261	Creating node 'User1' of type User...
11865144	[WARNING]	Linux-x86Threads.cpp	173	Failed to set thread priority: Invalid argument
11865181	[WARNING]	XnUSBLinux-x86.cpp	126	USB events thread: Failed to set thread priority to critical. This might cause loss of data...
11865958	[INFO]	XnUSBLinux-x86.cpp	1222	USB read thread was started.
11865987	[INFO]	XnProperty.cpp	151	Property Depth1.ActualReadData was changed to 1.
12337203	[INFO]	XnProperty.cpp	151	Property Depth1.State was changed to 1.
12337252	[INFO]	XnDeviceBase.cpp	370	Stream Depth1 is open.
17477247	[INFO]	XnOpenNI.cpp	1261	Creating node 'Image1' of type Image...
17477298	[INFO]	XnDeviceBase.cpp	1383	Creating stream 'Image1' of type 'Image'...
17477512	[INFO]	XnProperty.cpp	151	Property Image1.Resolution was changed to 0.
17477537	[INFO]	XnProperty.cpp	151	Property Image1.XRes was changed to 320.
17477556	[INFO]	XnProperty.cpp	151	Property Image1.YRes was changed to 240.
17477574	[INFO]	XnProperty.cpp	151	Property Image1.FPS was changed to 30.
17477592	[INFO]	XnProperty.cpp	151	Property Image1.OutputFormat was changed to 5.
17477610	[INFO]	XnProperty.cpp	151	Property Image1.BytesPerPixel was changed to 3.
17477630	[INFO]	XnProperty.cpp	151	Property Image1.RequiredDataSize was changed to 230400.
17477670	[INFO]	XnDeviceBase.cpp	1458	Stream 'Image1' was initialized.
17477692	[INFO]	XnDeviceBase.cpp	1463	'Image1' stream was created.
17477821	[INFO]	XnProperty.cpp	74	Setting Image1.InputFormat to 6...
17477850	[INFO]	XnProperty.cpp	151	Property Image1.InputFormat was changed to 6.
17477882	[INFO]	XnProperty.cpp	101	Image1.InputFormat was successfully set.
17478498	[INFO]	XnDeviceModule.cpp	431	Module 'Image1' configuration was loaded from file.
17478610	[INFO]	XnProperty.cpp	74	Setting Image1.FPS to 30...
17478637	[INFO]	XnProperty.cpp	86	Image1.FPS value did not change.
17478660	[INFO]	XnProperty.cpp	74	Setting Image1.YRes to 480...
17478683	[INFO]	XnProperty.cpp	151	Property Image1.Resolution was changed to 1.
17478705	[INFO]	XnProperty.cpp	151	Property Image1.XRes was changed to 640.
17478727	[INFO]	XnProperty.cpp	151	Property Image1.RequiredDataSize was changed to 460800.
17478752	[INFO]	XnProperty.cpp	151	Property Image1.YRes was changed to 480.
17478774	[INFO]	XnProperty.cpp	151	Property Image1.RequiredDataSize was changed to 921600.
17478798	[INFO]	XnProperty.cpp	101	Image1.YRes was successfully set.
17478821	[INFO]	XnProperty.cpp	74	Setting Image1.XRes to 640...
17478841	[INFO]	XnProperty.cpp	86	Image1.XRes value did not change.
17479909	[INFO]	XnUSBLinux-x86.cpp	1222	USB read thread was started.
17479954	[INFO]	XnProperty.cpp	151	Property Image1.ActualReadData was changed to 1.
17675009	[WARNING]	XnDepthProcessor.cpp	133	Read: Depth buffer is corrupt. Size is 555264 (!= 614400)
17675058	[WARNING]	XnFrameStreamProcessor.cpp	132	Depth frame is corrupt!
20680934	[INFO]	XnProperty.cpp	151	Property Image1.State was changed to 1.
20680976	[INFO]	XnDeviceBase.cpp	370	Stream Image1 is open.
20681151	[INFO]	XnProperty.cpp	74	Setting Depth1.Registration to 1...
20832436	[INFO]	XnProperty.cpp	151	Property Depth1.Registration was changed to 1.
20832490	[INFO]	XnProperty.cpp	101	Depth1.Registration was successfully set.
20832553	[INFO]	XnProperty.cpp	74	Setting Image1.Mirror to 1...
20845094	[INFO]	XnProperty.cpp	151	Property Image1.FirmwareMirror was changed to 1.
20845138	[INFO]	XnProperty.cpp	151	Property Image1.Mirror was changed to 1.
20845151	[INFO]	XnProperty.cpp	101	Image1.Mirror was successfully set.
