    2250	[INFO]	XnLog.cpp	165	OpenNI version is 1.0.0 (Build 25)-MacOSX (Jan  7 2011 14:20:18)
    2351	[INFO]	XnLog.cpp	173	Log system initialized. Console: 1, File: 1, Severity: INFO, Masks: ALL
    2399	[INFO]	XnLog.cpp	173	Log system initialized. Console: 1, File: 1, Severity: INFO, Masks: ALL
    3966	[INFO]	XnUSBLinux-x86.cpp	98	USB is initialized.
 2221714	[INFO]	XnOpenNI.cpp	1261	Creating node 'Device1' of type Device...
 2223152	[INFO]	XnDeviceModule.cpp	431	Module 'Device' configuration was loaded from file.
 2440807	[INFO]	XnDeviceSensorIO.cpp	135	Connected to USB device
 2440870	[INFO]	XnProperty.cpp	151	Property Device.USBPath was changed to 045e/02ae@253/8.
 2449994	[INFO]	XnHostProtocol.cpp	825	Hardware versions: FW=5.1.4 (7) HW=4 Chip=2 Sensor=4 SYS=7
 3859825	[INFO]	XnProperty.cpp	151	Property Device.ID was changed to 0.
 3859892	[INFO]	XnSensor.cpp	182	Device sensor initialized
 3860002	[INFO]	XnOpenNI.cpp	1261	Creating node 'Depth1' of type Depth...
 3860051	[INFO]	XnDeviceBase.cpp	1383	Creating stream 'Depth1' of type 'Depth'...
 3860075	[INFO]	XnProperty.cpp	74	Setting Device.ReadData to 1...
 3860116	[INFO]	XnDeviceSensorIO.cpp	298	Endpoints open
 3872456	[INFO]	XnProperty.cpp	151	Property Device.ReadData was changed to 1.
 3872500	[INFO]	XnProperty.cpp	101	Device.ReadData was successfully set.
 3872902	[INFO]	XnProperty.cpp	151	Property Depth1.Resolution was changed to 0.
 3872927	[INFO]	XnProperty.cpp	151	Property Depth1.XRes was changed to 320.
 3872947	[INFO]	XnProperty.cpp	151	Property Depth1.YRes was changed to 240.
 3872964	[INFO]	XnProperty.cpp	151	Property Depth1.FPS was changed to 30.
 3872981	[INFO]	XnProperty.cpp	151	Property Depth1.OutputFormat was changed to 1.
 3873000	[INFO]	XnProperty.cpp	151	Property Depth1.BytesPerPixel was changed to 2.
 3873021	[INFO]	XnProperty.cpp	151	Property Depth1.RequiredDataSize was changed to 153600.
 3873046	[INFO]	XnProperty.cpp	151	Property Depth1.ParamCoeff was changed to 4.
 3873121	[INFO]	XnProperty.cpp	151	Property Depth1.ShiftScale was changed to 10.
 3885635	[INFO]	XnProperty.cpp	151	Property Depth1.ConstShift was changed to 200.
 3885735	[INFO]	XnProperty.cpp	151	Property Depth1.ZPD was changed to 120.
 3885832	[INFO]	XnProperty.cpp	151	Property Depth1.ZPPS was changed to 0.104200.
 3885846	[INFO]	XnProperty.cpp	151	Property Depth1.LDDIS was changed to 7.500000.
 3885938	[INFO]	XnProperty.cpp	151	Property Depth1.Gain was changed to 30.
 3885972	[INFO]	XnDeviceBase.cpp	1458	Stream 'Depth1' was initialized.
 3885989	[INFO]	XnDeviceBase.cpp	1463	'Depth1' stream was created.
 3886140	[INFO]	XnProperty.cpp	74	Setting Depth1.InputFormat to 3...
 3886161	[INFO]	XnProperty.cpp	151	Property Depth1.InputFormat was changed to 3.
 3886174	[INFO]	XnProperty.cpp	101	Depth1.InputFormat was successfully set.
 3886608	[INFO]	XnProperty.cpp	74	Setting Depth1.RegistrationType to 2...
 3886624	[INFO]	XnProperty.cpp	151	Property Depth1.RegistrationType was changed to 2.
 3886635	[INFO]	XnProperty.cpp	101	Depth1.RegistrationType was successfully set.
 3887097	[INFO]	XnDeviceModule.cpp	431	Module 'Depth1' configuration was loaded from file.
 3887271	[INFO]	XnProperty.cpp	74	Setting Depth1.FPS to 30...
 3887291	[INFO]	XnProperty.cpp	86	Depth1.FPS value did not change.
 3887303	[INFO]	XnProperty.cpp	74	Setting Depth1.YRes to 480...
 3887320	[INFO]	XnProperty.cpp	151	Property Depth1.Resolution was changed to 1.
 3887334	[INFO]	XnProperty.cpp	151	Property Depth1.XRes was changed to 640.
 3887346	[INFO]	XnProperty.cpp	151	Property Depth1.RequiredDataSize was changed to 307200.
 3887362	[INFO]	XnProperty.cpp	151	Property Depth1.YRes was changed to 480.
 3887374	[INFO]	XnProperty.cpp	151	Property Depth1.RequiredDataSize was changed to 614400.
 3887387	[INFO]	XnProperty.cpp	101	Depth1.YRes was successfully set.
 3887400	[INFO]	XnProperty.cpp	74	Setting Depth1.XRes to 640...
 3887416	[INFO]	XnProperty.cpp	86	Depth1.XRes value did not change.
 3887473	[INFO]	XnProperty.cpp	74	Setting Depth1.Mirror to 1...
 3887491	[INFO]	XnProperty.cpp	151	Property Depth1.FirmwareMirror was changed to 1.
 3887539	[INFO]	XnProperty.cpp	151	Property Depth1.Mirror was changed to 1.
 3887550	[INFO]	XnProperty.cpp	101	Depth1.Mirror was successfully set.
 5518421	[INFO]	XnOpenNI.cpp	1261	Creating node 'User1' of type User...
 5543514	[WARNING]	Linux-x86Threads.cpp	173	Failed to set thread priority: Invalid argument
 5543561	[WARNING]	XnUSBLinux-x86.cpp	126	USB events thread: Failed to set thread priority to critical. This might cause loss of data...
 5544501	[INFO]	XnUSBLinux-x86.cpp	1222	USB read thread was started.
 5544531	[INFO]	XnProperty.cpp	151	Property Depth1.ActualReadData was changed to 1.
 6014894	[INFO]	XnProperty.cpp	151	Property Depth1.State was changed to 1.
 6014937	[INFO]	XnDeviceBase.cpp	370	Stream Depth1 is open.
 7619661	[INFO]	XnOpenNI.cpp	1261	Creating node 'Image1' of type Image...
 7619713	[INFO]	XnDeviceBase.cpp	1383	Creating stream 'Image1' of type 'Image'...
 7619939	[INFO]	XnProperty.cpp	151	Property Image1.Resolution was changed to 0.
 7619966	[INFO]	XnProperty.cpp	151	Property Image1.XRes was changed to 320.
 7619984	[INFO]	XnProperty.cpp	151	Property Image1.YRes was changed to 240.
 7620002	[INFO]	XnProperty.cpp	151	Property Image1.FPS was changed to 30.
 7620021	[INFO]	XnProperty.cpp	151	Property Image1.OutputFormat was changed to 5.
 7620039	[INFO]	XnProperty.cpp	151	Property Image1.BytesPerPixel was changed to 3.
 7620058	[INFO]	XnProperty.cpp	151	Property Image1.RequiredDataSize was changed to 230400.
 7620099	[INFO]	XnDeviceBase.cpp	1458	Stream 'Image1' was initialized.
 7620121	[INFO]	XnDeviceBase.cpp	1463	'Image1' stream was created.
 7620252	[INFO]	XnProperty.cpp	74	Setting Image1.InputFormat to 6...
 7620283	[INFO]	XnProperty.cpp	151	Property Image1.InputFormat was changed to 6.
 7620302	[INFO]	XnProperty.cpp	101	Image1.InputFormat was successfully set.
 7620918	[INFO]	XnDeviceModule.cpp	431	Module 'Image1' configuration was loaded from file.
 7621036	[INFO]	XnProperty.cpp	74	Setting Image1.FPS to 30...
 7621057	[INFO]	XnProperty.cpp	86	Image1.FPS value did not change.
 7621077	[INFO]	XnProperty.cpp	74	Setting Image1.YRes to 480...
 7621101	[INFO]	XnProperty.cpp	151	Property Image1.Resolution was changed to 1.
 7621124	[INFO]	XnProperty.cpp	151	Property Image1.XRes was changed to 640.
 7621146	[INFO]	XnProperty.cpp	151	Property Image1.RequiredDataSize was changed to 460800.
 7621171	[INFO]	XnProperty.cpp	151	Property Image1.YRes was changed to 480.
 7621194	[INFO]	XnProperty.cpp	151	Property Image1.RequiredDataSize was changed to 921600.
 7621218	[INFO]	XnProperty.cpp	101	Image1.YRes was successfully set.
 7621242	[INFO]	XnProperty.cpp	74	Setting Image1.XRes to 640...
 7621263	[INFO]	XnProperty.cpp	86	Image1.XRes value did not change.
 7622459	[INFO]	XnUSBLinux-x86.cpp	1222	USB read thread was started.
 7622503	[INFO]	XnProperty.cpp	151	Property Image1.ActualReadData was changed to 1.
 7680495	[WARNING]	XnDepthProcessor.cpp	133	Read: Depth buffer is corrupt. Size is 594208 (!= 614400)
 7680543	[WARNING]	XnFrameStreamProcessor.cpp	132	Depth frame is corrupt!
 7812517	[WARNING]	XnDepthProcessor.cpp	133	Read: Depth buffer is corrupt. Size is 560592 (!= 614400)
 7812570	[WARNING]	XnFrameStreamProcessor.cpp	132	Depth frame is corrupt!
10823840	[INFO]	XnProperty.cpp	151	Property Image1.State was changed to 1.
10823886	[INFO]	XnDeviceBase.cpp	370	Stream Image1 is open.
10824104	[INFO]	XnProperty.cpp	74	Setting Depth1.Registration to 1...
10849070	[WARNING]	XnDepthProcessor.cpp	133	Read: Depth buffer is corrupt. Size is 597632 (!= 614400)
10849123	[WARNING]	XnFrameStreamProcessor.cpp	132	Depth frame is corrupt!
10976487	[INFO]	XnProperty.cpp	151	Property Depth1.Registration was changed to 1.
10976530	[INFO]	XnProperty.cpp	101	Depth1.Registration was successfully set.
10976578	[INFO]	XnProperty.cpp	74	Setting Image1.Mirror to 1...
10989028	[INFO]	XnProperty.cpp	151	Property Image1.FirmwareMirror was changed to 1.
10989086	[INFO]	XnProperty.cpp	151	Property Image1.Mirror was changed to 1.
10989106	[INFO]	XnProperty.cpp	101	Image1.Mirror was successfully set.
21327825	[INFO]	XnOpenNI.cpp	1459	Destroying node 'User1'
21336517	[INFO]	XnOpenNI.cpp	1459	Destroying node 'Depth1'
21336609	[INFO]	XnDeviceBase.cpp	1507	Destroying stream 'Depth1'...
21338025	[INFO]	XnOpenNI.cpp	1459	Destroying node 'Image1'
21338084	[INFO]	XnDeviceBase.cpp	1507	Destroying stream 'Image1'...
21338997	[INFO]	XnOpenNI.cpp	1459	Destroying node 'Device1'
