    1435	[INFO]	XnLog.cpp	165	OpenNI version is 1.0.0 (Build 25)-MacOSX (Jan  7 2011 14:20:18)
    1481	[INFO]	XnLog.cpp	173	Log system initialized. Console: 1, File: 1, Severity: INFO, Masks: ALL
    1505	[INFO]	XnLog.cpp	173	Log system initialized. Console: 1, File: 1, Severity: INFO, Masks: ALL
    2841	[INFO]	XnUSBLinux-x86.cpp	98	USB is initialized.
 2921813	[INFO]	XnOpenNI.cpp	1261	Creating node 'Device1' of type Device...
 2922590	[INFO]	XnDeviceModule.cpp	431	Module 'Device' configuration was loaded from file.
 3253484	[INFO]	XnDeviceSensorIO.cpp	135	Connected to USB device
 3253543	[INFO]	XnProperty.cpp	151	Property Device.USBPath was changed to 045e/02ae@250/10.
 3261399	[INFO]	XnHostProtocol.cpp	825	Hardware versions: FW=5.1.4 (7) HW=4 Chip=2 Sensor=4 SYS=7
 4671622	[INFO]	XnProperty.cpp	151	Property Device.ID was changed to 0.
 4671697	[INFO]	XnSensor.cpp	182	Device sensor initialized
 4671805	[INFO]	XnOpenNI.cpp	1261	Creating node 'Depth1' of type Depth...
 4671854	[INFO]	XnDeviceBase.cpp	1383	Creating stream 'Depth1' of type 'Depth'...
 4671878	[INFO]	XnProperty.cpp	74	Setting Device.ReadData to 1...
 4671921	[INFO]	XnDeviceSensorIO.cpp	298	Endpoints open
 4684181	[INFO]	XnProperty.cpp	151	Property Device.ReadData was changed to 1.
 4684227	[INFO]	XnProperty.cpp	101	Device.ReadData was successfully set.
 4684583	[INFO]	XnProperty.cpp	151	Property Depth1.Resolution was changed to 0.
 4684607	[INFO]	XnProperty.cpp	151	Property Depth1.XRes was changed to 320.
 4684627	[INFO]	XnProperty.cpp	151	Property Depth1.YRes was changed to 240.
 4684648	[INFO]	XnProperty.cpp	151	Property Depth1.FPS was changed to 30.
 4684668	[INFO]	XnProperty.cpp	151	Property Depth1.OutputFormat was changed to 1.
 4684688	[INFO]	XnProperty.cpp	151	Property Depth1.BytesPerPixel was changed to 2.
 4684709	[INFO]	XnProperty.cpp	151	Property Depth1.RequiredDataSize was changed to 153600.
 4684733	[INFO]	XnProperty.cpp	151	Property Depth1.ParamCoeff was changed to 4.
 4684808	[INFO]	XnProperty.cpp	151	Property Depth1.ShiftScale was changed to 10.
 4697278	[INFO]	XnProperty.cpp	151	Property Depth1.ConstShift was changed to 200.
 4697437	[INFO]	XnProperty.cpp	151	Property Depth1.ZPD was changed to 120.
 4697635	[INFO]	XnProperty.cpp	151	Property Depth1.ZPPS was changed to 0.104200.
 4697670	[INFO]	XnProperty.cpp	151	Property Depth1.LDDIS was changed to 7.500000.
 4697910	[INFO]	XnProperty.cpp	151	Property Depth1.Gain was changed to 30.
 4697992	[INFO]	XnDeviceBase.cpp	1458	Stream 'Depth1' was initialized.
 4698033	[INFO]	XnDeviceBase.cpp	1463	'Depth1' stream was created.
 4698451	[INFO]	XnProperty.cpp	74	Setting Depth1.InputFormat to 3...
 4698503	[INFO]	XnProperty.cpp	151	Property Depth1.InputFormat was changed to 3.
 4698543	[INFO]	XnProperty.cpp	101	Depth1.InputFormat was successfully set.
 4699827	[INFO]	XnProperty.cpp	74	Setting Depth1.RegistrationType to 2...
 4699883	[INFO]	XnProperty.cpp	151	Property Depth1.RegistrationType was changed to 2.
 4699914	[INFO]	XnProperty.cpp	101	Depth1.RegistrationType was successfully set.
 4701041	[INFO]	XnDeviceModule.cpp	431	Module 'Depth1' configuration was loaded from file.
 4701328	[INFO]	XnProperty.cpp	74	Setting Depth1.FPS to 30...
 4701362	[INFO]	XnProperty.cpp	86	Depth1.FPS value did not change.
 4701394	[INFO]	XnProperty.cpp	74	Setting Depth1.YRes to 480...
 4701429	[INFO]	XnProperty.cpp	151	Property Depth1.Resolution was changed to 1.
 4701465	[INFO]	XnProperty.cpp	151	Property Depth1.XRes was changed to 640.
 4701498	[INFO]	XnProperty.cpp	151	Property Depth1.RequiredDataSize was changed to 307200.
 4701535	[INFO]	XnProperty.cpp	151	Property Depth1.YRes was changed to 480.
 4701565	[INFO]	XnProperty.cpp	151	Property Depth1.RequiredDataSize was changed to 614400.
 4701596	[INFO]	XnProperty.cpp	101	Depth1.YRes was successfully set.
 4701626	[INFO]	XnProperty.cpp	74	Setting Depth1.XRes to 640...
 4701652	[INFO]	XnProperty.cpp	86	Depth1.XRes value did not change.
 4701739	[INFO]	XnProperty.cpp	74	Setting Depth1.Mirror to 1...
 4701779	[INFO]	XnProperty.cpp	151	Property Depth1.FirmwareMirror was changed to 1.
 4701867	[INFO]	XnProperty.cpp	151	Property Depth1.Mirror was changed to 1.
 4701897	[INFO]	XnProperty.cpp	101	Depth1.Mirror was successfully set.
 7201752	[INFO]	XnOpenNI.cpp	1261	Creating node 'User1' of type User...
 7225817	[WARNING]	Linux-x86Threads.cpp	173	Failed to set thread priority: Invalid argument
 7225863	[WARNING]	XnUSBLinux-x86.cpp	126	USB events thread: Failed to set thread priority to critical. This might cause loss of data...
 7226679	[INFO]	XnUSBLinux-x86.cpp	1222	USB read thread was started.
 7226707	[INFO]	XnProperty.cpp	151	Property Depth1.ActualReadData was changed to 1.
 7698668	[INFO]	XnProperty.cpp	151	Property Depth1.State was changed to 1.
 7698713	[INFO]	XnDeviceBase.cpp	370	Stream Depth1 is open.
10174699	[INFO]	XnOpenNI.cpp	1261	Creating node 'Image1' of type Image...
10174750	[INFO]	XnDeviceBase.cpp	1383	Creating stream 'Image1' of type 'Image'...
10174954	[INFO]	XnProperty.cpp	151	Property Image1.Resolution was changed to 0.
10174980	[INFO]	XnProperty.cpp	151	Property Image1.XRes was changed to 320.
10174999	[INFO]	XnProperty.cpp	151	Property Image1.YRes was changed to 240.
10175029	[INFO]	XnProperty.cpp	151	Property Image1.FPS was changed to 30.
10175049	[INFO]	XnProperty.cpp	151	Property Image1.OutputFormat was changed to 5.
10175069	[INFO]	XnProperty.cpp	151	Property Image1.BytesPerPixel was changed to 3.
10175090	[INFO]	XnProperty.cpp	151	Property Image1.RequiredDataSize was changed to 230400.
10175142	[INFO]	XnDeviceBase.cpp	1458	Stream 'Image1' was initialized.
10175166	[INFO]	XnDeviceBase.cpp	1463	'Image1' stream was created.
10175298	[INFO]	XnProperty.cpp	74	Setting Image1.InputFormat to 6...
10175328	[INFO]	XnProperty.cpp	151	Property Image1.InputFormat was changed to 6.
10175348	[INFO]	XnProperty.cpp	101	Image1.InputFormat was successfully set.
10175949	[INFO]	XnDeviceModule.cpp	431	Module 'Image1' configuration was loaded from file.
10176068	[INFO]	XnProperty.cpp	74	Setting Image1.FPS to 30...
10176091	[INFO]	XnProperty.cpp	86	Image1.FPS value did not change.
10176113	[INFO]	XnProperty.cpp	74	Setting Image1.YRes to 480...
10176136	[INFO]	XnProperty.cpp	151	Property Image1.Resolution was changed to 1.
10176158	[INFO]	XnProperty.cpp	151	Property Image1.XRes was changed to 640.
10176180	[INFO]	XnProperty.cpp	151	Property Image1.RequiredDataSize was changed to 460800.
10176205	[INFO]	XnProperty.cpp	151	Property Image1.YRes was changed to 480.
10176228	[INFO]	XnProperty.cpp	151	Property Image1.RequiredDataSize was changed to 921600.
10176251	[INFO]	XnProperty.cpp	101	Image1.YRes was successfully set.
10176275	[INFO]	XnProperty.cpp	74	Setting Image1.XRes to 640...
10176295	[INFO]	XnProperty.cpp	86	Image1.XRes value did not change.
10177429	[INFO]	XnUSBLinux-x86.cpp	1222	USB read thread was started.
10177473	[INFO]	XnProperty.cpp	151	Property Image1.ActualReadData was changed to 1.
10367264	[WARNING]	XnDepthProcessor.cpp	133	Read: Depth buffer is corrupt. Size is 521696 (!= 614400)
10367312	[WARNING]	XnFrameStreamProcessor.cpp	132	Depth frame is corrupt!
13267860	[WARNING]	XnDepthProcessor.cpp	133	Read: Depth buffer is corrupt. Size is 591440 (!= 614400)
13267906	[WARNING]	XnFrameStreamProcessor.cpp	132	Depth frame is corrupt!
13380309	[INFO]	XnProperty.cpp	151	Property Image1.State was changed to 1.
13380359	[INFO]	XnDeviceBase.cpp	370	Stream Image1 is open.
13380577	[INFO]	XnProperty.cpp	74	Setting Depth1.Registration to 1...
13435800	[WARNING]	XnDepthProcessor.cpp	133	Read: Depth buffer is corrupt. Size is 587216 (!= 614400)
13435847	[WARNING]	XnFrameStreamProcessor.cpp	132	Depth frame is corrupt!
13533648	[INFO]	XnProperty.cpp	151	Property Depth1.Registration was changed to 1.
13533701	[INFO]	XnProperty.cpp	101	Depth1.Registration was successfully set.
13533762	[INFO]	XnProperty.cpp	74	Setting Image1.Mirror to 1...
13546661	[INFO]	XnProperty.cpp	151	Property Image1.FirmwareMirror was changed to 1.
13546714	[INFO]	XnProperty.cpp	151	Property Image1.Mirror was changed to 1.
13546727	[INFO]	XnProperty.cpp	101	Image1.Mirror was successfully set.
50962474	[INFO]	XnOpenNI.cpp	1459	Destroying node 'User1'
50972911	[INFO]	XnOpenNI.cpp	1459	Destroying node 'Depth1'
50973014	[INFO]	XnDeviceBase.cpp	1507	Destroying stream 'Depth1'...
50974379	[INFO]	XnOpenNI.cpp	1459	Destroying node 'Image1'
50974440	[INFO]	XnDeviceBase.cpp	1507	Destroying stream 'Image1'...
50975438	[INFO]	XnOpenNI.cpp	1459	Destroying node 'Device1'
