   63203	[INFO]	XnLog.cpp	165	OpenNI version is 1.0.0 (Build 25)-MacOSX (Jan  7 2011 14:20:18)
   63256	[INFO]	XnLog.cpp	173	Log system initialized. Console: 1, File: 1, Severity: INFO, Masks: ALL
   63295	[INFO]	XnLog.cpp	173	Log system initialized. Console: 1, File: 1, Severity: INFO, Masks: ALL
   64878	[INFO]	XnUSBLinux-x86.cpp	98	USB is initialized.
10617658	[INFO]	XnOpenNI.cpp	1261	Creating node 'Device1' of type Device...
10654790	[INFO]	XnDeviceModule.cpp	431	Module 'Device' configuration was loaded from file.
11106330	[INFO]	XnDeviceSensorIO.cpp	135	Connected to USB device
11106385	[INFO]	XnProperty.cpp	151	Property Device.USBPath was changed to 045e/02ae@250/10.
11214076	[INFO]	XnHostProtocol.cpp	825	Hardware versions: FW=5.1.4 (7) HW=4 Chip=2 Sensor=4 SYS=7
12624088	[INFO]	XnProperty.cpp	151	Property Device.ID was changed to 0.
12624151	[INFO]	XnSensor.cpp	182	Device sensor initialized
12624251	[INFO]	XnOpenNI.cpp	1261	Creating node 'Depth1' of type Depth...
12624296	[INFO]	XnDeviceBase.cpp	1383	Creating stream 'Depth1' of type 'Depth'...
12624323	[INFO]	XnProperty.cpp	74	Setting Device.ReadData to 1...
12624362	[INFO]	XnDeviceSensorIO.cpp	298	Endpoints open
12636703	[INFO]	XnProperty.cpp	151	Property Device.ReadData was changed to 1.
12636753	[INFO]	XnProperty.cpp	101	Device.ReadData was successfully set.
12637231	[INFO]	XnProperty.cpp	151	Property Depth1.Resolution was changed to 0.
12637259	[INFO]	XnProperty.cpp	151	Property Depth1.XRes was changed to 320.
12637279	[INFO]	XnProperty.cpp	151	Property Depth1.YRes was changed to 240.
12637299	[INFO]	XnProperty.cpp	151	Property Depth1.FPS was changed to 30.
12637320	[INFO]	XnProperty.cpp	151	Property Depth1.OutputFormat was changed to 1.
12637341	[INFO]	XnProperty.cpp	151	Property Depth1.BytesPerPixel was changed to 2.
12637360	[INFO]	XnProperty.cpp	151	Property Depth1.RequiredDataSize was changed to 153600.
12637384	[INFO]	XnProperty.cpp	151	Property Depth1.ParamCoeff was changed to 4.
12637450	[INFO]	XnProperty.cpp	151	Property Depth1.ShiftScale was changed to 10.
12650025	[INFO]	XnProperty.cpp	151	Property Depth1.ConstShift was changed to 200.
12650119	[INFO]	XnProperty.cpp	151	Property Depth1.ZPD was changed to 120.
12650215	[INFO]	XnProperty.cpp	151	Property Depth1.ZPPS was changed to 0.104200.
12650230	[INFO]	XnProperty.cpp	151	Property Depth1.LDDIS was changed to 7.500000.
12650336	[INFO]	XnProperty.cpp	151	Property Depth1.Gain was changed to 30.
12650380	[INFO]	XnDeviceBase.cpp	1458	Stream 'Depth1' was initialized.
12650401	[INFO]	XnDeviceBase.cpp	1463	'Depth1' stream was created.
12650561	[INFO]	XnProperty.cpp	74	Setting Depth1.InputFormat to 3...
12650582	[INFO]	XnProperty.cpp	151	Property Depth1.InputFormat was changed to 3.
12650596	[INFO]	XnProperty.cpp	101	Depth1.InputFormat was successfully set.
12651029	[INFO]	XnProperty.cpp	74	Setting Depth1.RegistrationType to 2...
12651044	[INFO]	XnProperty.cpp	151	Property Depth1.RegistrationType was changed to 2.
12651056	[INFO]	XnProperty.cpp	101	Depth1.RegistrationType was successfully set.
12651596	[INFO]	XnDeviceModule.cpp	431	Module 'Depth1' configuration was loaded from file.
12651816	[INFO]	XnProperty.cpp	74	Setting Depth1.FPS to 30...
12651833	[INFO]	XnProperty.cpp	86	Depth1.FPS value did not change.
12651845	[INFO]	XnProperty.cpp	74	Setting Depth1.YRes to 480...
12651861	[INFO]	XnProperty.cpp	151	Property Depth1.Resolution was changed to 1.
12651876	[INFO]	XnProperty.cpp	151	Property Depth1.XRes was changed to 640.
12651888	[INFO]	XnProperty.cpp	151	Property Depth1.RequiredDataSize was changed to 307200.
12651904	[INFO]	XnProperty.cpp	151	Property Depth1.YRes was changed to 480.
12651916	[INFO]	XnProperty.cpp	151	Property Depth1.RequiredDataSize was changed to 614400.
12651929	[INFO]	XnProperty.cpp	101	Depth1.YRes was successfully set.
12651941	[INFO]	XnProperty.cpp	74	Setting Depth1.XRes to 640...
12651952	[INFO]	XnProperty.cpp	86	Depth1.XRes value did not change.
12651996	[INFO]	XnProperty.cpp	74	Setting Depth1.Mirror to 1...
12652011	[INFO]	XnProperty.cpp	151	Property Depth1.FirmwareMirror was changed to 1.
12652237	[INFO]	XnProperty.cpp	151	Property Depth1.Mirror was changed to 1.
12652249	[INFO]	XnProperty.cpp	101	Depth1.Mirror was successfully set.
16336736	[INFO]	XnOpenNI.cpp	1261	Creating node 'User1' of type User...
16563839	[WARNING]	Linux-x86Threads.cpp	173	Failed to set thread priority: Invalid argument
16563880	[WARNING]	XnUSBLinux-x86.cpp	126	USB events thread: Failed to set thread priority to critical. This might cause loss of data...
16564632	[INFO]	XnUSBLinux-x86.cpp	1222	USB read thread was started.
16564662	[INFO]	XnProperty.cpp	151	Property Depth1.ActualReadData was changed to 1.
17036221	[INFO]	XnProperty.cpp	151	Property Depth1.State was changed to 1.
17036274	[INFO]	XnDeviceBase.cpp	370	Stream Depth1 is open.
22076057	[INFO]	XnOpenNI.cpp	1261	Creating node 'Image1' of type Image...
22076107	[INFO]	XnDeviceBase.cpp	1383	Creating stream 'Image1' of type 'Image'...
22076337	[INFO]	XnProperty.cpp	151	Property Image1.Resolution was changed to 0.
22076359	[INFO]	XnProperty.cpp	151	Property Image1.XRes was changed to 320.
22076372	[INFO]	XnProperty.cpp	151	Property Image1.YRes was changed to 240.
22076384	[INFO]	XnProperty.cpp	151	Property Image1.FPS was changed to 30.
22076395	[INFO]	XnProperty.cpp	151	Property Image1.OutputFormat was changed to 5.
22076406	[INFO]	XnProperty.cpp	151	Property Image1.BytesPerPixel was changed to 3.
22076417	[INFO]	XnProperty.cpp	151	Property Image1.RequiredDataSize was changed to 230400.
22076447	[INFO]	XnDeviceBase.cpp	1458	Stream 'Image1' was initialized.
22076461	[INFO]	XnDeviceBase.cpp	1463	'Image1' stream was created.
22076569	[INFO]	XnProperty.cpp	74	Setting Image1.InputFormat to 6...
22076591	[INFO]	XnProperty.cpp	151	Property Image1.InputFormat was changed to 6.
22076604	[INFO]	XnProperty.cpp	101	Image1.InputFormat was successfully set.
22077013	[INFO]	XnDeviceModule.cpp	431	Module 'Image1' configuration was loaded from file.
22077097	[INFO]	XnProperty.cpp	74	Setting Image1.FPS to 30...
22077113	[INFO]	XnProperty.cpp	86	Image1.FPS value did not change.
22077130	[INFO]	XnProperty.cpp	74	Setting Image1.YRes to 480...
22077149	[INFO]	XnProperty.cpp	151	Property Image1.Resolution was changed to 1.
22077162	[INFO]	XnProperty.cpp	151	Property Image1.XRes was changed to 640.
22077175	[INFO]	XnProperty.cpp	151	Property Image1.RequiredDataSize was changed to 460800.
22077188	[INFO]	XnProperty.cpp	151	Property Image1.YRes was changed to 480.
22077200	[INFO]	XnProperty.cpp	151	Property Image1.RequiredDataSize was changed to 921600.
22077213	[INFO]	XnProperty.cpp	101	Image1.YRes was successfully set.
22077225	[INFO]	XnProperty.cpp	74	Setting Image1.XRes to 640...
22077237	[INFO]	XnProperty.cpp	86	Image1.XRes value did not change.
22078123	[INFO]	XnUSBLinux-x86.cpp	1222	USB read thread was started.
22078164	[INFO]	XnProperty.cpp	151	Property Image1.ActualReadData was changed to 1.
22140234	[WARNING]	XnDepthProcessor.cpp	133	Read: Depth buffer is corrupt. Size is 596000 (!= 614400)
22140282	[WARNING]	XnFrameStreamProcessor.cpp	132	Depth frame is corrupt!
22272262	[WARNING]	XnDepthProcessor.cpp	133	Read: Depth buffer is corrupt. Size is 562736 (!= 614400)
22272308	[WARNING]	XnFrameStreamProcessor.cpp	132	Depth frame is corrupt!
25176228	[WARNING]	XnDepthProcessor.cpp	133	Read: Depth buffer is corrupt. Size is 562448 (!= 614400)
25176275	[WARNING]	XnFrameStreamProcessor.cpp	132	Depth frame is corrupt!
25279734	[INFO]	XnProperty.cpp	151	Property Image1.State was changed to 1.
25279778	[INFO]	XnDeviceBase.cpp	370	Stream Image1 is open.
25279984	[INFO]	XnProperty.cpp	74	Setting Depth1.Registration to 1...
25286299	[WARNING]	XnFirmwareStreams.cpp	324	Unknown packet type (0x3852)!!!
25290278	[WARNING]	XnFirmwareStreams.cpp	324	Unknown packet type (0x3852)!!!
25308305	[WARNING]	XnDepthProcessor.cpp	133	Read: Depth buffer is corrupt. Size is 583744 (!= 614400)
25308352	[WARNING]	XnFrameStreamProcessor.cpp	132	Depth frame is corrupt!
25432268	[INFO]	XnProperty.cpp	151	Property Depth1.Registration was changed to 1.
25432320	[INFO]	XnProperty.cpp	101	Depth1.Registration was successfully set.
25432416	[INFO]	XnProperty.cpp	74	Setting Image1.Mirror to 1...
25444889	[INFO]	XnProperty.cpp	151	Property Image1.FirmwareMirror was changed to 1.
25444932	[INFO]	XnProperty.cpp	151	Property Image1.Mirror was changed to 1.
25444945	[INFO]	XnProperty.cpp	101	Image1.Mirror was successfully set.
89016038	[WARNING]	XnDepthProcessor.cpp	133	Read: Depth buffer is corrupt. Size is 540560 (!= 614400)
89017012	[WARNING]	XnFrameStreamProcessor.cpp	132	Depth frame is corrupt!
705177293	[WARNING]	XnDepthProcessor.cpp	133	Read: Depth buffer is corrupt. Size is 441600 (!= 614400)
705180753	[WARNING]	XnFrameStreamProcessor.cpp	132	Depth frame is corrupt!
