   15288	[INFO]	XnLog.cpp	165	OpenNI version is 1.0.0 (Build 25)-MacOSX (Jan  7 2011 14:20:18)
   15336	[INFO]	XnLog.cpp	173	Log system initialized. Console: 1, File: 1, Severity: INFO, Masks: ALL
   15360	[INFO]	XnLog.cpp	173	Log system initialized. Console: 1, File: 1, Severity: INFO, Masks: ALL
   16633	[INFO]	XnUSBLinux-x86.cpp	98	USB is initialized.
 2931066	[INFO]	XnOpenNI.cpp	1261	Creating node 'Device1' of type Device...
 2931821	[INFO]	XnDeviceModule.cpp	431	Module 'Device' configuration was loaded from file.
 3262877	[INFO]	XnDeviceSensorIO.cpp	135	Connected to USB device
 3262944	[INFO]	XnProperty.cpp	151	Property Device.USBPath was changed to 045e/02ae@250/10.
 3358247	[INFO]	XnHostProtocol.cpp	825	Hardware versions: FW=5.1.4 (7) HW=4 Chip=2 Sensor=4 SYS=7
 4770451	[INFO]	XnProperty.cpp	151	Property Device.ID was changed to 0.
 4770512	[INFO]	XnSensor.cpp	182	Device sensor initialized
 4770598	[INFO]	XnOpenNI.cpp	1261	Creating node 'Depth1' of type Depth...
 4770648	[INFO]	XnDeviceBase.cpp	1383	Creating stream 'Depth1' of type 'Depth'...
 4770674	[INFO]	XnProperty.cpp	74	Setting Device.ReadData to 1...
 4770715	[INFO]	XnDeviceSensorIO.cpp	298	Endpoints open
 4783095	[INFO]	XnProperty.cpp	151	Property Device.ReadData was changed to 1.
 4783127	[INFO]	XnProperty.cpp	101	Device.ReadData was successfully set.
 4783455	[INFO]	XnProperty.cpp	151	Property Depth1.Resolution was changed to 0.
 4783481	[INFO]	XnProperty.cpp	151	Property Depth1.XRes was changed to 320.
 4783502	[INFO]	XnProperty.cpp	151	Property Depth1.YRes was changed to 240.
 4783523	[INFO]	XnProperty.cpp	151	Property Depth1.FPS was changed to 30.
 4783542	[INFO]	XnProperty.cpp	151	Property Depth1.OutputFormat was changed to 1.
 4783560	[INFO]	XnProperty.cpp	151	Property Depth1.BytesPerPixel was changed to 2.
 4783578	[INFO]	XnProperty.cpp	151	Property Depth1.RequiredDataSize was changed to 153600.
 4783602	[INFO]	XnProperty.cpp	151	Property Depth1.ParamCoeff was changed to 4.
 4783667	[INFO]	XnProperty.cpp	151	Property Depth1.ShiftScale was changed to 10.
 4796261	[INFO]	XnProperty.cpp	151	Property Depth1.ConstShift was changed to 200.
 4796358	[INFO]	XnProperty.cpp	151	Property Depth1.ZPD was changed to 120.
 4796455	[INFO]	XnProperty.cpp	151	Property Depth1.ZPPS was changed to 0.104200.
 4796470	[INFO]	XnProperty.cpp	151	Property Depth1.LDDIS was changed to 7.500000.
 4796575	[INFO]	XnProperty.cpp	151	Property Depth1.Gain was changed to 30.
 4796615	[INFO]	XnDeviceBase.cpp	1458	Stream 'Depth1' was initialized.
 4796637	[INFO]	XnDeviceBase.cpp	1463	'Depth1' stream was created.
 4796809	[INFO]	XnProperty.cpp	74	Setting Depth1.InputFormat to 3...
 4796837	[INFO]	XnProperty.cpp	151	Property Depth1.InputFormat was changed to 3.
 4796857	[INFO]	XnProperty.cpp	101	Depth1.InputFormat was successfully set.
 4797304	[INFO]	XnProperty.cpp	74	Setting Depth1.RegistrationType to 2...
 4797324	[INFO]	XnProperty.cpp	151	Property Depth1.RegistrationType was changed to 2.
 4797342	[INFO]	XnProperty.cpp	101	Depth1.RegistrationType was successfully set.
 4797816	[INFO]	XnDeviceModule.cpp	431	Module 'Depth1' configuration was loaded from file.
 4798007	[INFO]	XnProperty.cpp	74	Setting Depth1.FPS to 30...
 4798028	[INFO]	XnProperty.cpp	86	Depth1.FPS value did not change.
 4798046	[INFO]	XnProperty.cpp	74	Setting Depth1.YRes to 480...
 4798069	[INFO]	XnProperty.cpp	151	Property Depth1.Resolution was changed to 1.
 4798089	[INFO]	XnProperty.cpp	151	Property Depth1.XRes was changed to 640.
 4798108	[INFO]	XnProperty.cpp	151	Property Depth1.RequiredDataSize was changed to 307200.
 4798131	[INFO]	XnProperty.cpp	151	Property Depth1.YRes was changed to 480.
 4798149	[INFO]	XnProperty.cpp	151	Property Depth1.RequiredDataSize was changed to 614400.
 4798169	[INFO]	XnProperty.cpp	101	Depth1.YRes was successfully set.
 4798188	[INFO]	XnProperty.cpp	74	Setting Depth1.XRes to 640...
 4798205	[INFO]	XnProperty.cpp	86	Depth1.XRes value did not change.
 4798261	[INFO]	XnProperty.cpp	74	Setting Depth1.Mirror to 1...
 4798280	[INFO]	XnProperty.cpp	151	Property Depth1.FirmwareMirror was changed to 1.
 4798542	[INFO]	XnProperty.cpp	151	Property Depth1.Mirror was changed to 1.
 4798562	[INFO]	XnProperty.cpp	101	Depth1.Mirror was successfully set.
 8050935	[INFO]	XnOpenNI.cpp	1261	Creating node 'User1' of type User...
 8076292	[WARNING]	Linux-x86Threads.cpp	173	Failed to set thread priority: Invalid argument
 8076338	[WARNING]	XnUSBLinux-x86.cpp	126	USB events thread: Failed to set thread priority to critical. This might cause loss of data...
 8077097	[INFO]	XnUSBLinux-x86.cpp	1222	USB read thread was started.
 8077127	[INFO]	XnProperty.cpp	151	Property Depth1.ActualReadData was changed to 1.
 8549488	[INFO]	XnProperty.cpp	151	Property Depth1.State was changed to 1.
 8549531	[INFO]	XnDeviceBase.cpp	370	Stream Depth1 is open.
11029048	[INFO]	XnOpenNI.cpp	1261	Creating node 'Image1' of type Image...
11029102	[INFO]	XnDeviceBase.cpp	1383	Creating stream 'Image1' of type 'Image'...
11029322	[INFO]	XnProperty.cpp	151	Property Image1.Resolution was changed to 0.
11029369	[INFO]	XnProperty.cpp	151	Property Image1.XRes was changed to 320.
11029390	[INFO]	XnProperty.cpp	151	Property Image1.YRes was changed to 240.
11029408	[INFO]	XnProperty.cpp	151	Property Image1.FPS was changed to 30.
11029425	[INFO]	XnProperty.cpp	151	Property Image1.OutputFormat was changed to 5.
11029441	[INFO]	XnProperty.cpp	151	Property Image1.BytesPerPixel was changed to 3.
11029458	[INFO]	XnProperty.cpp	151	Property Image1.RequiredDataSize was changed to 230400.
11029505	[INFO]	XnDeviceBase.cpp	1458	Stream 'Image1' was initialized.
11029526	[INFO]	XnDeviceBase.cpp	1463	'Image1' stream was created.
11029667	[INFO]	XnProperty.cpp	74	Setting Image1.InputFormat to 6...
11029694	[INFO]	XnProperty.cpp	151	Property Image1.InputFormat was changed to 6.
11029713	[INFO]	XnProperty.cpp	101	Image1.InputFormat was successfully set.
11030154	[INFO]	XnDeviceModule.cpp	431	Module 'Image1' configuration was loaded from file.
11030253	[INFO]	XnProperty.cpp	74	Setting Image1.FPS to 30...
11030272	[INFO]	XnProperty.cpp	86	Image1.FPS value did not change.
11030291	[INFO]	XnProperty.cpp	74	Setting Image1.YRes to 480...
11030310	[INFO]	XnProperty.cpp	151	Property Image1.Resolution was changed to 1.
11030336	[INFO]	XnProperty.cpp	151	Property Image1.XRes was changed to 640.
11030354	[INFO]	XnProperty.cpp	151	Property Image1.RequiredDataSize was changed to 460800.
11030375	[INFO]	XnProperty.cpp	151	Property Image1.YRes was changed to 480.
11030393	[INFO]	XnProperty.cpp	151	Property Image1.RequiredDataSize was changed to 921600.
11030411	[INFO]	XnProperty.cpp	101	Image1.YRes was successfully set.
11030430	[INFO]	XnProperty.cpp	74	Setting Image1.XRes to 640...
11030446	[INFO]	XnProperty.cpp	86	Image1.XRes value did not change.
11031317	[INFO]	XnUSBLinux-x86.cpp	1222	USB read thread was started.
11031357	[INFO]	XnProperty.cpp	151	Property Image1.ActualReadData was changed to 1.
11217408	[WARNING]	XnDepthProcessor.cpp	133	Read: Depth buffer is corrupt. Size is 521104 (!= 614400)
11217456	[WARNING]	XnFrameStreamProcessor.cpp	132	Depth frame is corrupt!
14118015	[WARNING]	XnDepthProcessor.cpp	133	Read: Depth buffer is corrupt. Size is 576480 (!= 614400)
14118062	[WARNING]	XnFrameStreamProcessor.cpp	132	Depth frame is corrupt!
14232652	[INFO]	XnProperty.cpp	151	Property Image1.State was changed to 1.
14232698	[INFO]	XnDeviceBase.cpp	370	Stream Image1 is open.
14232887	[INFO]	XnProperty.cpp	74	Setting Depth1.Registration to 1...
14253958	[WARNING]	XnDepthProcessor.cpp	133	Read: Depth buffer is corrupt. Size is 587520 (!= 614400)
14254012	[WARNING]	XnFrameStreamProcessor.cpp	132	Depth frame is corrupt!
14286069	[WARNING]	XnDepthProcessor.cpp	133	Read: Depth buffer is corrupt. Size is 584320 (!= 614400)
14286117	[WARNING]	XnFrameStreamProcessor.cpp	132	Depth frame is corrupt!
14385481	[INFO]	XnProperty.cpp	151	Property Depth1.Registration was changed to 1.
14385524	[INFO]	XnProperty.cpp	101	Depth1.Registration was successfully set.
14385572	[INFO]	XnProperty.cpp	74	Setting Image1.Mirror to 1...
14398184	[INFO]	XnProperty.cpp	151	Property Image1.FirmwareMirror was changed to 1.
14398312	[INFO]	XnProperty.cpp	151	Property Image1.Mirror was changed to 1.
14398338	[INFO]	XnProperty.cpp	101	Image1.Mirror was successfully set.
