   74058	[INFO]	XnLog.cpp	165	OpenNI version is 1.0.0 (Build 25)-MacOSX (Jan  7 2011 14:20:18)
   74100	[INFO]	XnLog.cpp	173	Log system initialized. Console: 1, File: 1, Severity: INFO, Masks: ALL
   74126	[INFO]	XnLog.cpp	173	Log system initialized. Console: 1, File: 1, Severity: INFO, Masks: ALL
   75251	[INFO]	XnUSBLinux-x86.cpp	98	USB is initialized.
 2439473	[INFO]	XnOpenNI.cpp	1261	Creating node 'Device1' of type Device...
 2440254	[INFO]	XnDeviceModule.cpp	431	Module 'Device' configuration was loaded from file.
 2655641	[INFO]	XnDeviceSensorIO.cpp	135	Connected to USB device
 2655694	[INFO]	XnProperty.cpp	151	Property Device.USBPath was changed to 045e/02ae@253/8.
 2663491	[INFO]	XnHostProtocol.cpp	825	Hardware versions: FW=5.1.4 (7) HW=4 Chip=2 Sensor=4 SYS=7
 4071941	[INFO]	XnProperty.cpp	151	Property Device.ID was changed to 0.
 4072038	[INFO]	XnSensor.cpp	182	Device sensor initialized
 4072140	[INFO]	XnOpenNI.cpp	1261	Creating node 'Depth1' of type Depth...
 4072178	[INFO]	XnDeviceBase.cpp	1383	Creating stream 'Depth1' of type 'Depth'...
 4072194	[INFO]	XnProperty.cpp	74	Setting Device.ReadData to 1...
 4072225	[INFO]	XnDeviceSensorIO.cpp	298	Endpoints open
 4084320	[INFO]	XnProperty.cpp	151	Property Device.ReadData was changed to 1.
 4084372	[INFO]	XnProperty.cpp	101	Device.ReadData was successfully set.
 4084739	[INFO]	XnProperty.cpp	151	Property Depth1.Resolution was changed to 0.
 4084762	[INFO]	XnProperty.cpp	151	Property Depth1.XRes was changed to 320.
 4084783	[INFO]	XnProperty.cpp	151	Property Depth1.YRes was changed to 240.
 4084798	[INFO]	XnProperty.cpp	151	Property Depth1.FPS was changed to 30.
 4084811	[INFO]	XnProperty.cpp	151	Property Depth1.OutputFormat was changed to 1.
 4084823	[INFO]	XnProperty.cpp	151	Property Depth1.BytesPerPixel was changed to 2.
 4084835	[INFO]	XnProperty.cpp	151	Property Depth1.RequiredDataSize was changed to 153600.
 4084851	[INFO]	XnProperty.cpp	151	Property Depth1.ParamCoeff was changed to 4.
 4084911	[INFO]	XnProperty.cpp	151	Property Depth1.ShiftScale was changed to 10.
 4097748	[INFO]	XnProperty.cpp	151	Property Depth1.ConstShift was changed to 200.
 4097820	[INFO]	XnProperty.cpp	151	Property Depth1.ZPD was changed to 120.
 4097917	[INFO]	XnProperty.cpp	151	Property Depth1.ZPPS was changed to 0.104200.
 4097931	[INFO]	XnProperty.cpp	151	Property Depth1.LDDIS was changed to 7.500000.
 4098016	[INFO]	XnProperty.cpp	151	Property Depth1.Gain was changed to 30.
 4098041	[INFO]	XnDeviceBase.cpp	1458	Stream 'Depth1' was initialized.
 4098057	[INFO]	XnDeviceBase.cpp	1463	'Depth1' stream was created.
 4098219	[INFO]	XnProperty.cpp	74	Setting Depth1.InputFormat to 3...
 4098242	[INFO]	XnProperty.cpp	151	Property Depth1.InputFormat was changed to 3.
 4098258	[INFO]	XnProperty.cpp	101	Depth1.InputFormat was successfully set.
 4098699	[INFO]	XnProperty.cpp	74	Setting Depth1.RegistrationType to 2...
 4098717	[INFO]	XnProperty.cpp	151	Property Depth1.RegistrationType was changed to 2.
 4098729	[INFO]	XnProperty.cpp	101	Depth1.RegistrationType was successfully set.
 4099183	[INFO]	XnDeviceModule.cpp	431	Module 'Depth1' configuration was loaded from file.
 4099350	[INFO]	XnProperty.cpp	74	Setting Depth1.FPS to 30...
 4099367	[INFO]	XnProperty.cpp	86	Depth1.FPS value did not change.
 4099380	[INFO]	XnProperty.cpp	74	Setting Depth1.YRes to 480...
 4099395	[INFO]	XnProperty.cpp	151	Property Depth1.Resolution was changed to 1.
 4099408	[INFO]	XnProperty.cpp	151	Property Depth1.XRes was changed to 640.
 4099420	[INFO]	XnProperty.cpp	151	Property Depth1.RequiredDataSize was changed to 307200.
 4099434	[INFO]	XnProperty.cpp	151	Property Depth1.YRes was changed to 480.
 4099446	[INFO]	XnProperty.cpp	151	Property Depth1.RequiredDataSize was changed to 614400.
 4099458	[INFO]	XnProperty.cpp	101	Depth1.YRes was successfully set.
 4099471	[INFO]	XnProperty.cpp	74	Setting Depth1.XRes to 640...
 4099482	[INFO]	XnProperty.cpp	86	Depth1.XRes value did not change.
 4099525	[INFO]	XnProperty.cpp	74	Setting Depth1.Mirror to 1...
 4099540	[INFO]	XnProperty.cpp	151	Property Depth1.FirmwareMirror was changed to 1.
 4099583	[INFO]	XnProperty.cpp	151	Property Depth1.Mirror was changed to 1.
 4099596	[INFO]	XnProperty.cpp	101	Depth1.Mirror was successfully set.
 6379649	[INFO]	XnOpenNI.cpp	1261	Creating node 'User1' of type User...
 6516576	[WARNING]	Linux-x86Threads.cpp	173	Failed to set thread priority: Invalid argument
 6516620	[WARNING]	XnUSBLinux-x86.cpp	126	USB events thread: Failed to set thread priority to critical. This might cause loss of data...
 6517505	[INFO]	XnUSBLinux-x86.cpp	1222	USB read thread was started.
 6517542	[INFO]	XnProperty.cpp	151	Property Depth1.ActualReadData was changed to 1.
 6988462	[INFO]	XnProperty.cpp	151	Property Depth1.State was changed to 1.
 6988507	[INFO]	XnDeviceBase.cpp	370	Stream Depth1 is open.
10212593	[INFO]	XnOpenNI.cpp	1261	Creating node 'Image1' of type Image...
10212646	[INFO]	XnDeviceBase.cpp	1383	Creating stream 'Image1' of type 'Image'...
10212922	[INFO]	XnProperty.cpp	151	Property Image1.Resolution was changed to 0.
10212946	[INFO]	XnProperty.cpp	151	Property Image1.XRes was changed to 320.
10212960	[INFO]	XnProperty.cpp	151	Property Image1.YRes was changed to 240.
10212972	[INFO]	XnProperty.cpp	151	Property Image1.FPS was changed to 30.
10212983	[INFO]	XnProperty.cpp	151	Property Image1.OutputFormat was changed to 5.
10212996	[INFO]	XnProperty.cpp	151	Property Image1.BytesPerPixel was changed to 3.
10213008	[INFO]	XnProperty.cpp	151	Property Image1.RequiredDataSize was changed to 230400.
10213038	[INFO]	XnDeviceBase.cpp	1458	Stream 'Image1' was initialized.
10213052	[INFO]	XnDeviceBase.cpp	1463	'Image1' stream was created.
10213159	[INFO]	XnProperty.cpp	74	Setting Image1.InputFormat to 6...
10213181	[INFO]	XnProperty.cpp	151	Property Image1.InputFormat was changed to 6.
10213194	[INFO]	XnProperty.cpp	101	Image1.InputFormat was successfully set.
10213597	[INFO]	XnDeviceModule.cpp	431	Module 'Image1' configuration was loaded from file.
10213691	[INFO]	XnProperty.cpp	74	Setting Image1.FPS to 30...
10213708	[INFO]	XnProperty.cpp	86	Image1.FPS value did not change.
10213721	[INFO]	XnProperty.cpp	74	Setting Image1.YRes to 480...
10213734	[INFO]	XnProperty.cpp	151	Property Image1.Resolution was changed to 1.
10213746	[INFO]	XnProperty.cpp	151	Property Image1.XRes was changed to 640.
10213758	[INFO]	XnProperty.cpp	151	Property Image1.RequiredDataSize was changed to 460800.
10213771	[INFO]	XnProperty.cpp	151	Property Image1.YRes was changed to 480.
10213784	[INFO]	XnProperty.cpp	151	Property Image1.RequiredDataSize was changed to 921600.
10213796	[INFO]	XnProperty.cpp	101	Image1.YRes was successfully set.
10213808	[INFO]	XnProperty.cpp	74	Setting Image1.XRes to 640...
10213820	[INFO]	XnProperty.cpp	86	Image1.XRes value did not change.
10214792	[INFO]	XnUSBLinux-x86.cpp	1222	USB read thread was started.
10214833	[INFO]	XnProperty.cpp	151	Property Image1.ActualReadData was changed to 1.
10388757	[WARNING]	XnDepthProcessor.cpp	133	Read: Depth buffer is corrupt. Size is 532656 (!= 614400)
10388806	[WARNING]	XnFrameStreamProcessor.cpp	132	Depth frame is corrupt!
13414915	[INFO]	XnProperty.cpp	151	Property Image1.State was changed to 1.
13414959	[INFO]	XnDeviceBase.cpp	370	Stream Image1 is open.
13415161	[INFO]	XnProperty.cpp	74	Setting Depth1.Registration to 1...
13568030	[INFO]	XnProperty.cpp	151	Property Depth1.Registration was changed to 1.
13568073	[INFO]	XnProperty.cpp	101	Depth1.Registration was successfully set.
13568119	[INFO]	XnProperty.cpp	74	Setting Image1.Mirror to 1...
13580446	[INFO]	XnProperty.cpp	151	Property Image1.FirmwareMirror was changed to 1.
13580490	[INFO]	XnProperty.cpp	151	Property Image1.Mirror was changed to 1.
13580503	[INFO]	XnProperty.cpp	101	Image1.Mirror was successfully set.
47531495	[INFO]	XnOpenNI.cpp	1459	Destroying node 'User1'
47539880	[INFO]	XnOpenNI.cpp	1459	Destroying node 'Depth1'
47539959	[INFO]	XnDeviceBase.cpp	1507	Destroying stream 'Depth1'...
47541714	[INFO]	XnOpenNI.cpp	1459	Destroying node 'Image1'
47541798	[INFO]	XnDeviceBase.cpp	1507	Destroying stream 'Image1'...
47543008	[INFO]	XnOpenNI.cpp	1459	Destroying node 'Device1'
