    1971	[INFO]	XnLog.cpp	165	OpenNI version is 1.0.0 (Build 25)-MacOSX (Jan  7 2011 14:20:18)
    2028	[INFO]	XnLog.cpp	173	Log system initialized. Console: 1, File: 1, Severity: INFO, Masks: ALL
    2061	[INFO]	XnLog.cpp	173	Log system initialized. Console: 1, File: 1, Severity: INFO, Masks: ALL
    3151	[INFO]	XnUSBLinux-x86.cpp	98	USB is initialized.
 2921897	[INFO]	XnOpenNI.cpp	1261	Creating node 'Device1' of type Device...
 2923025	[INFO]	XnDeviceModule.cpp	431	Module 'Device' configuration was loaded from file.
 3246803	[INFO]	XnDeviceSensorIO.cpp	135	Connected to USB device
 3246858	[INFO]	XnProperty.cpp	151	Property Device.USBPath was changed to 045e/02ae@253/8.
 3256172	[INFO]	XnHostProtocol.cpp	825	Hardware versions: FW=5.1.4 (7) HW=4 Chip=2 Sensor=4 SYS=7
 4665015	[INFO]	XnProperty.cpp	151	Property Device.ID was changed to 0.
 4665126	[INFO]	XnSensor.cpp	182	Device sensor initialized
 4665330	[INFO]	XnOpenNI.cpp	1261	Creating node 'Depth1' of type Depth...
 4665416	[INFO]	XnDeviceBase.cpp	1383	Creating stream 'Depth1' of type 'Depth'...
 4665459	[INFO]	XnProperty.cpp	74	Setting Device.ReadData to 1...
 4665536	[INFO]	XnDeviceSensorIO.cpp	298	Endpoints open
 4678000	[INFO]	XnProperty.cpp	151	Property Device.ReadData was changed to 1.
 4678058	[INFO]	XnProperty.cpp	101	Device.ReadData was successfully set.
 4678653	[INFO]	XnProperty.cpp	151	Property Depth1.Resolution was changed to 0.
 4678690	[INFO]	XnProperty.cpp	151	Property Depth1.XRes was changed to 320.
 4678717	[INFO]	XnProperty.cpp	151	Property Depth1.YRes was changed to 240.
 4678744	[INFO]	XnProperty.cpp	151	Property Depth1.FPS was changed to 30.
 4678767	[INFO]	XnProperty.cpp	151	Property Depth1.OutputFormat was changed to 1.
 4678790	[INFO]	XnProperty.cpp	151	Property Depth1.BytesPerPixel was changed to 2.
 4678813	[INFO]	XnProperty.cpp	151	Property Depth1.RequiredDataSize was changed to 153600.
 4678847	[INFO]	XnProperty.cpp	151	Property Depth1.ParamCoeff was changed to 4.
 4678943	[INFO]	XnProperty.cpp	151	Property Depth1.ShiftScale was changed to 10.
 4691662	[INFO]	XnProperty.cpp	151	Property Depth1.ConstShift was changed to 200.
 4691752	[INFO]	XnProperty.cpp	151	Property Depth1.ZPD was changed to 120.
 4691848	[INFO]	XnProperty.cpp	151	Property Depth1.ZPPS was changed to 0.104200.
 4691862	[INFO]	XnProperty.cpp	151	Property Depth1.LDDIS was changed to 7.500000.
 4691954	[INFO]	XnProperty.cpp	151	Property Depth1.Gain was changed to 30.
 4691988	[INFO]	XnDeviceBase.cpp	1458	Stream 'Depth1' was initialized.
 4692002	[INFO]	XnDeviceBase.cpp	1463	'Depth1' stream was created.
 4692150	[INFO]	XnProperty.cpp	74	Setting Depth1.InputFormat to 3...
 4692171	[INFO]	XnProperty.cpp	151	Property Depth1.InputFormat was changed to 3.
 4692184	[INFO]	XnProperty.cpp	101	Depth1.InputFormat was successfully set.
 4692614	[INFO]	XnProperty.cpp	74	Setting Depth1.RegistrationType to 2...
 4692629	[INFO]	XnProperty.cpp	151	Property Depth1.RegistrationType was changed to 2.
 4692641	[INFO]	XnProperty.cpp	101	Depth1.RegistrationType was successfully set.
 4693098	[INFO]	XnDeviceModule.cpp	431	Module 'Depth1' configuration was loaded from file.
 4693271	[INFO]	XnProperty.cpp	74	Setting Depth1.FPS to 30...
 4693288	[INFO]	XnProperty.cpp	86	Depth1.FPS value did not change.
 4693301	[INFO]	XnProperty.cpp	74	Setting Depth1.YRes to 480...
 4693316	[INFO]	XnProperty.cpp	151	Property Depth1.Resolution was changed to 1.
 4693330	[INFO]	XnProperty.cpp	151	Property Depth1.XRes was changed to 640.
 4693342	[INFO]	XnProperty.cpp	151	Property Depth1.RequiredDataSize was changed to 307200.
 4693358	[INFO]	XnProperty.cpp	151	Property Depth1.YRes was changed to 480.
 4693370	[INFO]	XnProperty.cpp	151	Property Depth1.RequiredDataSize was changed to 614400.
 4693382	[INFO]	XnProperty.cpp	101	Depth1.YRes was successfully set.
 4693395	[INFO]	XnProperty.cpp	74	Setting Depth1.XRes to 640...
 4693406	[INFO]	XnProperty.cpp	86	Depth1.XRes value did not change.
 4693450	[INFO]	XnProperty.cpp	74	Setting Depth1.Mirror to 1...
 4693465	[INFO]	XnProperty.cpp	151	Property Depth1.FirmwareMirror was changed to 1.
 4693509	[INFO]	XnProperty.cpp	151	Property Depth1.Mirror was changed to 1.
 4693521	[INFO]	XnProperty.cpp	101	Depth1.Mirror was successfully set.
 7412068	[INFO]	XnOpenNI.cpp	1261	Creating node 'User1' of type User...
 7436596	[WARNING]	Linux-x86Threads.cpp	173	Failed to set thread priority: Invalid argument
 7436644	[WARNING]	XnUSBLinux-x86.cpp	126	USB events thread: Failed to set thread priority to critical. This might cause loss of data...
 7437717	[INFO]	XnUSBLinux-x86.cpp	1222	USB read thread was started.
 7437767	[INFO]	XnProperty.cpp	151	Property Depth1.ActualReadData was changed to 1.
 7909282	[INFO]	XnProperty.cpp	151	Property Depth1.State was changed to 1.
 7909329	[INFO]	XnDeviceBase.cpp	370	Stream Depth1 is open.
11241518	[INFO]	XnOpenNI.cpp	1261	Creating node 'Image1' of type Image...
11241579	[INFO]	XnDeviceBase.cpp	1383	Creating stream 'Image1' of type 'Image'...
11241876	[INFO]	XnProperty.cpp	151	Property Image1.Resolution was changed to 0.
11241904	[INFO]	XnProperty.cpp	151	Property Image1.XRes was changed to 320.
11241924	[INFO]	XnProperty.cpp	151	Property Image1.YRes was changed to 240.
11241944	[INFO]	XnProperty.cpp	151	Property Image1.FPS was changed to 30.
11241962	[INFO]	XnProperty.cpp	151	Property Image1.OutputFormat was changed to 5.
11241980	[INFO]	XnProperty.cpp	151	Property Image1.BytesPerPixel was changed to 3.
11241999	[INFO]	XnProperty.cpp	151	Property Image1.RequiredDataSize was changed to 230400.
11242039	[INFO]	XnDeviceBase.cpp	1458	Stream 'Image1' was initialized.
11242060	[INFO]	XnDeviceBase.cpp	1463	'Image1' stream was created.
11242183	[INFO]	XnProperty.cpp	74	Setting Image1.InputFormat to 6...
11242213	[INFO]	XnProperty.cpp	151	Property Image1.InputFormat was changed to 6.
11242233	[INFO]	XnProperty.cpp	101	Image1.InputFormat was successfully set.
11242853	[INFO]	XnDeviceModule.cpp	431	Module 'Image1' configuration was loaded from file.
11242969	[INFO]	XnProperty.cpp	74	Setting Image1.FPS to 30...
11242994	[INFO]	XnProperty.cpp	86	Image1.FPS value did not change.
11243018	[INFO]	XnProperty.cpp	74	Setting Image1.YRes to 480...
11243040	[INFO]	XnProperty.cpp	151	Property Image1.Resolution was changed to 1.
11243063	[INFO]	XnProperty.cpp	151	Property Image1.XRes was changed to 640.
11243085	[INFO]	XnProperty.cpp	151	Property Image1.RequiredDataSize was changed to 460800.
11243110	[INFO]	XnProperty.cpp	151	Property Image1.YRes was changed to 480.
11243132	[INFO]	XnProperty.cpp	151	Property Image1.RequiredDataSize was changed to 921600.
11243155	[INFO]	XnProperty.cpp	101	Image1.YRes was successfully set.
11243179	[INFO]	XnProperty.cpp	74	Setting Image1.XRes to 640...
11243199	[INFO]	XnProperty.cpp	86	Image1.XRes value did not change.
11244360	[INFO]	XnUSBLinux-x86.cpp	1222	USB read thread was started.
11244405	[INFO]	XnProperty.cpp	151	Property Image1.ActualReadData was changed to 1.
11409472	[WARNING]	XnDepthProcessor.cpp	133	Read: Depth buffer is corrupt. Size is 586464 (!= 614400)
11409522	[WARNING]	XnFrameStreamProcessor.cpp	132	Depth frame is corrupt!
11441497	[WARNING]	XnDepthProcessor.cpp	133	Read: Depth buffer is corrupt. Size is 571456 (!= 614400)
11441546	[WARNING]	XnFrameStreamProcessor.cpp	132	Depth frame is corrupt!
14444794	[INFO]	XnProperty.cpp	151	Property Image1.State was changed to 1.
14444838	[INFO]	XnDeviceBase.cpp	370	Stream Image1 is open.
14445043	[INFO]	XnProperty.cpp	74	Setting Depth1.Registration to 1...
14477552	[WARNING]	XnDepthProcessor.cpp	133	Read: Depth buffer is corrupt. Size is 584560 (!= 614400)
14477602	[WARNING]	XnFrameStreamProcessor.cpp	132	Depth frame is corrupt!
14598827	[INFO]	XnProperty.cpp	151	Property Depth1.Registration was changed to 1.
14598873	[INFO]	XnProperty.cpp	101	Depth1.Registration was successfully set.
14598932	[INFO]	XnProperty.cpp	74	Setting Image1.Mirror to 1...
14611248	[INFO]	XnProperty.cpp	151	Property Image1.FirmwareMirror was changed to 1.
14611291	[INFO]	XnProperty.cpp	151	Property Image1.Mirror was changed to 1.
14611304	[INFO]	XnProperty.cpp	101	Image1.Mirror was successfully set.
31119909	[INFO]	XnOpenNI.cpp	1459	Destroying node 'User1'
31127997	[INFO]	XnOpenNI.cpp	1459	Destroying node 'Depth1'
31128086	[INFO]	XnDeviceBase.cpp	1507	Destroying stream 'Depth1'...
31129416	[INFO]	XnOpenNI.cpp	1459	Destroying node 'Image1'
31129484	[INFO]	XnDeviceBase.cpp	1507	Destroying stream 'Image1'...
31130464	[INFO]	XnOpenNI.cpp	1459	Destroying node 'Device1'
