    1800	[INFO]	XnLog.cpp	165	OpenNI version is 1.0.0 (Build 25)-MacOSX (Jan  7 2011 14:20:18)
    1850	[INFO]	XnLog.cpp	173	Log system initialized. Console: 1, File: 1, Severity: INFO, Masks: ALL
    1884	[INFO]	XnLog.cpp	173	Log system initialized. Console: 1, File: 1, Severity: INFO, Masks: ALL
    3222	[INFO]	XnUSBLinux-x86.cpp	98	USB is initialized.
 2924095	[INFO]	XnOpenNI.cpp	1261	Creating node 'Device1' of type Device...
 2924887	[INFO]	XnDeviceModule.cpp	431	Module 'Device' configuration was loaded from file.
 3255996	[INFO]	XnDeviceSensorIO.cpp	135	Connected to USB device
 3256052	[INFO]	XnProperty.cpp	151	Property Device.USBPath was changed to 045e/02ae@250/10.
 3263984	[INFO]	XnHostProtocol.cpp	825	Hardware versions: FW=5.1.4 (7) HW=4 Chip=2 Sensor=4 SYS=7
 4674433	[INFO]	XnProperty.cpp	151	Property Device.ID was changed to 0.
 4674532	[INFO]	XnSensor.cpp	182	Device sensor initialized
 4674640	[INFO]	XnOpenNI.cpp	1261	Creating node 'Depth1' of type Depth...
 4674678	[INFO]	XnDeviceBase.cpp	1383	Creating stream 'Depth1' of type 'Depth'...
 4674695	[INFO]	XnProperty.cpp	74	Setting Device.ReadData to 1...
 4674726	[INFO]	XnDeviceSensorIO.cpp	298	Endpoints open
 4686979	[INFO]	XnProperty.cpp	151	Property Device.ReadData was changed to 1.
 4687022	[INFO]	XnProperty.cpp	101	Device.ReadData was successfully set.
 4687377	[INFO]	XnProperty.cpp	151	Property Depth1.Resolution was changed to 0.
 4687399	[INFO]	XnProperty.cpp	151	Property Depth1.XRes was changed to 320.
 4687413	[INFO]	XnProperty.cpp	151	Property Depth1.YRes was changed to 240.
 4687425	[INFO]	XnProperty.cpp	151	Property Depth1.FPS was changed to 30.
 4687436	[INFO]	XnProperty.cpp	151	Property Depth1.OutputFormat was changed to 1.
 4687447	[INFO]	XnProperty.cpp	151	Property Depth1.BytesPerPixel was changed to 2.
 4687460	[INFO]	XnProperty.cpp	151	Property Depth1.RequiredDataSize was changed to 153600.
 4687476	[INFO]	XnProperty.cpp	151	Property Depth1.ParamCoeff was changed to 4.
 4687535	[INFO]	XnProperty.cpp	151	Property Depth1.ShiftScale was changed to 10.
 4700160	[INFO]	XnProperty.cpp	151	Property Depth1.ConstShift was changed to 200.
 4700245	[INFO]	XnProperty.cpp	151	Property Depth1.ZPD was changed to 120.
 4700342	[INFO]	XnProperty.cpp	151	Property Depth1.ZPPS was changed to 0.104200.
 4700357	[INFO]	XnProperty.cpp	151	Property Depth1.LDDIS was changed to 7.500000.
 4700450	[INFO]	XnProperty.cpp	151	Property Depth1.Gain was changed to 30.
 4700483	[INFO]	XnDeviceBase.cpp	1458	Stream 'Depth1' was initialized.
 4700496	[INFO]	XnDeviceBase.cpp	1463	'Depth1' stream was created.
 4700662	[INFO]	XnProperty.cpp	74	Setting Depth1.InputFormat to 3...
 4700684	[INFO]	XnProperty.cpp	151	Property Depth1.InputFormat was changed to 3.
 4700698	[INFO]	XnProperty.cpp	101	Depth1.InputFormat was successfully set.
 4701132	[INFO]	XnProperty.cpp	74	Setting Depth1.RegistrationType to 2...
 4701147	[INFO]	XnProperty.cpp	151	Property Depth1.RegistrationType was changed to 2.
 4701159	[INFO]	XnProperty.cpp	101	Depth1.RegistrationType was successfully set.
 4701621	[INFO]	XnDeviceModule.cpp	431	Module 'Depth1' configuration was loaded from file.
 4701893	[INFO]	XnProperty.cpp	74	Setting Depth1.FPS to 30...
 4701923	[INFO]	XnProperty.cpp	86	Depth1.FPS value did not change.
 4701946	[INFO]	XnProperty.cpp	74	Setting Depth1.YRes to 480...
 4701972	[INFO]	XnProperty.cpp	151	Property Depth1.Resolution was changed to 1.
 4701992	[INFO]	XnProperty.cpp	151	Property Depth1.XRes was changed to 640.
 4702012	[INFO]	XnProperty.cpp	151	Property Depth1.RequiredDataSize was changed to 307200.
 4702038	[INFO]	XnProperty.cpp	151	Property Depth1.YRes was changed to 480.
 4702059	[INFO]	XnProperty.cpp	151	Property Depth1.RequiredDataSize was changed to 614400.
 4702081	[INFO]	XnProperty.cpp	101	Depth1.YRes was successfully set.
 4702103	[INFO]	XnProperty.cpp	74	Setting Depth1.XRes to 640...
 4702122	[INFO]	XnProperty.cpp	86	Depth1.XRes value did not change.
 4702188	[INFO]	XnProperty.cpp	74	Setting Depth1.Mirror to 1...
 4702214	[INFO]	XnProperty.cpp	151	Property Depth1.FirmwareMirror was changed to 1.
 4702277	[INFO]	XnProperty.cpp	151	Property Depth1.Mirror was changed to 1.
 4702299	[INFO]	XnProperty.cpp	101	Depth1.Mirror was successfully set.
 7209154	[INFO]	XnOpenNI.cpp	1261	Creating node 'User1' of type User...
 7232962	[WARNING]	Linux-x86Threads.cpp	173	Failed to set thread priority: Invalid argument
 7233009	[WARNING]	XnUSBLinux-x86.cpp	126	USB events thread: Failed to set thread priority to critical. This might cause loss of data...
 7233802	[INFO]	XnUSBLinux-x86.cpp	1222	USB read thread was started.
 7233827	[INFO]	XnProperty.cpp	151	Property Depth1.ActualReadData was changed to 1.
 7705314	[INFO]	XnProperty.cpp	151	Property Depth1.State was changed to 1.
 7705360	[INFO]	XnDeviceBase.cpp	370	Stream Depth1 is open.
10923454	[INFO]	XnOpenNI.cpp	1261	Creating node 'Image1' of type Image...
10923508	[INFO]	XnDeviceBase.cpp	1383	Creating stream 'Image1' of type 'Image'...
10923735	[INFO]	XnProperty.cpp	151	Property Image1.Resolution was changed to 0.
10923758	[INFO]	XnProperty.cpp	151	Property Image1.XRes was changed to 320.
10923779	[INFO]	XnProperty.cpp	151	Property Image1.YRes was changed to 240.
10923799	[INFO]	XnProperty.cpp	151	Property Image1.FPS was changed to 30.
10923819	[INFO]	XnProperty.cpp	151	Property Image1.OutputFormat was changed to 5.
10923838	[INFO]	XnProperty.cpp	151	Property Image1.BytesPerPixel was changed to 3.
10923857	[INFO]	XnProperty.cpp	151	Property Image1.RequiredDataSize was changed to 230400.
10923897	[INFO]	XnDeviceBase.cpp	1458	Stream 'Image1' was initialized.
10923916	[INFO]	XnDeviceBase.cpp	1463	'Image1' stream was created.
10924036	[INFO]	XnProperty.cpp	74	Setting Image1.InputFormat to 6...
10924062	[INFO]	XnProperty.cpp	151	Property Image1.InputFormat was changed to 6.
10924082	[INFO]	XnProperty.cpp	101	Image1.InputFormat was successfully set.
10924515	[INFO]	XnDeviceModule.cpp	431	Module 'Image1' configuration was loaded from file.
10924605	[INFO]	XnProperty.cpp	74	Setting Image1.FPS to 30...
10924620	[INFO]	XnProperty.cpp	86	Image1.FPS value did not change.
10924632	[INFO]	XnProperty.cpp	74	Setting Image1.YRes to 480...
10924644	[INFO]	XnProperty.cpp	151	Property Image1.Resolution was changed to 1.
10924655	[INFO]	XnProperty.cpp	151	Property Image1.XRes was changed to 640.
10924666	[INFO]	XnProperty.cpp	151	Property Image1.RequiredDataSize was changed to 460800.
10924679	[INFO]	XnProperty.cpp	151	Property Image1.YRes was changed to 480.
10924690	[INFO]	XnProperty.cpp	151	Property Image1.RequiredDataSize was changed to 921600.
10924701	[INFO]	XnProperty.cpp	101	Image1.YRes was successfully set.
10924713	[INFO]	XnProperty.cpp	74	Setting Image1.XRes to 640...
10924723	[INFO]	XnProperty.cpp	86	Image1.XRes value did not change.
10925746	[INFO]	XnUSBLinux-x86.cpp	1222	USB read thread was started.
10925782	[INFO]	XnProperty.cpp	151	Property Image1.ActualReadData was changed to 1.
10974511	[WARNING]	XnDepthProcessor.cpp	133	Read: Depth buffer is corrupt. Size is 594288 (!= 614400)
10974559	[WARNING]	XnFrameStreamProcessor.cpp	132	Depth frame is corrupt!
11106533	[WARNING]	XnDepthProcessor.cpp	133	Read: Depth buffer is corrupt. Size is 539328 (!= 614400)
11106580	[WARNING]	XnFrameStreamProcessor.cpp	132	Depth frame is corrupt!
14010999	[WARNING]	XnDepthProcessor.cpp	133	Read: Depth buffer is corrupt. Size is 595744 (!= 614400)
14011046	[WARNING]	XnFrameStreamProcessor.cpp	132	Depth frame is corrupt!
14128116	[INFO]	XnProperty.cpp	151	Property Image1.State was changed to 1.
14128159	[INFO]	XnDeviceBase.cpp	370	Stream Image1 is open.
14128367	[INFO]	XnProperty.cpp	74	Setting Depth1.Registration to 1...
14137979	[WARNING]	XnFirmwareStreams.cpp	324	Unknown packet type (0x374a)!!!
14143052	[WARNING]	XnDepthProcessor.cpp	133	Read: Depth buffer is corrupt. Size is 579376 (!= 614400)
14143080	[WARNING]	XnFrameStreamProcessor.cpp	132	Depth frame is corrupt!
14175083	[WARNING]	XnDepthProcessor.cpp	133	Read: Depth buffer is corrupt. Size is 588944 (!= 614400)
14175129	[WARNING]	XnFrameStreamProcessor.cpp	132	Depth frame is corrupt!
14280992	[INFO]	XnProperty.cpp	151	Property Depth1.Registration was changed to 1.
14281081	[INFO]	XnProperty.cpp	101	Depth1.Registration was successfully set.
14281137	[INFO]	XnProperty.cpp	74	Setting Image1.Mirror to 1...
14293369	[INFO]	XnProperty.cpp	151	Property Image1.FirmwareMirror was changed to 1.
14293411	[INFO]	XnProperty.cpp	151	Property Image1.Mirror was changed to 1.
14293423	[INFO]	XnProperty.cpp	101	Image1.Mirror was successfully set.
25085243	[INFO]	XnOpenNI.cpp	1459	Destroying node 'User1'
25093371	[INFO]	XnOpenNI.cpp	1459	Destroying node 'Depth1'
25093460	[INFO]	XnDeviceBase.cpp	1507	Destroying stream 'Depth1'...
25094653	[INFO]	XnOpenNI.cpp	1459	Destroying node 'Image1'
25094692	[INFO]	XnDeviceBase.cpp	1507	Destroying stream 'Image1'...
25095491	[INFO]	XnOpenNI.cpp	1459	Destroying node 'Device1'
