    1602	[INFO]	XnLog.cpp	165	OpenNI version is 1.0.0 (Build 25)-MacOSX (Jan  7 2011 14:20:18)
    1647	[INFO]	XnLog.cpp	173	Log system initialized. Console: 1, File: 1, Severity: INFO, Masks: ALL
    1670	[INFO]	XnLog.cpp	173	Log system initialized. Console: 1, File: 1, Severity: INFO, Masks: ALL
    2742	[INFO]	XnUSBLinux-x86.cpp	98	USB is initialized.
 2910976	[INFO]	XnOpenNI.cpp	1261	Creating node 'Device1' of type Device...
 2912496	[INFO]	XnDeviceModule.cpp	431	Module 'Device' configuration was loaded from file.
 3242770	[INFO]	XnDeviceSensorIO.cpp	135	Connected to USB device
 3242826	[INFO]	XnProperty.cpp	151	Property Device.USBPath was changed to 045e/02ae@250/10.
 3250172	[INFO]	XnHostProtocol.cpp	825	Hardware versions: FW=5.1.4 (7) HW=4 Chip=2 Sensor=4 SYS=7
 4671139	[INFO]	XnProperty.cpp	151	Property Device.ID was changed to 0.
 4671198	[INFO]	XnSensor.cpp	182	Device sensor initialized
 4671283	[INFO]	XnOpenNI.cpp	1261	Creating node 'Depth1' of type Depth...
 4671322	[INFO]	XnDeviceBase.cpp	1383	Creating stream 'Depth1' of type 'Depth'...
 4671340	[INFO]	XnProperty.cpp	74	Setting Device.ReadData to 1...
 4671370	[INFO]	XnDeviceSensorIO.cpp	298	Endpoints open
 4683564	[INFO]	XnProperty.cpp	151	Property Device.ReadData was changed to 1.
 4683602	[INFO]	XnProperty.cpp	101	Device.ReadData was successfully set.
 4684002	[INFO]	XnProperty.cpp	151	Property Depth1.Resolution was changed to 0.
 4684124	[INFO]	XnProperty.cpp	151	Property Depth1.XRes was changed to 320.
 4684167	[INFO]	XnProperty.cpp	151	Property Depth1.YRes was changed to 240.
 4684204	[INFO]	XnProperty.cpp	151	Property Depth1.FPS was changed to 30.
 4684234	[INFO]	XnProperty.cpp	151	Property Depth1.OutputFormat was changed to 1.
 4684269	[INFO]	XnProperty.cpp	151	Property Depth1.BytesPerPixel was changed to 2.
 4684304	[INFO]	XnProperty.cpp	151	Property Depth1.RequiredDataSize was changed to 153600.
 4684347	[INFO]	XnProperty.cpp	151	Property Depth1.ParamCoeff was changed to 4.
 4684459	[INFO]	XnProperty.cpp	151	Property Depth1.ShiftScale was changed to 10.
 4696895	[INFO]	XnProperty.cpp	151	Property Depth1.ConstShift was changed to 200.
 4696974	[INFO]	XnProperty.cpp	151	Property Depth1.ZPD was changed to 120.
 4697071	[INFO]	XnProperty.cpp	151	Property Depth1.ZPPS was changed to 0.104200.
 4697086	[INFO]	XnProperty.cpp	151	Property Depth1.LDDIS was changed to 7.500000.
 4697175	[INFO]	XnProperty.cpp	151	Property Depth1.Gain was changed to 30.
 4697204	[INFO]	XnDeviceBase.cpp	1458	Stream 'Depth1' was initialized.
 4697219	[INFO]	XnDeviceBase.cpp	1463	'Depth1' stream was created.
 4697379	[INFO]	XnProperty.cpp	74	Setting Depth1.InputFormat to 3...
 4697402	[INFO]	XnProperty.cpp	151	Property Depth1.InputFormat was changed to 3.
 4697416	[INFO]	XnProperty.cpp	101	Depth1.InputFormat was successfully set.
 4697850	[INFO]	XnProperty.cpp	74	Setting Depth1.RegistrationType to 2...
 4697866	[INFO]	XnProperty.cpp	151	Property Depth1.RegistrationType was changed to 2.
 4697877	[INFO]	XnProperty.cpp	101	Depth1.RegistrationType was successfully set.
 4698414	[INFO]	XnDeviceModule.cpp	431	Module 'Depth1' configuration was loaded from file.
 4698641	[INFO]	XnProperty.cpp	74	Setting Depth1.FPS to 30...
 4698668	[INFO]	XnProperty.cpp	86	Depth1.FPS value did not change.
 4698687	[INFO]	XnProperty.cpp	74	Setting Depth1.YRes to 480...
 4698709	[INFO]	XnProperty.cpp	151	Property Depth1.Resolution was changed to 1.
 4698730	[INFO]	XnProperty.cpp	151	Property Depth1.XRes was changed to 640.
 4698750	[INFO]	XnProperty.cpp	151	Property Depth1.RequiredDataSize was changed to 307200.
 4698773	[INFO]	XnProperty.cpp	151	Property Depth1.YRes was changed to 480.
 4698791	[INFO]	XnProperty.cpp	151	Property Depth1.RequiredDataSize was changed to 614400.
 4698809	[INFO]	XnProperty.cpp	101	Depth1.YRes was successfully set.
 4698825	[INFO]	XnProperty.cpp	74	Setting Depth1.XRes to 640...
 4698839	[INFO]	XnProperty.cpp	86	Depth1.XRes value did not change.
 4698893	[INFO]	XnProperty.cpp	74	Setting Depth1.Mirror to 1...
 4698912	[INFO]	XnProperty.cpp	151	Property Depth1.FirmwareMirror was changed to 1.
 4698962	[INFO]	XnProperty.cpp	151	Property Depth1.Mirror was changed to 1.
 4698977	[INFO]	XnProperty.cpp	101	Depth1.Mirror was successfully set.
 7198943	[INFO]	XnOpenNI.cpp	1261	Creating node 'User1' of type User...
 7223698	[WARNING]	Linux-x86Threads.cpp	173	Failed to set thread priority: Invalid argument
 7223745	[WARNING]	XnUSBLinux-x86.cpp	126	USB events thread: Failed to set thread priority to critical. This might cause loss of data...
 7224467	[INFO]	XnUSBLinux-x86.cpp	1222	USB read thread was started.
 7224492	[INFO]	XnProperty.cpp	151	Property Depth1.ActualReadData was changed to 1.
 7695877	[INFO]	XnProperty.cpp	151	Property Depth1.State was changed to 1.
 7695920	[INFO]	XnDeviceBase.cpp	370	Stream Depth1 is open.
10595564	[INFO]	XnOpenNI.cpp	1261	Creating node 'Image1' of type Image...
10595615	[INFO]	XnDeviceBase.cpp	1383	Creating stream 'Image1' of type 'Image'...
10595797	[INFO]	XnProperty.cpp	151	Property Image1.Resolution was changed to 0.
10595816	[INFO]	XnProperty.cpp	151	Property Image1.XRes was changed to 320.
10595829	[INFO]	XnProperty.cpp	151	Property Image1.YRes was changed to 240.
10595844	[INFO]	XnProperty.cpp	151	Property Image1.FPS was changed to 30.
10595861	[INFO]	XnProperty.cpp	151	Property Image1.OutputFormat was changed to 5.
10595879	[INFO]	XnProperty.cpp	151	Property Image1.BytesPerPixel was changed to 3.
10595896	[INFO]	XnProperty.cpp	151	Property Image1.RequiredDataSize was changed to 230400.
10595938	[INFO]	XnDeviceBase.cpp	1458	Stream 'Image1' was initialized.
10595962	[INFO]	XnDeviceBase.cpp	1463	'Image1' stream was created.
10596107	[INFO]	XnProperty.cpp	74	Setting Image1.InputFormat to 6...
10596139	[INFO]	XnProperty.cpp	151	Property Image1.InputFormat was changed to 6.
10596159	[INFO]	XnProperty.cpp	101	Image1.InputFormat was successfully set.
10596762	[INFO]	XnDeviceModule.cpp	431	Module 'Image1' configuration was loaded from file.
10596875	[INFO]	XnProperty.cpp	74	Setting Image1.FPS to 30...
10596898	[INFO]	XnProperty.cpp	86	Image1.FPS value did not change.
10596918	[INFO]	XnProperty.cpp	74	Setting Image1.YRes to 480...
10596939	[INFO]	XnProperty.cpp	151	Property Image1.Resolution was changed to 1.
10596960	[INFO]	XnProperty.cpp	151	Property Image1.XRes was changed to 640.
10596980	[INFO]	XnProperty.cpp	151	Property Image1.RequiredDataSize was changed to 460800.
10597002	[INFO]	XnProperty.cpp	151	Property Image1.YRes was changed to 480.
10597035	[INFO]	XnProperty.cpp	151	Property Image1.RequiredDataSize was changed to 921600.
10597056	[INFO]	XnProperty.cpp	101	Image1.YRes was successfully set.
10597075	[INFO]	XnProperty.cpp	74	Setting Image1.XRes to 640...
10597093	[INFO]	XnProperty.cpp	86	Image1.XRes value did not change.
10598215	[INFO]	XnUSBLinux-x86.cpp	1222	USB read thread was started.
10598255	[INFO]	XnProperty.cpp	151	Property Image1.ActualReadData was changed to 1.
10761206	[WARNING]	XnDepthProcessor.cpp	133	Read: Depth buffer is corrupt. Size is 599504 (!= 614400)
10761256	[WARNING]	XnFrameStreamProcessor.cpp	132	Depth frame is corrupt!
10797150	[WARNING]	XnDepthProcessor.cpp	133	Read: Depth buffer is corrupt. Size is 554064 (!= 614400)
10797196	[WARNING]	XnFrameStreamProcessor.cpp	132	Depth frame is corrupt!
13800217	[INFO]	XnProperty.cpp	151	Property Image1.State was changed to 1.
13800261	[INFO]	XnDeviceBase.cpp	370	Stream Image1 is open.
13800478	[INFO]	XnProperty.cpp	74	Setting Depth1.Registration to 1...
13833615	[WARNING]	XnDepthProcessor.cpp	133	Read: Depth buffer is corrupt. Size is 584368 (!= 614400)
13833663	[WARNING]	XnFrameStreamProcessor.cpp	132	Depth frame is corrupt!
13952903	[INFO]	XnProperty.cpp	151	Property Depth1.Registration was changed to 1.
13952945	[INFO]	XnProperty.cpp	101	Depth1.Registration was successfully set.
13952991	[INFO]	XnProperty.cpp	74	Setting Image1.Mirror to 1...
13965419	[INFO]	XnProperty.cpp	151	Property Image1.FirmwareMirror was changed to 1.
13965458	[INFO]	XnProperty.cpp	151	Property Image1.Mirror was changed to 1.
13965470	[INFO]	XnProperty.cpp	101	Image1.Mirror was successfully set.
34062661	[INFO]	XnOpenNI.cpp	1459	Destroying node 'User1'
34071314	[INFO]	XnOpenNI.cpp	1459	Destroying node 'Depth1'
34071430	[INFO]	XnDeviceBase.cpp	1507	Destroying stream 'Depth1'...
34072921	[INFO]	XnOpenNI.cpp	1459	Destroying node 'Image1'
34072970	[INFO]	XnDeviceBase.cpp	1507	Destroying stream 'Image1'...
34073924	[INFO]	XnOpenNI.cpp	1459	Destroying node 'Device1'
