    2041	[INFO]	XnLog.cpp	165	OpenNI version is 1.0.0 (Build 25)-MacOSX (Jan  7 2011 14:20:18)
    2092	[INFO]	XnLog.cpp	173	Log system initialized. Console: 1, File: 1, Severity: INFO, Masks: ALL
    2125	[INFO]	XnLog.cpp	173	Log system initialized. Console: 1, File: 1, Severity: INFO, Masks: ALL
    3392	[INFO]	XnUSBLinux-x86.cpp	98	USB is initialized.
 4508671	[INFO]	XnOpenNI.cpp	1261	Creating node 'Device1' of type Device...
 4509512	[INFO]	XnDeviceModule.cpp	431	Module 'Device' configuration was loaded from file.
 5178916	[INFO]	XnDeviceSensorIO.cpp	135	Connected to USB device
 5178985	[INFO]	XnProperty.cpp	151	Property Device.USBPath was changed to 045e/02ae@250/10.
 5187006	[INFO]	XnHostProtocol.cpp	825	Hardware versions: FW=5.1.4 (7) HW=4 Chip=2 Sensor=4 SYS=7
 6597039	[INFO]	XnProperty.cpp	151	Property Device.ID was changed to 0.
 6597114	[INFO]	XnSensor.cpp	182	Device sensor initialized
 6597216	[INFO]	XnOpenNI.cpp	1261	Creating node 'Depth1' of type Depth...
 6597269	[INFO]	XnDeviceBase.cpp	1383	Creating stream 'Depth1' of type 'Depth'...
 6597294	[INFO]	XnProperty.cpp	74	Setting Device.ReadData to 1...
 6597338	[INFO]	XnDeviceSensorIO.cpp	298	Endpoints open
 6609691	[INFO]	XnProperty.cpp	151	Property Device.ReadData was changed to 1.
 6609757	[INFO]	XnProperty.cpp	101	Device.ReadData was successfully set.
 6610356	[INFO]	XnProperty.cpp	151	Property Depth1.Resolution was changed to 0.
 6610392	[INFO]	XnProperty.cpp	151	Property Depth1.XRes was changed to 320.
 6610419	[INFO]	XnProperty.cpp	151	Property Depth1.YRes was changed to 240.
 6610536	[INFO]	XnProperty.cpp	151	Property Depth1.FPS was changed to 30.
 6610582	[INFO]	XnProperty.cpp	151	Property Depth1.OutputFormat was changed to 1.
 6610625	[INFO]	XnProperty.cpp	151	Property Depth1.BytesPerPixel was changed to 2.
 6610672	[INFO]	XnProperty.cpp	151	Property Depth1.RequiredDataSize was changed to 153600.
 6610725	[INFO]	XnProperty.cpp	151	Property Depth1.ParamCoeff was changed to 4.
 6610887	[INFO]	XnProperty.cpp	151	Property Depth1.ShiftScale was changed to 10.
 6623697	[INFO]	XnProperty.cpp	151	Property Depth1.ConstShift was changed to 200.
 6623831	[INFO]	XnProperty.cpp	151	Property Depth1.ZPD was changed to 120.
 6623965	[INFO]	XnProperty.cpp	151	Property Depth1.ZPPS was changed to 0.104200.
 6623984	[INFO]	XnProperty.cpp	151	Property Depth1.LDDIS was changed to 7.500000.
 6624101	[INFO]	XnProperty.cpp	151	Property Depth1.Gain was changed to 30.
 6624141	[INFO]	XnDeviceBase.cpp	1458	Stream 'Depth1' was initialized.
 6624161	[INFO]	XnDeviceBase.cpp	1463	'Depth1' stream was created.
 6624364	[INFO]	XnProperty.cpp	74	Setting Depth1.InputFormat to 3...
 6624393	[INFO]	XnProperty.cpp	151	Property Depth1.InputFormat was changed to 3.
 6624411	[INFO]	XnProperty.cpp	101	Depth1.InputFormat was successfully set.
 6624991	[INFO]	XnProperty.cpp	74	Setting Depth1.RegistrationType to 2...
 6625014	[INFO]	XnProperty.cpp	151	Property Depth1.RegistrationType was changed to 2.
 6625030	[INFO]	XnProperty.cpp	101	Depth1.RegistrationType was successfully set.
 6625644	[INFO]	XnDeviceModule.cpp	431	Module 'Depth1' configuration was loaded from file.
 6625860	[INFO]	XnProperty.cpp	74	Setting Depth1.FPS to 30...
 6625882	[INFO]	XnProperty.cpp	86	Depth1.FPS value did not change.
 6625898	[INFO]	XnProperty.cpp	74	Setting Depth1.YRes to 480...
 6625917	[INFO]	XnProperty.cpp	151	Property Depth1.Resolution was changed to 1.
 6625933	[INFO]	XnProperty.cpp	151	Property Depth1.XRes was changed to 640.
 6625950	[INFO]	XnProperty.cpp	151	Property Depth1.RequiredDataSize was changed to 307200.
 6625970	[INFO]	XnProperty.cpp	151	Property Depth1.YRes was changed to 480.
 6625986	[INFO]	XnProperty.cpp	151	Property Depth1.RequiredDataSize was changed to 614400.
 6626004	[INFO]	XnProperty.cpp	101	Depth1.YRes was successfully set.
 6626020	[INFO]	XnProperty.cpp	74	Setting Depth1.XRes to 640...
 6626035	[INFO]	XnProperty.cpp	86	Depth1.XRes value did not change.
 6626089	[INFO]	XnProperty.cpp	74	Setting Depth1.Mirror to 1...
 6626108	[INFO]	XnProperty.cpp	151	Property Depth1.FirmwareMirror was changed to 1.
 6626159	[INFO]	XnProperty.cpp	151	Property Depth1.Mirror was changed to 1.
 6626175	[INFO]	XnProperty.cpp	101	Depth1.Mirror was successfully set.
12334398	[INFO]	XnOpenNI.cpp	1261	Creating node 'User1' of type User...
12359641	[WARNING]	Linux-x86Threads.cpp	173	Failed to set thread priority: Invalid argument
12359688	[WARNING]	XnUSBLinux-x86.cpp	126	USB events thread: Failed to set thread priority to critical. This might cause loss of data...
12360454	[INFO]	XnUSBLinux-x86.cpp	1222	USB read thread was started.
12360480	[INFO]	XnProperty.cpp	151	Property Depth1.ActualReadData was changed to 1.
12831544	[INFO]	XnProperty.cpp	151	Property Depth1.State was changed to 1.
12831587	[INFO]	XnDeviceBase.cpp	370	Stream Depth1 is open.
18839395	[INFO]	XnOpenNI.cpp	1261	Creating node 'Image1' of type Image...
18839447	[INFO]	XnDeviceBase.cpp	1383	Creating stream 'Image1' of type 'Image'...
18839660	[INFO]	XnProperty.cpp	151	Property Image1.Resolution was changed to 0.
18839686	[INFO]	XnProperty.cpp	151	Property Image1.XRes was changed to 320.
18839705	[INFO]	XnProperty.cpp	151	Property Image1.YRes was changed to 240.
18839723	[INFO]	XnProperty.cpp	151	Property Image1.FPS was changed to 30.
18839741	[INFO]	XnProperty.cpp	151	Property Image1.OutputFormat was changed to 5.
18839759	[INFO]	XnProperty.cpp	151	Property Image1.BytesPerPixel was changed to 3.
18839778	[INFO]	XnProperty.cpp	151	Property Image1.RequiredDataSize was changed to 230400.
18839826	[INFO]	XnDeviceBase.cpp	1458	Stream 'Image1' was initialized.
18839849	[INFO]	XnDeviceBase.cpp	1463	'Image1' stream was created.
18839977	[INFO]	XnProperty.cpp	74	Setting Image1.InputFormat to 6...
18840007	[INFO]	XnProperty.cpp	151	Property Image1.InputFormat was changed to 6.
18840026	[INFO]	XnProperty.cpp	101	Image1.InputFormat was successfully set.
18840639	[INFO]	XnDeviceModule.cpp	431	Module 'Image1' configuration was loaded from file.
18840742	[INFO]	XnProperty.cpp	74	Setting Image1.FPS to 30...
18840765	[INFO]	XnProperty.cpp	86	Image1.FPS value did not change.
18840784	[INFO]	XnProperty.cpp	74	Setting Image1.YRes to 480...
18840807	[INFO]	XnProperty.cpp	151	Property Image1.Resolution was changed to 1.
18840828	[INFO]	XnProperty.cpp	151	Property Image1.XRes was changed to 640.
18840850	[INFO]	XnProperty.cpp	151	Property Image1.RequiredDataSize was changed to 460800.
18840875	[INFO]	XnProperty.cpp	151	Property Image1.YRes was changed to 480.
18840898	[INFO]	XnProperty.cpp	151	Property Image1.RequiredDataSize was changed to 921600.
18840922	[INFO]	XnProperty.cpp	101	Image1.YRes was successfully set.
18840945	[INFO]	XnProperty.cpp	74	Setting Image1.XRes to 640...
18840965	[INFO]	XnProperty.cpp	86	Image1.XRes value did not change.
18842148	[INFO]	XnUSBLinux-x86.cpp	1222	USB read thread was started.
18842192	[INFO]	XnProperty.cpp	151	Property Image1.ActualReadData was changed to 1.
19037384	[WARNING]	XnDepthProcessor.cpp	133	Read: Depth buffer is corrupt. Size is 567872 (!= 614400)
19037431	[WARNING]	XnFrameStreamProcessor.cpp	132	Depth frame is corrupt!
21941823	[WARNING]	XnDepthProcessor.cpp	133	Read: Depth buffer is corrupt. Size is 562528 (!= 614400)
21941882	[WARNING]	XnFrameStreamProcessor.cpp	132	Depth frame is corrupt!
22044693	[INFO]	XnProperty.cpp	151	Property Image1.State was changed to 1.
22044745	[INFO]	XnDeviceBase.cpp	370	Stream Image1 is open.
22044933	[INFO]	XnProperty.cpp	74	Setting Depth1.Registration to 1...
22053910	[WARNING]	XnFirmwareStreams.cpp	324	Unknown packet type (0x4a5f)!!!
22073858	[WARNING]	XnDepthProcessor.cpp	133	Read: Depth buffer is corrupt. Size is 565936 (!= 614400)
22073910	[WARNING]	XnFrameStreamProcessor.cpp	132	Depth frame is corrupt!
22198645	[INFO]	XnProperty.cpp	151	Property Depth1.Registration was changed to 1.
22198688	[INFO]	XnProperty.cpp	101	Depth1.Registration was successfully set.
22198733	[INFO]	XnProperty.cpp	74	Setting Image1.Mirror to 1...
22210972	[INFO]	XnProperty.cpp	151	Property Image1.FirmwareMirror was changed to 1.
22211016	[INFO]	XnProperty.cpp	151	Property Image1.Mirror was changed to 1.
22211028	[INFO]	XnProperty.cpp	101	Image1.Mirror was successfully set.
41206580	[INFO]	XnOpenNI.cpp	1459	Destroying node 'User1'
41214783	[INFO]	XnOpenNI.cpp	1459	Destroying node 'Depth1'
41214871	[INFO]	XnDeviceBase.cpp	1507	Destroying stream 'Depth1'...
41216364	[INFO]	XnOpenNI.cpp	1459	Destroying node 'Image1'
41216430	[INFO]	XnDeviceBase.cpp	1507	Destroying stream 'Image1'...
41217370	[INFO]	XnOpenNI.cpp	1459	Destroying node 'Device1'
