    1729	[INFO]	XnLog.cpp	165	OpenNI version is 1.0.0 (Build 25)-MacOSX (Jan  7 2011 14:20:18)
    1776	[INFO]	XnLog.cpp	173	Log system initialized. Console: 1, File: 1, Severity: INFO, Masks: ALL
    1810	[INFO]	XnLog.cpp	173	Log system initialized. Console: 1, File: 1, Severity: INFO, Masks: ALL
    3104	[INFO]	XnUSBLinux-x86.cpp	98	USB is initialized.
 2895013	[INFO]	XnOpenNI.cpp	1261	Creating node 'Device1' of type Device...
 2895867	[INFO]	XnDeviceModule.cpp	431	Module 'Device' configuration was loaded from file.
 3226552	[INFO]	XnDeviceSensorIO.cpp	135	Connected to USB device
 3226621	[INFO]	XnProperty.cpp	151	Property Device.USBPath was changed to 045e/02ae@250/10.
 3235064	[INFO]	XnHostProtocol.cpp	825	Hardware versions: FW=5.1.4 (7) HW=4 Chip=2 Sensor=4 SYS=7
 4642789	[INFO]	XnProperty.cpp	151	Property Device.ID was changed to 0.
 4642863	[INFO]	XnSensor.cpp	182	Device sensor initialized
 4642962	[INFO]	XnOpenNI.cpp	1261	Creating node 'Depth1' of type Depth...
 4643008	[INFO]	XnDeviceBase.cpp	1383	Creating stream 'Depth1' of type 'Depth'...
 4643030	[INFO]	XnProperty.cpp	74	Setting Device.ReadData to 1...
 4643067	[INFO]	XnDeviceSensorIO.cpp	298	Endpoints open
 4655381	[INFO]	XnProperty.cpp	151	Property Device.ReadData was changed to 1.
 4655428	[INFO]	XnProperty.cpp	101	Device.ReadData was successfully set.
 4655975	[INFO]	XnProperty.cpp	151	Property Depth1.Resolution was changed to 0.
 4656007	[INFO]	XnProperty.cpp	151	Property Depth1.XRes was changed to 320.
 4656031	[INFO]	XnProperty.cpp	151	Property Depth1.YRes was changed to 240.
 4656052	[INFO]	XnProperty.cpp	151	Property Depth1.FPS was changed to 30.
 4656072	[INFO]	XnProperty.cpp	151	Property Depth1.OutputFormat was changed to 1.
 4656093	[INFO]	XnProperty.cpp	151	Property Depth1.BytesPerPixel was changed to 2.
 4656114	[INFO]	XnProperty.cpp	151	Property Depth1.RequiredDataSize was changed to 153600.
 4656140	[INFO]	XnProperty.cpp	151	Property Depth1.ParamCoeff was changed to 4.
 4656214	[INFO]	XnProperty.cpp	151	Property Depth1.ShiftScale was changed to 10.
 4668828	[INFO]	XnProperty.cpp	151	Property Depth1.ConstShift was changed to 200.
 4668937	[INFO]	XnProperty.cpp	151	Property Depth1.ZPD was changed to 120.
 4669043	[INFO]	XnProperty.cpp	151	Property Depth1.ZPPS was changed to 0.104200.
 4669070	[INFO]	XnProperty.cpp	151	Property Depth1.LDDIS was changed to 7.500000.
 4669188	[INFO]	XnProperty.cpp	151	Property Depth1.Gain was changed to 30.
 4669236	[INFO]	XnDeviceBase.cpp	1458	Stream 'Depth1' was initialized.
 4669266	[INFO]	XnDeviceBase.cpp	1463	'Depth1' stream was created.
 4669488	[INFO]	XnProperty.cpp	74	Setting Depth1.InputFormat to 3...
 4669521	[INFO]	XnProperty.cpp	151	Property Depth1.InputFormat was changed to 3.
 4669543	[INFO]	XnProperty.cpp	101	Depth1.InputFormat was successfully set.
 4670310	[INFO]	XnProperty.cpp	74	Setting Depth1.RegistrationType to 2...
 4670338	[INFO]	XnProperty.cpp	151	Property Depth1.RegistrationType was changed to 2.
 4670358	[INFO]	XnProperty.cpp	101	Depth1.RegistrationType was successfully set.
 4670839	[INFO]	XnDeviceModule.cpp	431	Module 'Depth1' configuration was loaded from file.
 4671045	[INFO]	XnProperty.cpp	74	Setting Depth1.FPS to 30...
 4671066	[INFO]	XnProperty.cpp	86	Depth1.FPS value did not change.
 4671085	[INFO]	XnProperty.cpp	74	Setting Depth1.YRes to 480...
 4671109	[INFO]	XnProperty.cpp	151	Property Depth1.Resolution was changed to 1.
 4671131	[INFO]	XnProperty.cpp	151	Property Depth1.XRes was changed to 640.
 4671150	[INFO]	XnProperty.cpp	151	Property Depth1.RequiredDataSize was changed to 307200.
 4671172	[INFO]	XnProperty.cpp	151	Property Depth1.YRes was changed to 480.
 4671191	[INFO]	XnProperty.cpp	151	Property Depth1.RequiredDataSize was changed to 614400.
 4671210	[INFO]	XnProperty.cpp	101	Depth1.YRes was successfully set.
 4671228	[INFO]	XnProperty.cpp	74	Setting Depth1.XRes to 640...
 4671244	[INFO]	XnProperty.cpp	86	Depth1.XRes value did not change.
 4671300	[INFO]	XnProperty.cpp	74	Setting Depth1.Mirror to 1...
 4671320	[INFO]	XnProperty.cpp	151	Property Depth1.FirmwareMirror was changed to 1.
 4671375	[INFO]	XnProperty.cpp	151	Property Depth1.Mirror was changed to 1.
 4671393	[INFO]	XnProperty.cpp	101	Depth1.Mirror was successfully set.
 7162900	[INFO]	XnOpenNI.cpp	1261	Creating node 'User1' of type User...
 7186803	[WARNING]	Linux-x86Threads.cpp	173	Failed to set thread priority: Invalid argument
 7186853	[WARNING]	XnUSBLinux-x86.cpp	126	USB events thread: Failed to set thread priority to critical. This might cause loss of data...
 7187867	[INFO]	XnUSBLinux-x86.cpp	1222	USB read thread was started.
 7187915	[INFO]	XnProperty.cpp	151	Property Depth1.ActualReadData was changed to 1.
 7660916	[INFO]	XnProperty.cpp	151	Property Depth1.State was changed to 1.
 7660966	[INFO]	XnDeviceBase.cpp	370	Stream Depth1 is open.
10135528	[INFO]	XnOpenNI.cpp	1261	Creating node 'Image1' of type Image...
10135580	[INFO]	XnDeviceBase.cpp	1383	Creating stream 'Image1' of type 'Image'...
10135757	[INFO]	XnProperty.cpp	151	Property Image1.Resolution was changed to 0.
10135776	[INFO]	XnProperty.cpp	151	Property Image1.XRes was changed to 320.
10135791	[INFO]	XnProperty.cpp	151	Property Image1.YRes was changed to 240.
10135822	[INFO]	XnProperty.cpp	151	Property Image1.FPS was changed to 30.
10135844	[INFO]	XnProperty.cpp	151	Property Image1.OutputFormat was changed to 5.
10135859	[INFO]	XnProperty.cpp	151	Property Image1.BytesPerPixel was changed to 3.
10135875	[INFO]	XnProperty.cpp	151	Property Image1.RequiredDataSize was changed to 230400.
10135916	[INFO]	XnDeviceBase.cpp	1458	Stream 'Image1' was initialized.
10135935	[INFO]	XnDeviceBase.cpp	1463	'Image1' stream was created.
10136057	[INFO]	XnProperty.cpp	74	Setting Image1.InputFormat to 6...
10136082	[INFO]	XnProperty.cpp	151	Property Image1.InputFormat was changed to 6.
10136099	[INFO]	XnProperty.cpp	101	Image1.InputFormat was successfully set.
10136581	[INFO]	XnDeviceModule.cpp	431	Module 'Image1' configuration was loaded from file.
10136656	[INFO]	XnProperty.cpp	74	Setting Image1.FPS to 30...
10136672	[INFO]	XnProperty.cpp	86	Image1.FPS value did not change.
10136684	[INFO]	XnProperty.cpp	74	Setting Image1.YRes to 480...
10136697	[INFO]	XnProperty.cpp	151	Property Image1.Resolution was changed to 1.
10136709	[INFO]	XnProperty.cpp	151	Property Image1.XRes was changed to 640.
10136722	[INFO]	XnProperty.cpp	151	Property Image1.RequiredDataSize was changed to 460800.
10136736	[INFO]	XnProperty.cpp	151	Property Image1.YRes was changed to 480.
10136748	[INFO]	XnProperty.cpp	151	Property Image1.RequiredDataSize was changed to 921600.
10136760	[INFO]	XnProperty.cpp	101	Image1.YRes was successfully set.
10136772	[INFO]	XnProperty.cpp	74	Setting Image1.XRes to 640...
10136783	[INFO]	XnProperty.cpp	86	Image1.XRes value did not change.
10137796	[INFO]	XnUSBLinux-x86.cpp	1222	USB read thread was started.
10137853	[INFO]	XnProperty.cpp	151	Property Image1.ActualReadData was changed to 1.
10328354	[WARNING]	XnDepthProcessor.cpp	133	Read: Depth buffer is corrupt. Size is 570480 (!= 614400)
10328401	[WARNING]	XnFrameStreamProcessor.cpp	132	Depth frame is corrupt!
13228935	[WARNING]	XnDepthProcessor.cpp	133	Read: Depth buffer is corrupt. Size is 561792 (!= 614400)
13228981	[WARNING]	XnFrameStreamProcessor.cpp	132	Depth frame is corrupt!
13340990	[INFO]	XnProperty.cpp	151	Property Image1.State was changed to 1.
13341043	[INFO]	XnDeviceBase.cpp	370	Stream Image1 is open.
13341262	[INFO]	XnProperty.cpp	74	Setting Depth1.Registration to 1...
13364929	[WARNING]	XnDepthProcessor.cpp	133	Read: Depth buffer is corrupt. Size is 584640 (!= 614400)
13364978	[WARNING]	XnFrameStreamProcessor.cpp	132	Depth frame is corrupt!
13396964	[WARNING]	XnDepthProcessor.cpp	133	Read: Depth buffer is corrupt. Size is 588560 (!= 614400)
13397013	[WARNING]	XnFrameStreamProcessor.cpp	132	Depth frame is corrupt!
13493999	[INFO]	XnProperty.cpp	151	Property Depth1.Registration was changed to 1.
13494060	[INFO]	XnProperty.cpp	101	Depth1.Registration was successfully set.
13494119	[INFO]	XnProperty.cpp	74	Setting Image1.Mirror to 1...
13506434	[INFO]	XnProperty.cpp	151	Property Image1.FirmwareMirror was changed to 1.
13506511	[INFO]	XnProperty.cpp	151	Property Image1.Mirror was changed to 1.
13506524	[INFO]	XnProperty.cpp	101	Image1.Mirror was successfully set.
28463435	[INFO]	XnOpenNI.cpp	1459	Destroying node 'User1'
28473204	[INFO]	XnOpenNI.cpp	1459	Destroying node 'Depth1'
28473307	[INFO]	XnDeviceBase.cpp	1507	Destroying stream 'Depth1'...
28474607	[INFO]	XnOpenNI.cpp	1459	Destroying node 'Image1'
28474668	[INFO]	XnDeviceBase.cpp	1507	Destroying stream 'Image1'...
28475557	[INFO]	XnOpenNI.cpp	1459	Destroying node 'Device1'
