    1800	[INFO]	XnLog.cpp	165	OpenNI version is 1.0.0 (Build 25)-MacOSX (Jan  7 2011 14:20:18)
    1846	[INFO]	XnLog.cpp	173	Log system initialized. Console: 1, File: 1, Severity: INFO, Masks: ALL
    1880	[INFO]	XnLog.cpp	173	Log system initialized. Console: 1, File: 1, Severity: INFO, Masks: ALL
    3192	[INFO]	XnUSBLinux-x86.cpp	98	USB is initialized.
 4318241	[INFO]	XnOpenNI.cpp	1261	Creating node 'Device1' of type Device...
 4352978	[INFO]	XnDeviceModule.cpp	431	Module 'Device' configuration was loaded from file.
 4916631	[INFO]	XnDeviceSensorIO.cpp	135	Connected to USB device
 4916685	[INFO]	XnProperty.cpp	151	Property Device.USBPath was changed to 045e/02ae@250/10.
 4924363	[INFO]	XnHostProtocol.cpp	825	Hardware versions: FW=5.1.4 (7) HW=4 Chip=2 Sensor=4 SYS=7
 6336074	[INFO]	XnProperty.cpp	151	Property Device.ID was changed to 0.
 6336150	[INFO]	XnSensor.cpp	182	Device sensor initialized
 6336268	[INFO]	XnOpenNI.cpp	1261	Creating node 'Depth1' of type Depth...
 6336323	[INFO]	XnDeviceBase.cpp	1383	Creating stream 'Depth1' of type 'Depth'...
 6336347	[INFO]	XnProperty.cpp	74	Setting Device.ReadData to 1...
 6336386	[INFO]	XnDeviceSensorIO.cpp	298	Endpoints open
 6349126	[INFO]	XnProperty.cpp	151	Property Device.ReadData was changed to 1.
 6349176	[INFO]	XnProperty.cpp	101	Device.ReadData was successfully set.
 6349611	[INFO]	XnProperty.cpp	151	Property Depth1.Resolution was changed to 0.
 6349636	[INFO]	XnProperty.cpp	151	Property Depth1.XRes was changed to 320.
 6349656	[INFO]	XnProperty.cpp	151	Property Depth1.YRes was changed to 240.
 6349677	[INFO]	XnProperty.cpp	151	Property Depth1.FPS was changed to 30.
 6349697	[INFO]	XnProperty.cpp	151	Property Depth1.OutputFormat was changed to 1.
 6349715	[INFO]	XnProperty.cpp	151	Property Depth1.BytesPerPixel was changed to 2.
 6349734	[INFO]	XnProperty.cpp	151	Property Depth1.RequiredDataSize was changed to 153600.
 6349759	[INFO]	XnProperty.cpp	151	Property Depth1.ParamCoeff was changed to 4.
 6349835	[INFO]	XnProperty.cpp	151	Property Depth1.ShiftScale was changed to 10.
 6362225	[INFO]	XnProperty.cpp	151	Property Depth1.ConstShift was changed to 200.
 6362337	[INFO]	XnProperty.cpp	151	Property Depth1.ZPD was changed to 120.
 6362491	[INFO]	XnProperty.cpp	151	Property Depth1.ZPPS was changed to 0.104200.
 6362516	[INFO]	XnProperty.cpp	151	Property Depth1.LDDIS was changed to 7.500000.
 6362640	[INFO]	XnProperty.cpp	151	Property Depth1.Gain was changed to 30.
 6362687	[INFO]	XnDeviceBase.cpp	1458	Stream 'Depth1' was initialized.
 6362708	[INFO]	XnDeviceBase.cpp	1463	'Depth1' stream was created.
 6362901	[INFO]	XnProperty.cpp	74	Setting Depth1.InputFormat to 3...
 6362931	[INFO]	XnProperty.cpp	151	Property Depth1.InputFormat was changed to 3.
 6362950	[INFO]	XnProperty.cpp	101	Depth1.InputFormat was successfully set.
 6363603	[INFO]	XnProperty.cpp	74	Setting Depth1.RegistrationType to 2...
 6363628	[INFO]	XnProperty.cpp	151	Property Depth1.RegistrationType was changed to 2.
 6363645	[INFO]	XnProperty.cpp	101	Depth1.RegistrationType was successfully set.
 6364362	[INFO]	XnDeviceModule.cpp	431	Module 'Depth1' configuration was loaded from file.
 6364638	[INFO]	XnProperty.cpp	74	Setting Depth1.FPS to 30...
 6364662	[INFO]	XnProperty.cpp	86	Depth1.FPS value did not change.
 6364679	[INFO]	XnProperty.cpp	74	Setting Depth1.YRes to 480...
 6364700	[INFO]	XnProperty.cpp	151	Property Depth1.Resolution was changed to 1.
 6364722	[INFO]	XnProperty.cpp	151	Property Depth1.XRes was changed to 640.
 6364746	[INFO]	XnProperty.cpp	151	Property Depth1.RequiredDataSize was changed to 307200.
 6364774	[INFO]	XnProperty.cpp	151	Property Depth1.YRes was changed to 480.
 6364804	[INFO]	XnProperty.cpp	151	Property Depth1.RequiredDataSize was changed to 614400.
 6364830	[INFO]	XnProperty.cpp	101	Depth1.YRes was successfully set.
 6364855	[INFO]	XnProperty.cpp	74	Setting Depth1.XRes to 640...
 6364875	[INFO]	XnProperty.cpp	86	Depth1.XRes value did not change.
 6364949	[INFO]	XnProperty.cpp	74	Setting Depth1.Mirror to 1...
 6364978	[INFO]	XnProperty.cpp	151	Property Depth1.FirmwareMirror was changed to 1.
 6365030	[INFO]	XnProperty.cpp	151	Property Depth1.Mirror was changed to 1.
 6365049	[INFO]	XnProperty.cpp	101	Depth1.Mirror was successfully set.
11355156	[INFO]	XnOpenNI.cpp	1261	Creating node 'User1' of type User...
11572792	[WARNING]	Linux-x86Threads.cpp	173	Failed to set thread priority: Invalid argument
11572832	[WARNING]	XnUSBLinux-x86.cpp	126	USB events thread: Failed to set thread priority to critical. This might cause loss of data...
11573738	[INFO]	XnUSBLinux-x86.cpp	1222	USB read thread was started.
11573778	[INFO]	XnProperty.cpp	151	Property Depth1.ActualReadData was changed to 1.
12045592	[INFO]	XnProperty.cpp	151	Property Depth1.State was changed to 1.
12045643	[INFO]	XnDeviceBase.cpp	370	Stream Depth1 is open.
17203494	[INFO]	XnOpenNI.cpp	1261	Creating node 'Image1' of type Image...
17203548	[INFO]	XnDeviceBase.cpp	1383	Creating stream 'Image1' of type 'Image'...
17203774	[INFO]	XnProperty.cpp	151	Property Image1.Resolution was changed to 0.
17203797	[INFO]	XnProperty.cpp	151	Property Image1.XRes was changed to 320.
17203817	[INFO]	XnProperty.cpp	151	Property Image1.YRes was changed to 240.
17203837	[INFO]	XnProperty.cpp	151	Property Image1.FPS was changed to 30.
17203856	[INFO]	XnProperty.cpp	151	Property Image1.OutputFormat was changed to 5.
17203874	[INFO]	XnProperty.cpp	151	Property Image1.BytesPerPixel was changed to 3.
17203892	[INFO]	XnProperty.cpp	151	Property Image1.RequiredDataSize was changed to 230400.
17203930	[INFO]	XnDeviceBase.cpp	1458	Stream 'Image1' was initialized.
17203950	[INFO]	XnDeviceBase.cpp	1463	'Image1' stream was created.
17204089	[INFO]	XnProperty.cpp	74	Setting Image1.InputFormat to 6...
17204122	[INFO]	XnProperty.cpp	151	Property Image1.InputFormat was changed to 6.
17204141	[INFO]	XnProperty.cpp	101	Image1.InputFormat was successfully set.
17204579	[INFO]	XnDeviceModule.cpp	431	Module 'Image1' configuration was loaded from file.
17204678	[INFO]	XnProperty.cpp	74	Setting Image1.FPS to 30...
17204698	[INFO]	XnProperty.cpp	86	Image1.FPS value did not change.
17204717	[INFO]	XnProperty.cpp	74	Setting Image1.YRes to 480...
17204736	[INFO]	XnProperty.cpp	151	Property Image1.Resolution was changed to 1.
17204754	[INFO]	XnProperty.cpp	151	Property Image1.XRes was changed to 640.
17204772	[INFO]	XnProperty.cpp	151	Property Image1.RequiredDataSize was changed to 460800.
17204792	[INFO]	XnProperty.cpp	151	Property Image1.YRes was changed to 480.
17204809	[INFO]	XnProperty.cpp	151	Property Image1.RequiredDataSize was changed to 921600.
17204827	[INFO]	XnProperty.cpp	101	Image1.YRes was successfully set.
17204845	[INFO]	XnProperty.cpp	74	Setting Image1.XRes to 640...
17204861	[INFO]	XnProperty.cpp	86	Image1.XRes value did not change.
17205753	[INFO]	XnUSBLinux-x86.cpp	1222	USB read thread was started.
17205796	[INFO]	XnProperty.cpp	151	Property Image1.ActualReadData was changed to 1.
17381610	[WARNING]	XnDepthProcessor.cpp	133	Read: Depth buffer is corrupt. Size is 574448 (!= 614400)
17381658	[WARNING]	XnFrameStreamProcessor.cpp	132	Depth frame is corrupt!
20285546	[WARNING]	XnDepthProcessor.cpp	133	Read: Depth buffer is corrupt. Size is 591312 (!= 614400)
20285594	[WARNING]	XnFrameStreamProcessor.cpp	132	Depth frame is corrupt!
20406452	[INFO]	XnProperty.cpp	151	Property Image1.State was changed to 1.
20406496	[INFO]	XnDeviceBase.cpp	370	Stream Image1 is open.
20406689	[INFO]	XnProperty.cpp	74	Setting Depth1.Registration to 1...
20417637	[WARNING]	XnDepthProcessor.cpp	133	Read: Depth buffer is corrupt. Size is 581104 (!= 614400)
20417684	[WARNING]	XnFrameStreamProcessor.cpp	132	Depth frame is corrupt!
20449684	[WARNING]	XnDepthProcessor.cpp	133	Read: Depth buffer is corrupt. Size is 587040 (!= 614400)
20449732	[WARNING]	XnFrameStreamProcessor.cpp	132	Depth frame is corrupt!
20558962	[INFO]	XnProperty.cpp	151	Property Depth1.Registration was changed to 1.
20559009	[INFO]	XnProperty.cpp	101	Depth1.Registration was successfully set.
20559064	[INFO]	XnProperty.cpp	74	Setting Image1.Mirror to 1...
20571274	[INFO]	XnProperty.cpp	151	Property Image1.FirmwareMirror was changed to 1.
20571360	[INFO]	XnProperty.cpp	151	Property Image1.Mirror was changed to 1.
20571381	[INFO]	XnProperty.cpp	101	Image1.Mirror was successfully set.
