    1725	[INFO]	XnLog.cpp	165	OpenNI version is 1.0.0 (Build 25)-MacOSX (Jan  7 2011 14:20:18)
    1772	[INFO]	XnLog.cpp	173	Log system initialized. Console: 1, File: 1, Severity: INFO, Masks: ALL
    1795	[INFO]	XnLog.cpp	173	Log system initialized. Console: 1, File: 1, Severity: INFO, Masks: ALL
    2964	[INFO]	XnUSBLinux-x86.cpp	98	USB is initialized.
 2956234	[INFO]	XnOpenNI.cpp	1261	Creating node 'Device1' of type Device...
 2957036	[INFO]	XnDeviceModule.cpp	431	Module 'Device' configuration was loaded from file.
 3121085	[INFO]	XnDeviceSensorIO.cpp	135	Connected to USB device
 3121151	[INFO]	XnProperty.cpp	151	Property Device.USBPath was changed to 045e/02ae@250/10.
 3131814	[INFO]	XnHostProtocol.cpp	825	Hardware versions: FW=5.1.4 (7) HW=4 Chip=2 Sensor=4 SYS=7
 4547512	[INFO]	XnProperty.cpp	151	Property Device.ID was changed to 0.
 4547599	[INFO]	XnSensor.cpp	182	Device sensor initialized
 4547719	[INFO]	XnOpenNI.cpp	1261	Creating node 'Depth1' of type Depth...
 4547767	[INFO]	XnDeviceBase.cpp	1383	Creating stream 'Depth1' of type 'Depth'...
 4547790	[INFO]	XnProperty.cpp	74	Setting Device.ReadData to 1...
 4547827	[INFO]	XnDeviceSensorIO.cpp	298	Endpoints open
 4560409	[INFO]	XnProperty.cpp	151	Property Device.ReadData was changed to 1.
 4560460	[INFO]	XnProperty.cpp	101	Device.ReadData was successfully set.
 4560958	[INFO]	XnProperty.cpp	151	Property Depth1.Resolution was changed to 0.
 4560991	[INFO]	XnProperty.cpp	151	Property Depth1.XRes was changed to 320.
 4561015	[INFO]	XnProperty.cpp	151	Property Depth1.YRes was changed to 240.
 4561037	[INFO]	XnProperty.cpp	151	Property Depth1.FPS was changed to 30.
 4561059	[INFO]	XnProperty.cpp	151	Property Depth1.OutputFormat was changed to 1.
 4561080	[INFO]	XnProperty.cpp	151	Property Depth1.BytesPerPixel was changed to 2.
 4561103	[INFO]	XnProperty.cpp	151	Property Depth1.RequiredDataSize was changed to 153600.
 4561130	[INFO]	XnProperty.cpp	151	Property Depth1.ParamCoeff was changed to 4.
 4561215	[INFO]	XnProperty.cpp	151	Property Depth1.ShiftScale was changed to 10.
 4573632	[INFO]	XnProperty.cpp	151	Property Depth1.ConstShift was changed to 200.
 4573726	[INFO]	XnProperty.cpp	151	Property Depth1.ZPD was changed to 120.
 4573823	[INFO]	XnProperty.cpp	151	Property Depth1.ZPPS was changed to 0.104200.
 4573838	[INFO]	XnProperty.cpp	151	Property Depth1.LDDIS was changed to 7.500000.
 4573928	[INFO]	XnProperty.cpp	151	Property Depth1.Gain was changed to 30.
 4573961	[INFO]	XnDeviceBase.cpp	1458	Stream 'Depth1' was initialized.
 4573974	[INFO]	XnDeviceBase.cpp	1463	'Depth1' stream was created.
 4574125	[INFO]	XnProperty.cpp	74	Setting Depth1.InputFormat to 3...
 4574146	[INFO]	XnProperty.cpp	151	Property Depth1.InputFormat was changed to 3.
 4574159	[INFO]	XnProperty.cpp	101	Depth1.InputFormat was successfully set.
 4574659	[INFO]	XnProperty.cpp	74	Setting Depth1.RegistrationType to 2...
 4574680	[INFO]	XnProperty.cpp	151	Property Depth1.RegistrationType was changed to 2.
 4574692	[INFO]	XnProperty.cpp	101	Depth1.RegistrationType was successfully set.
 4575276	[INFO]	XnDeviceModule.cpp	431	Module 'Depth1' configuration was loaded from file.
 4575472	[INFO]	XnProperty.cpp	74	Setting Depth1.FPS to 30...
 4575496	[INFO]	XnProperty.cpp	86	Depth1.FPS value did not change.
 4575512	[INFO]	XnProperty.cpp	74	Setting Depth1.YRes to 480...
 4575531	[INFO]	XnProperty.cpp	151	Property Depth1.Resolution was changed to 1.
 4575548	[INFO]	XnProperty.cpp	151	Property Depth1.XRes was changed to 640.
 4575563	[INFO]	XnProperty.cpp	151	Property Depth1.RequiredDataSize was changed to 307200.
 4575582	[INFO]	XnProperty.cpp	151	Property Depth1.YRes was changed to 480.
 4575598	[INFO]	XnProperty.cpp	151	Property Depth1.RequiredDataSize was changed to 614400.
 4575615	[INFO]	XnProperty.cpp	101	Depth1.YRes was successfully set.
 4575630	[INFO]	XnProperty.cpp	74	Setting Depth1.XRes to 640...
 4575644	[INFO]	XnProperty.cpp	86	Depth1.XRes value did not change.
 4575702	[INFO]	XnProperty.cpp	74	Setting Depth1.Mirror to 1...
 4575725	[INFO]	XnProperty.cpp	151	Property Depth1.FirmwareMirror was changed to 1.
 4575791	[INFO]	XnProperty.cpp	151	Property Depth1.Mirror was changed to 1.
 4575811	[INFO]	XnProperty.cpp	101	Depth1.Mirror was successfully set.
 5702662	[INFO]	XnOpenNI.cpp	1261	Creating node 'User1' of type User...
 5730602	[WARNING]	Linux-x86Threads.cpp	173	Failed to set thread priority: Invalid argument
 5730649	[WARNING]	XnUSBLinux-x86.cpp	126	USB events thread: Failed to set thread priority to critical. This might cause loss of data...
 5731476	[INFO]	XnUSBLinux-x86.cpp	1222	USB read thread was started.
 5731508	[INFO]	XnProperty.cpp	151	Property Depth1.ActualReadData was changed to 1.
 6202482	[INFO]	XnProperty.cpp	151	Property Depth1.State was changed to 1.
 6202526	[INFO]	XnDeviceBase.cpp	370	Stream Depth1 is open.
 8173750	[INFO]	XnOpenNI.cpp	1261	Creating node 'Image1' of type Image...
 8173811	[INFO]	XnDeviceBase.cpp	1383	Creating stream 'Image1' of type 'Image'...
 8174063	[INFO]	XnProperty.cpp	151	Property Image1.Resolution was changed to 0.
 8174084	[INFO]	XnProperty.cpp	151	Property Image1.XRes was changed to 320.
 8174097	[INFO]	XnProperty.cpp	151	Property Image1.YRes was changed to 240.
 8174109	[INFO]	XnProperty.cpp	151	Property Image1.FPS was changed to 30.
 8174120	[INFO]	XnProperty.cpp	151	Property Image1.OutputFormat was changed to 5.
 8174133	[INFO]	XnProperty.cpp	151	Property Image1.BytesPerPixel was changed to 3.
 8174145	[INFO]	XnProperty.cpp	151	Property Image1.RequiredDataSize was changed to 230400.
 8174175	[INFO]	XnDeviceBase.cpp	1458	Stream 'Image1' was initialized.
 8174189	[INFO]	XnDeviceBase.cpp	1463	'Image1' stream was created.
 8174298	[INFO]	XnProperty.cpp	74	Setting Image1.InputFormat to 6...
 8174321	[INFO]	XnProperty.cpp	151	Property Image1.InputFormat was changed to 6.
 8174334	[INFO]	XnProperty.cpp	101	Image1.InputFormat was successfully set.
 8174828	[INFO]	XnDeviceModule.cpp	431	Module 'Image1' configuration was loaded from file.
 8174926	[INFO]	XnProperty.cpp	74	Setting Image1.FPS to 30...
 8174949	[INFO]	XnProperty.cpp	86	Image1.FPS value did not change.
 8174968	[INFO]	XnProperty.cpp	74	Setting Image1.YRes to 480...
 8174988	[INFO]	XnProperty.cpp	151	Property Image1.Resolution was changed to 1.
 8175009	[INFO]	XnProperty.cpp	151	Property Image1.XRes was changed to 640.
 8175028	[INFO]	XnProperty.cpp	151	Property Image1.RequiredDataSize was changed to 460800.
 8175048	[INFO]	XnProperty.cpp	151	Property Image1.YRes was changed to 480.
 8175065	[INFO]	XnProperty.cpp	151	Property Image1.RequiredDataSize was changed to 921600.
 8175083	[INFO]	XnProperty.cpp	101	Image1.YRes was successfully set.
 8175101	[INFO]	XnProperty.cpp	74	Setting Image1.XRes to 640...
 8175118	[INFO]	XnProperty.cpp	86	Image1.XRes value did not change.
 8176055	[INFO]	XnUSBLinux-x86.cpp	1222	USB read thread was started.
 8176098	[INFO]	XnProperty.cpp	151	Property Image1.ActualReadData was changed to 1.
 8367464	[WARNING]	XnDepthProcessor.cpp	133	Read: Depth buffer is corrupt. Size is 549792 (!= 614400)
 8367524	[WARNING]	XnFrameStreamProcessor.cpp	132	Depth frame is corrupt!
11271082	[WARNING]	XnDepthProcessor.cpp	133	Read: Depth buffer is corrupt. Size is 587136 (!= 614400)
11271133	[WARNING]	XnFrameStreamProcessor.cpp	132	Depth frame is corrupt!
11377010	[INFO]	XnProperty.cpp	151	Property Image1.State was changed to 1.
11377052	[INFO]	XnDeviceBase.cpp	370	Stream Image1 is open.
11377312	[INFO]	XnProperty.cpp	74	Setting Depth1.Registration to 1...
11529125	[INFO]	XnProperty.cpp	151	Property Depth1.Registration was changed to 1.
11529167	[INFO]	XnProperty.cpp	101	Depth1.Registration was successfully set.
11529215	[INFO]	XnProperty.cpp	74	Setting Image1.Mirror to 1...
11541632	[INFO]	XnProperty.cpp	151	Property Image1.FirmwareMirror was changed to 1.
11541677	[INFO]	XnProperty.cpp	151	Property Image1.Mirror was changed to 1.
11541690	[INFO]	XnProperty.cpp	101	Image1.Mirror was successfully set.
