   23765	[INFO]	XnLog.cpp	165	OpenNI version is 1.0.0 (Build 25)-MacOSX (Jan  7 2011 14:20:18)
   23818	[INFO]	XnLog.cpp	173	Log system initialized. Console: 1, File: 1, Severity: INFO, Masks: ALL
   23853	[INFO]	XnLog.cpp	173	Log system initialized. Console: 1, File: 1, Severity: INFO, Masks: ALL
   25783	[INFO]	XnUSBLinux-x86.cpp	98	USB is initialized.
 4512570	[INFO]	XnOpenNI.cpp	1261	Creating node 'Device1' of type Device...
 4513545	[INFO]	XnDeviceModule.cpp	431	Module 'Device' configuration was loaded from file.
 5180439	[INFO]	XnDeviceSensorIO.cpp	135	Connected to USB device
 5180495	[INFO]	XnProperty.cpp	151	Property Device.USBPath was changed to 045e/02ae@250/10.
 5188328	[INFO]	XnHostProtocol.cpp	825	Hardware versions: FW=5.1.4 (7) HW=4 Chip=2 Sensor=4 SYS=7
 6599741	[INFO]	XnProperty.cpp	151	Property Device.ID was changed to 0.
 6599819	[INFO]	XnSensor.cpp	182	Device sensor initialized
 6599922	[INFO]	XnOpenNI.cpp	1261	Creating node 'Depth1' of type Depth...
 6599974	[INFO]	XnDeviceBase.cpp	1383	Creating stream 'Depth1' of type 'Depth'...
 6599999	[INFO]	XnProperty.cpp	74	Setting Device.ReadData to 1...
 6600041	[INFO]	XnDeviceSensorIO.cpp	298	Endpoints open
 6612206	[INFO]	XnProperty.cpp	151	Property Device.ReadData was changed to 1.
 6612251	[INFO]	XnProperty.cpp	101	Device.ReadData was successfully set.
 6612703	[INFO]	XnProperty.cpp	151	Property Depth1.Resolution was changed to 0.
 6612731	[INFO]	XnProperty.cpp	151	Property Depth1.XRes was changed to 320.
 6612751	[INFO]	XnProperty.cpp	151	Property Depth1.YRes was changed to 240.
 6612769	[INFO]	XnProperty.cpp	151	Property Depth1.FPS was changed to 30.
 6612787	[INFO]	XnProperty.cpp	151	Property Depth1.OutputFormat was changed to 1.
 6612806	[INFO]	XnProperty.cpp	151	Property Depth1.BytesPerPixel was changed to 2.
 6612826	[INFO]	XnProperty.cpp	151	Property Depth1.RequiredDataSize was changed to 153600.
 6612851	[INFO]	XnProperty.cpp	151	Property Depth1.ParamCoeff was changed to 4.
 6612926	[INFO]	XnProperty.cpp	151	Property Depth1.ShiftScale was changed to 10.
 6625600	[INFO]	XnProperty.cpp	151	Property Depth1.ConstShift was changed to 200.
 6625699	[INFO]	XnProperty.cpp	151	Property Depth1.ZPD was changed to 120.
 6625811	[INFO]	XnProperty.cpp	151	Property Depth1.ZPPS was changed to 0.104200.
 6625837	[INFO]	XnProperty.cpp	151	Property Depth1.LDDIS was changed to 7.500000.
 6625950	[INFO]	XnProperty.cpp	151	Property Depth1.Gain was changed to 30.
 6625998	[INFO]	XnDeviceBase.cpp	1458	Stream 'Depth1' was initialized.
 6626021	[INFO]	XnDeviceBase.cpp	1463	'Depth1' stream was created.
 6626237	[INFO]	XnProperty.cpp	74	Setting Depth1.InputFormat to 3...
 6626269	[INFO]	XnProperty.cpp	151	Property Depth1.InputFormat was changed to 3.
 6626291	[INFO]	XnProperty.cpp	101	Depth1.InputFormat was successfully set.
 6626965	[INFO]	XnProperty.cpp	74	Setting Depth1.RegistrationType to 2...
 6626993	[INFO]	XnProperty.cpp	151	Property Depth1.RegistrationType was changed to 2.
 6627018	[INFO]	XnProperty.cpp	101	Depth1.RegistrationType was successfully set.
 6627705	[INFO]	XnDeviceModule.cpp	431	Module 'Depth1' configuration was loaded from file.
 6627912	[INFO]	XnProperty.cpp	74	Setting Depth1.FPS to 30...
 6627930	[INFO]	XnProperty.cpp	86	Depth1.FPS value did not change.
 6627942	[INFO]	XnProperty.cpp	74	Setting Depth1.YRes to 480...
 6627958	[INFO]	XnProperty.cpp	151	Property Depth1.Resolution was changed to 1.
 6627971	[INFO]	XnProperty.cpp	151	Property Depth1.XRes was changed to 640.
 6627983	[INFO]	XnProperty.cpp	151	Property Depth1.RequiredDataSize was changed to 307200.
 6627998	[INFO]	XnProperty.cpp	151	Property Depth1.YRes was changed to 480.
 6628010	[INFO]	XnProperty.cpp	151	Property Depth1.RequiredDataSize was changed to 614400.
 6628023	[INFO]	XnProperty.cpp	101	Depth1.YRes was successfully set.
 6628036	[INFO]	XnProperty.cpp	74	Setting Depth1.XRes to 640...
 6628047	[INFO]	XnProperty.cpp	86	Depth1.XRes value did not change.
 6628091	[INFO]	XnProperty.cpp	74	Setting Depth1.Mirror to 1...
 6628106	[INFO]	XnProperty.cpp	151	Property Depth1.FirmwareMirror was changed to 1.
 6628159	[INFO]	XnProperty.cpp	151	Property Depth1.Mirror was changed to 1.
 6628170	[INFO]	XnProperty.cpp	101	Depth1.Mirror was successfully set.
11788654	[INFO]	XnOpenNI.cpp	1261	Creating node 'User1' of type User...
11813460	[WARNING]	Linux-x86Threads.cpp	173	Failed to set thread priority: Invalid argument
11813506	[WARNING]	XnUSBLinux-x86.cpp	126	USB events thread: Failed to set thread priority to critical. This might cause loss of data...
11814328	[INFO]	XnUSBLinux-x86.cpp	1222	USB read thread was started.
11814354	[INFO]	XnProperty.cpp	151	Property Depth1.ActualReadData was changed to 1.
12286352	[INFO]	XnProperty.cpp	151	Property Depth1.State was changed to 1.
12286397	[INFO]	XnDeviceBase.cpp	370	Stream Depth1 is open.
18079716	[INFO]	XnOpenNI.cpp	1261	Creating node 'Image1' of type Image...
18079768	[INFO]	XnDeviceBase.cpp	1383	Creating stream 'Image1' of type 'Image'...
18079977	[INFO]	XnProperty.cpp	151	Property Image1.Resolution was changed to 0.
18080001	[INFO]	XnProperty.cpp	151	Property Image1.XRes was changed to 320.
18080021	[INFO]	XnProperty.cpp	151	Property Image1.YRes was changed to 240.
18080039	[INFO]	XnProperty.cpp	151	Property Image1.FPS was changed to 30.
18080054	[INFO]	XnProperty.cpp	151	Property Image1.OutputFormat was changed to 5.
18080067	[INFO]	XnProperty.cpp	151	Property Image1.BytesPerPixel was changed to 3.
18080080	[INFO]	XnProperty.cpp	151	Property Image1.RequiredDataSize was changed to 230400.
18080115	[INFO]	XnDeviceBase.cpp	1458	Stream 'Image1' was initialized.
18080130	[INFO]	XnDeviceBase.cpp	1463	'Image1' stream was created.
18080239	[INFO]	XnProperty.cpp	74	Setting Image1.InputFormat to 6...
18080265	[INFO]	XnProperty.cpp	151	Property Image1.InputFormat was changed to 6.
18080287	[INFO]	XnProperty.cpp	101	Image1.InputFormat was successfully set.
18080811	[INFO]	XnDeviceModule.cpp	431	Module 'Image1' configuration was loaded from file.
18080917	[INFO]	XnProperty.cpp	74	Setting Image1.FPS to 30...
18080950	[INFO]	XnProperty.cpp	101	Image1.FPS was successfully set.
18080973	[INFO]	XnProperty.cpp	74	Setting Image1.YRes to 480...
18080995	[INFO]	XnProperty.cpp	151	Property Image1.Resolution was changed to 1.
18081016	[INFO]	XnProperty.cpp	151	Property Image1.XRes was changed to 640.
18081037	[INFO]	XnProperty.cpp	151	Property Image1.RequiredDataSize was changed to 460800.
18081061	[INFO]	XnProperty.cpp	151	Property Image1.YRes was changed to 480.
18081082	[INFO]	XnProperty.cpp	151	Property Image1.RequiredDataSize was changed to 921600.
18081104	[INFO]	XnProperty.cpp	101	Image1.YRes was successfully set.
18081126	[INFO]	XnProperty.cpp	74	Setting Image1.XRes to 640...
18081145	[INFO]	XnProperty.cpp	86	Image1.XRes value did not change.
18082451	[INFO]	XnUSBLinux-x86.cpp	1222	USB read thread was started.
18082509	[INFO]	XnProperty.cpp	151	Property Image1.ActualReadData was changed to 1.
18254942	[WARNING]	XnDepthProcessor.cpp	133	Read: Depth buffer is corrupt. Size is 561440 (!= 614400)
18254989	[WARNING]	XnFrameStreamProcessor.cpp	132	Depth frame is corrupt!
21195381	[WARNING]	XnDepthProcessor.cpp	133	Read: Depth buffer is corrupt. Size is 595152 (!= 614400)
21195432	[WARNING]	XnFrameStreamProcessor.cpp	132	Depth frame is corrupt!
21283998	[INFO]	XnProperty.cpp	151	Property Image1.State was changed to 1.
21284041	[INFO]	XnDeviceBase.cpp	370	Stream Image1 is open.
21284235	[INFO]	XnProperty.cpp	74	Setting Depth1.Registration to 1...
21437869	[INFO]	XnProperty.cpp	151	Property Depth1.Registration was changed to 1.
21437904	[INFO]	XnProperty.cpp	101	Depth1.Registration was successfully set.
21437963	[INFO]	XnProperty.cpp	74	Setting Image1.Mirror to 1...
21450397	[INFO]	XnProperty.cpp	151	Property Image1.FirmwareMirror was changed to 1.
21450465	[INFO]	XnProperty.cpp	151	Property Image1.Mirror was changed to 1.
21450485	[INFO]	XnProperty.cpp	101	Image1.Mirror was successfully set.
29455329	[INFO]	XnOpenNI.cpp	1459	Destroying node 'User1'
29464381	[INFO]	XnOpenNI.cpp	1459	Destroying node 'Depth1'
29464473	[INFO]	XnDeviceBase.cpp	1507	Destroying stream 'Depth1'...
29466091	[INFO]	XnOpenNI.cpp	1459	Destroying node 'Image1'
29466208	[INFO]	XnDeviceBase.cpp	1507	Destroying stream 'Image1'...
29467068	[INFO]	XnOpenNI.cpp	1459	Destroying node 'Device1'
