    1678	[INFO]	XnLog.cpp	165	OpenNI version is 1.0.0 (Build 25)-MacOSX (Jan  7 2011 14:20:18)
    1723	[INFO]	XnLog.cpp	173	Log system initialized. Console: 1, File: 1, Severity: INFO, Masks: ALL
    1747	[INFO]	XnLog.cpp	173	Log system initialized. Console: 1, File: 1, Severity: INFO, Masks: ALL
    2883	[INFO]	XnUSBLinux-x86.cpp	98	USB is initialized.
 2922144	[INFO]	XnOpenNI.cpp	1261	Creating node 'Device1' of type Device...
 2922966	[INFO]	XnDeviceModule.cpp	431	Module 'Device' configuration was loaded from file.
 3244352	[INFO]	XnDeviceSensorIO.cpp	135	Connected to USB device
 3244407	[INFO]	XnProperty.cpp	151	Property Device.USBPath was changed to 045e/02ae@253/8.
 3251901	[INFO]	XnHostProtocol.cpp	825	Hardware versions: FW=5.1.4 (7) HW=4 Chip=2 Sensor=4 SYS=7
 4655952	[INFO]	XnProperty.cpp	151	Property Device.ID was changed to 0.
 4656060	[INFO]	XnSensor.cpp	182	Device sensor initialized
 4656227	[INFO]	XnOpenNI.cpp	1261	Creating node 'Depth1' of type Depth...
 4656312	[INFO]	XnDeviceBase.cpp	1383	Creating stream 'Depth1' of type 'Depth'...
 4656357	[INFO]	XnProperty.cpp	74	Setting Device.ReadData to 1...
 4656436	[INFO]	XnDeviceSensorIO.cpp	298	Endpoints open
 4669022	[INFO]	XnProperty.cpp	151	Property Device.ReadData was changed to 1.
 4669075	[INFO]	XnProperty.cpp	101	Device.ReadData was successfully set.
 4669583	[INFO]	XnProperty.cpp	151	Property Depth1.Resolution was changed to 0.
 4669613	[INFO]	XnProperty.cpp	151	Property Depth1.XRes was changed to 320.
 4669634	[INFO]	XnProperty.cpp	151	Property Depth1.YRes was changed to 240.
 4669653	[INFO]	XnProperty.cpp	151	Property Depth1.FPS was changed to 30.
 4669672	[INFO]	XnProperty.cpp	151	Property Depth1.OutputFormat was changed to 1.
 4669691	[INFO]	XnProperty.cpp	151	Property Depth1.BytesPerPixel was changed to 2.
 4669711	[INFO]	XnProperty.cpp	151	Property Depth1.RequiredDataSize was changed to 153600.
 4669738	[INFO]	XnProperty.cpp	151	Property Depth1.ParamCoeff was changed to 4.
 4669850	[INFO]	XnProperty.cpp	151	Property Depth1.ShiftScale was changed to 10.
 4682492	[INFO]	XnProperty.cpp	151	Property Depth1.ConstShift was changed to 200.
 4682610	[INFO]	XnProperty.cpp	151	Property Depth1.ZPD was changed to 120.
 4682757	[INFO]	XnProperty.cpp	151	Property Depth1.ZPPS was changed to 0.104200.
 4682790	[INFO]	XnProperty.cpp	151	Property Depth1.LDDIS was changed to 7.500000.
 4682946	[INFO]	XnProperty.cpp	151	Property Depth1.Gain was changed to 30.
 4683002	[INFO]	XnDeviceBase.cpp	1458	Stream 'Depth1' was initialized.
 4683035	[INFO]	XnDeviceBase.cpp	1463	'Depth1' stream was created.
 4683314	[INFO]	XnProperty.cpp	74	Setting Depth1.InputFormat to 3...
 4683358	[INFO]	XnProperty.cpp	151	Property Depth1.InputFormat was changed to 3.
 4683390	[INFO]	XnProperty.cpp	101	Depth1.InputFormat was successfully set.
 4684190	[INFO]	XnProperty.cpp	74	Setting Depth1.RegistrationType to 2...
 4684227	[INFO]	XnProperty.cpp	151	Property Depth1.RegistrationType was changed to 2.
 4684250	[INFO]	XnProperty.cpp	101	Depth1.RegistrationType was successfully set.
 4685060	[INFO]	XnDeviceModule.cpp	431	Module 'Depth1' configuration was loaded from file.
 4685358	[INFO]	XnProperty.cpp	74	Setting Depth1.FPS to 30...
 4685385	[INFO]	XnProperty.cpp	86	Depth1.FPS value did not change.
 4685408	[INFO]	XnProperty.cpp	74	Setting Depth1.YRes to 480...
 4685436	[INFO]	XnProperty.cpp	151	Property Depth1.Resolution was changed to 1.
 4685466	[INFO]	XnProperty.cpp	151	Property Depth1.XRes was changed to 640.
 4685491	[INFO]	XnProperty.cpp	151	Property Depth1.RequiredDataSize was changed to 307200.
 4685521	[INFO]	XnProperty.cpp	151	Property Depth1.YRes was changed to 480.
 4685543	[INFO]	XnProperty.cpp	151	Property Depth1.RequiredDataSize was changed to 614400.
 4685563	[INFO]	XnProperty.cpp	101	Depth1.YRes was successfully set.
 4685583	[INFO]	XnProperty.cpp	74	Setting Depth1.XRes to 640...
 4685602	[INFO]	XnProperty.cpp	86	Depth1.XRes value did not change.
 4685665	[INFO]	XnProperty.cpp	74	Setting Depth1.Mirror to 1...
 4685687	[INFO]	XnProperty.cpp	151	Property Depth1.FirmwareMirror was changed to 1.
 4685748	[INFO]	XnProperty.cpp	151	Property Depth1.Mirror was changed to 1.
 4685767	[INFO]	XnProperty.cpp	101	Depth1.Mirror was successfully set.
 7180447	[INFO]	XnOpenNI.cpp	1261	Creating node 'User1' of type User...
 7206757	[WARNING]	Linux-x86Threads.cpp	173	Failed to set thread priority: Invalid argument
 7206804	[WARNING]	XnUSBLinux-x86.cpp	126	USB events thread: Failed to set thread priority to critical. This might cause loss of data...
 7207580	[INFO]	XnUSBLinux-x86.cpp	1222	USB read thread was started.
 7207608	[INFO]	XnProperty.cpp	151	Property Depth1.ActualReadData was changed to 1.
 7678422	[INFO]	XnProperty.cpp	151	Property Depth1.State was changed to 1.
 7678474	[INFO]	XnDeviceBase.cpp	370	Stream Depth1 is open.
10152023	[INFO]	XnOpenNI.cpp	1261	Creating node 'Image1' of type Image...
10152077	[INFO]	XnDeviceBase.cpp	1383	Creating stream 'Image1' of type 'Image'...
10152289	[INFO]	XnProperty.cpp	151	Property Image1.Resolution was changed to 0.
10152311	[INFO]	XnProperty.cpp	151	Property Image1.XRes was changed to 320.
10152332	[INFO]	XnProperty.cpp	151	Property Image1.YRes was changed to 240.
10152352	[INFO]	XnProperty.cpp	151	Property Image1.FPS was changed to 30.
10152371	[INFO]	XnProperty.cpp	151	Property Image1.OutputFormat was changed to 5.
10152389	[INFO]	XnProperty.cpp	151	Property Image1.BytesPerPixel was changed to 3.
10152407	[INFO]	XnProperty.cpp	151	Property Image1.RequiredDataSize was changed to 230400.
10152447	[INFO]	XnDeviceBase.cpp	1458	Stream 'Image1' was initialized.
10152466	[INFO]	XnDeviceBase.cpp	1463	'Image1' stream was created.
10152585	[INFO]	XnProperty.cpp	74	Setting Image1.InputFormat to 6...
10152611	[INFO]	XnProperty.cpp	151	Property Image1.InputFormat was changed to 6.
10152629	[INFO]	XnProperty.cpp	101	Image1.InputFormat was successfully set.
10153079	[INFO]	XnDeviceModule.cpp	431	Module 'Image1' configuration was loaded from file.
10153176	[INFO]	XnProperty.cpp	74	Setting Image1.FPS to 30...
10153195	[INFO]	XnProperty.cpp	86	Image1.FPS value did not change.
10153214	[INFO]	XnProperty.cpp	74	Setting Image1.YRes to 480...
10153234	[INFO]	XnProperty.cpp	151	Property Image1.Resolution was changed to 1.
10153252	[INFO]	XnProperty.cpp	151	Property Image1.XRes was changed to 640.
10153269	[INFO]	XnProperty.cpp	151	Property Image1.RequiredDataSize was changed to 460800.
10153289	[INFO]	XnProperty.cpp	151	Property Image1.YRes was changed to 480.
10153307	[INFO]	XnProperty.cpp	151	Property Image1.RequiredDataSize was changed to 921600.
10153325	[INFO]	XnProperty.cpp	101	Image1.YRes was successfully set.
10153343	[INFO]	XnProperty.cpp	74	Setting Image1.XRes to 640...
10153359	[INFO]	XnProperty.cpp	86	Image1.XRes value did not change.
10154316	[INFO]	XnUSBLinux-x86.cpp	1222	USB read thread was started.
10154348	[INFO]	XnProperty.cpp	151	Property Image1.ActualReadData was changed to 1.
10211949	[WARNING]	XnDepthProcessor.cpp	133	Read: Depth buffer is corrupt. Size is 586480 (!= 614400)
10211994	[WARNING]	XnFrameStreamProcessor.cpp	132	Depth frame is corrupt!
10352121	[WARNING]	XnFrameStreamProcessor.cpp	140	Depth Frame Buffer overflow! current size: 612768
10352167	[WARNING]	XnFrameStreamProcessor.cpp	132	Depth frame is corrupt!
10380089	[WARNING]	XnDepthProcessor.cpp	133	Read: Depth buffer is corrupt. Size is 612768 (!= 614400)
13356070	[INFO]	XnProperty.cpp	151	Property Image1.State was changed to 1.
13356111	[INFO]	XnDeviceBase.cpp	370	Stream Image1 is open.
13356298	[INFO]	XnProperty.cpp	74	Setting Depth1.Registration to 1...
13508607	[INFO]	XnProperty.cpp	151	Property Depth1.Registration was changed to 1.
13508655	[INFO]	XnProperty.cpp	101	Depth1.Registration was successfully set.
13508714	[INFO]	XnProperty.cpp	74	Setting Image1.Mirror to 1...
13521199	[INFO]	XnProperty.cpp	151	Property Image1.FirmwareMirror was changed to 1.
13521240	[INFO]	XnProperty.cpp	151	Property Image1.Mirror was changed to 1.
13521253	[INFO]	XnProperty.cpp	101	Image1.Mirror was successfully set.
41996627	[INFO]	XnOpenNI.cpp	1459	Destroying node 'User1'
42004977	[INFO]	XnOpenNI.cpp	1459	Destroying node 'Depth1'
42005106	[INFO]	XnDeviceBase.cpp	1507	Destroying stream 'Depth1'...
42006640	[INFO]	XnOpenNI.cpp	1459	Destroying node 'Image1'
42006703	[INFO]	XnDeviceBase.cpp	1507	Destroying stream 'Image1'...
42007721	[INFO]	XnOpenNI.cpp	1459	Destroying node 'Device1'
