    1759	[INFO]	XnLog.cpp	165	OpenNI version is 1.0.0 (Build 25)-MacOSX (Jan  7 2011 14:20:18)
    1805	[INFO]	XnLog.cpp	173	Log system initialized. Console: 1, File: 1, Severity: INFO, Masks: ALL
    1830	[INFO]	XnLog.cpp	173	Log system initialized. Console: 1, File: 1, Severity: INFO, Masks: ALL
    3054	[INFO]	XnUSBLinux-x86.cpp	98	USB is initialized.
 2917083	[INFO]	XnOpenNI.cpp	1261	Creating node 'Device1' of type Device...
 2918199	[INFO]	XnDeviceModule.cpp	431	Module 'Device' configuration was loaded from file.
 3238941	[INFO]	XnDeviceSensorIO.cpp	135	Connected to USB device
 3238993	[INFO]	XnProperty.cpp	151	Property Device.USBPath was changed to 045e/02ae@253/8.
 3246261	[INFO]	XnHostProtocol.cpp	825	Hardware versions: FW=5.1.4 (7) HW=4 Chip=2 Sensor=4 SYS=7
 4658323	[INFO]	XnProperty.cpp	151	Property Device.ID was changed to 0.
 4658380	[INFO]	XnSensor.cpp	182	Device sensor initialized
 4658478	[INFO]	XnOpenNI.cpp	1261	Creating node 'Depth1' of type Depth...
 4658529	[INFO]	XnDeviceBase.cpp	1383	Creating stream 'Depth1' of type 'Depth'...
 4658553	[INFO]	XnProperty.cpp	74	Setting Device.ReadData to 1...
 4658595	[INFO]	XnDeviceSensorIO.cpp	298	Endpoints open
 4671028	[INFO]	XnProperty.cpp	151	Property Device.ReadData was changed to 1.
 4671069	[INFO]	XnProperty.cpp	101	Device.ReadData was successfully set.
 4671529	[INFO]	XnProperty.cpp	151	Property Depth1.Resolution was changed to 0.
 4671558	[INFO]	XnProperty.cpp	151	Property Depth1.XRes was changed to 320.
 4671579	[INFO]	XnProperty.cpp	151	Property Depth1.YRes was changed to 240.
 4671596	[INFO]	XnProperty.cpp	151	Property Depth1.FPS was changed to 30.
 4671615	[INFO]	XnProperty.cpp	151	Property Depth1.OutputFormat was changed to 1.
 4671635	[INFO]	XnProperty.cpp	151	Property Depth1.BytesPerPixel was changed to 2.
 4671655	[INFO]	XnProperty.cpp	151	Property Depth1.RequiredDataSize was changed to 153600.
 4671680	[INFO]	XnProperty.cpp	151	Property Depth1.ParamCoeff was changed to 4.
 4671757	[INFO]	XnProperty.cpp	151	Property Depth1.ShiftScale was changed to 10.
 4684218	[INFO]	XnProperty.cpp	151	Property Depth1.ConstShift was changed to 200.
 4684306	[INFO]	XnProperty.cpp	151	Property Depth1.ZPD was changed to 120.
 4684403	[INFO]	XnProperty.cpp	151	Property Depth1.ZPPS was changed to 0.104200.
 4684417	[INFO]	XnProperty.cpp	151	Property Depth1.LDDIS was changed to 7.500000.
 4684504	[INFO]	XnProperty.cpp	151	Property Depth1.Gain was changed to 30.
 4684534	[INFO]	XnDeviceBase.cpp	1458	Stream 'Depth1' was initialized.
 4684548	[INFO]	XnDeviceBase.cpp	1463	'Depth1' stream was created.
 4684706	[INFO]	XnProperty.cpp	74	Setting Depth1.InputFormat to 3...
 4684727	[INFO]	XnProperty.cpp	151	Property Depth1.InputFormat was changed to 3.
 4684740	[INFO]	XnProperty.cpp	101	Depth1.InputFormat was successfully set.
 4685175	[INFO]	XnProperty.cpp	74	Setting Depth1.RegistrationType to 2...
 4685195	[INFO]	XnProperty.cpp	151	Property Depth1.RegistrationType was changed to 2.
 4685208	[INFO]	XnProperty.cpp	101	Depth1.RegistrationType was successfully set.
 4685668	[INFO]	XnDeviceModule.cpp	431	Module 'Depth1' configuration was loaded from file.
 4685845	[INFO]	XnProperty.cpp	74	Setting Depth1.FPS to 30...
 4685862	[INFO]	XnProperty.cpp	86	Depth1.FPS value did not change.
 4685874	[INFO]	XnProperty.cpp	74	Setting Depth1.YRes to 480...
 4685888	[INFO]	XnProperty.cpp	151	Property Depth1.Resolution was changed to 1.
 4685901	[INFO]	XnProperty.cpp	151	Property Depth1.XRes was changed to 640.
 4685913	[INFO]	XnProperty.cpp	151	Property Depth1.RequiredDataSize was changed to 307200.
 4685927	[INFO]	XnProperty.cpp	151	Property Depth1.YRes was changed to 480.
 4685939	[INFO]	XnProperty.cpp	151	Property Depth1.RequiredDataSize was changed to 614400.
 4685952	[INFO]	XnProperty.cpp	101	Depth1.YRes was successfully set.
 4685965	[INFO]	XnProperty.cpp	74	Setting Depth1.XRes to 640...
 4685976	[INFO]	XnProperty.cpp	86	Depth1.XRes value did not change.
 4686019	[INFO]	XnProperty.cpp	74	Setting Depth1.Mirror to 1...
 4686034	[INFO]	XnProperty.cpp	151	Property Depth1.FirmwareMirror was changed to 1.
 4686077	[INFO]	XnProperty.cpp	151	Property Depth1.Mirror was changed to 1.
 4686089	[INFO]	XnProperty.cpp	101	Depth1.Mirror was successfully set.
 7184026	[INFO]	XnOpenNI.cpp	1261	Creating node 'User1' of type User...
 7210569	[WARNING]	Linux-x86Threads.cpp	173	Failed to set thread priority: Invalid argument
 7210615	[WARNING]	XnUSBLinux-x86.cpp	126	USB events thread: Failed to set thread priority to critical. This might cause loss of data...
 7211344	[INFO]	XnUSBLinux-x86.cpp	1222	USB read thread was started.
 7211368	[INFO]	XnProperty.cpp	151	Property Depth1.ActualReadData was changed to 1.
 7681866	[INFO]	XnProperty.cpp	151	Property Depth1.State was changed to 1.
 7681908	[INFO]	XnDeviceBase.cpp	370	Stream Depth1 is open.
11002699	[INFO]	XnOpenNI.cpp	1261	Creating node 'Image1' of type Image...
11002750	[INFO]	XnDeviceBase.cpp	1383	Creating stream 'Image1' of type 'Image'...
11002945	[INFO]	XnProperty.cpp	151	Property Image1.Resolution was changed to 0.
11002965	[INFO]	XnProperty.cpp	151	Property Image1.XRes was changed to 320.
11002978	[INFO]	XnProperty.cpp	151	Property Image1.YRes was changed to 240.
11002990	[INFO]	XnProperty.cpp	151	Property Image1.FPS was changed to 30.
11003001	[INFO]	XnProperty.cpp	151	Property Image1.OutputFormat was changed to 5.
11003013	[INFO]	XnProperty.cpp	151	Property Image1.BytesPerPixel was changed to 3.
11003025	[INFO]	XnProperty.cpp	151	Property Image1.RequiredDataSize was changed to 230400.
11003052	[INFO]	XnDeviceBase.cpp	1458	Stream 'Image1' was initialized.
11003067	[INFO]	XnDeviceBase.cpp	1463	'Image1' stream was created.
11003172	[INFO]	XnProperty.cpp	74	Setting Image1.InputFormat to 6...
11003193	[INFO]	XnProperty.cpp	151	Property Image1.InputFormat was changed to 6.
11003206	[INFO]	XnProperty.cpp	101	Image1.InputFormat was successfully set.
11003619	[INFO]	XnDeviceModule.cpp	431	Module 'Image1' configuration was loaded from file.
11003707	[INFO]	XnProperty.cpp	74	Setting Image1.FPS to 30...
11003723	[INFO]	XnProperty.cpp	86	Image1.FPS value did not change.
11003734	[INFO]	XnProperty.cpp	74	Setting Image1.YRes to 480...
11003748	[INFO]	XnProperty.cpp	151	Property Image1.Resolution was changed to 1.
11003760	[INFO]	XnProperty.cpp	151	Property Image1.XRes was changed to 640.
11003772	[INFO]	XnProperty.cpp	151	Property Image1.RequiredDataSize was changed to 460800.
11003785	[INFO]	XnProperty.cpp	151	Property Image1.YRes was changed to 480.
11003797	[INFO]	XnProperty.cpp	151	Property Image1.RequiredDataSize was changed to 921600.
11003810	[INFO]	XnProperty.cpp	101	Image1.YRes was successfully set.
11003822	[INFO]	XnProperty.cpp	74	Setting Image1.XRes to 640...
11003833	[INFO]	XnProperty.cpp	86	Image1.XRes value did not change.
11004791	[INFO]	XnUSBLinux-x86.cpp	1222	USB read thread was started.
11004835	[INFO]	XnProperty.cpp	151	Property Image1.ActualReadData was changed to 1.
11184044	[WARNING]	XnDepthProcessor.cpp	133	Read: Depth buffer is corrupt. Size is 550880 (!= 614400)
11184100	[WARNING]	XnFrameStreamProcessor.cpp	132	Depth frame is corrupt!
14206131	[INFO]	XnProperty.cpp	151	Property Image1.State was changed to 1.
14206172	[INFO]	XnDeviceBase.cpp	370	Stream Image1 is open.
14206368	[INFO]	XnProperty.cpp	74	Setting Depth1.Registration to 1...
14220764	[WARNING]	XnDepthProcessor.cpp	133	Read: Depth buffer is corrupt. Size is 591824 (!= 614400)
14220816	[WARNING]	XnFrameStreamProcessor.cpp	132	Depth frame is corrupt!
14358836	[INFO]	XnProperty.cpp	151	Property Depth1.Registration was changed to 1.
14358878	[INFO]	XnProperty.cpp	101	Depth1.Registration was successfully set.
14358923	[INFO]	XnProperty.cpp	74	Setting Image1.Mirror to 1...
14371325	[INFO]	XnProperty.cpp	151	Property Image1.FirmwareMirror was changed to 1.
14371370	[INFO]	XnProperty.cpp	151	Property Image1.Mirror was changed to 1.
14371382	[INFO]	XnProperty.cpp	101	Image1.Mirror was successfully set.
24902859	[INFO]	XnOpenNI.cpp	1459	Destroying node 'User1'
24910193	[INFO]	XnOpenNI.cpp	1459	Destroying node 'Depth1'
24910281	[INFO]	XnDeviceBase.cpp	1507	Destroying stream 'Depth1'...
24911888	[INFO]	XnOpenNI.cpp	1459	Destroying node 'Image1'
24911985	[INFO]	XnDeviceBase.cpp	1507	Destroying stream 'Image1'...
24912780	[INFO]	XnOpenNI.cpp	1459	Destroying node 'Device1'
