    1917	[INFO]	XnLog.cpp	165	OpenNI version is 1.0.0 (Build 25)-MacOSX (Jan  7 2011 14:20:18)
    1975	[INFO]	XnLog.cpp	173	Log system initialized. Console: 1, File: 1, Severity: INFO, Masks: ALL
    2008	[INFO]	XnLog.cpp	173	Log system initialized. Console: 1, File: 1, Severity: INFO, Masks: ALL
    3536	[INFO]	XnUSBLinux-x86.cpp	98	USB is initialized.
 4489130	[INFO]	XnOpenNI.cpp	1261	Creating node 'Device1' of type Device...
 4490093	[INFO]	XnDeviceModule.cpp	431	Module 'Device' configuration was loaded from file.
 5157294	[INFO]	XnDeviceSensorIO.cpp	135	Connected to USB device
 5157349	[INFO]	XnProperty.cpp	151	Property Device.USBPath was changed to 045e/02ae@250/10.
 5165448	[INFO]	XnHostProtocol.cpp	825	Hardware versions: FW=5.1.4 (7) HW=4 Chip=2 Sensor=4 SYS=7
 6566087	[INFO]	XnProperty.cpp	151	Property Device.ID was changed to 0.
 6566157	[INFO]	XnSensor.cpp	182	Device sensor initialized
 6566244	[INFO]	XnOpenNI.cpp	1261	Creating node 'Depth1' of type Depth...
 6566294	[INFO]	XnDeviceBase.cpp	1383	Creating stream 'Depth1' of type 'Depth'...
 6566323	[INFO]	XnProperty.cpp	74	Setting Device.ReadData to 1...
 6566364	[INFO]	XnDeviceSensorIO.cpp	298	Endpoints open
 6578754	[INFO]	XnProperty.cpp	151	Property Device.ReadData was changed to 1.
 6578797	[INFO]	XnProperty.cpp	101	Device.ReadData was successfully set.
 6579202	[INFO]	XnProperty.cpp	151	Property Depth1.Resolution was changed to 0.
 6579226	[INFO]	XnProperty.cpp	151	Property Depth1.XRes was changed to 320.
 6579246	[INFO]	XnProperty.cpp	151	Property Depth1.YRes was changed to 240.
 6579266	[INFO]	XnProperty.cpp	151	Property Depth1.FPS was changed to 30.
 6579285	[INFO]	XnProperty.cpp	151	Property Depth1.OutputFormat was changed to 1.
 6579305	[INFO]	XnProperty.cpp	151	Property Depth1.BytesPerPixel was changed to 2.
 6579323	[INFO]	XnProperty.cpp	151	Property Depth1.RequiredDataSize was changed to 153600.
 6579348	[INFO]	XnProperty.cpp	151	Property Depth1.ParamCoeff was changed to 4.
 6579421	[INFO]	XnProperty.cpp	151	Property Depth1.ShiftScale was changed to 10.
 6591651	[INFO]	XnProperty.cpp	151	Property Depth1.ConstShift was changed to 200.
 6591758	[INFO]	XnProperty.cpp	151	Property Depth1.ZPD was changed to 120.
 6591870	[INFO]	XnProperty.cpp	151	Property Depth1.ZPPS was changed to 0.104200.
 6591897	[INFO]	XnProperty.cpp	151	Property Depth1.LDDIS was changed to 7.500000.
 6592011	[INFO]	XnProperty.cpp	151	Property Depth1.Gain was changed to 30.
 6592061	[INFO]	XnDeviceBase.cpp	1458	Stream 'Depth1' was initialized.
 6592083	[INFO]	XnDeviceBase.cpp	1463	'Depth1' stream was created.
 6592281	[INFO]	XnProperty.cpp	74	Setting Depth1.InputFormat to 3...
 6592311	[INFO]	XnProperty.cpp	151	Property Depth1.InputFormat was changed to 3.
 6592334	[INFO]	XnProperty.cpp	101	Depth1.InputFormat was successfully set.
 6592975	[INFO]	XnProperty.cpp	74	Setting Depth1.RegistrationType to 2...
 6593003	[INFO]	XnProperty.cpp	151	Property Depth1.RegistrationType was changed to 2.
 6593024	[INFO]	XnProperty.cpp	101	Depth1.RegistrationType was successfully set.
 6593747	[INFO]	XnDeviceModule.cpp	431	Module 'Depth1' configuration was loaded from file.
 6594024	[INFO]	XnProperty.cpp	74	Setting Depth1.FPS to 30...
 6594048	[INFO]	XnProperty.cpp	86	Depth1.FPS value did not change.
 6594068	[INFO]	XnProperty.cpp	74	Setting Depth1.YRes to 480...
 6594093	[INFO]	XnProperty.cpp	151	Property Depth1.Resolution was changed to 1.
 6594116	[INFO]	XnProperty.cpp	151	Property Depth1.XRes was changed to 640.
 6594136	[INFO]	XnProperty.cpp	151	Property Depth1.RequiredDataSize was changed to 307200.
 6594158	[INFO]	XnProperty.cpp	151	Property Depth1.YRes was changed to 480.
 6594178	[INFO]	XnProperty.cpp	151	Property Depth1.RequiredDataSize was changed to 614400.
 6594200	[INFO]	XnProperty.cpp	101	Depth1.YRes was successfully set.
 6594220	[INFO]	XnProperty.cpp	74	Setting Depth1.XRes to 640...
 6594235	[INFO]	XnProperty.cpp	86	Depth1.XRes value did not change.
 6594296	[INFO]	XnProperty.cpp	74	Setting Depth1.Mirror to 1...
 6594321	[INFO]	XnProperty.cpp	151	Property Depth1.FirmwareMirror was changed to 1.
 6594390	[INFO]	XnProperty.cpp	151	Property Depth1.Mirror was changed to 1.
 6594409	[INFO]	XnProperty.cpp	101	Depth1.Mirror was successfully set.
12085615	[INFO]	XnOpenNI.cpp	1261	Creating node 'User1' of type User...
12114336	[WARNING]	Linux-x86Threads.cpp	173	Failed to set thread priority: Invalid argument
12114382	[WARNING]	XnUSBLinux-x86.cpp	126	USB events thread: Failed to set thread priority to critical. This might cause loss of data...
12115356	[INFO]	XnUSBLinux-x86.cpp	1222	USB read thread was started.
12115393	[INFO]	XnProperty.cpp	151	Property Depth1.ActualReadData was changed to 1.
12587547	[INFO]	XnProperty.cpp	151	Property Depth1.State was changed to 1.
12587590	[INFO]	XnDeviceBase.cpp	370	Stream Depth1 is open.
18592911	[INFO]	XnOpenNI.cpp	1261	Creating node 'Image1' of type Image...
18592970	[INFO]	XnDeviceBase.cpp	1383	Creating stream 'Image1' of type 'Image'...
18593205	[INFO]	XnProperty.cpp	151	Property Image1.Resolution was changed to 0.
18593230	[INFO]	XnProperty.cpp	151	Property Image1.XRes was changed to 320.
18593250	[INFO]	XnProperty.cpp	151	Property Image1.YRes was changed to 240.
18593269	[INFO]	XnProperty.cpp	151	Property Image1.FPS was changed to 30.
18593288	[INFO]	XnProperty.cpp	151	Property Image1.OutputFormat was changed to 5.
18593306	[INFO]	XnProperty.cpp	151	Property Image1.BytesPerPixel was changed to 3.
18593325	[INFO]	XnProperty.cpp	151	Property Image1.RequiredDataSize was changed to 230400.
18593365	[INFO]	XnDeviceBase.cpp	1458	Stream 'Image1' was initialized.
18593387	[INFO]	XnDeviceBase.cpp	1463	'Image1' stream was created.
18593524	[INFO]	XnProperty.cpp	74	Setting Image1.InputFormat to 6...
18593555	[INFO]	XnProperty.cpp	151	Property Image1.InputFormat was changed to 6.
18593574	[INFO]	XnProperty.cpp	101	Image1.InputFormat was successfully set.
18594196	[INFO]	XnDeviceModule.cpp	431	Module 'Image1' configuration was loaded from file.
18594316	[INFO]	XnProperty.cpp	74	Setting Image1.FPS to 30...
18594347	[INFO]	XnProperty.cpp	86	Image1.FPS value did not change.
18594375	[INFO]	XnProperty.cpp	74	Setting Image1.YRes to 480...
18594399	[INFO]	XnProperty.cpp	151	Property Image1.Resolution was changed to 1.
18594421	[INFO]	XnProperty.cpp	151	Property Image1.XRes was changed to 640.
18594442	[INFO]	XnProperty.cpp	151	Property Image1.RequiredDataSize was changed to 460800.
18594466	[INFO]	XnProperty.cpp	151	Property Image1.YRes was changed to 480.
18594488	[INFO]	XnProperty.cpp	151	Property Image1.RequiredDataSize was changed to 921600.
18594512	[INFO]	XnProperty.cpp	101	Image1.YRes was successfully set.
18594546	[INFO]	XnProperty.cpp	74	Setting Image1.XRes to 640...
18594564	[INFO]	XnProperty.cpp	86	Image1.XRes value did not change.
18595759	[INFO]	XnUSBLinux-x86.cpp	1222	USB read thread was started.
18595810	[INFO]	XnProperty.cpp	151	Property Image1.ActualReadData was changed to 1.
18759979	[WARNING]	XnDepthProcessor.cpp	133	Read: Depth buffer is corrupt. Size is 586784 (!= 614400)
18760025	[WARNING]	XnFrameStreamProcessor.cpp	132	Depth frame is corrupt!
18791997	[WARNING]	XnDepthProcessor.cpp	133	Read: Depth buffer is corrupt. Size is 551056 (!= 614400)
18792044	[WARNING]	XnFrameStreamProcessor.cpp	132	Depth frame is corrupt!
21696503	[WARNING]	XnDepthProcessor.cpp	133	Read: Depth buffer is corrupt. Size is 593648 (!= 614400)
21696548	[WARNING]	XnFrameStreamProcessor.cpp	132	Depth frame is corrupt!
21797341	[INFO]	XnProperty.cpp	151	Property Image1.State was changed to 1.
21797390	[INFO]	XnDeviceBase.cpp	370	Stream Image1 is open.
21797574	[INFO]	XnProperty.cpp	74	Setting Depth1.Registration to 1...
21828477	[WARNING]	XnDepthProcessor.cpp	133	Read: Depth buffer is corrupt. Size is 585360 (!= 614400)
21828526	[WARNING]	XnFrameStreamProcessor.cpp	132	Depth frame is corrupt!
21949748	[INFO]	XnProperty.cpp	151	Property Depth1.Registration was changed to 1.
21949791	[INFO]	XnProperty.cpp	101	Depth1.Registration was successfully set.
21949838	[INFO]	XnProperty.cpp	74	Setting Image1.Mirror to 1...
21962484	[INFO]	XnProperty.cpp	151	Property Image1.FirmwareMirror was changed to 1.
21962566	[INFO]	XnProperty.cpp	151	Property Image1.Mirror was changed to 1.
21962585	[INFO]	XnProperty.cpp	101	Image1.Mirror was successfully set.
33890633	[INFO]	XnOpenNI.cpp	1459	Destroying node 'User1'
33899658	[INFO]	XnOpenNI.cpp	1459	Destroying node 'Depth1'
33899749	[INFO]	XnDeviceBase.cpp	1507	Destroying stream 'Depth1'...
33901234	[INFO]	XnOpenNI.cpp	1459	Destroying node 'Image1'
33901311	[INFO]	XnDeviceBase.cpp	1507	Destroying stream 'Image1'...
33902270	[INFO]	XnOpenNI.cpp	1459	Destroying node 'Device1'
