    1561	[INFO]	XnLog.cpp	165	OpenNI version is 1.0.0 (Build 25)-MacOSX (Jan  7 2011 14:20:18)
    1605	[INFO]	XnLog.cpp	173	Log system initialized. Console: 1, File: 1, Severity: INFO, Masks: ALL
    1630	[INFO]	XnLog.cpp	173	Log system initialized. Console: 1, File: 1, Severity: INFO, Masks: ALL
    2759	[INFO]	XnUSBLinux-x86.cpp	98	USB is initialized.
 2931627	[INFO]	XnOpenNI.cpp	1261	Creating node 'Device1' of type Device...
 2932878	[INFO]	XnDeviceModule.cpp	431	Module 'Device' configuration was loaded from file.
 3257104	[INFO]	XnDeviceSensorIO.cpp	135	Connected to USB device
 3257163	[INFO]	XnProperty.cpp	151	Property Device.USBPath was changed to 045e/02ae@253/8.
 3265215	[INFO]	XnHostProtocol.cpp	825	Hardware versions: FW=5.1.4 (7) HW=4 Chip=2 Sensor=4 SYS=7
 4678601	[INFO]	XnProperty.cpp	151	Property Device.ID was changed to 0.
 4678688	[INFO]	XnSensor.cpp	182	Device sensor initialized
 4678786	[INFO]	XnOpenNI.cpp	1261	Creating node 'Depth1' of type Depth...
 4678832	[INFO]	XnDeviceBase.cpp	1383	Creating stream 'Depth1' of type 'Depth'...
 4678859	[INFO]	XnProperty.cpp	74	Setting Device.ReadData to 1...
 4678896	[INFO]	XnDeviceSensorIO.cpp	298	Endpoints open
 4691364	[INFO]	XnProperty.cpp	151	Property Device.ReadData was changed to 1.
 4691408	[INFO]	XnProperty.cpp	101	Device.ReadData was successfully set.
 4691790	[INFO]	XnProperty.cpp	151	Property Depth1.Resolution was changed to 0.
 4691812	[INFO]	XnProperty.cpp	151	Property Depth1.XRes was changed to 320.
 4691827	[INFO]	XnProperty.cpp	151	Property Depth1.YRes was changed to 240.
 4691841	[INFO]	XnProperty.cpp	151	Property Depth1.FPS was changed to 30.
 4691853	[INFO]	XnProperty.cpp	151	Property Depth1.OutputFormat was changed to 1.
 4691867	[INFO]	XnProperty.cpp	151	Property Depth1.BytesPerPixel was changed to 2.
 4691881	[INFO]	XnProperty.cpp	151	Property Depth1.RequiredDataSize was changed to 153600.
 4691899	[INFO]	XnProperty.cpp	151	Property Depth1.ParamCoeff was changed to 4.
 4691967	[INFO]	XnProperty.cpp	151	Property Depth1.ShiftScale was changed to 10.
 4704387	[INFO]	XnProperty.cpp	151	Property Depth1.ConstShift was changed to 200.
 4704483	[INFO]	XnProperty.cpp	151	Property Depth1.ZPD was changed to 120.
 4704581	[INFO]	XnProperty.cpp	151	Property Depth1.ZPPS was changed to 0.104200.
 4704595	[INFO]	XnProperty.cpp	151	Property Depth1.LDDIS was changed to 7.500000.
 4704686	[INFO]	XnProperty.cpp	151	Property Depth1.Gain was changed to 30.
 4704719	[INFO]	XnDeviceBase.cpp	1458	Stream 'Depth1' was initialized.
 4704733	[INFO]	XnDeviceBase.cpp	1463	'Depth1' stream was created.
 4704899	[INFO]	XnProperty.cpp	74	Setting Depth1.InputFormat to 3...
 4704921	[INFO]	XnProperty.cpp	151	Property Depth1.InputFormat was changed to 3.
 4704934	[INFO]	XnProperty.cpp	101	Depth1.InputFormat was successfully set.
 4705363	[INFO]	XnProperty.cpp	74	Setting Depth1.RegistrationType to 2...
 4705379	[INFO]	XnProperty.cpp	151	Property Depth1.RegistrationType was changed to 2.
 4705391	[INFO]	XnProperty.cpp	101	Depth1.RegistrationType was successfully set.
 4705850	[INFO]	XnDeviceModule.cpp	431	Module 'Depth1' configuration was loaded from file.
 4706027	[INFO]	XnProperty.cpp	74	Setting Depth1.FPS to 30...
 4706045	[INFO]	XnProperty.cpp	86	Depth1.FPS value did not change.
 4706057	[INFO]	XnProperty.cpp	74	Setting Depth1.YRes to 480...
 4706072	[INFO]	XnProperty.cpp	151	Property Depth1.Resolution was changed to 1.
 4706085	[INFO]	XnProperty.cpp	151	Property Depth1.XRes was changed to 640.
 4706098	[INFO]	XnProperty.cpp	151	Property Depth1.RequiredDataSize was changed to 307200.
 4706114	[INFO]	XnProperty.cpp	151	Property Depth1.YRes was changed to 480.
 4706126	[INFO]	XnProperty.cpp	151	Property Depth1.RequiredDataSize was changed to 614400.
 4706139	[INFO]	XnProperty.cpp	101	Depth1.YRes was successfully set.
 4706152	[INFO]	XnProperty.cpp	74	Setting Depth1.XRes to 640...
 4706163	[INFO]	XnProperty.cpp	86	Depth1.XRes value did not change.
 4706207	[INFO]	XnProperty.cpp	74	Setting Depth1.Mirror to 1...
 4706222	[INFO]	XnProperty.cpp	151	Property Depth1.FirmwareMirror was changed to 1.
 4706270	[INFO]	XnProperty.cpp	151	Property Depth1.Mirror was changed to 1.
 4706285	[INFO]	XnProperty.cpp	101	Depth1.Mirror was successfully set.
 7215336	[INFO]	XnOpenNI.cpp	1261	Creating node 'User1' of type User...
 7242396	[WARNING]	Linux-x86Threads.cpp	173	Failed to set thread priority: Invalid argument
 7242444	[WARNING]	XnUSBLinux-x86.cpp	126	USB events thread: Failed to set thread priority to critical. This might cause loss of data...
 7243268	[INFO]	XnUSBLinux-x86.cpp	1222	USB read thread was started.
 7243295	[INFO]	XnProperty.cpp	151	Property Depth1.ActualReadData was changed to 1.
 7714013	[INFO]	XnProperty.cpp	151	Property Depth1.State was changed to 1.
 7714055	[INFO]	XnDeviceBase.cpp	370	Stream Depth1 is open.
11033706	[INFO]	XnOpenNI.cpp	1261	Creating node 'Image1' of type Image...
11033757	[INFO]	XnDeviceBase.cpp	1383	Creating stream 'Image1' of type 'Image'...
11033955	[INFO]	XnProperty.cpp	151	Property Image1.Resolution was changed to 0.
11033981	[INFO]	XnProperty.cpp	151	Property Image1.XRes was changed to 320.
11034001	[INFO]	XnProperty.cpp	151	Property Image1.YRes was changed to 240.
11034019	[INFO]	XnProperty.cpp	151	Property Image1.FPS was changed to 30.
11034036	[INFO]	XnProperty.cpp	151	Property Image1.OutputFormat was changed to 5.
11034054	[INFO]	XnProperty.cpp	151	Property Image1.BytesPerPixel was changed to 3.
11034074	[INFO]	XnProperty.cpp	151	Property Image1.RequiredDataSize was changed to 230400.
11034115	[INFO]	XnDeviceBase.cpp	1458	Stream 'Image1' was initialized.
11034137	[INFO]	XnDeviceBase.cpp	1463	'Image1' stream was created.
11034271	[INFO]	XnProperty.cpp	74	Setting Image1.InputFormat to 6...
11034301	[INFO]	XnProperty.cpp	151	Property Image1.InputFormat was changed to 6.
11034320	[INFO]	XnProperty.cpp	101	Image1.InputFormat was successfully set.
11034949	[INFO]	XnDeviceModule.cpp	431	Module 'Image1' configuration was loaded from file.
11035061	[INFO]	XnProperty.cpp	74	Setting Image1.FPS to 30...
11035084	[INFO]	XnProperty.cpp	86	Image1.FPS value did not change.
11035104	[INFO]	XnProperty.cpp	74	Setting Image1.YRes to 480...
11035123	[INFO]	XnProperty.cpp	151	Property Image1.Resolution was changed to 1.
11035142	[INFO]	XnProperty.cpp	151	Property Image1.XRes was changed to 640.
11035161	[INFO]	XnProperty.cpp	151	Property Image1.RequiredDataSize was changed to 460800.
11035182	[INFO]	XnProperty.cpp	151	Property Image1.YRes was changed to 480.
11035200	[INFO]	XnProperty.cpp	151	Property Image1.RequiredDataSize was changed to 921600.
11035220	[INFO]	XnProperty.cpp	101	Image1.YRes was successfully set.
11035240	[INFO]	XnProperty.cpp	74	Setting Image1.XRes to 640...
11035256	[INFO]	XnProperty.cpp	86	Image1.XRes value did not change.
11036360	[INFO]	XnUSBLinux-x86.cpp	1222	USB read thread was started.
11036415	[INFO]	XnProperty.cpp	151	Property Image1.ActualReadData was changed to 1.
11083446	[WARNING]	XnDepthProcessor.cpp	133	Read: Depth buffer is corrupt. Size is 591520 (!= 614400)
11083490	[WARNING]	XnFrameStreamProcessor.cpp	132	Depth frame is corrupt!
11115449	[WARNING]	XnDepthProcessor.cpp	133	Read: Depth buffer is corrupt. Size is 589600 (!= 614400)
11115494	[WARNING]	XnFrameStreamProcessor.cpp	132	Depth frame is corrupt!
11215473	[WARNING]	XnDepthProcessor.cpp	133	Read: Depth buffer is corrupt. Size is 554656 (!= 614400)
11215521	[WARNING]	XnFrameStreamProcessor.cpp	132	Depth frame is corrupt!
11247496	[WARNING]	XnDepthProcessor.cpp	133	Read: Depth buffer is corrupt. Size is 597088 (!= 614400)
11247544	[WARNING]	XnFrameStreamProcessor.cpp	132	Depth frame is corrupt!
14119946	[WARNING]	XnDepthProcessor.cpp	133	Read: Depth buffer is corrupt. Size is 591520 (!= 614400)
14119991	[WARNING]	XnFrameStreamProcessor.cpp	132	Depth frame is corrupt!
14237426	[INFO]	XnProperty.cpp	151	Property Image1.State was changed to 1.
14237469	[INFO]	XnDeviceBase.cpp	370	Stream Image1 is open.
14237659	[INFO]	XnProperty.cpp	74	Setting Depth1.Registration to 1...
14251994	[WARNING]	XnDepthProcessor.cpp	133	Read: Depth buffer is corrupt. Size is 576720 (!= 614400)
14252041	[WARNING]	XnFrameStreamProcessor.cpp	132	Depth frame is corrupt!
14284021	[WARNING]	XnDepthProcessor.cpp	133	Read: Depth buffer is corrupt. Size is 592512 (!= 614400)
14284069	[WARNING]	XnFrameStreamProcessor.cpp	132	Depth frame is corrupt!
14389282	[INFO]	XnProperty.cpp	151	Property Depth1.Registration was changed to 1.
14389326	[INFO]	XnProperty.cpp	101	Depth1.Registration was successfully set.
14389371	[INFO]	XnProperty.cpp	74	Setting Image1.Mirror to 1...
14401935	[INFO]	XnProperty.cpp	151	Property Image1.FirmwareMirror was changed to 1.
14401978	[INFO]	XnProperty.cpp	151	Property Image1.Mirror was changed to 1.
14401990	[INFO]	XnProperty.cpp	101	Image1.Mirror was successfully set.
217614394	[INFO]	XnOpenNI.cpp	1459	Destroying node 'User1'
217622713	[INFO]	XnOpenNI.cpp	1459	Destroying node 'Depth1'
217622807	[INFO]	XnDeviceBase.cpp	1507	Destroying stream 'Depth1'...
217624562	[INFO]	XnOpenNI.cpp	1459	Destroying node 'Image1'
217624645	[INFO]	XnDeviceBase.cpp	1507	Destroying stream 'Image1'...
217626545	[INFO]	XnOpenNI.cpp	1459	Destroying node 'Device1'
