    1658	[INFO]	XnLog.cpp	165	OpenNI version is 1.0.0 (Build 25)-MacOSX (Jan  7 2011 14:20:18)
    1704	[INFO]	XnLog.cpp	173	Log system initialized. Console: 1, File: 1, Severity: INFO, Masks: ALL
    1728	[INFO]	XnLog.cpp	173	Log system initialized. Console: 1, File: 1, Severity: INFO, Masks: ALL
    2914	[INFO]	XnUSBLinux-x86.cpp	98	USB is initialized.
 2926616	[INFO]	XnOpenNI.cpp	1261	Creating node 'Device1' of type Device...
 2927555	[INFO]	XnDeviceModule.cpp	431	Module 'Device' configuration was loaded from file.
 3248876	[INFO]	XnDeviceSensorIO.cpp	135	Connected to USB device
 3248932	[INFO]	XnProperty.cpp	151	Property Device.USBPath was changed to 045e/02ae@253/8.
 3256456	[INFO]	XnHostProtocol.cpp	825	Hardware versions: FW=5.1.4 (7) HW=4 Chip=2 Sensor=4 SYS=7
 4664939	[INFO]	XnProperty.cpp	151	Property Device.ID was changed to 0.
 4664995	[INFO]	XnSensor.cpp	182	Device sensor initialized
 4665076	[INFO]	XnOpenNI.cpp	1261	Creating node 'Depth1' of type Depth...
 4665116	[INFO]	XnDeviceBase.cpp	1383	Creating stream 'Depth1' of type 'Depth'...
 4665134	[INFO]	XnProperty.cpp	74	Setting Device.ReadData to 1...
 4665164	[INFO]	XnDeviceSensorIO.cpp	298	Endpoints open
 4677502	[INFO]	XnProperty.cpp	151	Property Device.ReadData was changed to 1.
 4677549	[INFO]	XnProperty.cpp	101	Device.ReadData was successfully set.
 4678059	[INFO]	XnProperty.cpp	151	Property Depth1.Resolution was changed to 0.
 4678098	[INFO]	XnProperty.cpp	151	Property Depth1.XRes was changed to 320.
 4678131	[INFO]	XnProperty.cpp	151	Property Depth1.YRes was changed to 240.
 4678159	[INFO]	XnProperty.cpp	151	Property Depth1.FPS was changed to 30.
 4678188	[INFO]	XnProperty.cpp	151	Property Depth1.OutputFormat was changed to 1.
 4678212	[INFO]	XnProperty.cpp	151	Property Depth1.BytesPerPixel was changed to 2.
 4678241	[INFO]	XnProperty.cpp	151	Property Depth1.RequiredDataSize was changed to 153600.
 4678274	[INFO]	XnProperty.cpp	151	Property Depth1.ParamCoeff was changed to 4.
 4678376	[INFO]	XnProperty.cpp	151	Property Depth1.ShiftScale was changed to 10.
 4690916	[INFO]	XnProperty.cpp	151	Property Depth1.ConstShift was changed to 200.
 4691037	[INFO]	XnProperty.cpp	151	Property Depth1.ZPD was changed to 120.
 4691139	[INFO]	XnProperty.cpp	151	Property Depth1.ZPPS was changed to 0.104200.
 4691154	[INFO]	XnProperty.cpp	151	Property Depth1.LDDIS was changed to 7.500000.
 4691241	[INFO]	XnProperty.cpp	151	Property Depth1.Gain was changed to 30.
 4691276	[INFO]	XnDeviceBase.cpp	1458	Stream 'Depth1' was initialized.
 4691292	[INFO]	XnDeviceBase.cpp	1463	'Depth1' stream was created.
 4691459	[INFO]	XnProperty.cpp	74	Setting Depth1.InputFormat to 3...
 4691482	[INFO]	XnProperty.cpp	151	Property Depth1.InputFormat was changed to 3.
 4691496	[INFO]	XnProperty.cpp	101	Depth1.InputFormat was successfully set.
 4692002	[INFO]	XnProperty.cpp	74	Setting Depth1.RegistrationType to 2...
 4692022	[INFO]	XnProperty.cpp	151	Property Depth1.RegistrationType was changed to 2.
 4692034	[INFO]	XnProperty.cpp	101	Depth1.RegistrationType was successfully set.
 4692550	[INFO]	XnDeviceModule.cpp	431	Module 'Depth1' configuration was loaded from file.
 4692766	[INFO]	XnProperty.cpp	74	Setting Depth1.FPS to 30...
 4692786	[INFO]	XnProperty.cpp	86	Depth1.FPS value did not change.
 4692801	[INFO]	XnProperty.cpp	74	Setting Depth1.YRes to 480...
 4692821	[INFO]	XnProperty.cpp	151	Property Depth1.Resolution was changed to 1.
 4692839	[INFO]	XnProperty.cpp	151	Property Depth1.XRes was changed to 640.
 4692856	[INFO]	XnProperty.cpp	151	Property Depth1.RequiredDataSize was changed to 307200.
 4692885	[INFO]	XnProperty.cpp	151	Property Depth1.YRes was changed to 480.
 4692902	[INFO]	XnProperty.cpp	151	Property Depth1.RequiredDataSize was changed to 614400.
 4692920	[INFO]	XnProperty.cpp	101	Depth1.YRes was successfully set.
 4692937	[INFO]	XnProperty.cpp	74	Setting Depth1.XRes to 640...
 4692953	[INFO]	XnProperty.cpp	86	Depth1.XRes value did not change.
 4693009	[INFO]	XnProperty.cpp	74	Setting Depth1.Mirror to 1...
 4693029	[INFO]	XnProperty.cpp	151	Property Depth1.FirmwareMirror was changed to 1.
 4693084	[INFO]	XnProperty.cpp	151	Property Depth1.Mirror was changed to 1.
 4693098	[INFO]	XnProperty.cpp	101	Depth1.Mirror was successfully set.
 8043319	[INFO]	XnOpenNI.cpp	1261	Creating node 'User1' of type User...
 8069348	[WARNING]	Linux-x86Threads.cpp	173	Failed to set thread priority: Invalid argument
 8069407	[WARNING]	XnUSBLinux-x86.cpp	126	USB events thread: Failed to set thread priority to critical. This might cause loss of data...
 8070395	[INFO]	XnUSBLinux-x86.cpp	1222	USB read thread was started.
 8070436	[INFO]	XnProperty.cpp	151	Property Depth1.ActualReadData was changed to 1.
 8541190	[INFO]	XnProperty.cpp	151	Property Depth1.State was changed to 1.
 8541260	[INFO]	XnDeviceBase.cpp	370	Stream Depth1 is open.
11865577	[INFO]	XnOpenNI.cpp	1261	Creating node 'Image1' of type Image...
11865630	[INFO]	XnDeviceBase.cpp	1383	Creating stream 'Image1' of type 'Image'...
11865866	[INFO]	XnProperty.cpp	151	Property Image1.Resolution was changed to 0.
11865893	[INFO]	XnProperty.cpp	151	Property Image1.XRes was changed to 320.
11865910	[INFO]	XnProperty.cpp	151	Property Image1.YRes was changed to 240.
11865930	[INFO]	XnProperty.cpp	151	Property Image1.FPS was changed to 30.
11865949	[INFO]	XnProperty.cpp	151	Property Image1.OutputFormat was changed to 5.
11865968	[INFO]	XnProperty.cpp	151	Property Image1.BytesPerPixel was changed to 3.
11865988	[INFO]	XnProperty.cpp	151	Property Image1.RequiredDataSize was changed to 230400.
11866030	[INFO]	XnDeviceBase.cpp	1458	Stream 'Image1' was initialized.
11866052	[INFO]	XnDeviceBase.cpp	1463	'Image1' stream was created.
11866185	[INFO]	XnProperty.cpp	74	Setting Image1.InputFormat to 6...
11866216	[INFO]	XnProperty.cpp	151	Property Image1.InputFormat was changed to 6.
11866236	[INFO]	XnProperty.cpp	101	Image1.InputFormat was successfully set.
11866858	[INFO]	XnDeviceModule.cpp	431	Module 'Image1' configuration was loaded from file.
11866982	[INFO]	XnProperty.cpp	74	Setting Image1.FPS to 30...
11867006	[INFO]	XnProperty.cpp	86	Image1.FPS value did not change.
11867024	[INFO]	XnProperty.cpp	74	Setting Image1.YRes to 480...
11867044	[INFO]	XnProperty.cpp	151	Property Image1.Resolution was changed to 1.
11867065	[INFO]	XnProperty.cpp	151	Property Image1.XRes was changed to 640.
11867086	[INFO]	XnProperty.cpp	151	Property Image1.RequiredDataSize was changed to 460800.
11867110	[INFO]	XnProperty.cpp	151	Property Image1.YRes was changed to 480.
11867132	[INFO]	XnProperty.cpp	151	Property Image1.RequiredDataSize was changed to 921600.
11867156	[INFO]	XnProperty.cpp	101	Image1.YRes was successfully set.
11867179	[INFO]	XnProperty.cpp	74	Setting Image1.XRes to 640...
11867200	[INFO]	XnProperty.cpp	86	Image1.XRes value did not change.
11868375	[INFO]	XnUSBLinux-x86.cpp	1222	USB read thread was started.
11868433	[INFO]	XnProperty.cpp	151	Property Image1.ActualReadData was changed to 1.
12042501	[WARNING]	XnDepthProcessor.cpp	133	Read: Depth buffer is corrupt. Size is 596608 (!= 614400)
12042551	[WARNING]	XnFrameStreamProcessor.cpp	132	Depth frame is corrupt!
12074479	[WARNING]	XnDepthProcessor.cpp	133	Read: Depth buffer is corrupt. Size is 0 (!= 614400)
15068649	[INFO]	XnProperty.cpp	151	Property Image1.State was changed to 1.
15068701	[INFO]	XnDeviceBase.cpp	370	Stream Image1 is open.
15068917	[INFO]	XnProperty.cpp	74	Setting Depth1.Registration to 1...
15221423	[INFO]	XnProperty.cpp	151	Property Depth1.Registration was changed to 1.
15221465	[INFO]	XnProperty.cpp	101	Depth1.Registration was successfully set.
15221514	[INFO]	XnProperty.cpp	74	Setting Image1.Mirror to 1...
15233894	[INFO]	XnProperty.cpp	151	Property Image1.FirmwareMirror was changed to 1.
15233943	[INFO]	XnProperty.cpp	151	Property Image1.Mirror was changed to 1.
15233961	[INFO]	XnProperty.cpp	101	Image1.Mirror was successfully set.
56926028	[INFO]	XnOpenNI.cpp	1459	Destroying node 'User1'
56936197	[INFO]	XnOpenNI.cpp	1459	Destroying node 'Depth1'
56936827	[INFO]	XnDeviceBase.cpp	1507	Destroying stream 'Depth1'...
56938566	[INFO]	XnOpenNI.cpp	1459	Destroying node 'Image1'
56938635	[INFO]	XnDeviceBase.cpp	1507	Destroying stream 'Image1'...
56939620	[INFO]	XnOpenNI.cpp	1459	Destroying node 'Device1'
