    1689	[INFO]	XnLog.cpp	165	OpenNI version is 1.0.0 (Build 25)-MacOSX (Jan  7 2011 14:20:18)
    1735	[INFO]	XnLog.cpp	173	Log system initialized. Console: 1, File: 1, Severity: INFO, Masks: ALL
    1767	[INFO]	XnLog.cpp	173	Log system initialized. Console: 1, File: 1, Severity: INFO, Masks: ALL
    3216	[INFO]	XnUSBLinux-x86.cpp	98	USB is initialized.
 2897591	[INFO]	XnOpenNI.cpp	1261	Creating node 'Device1' of type Device...
 2898368	[INFO]	XnDeviceModule.cpp	431	Module 'Device' configuration was loaded from file.
 3227052	[INFO]	XnDeviceSensorIO.cpp	135	Connected to USB device
 3227102	[INFO]	XnProperty.cpp	151	Property Device.USBPath was changed to 045e/02ae@250/10.
 3234803	[INFO]	XnHostProtocol.cpp	825	Hardware versions: FW=5.1.4 (7) HW=4 Chip=2 Sensor=4 SYS=7
 4643554	[INFO]	XnProperty.cpp	151	Property Device.ID was changed to 0.
 4643621	[INFO]	XnSensor.cpp	182	Device sensor initialized
 4643711	[INFO]	XnOpenNI.cpp	1261	Creating node 'Depth1' of type Depth...
 4643756	[INFO]	XnDeviceBase.cpp	1383	Creating stream 'Depth1' of type 'Depth'...
 4643787	[INFO]	XnProperty.cpp	74	Setting Device.ReadData to 1...
 4643826	[INFO]	XnDeviceSensorIO.cpp	298	Endpoints open
 4656297	[INFO]	XnProperty.cpp	151	Property Device.ReadData was changed to 1.
 4656345	[INFO]	XnProperty.cpp	101	Device.ReadData was successfully set.
 4656714	[INFO]	XnProperty.cpp	151	Property Depth1.Resolution was changed to 0.
 4656737	[INFO]	XnProperty.cpp	151	Property Depth1.XRes was changed to 320.
 4656757	[INFO]	XnProperty.cpp	151	Property Depth1.YRes was changed to 240.
 4656778	[INFO]	XnProperty.cpp	151	Property Depth1.FPS was changed to 30.
 4656796	[INFO]	XnProperty.cpp	151	Property Depth1.OutputFormat was changed to 1.
 4656813	[INFO]	XnProperty.cpp	151	Property Depth1.BytesPerPixel was changed to 2.
 4656831	[INFO]	XnProperty.cpp	151	Property Depth1.RequiredDataSize was changed to 153600.
 4656854	[INFO]	XnProperty.cpp	151	Property Depth1.ParamCoeff was changed to 4.
 4656923	[INFO]	XnProperty.cpp	151	Property Depth1.ShiftScale was changed to 10.
 4669101	[INFO]	XnProperty.cpp	151	Property Depth1.ConstShift was changed to 200.
 4669201	[INFO]	XnProperty.cpp	151	Property Depth1.ZPD was changed to 120.
 4669316	[INFO]	XnProperty.cpp	151	Property Depth1.ZPPS was changed to 0.104200.
 4669342	[INFO]	XnProperty.cpp	151	Property Depth1.LDDIS was changed to 7.500000.
 4669463	[INFO]	XnProperty.cpp	151	Property Depth1.Gain was changed to 30.
 4669510	[INFO]	XnDeviceBase.cpp	1458	Stream 'Depth1' was initialized.
 4669533	[INFO]	XnDeviceBase.cpp	1463	'Depth1' stream was created.
 4669755	[INFO]	XnProperty.cpp	74	Setting Depth1.InputFormat to 3...
 4669789	[INFO]	XnProperty.cpp	151	Property Depth1.InputFormat was changed to 3.
 4669811	[INFO]	XnProperty.cpp	101	Depth1.InputFormat was successfully set.
 4670452	[INFO]	XnProperty.cpp	74	Setting Depth1.RegistrationType to 2...
 4670474	[INFO]	XnProperty.cpp	151	Property Depth1.RegistrationType was changed to 2.
 4670493	[INFO]	XnProperty.cpp	101	Depth1.RegistrationType was successfully set.
 4671004	[INFO]	XnDeviceModule.cpp	431	Module 'Depth1' configuration was loaded from file.
 4671192	[INFO]	XnProperty.cpp	74	Setting Depth1.FPS to 30...
 4671211	[INFO]	XnProperty.cpp	86	Depth1.FPS value did not change.
 4671230	[INFO]	XnProperty.cpp	74	Setting Depth1.YRes to 480...
 4671251	[INFO]	XnProperty.cpp	151	Property Depth1.Resolution was changed to 1.
 4671270	[INFO]	XnProperty.cpp	151	Property Depth1.XRes was changed to 640.
 4671288	[INFO]	XnProperty.cpp	151	Property Depth1.RequiredDataSize was changed to 307200.
 4671309	[INFO]	XnProperty.cpp	151	Property Depth1.YRes was changed to 480.
 4671326	[INFO]	XnProperty.cpp	151	Property Depth1.RequiredDataSize was changed to 614400.
 4671345	[INFO]	XnProperty.cpp	101	Depth1.YRes was successfully set.
 4671363	[INFO]	XnProperty.cpp	74	Setting Depth1.XRes to 640...
 4671379	[INFO]	XnProperty.cpp	86	Depth1.XRes value did not change.
 4671433	[INFO]	XnProperty.cpp	74	Setting Depth1.Mirror to 1...
 4671452	[INFO]	XnProperty.cpp	151	Property Depth1.FirmwareMirror was changed to 1.
 4671504	[INFO]	XnProperty.cpp	151	Property Depth1.Mirror was changed to 1.
 4671523	[INFO]	XnProperty.cpp	101	Depth1.Mirror was successfully set.
 7380912	[INFO]	XnOpenNI.cpp	1261	Creating node 'User1' of type User...
 7407433	[WARNING]	Linux-x86Threads.cpp	173	Failed to set thread priority: Invalid argument
 7407477	[WARNING]	XnUSBLinux-x86.cpp	126	USB events thread: Failed to set thread priority to critical. This might cause loss of data...
 7408310	[INFO]	XnUSBLinux-x86.cpp	1222	USB read thread was started.
 7408335	[INFO]	XnProperty.cpp	151	Property Depth1.ActualReadData was changed to 1.
 7879275	[INFO]	XnProperty.cpp	151	Property Depth1.State was changed to 1.
 7879321	[INFO]	XnDeviceBase.cpp	370	Stream Depth1 is open.
11191355	[INFO]	XnOpenNI.cpp	1261	Creating node 'Image1' of type Image...
11191405	[INFO]	XnDeviceBase.cpp	1383	Creating stream 'Image1' of type 'Image'...
11191588	[INFO]	XnProperty.cpp	151	Property Image1.Resolution was changed to 0.
11191608	[INFO]	XnProperty.cpp	151	Property Image1.XRes was changed to 320.
11191621	[INFO]	XnProperty.cpp	151	Property Image1.YRes was changed to 240.
11191633	[INFO]	XnProperty.cpp	151	Property Image1.FPS was changed to 30.
11191644	[INFO]	XnProperty.cpp	151	Property Image1.OutputFormat was changed to 5.
11191656	[INFO]	XnProperty.cpp	151	Property Image1.BytesPerPixel was changed to 3.
11191669	[INFO]	XnProperty.cpp	151	Property Image1.RequiredDataSize was changed to 230400.
11191702	[INFO]	XnDeviceBase.cpp	1458	Stream 'Image1' was initialized.
11191716	[INFO]	XnDeviceBase.cpp	1463	'Image1' stream was created.
11191844	[INFO]	XnProperty.cpp	74	Setting Image1.InputFormat to 6...
11191875	[INFO]	XnProperty.cpp	151	Property Image1.InputFormat was changed to 6.
11191892	[INFO]	XnProperty.cpp	101	Image1.InputFormat was successfully set.
11192335	[INFO]	XnDeviceModule.cpp	431	Module 'Image1' configuration was loaded from file.
11192413	[INFO]	XnProperty.cpp	74	Setting Image1.FPS to 30...
11192429	[INFO]	XnProperty.cpp	86	Image1.FPS value did not change.
11192441	[INFO]	XnProperty.cpp	74	Setting Image1.YRes to 480...
11192454	[INFO]	XnProperty.cpp	151	Property Image1.Resolution was changed to 1.
11192466	[INFO]	XnProperty.cpp	151	Property Image1.XRes was changed to 640.
11192478	[INFO]	XnProperty.cpp	151	Property Image1.RequiredDataSize was changed to 460800.
11192491	[INFO]	XnProperty.cpp	151	Property Image1.YRes was changed to 480.
11192503	[INFO]	XnProperty.cpp	151	Property Image1.RequiredDataSize was changed to 921600.
11192515	[INFO]	XnProperty.cpp	101	Image1.YRes was successfully set.
11192527	[INFO]	XnProperty.cpp	74	Setting Image1.XRes to 640...
11192538	[INFO]	XnProperty.cpp	86	Image1.XRes value did not change.
11193449	[INFO]	XnUSBLinux-x86.cpp	1222	USB read thread was started.
11193505	[INFO]	XnProperty.cpp	151	Property Image1.ActualReadData was changed to 1.
11379919	[WARNING]	XnDepthProcessor.cpp	133	Read: Depth buffer is corrupt. Size is 556608 (!= 614400)
11379968	[WARNING]	XnFrameStreamProcessor.cpp	132	Depth frame is corrupt!
14283922	[WARNING]	XnDepthProcessor.cpp	133	Read: Depth buffer is corrupt. Size is 566560 (!= 614400)
14283967	[WARNING]	XnFrameStreamProcessor.cpp	132	Depth frame is corrupt!
14394113	[INFO]	XnProperty.cpp	151	Property Image1.State was changed to 1.
14394156	[INFO]	XnDeviceBase.cpp	370	Stream Image1 is open.
14394360	[INFO]	XnProperty.cpp	74	Setting Depth1.Registration to 1...
14447985	[WARNING]	XnDepthProcessor.cpp	133	Read: Depth buffer is corrupt. Size is 592240 (!= 614400)
14448033	[WARNING]	XnFrameStreamProcessor.cpp	132	Depth frame is corrupt!
14546419	[INFO]	XnProperty.cpp	151	Property Depth1.Registration was changed to 1.
14546462	[INFO]	XnProperty.cpp	101	Depth1.Registration was successfully set.
14546509	[INFO]	XnProperty.cpp	74	Setting Image1.Mirror to 1...
14558644	[INFO]	XnProperty.cpp	151	Property Image1.FirmwareMirror was changed to 1.
14558689	[INFO]	XnProperty.cpp	151	Property Image1.Mirror was changed to 1.
14558702	[INFO]	XnProperty.cpp	101	Image1.Mirror was successfully set.
