    1618	[INFO]	XnLog.cpp	165	OpenNI version is 1.0.0 (Build 25)-MacOSX (Jan  7 2011 14:20:18)
    1662	[INFO]	XnLog.cpp	173	Log system initialized. Console: 1, File: 1, Severity: INFO, Masks: ALL
    1685	[INFO]	XnLog.cpp	173	Log system initialized. Console: 1, File: 1, Severity: INFO, Masks: ALL
    2809	[INFO]	XnUSBLinux-x86.cpp	98	USB is initialized.
 4115944	[INFO]	XnOpenNI.cpp	1261	Creating node 'Device1' of type Device...
 4116730	[INFO]	XnDeviceModule.cpp	431	Module 'Device' configuration was loaded from file.
 4450074	[INFO]	XnDeviceSensorIO.cpp	135	Connected to USB device
 4450130	[INFO]	XnProperty.cpp	151	Property Device.USBPath was changed to 045e/02ae@250/10.
 4457487	[INFO]	XnHostProtocol.cpp	825	Hardware versions: FW=5.1.4 (7) HW=4 Chip=2 Sensor=4 SYS=7
 5869443	[INFO]	XnProperty.cpp	151	Property Device.ID was changed to 0.
 5869515	[INFO]	XnSensor.cpp	182	Device sensor initialized
 5869608	[INFO]	XnOpenNI.cpp	1261	Creating node 'Depth1' of type Depth...
 5869646	[INFO]	XnDeviceBase.cpp	1383	Creating stream 'Depth1' of type 'Depth'...
 5869663	[INFO]	XnProperty.cpp	74	Setting Device.ReadData to 1...
 5869694	[INFO]	XnDeviceSensorIO.cpp	298	Endpoints open
 5881846	[INFO]	XnProperty.cpp	151	Property Device.ReadData was changed to 1.
 5881889	[INFO]	XnProperty.cpp	101	Device.ReadData was successfully set.
 5882347	[INFO]	XnProperty.cpp	151	Property Depth1.Resolution was changed to 0.
 5882370	[INFO]	XnProperty.cpp	151	Property Depth1.XRes was changed to 320.
 5882383	[INFO]	XnProperty.cpp	151	Property Depth1.YRes was changed to 240.
 5882395	[INFO]	XnProperty.cpp	151	Property Depth1.FPS was changed to 30.
 5882406	[INFO]	XnProperty.cpp	151	Property Depth1.OutputFormat was changed to 1.
 5882418	[INFO]	XnProperty.cpp	151	Property Depth1.BytesPerPixel was changed to 2.
 5882430	[INFO]	XnProperty.cpp	151	Property Depth1.RequiredDataSize was changed to 153600.
 5882446	[INFO]	XnProperty.cpp	151	Property Depth1.ParamCoeff was changed to 4.
 5882505	[INFO]	XnProperty.cpp	151	Property Depth1.ShiftScale was changed to 10.
 5895013	[INFO]	XnProperty.cpp	151	Property Depth1.ConstShift was changed to 200.
 5895109	[INFO]	XnProperty.cpp	151	Property Depth1.ZPD was changed to 120.
 5895229	[INFO]	XnProperty.cpp	151	Property Depth1.ZPPS was changed to 0.104200.
 5895258	[INFO]	XnProperty.cpp	151	Property Depth1.LDDIS was changed to 7.500000.
 5895381	[INFO]	XnProperty.cpp	151	Property Depth1.Gain was changed to 30.
 5895444	[INFO]	XnDeviceBase.cpp	1458	Stream 'Depth1' was initialized.
 5895467	[INFO]	XnDeviceBase.cpp	1463	'Depth1' stream was created.
 5895626	[INFO]	XnProperty.cpp	74	Setting Depth1.InputFormat to 3...
 5895649	[INFO]	XnProperty.cpp	151	Property Depth1.InputFormat was changed to 3.
 5895662	[INFO]	XnProperty.cpp	101	Depth1.InputFormat was successfully set.
 5896105	[INFO]	XnProperty.cpp	74	Setting Depth1.RegistrationType to 2...
 5896125	[INFO]	XnProperty.cpp	151	Property Depth1.RegistrationType was changed to 2.
 5896137	[INFO]	XnProperty.cpp	101	Depth1.RegistrationType was successfully set.
 5896593	[INFO]	XnDeviceModule.cpp	431	Module 'Depth1' configuration was loaded from file.
 5896755	[INFO]	XnProperty.cpp	74	Setting Depth1.FPS to 30...
 5896778	[INFO]	XnProperty.cpp	86	Depth1.FPS value did not change.
 5896795	[INFO]	XnProperty.cpp	74	Setting Depth1.YRes to 480...
 5896814	[INFO]	XnProperty.cpp	151	Property Depth1.Resolution was changed to 1.
 5896834	[INFO]	XnProperty.cpp	151	Property Depth1.XRes was changed to 640.
 5896852	[INFO]	XnProperty.cpp	151	Property Depth1.RequiredDataSize was changed to 307200.
 5896871	[INFO]	XnProperty.cpp	151	Property Depth1.YRes was changed to 480.
 5896888	[INFO]	XnProperty.cpp	151	Property Depth1.RequiredDataSize was changed to 614400.
 5896907	[INFO]	XnProperty.cpp	101	Depth1.YRes was successfully set.
 5896926	[INFO]	XnProperty.cpp	74	Setting Depth1.XRes to 640...
 5896942	[INFO]	XnProperty.cpp	86	Depth1.XRes value did not change.
 5897006	[INFO]	XnProperty.cpp	74	Setting Depth1.Mirror to 1...
 5897029	[INFO]	XnProperty.cpp	151	Property Depth1.FirmwareMirror was changed to 1.
 5897089	[INFO]	XnProperty.cpp	151	Property Depth1.Mirror was changed to 1.
 5897107	[INFO]	XnProperty.cpp	101	Depth1.Mirror was successfully set.
 8392989	[INFO]	XnOpenNI.cpp	1261	Creating node 'User1' of type User...
 8415297	[WARNING]	Linux-x86Threads.cpp	173	Failed to set thread priority: Invalid argument
 8415341	[WARNING]	XnUSBLinux-x86.cpp	126	USB events thread: Failed to set thread priority to critical. This might cause loss of data...
 8416090	[INFO]	XnUSBLinux-x86.cpp	1222	USB read thread was started.
 8416114	[INFO]	XnProperty.cpp	151	Property Depth1.ActualReadData was changed to 1.
 8888157	[INFO]	XnProperty.cpp	151	Property Depth1.State was changed to 1.
 8888200	[INFO]	XnDeviceBase.cpp	370	Stream Depth1 is open.
11360642	[INFO]	XnOpenNI.cpp	1261	Creating node 'Image1' of type Image...
11360702	[INFO]	XnDeviceBase.cpp	1383	Creating stream 'Image1' of type 'Image'...
11360935	[INFO]	XnProperty.cpp	151	Property Image1.Resolution was changed to 0.
11360957	[INFO]	XnProperty.cpp	151	Property Image1.XRes was changed to 320.
11360970	[INFO]	XnProperty.cpp	151	Property Image1.YRes was changed to 240.
11360981	[INFO]	XnProperty.cpp	151	Property Image1.FPS was changed to 30.
11360993	[INFO]	XnProperty.cpp	151	Property Image1.OutputFormat was changed to 5.
11361004	[INFO]	XnProperty.cpp	151	Property Image1.BytesPerPixel was changed to 3.
11361017	[INFO]	XnProperty.cpp	151	Property Image1.RequiredDataSize was changed to 230400.
11361044	[INFO]	XnDeviceBase.cpp	1458	Stream 'Image1' was initialized.
11361059	[INFO]	XnDeviceBase.cpp	1463	'Image1' stream was created.
11361156	[INFO]	XnProperty.cpp	74	Setting Image1.InputFormat to 6...
11361175	[INFO]	XnProperty.cpp	151	Property Image1.InputFormat was changed to 6.
11361187	[INFO]	XnProperty.cpp	101	Image1.InputFormat was successfully set.
11361602	[INFO]	XnDeviceModule.cpp	431	Module 'Image1' configuration was loaded from file.
11361691	[INFO]	XnProperty.cpp	74	Setting Image1.FPS to 30...
11361707	[INFO]	XnProperty.cpp	86	Image1.FPS value did not change.
11361719	[INFO]	XnProperty.cpp	74	Setting Image1.YRes to 480...
11361732	[INFO]	XnProperty.cpp	151	Property Image1.Resolution was changed to 1.
11361744	[INFO]	XnProperty.cpp	151	Property Image1.XRes was changed to 640.
11361757	[INFO]	XnProperty.cpp	151	Property Image1.RequiredDataSize was changed to 460800.
11361770	[INFO]	XnProperty.cpp	151	Property Image1.YRes was changed to 480.
11361783	[INFO]	XnProperty.cpp	151	Property Image1.RequiredDataSize was changed to 921600.
11361795	[INFO]	XnProperty.cpp	101	Image1.YRes was successfully set.
11361808	[INFO]	XnProperty.cpp	74	Setting Image1.XRes to 640...
11361819	[INFO]	XnProperty.cpp	86	Image1.XRes value did not change.
11362678	[INFO]	XnUSBLinux-x86.cpp	1222	USB read thread was started.
11362720	[INFO]	XnProperty.cpp	151	Property Image1.ActualReadData was changed to 1.
11555722	[WARNING]	XnDepthProcessor.cpp	133	Read: Depth buffer is corrupt. Size is 547168 (!= 614400)
11555770	[WARNING]	XnFrameStreamProcessor.cpp	132	Depth frame is corrupt!
14455816	[WARNING]	XnDepthProcessor.cpp	133	Read: Depth buffer is corrupt. Size is 595632 (!= 614400)
14455862	[WARNING]	XnFrameStreamProcessor.cpp	132	Depth frame is corrupt!
14564226	[INFO]	XnProperty.cpp	151	Property Image1.State was changed to 1.
14564269	[INFO]	XnDeviceBase.cpp	370	Stream Image1 is open.
14564467	[INFO]	XnProperty.cpp	74	Setting Depth1.Registration to 1...
14591800	[WARNING]	XnDepthProcessor.cpp	133	Read: Depth buffer is corrupt. Size is 566816 (!= 614400)
14591847	[WARNING]	XnFrameStreamProcessor.cpp	132	Depth frame is corrupt!
14716960	[INFO]	XnProperty.cpp	151	Property Depth1.Registration was changed to 1.
14717003	[INFO]	XnProperty.cpp	101	Depth1.Registration was successfully set.
14717051	[INFO]	XnProperty.cpp	74	Setting Image1.Mirror to 1...
14729491	[INFO]	XnProperty.cpp	151	Property Image1.FirmwareMirror was changed to 1.
14729535	[INFO]	XnProperty.cpp	151	Property Image1.Mirror was changed to 1.
14729548	[INFO]	XnProperty.cpp	101	Image1.Mirror was successfully set.
