   53983	[INFO]	XnLog.cpp	165	OpenNI version is 1.0.0 (Build 25)-MacOSX (Jan  7 2011 14:20:18)
   54032	[INFO]	XnLog.cpp	173	Log system initialized. Console: 1, File: 1, Severity: INFO, Masks: ALL
   54064	[INFO]	XnLog.cpp	173	Log system initialized. Console: 1, File: 1, Severity: INFO, Masks: ALL
   55641	[INFO]	XnUSBLinux-x86.cpp	98	USB is initialized.
 3400945	[INFO]	XnOpenNI.cpp	1261	Creating node 'Device1' of type Device...
 3428712	[INFO]	XnDeviceModule.cpp	431	Module 'Device' configuration was loaded from file.
 3857967	[INFO]	XnDeviceSensorIO.cpp	135	Connected to USB device
 3858035	[INFO]	XnProperty.cpp	151	Property Device.USBPath was changed to 045e/02ae@253/8.
 3866813	[INFO]	XnHostProtocol.cpp	825	Hardware versions: FW=5.1.4 (7) HW=4 Chip=2 Sensor=4 SYS=7
 5267223	[INFO]	XnProperty.cpp	151	Property Device.ID was changed to 0.
 5267296	[INFO]	XnSensor.cpp	182	Device sensor initialized
 5267410	[INFO]	XnOpenNI.cpp	1261	Creating node 'Depth1' of type Depth...
 5267459	[INFO]	XnDeviceBase.cpp	1383	Creating stream 'Depth1' of type 'Depth'...
 5267481	[INFO]	XnProperty.cpp	74	Setting Device.ReadData to 1...
 5267522	[INFO]	XnDeviceSensorIO.cpp	298	Endpoints open
 5279619	[INFO]	XnProperty.cpp	151	Property Device.ReadData was changed to 1.
 5279685	[INFO]	XnProperty.cpp	101	Device.ReadData was successfully set.
 5280062	[INFO]	XnProperty.cpp	151	Property Depth1.Resolution was changed to 0.
 5280086	[INFO]	XnProperty.cpp	151	Property Depth1.XRes was changed to 320.
 5280108	[INFO]	XnProperty.cpp	151	Property Depth1.YRes was changed to 240.
 5280128	[INFO]	XnProperty.cpp	151	Property Depth1.FPS was changed to 30.
 5280146	[INFO]	XnProperty.cpp	151	Property Depth1.OutputFormat was changed to 1.
 5280165	[INFO]	XnProperty.cpp	151	Property Depth1.BytesPerPixel was changed to 2.
 5280184	[INFO]	XnProperty.cpp	151	Property Depth1.RequiredDataSize was changed to 153600.
 5280208	[INFO]	XnProperty.cpp	151	Property Depth1.ParamCoeff was changed to 4.
 5280281	[INFO]	XnProperty.cpp	151	Property Depth1.ShiftScale was changed to 10.
 5292613	[INFO]	XnProperty.cpp	151	Property Depth1.ConstShift was changed to 200.
 5292726	[INFO]	XnProperty.cpp	151	Property Depth1.ZPD was changed to 120.
 5292843	[INFO]	XnProperty.cpp	151	Property Depth1.ZPPS was changed to 0.104200.
 5292867	[INFO]	XnProperty.cpp	151	Property Depth1.LDDIS was changed to 7.500000.
 5293001	[INFO]	XnProperty.cpp	151	Property Depth1.Gain was changed to 30.
 5293046	[INFO]	XnDeviceBase.cpp	1458	Stream 'Depth1' was initialized.
 5293066	[INFO]	XnDeviceBase.cpp	1463	'Depth1' stream was created.
 5293226	[INFO]	XnProperty.cpp	74	Setting Depth1.InputFormat to 3...
 5293251	[INFO]	XnProperty.cpp	151	Property Depth1.InputFormat was changed to 3.
 5293271	[INFO]	XnProperty.cpp	101	Depth1.InputFormat was successfully set.
 5294230	[INFO]	XnProperty.cpp	74	Setting Depth1.RegistrationType to 2...
 5294276	[INFO]	XnProperty.cpp	151	Property Depth1.RegistrationType was changed to 2.
 5294303	[INFO]	XnProperty.cpp	101	Depth1.RegistrationType was successfully set.
 5295116	[INFO]	XnDeviceModule.cpp	431	Module 'Depth1' configuration was loaded from file.
 5295357	[INFO]	XnProperty.cpp	74	Setting Depth1.FPS to 30...
 5295378	[INFO]	XnProperty.cpp	86	Depth1.FPS value did not change.
 5295394	[INFO]	XnProperty.cpp	74	Setting Depth1.YRes to 480...
 5295413	[INFO]	XnProperty.cpp	151	Property Depth1.Resolution was changed to 1.
 5295439	[INFO]	XnProperty.cpp	151	Property Depth1.XRes was changed to 640.
 5295467	[INFO]	XnProperty.cpp	151	Property Depth1.RequiredDataSize was changed to 307200.
 5295503	[INFO]	XnProperty.cpp	151	Property Depth1.YRes was changed to 480.
 5295534	[INFO]	XnProperty.cpp	151	Property Depth1.RequiredDataSize was changed to 614400.
 5295556	[INFO]	XnProperty.cpp	101	Depth1.YRes was successfully set.
 5295587	[INFO]	XnProperty.cpp	74	Setting Depth1.XRes to 640...
 5295603	[INFO]	XnProperty.cpp	86	Depth1.XRes value did not change.
 5295660	[INFO]	XnProperty.cpp	74	Setting Depth1.Mirror to 1...
 5295680	[INFO]	XnProperty.cpp	151	Property Depth1.FirmwareMirror was changed to 1.
 5295739	[INFO]	XnProperty.cpp	151	Property Depth1.Mirror was changed to 1.
 5295758	[INFO]	XnProperty.cpp	101	Depth1.Mirror was successfully set.
 8633948	[INFO]	XnOpenNI.cpp	1261	Creating node 'User1' of type User...
 8838982	[WARNING]	Linux-x86Threads.cpp	173	Failed to set thread priority: Invalid argument
 8839023	[WARNING]	XnUSBLinux-x86.cpp	126	USB events thread: Failed to set thread priority to critical. This might cause loss of data...
 8839813	[INFO]	XnUSBLinux-x86.cpp	1222	USB read thread was started.
 8839841	[INFO]	XnProperty.cpp	151	Property Depth1.ActualReadData was changed to 1.
 9310580	[INFO]	XnProperty.cpp	151	Property Depth1.State was changed to 1.
 9310624	[INFO]	XnDeviceBase.cpp	370	Stream Depth1 is open.
10811355	[WARNING]	XnDepthProcessor.cpp	133	Read: Depth buffer is corrupt. Size is 601760 (!= 614400)
10811401	[WARNING]	XnFrameStreamProcessor.cpp	132	Depth frame is corrupt!
12622804	[INFO]	XnOpenNI.cpp	1261	Creating node 'Image1' of type Image...
12622856	[INFO]	XnDeviceBase.cpp	1383	Creating stream 'Image1' of type 'Image'...
12623117	[INFO]	XnProperty.cpp	151	Property Image1.Resolution was changed to 0.
12623142	[INFO]	XnProperty.cpp	151	Property Image1.XRes was changed to 320.
12623159	[INFO]	XnProperty.cpp	151	Property Image1.YRes was changed to 240.
12623175	[INFO]	XnProperty.cpp	151	Property Image1.FPS was changed to 30.
12623191	[INFO]	XnProperty.cpp	151	Property Image1.OutputFormat was changed to 5.
12623207	[INFO]	XnProperty.cpp	151	Property Image1.BytesPerPixel was changed to 3.
12623222	[INFO]	XnProperty.cpp	151	Property Image1.RequiredDataSize was changed to 230400.
12623260	[INFO]	XnDeviceBase.cpp	1458	Stream 'Image1' was initialized.
12623280	[INFO]	XnDeviceBase.cpp	1463	'Image1' stream was created.
12623412	[INFO]	XnProperty.cpp	74	Setting Image1.InputFormat to 6...
12623440	[INFO]	XnProperty.cpp	151	Property Image1.InputFormat was changed to 6.
12623457	[INFO]	XnProperty.cpp	101	Image1.InputFormat was successfully set.
12623933	[INFO]	XnDeviceModule.cpp	431	Module 'Image1' configuration was loaded from file.
12624043	[INFO]	XnProperty.cpp	74	Setting Image1.FPS to 30...
12624062	[INFO]	XnProperty.cpp	86	Image1.FPS value did not change.
12624080	[INFO]	XnProperty.cpp	74	Setting Image1.YRes to 480...
12624099	[INFO]	XnProperty.cpp	151	Property Image1.Resolution was changed to 1.
12624118	[INFO]	XnProperty.cpp	151	Property Image1.XRes was changed to 640.
12624135	[INFO]	XnProperty.cpp	151	Property Image1.RequiredDataSize was changed to 460800.
12624155	[INFO]	XnProperty.cpp	151	Property Image1.YRes was changed to 480.
12624172	[INFO]	XnProperty.cpp	151	Property Image1.RequiredDataSize was changed to 921600.
12624190	[INFO]	XnProperty.cpp	101	Image1.YRes was successfully set.
12624209	[INFO]	XnProperty.cpp	74	Setting Image1.XRes to 640...
12624225	[INFO]	XnProperty.cpp	86	Image1.XRes value did not change.
12625202	[INFO]	XnUSBLinux-x86.cpp	1222	USB read thread was started.
12625249	[INFO]	XnProperty.cpp	151	Property Image1.ActualReadData was changed to 1.
12811413	[WARNING]	XnDepthProcessor.cpp	133	Read: Depth buffer is corrupt. Size is 554672 (!= 614400)
12811462	[WARNING]	XnFrameStreamProcessor.cpp	132	Depth frame is corrupt!
15826183	[INFO]	XnProperty.cpp	151	Property Image1.State was changed to 1.
15826226	[INFO]	XnDeviceBase.cpp	370	Stream Image1 is open.
15826443	[INFO]	XnProperty.cpp	74	Setting Depth1.Registration to 1...
15847445	[WARNING]	XnDepthProcessor.cpp	133	Read: Depth buffer is corrupt. Size is 591632 (!= 614400)
15847501	[WARNING]	XnFrameStreamProcessor.cpp	132	Depth frame is corrupt!
15979808	[INFO]	XnProperty.cpp	151	Property Depth1.Registration was changed to 1.
15979856	[INFO]	XnProperty.cpp	101	Depth1.Registration was successfully set.
15979915	[INFO]	XnProperty.cpp	74	Setting Image1.Mirror to 1...
15992152	[INFO]	XnProperty.cpp	151	Property Image1.FirmwareMirror was changed to 1.
15992205	[INFO]	XnProperty.cpp	151	Property Image1.Mirror was changed to 1.
15992222	[INFO]	XnProperty.cpp	101	Image1.Mirror was successfully set.
24482184	[INFO]	XnOpenNI.cpp	1459	Destroying node 'User1'
24492253	[INFO]	XnOpenNI.cpp	1459	Destroying node 'Depth1'
24492361	[INFO]	XnDeviceBase.cpp	1507	Destroying stream 'Depth1'...
24494003	[INFO]	XnOpenNI.cpp	1459	Destroying node 'Image1'
24494071	[INFO]	XnDeviceBase.cpp	1507	Destroying stream 'Image1'...
24495214	[INFO]	XnOpenNI.cpp	1459	Destroying node 'Device1'
