    1809	[INFO]	XnLog.cpp	165	OpenNI version is 1.0.0 (Build 25)-MacOSX (Jan  7 2011 14:20:18)
    1856	[INFO]	XnLog.cpp	173	Log system initialized. Console: 1, File: 1, Severity: INFO, Masks: ALL
    1889	[INFO]	XnLog.cpp	173	Log system initialized. Console: 1, File: 1, Severity: INFO, Masks: ALL
    3170	[INFO]	XnUSBLinux-x86.cpp	98	USB is initialized.
 2514671	[INFO]	XnOpenNI.cpp	1261	Creating node 'Device1' of type Device...
 2515486	[INFO]	XnDeviceModule.cpp	431	Module 'Device' configuration was loaded from file.
 2842212	[INFO]	XnDeviceSensorIO.cpp	135	Connected to USB device
 2842267	[INFO]	XnProperty.cpp	151	Property Device.USBPath was changed to 045e/02ae@253/8.
 2850063	[INFO]	XnHostProtocol.cpp	825	Hardware versions: FW=5.1.4 (7) HW=4 Chip=2 Sensor=4 SYS=7
 4259896	[INFO]	XnProperty.cpp	151	Property Device.ID was changed to 0.
 4259976	[INFO]	XnSensor.cpp	182	Device sensor initialized
 4260069	[INFO]	XnOpenNI.cpp	1261	Creating node 'Depth1' of type Depth...
 4260114	[INFO]	XnDeviceBase.cpp	1383	Creating stream 'Depth1' of type 'Depth'...
 4260139	[INFO]	XnProperty.cpp	74	Setting Device.ReadData to 1...
 4260181	[INFO]	XnDeviceSensorIO.cpp	298	Endpoints open
 4272453	[INFO]	XnProperty.cpp	151	Property Device.ReadData was changed to 1.
 4272509	[INFO]	XnProperty.cpp	101	Device.ReadData was successfully set.
 4272990	[INFO]	XnProperty.cpp	151	Property Depth1.Resolution was changed to 0.
 4273020	[INFO]	XnProperty.cpp	151	Property Depth1.XRes was changed to 320.
 4273042	[INFO]	XnProperty.cpp	151	Property Depth1.YRes was changed to 240.
 4273063	[INFO]	XnProperty.cpp	151	Property Depth1.FPS was changed to 30.
 4273082	[INFO]	XnProperty.cpp	151	Property Depth1.OutputFormat was changed to 1.
 4273099	[INFO]	XnProperty.cpp	151	Property Depth1.BytesPerPixel was changed to 2.
 4273115	[INFO]	XnProperty.cpp	151	Property Depth1.RequiredDataSize was changed to 153600.
 4273139	[INFO]	XnProperty.cpp	151	Property Depth1.ParamCoeff was changed to 4.
 4273208	[INFO]	XnProperty.cpp	151	Property Depth1.ShiftScale was changed to 10.
 4285710	[INFO]	XnProperty.cpp	151	Property Depth1.ConstShift was changed to 200.
 4285815	[INFO]	XnProperty.cpp	151	Property Depth1.ZPD was changed to 120.
 4285917	[INFO]	XnProperty.cpp	151	Property Depth1.ZPPS was changed to 0.104200.
 4285932	[INFO]	XnProperty.cpp	151	Property Depth1.LDDIS was changed to 7.500000.
 4286029	[INFO]	XnProperty.cpp	151	Property Depth1.Gain was changed to 30.
 4286061	[INFO]	XnDeviceBase.cpp	1458	Stream 'Depth1' was initialized.
 4286076	[INFO]	XnDeviceBase.cpp	1463	'Depth1' stream was created.
 4286229	[INFO]	XnProperty.cpp	74	Setting Depth1.InputFormat to 3...
 4286250	[INFO]	XnProperty.cpp	151	Property Depth1.InputFormat was changed to 3.
 4286263	[INFO]	XnProperty.cpp	101	Depth1.InputFormat was successfully set.
 4286701	[INFO]	XnProperty.cpp	74	Setting Depth1.RegistrationType to 2...
 4286722	[INFO]	XnProperty.cpp	151	Property Depth1.RegistrationType was changed to 2.
 4286739	[INFO]	XnProperty.cpp	101	Depth1.RegistrationType was successfully set.
 4287216	[INFO]	XnDeviceModule.cpp	431	Module 'Depth1' configuration was loaded from file.
 4287386	[INFO]	XnProperty.cpp	74	Setting Depth1.FPS to 30...
 4287403	[INFO]	XnProperty.cpp	86	Depth1.FPS value did not change.
 4287415	[INFO]	XnProperty.cpp	74	Setting Depth1.YRes to 480...
 4287430	[INFO]	XnProperty.cpp	151	Property Depth1.Resolution was changed to 1.
 4287443	[INFO]	XnProperty.cpp	151	Property Depth1.XRes was changed to 640.
 4287456	[INFO]	XnProperty.cpp	151	Property Depth1.RequiredDataSize was changed to 307200.
 4287472	[INFO]	XnProperty.cpp	151	Property Depth1.YRes was changed to 480.
 4287484	[INFO]	XnProperty.cpp	151	Property Depth1.RequiredDataSize was changed to 614400.
 4287496	[INFO]	XnProperty.cpp	101	Depth1.YRes was successfully set.
 4287508	[INFO]	XnProperty.cpp	74	Setting Depth1.XRes to 640...
 4287519	[INFO]	XnProperty.cpp	86	Depth1.XRes value did not change.
 4287562	[INFO]	XnProperty.cpp	74	Setting Depth1.Mirror to 1...
 4287577	[INFO]	XnProperty.cpp	151	Property Depth1.FirmwareMirror was changed to 1.
 4287623	[INFO]	XnProperty.cpp	151	Property Depth1.Mirror was changed to 1.
 4287635	[INFO]	XnProperty.cpp	101	Depth1.Mirror was successfully set.
 7178392	[INFO]	XnOpenNI.cpp	1261	Creating node 'User1' of type User...
 7204248	[WARNING]	Linux-x86Threads.cpp	173	Failed to set thread priority: Invalid argument
 7204295	[WARNING]	XnUSBLinux-x86.cpp	126	USB events thread: Failed to set thread priority to critical. This might cause loss of data...
 7205059	[INFO]	XnUSBLinux-x86.cpp	1222	USB read thread was started.
 7205084	[INFO]	XnProperty.cpp	151	Property Depth1.ActualReadData was changed to 1.
 7675352	[INFO]	XnProperty.cpp	151	Property Depth1.State was changed to 1.
 7675396	[INFO]	XnDeviceBase.cpp	370	Stream Depth1 is open.
11002248	[INFO]	XnOpenNI.cpp	1261	Creating node 'Image1' of type Image...
11002300	[INFO]	XnDeviceBase.cpp	1383	Creating stream 'Image1' of type 'Image'...
11002495	[INFO]	XnProperty.cpp	151	Property Image1.Resolution was changed to 0.
11002515	[INFO]	XnProperty.cpp	151	Property Image1.XRes was changed to 320.
11002528	[INFO]	XnProperty.cpp	151	Property Image1.YRes was changed to 240.
11002540	[INFO]	XnProperty.cpp	151	Property Image1.FPS was changed to 30.
11002552	[INFO]	XnProperty.cpp	151	Property Image1.OutputFormat was changed to 5.
11002563	[INFO]	XnProperty.cpp	151	Property Image1.BytesPerPixel was changed to 3.
11002576	[INFO]	XnProperty.cpp	151	Property Image1.RequiredDataSize was changed to 230400.
11002610	[INFO]	XnDeviceBase.cpp	1458	Stream 'Image1' was initialized.
11002625	[INFO]	XnDeviceBase.cpp	1463	'Image1' stream was created.
11002729	[INFO]	XnProperty.cpp	74	Setting Image1.InputFormat to 6...
11002749	[INFO]	XnProperty.cpp	151	Property Image1.InputFormat was changed to 6.
11002762	[INFO]	XnProperty.cpp	101	Image1.InputFormat was successfully set.
11003179	[INFO]	XnDeviceModule.cpp	431	Module 'Image1' configuration was loaded from file.
11003262	[INFO]	XnProperty.cpp	74	Setting Image1.FPS to 30...
11003277	[INFO]	XnProperty.cpp	86	Image1.FPS value did not change.
11003289	[INFO]	XnProperty.cpp	74	Setting Image1.YRes to 480...
11003302	[INFO]	XnProperty.cpp	151	Property Image1.Resolution was changed to 1.
11003314	[INFO]	XnProperty.cpp	151	Property Image1.XRes was changed to 640.
11003326	[INFO]	XnProperty.cpp	151	Property Image1.RequiredDataSize was changed to 460800.
11003340	[INFO]	XnProperty.cpp	151	Property Image1.YRes was changed to 480.
11003351	[INFO]	XnProperty.cpp	151	Property Image1.RequiredDataSize was changed to 921600.
11003364	[INFO]	XnProperty.cpp	101	Image1.YRes was successfully set.
11003376	[INFO]	XnProperty.cpp	74	Setting Image1.XRes to 640...
11003387	[INFO]	XnProperty.cpp	86	Image1.XRes value did not change.
11004356	[INFO]	XnUSBLinux-x86.cpp	1222	USB read thread was started.
11004399	[INFO]	XnProperty.cpp	151	Property Image1.ActualReadData was changed to 1.
11209224	[WARNING]	XnDepthProcessor.cpp	133	Read: Depth buffer is corrupt. Size is 582784 (!= 614400)
11209277	[WARNING]	XnFrameStreamProcessor.cpp	132	Depth frame is corrupt!
14205258	[INFO]	XnProperty.cpp	151	Property Image1.State was changed to 1.
14205308	[INFO]	XnDeviceBase.cpp	370	Stream Image1 is open.
14205531	[INFO]	XnProperty.cpp	74	Setting Depth1.Registration to 1...
14359465	[INFO]	XnProperty.cpp	151	Property Depth1.Registration was changed to 1.
14359508	[INFO]	XnProperty.cpp	101	Depth1.Registration was successfully set.
14359557	[INFO]	XnProperty.cpp	74	Setting Image1.Mirror to 1...
14371843	[INFO]	XnProperty.cpp	151	Property Image1.FirmwareMirror was changed to 1.
14371886	[INFO]	XnProperty.cpp	151	Property Image1.Mirror was changed to 1.
14371899	[INFO]	XnProperty.cpp	101	Image1.Mirror was successfully set.
55996698	[INFO]	XnOpenNI.cpp	1459	Destroying node 'User1'
56006559	[INFO]	XnOpenNI.cpp	1459	Destroying node 'Depth1'
56006647	[INFO]	XnDeviceBase.cpp	1507	Destroying stream 'Depth1'...
56008321	[INFO]	XnOpenNI.cpp	1459	Destroying node 'Image1'
56008385	[INFO]	XnDeviceBase.cpp	1507	Destroying stream 'Image1'...
56009352	[INFO]	XnOpenNI.cpp	1459	Destroying node 'Device1'
