    1568	[INFO]	XnLog.cpp	165	OpenNI version is 1.0.0 (Build 25)-MacOSX (Jan  7 2011 14:20:18)
    1615	[INFO]	XnLog.cpp	173	Log system initialized. Console: 1, File: 1, Severity: INFO, Masks: ALL
    1637	[INFO]	XnLog.cpp	173	Log system initialized. Console: 1, File: 1, Severity: INFO, Masks: ALL
    2907	[INFO]	XnUSBLinux-x86.cpp	98	USB is initialized.
 2899882	[INFO]	XnOpenNI.cpp	1261	Creating node 'Device1' of type Device...
 2900727	[INFO]	XnDeviceModule.cpp	431	Module 'Device' configuration was loaded from file.
 3231644	[INFO]	XnDeviceSensorIO.cpp	135	Connected to USB device
 3231700	[INFO]	XnProperty.cpp	151	Property Device.USBPath was changed to 045e/02ae@250/10.
 3239587	[INFO]	XnHostProtocol.cpp	825	Hardware versions: FW=5.1.4 (7) HW=4 Chip=2 Sensor=4 SYS=7
 4651004	[INFO]	XnProperty.cpp	151	Property Device.ID was changed to 0.
 4651059	[INFO]	XnSensor.cpp	182	Device sensor initialized
 4651142	[INFO]	XnOpenNI.cpp	1261	Creating node 'Depth1' of type Depth...
 4651186	[INFO]	XnDeviceBase.cpp	1383	Creating stream 'Depth1' of type 'Depth'...
 4651211	[INFO]	XnProperty.cpp	74	Setting Device.ReadData to 1...
 4651242	[INFO]	XnDeviceSensorIO.cpp	298	Endpoints open
 4663608	[INFO]	XnProperty.cpp	151	Property Device.ReadData was changed to 1.
 4663648	[INFO]	XnProperty.cpp	101	Device.ReadData was successfully set.
 4663998	[INFO]	XnProperty.cpp	151	Property Depth1.Resolution was changed to 0.
 4664018	[INFO]	XnProperty.cpp	151	Property Depth1.XRes was changed to 320.
 4664035	[INFO]	XnProperty.cpp	151	Property Depth1.YRes was changed to 240.
 4664055	[INFO]	XnProperty.cpp	151	Property Depth1.FPS was changed to 30.
 4664074	[INFO]	XnProperty.cpp	151	Property Depth1.OutputFormat was changed to 1.
 4664093	[INFO]	XnProperty.cpp	151	Property Depth1.BytesPerPixel was changed to 2.
 4664109	[INFO]	XnProperty.cpp	151	Property Depth1.RequiredDataSize was changed to 153600.
 4664127	[INFO]	XnProperty.cpp	151	Property Depth1.ParamCoeff was changed to 4.
 4664192	[INFO]	XnProperty.cpp	151	Property Depth1.ShiftScale was changed to 10.
 4676632	[INFO]	XnProperty.cpp	151	Property Depth1.ConstShift was changed to 200.
 4676765	[INFO]	XnProperty.cpp	151	Property Depth1.ZPD was changed to 120.
 4676903	[INFO]	XnProperty.cpp	151	Property Depth1.ZPPS was changed to 0.104200.
 4676924	[INFO]	XnProperty.cpp	151	Property Depth1.LDDIS was changed to 7.500000.
 4677047	[INFO]	XnProperty.cpp	151	Property Depth1.Gain was changed to 30.
 4677088	[INFO]	XnDeviceBase.cpp	1458	Stream 'Depth1' was initialized.
 4677109	[INFO]	XnDeviceBase.cpp	1463	'Depth1' stream was created.
 4677276	[INFO]	XnProperty.cpp	74	Setting Depth1.InputFormat to 3...
 4677304	[INFO]	XnProperty.cpp	151	Property Depth1.InputFormat was changed to 3.
 4677323	[INFO]	XnProperty.cpp	101	Depth1.InputFormat was successfully set.
 4677815	[INFO]	XnProperty.cpp	74	Setting Depth1.RegistrationType to 2...
 4677838	[INFO]	XnProperty.cpp	151	Property Depth1.RegistrationType was changed to 2.
 4677857	[INFO]	XnProperty.cpp	101	Depth1.RegistrationType was successfully set.
 4678378	[INFO]	XnDeviceModule.cpp	431	Module 'Depth1' configuration was loaded from file.
 4678557	[INFO]	XnProperty.cpp	74	Setting Depth1.FPS to 30...
 4678579	[INFO]	XnProperty.cpp	86	Depth1.FPS value did not change.
 4678598	[INFO]	XnProperty.cpp	74	Setting Depth1.YRes to 480...
 4678620	[INFO]	XnProperty.cpp	151	Property Depth1.Resolution was changed to 1.
 4678638	[INFO]	XnProperty.cpp	151	Property Depth1.XRes was changed to 640.
 4678655	[INFO]	XnProperty.cpp	151	Property Depth1.RequiredDataSize was changed to 307200.
 4678676	[INFO]	XnProperty.cpp	151	Property Depth1.YRes was changed to 480.
 4678694	[INFO]	XnProperty.cpp	151	Property Depth1.RequiredDataSize was changed to 614400.
 4678715	[INFO]	XnProperty.cpp	101	Depth1.YRes was successfully set.
 4678735	[INFO]	XnProperty.cpp	74	Setting Depth1.XRes to 640...
 4678752	[INFO]	XnProperty.cpp	86	Depth1.XRes value did not change.
 4678809	[INFO]	XnProperty.cpp	74	Setting Depth1.Mirror to 1...
 4678830	[INFO]	XnProperty.cpp	151	Property Depth1.FirmwareMirror was changed to 1.
 4678882	[INFO]	XnProperty.cpp	151	Property Depth1.Mirror was changed to 1.
 4678914	[INFO]	XnProperty.cpp	101	Depth1.Mirror was successfully set.
 6959371	[INFO]	XnOpenNI.cpp	1261	Creating node 'User1' of type User...
 6984520	[WARNING]	Linux-x86Threads.cpp	173	Failed to set thread priority: Invalid argument
 6984569	[WARNING]	XnUSBLinux-x86.cpp	126	USB events thread: Failed to set thread priority to critical. This might cause loss of data...
 6985382	[INFO]	XnUSBLinux-x86.cpp	1222	USB read thread was started.
 6985411	[INFO]	XnProperty.cpp	151	Property Depth1.ActualReadData was changed to 1.
 7457632	[INFO]	XnProperty.cpp	151	Property Depth1.State was changed to 1.
 7457686	[INFO]	XnDeviceBase.cpp	370	Stream Depth1 is open.
 9064821	[INFO]	XnOpenNI.cpp	1261	Creating node 'Image1' of type Image...
 9064883	[INFO]	XnDeviceBase.cpp	1383	Creating stream 'Image1' of type 'Image'...
 9065123	[INFO]	XnProperty.cpp	151	Property Image1.Resolution was changed to 0.
 9065147	[INFO]	XnProperty.cpp	151	Property Image1.XRes was changed to 320.
 9065168	[INFO]	XnProperty.cpp	151	Property Image1.YRes was changed to 240.
 9065188	[INFO]	XnProperty.cpp	151	Property Image1.FPS was changed to 30.
 9065209	[INFO]	XnProperty.cpp	151	Property Image1.OutputFormat was changed to 5.
 9065228	[INFO]	XnProperty.cpp	151	Property Image1.BytesPerPixel was changed to 3.
 9065247	[INFO]	XnProperty.cpp	151	Property Image1.RequiredDataSize was changed to 230400.
 9065288	[INFO]	XnDeviceBase.cpp	1458	Stream 'Image1' was initialized.
 9065309	[INFO]	XnDeviceBase.cpp	1463	'Image1' stream was created.
 9065445	[INFO]	XnProperty.cpp	74	Setting Image1.InputFormat to 6...
 9065478	[INFO]	XnProperty.cpp	151	Property Image1.InputFormat was changed to 6.
 9065497	[INFO]	XnProperty.cpp	101	Image1.InputFormat was successfully set.
 9066114	[INFO]	XnDeviceModule.cpp	431	Module 'Image1' configuration was loaded from file.
 9066241	[INFO]	XnProperty.cpp	74	Setting Image1.FPS to 30...
 9066265	[INFO]	XnProperty.cpp	86	Image1.FPS value did not change.
 9066286	[INFO]	XnProperty.cpp	74	Setting Image1.YRes to 480...
 9066308	[INFO]	XnProperty.cpp	151	Property Image1.Resolution was changed to 1.
 9066328	[INFO]	XnProperty.cpp	151	Property Image1.XRes was changed to 640.
 9066348	[INFO]	XnProperty.cpp	151	Property Image1.RequiredDataSize was changed to 460800.
 9066372	[INFO]	XnProperty.cpp	151	Property Image1.YRes was changed to 480.
 9066393	[INFO]	XnProperty.cpp	151	Property Image1.RequiredDataSize was changed to 921600.
 9066414	[INFO]	XnProperty.cpp	101	Image1.YRes was successfully set.
 9066435	[INFO]	XnProperty.cpp	74	Setting Image1.XRes to 640...
 9066454	[INFO]	XnProperty.cpp	86	Image1.XRes value did not change.
 9067506	[INFO]	XnUSBLinux-x86.cpp	1222	USB read thread was started.
 9067542	[INFO]	XnProperty.cpp	151	Property Image1.ActualReadData was changed to 1.
 9257140	[WARNING]	XnDepthProcessor.cpp	133	Read: Depth buffer is corrupt. Size is 536480 (!= 614400)
 9257188	[WARNING]	XnFrameStreamProcessor.cpp	132	Depth frame is corrupt!
12161514	[WARNING]	XnDepthProcessor.cpp	133	Read: Depth buffer is corrupt. Size is 586704 (!= 614400)
12161562	[WARNING]	XnFrameStreamProcessor.cpp	132	Depth frame is corrupt!
12269235	[INFO]	XnProperty.cpp	151	Property Image1.State was changed to 1.
12269279	[INFO]	XnDeviceBase.cpp	370	Stream Image1 is open.
12269456	[INFO]	XnProperty.cpp	74	Setting Depth1.Registration to 1...
12325687	[WARNING]	XnDepthProcessor.cpp	133	Read: Depth buffer is corrupt. Size is 589968 (!= 614400)
12325724	[WARNING]	XnFrameStreamProcessor.cpp	132	Depth frame is corrupt!
12423106	[INFO]	XnProperty.cpp	151	Property Depth1.Registration was changed to 1.
12423149	[INFO]	XnProperty.cpp	101	Depth1.Registration was successfully set.
12423197	[INFO]	XnProperty.cpp	74	Setting Image1.Mirror to 1...
12435463	[INFO]	XnProperty.cpp	151	Property Image1.FirmwareMirror was changed to 1.
12435517	[INFO]	XnProperty.cpp	151	Property Image1.Mirror was changed to 1.
12435536	[INFO]	XnProperty.cpp	101	Image1.Mirror was successfully set.
45631836	[INFO]	XnOpenNI.cpp	1459	Destroying node 'User1'
45640705	[INFO]	XnOpenNI.cpp	1459	Destroying node 'Depth1'
45640812	[INFO]	XnDeviceBase.cpp	1507	Destroying stream 'Depth1'...
45642102	[INFO]	XnOpenNI.cpp	1459	Destroying node 'Image1'
45642145	[INFO]	XnDeviceBase.cpp	1507	Destroying stream 'Image1'...
45643019	[INFO]	XnOpenNI.cpp	1459	Destroying node 'Device1'
