    1482	[INFO]	XnLog.cpp	165	OpenNI version is 1.0.0 (Build 25)-MacOSX (Jan  7 2011 14:20:18)
    1529	[INFO]	XnLog.cpp	173	Log system initialized. Console: 1, File: 1, Severity: INFO, Masks: ALL
    1552	[INFO]	XnLog.cpp	173	Log system initialized. Console: 1, File: 1, Severity: INFO, Masks: ALL
    2758	[INFO]	XnUSBLinux-x86.cpp	98	USB is initialized.
 3637936	[INFO]	XnOpenNI.cpp	1261	Creating node 'Device1' of type Device...
 3638658	[INFO]	XnDeviceModule.cpp	431	Module 'Device' configuration was loaded from file.
 3976955	[INFO]	XnDeviceSensorIO.cpp	135	Connected to USB device
 3977010	[INFO]	XnProperty.cpp	151	Property Device.USBPath was changed to 045e/02ae@250/10.
 3984337	[INFO]	XnHostProtocol.cpp	825	Hardware versions: FW=5.1.4 (7) HW=4 Chip=2 Sensor=4 SYS=7
 5394868	[INFO]	XnProperty.cpp	151	Property Device.ID was changed to 0.
 5394954	[INFO]	XnSensor.cpp	182	Device sensor initialized
 5395089	[INFO]	XnOpenNI.cpp	1261	Creating node 'Depth1' of type Depth...
 5395149	[INFO]	XnDeviceBase.cpp	1383	Creating stream 'Depth1' of type 'Depth'...
 5395178	[INFO]	XnProperty.cpp	74	Setting Device.ReadData to 1...
 5395230	[INFO]	XnDeviceSensorIO.cpp	298	Endpoints open
 5407570	[INFO]	XnProperty.cpp	151	Property Device.ReadData was changed to 1.
 5407613	[INFO]	XnProperty.cpp	101	Device.ReadData was successfully set.
 5408040	[INFO]	XnProperty.cpp	151	Property Depth1.Resolution was changed to 0.
 5408068	[INFO]	XnProperty.cpp	151	Property Depth1.XRes was changed to 320.
 5408087	[INFO]	XnProperty.cpp	151	Property Depth1.YRes was changed to 240.
 5408105	[INFO]	XnProperty.cpp	151	Property Depth1.FPS was changed to 30.
 5408123	[INFO]	XnProperty.cpp	151	Property Depth1.OutputFormat was changed to 1.
 5408140	[INFO]	XnProperty.cpp	151	Property Depth1.BytesPerPixel was changed to 2.
 5408159	[INFO]	XnProperty.cpp	151	Property Depth1.RequiredDataSize was changed to 153600.
 5408184	[INFO]	XnProperty.cpp	151	Property Depth1.ParamCoeff was changed to 4.
 5408257	[INFO]	XnProperty.cpp	151	Property Depth1.ShiftScale was changed to 10.
 5420503	[INFO]	XnProperty.cpp	151	Property Depth1.ConstShift was changed to 200.
 5420601	[INFO]	XnProperty.cpp	151	Property Depth1.ZPD was changed to 120.
 5420702	[INFO]	XnProperty.cpp	151	Property Depth1.ZPPS was changed to 0.104200.
 5420727	[INFO]	XnProperty.cpp	151	Property Depth1.LDDIS was changed to 7.500000.
 5420844	[INFO]	XnProperty.cpp	151	Property Depth1.Gain was changed to 30.
 5420891	[INFO]	XnDeviceBase.cpp	1458	Stream 'Depth1' was initialized.
 5420913	[INFO]	XnDeviceBase.cpp	1463	'Depth1' stream was created.
 5421174	[INFO]	XnProperty.cpp	74	Setting Depth1.InputFormat to 3...
 5421207	[INFO]	XnProperty.cpp	151	Property Depth1.InputFormat was changed to 3.
 5421227	[INFO]	XnProperty.cpp	101	Depth1.InputFormat was successfully set.
 5421899	[INFO]	XnProperty.cpp	74	Setting Depth1.RegistrationType to 2...
 5421926	[INFO]	XnProperty.cpp	151	Property Depth1.RegistrationType was changed to 2.
 5421946	[INFO]	XnProperty.cpp	101	Depth1.RegistrationType was successfully set.
 5422635	[INFO]	XnDeviceModule.cpp	431	Module 'Depth1' configuration was loaded from file.
 5422840	[INFO]	XnProperty.cpp	74	Setting Depth1.FPS to 30...
 5422861	[INFO]	XnProperty.cpp	86	Depth1.FPS value did not change.
 5422880	[INFO]	XnProperty.cpp	74	Setting Depth1.YRes to 480...
 5422903	[INFO]	XnProperty.cpp	151	Property Depth1.Resolution was changed to 1.
 5422922	[INFO]	XnProperty.cpp	151	Property Depth1.XRes was changed to 640.
 5422940	[INFO]	XnProperty.cpp	151	Property Depth1.RequiredDataSize was changed to 307200.
 5422961	[INFO]	XnProperty.cpp	151	Property Depth1.YRes was changed to 480.
 5422978	[INFO]	XnProperty.cpp	151	Property Depth1.RequiredDataSize was changed to 614400.
 5422997	[INFO]	XnProperty.cpp	101	Depth1.YRes was successfully set.
 5423015	[INFO]	XnProperty.cpp	74	Setting Depth1.XRes to 640...
 5423030	[INFO]	XnProperty.cpp	86	Depth1.XRes value did not change.
 5423093	[INFO]	XnProperty.cpp	74	Setting Depth1.Mirror to 1...
 5423115	[INFO]	XnProperty.cpp	151	Property Depth1.FirmwareMirror was changed to 1.
 5423169	[INFO]	XnProperty.cpp	151	Property Depth1.Mirror was changed to 1.
 5423187	[INFO]	XnProperty.cpp	101	Depth1.Mirror was successfully set.
 7919188	[INFO]	XnOpenNI.cpp	1261	Creating node 'User1' of type User...
 7944376	[WARNING]	Linux-x86Threads.cpp	173	Failed to set thread priority: Invalid argument
 7944428	[WARNING]	XnUSBLinux-x86.cpp	126	USB events thread: Failed to set thread priority to critical. This might cause loss of data...
 7945301	[INFO]	XnUSBLinux-x86.cpp	1222	USB read thread was started.
 7945334	[INFO]	XnProperty.cpp	151	Property Depth1.ActualReadData was changed to 1.
 8416665	[INFO]	XnProperty.cpp	151	Property Depth1.State was changed to 1.
 8416707	[INFO]	XnDeviceBase.cpp	370	Stream Depth1 is open.
11634904	[INFO]	XnOpenNI.cpp	1261	Creating node 'Image1' of type Image...
11634960	[INFO]	XnDeviceBase.cpp	1383	Creating stream 'Image1' of type 'Image'...
11635209	[INFO]	XnProperty.cpp	151	Property Image1.Resolution was changed to 0.
11635237	[INFO]	XnProperty.cpp	151	Property Image1.XRes was changed to 320.
11635257	[INFO]	XnProperty.cpp	151	Property Image1.YRes was changed to 240.
11635274	[INFO]	XnProperty.cpp	151	Property Image1.FPS was changed to 30.
11635295	[INFO]	XnProperty.cpp	151	Property Image1.OutputFormat was changed to 5.
11635315	[INFO]	XnProperty.cpp	151	Property Image1.BytesPerPixel was changed to 3.
11635334	[INFO]	XnProperty.cpp	151	Property Image1.RequiredDataSize was changed to 230400.
11635374	[INFO]	XnDeviceBase.cpp	1458	Stream 'Image1' was initialized.
11635397	[INFO]	XnDeviceBase.cpp	1463	'Image1' stream was created.
11635534	[INFO]	XnProperty.cpp	74	Setting Image1.InputFormat to 6...
11635565	[INFO]	XnProperty.cpp	151	Property Image1.InputFormat was changed to 6.
11635585	[INFO]	XnProperty.cpp	101	Image1.InputFormat was successfully set.
11636497	[INFO]	XnDeviceModule.cpp	431	Module 'Image1' configuration was loaded from file.
11636625	[INFO]	XnProperty.cpp	74	Setting Image1.FPS to 30...
11636647	[INFO]	XnProperty.cpp	86	Image1.FPS value did not change.
11636666	[INFO]	XnProperty.cpp	74	Setting Image1.YRes to 480...
11636687	[INFO]	XnProperty.cpp	151	Property Image1.Resolution was changed to 1.
11636707	[INFO]	XnProperty.cpp	151	Property Image1.XRes was changed to 640.
11636726	[INFO]	XnProperty.cpp	151	Property Image1.RequiredDataSize was changed to 460800.
11636748	[INFO]	XnProperty.cpp	151	Property Image1.YRes was changed to 480.
11636766	[INFO]	XnProperty.cpp	151	Property Image1.RequiredDataSize was changed to 921600.
11636786	[INFO]	XnProperty.cpp	101	Image1.YRes was successfully set.
11636805	[INFO]	XnProperty.cpp	74	Setting Image1.XRes to 640...
11636822	[INFO]	XnProperty.cpp	86	Image1.XRes value did not change.
11637788	[INFO]	XnUSBLinux-x86.cpp	1222	USB read thread was started.
11637827	[INFO]	XnProperty.cpp	151	Property Image1.ActualReadData was changed to 1.
11717742	[WARNING]	XnDepthProcessor.cpp	133	Read: Depth buffer is corrupt. Size is 592304 (!= 614400)
11717790	[WARNING]	XnFrameStreamProcessor.cpp	132	Depth frame is corrupt!
11817750	[WARNING]	XnDepthProcessor.cpp	133	Read: Depth buffer is corrupt. Size is 548320 (!= 614400)
11817797	[WARNING]	XnFrameStreamProcessor.cpp	132	Depth frame is corrupt!
11849767	[WARNING]	XnDepthProcessor.cpp	133	Read: Depth buffer is corrupt. Size is 589648 (!= 614400)
11849814	[WARNING]	XnFrameStreamProcessor.cpp	132	Depth frame is corrupt!
14722244	[WARNING]	XnDepthProcessor.cpp	133	Read: Depth buffer is corrupt. Size is 588256 (!= 614400)
14722299	[WARNING]	XnFrameStreamProcessor.cpp	132	Depth frame is corrupt!
14838418	[INFO]	XnProperty.cpp	151	Property Image1.State was changed to 1.
14838461	[INFO]	XnDeviceBase.cpp	370	Stream Image1 is open.
14838662	[INFO]	XnProperty.cpp	74	Setting Depth1.Registration to 1...
14854240	[WARNING]	XnDepthProcessor.cpp	133	Read: Depth buffer is corrupt. Size is 592176 (!= 614400)
14854291	[WARNING]	XnFrameStreamProcessor.cpp	132	Depth frame is corrupt!
14886317	[WARNING]	XnDepthProcessor.cpp	133	Read: Depth buffer is corrupt. Size is 592080 (!= 614400)
14886390	[WARNING]	XnFrameStreamProcessor.cpp	132	Depth frame is corrupt!
14991704	[INFO]	XnProperty.cpp	151	Property Depth1.Registration was changed to 1.
14991750	[INFO]	XnProperty.cpp	101	Depth1.Registration was successfully set.
14991805	[INFO]	XnProperty.cpp	74	Setting Image1.Mirror to 1...
15004222	[INFO]	XnProperty.cpp	151	Property Image1.FirmwareMirror was changed to 1.
15004277	[INFO]	XnProperty.cpp	151	Property Image1.Mirror was changed to 1.
15004296	[INFO]	XnProperty.cpp	101	Image1.Mirror was successfully set.
36132191	[INFO]	XnOpenNI.cpp	1459	Destroying node 'User1'
36139607	[INFO]	XnOpenNI.cpp	1459	Destroying node 'Depth1'
36139704	[INFO]	XnDeviceBase.cpp	1507	Destroying stream 'Depth1'...
36140974	[INFO]	XnOpenNI.cpp	1459	Destroying node 'Image1'
36141036	[INFO]	XnDeviceBase.cpp	1507	Destroying stream 'Image1'...
36141982	[INFO]	XnOpenNI.cpp	1459	Destroying node 'Device1'
