    1552	[INFO]	XnLog.cpp	165	OpenNI version is 1.0.0 (Build 25)-MacOSX (Jan  7 2011 14:20:18)
    1598	[INFO]	XnLog.cpp	173	Log system initialized. Console: 1, File: 1, Severity: INFO, Masks: ALL
    1621	[INFO]	XnLog.cpp	173	Log system initialized. Console: 1, File: 1, Severity: INFO, Masks: ALL
    2965	[INFO]	XnUSBLinux-x86.cpp	98	USB is initialized.
 2908053	[INFO]	XnOpenNI.cpp	1261	Creating node 'Device1' of type Device...
 2908843	[INFO]	XnDeviceModule.cpp	431	Module 'Device' configuration was loaded from file.
 3238902	[INFO]	XnDeviceSensorIO.cpp	135	Connected to USB device
 3238958	[INFO]	XnProperty.cpp	151	Property Device.USBPath was changed to 045e/02ae@250/10.
 3248019	[INFO]	XnHostProtocol.cpp	825	Hardware versions: FW=5.1.4 (7) HW=4 Chip=2 Sensor=4 SYS=7
 4655437	[INFO]	XnProperty.cpp	151	Property Device.ID was changed to 0.
 4655499	[INFO]	XnSensor.cpp	182	Device sensor initialized
 4655609	[INFO]	XnOpenNI.cpp	1261	Creating node 'Depth1' of type Depth...
 4655663	[INFO]	XnDeviceBase.cpp	1383	Creating stream 'Depth1' of type 'Depth'...
 4655691	[INFO]	XnProperty.cpp	74	Setting Device.ReadData to 1...
 4655733	[INFO]	XnDeviceSensorIO.cpp	298	Endpoints open
 4668095	[INFO]	XnProperty.cpp	151	Property Device.ReadData was changed to 1.
 4668170	[INFO]	XnProperty.cpp	101	Device.ReadData was successfully set.
 4668563	[INFO]	XnProperty.cpp	151	Property Depth1.Resolution was changed to 0.
 4668582	[INFO]	XnProperty.cpp	151	Property Depth1.XRes was changed to 320.
 4668596	[INFO]	XnProperty.cpp	151	Property Depth1.YRes was changed to 240.
 4668608	[INFO]	XnProperty.cpp	151	Property Depth1.FPS was changed to 30.
 4668620	[INFO]	XnProperty.cpp	151	Property Depth1.OutputFormat was changed to 1.
 4668632	[INFO]	XnProperty.cpp	151	Property Depth1.BytesPerPixel was changed to 2.
 4668645	[INFO]	XnProperty.cpp	151	Property Depth1.RequiredDataSize was changed to 153600.
 4668661	[INFO]	XnProperty.cpp	151	Property Depth1.ParamCoeff was changed to 4.
 4668720	[INFO]	XnProperty.cpp	151	Property Depth1.ShiftScale was changed to 10.
 4681126	[INFO]	XnProperty.cpp	151	Property Depth1.ConstShift was changed to 200.
 4681235	[INFO]	XnProperty.cpp	151	Property Depth1.ZPD was changed to 120.
 4681364	[INFO]	XnProperty.cpp	151	Property Depth1.ZPPS was changed to 0.104200.
 4681390	[INFO]	XnProperty.cpp	151	Property Depth1.LDDIS was changed to 7.500000.
 4681516	[INFO]	XnProperty.cpp	151	Property Depth1.Gain was changed to 30.
 4681565	[INFO]	XnDeviceBase.cpp	1458	Stream 'Depth1' was initialized.
 4681589	[INFO]	XnDeviceBase.cpp	1463	'Depth1' stream was created.
 4681819	[INFO]	XnProperty.cpp	74	Setting Depth1.InputFormat to 3...
 4681852	[INFO]	XnProperty.cpp	151	Property Depth1.InputFormat was changed to 3.
 4681874	[INFO]	XnProperty.cpp	101	Depth1.InputFormat was successfully set.
 4682560	[INFO]	XnProperty.cpp	74	Setting Depth1.RegistrationType to 2...
 4682589	[INFO]	XnProperty.cpp	151	Property Depth1.RegistrationType was changed to 2.
 4682609	[INFO]	XnProperty.cpp	101	Depth1.RegistrationType was successfully set.
 4684172	[INFO]	XnDeviceModule.cpp	431	Module 'Depth1' configuration was loaded from file.
 4684410	[INFO]	XnProperty.cpp	74	Setting Depth1.FPS to 30...
 4684437	[INFO]	XnProperty.cpp	86	Depth1.FPS value did not change.
 4684458	[INFO]	XnProperty.cpp	74	Setting Depth1.YRes to 480...
 4684483	[INFO]	XnProperty.cpp	151	Property Depth1.Resolution was changed to 1.
 4684507	[INFO]	XnProperty.cpp	151	Property Depth1.XRes was changed to 640.
 4684530	[INFO]	XnProperty.cpp	151	Property Depth1.RequiredDataSize was changed to 307200.
 4684555	[INFO]	XnProperty.cpp	151	Property Depth1.YRes was changed to 480.
 4684577	[INFO]	XnProperty.cpp	151	Property Depth1.RequiredDataSize was changed to 614400.
 4684600	[INFO]	XnProperty.cpp	101	Depth1.YRes was successfully set.
 4684622	[INFO]	XnProperty.cpp	74	Setting Depth1.XRes to 640...
 4684640	[INFO]	XnProperty.cpp	86	Depth1.XRes value did not change.
 4684705	[INFO]	XnProperty.cpp	74	Setting Depth1.Mirror to 1...
 4684732	[INFO]	XnProperty.cpp	151	Property Depth1.FirmwareMirror was changed to 1.
 4684796	[INFO]	XnProperty.cpp	151	Property Depth1.Mirror was changed to 1.
 4684818	[INFO]	XnProperty.cpp	101	Depth1.Mirror was successfully set.
 7183932	[INFO]	XnOpenNI.cpp	1261	Creating node 'User1' of type User...
 7210474	[WARNING]	Linux-x86Threads.cpp	173	Failed to set thread priority: Invalid argument
 7210521	[WARNING]	XnUSBLinux-x86.cpp	126	USB events thread: Failed to set thread priority to critical. This might cause loss of data...
 7211316	[INFO]	XnUSBLinux-x86.cpp	1222	USB read thread was started.
 7211341	[INFO]	XnProperty.cpp	151	Property Depth1.ActualReadData was changed to 1.
 7682740	[INFO]	XnProperty.cpp	151	Property Depth1.State was changed to 1.
 7682779	[INFO]	XnDeviceBase.cpp	370	Stream Depth1 is open.
10691828	[INFO]	XnOpenNI.cpp	1261	Creating node 'Image1' of type Image...
10691888	[INFO]	XnDeviceBase.cpp	1383	Creating stream 'Image1' of type 'Image'...
10692117	[INFO]	XnProperty.cpp	151	Property Image1.Resolution was changed to 0.
10692142	[INFO]	XnProperty.cpp	151	Property Image1.XRes was changed to 320.
10692159	[INFO]	XnProperty.cpp	151	Property Image1.YRes was changed to 240.
10692177	[INFO]	XnProperty.cpp	151	Property Image1.FPS was changed to 30.
10692193	[INFO]	XnProperty.cpp	151	Property Image1.OutputFormat was changed to 5.
10692210	[INFO]	XnProperty.cpp	151	Property Image1.BytesPerPixel was changed to 3.
10692228	[INFO]	XnProperty.cpp	151	Property Image1.RequiredDataSize was changed to 230400.
10692264	[INFO]	XnDeviceBase.cpp	1458	Stream 'Image1' was initialized.
10692280	[INFO]	XnDeviceBase.cpp	1463	'Image1' stream was created.
10692380	[INFO]	XnProperty.cpp	74	Setting Image1.InputFormat to 6...
10692408	[INFO]	XnProperty.cpp	151	Property Image1.InputFormat was changed to 6.
10692427	[INFO]	XnProperty.cpp	101	Image1.InputFormat was successfully set.
10692977	[INFO]	XnDeviceModule.cpp	431	Module 'Image1' configuration was loaded from file.
10693058	[INFO]	XnProperty.cpp	74	Setting Image1.FPS to 30...
10693074	[INFO]	XnProperty.cpp	86	Image1.FPS value did not change.
10693086	[INFO]	XnProperty.cpp	74	Setting Image1.YRes to 480...
10693099	[INFO]	XnProperty.cpp	151	Property Image1.Resolution was changed to 1.
10693112	[INFO]	XnProperty.cpp	151	Property Image1.XRes was changed to 640.
10693124	[INFO]	XnProperty.cpp	151	Property Image1.RequiredDataSize was changed to 460800.
10693138	[INFO]	XnProperty.cpp	151	Property Image1.YRes was changed to 480.
10693150	[INFO]	XnProperty.cpp	151	Property Image1.RequiredDataSize was changed to 921600.
10693163	[INFO]	XnProperty.cpp	101	Image1.YRes was successfully set.
10693176	[INFO]	XnProperty.cpp	74	Setting Image1.XRes to 640...
10693187	[INFO]	XnProperty.cpp	86	Image1.XRes value did not change.
10694083	[INFO]	XnUSBLinux-x86.cpp	1222	USB read thread was started.
10694122	[INFO]	XnProperty.cpp	151	Property Image1.ActualReadData was changed to 1.
10751469	[WARNING]	XnDepthProcessor.cpp	133	Read: Depth buffer is corrupt. Size is 595504 (!= 614400)
10751519	[WARNING]	XnFrameStreamProcessor.cpp	132	Depth frame is corrupt!
10883548	[WARNING]	XnDepthProcessor.cpp	133	Read: Depth buffer is corrupt. Size is 536720 (!= 614400)
10883596	[WARNING]	XnFrameStreamProcessor.cpp	132	Depth frame is corrupt!
13788304	[WARNING]	XnDepthProcessor.cpp	133	Read: Depth buffer is corrupt. Size is 597792 (!= 614400)
13788348	[WARNING]	XnFrameStreamProcessor.cpp	132	Depth frame is corrupt!
13896070	[INFO]	XnProperty.cpp	151	Property Image1.State was changed to 1.
13896122	[INFO]	XnDeviceBase.cpp	370	Stream Image1 is open.
13896317	[INFO]	XnProperty.cpp	74	Setting Depth1.Registration to 1...
13920018	[WARNING]	XnDepthProcessor.cpp	133	Read: Depth buffer is corrupt. Size is 588224 (!= 614400)
13920067	[WARNING]	XnFrameStreamProcessor.cpp	132	Depth frame is corrupt!
14050050	[INFO]	XnProperty.cpp	151	Property Depth1.Registration was changed to 1.
14050105	[INFO]	XnProperty.cpp	101	Depth1.Registration was successfully set.
14050165	[INFO]	XnProperty.cpp	74	Setting Image1.Mirror to 1...
14062257	[INFO]	XnProperty.cpp	151	Property Image1.FirmwareMirror was changed to 1.
14062337	[INFO]	XnProperty.cpp	151	Property Image1.Mirror was changed to 1.
14062350	[INFO]	XnProperty.cpp	101	Image1.Mirror was successfully set.
30858517	[INFO]	XnOpenNI.cpp	1459	Destroying node 'User1'
30866722	[INFO]	XnOpenNI.cpp	1459	Destroying node 'Depth1'
30866833	[INFO]	XnDeviceBase.cpp	1507	Destroying stream 'Depth1'...
30868673	[INFO]	XnOpenNI.cpp	1459	Destroying node 'Image1'
30868741	[INFO]	XnDeviceBase.cpp	1507	Destroying stream 'Image1'...
30869812	[INFO]	XnOpenNI.cpp	1459	Destroying node 'Device1'
