   53720	[INFO]	XnLog.cpp	165	OpenNI version is 1.0.0 (Build 25)-MacOSX (Jan  7 2011 14:20:18)
   53789	[INFO]	XnLog.cpp	173	Log system initialized. Console: 1, File: 1, Severity: INFO, Masks: ALL
   53822	[INFO]	XnLog.cpp	173	Log system initialized. Console: 1, File: 1, Severity: INFO, Masks: ALL
   55471	[INFO]	XnUSBLinux-x86.cpp	98	USB is initialized.
 4221149	[INFO]	XnOpenNI.cpp	1261	Creating node 'Device1' of type Device...
 4298746	[INFO]	XnDeviceModule.cpp	431	Module 'Device' configuration was loaded from file.
 4631749	[INFO]	XnDeviceSensorIO.cpp	135	Connected to USB device
 4631798	[INFO]	XnProperty.cpp	151	Property Device.USBPath was changed to 045e/02ae@250/10.
 4640311	[INFO]	XnHostProtocol.cpp	825	Hardware versions: FW=5.1.4 (7) HW=4 Chip=2 Sensor=4 SYS=7
 6036869	[INFO]	XnProperty.cpp	151	Property Device.ID was changed to 0.
 6036931	[INFO]	XnSensor.cpp	182	Device sensor initialized
 6037008	[INFO]	XnOpenNI.cpp	1261	Creating node 'Depth1' of type Depth...
 6037044	[INFO]	XnDeviceBase.cpp	1383	Creating stream 'Depth1' of type 'Depth'...
 6037061	[INFO]	XnProperty.cpp	74	Setting Device.ReadData to 1...
 6037091	[INFO]	XnDeviceSensorIO.cpp	298	Endpoints open
 6049480	[INFO]	XnProperty.cpp	151	Property Device.ReadData was changed to 1.
 6049527	[INFO]	XnProperty.cpp	101	Device.ReadData was successfully set.
 6049944	[INFO]	XnProperty.cpp	151	Property Depth1.Resolution was changed to 0.
 6049972	[INFO]	XnProperty.cpp	151	Property Depth1.XRes was changed to 320.
 6049991	[INFO]	XnProperty.cpp	151	Property Depth1.YRes was changed to 240.
 6050010	[INFO]	XnProperty.cpp	151	Property Depth1.FPS was changed to 30.
 6050027	[INFO]	XnProperty.cpp	151	Property Depth1.OutputFormat was changed to 1.
 6050047	[INFO]	XnProperty.cpp	151	Property Depth1.BytesPerPixel was changed to 2.
 6050066	[INFO]	XnProperty.cpp	151	Property Depth1.RequiredDataSize was changed to 153600.
 6050088	[INFO]	XnProperty.cpp	151	Property Depth1.ParamCoeff was changed to 4.
 6050165	[INFO]	XnProperty.cpp	151	Property Depth1.ShiftScale was changed to 10.
 6062578	[INFO]	XnProperty.cpp	151	Property Depth1.ConstShift was changed to 200.
 6062748	[INFO]	XnProperty.cpp	151	Property Depth1.ZPD was changed to 120.
 6062846	[INFO]	XnProperty.cpp	151	Property Depth1.ZPPS was changed to 0.104200.
 6062860	[INFO]	XnProperty.cpp	151	Property Depth1.LDDIS was changed to 7.500000.
 6062954	[INFO]	XnProperty.cpp	151	Property Depth1.Gain was changed to 30.
 6062985	[INFO]	XnDeviceBase.cpp	1458	Stream 'Depth1' was initialized.
 6062999	[INFO]	XnDeviceBase.cpp	1463	'Depth1' stream was created.
 6063162	[INFO]	XnProperty.cpp	74	Setting Depth1.InputFormat to 3...
 6063184	[INFO]	XnProperty.cpp	151	Property Depth1.InputFormat was changed to 3.
 6063197	[INFO]	XnProperty.cpp	101	Depth1.InputFormat was successfully set.
 6063629	[INFO]	XnProperty.cpp	74	Setting Depth1.RegistrationType to 2...
 6063648	[INFO]	XnProperty.cpp	151	Property Depth1.RegistrationType was changed to 2.
 6063659	[INFO]	XnProperty.cpp	101	Depth1.RegistrationType was successfully set.
 6064115	[INFO]	XnDeviceModule.cpp	431	Module 'Depth1' configuration was loaded from file.
 6064313	[INFO]	XnProperty.cpp	74	Setting Depth1.FPS to 30...
 6064331	[INFO]	XnProperty.cpp	86	Depth1.FPS value did not change.
 6064343	[INFO]	XnProperty.cpp	74	Setting Depth1.YRes to 480...
 6064357	[INFO]	XnProperty.cpp	151	Property Depth1.Resolution was changed to 1.
 6064370	[INFO]	XnProperty.cpp	151	Property Depth1.XRes was changed to 640.
 6064383	[INFO]	XnProperty.cpp	151	Property Depth1.RequiredDataSize was changed to 307200.
 6064397	[INFO]	XnProperty.cpp	151	Property Depth1.YRes was changed to 480.
 6064409	[INFO]	XnProperty.cpp	151	Property Depth1.RequiredDataSize was changed to 614400.
 6064423	[INFO]	XnProperty.cpp	101	Depth1.YRes was successfully set.
 6064435	[INFO]	XnProperty.cpp	74	Setting Depth1.XRes to 640...
 6064446	[INFO]	XnProperty.cpp	86	Depth1.XRes value did not change.
 6064489	[INFO]	XnProperty.cpp	74	Setting Depth1.Mirror to 1...
 6064504	[INFO]	XnProperty.cpp	151	Property Depth1.FirmwareMirror was changed to 1.
 6066097	[INFO]	XnProperty.cpp	151	Property Depth1.Mirror was changed to 1.
 6066118	[INFO]	XnProperty.cpp	101	Depth1.Mirror was successfully set.
 8569255	[INFO]	XnOpenNI.cpp	1261	Creating node 'User1' of type User...
 8885065	[WARNING]	Linux-x86Threads.cpp	173	Failed to set thread priority: Invalid argument
 8885109	[WARNING]	XnUSBLinux-x86.cpp	126	USB events thread: Failed to set thread priority to critical. This might cause loss of data...
 8885889	[INFO]	XnUSBLinux-x86.cpp	1222	USB read thread was started.
 8885928	[INFO]	XnProperty.cpp	151	Property Depth1.ActualReadData was changed to 1.
 9356859	[INFO]	XnProperty.cpp	151	Property Depth1.State was changed to 1.
 9356907	[INFO]	XnDeviceBase.cpp	370	Stream Depth1 is open.
11829254	[INFO]	XnOpenNI.cpp	1261	Creating node 'Image1' of type Image...
11829303	[INFO]	XnDeviceBase.cpp	1383	Creating stream 'Image1' of type 'Image'...
11829508	[INFO]	XnProperty.cpp	151	Property Image1.Resolution was changed to 0.
11829535	[INFO]	XnProperty.cpp	151	Property Image1.XRes was changed to 320.
11829554	[INFO]	XnProperty.cpp	151	Property Image1.YRes was changed to 240.
11829573	[INFO]	XnProperty.cpp	151	Property Image1.FPS was changed to 30.
11829588	[INFO]	XnProperty.cpp	151	Property Image1.OutputFormat was changed to 5.
11829604	[INFO]	XnProperty.cpp	151	Property Image1.BytesPerPixel was changed to 3.
11829622	[INFO]	XnProperty.cpp	151	Property Image1.RequiredDataSize was changed to 230400.
11829662	[INFO]	XnDeviceBase.cpp	1458	Stream 'Image1' was initialized.
11829684	[INFO]	XnDeviceBase.cpp	1463	'Image1' stream was created.
11829826	[INFO]	XnProperty.cpp	74	Setting Image1.InputFormat to 6...
11829857	[INFO]	XnProperty.cpp	151	Property Image1.InputFormat was changed to 6.
11829877	[INFO]	XnProperty.cpp	101	Image1.InputFormat was successfully set.
11830485	[INFO]	XnDeviceModule.cpp	431	Module 'Image1' configuration was loaded from file.
11830610	[INFO]	XnProperty.cpp	74	Setting Image1.FPS to 30...
11830633	[INFO]	XnProperty.cpp	86	Image1.FPS value did not change.
11830653	[INFO]	XnProperty.cpp	74	Setting Image1.YRes to 480...
11830672	[INFO]	XnProperty.cpp	151	Property Image1.Resolution was changed to 1.
11830691	[INFO]	XnProperty.cpp	151	Property Image1.XRes was changed to 640.
11830708	[INFO]	XnProperty.cpp	151	Property Image1.RequiredDataSize was changed to 460800.
11830728	[INFO]	XnProperty.cpp	151	Property Image1.YRes was changed to 480.
11830746	[INFO]	XnProperty.cpp	151	Property Image1.RequiredDataSize was changed to 921600.
11830766	[INFO]	XnProperty.cpp	101	Image1.YRes was successfully set.
11830785	[INFO]	XnProperty.cpp	74	Setting Image1.XRes to 640...
11830813	[INFO]	XnProperty.cpp	86	Image1.XRes value did not change.
11831932	[INFO]	XnUSBLinux-x86.cpp	1222	USB read thread was started.
11831989	[INFO]	XnProperty.cpp	151	Property Image1.ActualReadData was changed to 1.
11889950	[WARNING]	XnDepthProcessor.cpp	133	Read: Depth buffer is corrupt. Size is 583968 (!= 614400)
11889993	[WARNING]	XnFrameStreamProcessor.cpp	132	Depth frame is corrupt!
11993927	[WARNING]	XnDepthProcessor.cpp	133	Read: Depth buffer is corrupt. Size is 610624 (!= 614400)
11993974	[WARNING]	XnFrameStreamProcessor.cpp	132	Depth frame is corrupt!
12057915	[WARNING]	XnDepthProcessor.cpp	133	Read: Depth buffer is corrupt. Size is 0 (!= 614400)
14925999	[WARNING]	XnDepthProcessor.cpp	133	Read: Depth buffer is corrupt. Size is 599152 (!= 614400)
14926045	[WARNING]	XnFrameStreamProcessor.cpp	132	Depth frame is corrupt!
15032532	[INFO]	XnProperty.cpp	151	Property Image1.State was changed to 1.
15032575	[INFO]	XnDeviceBase.cpp	370	Stream Image1 is open.
15032766	[INFO]	XnProperty.cpp	74	Setting Depth1.Registration to 1...
15057997	[WARNING]	XnDepthProcessor.cpp	133	Read: Depth buffer is corrupt. Size is 600016 (!= 614400)
15058048	[WARNING]	XnFrameStreamProcessor.cpp	132	Depth frame is corrupt!
15184368	[INFO]	XnProperty.cpp	151	Property Depth1.Registration was changed to 1.
15184418	[INFO]	XnProperty.cpp	101	Depth1.Registration was successfully set.
15184473	[INFO]	XnProperty.cpp	74	Setting Image1.Mirror to 1...
15197210	[INFO]	XnProperty.cpp	151	Property Image1.FirmwareMirror was changed to 1.
15197253	[INFO]	XnProperty.cpp	151	Property Image1.Mirror was changed to 1.
15197266	[INFO]	XnProperty.cpp	101	Image1.Mirror was successfully set.
