    1939	[INFO]	XnLog.cpp	165	OpenNI version is 1.0.0 (Build 25)-MacOSX (Jan  7 2011 14:20:18)
    1994	[INFO]	XnLog.cpp	173	Log system initialized. Console: 1, File: 1, Severity: INFO, Masks: ALL
    2031	[INFO]	XnLog.cpp	173	Log system initialized. Console: 1, File: 1, Severity: INFO, Masks: ALL
    3681	[INFO]	XnUSBLinux-x86.cpp	98	USB is initialized.
 2916981	[INFO]	XnOpenNI.cpp	1261	Creating node 'Device1' of type Device...
 2918382	[INFO]	XnDeviceModule.cpp	431	Module 'Device' configuration was loaded from file.
 3247953	[INFO]	XnDeviceSensorIO.cpp	135	Connected to USB device
 3248010	[INFO]	XnProperty.cpp	151	Property Device.USBPath was changed to 045e/02ae@250/10.
 3256027	[INFO]	XnHostProtocol.cpp	825	Hardware versions: FW=5.1.4 (7) HW=4 Chip=2 Sensor=4 SYS=7
 4665567	[INFO]	XnProperty.cpp	151	Property Device.ID was changed to 0.
 4665649	[INFO]	XnSensor.cpp	182	Device sensor initialized
 4665733	[INFO]	XnOpenNI.cpp	1261	Creating node 'Depth1' of type Depth...
 4665772	[INFO]	XnDeviceBase.cpp	1383	Creating stream 'Depth1' of type 'Depth'...
 4665789	[INFO]	XnProperty.cpp	74	Setting Device.ReadData to 1...
 4665827	[INFO]	XnDeviceSensorIO.cpp	298	Endpoints open
 4678116	[INFO]	XnProperty.cpp	151	Property Device.ReadData was changed to 1.
 4678173	[INFO]	XnProperty.cpp	101	Device.ReadData was successfully set.
 4678499	[INFO]	XnProperty.cpp	151	Property Depth1.Resolution was changed to 0.
 4678519	[INFO]	XnProperty.cpp	151	Property Depth1.XRes was changed to 320.
 4678532	[INFO]	XnProperty.cpp	151	Property Depth1.YRes was changed to 240.
 4678544	[INFO]	XnProperty.cpp	151	Property Depth1.FPS was changed to 30.
 4678555	[INFO]	XnProperty.cpp	151	Property Depth1.OutputFormat was changed to 1.
 4678567	[INFO]	XnProperty.cpp	151	Property Depth1.BytesPerPixel was changed to 2.
 4678579	[INFO]	XnProperty.cpp	151	Property Depth1.RequiredDataSize was changed to 153600.
 4678595	[INFO]	XnProperty.cpp	151	Property Depth1.ParamCoeff was changed to 4.
 4678654	[INFO]	XnProperty.cpp	151	Property Depth1.ShiftScale was changed to 10.
 4691053	[INFO]	XnProperty.cpp	151	Property Depth1.ConstShift was changed to 200.
 4691156	[INFO]	XnProperty.cpp	151	Property Depth1.ZPD was changed to 120.
 4691262	[INFO]	XnProperty.cpp	151	Property Depth1.ZPPS was changed to 0.104200.
 4691287	[INFO]	XnProperty.cpp	151	Property Depth1.LDDIS was changed to 7.500000.
 4691403	[INFO]	XnProperty.cpp	151	Property Depth1.Gain was changed to 30.
 4691452	[INFO]	XnDeviceBase.cpp	1458	Stream 'Depth1' was initialized.
 4691474	[INFO]	XnDeviceBase.cpp	1463	'Depth1' stream was created.
 4691683	[INFO]	XnProperty.cpp	74	Setting Depth1.InputFormat to 3...
 4691714	[INFO]	XnProperty.cpp	151	Property Depth1.InputFormat was changed to 3.
 4691735	[INFO]	XnProperty.cpp	101	Depth1.InputFormat was successfully set.
 4692397	[INFO]	XnProperty.cpp	74	Setting Depth1.RegistrationType to 2...
 4692425	[INFO]	XnProperty.cpp	151	Property Depth1.RegistrationType was changed to 2.
 4692448	[INFO]	XnProperty.cpp	101	Depth1.RegistrationType was successfully set.
 4693174	[INFO]	XnDeviceModule.cpp	431	Module 'Depth1' configuration was loaded from file.
 4693435	[INFO]	XnProperty.cpp	74	Setting Depth1.FPS to 30...
 4693459	[INFO]	XnProperty.cpp	86	Depth1.FPS value did not change.
 4693483	[INFO]	XnProperty.cpp	74	Setting Depth1.YRes to 480...
 4693507	[INFO]	XnProperty.cpp	151	Property Depth1.Resolution was changed to 1.
 4693530	[INFO]	XnProperty.cpp	151	Property Depth1.XRes was changed to 640.
 4693553	[INFO]	XnProperty.cpp	151	Property Depth1.RequiredDataSize was changed to 307200.
 4693579	[INFO]	XnProperty.cpp	151	Property Depth1.YRes was changed to 480.
 4693600	[INFO]	XnProperty.cpp	151	Property Depth1.RequiredDataSize was changed to 614400.
 4693624	[INFO]	XnProperty.cpp	101	Depth1.YRes was successfully set.
 4693646	[INFO]	XnProperty.cpp	74	Setting Depth1.XRes to 640...
 4693666	[INFO]	XnProperty.cpp	86	Depth1.XRes value did not change.
 4693729	[INFO]	XnProperty.cpp	74	Setting Depth1.Mirror to 1...
 4693756	[INFO]	XnProperty.cpp	151	Property Depth1.FirmwareMirror was changed to 1.
 4693815	[INFO]	XnProperty.cpp	151	Property Depth1.Mirror was changed to 1.
 4693837	[INFO]	XnProperty.cpp	101	Depth1.Mirror was successfully set.
 7196332	[INFO]	XnOpenNI.cpp	1261	Creating node 'User1' of type User...
 7220011	[WARNING]	Linux-x86Threads.cpp	173	Failed to set thread priority: Invalid argument
 7220060	[WARNING]	XnUSBLinux-x86.cpp	126	USB events thread: Failed to set thread priority to critical. This might cause loss of data...
 7220995	[INFO]	XnUSBLinux-x86.cpp	1222	USB read thread was started.
 7221035	[INFO]	XnProperty.cpp	151	Property Depth1.ActualReadData was changed to 1.
 7692536	[INFO]	XnProperty.cpp	151	Property Depth1.State was changed to 1.
 7692582	[INFO]	XnDeviceBase.cpp	370	Stream Depth1 is open.
10911441	[INFO]	XnOpenNI.cpp	1261	Creating node 'Image1' of type Image...
10911502	[INFO]	XnDeviceBase.cpp	1383	Creating stream 'Image1' of type 'Image'...
10911725	[INFO]	XnProperty.cpp	151	Property Image1.Resolution was changed to 0.
10911749	[INFO]	XnProperty.cpp	151	Property Image1.XRes was changed to 320.
10911770	[INFO]	XnProperty.cpp	151	Property Image1.YRes was changed to 240.
10911791	[INFO]	XnProperty.cpp	151	Property Image1.FPS was changed to 30.
10911810	[INFO]	XnProperty.cpp	151	Property Image1.OutputFormat was changed to 5.
10911828	[INFO]	XnProperty.cpp	151	Property Image1.BytesPerPixel was changed to 3.
10911846	[INFO]	XnProperty.cpp	151	Property Image1.RequiredDataSize was changed to 230400.
10911886	[INFO]	XnDeviceBase.cpp	1458	Stream 'Image1' was initialized.
10911906	[INFO]	XnDeviceBase.cpp	1463	'Image1' stream was created.
10912030	[INFO]	XnProperty.cpp	74	Setting Image1.InputFormat to 6...
10912057	[INFO]	XnProperty.cpp	151	Property Image1.InputFormat was changed to 6.
10912075	[INFO]	XnProperty.cpp	101	Image1.InputFormat was successfully set.
10912511	[INFO]	XnDeviceModule.cpp	431	Module 'Image1' configuration was loaded from file.
10912606	[INFO]	XnProperty.cpp	74	Setting Image1.FPS to 30...
10912625	[INFO]	XnProperty.cpp	86	Image1.FPS value did not change.
10912643	[INFO]	XnProperty.cpp	74	Setting Image1.YRes to 480...
10912661	[INFO]	XnProperty.cpp	151	Property Image1.Resolution was changed to 1.
10912678	[INFO]	XnProperty.cpp	151	Property Image1.XRes was changed to 640.
10912694	[INFO]	XnProperty.cpp	151	Property Image1.RequiredDataSize was changed to 460800.
10912713	[INFO]	XnProperty.cpp	151	Property Image1.YRes was changed to 480.
10912732	[INFO]	XnProperty.cpp	151	Property Image1.RequiredDataSize was changed to 921600.
10912751	[INFO]	XnProperty.cpp	101	Image1.YRes was successfully set.
10912770	[INFO]	XnProperty.cpp	74	Setting Image1.XRes to 640...
10912786	[INFO]	XnProperty.cpp	86	Image1.XRes value did not change.
10913677	[INFO]	XnUSBLinux-x86.cpp	1222	USB read thread was started.
10913713	[INFO]	XnProperty.cpp	151	Property Image1.ActualReadData was changed to 1.
11093228	[WARNING]	XnDepthProcessor.cpp	133	Read: Depth buffer is corrupt. Size is 546192 (!= 614400)
11093278	[WARNING]	XnFrameStreamProcessor.cpp	132	Depth frame is corrupt!
14001755	[WARNING]	XnFrameStreamProcessor.cpp	140	Depth Frame Buffer overflow! current size: 612768
14001804	[WARNING]	XnFrameStreamProcessor.cpp	132	Depth frame is corrupt!
14029737	[WARNING]	XnDepthProcessor.cpp	133	Read: Depth buffer is corrupt. Size is 612768 (!= 614400)
14116079	[INFO]	XnProperty.cpp	151	Property Image1.State was changed to 1.
14116123	[INFO]	XnDeviceBase.cpp	370	Stream Image1 is open.
14116301	[INFO]	XnProperty.cpp	74	Setting Depth1.Registration to 1...
14129754	[WARNING]	XnDepthProcessor.cpp	133	Read: Depth buffer is corrupt. Size is 595856 (!= 614400)
14129803	[WARNING]	XnFrameStreamProcessor.cpp	132	Depth frame is corrupt!
14269108	[INFO]	XnProperty.cpp	151	Property Depth1.Registration was changed to 1.
14269151	[INFO]	XnProperty.cpp	101	Depth1.Registration was successfully set.
14269197	[INFO]	XnProperty.cpp	74	Setting Image1.Mirror to 1...
14281581	[INFO]	XnProperty.cpp	151	Property Image1.FirmwareMirror was changed to 1.
14281633	[INFO]	XnProperty.cpp	151	Property Image1.Mirror was changed to 1.
14281691	[INFO]	XnProperty.cpp	101	Image1.Mirror was successfully set.
45341763	[INFO]	XnOpenNI.cpp	1459	Destroying node 'User1'
45351538	[INFO]	XnOpenNI.cpp	1459	Destroying node 'Depth1'
45351630	[INFO]	XnDeviceBase.cpp	1507	Destroying stream 'Depth1'...
45353072	[INFO]	XnOpenNI.cpp	1459	Destroying node 'Image1'
45353116	[INFO]	XnDeviceBase.cpp	1507	Destroying stream 'Image1'...
45354098	[INFO]	XnOpenNI.cpp	1459	Destroying node 'Device1'
