   29343	[INFO]	XnLog.cpp	165	OpenNI version is 1.0.0 (Build 25)-MacOSX (Jan  7 2011 14:20:18)
   29385	[INFO]	XnLog.cpp	173	Log system initialized. Console: 1, File: 1, Severity: INFO, Masks: ALL
   29417	[INFO]	XnLog.cpp	173	Log system initialized. Console: 1, File: 1, Severity: INFO, Masks: ALL
   30739	[INFO]	XnUSBLinux-x86.cpp	98	USB is initialized.
 2467079	[INFO]	XnOpenNI.cpp	1261	Creating node 'Device1' of type Device...
 2485225	[INFO]	XnDeviceModule.cpp	431	Module 'Device' configuration was loaded from file.
 2743264	[INFO]	XnDeviceSensorIO.cpp	135	Connected to USB device
 2743315	[INFO]	XnProperty.cpp	151	Property Device.USBPath was changed to 045e/02ae@253/8.
 2840734	[INFO]	XnHostProtocol.cpp	825	Hardware versions: FW=5.1.4 (7) HW=4 Chip=2 Sensor=4 SYS=7
 4252191	[INFO]	XnProperty.cpp	151	Property Device.ID was changed to 0.
 4252249	[INFO]	XnSensor.cpp	182	Device sensor initialized
 4252342	[INFO]	XnOpenNI.cpp	1261	Creating node 'Depth1' of type Depth...
 4252393	[INFO]	XnDeviceBase.cpp	1383	Creating stream 'Depth1' of type 'Depth'...
 4252419	[INFO]	XnProperty.cpp	74	Setting Device.ReadData to 1...
 4252460	[INFO]	XnDeviceSensorIO.cpp	298	Endpoints open
 4264877	[INFO]	XnProperty.cpp	151	Property Device.ReadData was changed to 1.
 4264930	[INFO]	XnProperty.cpp	101	Device.ReadData was successfully set.
 4265418	[INFO]	XnProperty.cpp	151	Property Depth1.Resolution was changed to 0.
 4265447	[INFO]	XnProperty.cpp	151	Property Depth1.XRes was changed to 320.
 4265467	[INFO]	XnProperty.cpp	151	Property Depth1.YRes was changed to 240.
 4265487	[INFO]	XnProperty.cpp	151	Property Depth1.FPS was changed to 30.
 4265509	[INFO]	XnProperty.cpp	151	Property Depth1.OutputFormat was changed to 1.
 4265530	[INFO]	XnProperty.cpp	151	Property Depth1.BytesPerPixel was changed to 2.
 4265551	[INFO]	XnProperty.cpp	151	Property Depth1.RequiredDataSize was changed to 153600.
 4265598	[INFO]	XnProperty.cpp	151	Property Depth1.ParamCoeff was changed to 4.
 4265677	[INFO]	XnProperty.cpp	151	Property Depth1.ShiftScale was changed to 10.
 4278207	[INFO]	XnProperty.cpp	151	Property Depth1.ConstShift was changed to 200.
 4278297	[INFO]	XnProperty.cpp	151	Property Depth1.ZPD was changed to 120.
 4278394	[INFO]	XnProperty.cpp	151	Property Depth1.ZPPS was changed to 0.104200.
 4278408	[INFO]	XnProperty.cpp	151	Property Depth1.LDDIS was changed to 7.500000.
 4278499	[INFO]	XnProperty.cpp	151	Property Depth1.Gain was changed to 30.
 4278530	[INFO]	XnDeviceBase.cpp	1458	Stream 'Depth1' was initialized.
 4278544	[INFO]	XnDeviceBase.cpp	1463	'Depth1' stream was created.
 4278705	[INFO]	XnProperty.cpp	74	Setting Depth1.InputFormat to 3...
 4278727	[INFO]	XnProperty.cpp	151	Property Depth1.InputFormat was changed to 3.
 4278740	[INFO]	XnProperty.cpp	101	Depth1.InputFormat was successfully set.
 4279180	[INFO]	XnProperty.cpp	74	Setting Depth1.RegistrationType to 2...
 4279198	[INFO]	XnProperty.cpp	151	Property Depth1.RegistrationType was changed to 2.
 4279210	[INFO]	XnProperty.cpp	101	Depth1.RegistrationType was successfully set.
 4279667	[INFO]	XnDeviceModule.cpp	431	Module 'Depth1' configuration was loaded from file.
 4279877	[INFO]	XnProperty.cpp	74	Setting Depth1.FPS to 30...
 4279896	[INFO]	XnProperty.cpp	86	Depth1.FPS value did not change.
 4279908	[INFO]	XnProperty.cpp	74	Setting Depth1.YRes to 480...
 4279923	[INFO]	XnProperty.cpp	151	Property Depth1.Resolution was changed to 1.
 4279935	[INFO]	XnProperty.cpp	151	Property Depth1.XRes was changed to 640.
 4279951	[INFO]	XnProperty.cpp	151	Property Depth1.RequiredDataSize was changed to 307200.
 4279973	[INFO]	XnProperty.cpp	151	Property Depth1.YRes was changed to 480.
 4279993	[INFO]	XnProperty.cpp	151	Property Depth1.RequiredDataSize was changed to 614400.
 4280011	[INFO]	XnProperty.cpp	101	Depth1.YRes was successfully set.
 4280030	[INFO]	XnProperty.cpp	74	Setting Depth1.XRes to 640...
 4280044	[INFO]	XnProperty.cpp	86	Depth1.XRes value did not change.
 4280092	[INFO]	XnProperty.cpp	74	Setting Depth1.Mirror to 1...
 4280108	[INFO]	XnProperty.cpp	151	Property Depth1.FirmwareMirror was changed to 1.
 4280158	[INFO]	XnProperty.cpp	151	Property Depth1.Mirror was changed to 1.
 4280170	[INFO]	XnProperty.cpp	101	Depth1.Mirror was successfully set.
 6300346	[INFO]	XnOpenNI.cpp	1261	Creating node 'User1' of type User...
 6530220	[WARNING]	Linux-x86Threads.cpp	173	Failed to set thread priority: Invalid argument
 6530261	[WARNING]	XnUSBLinux-x86.cpp	126	USB events thread: Failed to set thread priority to critical. This might cause loss of data...
 6531083	[INFO]	XnUSBLinux-x86.cpp	1222	USB read thread was started.
 6531129	[INFO]	XnProperty.cpp	151	Property Depth1.ActualReadData was changed to 1.
 7001795	[INFO]	XnProperty.cpp	151	Property Depth1.State was changed to 1.
 7001840	[INFO]	XnDeviceBase.cpp	370	Stream Depth1 is open.
 8975742	[INFO]	XnOpenNI.cpp	1261	Creating node 'Image1' of type Image...
 8975797	[INFO]	XnDeviceBase.cpp	1383	Creating stream 'Image1' of type 'Image'...
 8976020	[INFO]	XnProperty.cpp	151	Property Image1.Resolution was changed to 0.
 8976042	[INFO]	XnProperty.cpp	151	Property Image1.XRes was changed to 320.
 8976055	[INFO]	XnProperty.cpp	151	Property Image1.YRes was changed to 240.
 8976067	[INFO]	XnProperty.cpp	151	Property Image1.FPS was changed to 30.
 8976078	[INFO]	XnProperty.cpp	151	Property Image1.OutputFormat was changed to 5.
 8976090	[INFO]	XnProperty.cpp	151	Property Image1.BytesPerPixel was changed to 3.
 8976105	[INFO]	XnProperty.cpp	151	Property Image1.RequiredDataSize was changed to 230400.
 8976143	[INFO]	XnDeviceBase.cpp	1458	Stream 'Image1' was initialized.
 8976161	[INFO]	XnDeviceBase.cpp	1463	'Image1' stream was created.
 8976294	[INFO]	XnProperty.cpp	74	Setting Image1.InputFormat to 6...
 8976318	[INFO]	XnProperty.cpp	151	Property Image1.InputFormat was changed to 6.
 8976331	[INFO]	XnProperty.cpp	101	Image1.InputFormat was successfully set.
 8976749	[INFO]	XnDeviceModule.cpp	431	Module 'Image1' configuration was loaded from file.
 8976844	[INFO]	XnProperty.cpp	74	Setting Image1.FPS to 30...
 8976861	[INFO]	XnProperty.cpp	86	Image1.FPS value did not change.
 8976873	[INFO]	XnProperty.cpp	74	Setting Image1.YRes to 480...
 8976888	[INFO]	XnProperty.cpp	151	Property Image1.Resolution was changed to 1.
 8976908	[INFO]	XnProperty.cpp	151	Property Image1.XRes was changed to 640.
 8976925	[INFO]	XnProperty.cpp	151	Property Image1.RequiredDataSize was changed to 460800.
 8976944	[INFO]	XnProperty.cpp	151	Property Image1.YRes was changed to 480.
 8976963	[INFO]	XnProperty.cpp	151	Property Image1.RequiredDataSize was changed to 921600.
 8976985	[INFO]	XnProperty.cpp	101	Image1.YRes was successfully set.
 8977007	[INFO]	XnProperty.cpp	74	Setting Image1.XRes to 640...
 8977027	[INFO]	XnProperty.cpp	86	Image1.XRes value did not change.
 8978140	[INFO]	XnUSBLinux-x86.cpp	1222	USB read thread was started.
 8978184	[INFO]	XnProperty.cpp	151	Property Image1.ActualReadData was changed to 1.
 9035834	[WARNING]	XnDepthProcessor.cpp	133	Read: Depth buffer is corrupt. Size is 592688 (!= 614400)
 9035878	[WARNING]	XnFrameStreamProcessor.cpp	132	Depth frame is corrupt!
 9135822	[WARNING]	XnDepthProcessor.cpp	133	Read: Depth buffer is corrupt. Size is 606784 (!= 614400)
 9135869	[WARNING]	XnFrameStreamProcessor.cpp	132	Depth frame is corrupt!
 9171868	[WARNING]	XnFrameStreamProcessor.cpp	140	Depth Frame Buffer overflow! current size: 612768
 9171914	[WARNING]	XnFrameStreamProcessor.cpp	132	Depth frame is corrupt!
 9199789	[WARNING]	XnDepthProcessor.cpp	133	Read: Depth buffer is corrupt. Size is 612768 (!= 614400)
12180431	[INFO]	XnProperty.cpp	151	Property Image1.State was changed to 1.
12180482	[INFO]	XnDeviceBase.cpp	370	Stream Image1 is open.
12180688	[INFO]	XnProperty.cpp	74	Setting Depth1.Registration to 1...
12333587	[INFO]	XnProperty.cpp	151	Property Depth1.Registration was changed to 1.
12333633	[INFO]	XnProperty.cpp	101	Depth1.Registration was successfully set.
12333689	[INFO]	XnProperty.cpp	74	Setting Image1.Mirror to 1...
12346111	[INFO]	XnProperty.cpp	151	Property Image1.FirmwareMirror was changed to 1.
12346153	[INFO]	XnProperty.cpp	151	Property Image1.Mirror was changed to 1.
12346199	[INFO]	XnProperty.cpp	101	Image1.Mirror was successfully set.
36826792	[INFO]	XnOpenNI.cpp	1459	Destroying node 'User1'
36833577	[INFO]	XnOpenNI.cpp	1459	Destroying node 'Depth1'
36833668	[INFO]	XnDeviceBase.cpp	1507	Destroying stream 'Depth1'...
36834978	[INFO]	XnOpenNI.cpp	1459	Destroying node 'Image1'
36835032	[INFO]	XnDeviceBase.cpp	1507	Destroying stream 'Image1'...
36835686	[INFO]	XnOpenNI.cpp	1459	Destroying node 'Device1'
