    1576	[INFO]	XnLog.cpp	165	OpenNI version is 1.0.0 (Build 25)-MacOSX (Jan  7 2011 14:20:18)
    1621	[INFO]	XnLog.cpp	173	Log system initialized. Console: 1, File: 1, Severity: INFO, Masks: ALL
    1644	[INFO]	XnLog.cpp	173	Log system initialized. Console: 1, File: 1, Severity: INFO, Masks: ALL
    2754	[INFO]	XnUSBLinux-x86.cpp	98	USB is initialized.
 2925835	[INFO]	XnOpenNI.cpp	1261	Creating node 'Device1' of type Device...
 2927160	[INFO]	XnDeviceModule.cpp	431	Module 'Device' configuration was loaded from file.
 3253598	[INFO]	XnDeviceSensorIO.cpp	135	Connected to USB device
 3253654	[INFO]	XnProperty.cpp	151	Property Device.USBPath was changed to 045e/02ae@253/8.
 3262069	[INFO]	XnHostProtocol.cpp	825	Hardware versions: FW=5.1.4 (7) HW=4 Chip=2 Sensor=4 SYS=7
 4673838	[INFO]	XnProperty.cpp	151	Property Device.ID was changed to 0.
 4673932	[INFO]	XnSensor.cpp	182	Device sensor initialized
 4674086	[INFO]	XnOpenNI.cpp	1261	Creating node 'Depth1' of type Depth...
 4674152	[INFO]	XnDeviceBase.cpp	1383	Creating stream 'Depth1' of type 'Depth'...
 4674185	[INFO]	XnProperty.cpp	74	Setting Device.ReadData to 1...
 4674240	[INFO]	XnDeviceSensorIO.cpp	298	Endpoints open
 4686624	[INFO]	XnProperty.cpp	151	Property Device.ReadData was changed to 1.
 4686685	[INFO]	XnProperty.cpp	101	Device.ReadData was successfully set.
 4687288	[INFO]	XnProperty.cpp	151	Property Depth1.Resolution was changed to 0.
 4687324	[INFO]	XnProperty.cpp	151	Property Depth1.XRes was changed to 320.
 4687350	[INFO]	XnProperty.cpp	151	Property Depth1.YRes was changed to 240.
 4687375	[INFO]	XnProperty.cpp	151	Property Depth1.FPS was changed to 30.
 4687398	[INFO]	XnProperty.cpp	151	Property Depth1.OutputFormat was changed to 1.
 4687423	[INFO]	XnProperty.cpp	151	Property Depth1.BytesPerPixel was changed to 2.
 4687449	[INFO]	XnProperty.cpp	151	Property Depth1.RequiredDataSize was changed to 153600.
 4687480	[INFO]	XnProperty.cpp	151	Property Depth1.ParamCoeff was changed to 4.
 4687599	[INFO]	XnProperty.cpp	151	Property Depth1.ShiftScale was changed to 10.
 4700191	[INFO]	XnProperty.cpp	151	Property Depth1.ConstShift was changed to 200.
 4700346	[INFO]	XnProperty.cpp	151	Property Depth1.ZPD was changed to 120.
 4700515	[INFO]	XnProperty.cpp	151	Property Depth1.ZPPS was changed to 0.104200.
 4700547	[INFO]	XnProperty.cpp	151	Property Depth1.LDDIS was changed to 7.500000.
 4700717	[INFO]	XnProperty.cpp	151	Property Depth1.Gain was changed to 30.
 4700771	[INFO]	XnDeviceBase.cpp	1458	Stream 'Depth1' was initialized.
 4700803	[INFO]	XnDeviceBase.cpp	1463	'Depth1' stream was created.
 4701030	[INFO]	XnProperty.cpp	74	Setting Depth1.InputFormat to 3...
 4701084	[INFO]	XnProperty.cpp	151	Property Depth1.InputFormat was changed to 3.
 4701115	[INFO]	XnProperty.cpp	101	Depth1.InputFormat was successfully set.
 4701848	[INFO]	XnProperty.cpp	74	Setting Depth1.RegistrationType to 2...
 4701884	[INFO]	XnProperty.cpp	151	Property Depth1.RegistrationType was changed to 2.
 4701912	[INFO]	XnProperty.cpp	101	Depth1.RegistrationType was successfully set.
 4702674	[INFO]	XnDeviceModule.cpp	431	Module 'Depth1' configuration was loaded from file.
 4702944	[INFO]	XnProperty.cpp	74	Setting Depth1.FPS to 30...
 4702976	[INFO]	XnProperty.cpp	86	Depth1.FPS value did not change.
 4703006	[INFO]	XnProperty.cpp	74	Setting Depth1.YRes to 480...
 4703034	[INFO]	XnProperty.cpp	151	Property Depth1.Resolution was changed to 1.
 4703061	[INFO]	XnProperty.cpp	151	Property Depth1.XRes was changed to 640.
 4703092	[INFO]	XnProperty.cpp	151	Property Depth1.RequiredDataSize was changed to 307200.
 4703134	[INFO]	XnProperty.cpp	151	Property Depth1.YRes was changed to 480.
 4703167	[INFO]	XnProperty.cpp	151	Property Depth1.RequiredDataSize was changed to 614400.
 4703200	[INFO]	XnProperty.cpp	101	Depth1.YRes was successfully set.
 4703226	[INFO]	XnProperty.cpp	74	Setting Depth1.XRes to 640...
 4703248	[INFO]	XnProperty.cpp	86	Depth1.XRes value did not change.
 4703318	[INFO]	XnProperty.cpp	74	Setting Depth1.Mirror to 1...
 4703343	[INFO]	XnProperty.cpp	151	Property Depth1.FirmwareMirror was changed to 1.
 4703409	[INFO]	XnProperty.cpp	151	Property Depth1.Mirror was changed to 1.
 4703436	[INFO]	XnProperty.cpp	101	Depth1.Mirror was successfully set.
 7316807	[INFO]	XnOpenNI.cpp	1261	Creating node 'User1' of type User...
 7343423	[WARNING]	Linux-x86Threads.cpp	173	Failed to set thread priority: Invalid argument
 7343468	[WARNING]	XnUSBLinux-x86.cpp	126	USB events thread: Failed to set thread priority to critical. This might cause loss of data...
 7344256	[INFO]	XnUSBLinux-x86.cpp	1222	USB read thread was started.
 7344282	[INFO]	XnProperty.cpp	151	Property Depth1.ActualReadData was changed to 1.
 7814457	[INFO]	XnProperty.cpp	151	Property Depth1.State was changed to 1.
 7814509	[INFO]	XnDeviceBase.cpp	370	Stream Depth1 is open.
11136837	[INFO]	XnOpenNI.cpp	1261	Creating node 'Image1' of type Image...
11136888	[INFO]	XnDeviceBase.cpp	1383	Creating stream 'Image1' of type 'Image'...
11137097	[INFO]	XnProperty.cpp	151	Property Image1.Resolution was changed to 0.
11137125	[INFO]	XnProperty.cpp	151	Property Image1.XRes was changed to 320.
11137145	[INFO]	XnProperty.cpp	151	Property Image1.YRes was changed to 240.
11137163	[INFO]	XnProperty.cpp	151	Property Image1.FPS was changed to 30.
11137179	[INFO]	XnProperty.cpp	151	Property Image1.OutputFormat was changed to 5.
11137194	[INFO]	XnProperty.cpp	151	Property Image1.BytesPerPixel was changed to 3.
11137210	[INFO]	XnProperty.cpp	151	Property Image1.RequiredDataSize was changed to 230400.
11137248	[INFO]	XnDeviceBase.cpp	1458	Stream 'Image1' was initialized.
11137269	[INFO]	XnDeviceBase.cpp	1463	'Image1' stream was created.
11137394	[INFO]	XnProperty.cpp	74	Setting Image1.InputFormat to 6...
11137422	[INFO]	XnProperty.cpp	151	Property Image1.InputFormat was changed to 6.
11137442	[INFO]	XnProperty.cpp	101	Image1.InputFormat was successfully set.
11138044	[INFO]	XnDeviceModule.cpp	431	Module 'Image1' configuration was loaded from file.
11138164	[INFO]	XnProperty.cpp	74	Setting Image1.FPS to 30...
11138189	[INFO]	XnProperty.cpp	86	Image1.FPS value did not change.
11138210	[INFO]	XnProperty.cpp	74	Setting Image1.YRes to 480...
11138231	[INFO]	XnProperty.cpp	151	Property Image1.Resolution was changed to 1.
11138249	[INFO]	XnProperty.cpp	151	Property Image1.XRes was changed to 640.
11138267	[INFO]	XnProperty.cpp	151	Property Image1.RequiredDataSize was changed to 460800.
11138288	[INFO]	XnProperty.cpp	151	Property Image1.YRes was changed to 480.
11138308	[INFO]	XnProperty.cpp	151	Property Image1.RequiredDataSize was changed to 921600.
11138328	[INFO]	XnProperty.cpp	101	Image1.YRes was successfully set.
11138348	[INFO]	XnProperty.cpp	74	Setting Image1.XRes to 640...
11138365	[INFO]	XnProperty.cpp	86	Image1.XRes value did not change.
11139485	[INFO]	XnUSBLinux-x86.cpp	1222	USB read thread was started.
11139543	[INFO]	XnProperty.cpp	151	Property Image1.ActualReadData was changed to 1.
11216309	[WARNING]	XnDepthProcessor.cpp	133	Read: Depth buffer is corrupt. Size is 591888 (!= 614400)
11216354	[WARNING]	XnFrameStreamProcessor.cpp	132	Depth frame is corrupt!
11316318	[WARNING]	XnDepthProcessor.cpp	133	Read: Depth buffer is corrupt. Size is 549360 (!= 614400)
11316365	[WARNING]	XnFrameStreamProcessor.cpp	132	Depth frame is corrupt!
14340283	[INFO]	XnProperty.cpp	151	Property Image1.State was changed to 1.
14340325	[INFO]	XnDeviceBase.cpp	370	Stream Image1 is open.
14340512	[INFO]	XnProperty.cpp	74	Setting Depth1.Registration to 1...
14352840	[WARNING]	XnDepthProcessor.cpp	133	Read: Depth buffer is corrupt. Size is 581520 (!= 614400)
14352886	[WARNING]	XnFrameStreamProcessor.cpp	132	Depth frame is corrupt!
14384862	[WARNING]	XnDepthProcessor.cpp	133	Read: Depth buffer is corrupt. Size is 587136 (!= 614400)
14384908	[WARNING]	XnFrameStreamProcessor.cpp	132	Depth frame is corrupt!
14492648	[INFO]	XnProperty.cpp	151	Property Depth1.Registration was changed to 1.
14492700	[INFO]	XnProperty.cpp	101	Depth1.Registration was successfully set.
14492755	[INFO]	XnProperty.cpp	74	Setting Image1.Mirror to 1...
14504855	[INFO]	XnProperty.cpp	151	Property Image1.FirmwareMirror was changed to 1.
14504934	[INFO]	XnProperty.cpp	151	Property Image1.Mirror was changed to 1.
14504953	[INFO]	XnProperty.cpp	101	Image1.Mirror was successfully set.
29039242	[INFO]	XnOpenNI.cpp	1459	Destroying node 'User1'
29046751	[INFO]	XnOpenNI.cpp	1459	Destroying node 'Depth1'
29046835	[INFO]	XnDeviceBase.cpp	1507	Destroying stream 'Depth1'...
29048215	[INFO]	XnOpenNI.cpp	1459	Destroying node 'Image1'
29048276	[INFO]	XnDeviceBase.cpp	1507	Destroying stream 'Image1'...
29049100	[INFO]	XnOpenNI.cpp	1459	Destroying node 'Device1'
