    1526	[INFO]	XnLog.cpp	165	OpenNI version is 1.0.0 (Build 25)-MacOSX (Jan  7 2011 14:20:18)
    1572	[INFO]	XnLog.cpp	173	Log system initialized. Console: 1, File: 1, Severity: INFO, Masks: ALL
    1606	[INFO]	XnLog.cpp	173	Log system initialized. Console: 1, File: 1, Severity: INFO, Masks: ALL
    2914	[INFO]	XnUSBLinux-x86.cpp	98	USB is initialized.
 4504128	[INFO]	XnOpenNI.cpp	1261	Creating node 'Device1' of type Device...
 4504872	[INFO]	XnDeviceModule.cpp	431	Module 'Device' configuration was loaded from file.
 5175153	[INFO]	XnDeviceSensorIO.cpp	135	Connected to USB device
 5175210	[INFO]	XnProperty.cpp	151	Property Device.USBPath was changed to 045e/02ae@250/10.
 5182798	[INFO]	XnHostProtocol.cpp	825	Hardware versions: FW=5.1.4 (7) HW=4 Chip=2 Sensor=4 SYS=7
 6601530	[INFO]	XnProperty.cpp	151	Property Device.ID was changed to 0.
 6601604	[INFO]	XnSensor.cpp	182	Device sensor initialized
 6601691	[INFO]	XnOpenNI.cpp	1261	Creating node 'Depth1' of type Depth...
 6601739	[INFO]	XnDeviceBase.cpp	1383	Creating stream 'Depth1' of type 'Depth'...
 6601766	[INFO]	XnProperty.cpp	74	Setting Device.ReadData to 1...
 6601805	[INFO]	XnDeviceSensorIO.cpp	298	Endpoints open
 6614050	[INFO]	XnProperty.cpp	151	Property Device.ReadData was changed to 1.
 6614114	[INFO]	XnProperty.cpp	101	Device.ReadData was successfully set.
 6614807	[INFO]	XnProperty.cpp	151	Property Depth1.Resolution was changed to 0.
 6614859	[INFO]	XnProperty.cpp	151	Property Depth1.XRes was changed to 320.
 6614908	[INFO]	XnProperty.cpp	151	Property Depth1.YRes was changed to 240.
 6614947	[INFO]	XnProperty.cpp	151	Property Depth1.FPS was changed to 30.
 6614984	[INFO]	XnProperty.cpp	151	Property Depth1.OutputFormat was changed to 1.
 6615028	[INFO]	XnProperty.cpp	151	Property Depth1.BytesPerPixel was changed to 2.
 6615068	[INFO]	XnProperty.cpp	151	Property Depth1.RequiredDataSize was changed to 153600.
 6615116	[INFO]	XnProperty.cpp	151	Property Depth1.ParamCoeff was changed to 4.
 6615262	[INFO]	XnProperty.cpp	151	Property Depth1.ShiftScale was changed to 10.
 6627644	[INFO]	XnProperty.cpp	151	Property Depth1.ConstShift was changed to 200.
 6627764	[INFO]	XnProperty.cpp	151	Property Depth1.ZPD was changed to 120.
 6627895	[INFO]	XnProperty.cpp	151	Property Depth1.ZPPS was changed to 0.104200.
 6627914	[INFO]	XnProperty.cpp	151	Property Depth1.LDDIS was changed to 7.500000.
 6628032	[INFO]	XnProperty.cpp	151	Property Depth1.Gain was changed to 30.
 6628072	[INFO]	XnDeviceBase.cpp	1458	Stream 'Depth1' was initialized.
 6628094	[INFO]	XnDeviceBase.cpp	1463	'Depth1' stream was created.
 6628303	[INFO]	XnProperty.cpp	74	Setting Depth1.InputFormat to 3...
 6628337	[INFO]	XnProperty.cpp	151	Property Depth1.InputFormat was changed to 3.
 6628363	[INFO]	XnProperty.cpp	101	Depth1.InputFormat was successfully set.
 6628965	[INFO]	XnProperty.cpp	74	Setting Depth1.RegistrationType to 2...
 6628988	[INFO]	XnProperty.cpp	151	Property Depth1.RegistrationType was changed to 2.
 6629005	[INFO]	XnProperty.cpp	101	Depth1.RegistrationType was successfully set.
 6629655	[INFO]	XnDeviceModule.cpp	431	Module 'Depth1' configuration was loaded from file.
 6629926	[INFO]	XnProperty.cpp	74	Setting Depth1.FPS to 30...
 6629957	[INFO]	XnProperty.cpp	86	Depth1.FPS value did not change.
 6629980	[INFO]	XnProperty.cpp	74	Setting Depth1.YRes to 480...
 6630007	[INFO]	XnProperty.cpp	151	Property Depth1.Resolution was changed to 1.
 6630033	[INFO]	XnProperty.cpp	151	Property Depth1.XRes was changed to 640.
 6630057	[INFO]	XnProperty.cpp	151	Property Depth1.RequiredDataSize was changed to 307200.
 6630084	[INFO]	XnProperty.cpp	151	Property Depth1.YRes was changed to 480.
 6630109	[INFO]	XnProperty.cpp	151	Property Depth1.RequiredDataSize was changed to 614400.
 6630134	[INFO]	XnProperty.cpp	101	Depth1.YRes was successfully set.
 6630158	[INFO]	XnProperty.cpp	74	Setting Depth1.XRes to 640...
 6630180	[INFO]	XnProperty.cpp	86	Depth1.XRes value did not change.
 6630259	[INFO]	XnProperty.cpp	74	Setting Depth1.Mirror to 1...
 6630288	[INFO]	XnProperty.cpp	151	Property Depth1.FirmwareMirror was changed to 1.
 6630359	[INFO]	XnProperty.cpp	151	Property Depth1.Mirror was changed to 1.
 6630390	[INFO]	XnProperty.cpp	101	Depth1.Mirror was successfully set.
12233714	[INFO]	XnOpenNI.cpp	1261	Creating node 'User1' of type User...
12258240	[WARNING]	Linux-x86Threads.cpp	173	Failed to set thread priority: Invalid argument
12258309	[WARNING]	XnUSBLinux-x86.cpp	126	USB events thread: Failed to set thread priority to critical. This might cause loss of data...
12259463	[INFO]	XnUSBLinux-x86.cpp	1222	USB read thread was started.
12259493	[INFO]	XnProperty.cpp	151	Property Depth1.ActualReadData was changed to 1.
12730133	[INFO]	XnProperty.cpp	151	Property Depth1.State was changed to 1.
12730176	[INFO]	XnDeviceBase.cpp	370	Stream Depth1 is open.
18740589	[INFO]	XnOpenNI.cpp	1261	Creating node 'Image1' of type Image...
18740642	[INFO]	XnDeviceBase.cpp	1383	Creating stream 'Image1' of type 'Image'...
18740815	[INFO]	XnProperty.cpp	151	Property Image1.Resolution was changed to 0.
18740837	[INFO]	XnProperty.cpp	151	Property Image1.XRes was changed to 320.
18740857	[INFO]	XnProperty.cpp	151	Property Image1.YRes was changed to 240.
18740877	[INFO]	XnProperty.cpp	151	Property Image1.FPS was changed to 30.
18740896	[INFO]	XnProperty.cpp	151	Property Image1.OutputFormat was changed to 5.
18740915	[INFO]	XnProperty.cpp	151	Property Image1.BytesPerPixel was changed to 3.
18740934	[INFO]	XnProperty.cpp	151	Property Image1.RequiredDataSize was changed to 230400.
18740981	[INFO]	XnDeviceBase.cpp	1458	Stream 'Image1' was initialized.
18741000	[INFO]	XnDeviceBase.cpp	1463	'Image1' stream was created.
18741140	[INFO]	XnProperty.cpp	74	Setting Image1.InputFormat to 6...
18741166	[INFO]	XnProperty.cpp	151	Property Image1.InputFormat was changed to 6.
18741185	[INFO]	XnProperty.cpp	101	Image1.InputFormat was successfully set.
18741616	[INFO]	XnDeviceModule.cpp	431	Module 'Image1' configuration was loaded from file.
18741705	[INFO]	XnProperty.cpp	74	Setting Image1.FPS to 30...
18741724	[INFO]	XnProperty.cpp	86	Image1.FPS value did not change.
18741743	[INFO]	XnProperty.cpp	74	Setting Image1.YRes to 480...
18741759	[INFO]	XnProperty.cpp	151	Property Image1.Resolution was changed to 1.
18741772	[INFO]	XnProperty.cpp	151	Property Image1.XRes was changed to 640.
18741789	[INFO]	XnProperty.cpp	151	Property Image1.RequiredDataSize was changed to 460800.
18741809	[INFO]	XnProperty.cpp	151	Property Image1.YRes was changed to 480.
18741828	[INFO]	XnProperty.cpp	151	Property Image1.RequiredDataSize was changed to 921600.
18741847	[INFO]	XnProperty.cpp	101	Image1.YRes was successfully set.
18741866	[INFO]	XnProperty.cpp	74	Setting Image1.XRes to 640...
18741882	[INFO]	XnProperty.cpp	86	Image1.XRes value did not change.
18742790	[INFO]	XnUSBLinux-x86.cpp	1222	USB read thread was started.
18742835	[INFO]	XnProperty.cpp	151	Property Image1.ActualReadData was changed to 1.
18936376	[WARNING]	XnDepthProcessor.cpp	133	Read: Depth buffer is corrupt. Size is 549856 (!= 614400)
18936425	[WARNING]	XnFrameStreamProcessor.cpp	132	Depth frame is corrupt!
21836985	[WARNING]	XnDepthProcessor.cpp	133	Read: Depth buffer is corrupt. Size is 559760 (!= 614400)
21837033	[WARNING]	XnFrameStreamProcessor.cpp	132	Depth frame is corrupt!
21944392	[INFO]	XnProperty.cpp	151	Property Image1.State was changed to 1.
21944443	[INFO]	XnDeviceBase.cpp	370	Stream Image1 is open.
21944669	[INFO]	XnProperty.cpp	74	Setting Depth1.Registration to 1...
21972951	[WARNING]	XnDepthProcessor.cpp	133	Read: Depth buffer is corrupt. Size is 583440 (!= 614400)
21972998	[WARNING]	XnFrameStreamProcessor.cpp	132	Depth frame is corrupt!
22098684	[INFO]	XnProperty.cpp	151	Property Depth1.Registration was changed to 1.
22098730	[INFO]	XnProperty.cpp	101	Depth1.Registration was successfully set.
22098787	[INFO]	XnProperty.cpp	74	Setting Image1.Mirror to 1...
22111189	[INFO]	XnProperty.cpp	151	Property Image1.FirmwareMirror was changed to 1.
22111236	[INFO]	XnProperty.cpp	151	Property Image1.Mirror was changed to 1.
22111248	[INFO]	XnProperty.cpp	101	Image1.Mirror was successfully set.
86213061	[INFO]	XnOpenNI.cpp	1459	Destroying node 'User1'
86223688	[INFO]	XnOpenNI.cpp	1459	Destroying node 'Depth1'
86223802	[INFO]	XnDeviceBase.cpp	1507	Destroying stream 'Depth1'...
86225718	[INFO]	XnOpenNI.cpp	1459	Destroying node 'Image1'
86225796	[INFO]	XnDeviceBase.cpp	1507	Destroying stream 'Image1'...
86226761	[INFO]	XnOpenNI.cpp	1459	Destroying node 'Device1'
