    1568	[INFO]	XnLog.cpp	165	OpenNI version is 1.0.0 (Build 25)-MacOSX (Jan  7 2011 14:20:18)
    1613	[INFO]	XnLog.cpp	173	Log system initialized. Console: 1, File: 1, Severity: INFO, Masks: ALL
    1636	[INFO]	XnLog.cpp	173	Log system initialized. Console: 1, File: 1, Severity: INFO, Masks: ALL
    2750	[INFO]	XnUSBLinux-x86.cpp	98	USB is initialized.
 2923997	[INFO]	XnOpenNI.cpp	1261	Creating node 'Device1' of type Device...
 2925396	[INFO]	XnDeviceModule.cpp	431	Module 'Device' configuration was loaded from file.
 3254151	[INFO]	XnDeviceSensorIO.cpp	135	Connected to USB device
 3254208	[INFO]	XnProperty.cpp	151	Property Device.USBPath was changed to 045e/02ae@253/8.
 3262212	[INFO]	XnHostProtocol.cpp	825	Hardware versions: FW=5.1.4 (7) HW=4 Chip=2 Sensor=4 SYS=7
 4674285	[INFO]	XnProperty.cpp	151	Property Device.ID was changed to 0.
 4674382	[INFO]	XnSensor.cpp	182	Device sensor initialized
 4674590	[INFO]	XnOpenNI.cpp	1261	Creating node 'Depth1' of type Depth...
 4674676	[INFO]	XnDeviceBase.cpp	1383	Creating stream 'Depth1' of type 'Depth'...
 4674718	[INFO]	XnProperty.cpp	74	Setting Device.ReadData to 1...
 4674796	[INFO]	XnDeviceSensorIO.cpp	298	Endpoints open
 4687586	[INFO]	XnProperty.cpp	151	Property Device.ReadData was changed to 1.
 4687643	[INFO]	XnProperty.cpp	101	Device.ReadData was successfully set.
 4688086	[INFO]	XnProperty.cpp	151	Property Depth1.Resolution was changed to 0.
 4688111	[INFO]	XnProperty.cpp	151	Property Depth1.XRes was changed to 320.
 4688129	[INFO]	XnProperty.cpp	151	Property Depth1.YRes was changed to 240.
 4688145	[INFO]	XnProperty.cpp	151	Property Depth1.FPS was changed to 30.
 4688160	[INFO]	XnProperty.cpp	151	Property Depth1.OutputFormat was changed to 1.
 4688177	[INFO]	XnProperty.cpp	151	Property Depth1.BytesPerPixel was changed to 2.
 4688193	[INFO]	XnProperty.cpp	151	Property Depth1.RequiredDataSize was changed to 153600.
 4688214	[INFO]	XnProperty.cpp	151	Property Depth1.ParamCoeff was changed to 4.
 4688291	[INFO]	XnProperty.cpp	151	Property Depth1.ShiftScale was changed to 10.
 4700719	[INFO]	XnProperty.cpp	151	Property Depth1.ConstShift was changed to 200.
 4700832	[INFO]	XnProperty.cpp	151	Property Depth1.ZPD was changed to 120.
 4700977	[INFO]	XnProperty.cpp	151	Property Depth1.ZPPS was changed to 0.104200.
 4701012	[INFO]	XnProperty.cpp	151	Property Depth1.LDDIS was changed to 7.500000.
 4701192	[INFO]	XnProperty.cpp	151	Property Depth1.Gain was changed to 30.
 4701256	[INFO]	XnDeviceBase.cpp	1458	Stream 'Depth1' was initialized.
 4701287	[INFO]	XnDeviceBase.cpp	1463	'Depth1' stream was created.
 4701582	[INFO]	XnProperty.cpp	74	Setting Depth1.InputFormat to 3...
 4701630	[INFO]	XnProperty.cpp	151	Property Depth1.InputFormat was changed to 3.
 4701657	[INFO]	XnProperty.cpp	101	Depth1.InputFormat was successfully set.
 4702302	[INFO]	XnProperty.cpp	74	Setting Depth1.RegistrationType to 2...
 4702334	[INFO]	XnProperty.cpp	151	Property Depth1.RegistrationType was changed to 2.
 4702358	[INFO]	XnProperty.cpp	101	Depth1.RegistrationType was successfully set.
 4703006	[INFO]	XnDeviceModule.cpp	431	Module 'Depth1' configuration was loaded from file.
 4703245	[INFO]	XnProperty.cpp	74	Setting Depth1.FPS to 30...
 4703270	[INFO]	XnProperty.cpp	86	Depth1.FPS value did not change.
 4703295	[INFO]	XnProperty.cpp	74	Setting Depth1.YRes to 480...
 4703324	[INFO]	XnProperty.cpp	151	Property Depth1.Resolution was changed to 1.
 4703349	[INFO]	XnProperty.cpp	151	Property Depth1.XRes was changed to 640.
 4703372	[INFO]	XnProperty.cpp	151	Property Depth1.RequiredDataSize was changed to 307200.
 4703399	[INFO]	XnProperty.cpp	151	Property Depth1.YRes was changed to 480.
 4703421	[INFO]	XnProperty.cpp	151	Property Depth1.RequiredDataSize was changed to 614400.
 4703446	[INFO]	XnProperty.cpp	101	Depth1.YRes was successfully set.
 4703470	[INFO]	XnProperty.cpp	74	Setting Depth1.XRes to 640...
 4703491	[INFO]	XnProperty.cpp	86	Depth1.XRes value did not change.
 4703559	[INFO]	XnProperty.cpp	74	Setting Depth1.Mirror to 1...
 4703584	[INFO]	XnProperty.cpp	151	Property Depth1.FirmwareMirror was changed to 1.
 4703645	[INFO]	XnProperty.cpp	151	Property Depth1.Mirror was changed to 1.
 4703669	[INFO]	XnProperty.cpp	101	Depth1.Mirror was successfully set.
 7220232	[INFO]	XnOpenNI.cpp	1261	Creating node 'User1' of type User...
 7245707	[WARNING]	Linux-x86Threads.cpp	173	Failed to set thread priority: Invalid argument
 7245754	[WARNING]	XnUSBLinux-x86.cpp	126	USB events thread: Failed to set thread priority to critical. This might cause loss of data...
 7246504	[INFO]	XnUSBLinux-x86.cpp	1222	USB read thread was started.
 7246528	[INFO]	XnProperty.cpp	151	Property Depth1.ActualReadData was changed to 1.
 7716810	[INFO]	XnProperty.cpp	151	Property Depth1.State was changed to 1.
 7716853	[INFO]	XnDeviceBase.cpp	370	Stream Depth1 is open.
11040739	[INFO]	XnOpenNI.cpp	1261	Creating node 'Image1' of type Image...
11040794	[INFO]	XnDeviceBase.cpp	1383	Creating stream 'Image1' of type 'Image'...
11040984	[INFO]	XnProperty.cpp	151	Property Image1.Resolution was changed to 0.
11041004	[INFO]	XnProperty.cpp	151	Property Image1.XRes was changed to 320.
11041018	[INFO]	XnProperty.cpp	151	Property Image1.YRes was changed to 240.
11041029	[INFO]	XnProperty.cpp	151	Property Image1.FPS was changed to 30.
11041040	[INFO]	XnProperty.cpp	151	Property Image1.OutputFormat was changed to 5.
11041052	[INFO]	XnProperty.cpp	151	Property Image1.BytesPerPixel was changed to 3.
11041070	[INFO]	XnProperty.cpp	151	Property Image1.RequiredDataSize was changed to 230400.
11041108	[INFO]	XnDeviceBase.cpp	1458	Stream 'Image1' was initialized.
11041126	[INFO]	XnDeviceBase.cpp	1463	'Image1' stream was created.
11041241	[INFO]	XnProperty.cpp	74	Setting Image1.InputFormat to 6...
11041265	[INFO]	XnProperty.cpp	151	Property Image1.InputFormat was changed to 6.
11041285	[INFO]	XnProperty.cpp	101	Image1.InputFormat was successfully set.
11041722	[INFO]	XnDeviceModule.cpp	431	Module 'Image1' configuration was loaded from file.
11041815	[INFO]	XnProperty.cpp	74	Setting Image1.FPS to 30...
11041835	[INFO]	XnProperty.cpp	86	Image1.FPS value did not change.
11041853	[INFO]	XnProperty.cpp	74	Setting Image1.YRes to 480...
11041869	[INFO]	XnProperty.cpp	151	Property Image1.Resolution was changed to 1.
11041885	[INFO]	XnProperty.cpp	151	Property Image1.XRes was changed to 640.
11041904	[INFO]	XnProperty.cpp	151	Property Image1.RequiredDataSize was changed to 460800.
11041925	[INFO]	XnProperty.cpp	151	Property Image1.YRes was changed to 480.
11041944	[INFO]	XnProperty.cpp	151	Property Image1.RequiredDataSize was changed to 921600.
11041963	[INFO]	XnProperty.cpp	101	Image1.YRes was successfully set.
11041983	[INFO]	XnProperty.cpp	74	Setting Image1.XRes to 640...
11042000	[INFO]	XnProperty.cpp	86	Image1.XRes value did not change.
11043011	[INFO]	XnUSBLinux-x86.cpp	1222	USB read thread was started.
11043058	[INFO]	XnProperty.cpp	151	Property Image1.ActualReadData was changed to 1.
11222884	[WARNING]	XnFrameStreamProcessor.cpp	140	Depth Frame Buffer overflow! current size: 612768
11222931	[WARNING]	XnFrameStreamProcessor.cpp	132	Depth frame is corrupt!
11250897	[WARNING]	XnDepthProcessor.cpp	133	Read: Depth buffer is corrupt. Size is 612768 (!= 614400)
14243757	[INFO]	XnProperty.cpp	151	Property Image1.State was changed to 1.
14243799	[INFO]	XnDeviceBase.cpp	370	Stream Image1 is open.
14243999	[INFO]	XnProperty.cpp	74	Setting Depth1.Registration to 1...
14255411	[WARNING]	XnDepthProcessor.cpp	133	Read: Depth buffer is corrupt. Size is 593600 (!= 614400)
14255467	[WARNING]	XnFrameStreamProcessor.cpp	132	Depth frame is corrupt!
14395996	[INFO]	XnProperty.cpp	151	Property Depth1.Registration was changed to 1.
14396038	[INFO]	XnProperty.cpp	101	Depth1.Registration was successfully set.
14396083	[INFO]	XnProperty.cpp	74	Setting Image1.Mirror to 1...
14408496	[INFO]	XnProperty.cpp	151	Property Image1.FirmwareMirror was changed to 1.
14408539	[INFO]	XnProperty.cpp	151	Property Image1.Mirror was changed to 1.
14408551	[INFO]	XnProperty.cpp	101	Image1.Mirror was successfully set.
32943176	[INFO]	XnOpenNI.cpp	1459	Destroying node 'User1'
32951382	[INFO]	XnOpenNI.cpp	1459	Destroying node 'Depth1'
32951513	[INFO]	XnDeviceBase.cpp	1507	Destroying stream 'Depth1'...
32953005	[INFO]	XnOpenNI.cpp	1459	Destroying node 'Image1'
32953075	[INFO]	XnDeviceBase.cpp	1507	Destroying stream 'Image1'...
32954107	[INFO]	XnOpenNI.cpp	1459	Destroying node 'Device1'
