    6975	[INFO]	XnLog.cpp	165	OpenNI version is 1.0.0 (Build 25)-MacOSX (Jan  7 2011 14:20:18)
    7024	[INFO]	XnLog.cpp	173	Log system initialized. Console: 1, File: 1, Severity: INFO, Masks: ALL
    7059	[INFO]	XnLog.cpp	173	Log system initialized. Console: 1, File: 1, Severity: INFO, Masks: ALL
    8465	[INFO]	XnUSBLinux-x86.cpp	98	USB is initialized.
 4513376	[INFO]	XnOpenNI.cpp	1261	Creating node 'Device1' of type Device...
 4514172	[INFO]	XnDeviceModule.cpp	431	Module 'Device' configuration was loaded from file.
 5171456	[INFO]	XnDeviceSensorIO.cpp	135	Connected to USB device
 5171512	[INFO]	XnProperty.cpp	151	Property Device.USBPath was changed to 045e/02ae@253/8.
 5179172	[INFO]	XnHostProtocol.cpp	825	Hardware versions: FW=5.1.4 (7) HW=4 Chip=2 Sensor=4 SYS=7
 6587529	[INFO]	XnProperty.cpp	151	Property Device.ID was changed to 0.
 6587618	[INFO]	XnSensor.cpp	182	Device sensor initialized
 6587724	[INFO]	XnOpenNI.cpp	1261	Creating node 'Depth1' of type Depth...
 6587777	[INFO]	XnDeviceBase.cpp	1383	Creating stream 'Depth1' of type 'Depth'...
 6587804	[INFO]	XnProperty.cpp	74	Setting Device.ReadData to 1...
 6587845	[INFO]	XnDeviceSensorIO.cpp	298	Endpoints open
 6600369	[INFO]	XnProperty.cpp	151	Property Device.ReadData was changed to 1.
 6600416	[INFO]	XnProperty.cpp	101	Device.ReadData was successfully set.
 6600787	[INFO]	XnProperty.cpp	151	Property Depth1.Resolution was changed to 0.
 6600811	[INFO]	XnProperty.cpp	151	Property Depth1.XRes was changed to 320.
 6600833	[INFO]	XnProperty.cpp	151	Property Depth1.YRes was changed to 240.
 6600853	[INFO]	XnProperty.cpp	151	Property Depth1.FPS was changed to 30.
 6600871	[INFO]	XnProperty.cpp	151	Property Depth1.OutputFormat was changed to 1.
 6600890	[INFO]	XnProperty.cpp	151	Property Depth1.BytesPerPixel was changed to 2.
 6600908	[INFO]	XnProperty.cpp	151	Property Depth1.RequiredDataSize was changed to 153600.
 6600932	[INFO]	XnProperty.cpp	151	Property Depth1.ParamCoeff was changed to 4.
 6600996	[INFO]	XnProperty.cpp	151	Property Depth1.ShiftScale was changed to 10.
 6613268	[INFO]	XnProperty.cpp	151	Property Depth1.ConstShift was changed to 200.
 6613370	[INFO]	XnProperty.cpp	151	Property Depth1.ZPD was changed to 120.
 6613473	[INFO]	XnProperty.cpp	151	Property Depth1.ZPPS was changed to 0.104200.
 6613498	[INFO]	XnProperty.cpp	151	Property Depth1.LDDIS was changed to 7.500000.
 6613627	[INFO]	XnProperty.cpp	151	Property Depth1.Gain was changed to 30.
 6613677	[INFO]	XnDeviceBase.cpp	1458	Stream 'Depth1' was initialized.
 6613701	[INFO]	XnDeviceBase.cpp	1463	'Depth1' stream was created.
 6613901	[INFO]	XnProperty.cpp	74	Setting Depth1.InputFormat to 3...
 6613932	[INFO]	XnProperty.cpp	151	Property Depth1.InputFormat was changed to 3.
 6613953	[INFO]	XnProperty.cpp	101	Depth1.InputFormat was successfully set.
 6614635	[INFO]	XnProperty.cpp	74	Setting Depth1.RegistrationType to 2...
 6614661	[INFO]	XnProperty.cpp	151	Property Depth1.RegistrationType was changed to 2.
 6614681	[INFO]	XnProperty.cpp	101	Depth1.RegistrationType was successfully set.
 6615419	[INFO]	XnDeviceModule.cpp	431	Module 'Depth1' configuration was loaded from file.
 6615701	[INFO]	XnProperty.cpp	74	Setting Depth1.FPS to 30...
 6615726	[INFO]	XnProperty.cpp	86	Depth1.FPS value did not change.
 6615744	[INFO]	XnProperty.cpp	74	Setting Depth1.YRes to 480...
 6615766	[INFO]	XnProperty.cpp	151	Property Depth1.Resolution was changed to 1.
 6615786	[INFO]	XnProperty.cpp	151	Property Depth1.XRes was changed to 640.
 6615805	[INFO]	XnProperty.cpp	151	Property Depth1.RequiredDataSize was changed to 307200.
 6615830	[INFO]	XnProperty.cpp	151	Property Depth1.YRes was changed to 480.
 6615850	[INFO]	XnProperty.cpp	151	Property Depth1.RequiredDataSize was changed to 614400.
 6615869	[INFO]	XnProperty.cpp	101	Depth1.YRes was successfully set.
 6615890	[INFO]	XnProperty.cpp	74	Setting Depth1.XRes to 640...
 6615908	[INFO]	XnProperty.cpp	86	Depth1.XRes value did not change.
 6615968	[INFO]	XnProperty.cpp	74	Setting Depth1.Mirror to 1...
 6615996	[INFO]	XnProperty.cpp	151	Property Depth1.FirmwareMirror was changed to 1.
 6616059	[INFO]	XnProperty.cpp	151	Property Depth1.Mirror was changed to 1.
 6616077	[INFO]	XnProperty.cpp	101	Depth1.Mirror was successfully set.
12651513	[INFO]	XnOpenNI.cpp	1261	Creating node 'User1' of type User...
12815003	[WARNING]	Linux-x86Threads.cpp	173	Failed to set thread priority: Invalid argument
12815054	[WARNING]	XnUSBLinux-x86.cpp	126	USB events thread: Failed to set thread priority to critical. This might cause loss of data...
12815909	[INFO]	XnUSBLinux-x86.cpp	1222	USB read thread was started.
12815943	[INFO]	XnProperty.cpp	151	Property Depth1.ActualReadData was changed to 1.
13286673	[INFO]	XnProperty.cpp	151	Property Depth1.State was changed to 1.
13286717	[INFO]	XnDeviceBase.cpp	370	Stream Depth1 is open.
19296994	[INFO]	XnOpenNI.cpp	1261	Creating node 'Image1' of type Image...
19297048	[INFO]	XnDeviceBase.cpp	1383	Creating stream 'Image1' of type 'Image'...
19297273	[INFO]	XnProperty.cpp	151	Property Image1.Resolution was changed to 0.
19297301	[INFO]	XnProperty.cpp	151	Property Image1.XRes was changed to 320.
19297321	[INFO]	XnProperty.cpp	151	Property Image1.YRes was changed to 240.
19297339	[INFO]	XnProperty.cpp	151	Property Image1.FPS was changed to 30.
19297358	[INFO]	XnProperty.cpp	151	Property Image1.OutputFormat was changed to 5.
19297377	[INFO]	XnProperty.cpp	151	Property Image1.BytesPerPixel was changed to 3.
19297396	[INFO]	XnProperty.cpp	151	Property Image1.RequiredDataSize was changed to 230400.
19297439	[INFO]	XnDeviceBase.cpp	1458	Stream 'Image1' was initialized.
19297461	[INFO]	XnDeviceBase.cpp	1463	'Image1' stream was created.
19297594	[INFO]	XnProperty.cpp	74	Setting Image1.InputFormat to 6...
19297625	[INFO]	XnProperty.cpp	151	Property Image1.InputFormat was changed to 6.
19297644	[INFO]	XnProperty.cpp	101	Image1.InputFormat was successfully set.
19298256	[INFO]	XnDeviceModule.cpp	431	Module 'Image1' configuration was loaded from file.
19298370	[INFO]	XnProperty.cpp	74	Setting Image1.FPS to 30...
19298394	[INFO]	XnProperty.cpp	86	Image1.FPS value did not change.
19298414	[INFO]	XnProperty.cpp	74	Setting Image1.YRes to 480...
19298433	[INFO]	XnProperty.cpp	151	Property Image1.Resolution was changed to 1.
19298451	[INFO]	XnProperty.cpp	151	Property Image1.XRes was changed to 640.
19298469	[INFO]	XnProperty.cpp	151	Property Image1.RequiredDataSize was changed to 460800.
19298489	[INFO]	XnProperty.cpp	151	Property Image1.YRes was changed to 480.
19298507	[INFO]	XnProperty.cpp	151	Property Image1.RequiredDataSize was changed to 921600.
19298525	[INFO]	XnProperty.cpp	101	Image1.YRes was successfully set.
19298546	[INFO]	XnProperty.cpp	74	Setting Image1.XRes to 640...
19298565	[INFO]	XnProperty.cpp	86	Image1.XRes value did not change.
19299825	[INFO]	XnUSBLinux-x86.cpp	1222	USB read thread was started.
19299879	[INFO]	XnProperty.cpp	151	Property Image1.ActualReadData was changed to 1.
19491297	[WARNING]	XnDepthProcessor.cpp	133	Read: Depth buffer is corrupt. Size is 578064 (!= 614400)
19491356	[WARNING]	XnFrameStreamProcessor.cpp	132	Depth frame is corrupt!
22391435	[WARNING]	XnDepthProcessor.cpp	133	Read: Depth buffer is corrupt. Size is 597824 (!= 614400)
22391482	[WARNING]	XnFrameStreamProcessor.cpp	132	Depth frame is corrupt!
22500861	[INFO]	XnProperty.cpp	151	Property Image1.State was changed to 1.
22500906	[INFO]	XnDeviceBase.cpp	370	Stream Image1 is open.
22501087	[INFO]	XnProperty.cpp	74	Setting Depth1.Registration to 1...
22527392	[WARNING]	XnDepthProcessor.cpp	133	Read: Depth buffer is corrupt. Size is 596000 (!= 614400)
22527438	[WARNING]	XnFrameStreamProcessor.cpp	132	Depth frame is corrupt!
22655045	[INFO]	XnProperty.cpp	151	Property Depth1.Registration was changed to 1.
22655095	[INFO]	XnProperty.cpp	101	Depth1.Registration was successfully set.
22655153	[INFO]	XnProperty.cpp	74	Setting Image1.Mirror to 1...
22667415	[INFO]	XnProperty.cpp	151	Property Image1.FirmwareMirror was changed to 1.
22667465	[INFO]	XnProperty.cpp	151	Property Image1.Mirror was changed to 1.
22667485	[INFO]	XnProperty.cpp	101	Image1.Mirror was successfully set.
