    1887	[INFO]	XnLog.cpp	165	OpenNI version is 1.0.0 (Build 25)-MacOSX (Jan  7 2011 14:20:18)
    1945	[INFO]	XnLog.cpp	173	Log system initialized. Console: 1, File: 1, Severity: INFO, Masks: ALL
    1978	[INFO]	XnLog.cpp	173	Log system initialized. Console: 1, File: 1, Severity: INFO, Masks: ALL
    3313	[INFO]	XnUSBLinux-x86.cpp	98	USB is initialized.
 2897509	[INFO]	XnOpenNI.cpp	1261	Creating node 'Device1' of type Device...
 2898280	[INFO]	XnDeviceModule.cpp	431	Module 'Device' configuration was loaded from file.
 3218227	[INFO]	XnDeviceSensorIO.cpp	135	Connected to USB device
 3218290	[INFO]	XnProperty.cpp	151	Property Device.USBPath was changed to 045e/02ae@253/8.
 3226711	[INFO]	XnHostProtocol.cpp	825	Hardware versions: FW=5.1.4 (7) HW=4 Chip=2 Sensor=4 SYS=7
 4636856	[INFO]	XnProperty.cpp	151	Property Device.ID was changed to 0.
 4636952	[INFO]	XnSensor.cpp	182	Device sensor initialized
 4637063	[INFO]	XnOpenNI.cpp	1261	Creating node 'Depth1' of type Depth...
 4637104	[INFO]	XnDeviceBase.cpp	1383	Creating stream 'Depth1' of type 'Depth'...
 4637132	[INFO]	XnProperty.cpp	74	Setting Device.ReadData to 1...
 4637179	[INFO]	XnDeviceSensorIO.cpp	298	Endpoints open
 4649640	[INFO]	XnProperty.cpp	151	Property Device.ReadData was changed to 1.
 4649701	[INFO]	XnProperty.cpp	101	Device.ReadData was successfully set.
 4650319	[INFO]	XnProperty.cpp	151	Property Depth1.Resolution was changed to 0.
 4650355	[INFO]	XnProperty.cpp	151	Property Depth1.XRes was changed to 320.
 4650382	[INFO]	XnProperty.cpp	151	Property Depth1.YRes was changed to 240.
 4650406	[INFO]	XnProperty.cpp	151	Property Depth1.FPS was changed to 30.
 4650429	[INFO]	XnProperty.cpp	151	Property Depth1.OutputFormat was changed to 1.
 4650454	[INFO]	XnProperty.cpp	151	Property Depth1.BytesPerPixel was changed to 2.
 4650490	[INFO]	XnProperty.cpp	151	Property Depth1.RequiredDataSize was changed to 153600.
 4650538	[INFO]	XnProperty.cpp	151	Property Depth1.ParamCoeff was changed to 4.
 4650661	[INFO]	XnProperty.cpp	151	Property Depth1.ShiftScale was changed to 10.
 4663064	[INFO]	XnProperty.cpp	151	Property Depth1.ConstShift was changed to 200.
 4663176	[INFO]	XnProperty.cpp	151	Property Depth1.ZPD was changed to 120.
 4663328	[INFO]	XnProperty.cpp	151	Property Depth1.ZPPS was changed to 0.104200.
 4663363	[INFO]	XnProperty.cpp	151	Property Depth1.LDDIS was changed to 7.500000.
 4663520	[INFO]	XnProperty.cpp	151	Property Depth1.Gain was changed to 30.
 4663576	[INFO]	XnDeviceBase.cpp	1458	Stream 'Depth1' was initialized.
 4663606	[INFO]	XnDeviceBase.cpp	1463	'Depth1' stream was created.
 4663888	[INFO]	XnProperty.cpp	74	Setting Depth1.InputFormat to 3...
 4663938	[INFO]	XnProperty.cpp	151	Property Depth1.InputFormat was changed to 3.
 4663969	[INFO]	XnProperty.cpp	101	Depth1.InputFormat was successfully set.
 4664899	[INFO]	XnProperty.cpp	74	Setting Depth1.RegistrationType to 2...
 4664941	[INFO]	XnProperty.cpp	151	Property Depth1.RegistrationType was changed to 2.
 4664971	[INFO]	XnProperty.cpp	101	Depth1.RegistrationType was successfully set.
 4665905	[INFO]	XnDeviceModule.cpp	431	Module 'Depth1' configuration was loaded from file.
 4666212	[INFO]	XnProperty.cpp	74	Setting Depth1.FPS to 30...
 4666244	[INFO]	XnProperty.cpp	86	Depth1.FPS value did not change.
 4666269	[INFO]	XnProperty.cpp	74	Setting Depth1.YRes to 480...
 4666298	[INFO]	XnProperty.cpp	151	Property Depth1.Resolution was changed to 1.
 4666327	[INFO]	XnProperty.cpp	151	Property Depth1.XRes was changed to 640.
 4666353	[INFO]	XnProperty.cpp	151	Property Depth1.RequiredDataSize was changed to 307200.
 4666385	[INFO]	XnProperty.cpp	151	Property Depth1.YRes was changed to 480.
 4666414	[INFO]	XnProperty.cpp	151	Property Depth1.RequiredDataSize was changed to 614400.
 4666444	[INFO]	XnProperty.cpp	101	Depth1.YRes was successfully set.
 4666474	[INFO]	XnProperty.cpp	74	Setting Depth1.XRes to 640...
 4666498	[INFO]	XnProperty.cpp	86	Depth1.XRes value did not change.
 4666580	[INFO]	XnProperty.cpp	74	Setting Depth1.Mirror to 1...
 4666613	[INFO]	XnProperty.cpp	151	Property Depth1.FirmwareMirror was changed to 1.
 4666686	[INFO]	XnProperty.cpp	151	Property Depth1.Mirror was changed to 1.
 4666714	[INFO]	XnProperty.cpp	101	Depth1.Mirror was successfully set.
 7166771	[INFO]	XnOpenNI.cpp	1261	Creating node 'User1' of type User...
 7191267	[WARNING]	Linux-x86Threads.cpp	173	Failed to set thread priority: Invalid argument
 7191313	[WARNING]	XnUSBLinux-x86.cpp	126	USB events thread: Failed to set thread priority to critical. This might cause loss of data...
 7192101	[INFO]	XnUSBLinux-x86.cpp	1222	USB read thread was started.
 7192126	[INFO]	XnProperty.cpp	151	Property Depth1.ActualReadData was changed to 1.
 7662550	[INFO]	XnProperty.cpp	151	Property Depth1.State was changed to 1.
 7662593	[INFO]	XnDeviceBase.cpp	370	Stream Depth1 is open.
10776230	[INFO]	XnOpenNI.cpp	1261	Creating node 'Image1' of type Image...
10776284	[INFO]	XnDeviceBase.cpp	1383	Creating stream 'Image1' of type 'Image'...
10776515	[INFO]	XnProperty.cpp	151	Property Image1.Resolution was changed to 0.
10776542	[INFO]	XnProperty.cpp	151	Property Image1.XRes was changed to 320.
10776561	[INFO]	XnProperty.cpp	151	Property Image1.YRes was changed to 240.
10776581	[INFO]	XnProperty.cpp	151	Property Image1.FPS was changed to 30.
10776600	[INFO]	XnProperty.cpp	151	Property Image1.OutputFormat was changed to 5.
10776619	[INFO]	XnProperty.cpp	151	Property Image1.BytesPerPixel was changed to 3.
10776638	[INFO]	XnProperty.cpp	151	Property Image1.RequiredDataSize was changed to 230400.
10776678	[INFO]	XnDeviceBase.cpp	1458	Stream 'Image1' was initialized.
10776700	[INFO]	XnDeviceBase.cpp	1463	'Image1' stream was created.
10776833	[INFO]	XnProperty.cpp	74	Setting Image1.InputFormat to 6...
10776863	[INFO]	XnProperty.cpp	151	Property Image1.InputFormat was changed to 6.
10776882	[INFO]	XnProperty.cpp	101	Image1.InputFormat was successfully set.
10777482	[INFO]	XnDeviceModule.cpp	431	Module 'Image1' configuration was loaded from file.
10777595	[INFO]	XnProperty.cpp	74	Setting Image1.FPS to 30...
10777622	[INFO]	XnProperty.cpp	86	Image1.FPS value did not change.
10777645	[INFO]	XnProperty.cpp	74	Setting Image1.YRes to 480...
10777669	[INFO]	XnProperty.cpp	151	Property Image1.Resolution was changed to 1.
10777694	[INFO]	XnProperty.cpp	151	Property Image1.XRes was changed to 640.
10777716	[INFO]	XnProperty.cpp	151	Property Image1.RequiredDataSize was changed to 460800.
10777742	[INFO]	XnProperty.cpp	151	Property Image1.YRes was changed to 480.
10777764	[INFO]	XnProperty.cpp	151	Property Image1.RequiredDataSize was changed to 921600.
10777788	[INFO]	XnProperty.cpp	101	Image1.YRes was successfully set.
10777811	[INFO]	XnProperty.cpp	74	Setting Image1.XRes to 640...
10777832	[INFO]	XnProperty.cpp	86	Image1.XRes value did not change.
10778957	[INFO]	XnUSBLinux-x86.cpp	1222	USB read thread was started.
10779001	[INFO]	XnProperty.cpp	151	Property Image1.ActualReadData was changed to 1.
10964244	[WARNING]	XnDepthProcessor.cpp	133	Read: Depth buffer is corrupt. Size is 546880 (!= 614400)
10964291	[WARNING]	XnFrameStreamProcessor.cpp	132	Depth frame is corrupt!
13980333	[INFO]	XnProperty.cpp	151	Property Image1.State was changed to 1.
13980376	[INFO]	XnDeviceBase.cpp	370	Stream Image1 is open.
13980544	[INFO]	XnProperty.cpp	74	Setting Depth1.Registration to 1...
14000765	[WARNING]	XnDepthProcessor.cpp	133	Read: Depth buffer is corrupt. Size is 591552 (!= 614400)
14000812	[WARNING]	XnFrameStreamProcessor.cpp	132	Depth frame is corrupt!
14132931	[INFO]	XnProperty.cpp	151	Property Depth1.Registration was changed to 1.
14132974	[INFO]	XnProperty.cpp	101	Depth1.Registration was successfully set.
14133019	[INFO]	XnProperty.cpp	74	Setting Image1.Mirror to 1...
14145240	[INFO]	XnProperty.cpp	151	Property Image1.FirmwareMirror was changed to 1.
14145284	[INFO]	XnProperty.cpp	151	Property Image1.Mirror was changed to 1.
14145297	[INFO]	XnProperty.cpp	101	Image1.Mirror was successfully set.
31432150	[INFO]	XnOpenNI.cpp	1459	Destroying node 'User1'
31440307	[INFO]	XnOpenNI.cpp	1459	Destroying node 'Depth1'
31440401	[INFO]	XnDeviceBase.cpp	1507	Destroying stream 'Depth1'...
31442042	[INFO]	XnOpenNI.cpp	1459	Destroying node 'Image1'
31442160	[INFO]	XnDeviceBase.cpp	1507	Destroying stream 'Image1'...
31443317	[INFO]	XnOpenNI.cpp	1459	Destroying node 'Device1'
