    1536	[INFO]	XnLog.cpp	165	OpenNI version is 1.0.0 (Build 25)-MacOSX (Jan  7 2011 14:20:18)
    1575	[INFO]	XnLog.cpp	173	Log system initialized. Console: 1, File: 1, Severity: INFO, Masks: ALL
    1598	[INFO]	XnLog.cpp	173	Log system initialized. Console: 1, File: 1, Severity: INFO, Masks: ALL
    2952	[INFO]	XnUSBLinux-x86.cpp	98	USB is initialized.
 2893561	[INFO]	XnOpenNI.cpp	1261	Creating node 'Device1' of type Device...
 2894348	[INFO]	XnDeviceModule.cpp	431	Module 'Device' configuration was loaded from file.
 3223004	[INFO]	XnDeviceSensorIO.cpp	135	Connected to USB device
 3223054	[INFO]	XnProperty.cpp	151	Property Device.USBPath was changed to 045e/02ae@250/10.
 3230171	[INFO]	XnHostProtocol.cpp	825	Hardware versions: FW=5.1.4 (7) HW=4 Chip=2 Sensor=4 SYS=7
 4640609	[INFO]	XnProperty.cpp	151	Property Device.ID was changed to 0.
 4640688	[INFO]	XnSensor.cpp	182	Device sensor initialized
 4640775	[INFO]	XnOpenNI.cpp	1261	Creating node 'Depth1' of type Depth...
 4640813	[INFO]	XnDeviceBase.cpp	1383	Creating stream 'Depth1' of type 'Depth'...
 4640830	[INFO]	XnProperty.cpp	74	Setting Device.ReadData to 1...
 4640860	[INFO]	XnDeviceSensorIO.cpp	298	Endpoints open
 4653046	[INFO]	XnProperty.cpp	151	Property Device.ReadData was changed to 1.
 4653096	[INFO]	XnProperty.cpp	101	Device.ReadData was successfully set.
 4653441	[INFO]	XnProperty.cpp	151	Property Depth1.Resolution was changed to 0.
 4653461	[INFO]	XnProperty.cpp	151	Property Depth1.XRes was changed to 320.
 4653474	[INFO]	XnProperty.cpp	151	Property Depth1.YRes was changed to 240.
 4653486	[INFO]	XnProperty.cpp	151	Property Depth1.FPS was changed to 30.
 4653497	[INFO]	XnProperty.cpp	151	Property Depth1.OutputFormat was changed to 1.
 4653509	[INFO]	XnProperty.cpp	151	Property Depth1.BytesPerPixel was changed to 2.
 4653521	[INFO]	XnProperty.cpp	151	Property Depth1.RequiredDataSize was changed to 153600.
 4653540	[INFO]	XnProperty.cpp	151	Property Depth1.ParamCoeff was changed to 4.
 4653610	[INFO]	XnProperty.cpp	151	Property Depth1.ShiftScale was changed to 10.
 4666014	[INFO]	XnProperty.cpp	151	Property Depth1.ConstShift was changed to 200.
 4666105	[INFO]	XnProperty.cpp	151	Property Depth1.ZPD was changed to 120.
 4666202	[INFO]	XnProperty.cpp	151	Property Depth1.ZPPS was changed to 0.104200.
 4666217	[INFO]	XnProperty.cpp	151	Property Depth1.LDDIS was changed to 7.500000.
 4666307	[INFO]	XnProperty.cpp	151	Property Depth1.Gain was changed to 30.
 4666340	[INFO]	XnDeviceBase.cpp	1458	Stream 'Depth1' was initialized.
 4666354	[INFO]	XnDeviceBase.cpp	1463	'Depth1' stream was created.
 4666504	[INFO]	XnProperty.cpp	74	Setting Depth1.InputFormat to 3...
 4666525	[INFO]	XnProperty.cpp	151	Property Depth1.InputFormat was changed to 3.
 4666538	[INFO]	XnProperty.cpp	101	Depth1.InputFormat was successfully set.
 4666967	[INFO]	XnProperty.cpp	74	Setting Depth1.RegistrationType to 2...
 4666984	[INFO]	XnProperty.cpp	151	Property Depth1.RegistrationType was changed to 2.
 4666996	[INFO]	XnProperty.cpp	101	Depth1.RegistrationType was successfully set.
 4667451	[INFO]	XnDeviceModule.cpp	431	Module 'Depth1' configuration was loaded from file.
 4667627	[INFO]	XnProperty.cpp	74	Setting Depth1.FPS to 30...
 4667644	[INFO]	XnProperty.cpp	86	Depth1.FPS value did not change.
 4667657	[INFO]	XnProperty.cpp	74	Setting Depth1.YRes to 480...
 4667672	[INFO]	XnProperty.cpp	151	Property Depth1.Resolution was changed to 1.
 4667685	[INFO]	XnProperty.cpp	151	Property Depth1.XRes was changed to 640.
 4667698	[INFO]	XnProperty.cpp	151	Property Depth1.RequiredDataSize was changed to 307200.
 4667713	[INFO]	XnProperty.cpp	151	Property Depth1.YRes was changed to 480.
 4667725	[INFO]	XnProperty.cpp	151	Property Depth1.RequiredDataSize was changed to 614400.
 4667738	[INFO]	XnProperty.cpp	101	Depth1.YRes was successfully set.
 4667750	[INFO]	XnProperty.cpp	74	Setting Depth1.XRes to 640...
 4667761	[INFO]	XnProperty.cpp	86	Depth1.XRes value did not change.
 4667803	[INFO]	XnProperty.cpp	74	Setting Depth1.Mirror to 1...
 4667818	[INFO]	XnProperty.cpp	151	Property Depth1.FirmwareMirror was changed to 1.
 4667873	[INFO]	XnProperty.cpp	151	Property Depth1.Mirror was changed to 1.
 4667885	[INFO]	XnProperty.cpp	101	Depth1.Mirror was successfully set.
 7153813	[INFO]	XnOpenNI.cpp	1261	Creating node 'User1' of type User...
 7177393	[WARNING]	Linux-x86Threads.cpp	173	Failed to set thread priority: Invalid argument
 7177439	[WARNING]	XnUSBLinux-x86.cpp	126	USB events thread: Failed to set thread priority to critical. This might cause loss of data...
 7178280	[INFO]	XnUSBLinux-x86.cpp	1222	USB read thread was started.
 7178312	[INFO]	XnProperty.cpp	151	Property Depth1.ActualReadData was changed to 1.
 7649134	[INFO]	XnProperty.cpp	151	Property Depth1.State was changed to 1.
 7649179	[INFO]	XnDeviceBase.cpp	370	Stream Depth1 is open.
10123596	[INFO]	XnOpenNI.cpp	1261	Creating node 'Image1' of type Image...
10123642	[INFO]	XnDeviceBase.cpp	1383	Creating stream 'Image1' of type 'Image'...
10123822	[INFO]	XnProperty.cpp	151	Property Image1.Resolution was changed to 0.
10123842	[INFO]	XnProperty.cpp	151	Property Image1.XRes was changed to 320.
10123859	[INFO]	XnProperty.cpp	151	Property Image1.YRes was changed to 240.
10123878	[INFO]	XnProperty.cpp	151	Property Image1.FPS was changed to 30.
10123897	[INFO]	XnProperty.cpp	151	Property Image1.OutputFormat was changed to 5.
10123917	[INFO]	XnProperty.cpp	151	Property Image1.BytesPerPixel was changed to 3.
10123932	[INFO]	XnProperty.cpp	151	Property Image1.RequiredDataSize was changed to 230400.
10123973	[INFO]	XnDeviceBase.cpp	1458	Stream 'Image1' was initialized.
10123992	[INFO]	XnDeviceBase.cpp	1463	'Image1' stream was created.
10124080	[INFO]	XnProperty.cpp	74	Setting Image1.InputFormat to 6...
10124102	[INFO]	XnProperty.cpp	151	Property Image1.InputFormat was changed to 6.
10124115	[INFO]	XnProperty.cpp	101	Image1.InputFormat was successfully set.
10124522	[INFO]	XnDeviceModule.cpp	431	Module 'Image1' configuration was loaded from file.
10124621	[INFO]	XnProperty.cpp	74	Setting Image1.FPS to 30...
10124640	[INFO]	XnProperty.cpp	86	Image1.FPS value did not change.
10124658	[INFO]	XnProperty.cpp	74	Setting Image1.YRes to 480...
10124676	[INFO]	XnProperty.cpp	151	Property Image1.Resolution was changed to 1.
10124691	[INFO]	XnProperty.cpp	151	Property Image1.XRes was changed to 640.
10124709	[INFO]	XnProperty.cpp	151	Property Image1.RequiredDataSize was changed to 460800.
10124731	[INFO]	XnProperty.cpp	151	Property Image1.YRes was changed to 480.
10124746	[INFO]	XnProperty.cpp	151	Property Image1.RequiredDataSize was changed to 921600.
10124758	[INFO]	XnProperty.cpp	101	Image1.YRes was successfully set.
10124771	[INFO]	XnProperty.cpp	74	Setting Image1.XRes to 640...
10124782	[INFO]	XnProperty.cpp	86	Image1.XRes value did not change.
10125640	[INFO]	XnUSBLinux-x86.cpp	1222	USB read thread was started.
10125673	[INFO]	XnProperty.cpp	151	Property Image1.ActualReadData was changed to 1.
10281711	[WARNING]	XnDepthProcessor.cpp	133	Read: Depth buffer is corrupt. Size is 598784 (!= 614400)
10281761	[WARNING]	XnFrameStreamProcessor.cpp	132	Depth frame is corrupt!
10317916	[WARNING]	XnDepthProcessor.cpp	133	Read: Depth buffer is corrupt. Size is 547104 (!= 614400)
10317979	[WARNING]	XnFrameStreamProcessor.cpp	132	Depth frame is corrupt!
13221787	[WARNING]	XnDepthProcessor.cpp	133	Read: Depth buffer is corrupt. Size is 592240 (!= 614400)
13222786	[WARNING]	XnFrameStreamProcessor.cpp	132	Depth frame is corrupt!
13326060	[INFO]	XnProperty.cpp	151	Property Image1.State was changed to 1.
13326105	[INFO]	XnDeviceBase.cpp	370	Stream Image1 is open.
13326320	[INFO]	XnProperty.cpp	74	Setting Depth1.Registration to 1...
13483573	[INFO]	XnProperty.cpp	151	Property Depth1.Registration was changed to 1.
13483625	[INFO]	XnProperty.cpp	101	Depth1.Registration was successfully set.
13483684	[INFO]	XnProperty.cpp	74	Setting Image1.Mirror to 1...
13495822	[INFO]	XnProperty.cpp	151	Property Image1.FirmwareMirror was changed to 1.
13495869	[INFO]	XnProperty.cpp	151	Property Image1.Mirror was changed to 1.
13495889	[INFO]	XnProperty.cpp	101	Image1.Mirror was successfully set.
