    1686	[INFO]	XnLog.cpp	165	OpenNI version is 1.0.0 (Build 25)-MacOSX (Jan  7 2011 14:20:18)
    1739	[INFO]	XnLog.cpp	173	Log system initialized. Console: 1, File: 1, Severity: INFO, Masks: ALL
    1763	[INFO]	XnLog.cpp	173	Log system initialized. Console: 1, File: 1, Severity: INFO, Masks: ALL
    2944	[INFO]	XnUSBLinux-x86.cpp	98	USB is initialized.
 3640285	[INFO]	XnOpenNI.cpp	1261	Creating node 'Device1' of type Device...
 3641032	[INFO]	XnDeviceModule.cpp	431	Module 'Device' configuration was loaded from file.
 3978395	[INFO]	XnDeviceSensorIO.cpp	135	Connected to USB device
 3978446	[INFO]	XnProperty.cpp	151	Property Device.USBPath was changed to 045e/02ae@250/10.
 3986075	[INFO]	XnHostProtocol.cpp	825	Hardware versions: FW=5.1.4 (7) HW=4 Chip=2 Sensor=4 SYS=7
 5396793	[INFO]	XnProperty.cpp	151	Property Device.ID was changed to 0.
 5396895	[INFO]	XnSensor.cpp	182	Device sensor initialized
 5396984	[INFO]	XnOpenNI.cpp	1261	Creating node 'Depth1' of type Depth...
 5397028	[INFO]	XnDeviceBase.cpp	1383	Creating stream 'Depth1' of type 'Depth'...
 5397054	[INFO]	XnProperty.cpp	74	Setting Device.ReadData to 1...
 5397094	[INFO]	XnDeviceSensorIO.cpp	298	Endpoints open
 5409323	[INFO]	XnProperty.cpp	151	Property Device.ReadData was changed to 1.
 5409365	[INFO]	XnProperty.cpp	101	Device.ReadData was successfully set.
 5409726	[INFO]	XnProperty.cpp	151	Property Depth1.Resolution was changed to 0.
 5409745	[INFO]	XnProperty.cpp	151	Property Depth1.XRes was changed to 320.
 5409759	[INFO]	XnProperty.cpp	151	Property Depth1.YRes was changed to 240.
 5409771	[INFO]	XnProperty.cpp	151	Property Depth1.FPS was changed to 30.
 5409782	[INFO]	XnProperty.cpp	151	Property Depth1.OutputFormat was changed to 1.
 5409793	[INFO]	XnProperty.cpp	151	Property Depth1.BytesPerPixel was changed to 2.
 5409805	[INFO]	XnProperty.cpp	151	Property Depth1.RequiredDataSize was changed to 153600.
 5409822	[INFO]	XnProperty.cpp	151	Property Depth1.ParamCoeff was changed to 4.
 5409882	[INFO]	XnProperty.cpp	151	Property Depth1.ShiftScale was changed to 10.
 5422223	[INFO]	XnProperty.cpp	151	Property Depth1.ConstShift was changed to 200.
 5422318	[INFO]	XnProperty.cpp	151	Property Depth1.ZPD was changed to 120.
 5422415	[INFO]	XnProperty.cpp	151	Property Depth1.ZPPS was changed to 0.104200.
 5422430	[INFO]	XnProperty.cpp	151	Property Depth1.LDDIS was changed to 7.500000.
 5422517	[INFO]	XnProperty.cpp	151	Property Depth1.Gain was changed to 30.
 5422559	[INFO]	XnDeviceBase.cpp	1458	Stream 'Depth1' was initialized.
 5422582	[INFO]	XnDeviceBase.cpp	1463	'Depth1' stream was created.
 5422746	[INFO]	XnProperty.cpp	74	Setting Depth1.InputFormat to 3...
 5422769	[INFO]	XnProperty.cpp	151	Property Depth1.InputFormat was changed to 3.
 5422782	[INFO]	XnProperty.cpp	101	Depth1.InputFormat was successfully set.
 5423267	[INFO]	XnProperty.cpp	74	Setting Depth1.RegistrationType to 2...
 5423295	[INFO]	XnProperty.cpp	151	Property Depth1.RegistrationType was changed to 2.
 5423314	[INFO]	XnProperty.cpp	101	Depth1.RegistrationType was successfully set.
 5423805	[INFO]	XnDeviceModule.cpp	431	Module 'Depth1' configuration was loaded from file.
 5424026	[INFO]	XnProperty.cpp	74	Setting Depth1.FPS to 30...
 5424049	[INFO]	XnProperty.cpp	86	Depth1.FPS value did not change.
 5424067	[INFO]	XnProperty.cpp	74	Setting Depth1.YRes to 480...
 5424092	[INFO]	XnProperty.cpp	151	Property Depth1.Resolution was changed to 1.
 5424113	[INFO]	XnProperty.cpp	151	Property Depth1.XRes was changed to 640.
 5424133	[INFO]	XnProperty.cpp	151	Property Depth1.RequiredDataSize was changed to 307200.
 5424156	[INFO]	XnProperty.cpp	151	Property Depth1.YRes was changed to 480.
 5424175	[INFO]	XnProperty.cpp	151	Property Depth1.RequiredDataSize was changed to 614400.
 5424199	[INFO]	XnProperty.cpp	101	Depth1.YRes was successfully set.
 5424230	[INFO]	XnProperty.cpp	74	Setting Depth1.XRes to 640...
 5424251	[INFO]	XnProperty.cpp	86	Depth1.XRes value did not change.
 5424335	[INFO]	XnProperty.cpp	74	Setting Depth1.Mirror to 1...
 5424366	[INFO]	XnProperty.cpp	151	Property Depth1.FirmwareMirror was changed to 1.
 5424438	[INFO]	XnProperty.cpp	151	Property Depth1.Mirror was changed to 1.
 5424465	[INFO]	XnProperty.cpp	101	Depth1.Mirror was successfully set.
 7925618	[INFO]	XnOpenNI.cpp	1261	Creating node 'User1' of type User...
 7950409	[WARNING]	Linux-x86Threads.cpp	173	Failed to set thread priority: Invalid argument
 7950455	[WARNING]	XnUSBLinux-x86.cpp	126	USB events thread: Failed to set thread priority to critical. This might cause loss of data...
 7951288	[INFO]	XnUSBLinux-x86.cpp	1222	USB read thread was started.
 7951316	[INFO]	XnProperty.cpp	151	Property Depth1.ActualReadData was changed to 1.
 8422966	[INFO]	XnProperty.cpp	151	Property Depth1.State was changed to 1.
 8423016	[INFO]	XnDeviceBase.cpp	370	Stream Depth1 is open.
10671920	[INFO]	XnOpenNI.cpp	1261	Creating node 'Image1' of type Image...
10672094	[INFO]	XnDeviceBase.cpp	1383	Creating stream 'Image1' of type 'Image'...
10672369	[INFO]	XnProperty.cpp	151	Property Image1.Resolution was changed to 0.
10672396	[INFO]	XnProperty.cpp	151	Property Image1.XRes was changed to 320.
10672415	[INFO]	XnProperty.cpp	151	Property Image1.YRes was changed to 240.
10672434	[INFO]	XnProperty.cpp	151	Property Image1.FPS was changed to 30.
10672450	[INFO]	XnProperty.cpp	151	Property Image1.OutputFormat was changed to 5.
10672467	[INFO]	XnProperty.cpp	151	Property Image1.BytesPerPixel was changed to 3.
10672483	[INFO]	XnProperty.cpp	151	Property Image1.RequiredDataSize was changed to 230400.
10672523	[INFO]	XnDeviceBase.cpp	1458	Stream 'Image1' was initialized.
10672546	[INFO]	XnDeviceBase.cpp	1463	'Image1' stream was created.
10672702	[INFO]	XnProperty.cpp	74	Setting Image1.InputFormat to 6...
10672732	[INFO]	XnProperty.cpp	151	Property Image1.InputFormat was changed to 6.
10672751	[INFO]	XnProperty.cpp	101	Image1.InputFormat was successfully set.
10673358	[INFO]	XnDeviceModule.cpp	431	Module 'Image1' configuration was loaded from file.
10673497	[INFO]	XnProperty.cpp	74	Setting Image1.FPS to 30...
10673525	[INFO]	XnProperty.cpp	86	Image1.FPS value did not change.
10673549	[INFO]	XnProperty.cpp	74	Setting Image1.YRes to 480...
10673572	[INFO]	XnProperty.cpp	151	Property Image1.Resolution was changed to 1.
10673595	[INFO]	XnProperty.cpp	151	Property Image1.XRes was changed to 640.
10673617	[INFO]	XnProperty.cpp	151	Property Image1.RequiredDataSize was changed to 460800.
10673640	[INFO]	XnProperty.cpp	151	Property Image1.YRes was changed to 480.
10673659	[INFO]	XnProperty.cpp	151	Property Image1.RequiredDataSize was changed to 921600.
10673680	[INFO]	XnProperty.cpp	101	Image1.YRes was successfully set.
10673700	[INFO]	XnProperty.cpp	74	Setting Image1.XRes to 640...
10673718	[INFO]	XnProperty.cpp	86	Image1.XRes value did not change.
10674840	[INFO]	XnUSBLinux-x86.cpp	1222	USB read thread was started.
10674881	[INFO]	XnProperty.cpp	151	Property Image1.ActualReadData was changed to 1.
10756015	[WARNING]	XnDepthProcessor.cpp	133	Read: Depth buffer is corrupt. Size is 592464 (!= 614400)
10756062	[WARNING]	XnFrameStreamProcessor.cpp	132	Depth frame is corrupt!
10856010	[WARNING]	XnDepthProcessor.cpp	133	Read: Depth buffer is corrupt. Size is 545920 (!= 614400)
10856068	[WARNING]	XnFrameStreamProcessor.cpp	132	Depth frame is corrupt!
10888015	[WARNING]	XnDepthProcessor.cpp	133	Read: Depth buffer is corrupt. Size is 594832 (!= 614400)
10888061	[WARNING]	XnFrameStreamProcessor.cpp	132	Depth frame is corrupt!
13760457	[WARNING]	XnDepthProcessor.cpp	133	Read: Depth buffer is corrupt. Size is 597200 (!= 614400)
13760506	[WARNING]	XnFrameStreamProcessor.cpp	132	Depth frame is corrupt!
13877075	[INFO]	XnProperty.cpp	151	Property Image1.State was changed to 1.
13877118	[INFO]	XnDeviceBase.cpp	370	Stream Image1 is open.
13877299	[INFO]	XnProperty.cpp	74	Setting Depth1.Registration to 1...
13892535	[WARNING]	XnDepthProcessor.cpp	133	Read: Depth buffer is corrupt. Size is 591024 (!= 614400)
13892582	[WARNING]	XnFrameStreamProcessor.cpp	132	Depth frame is corrupt!
14029327	[INFO]	XnProperty.cpp	151	Property Depth1.Registration was changed to 1.
14029380	[INFO]	XnProperty.cpp	101	Depth1.Registration was successfully set.
14029463	[INFO]	XnProperty.cpp	74	Setting Image1.Mirror to 1...
14041725	[INFO]	XnProperty.cpp	151	Property Image1.FirmwareMirror was changed to 1.
14041773	[INFO]	XnProperty.cpp	151	Property Image1.Mirror was changed to 1.
14041791	[INFO]	XnProperty.cpp	101	Image1.Mirror was successfully set.
37207364	[INFO]	XnOpenNI.cpp	1459	Destroying node 'User1'
37215823	[INFO]	XnOpenNI.cpp	1459	Destroying node 'Depth1'
37215911	[INFO]	XnDeviceBase.cpp	1507	Destroying stream 'Depth1'...
37217377	[INFO]	XnOpenNI.cpp	1459	Destroying node 'Image1'
37217442	[INFO]	XnDeviceBase.cpp	1507	Destroying stream 'Image1'...
37218296	[INFO]	XnOpenNI.cpp	1459	Destroying node 'Device1'
