    1904	[INFO]	XnLog.cpp	165	OpenNI version is 1.0.0 (Build 25)-MacOSX (Jan  7 2011 14:20:18)
    1961	[INFO]	XnLog.cpp	173	Log system initialized. Console: 1, File: 1, Severity: INFO, Masks: ALL
    1995	[INFO]	XnLog.cpp	173	Log system initialized. Console: 1, File: 1, Severity: INFO, Masks: ALL
    3434	[INFO]	XnUSBLinux-x86.cpp	98	USB is initialized.
 2590312	[INFO]	XnOpenNI.cpp	1261	Creating node 'Device1' of type Device...
 2591667	[INFO]	XnDeviceModule.cpp	431	Module 'Device' configuration was loaded from file.
 2807917	[INFO]	XnDeviceSensorIO.cpp	135	Connected to USB device
 2807974	[INFO]	XnProperty.cpp	151	Property Device.USBPath was changed to 045e/02ae@253/8.
 2815879	[INFO]	XnHostProtocol.cpp	825	Hardware versions: FW=5.1.4 (7) HW=4 Chip=2 Sensor=4 SYS=7
 4227150	[INFO]	XnProperty.cpp	151	Property Device.ID was changed to 0.
 4227234	[INFO]	XnSensor.cpp	182	Device sensor initialized
 4227345	[INFO]	XnOpenNI.cpp	1261	Creating node 'Depth1' of type Depth...
 4227398	[INFO]	XnDeviceBase.cpp	1383	Creating stream 'Depth1' of type 'Depth'...
 4227425	[INFO]	XnProperty.cpp	74	Setting Device.ReadData to 1...
 4227469	[INFO]	XnDeviceSensorIO.cpp	298	Endpoints open
 4239849	[INFO]	XnProperty.cpp	151	Property Device.ReadData was changed to 1.
 4239914	[INFO]	XnProperty.cpp	101	Device.ReadData was successfully set.
 4240564	[INFO]	XnProperty.cpp	151	Property Depth1.Resolution was changed to 0.
 4240607	[INFO]	XnProperty.cpp	151	Property Depth1.XRes was changed to 320.
 4240647	[INFO]	XnProperty.cpp	151	Property Depth1.YRes was changed to 240.
 4240688	[INFO]	XnProperty.cpp	151	Property Depth1.FPS was changed to 30.
 4240724	[INFO]	XnProperty.cpp	151	Property Depth1.OutputFormat was changed to 1.
 4240760	[INFO]	XnProperty.cpp	151	Property Depth1.BytesPerPixel was changed to 2.
 4240796	[INFO]	XnProperty.cpp	151	Property Depth1.RequiredDataSize was changed to 153600.
 4240840	[INFO]	XnProperty.cpp	151	Property Depth1.ParamCoeff was changed to 4.
 4240970	[INFO]	XnProperty.cpp	151	Property Depth1.ShiftScale was changed to 10.
 4253593	[INFO]	XnProperty.cpp	151	Property Depth1.ConstShift was changed to 200.
 4253724	[INFO]	XnProperty.cpp	151	Property Depth1.ZPD was changed to 120.
 4253886	[INFO]	XnProperty.cpp	151	Property Depth1.ZPPS was changed to 0.104200.
 4253910	[INFO]	XnProperty.cpp	151	Property Depth1.LDDIS was changed to 7.500000.
 4254049	[INFO]	XnProperty.cpp	151	Property Depth1.Gain was changed to 30.
 4254090	[INFO]	XnDeviceBase.cpp	1458	Stream 'Depth1' was initialized.
 4254112	[INFO]	XnDeviceBase.cpp	1463	'Depth1' stream was created.
 4254340	[INFO]	XnProperty.cpp	74	Setting Depth1.InputFormat to 3...
 4254375	[INFO]	XnProperty.cpp	151	Property Depth1.InputFormat was changed to 3.
 4254396	[INFO]	XnProperty.cpp	101	Depth1.InputFormat was successfully set.
 4255100	[INFO]	XnProperty.cpp	74	Setting Depth1.RegistrationType to 2...
 4255129	[INFO]	XnProperty.cpp	151	Property Depth1.RegistrationType was changed to 2.
 4255147	[INFO]	XnProperty.cpp	101	Depth1.RegistrationType was successfully set.
 4255889	[INFO]	XnDeviceModule.cpp	431	Module 'Depth1' configuration was loaded from file.
 4256149	[INFO]	XnProperty.cpp	74	Setting Depth1.FPS to 30...
 4256174	[INFO]	XnProperty.cpp	86	Depth1.FPS value did not change.
 4256195	[INFO]	XnProperty.cpp	74	Setting Depth1.YRes to 480...
 4256218	[INFO]	XnProperty.cpp	151	Property Depth1.Resolution was changed to 1.
 4256240	[INFO]	XnProperty.cpp	151	Property Depth1.XRes was changed to 640.
 4256260	[INFO]	XnProperty.cpp	151	Property Depth1.RequiredDataSize was changed to 307200.
 4256282	[INFO]	XnProperty.cpp	151	Property Depth1.YRes was changed to 480.
 4256301	[INFO]	XnProperty.cpp	151	Property Depth1.RequiredDataSize was changed to 614400.
 4256322	[INFO]	XnProperty.cpp	101	Depth1.YRes was successfully set.
 4256342	[INFO]	XnProperty.cpp	74	Setting Depth1.XRes to 640...
 4256360	[INFO]	XnProperty.cpp	86	Depth1.XRes value did not change.
 4256422	[INFO]	XnProperty.cpp	74	Setting Depth1.Mirror to 1...
 4256445	[INFO]	XnProperty.cpp	151	Property Depth1.FirmwareMirror was changed to 1.
 4256509	[INFO]	XnProperty.cpp	151	Property Depth1.Mirror was changed to 1.
 4256527	[INFO]	XnProperty.cpp	101	Depth1.Mirror was successfully set.
 5893725	[INFO]	XnOpenNI.cpp	1261	Creating node 'User1' of type User...
 5920253	[WARNING]	Linux-x86Threads.cpp	173	Failed to set thread priority: Invalid argument
 5920300	[WARNING]	XnUSBLinux-x86.cpp	126	USB events thread: Failed to set thread priority to critical. This might cause loss of data...
 5921178	[INFO]	XnUSBLinux-x86.cpp	1222	USB read thread was started.
 5921213	[INFO]	XnProperty.cpp	151	Property Depth1.ActualReadData was changed to 1.
 6392011	[INFO]	XnProperty.cpp	151	Property Depth1.State was changed to 1.
 6392055	[INFO]	XnDeviceBase.cpp	370	Stream Depth1 is open.
 7857645	[WARNING]	XnDepthProcessor.cpp	133	Read: Depth buffer is corrupt. Size is 601568 (!= 614400)
 7857688	[WARNING]	XnFrameStreamProcessor.cpp	132	Depth frame is corrupt!
 8742833	[INFO]	XnOpenNI.cpp	1261	Creating node 'Image1' of type Image...
 8742884	[INFO]	XnDeviceBase.cpp	1383	Creating stream 'Image1' of type 'Image'...
 8743097	[INFO]	XnProperty.cpp	151	Property Image1.Resolution was changed to 0.
 8743123	[INFO]	XnProperty.cpp	151	Property Image1.XRes was changed to 320.
 8743142	[INFO]	XnProperty.cpp	151	Property Image1.YRes was changed to 240.
 8743160	[INFO]	XnProperty.cpp	151	Property Image1.FPS was changed to 30.
 8743178	[INFO]	XnProperty.cpp	151	Property Image1.OutputFormat was changed to 5.
 8743197	[INFO]	XnProperty.cpp	151	Property Image1.BytesPerPixel was changed to 3.
 8743215	[INFO]	XnProperty.cpp	151	Property Image1.RequiredDataSize was changed to 230400.
 8743256	[INFO]	XnDeviceBase.cpp	1458	Stream 'Image1' was initialized.
 8743277	[INFO]	XnDeviceBase.cpp	1463	'Image1' stream was created.
 8743407	[INFO]	XnProperty.cpp	74	Setting Image1.InputFormat to 6...
 8743439	[INFO]	XnProperty.cpp	151	Property Image1.InputFormat was changed to 6.
 8743458	[INFO]	XnProperty.cpp	101	Image1.InputFormat was successfully set.
 8744062	[INFO]	XnDeviceModule.cpp	431	Module 'Image1' configuration was loaded from file.
 8744177	[INFO]	XnProperty.cpp	74	Setting Image1.FPS to 30...
 8744200	[INFO]	XnProperty.cpp	86	Image1.FPS value did not change.
 8744219	[INFO]	XnProperty.cpp	74	Setting Image1.YRes to 480...
 8744238	[INFO]	XnProperty.cpp	151	Property Image1.Resolution was changed to 1.
 8744255	[INFO]	XnProperty.cpp	151	Property Image1.XRes was changed to 640.
 8744275	[INFO]	XnProperty.cpp	151	Property Image1.RequiredDataSize was changed to 460800.
 8744299	[INFO]	XnProperty.cpp	151	Property Image1.YRes was changed to 480.
 8744321	[INFO]	XnProperty.cpp	151	Property Image1.RequiredDataSize was changed to 921600.
 8744344	[INFO]	XnProperty.cpp	101	Image1.YRes was successfully set.
 8744368	[INFO]	XnProperty.cpp	74	Setting Image1.XRes to 640...
 8744388	[INFO]	XnProperty.cpp	86	Image1.XRes value did not change.
 8745458	[INFO]	XnUSBLinux-x86.cpp	1222	USB read thread was started.
 8745504	[INFO]	XnProperty.cpp	151	Property Image1.ActualReadData was changed to 1.
 8925783	[WARNING]	XnDepthProcessor.cpp	133	Read: Depth buffer is corrupt. Size is 538688 (!= 614400)
 8925828	[WARNING]	XnFrameStreamProcessor.cpp	132	Depth frame is corrupt!
11946666	[INFO]	XnProperty.cpp	151	Property Image1.State was changed to 1.
11946707	[INFO]	XnDeviceBase.cpp	370	Stream Image1 is open.
11946893	[INFO]	XnProperty.cpp	74	Setting Depth1.Registration to 1...
12099260	[INFO]	XnProperty.cpp	151	Property Depth1.Registration was changed to 1.
12099302	[INFO]	XnProperty.cpp	101	Depth1.Registration was successfully set.
12099346	[INFO]	XnProperty.cpp	74	Setting Image1.Mirror to 1...
12111546	[INFO]	XnProperty.cpp	151	Property Image1.FirmwareMirror was changed to 1.
12111590	[INFO]	XnProperty.cpp	151	Property Image1.Mirror was changed to 1.
12111603	[INFO]	XnProperty.cpp	101	Image1.Mirror was successfully set.
19138151	[INFO]	XnOpenNI.cpp	1459	Destroying node 'User1'
19146165	[INFO]	XnOpenNI.cpp	1459	Destroying node 'Depth1'
19146255	[INFO]	XnDeviceBase.cpp	1507	Destroying stream 'Depth1'...
19147905	[INFO]	XnOpenNI.cpp	1459	Destroying node 'Image1'
19148009	[INFO]	XnDeviceBase.cpp	1507	Destroying stream 'Image1'...
19149033	[INFO]	XnOpenNI.cpp	1459	Destroying node 'Device1'
