    1593	[INFO]	XnLog.cpp	165	OpenNI version is 1.0.0 (Build 25)-MacOSX (Jan  7 2011 14:20:18)
    1638	[INFO]	XnLog.cpp	173	Log system initialized. Console: 1, File: 1, Severity: INFO, Masks: ALL
    1662	[INFO]	XnLog.cpp	173	Log system initialized. Console: 1, File: 1, Severity: INFO, Masks: ALL
    2769	[INFO]	XnUSBLinux-x86.cpp	98	USB is initialized.
 2908409	[INFO]	XnOpenNI.cpp	1261	Creating node 'Device1' of type Device...
 2909834	[INFO]	XnDeviceModule.cpp	431	Module 'Device' configuration was loaded from file.
 3231828	[INFO]	XnDeviceSensorIO.cpp	135	Connected to USB device
 3231878	[INFO]	XnProperty.cpp	151	Property Device.USBPath was changed to 045e/02ae@253/8.
 3239219	[INFO]	XnHostProtocol.cpp	825	Hardware versions: FW=5.1.4 (7) HW=4 Chip=2 Sensor=4 SYS=7
 4653103	[INFO]	XnProperty.cpp	151	Property Device.ID was changed to 0.
 4653188	[INFO]	XnSensor.cpp	182	Device sensor initialized
 4653296	[INFO]	XnOpenNI.cpp	1261	Creating node 'Depth1' of type Depth...
 4653357	[INFO]	XnDeviceBase.cpp	1383	Creating stream 'Depth1' of type 'Depth'...
 4653396	[INFO]	XnProperty.cpp	74	Setting Device.ReadData to 1...
 4653455	[INFO]	XnDeviceSensorIO.cpp	298	Endpoints open
 4665880	[INFO]	XnProperty.cpp	151	Property Device.ReadData was changed to 1.
 4665926	[INFO]	XnProperty.cpp	101	Device.ReadData was successfully set.
 4666356	[INFO]	XnProperty.cpp	151	Property Depth1.Resolution was changed to 0.
 4666381	[INFO]	XnProperty.cpp	151	Property Depth1.XRes was changed to 320.
 4666398	[INFO]	XnProperty.cpp	151	Property Depth1.YRes was changed to 240.
 4666414	[INFO]	XnProperty.cpp	151	Property Depth1.FPS was changed to 30.
 4666430	[INFO]	XnProperty.cpp	151	Property Depth1.OutputFormat was changed to 1.
 4666445	[INFO]	XnProperty.cpp	151	Property Depth1.BytesPerPixel was changed to 2.
 4666462	[INFO]	XnProperty.cpp	151	Property Depth1.RequiredDataSize was changed to 153600.
 4666482	[INFO]	XnProperty.cpp	151	Property Depth1.ParamCoeff was changed to 4.
 4666560	[INFO]	XnProperty.cpp	151	Property Depth1.ShiftScale was changed to 10.
 4678835	[INFO]	XnProperty.cpp	151	Property Depth1.ConstShift was changed to 200.
 4678962	[INFO]	XnProperty.cpp	151	Property Depth1.ZPD was changed to 120.
 4679107	[INFO]	XnProperty.cpp	151	Property Depth1.ZPPS was changed to 0.104200.
 4679134	[INFO]	XnProperty.cpp	151	Property Depth1.LDDIS was changed to 7.500000.
 4679276	[INFO]	XnProperty.cpp	151	Property Depth1.Gain was changed to 30.
 4679325	[INFO]	XnDeviceBase.cpp	1458	Stream 'Depth1' was initialized.
 4679351	[INFO]	XnDeviceBase.cpp	1463	'Depth1' stream was created.
 4679551	[INFO]	XnProperty.cpp	74	Setting Depth1.InputFormat to 3...
 4679583	[INFO]	XnProperty.cpp	151	Property Depth1.InputFormat was changed to 3.
 4679609	[INFO]	XnProperty.cpp	101	Depth1.InputFormat was successfully set.
 4680161	[INFO]	XnProperty.cpp	74	Setting Depth1.RegistrationType to 2...
 4680184	[INFO]	XnProperty.cpp	151	Property Depth1.RegistrationType was changed to 2.
 4680200	[INFO]	XnProperty.cpp	101	Depth1.RegistrationType was successfully set.
 4680730	[INFO]	XnDeviceModule.cpp	431	Module 'Depth1' configuration was loaded from file.
 4680935	[INFO]	XnProperty.cpp	74	Setting Depth1.FPS to 30...
 4680955	[INFO]	XnProperty.cpp	86	Depth1.FPS value did not change.
 4680969	[INFO]	XnProperty.cpp	74	Setting Depth1.YRes to 480...
 4680986	[INFO]	XnProperty.cpp	151	Property Depth1.Resolution was changed to 1.
 4681001	[INFO]	XnProperty.cpp	151	Property Depth1.XRes was changed to 640.
 4681015	[INFO]	XnProperty.cpp	151	Property Depth1.RequiredDataSize was changed to 307200.
 4681032	[INFO]	XnProperty.cpp	151	Property Depth1.YRes was changed to 480.
 4681046	[INFO]	XnProperty.cpp	151	Property Depth1.RequiredDataSize was changed to 614400.
 4681061	[INFO]	XnProperty.cpp	101	Depth1.YRes was successfully set.
 4681075	[INFO]	XnProperty.cpp	74	Setting Depth1.XRes to 640...
 4681087	[INFO]	XnProperty.cpp	86	Depth1.XRes value did not change.
 4681134	[INFO]	XnProperty.cpp	74	Setting Depth1.Mirror to 1...
 4681151	[INFO]	XnProperty.cpp	151	Property Depth1.FirmwareMirror was changed to 1.
 4681199	[INFO]	XnProperty.cpp	151	Property Depth1.Mirror was changed to 1.
 4681212	[INFO]	XnProperty.cpp	101	Depth1.Mirror was successfully set.
 7620366	[INFO]	XnOpenNI.cpp	1261	Creating node 'User1' of type User...
 7646587	[WARNING]	Linux-x86Threads.cpp	173	Failed to set thread priority: Invalid argument
 7646633	[WARNING]	XnUSBLinux-x86.cpp	126	USB events thread: Failed to set thread priority to critical. This might cause loss of data...
 7647355	[INFO]	XnUSBLinux-x86.cpp	1222	USB read thread was started.
 7647380	[INFO]	XnProperty.cpp	151	Property Depth1.ActualReadData was changed to 1.
 8117787	[INFO]	XnProperty.cpp	151	Property Depth1.State was changed to 1.
 8117839	[INFO]	XnDeviceBase.cpp	370	Stream Depth1 is open.
11440794	[INFO]	XnOpenNI.cpp	1261	Creating node 'Image1' of type Image...
11440845	[INFO]	XnDeviceBase.cpp	1383	Creating stream 'Image1' of type 'Image'...
11441033	[INFO]	XnProperty.cpp	151	Property Image1.Resolution was changed to 0.
11441053	[INFO]	XnProperty.cpp	151	Property Image1.XRes was changed to 320.
11441066	[INFO]	XnProperty.cpp	151	Property Image1.YRes was changed to 240.
11441078	[INFO]	XnProperty.cpp	151	Property Image1.FPS was changed to 30.
11441089	[INFO]	XnProperty.cpp	151	Property Image1.OutputFormat was changed to 5.
11441101	[INFO]	XnProperty.cpp	151	Property Image1.BytesPerPixel was changed to 3.
11441113	[INFO]	XnProperty.cpp	151	Property Image1.RequiredDataSize was changed to 230400.
11441140	[INFO]	XnDeviceBase.cpp	1458	Stream 'Image1' was initialized.
11441154	[INFO]	XnDeviceBase.cpp	1463	'Image1' stream was created.
11441257	[INFO]	XnProperty.cpp	74	Setting Image1.InputFormat to 6...
11441279	[INFO]	XnProperty.cpp	151	Property Image1.InputFormat was changed to 6.
11441293	[INFO]	XnProperty.cpp	101	Image1.InputFormat was successfully set.
11441847	[INFO]	XnDeviceModule.cpp	431	Module 'Image1' configuration was loaded from file.
11441964	[INFO]	XnProperty.cpp	74	Setting Image1.FPS to 30...
11441988	[INFO]	XnProperty.cpp	86	Image1.FPS value did not change.
11442007	[INFO]	XnProperty.cpp	74	Setting Image1.YRes to 480...
11442027	[INFO]	XnProperty.cpp	151	Property Image1.Resolution was changed to 1.
11442046	[INFO]	XnProperty.cpp	151	Property Image1.XRes was changed to 640.
11442063	[INFO]	XnProperty.cpp	151	Property Image1.RequiredDataSize was changed to 460800.
11442083	[INFO]	XnProperty.cpp	151	Property Image1.YRes was changed to 480.
11442100	[INFO]	XnProperty.cpp	151	Property Image1.RequiredDataSize was changed to 921600.
11442120	[INFO]	XnProperty.cpp	101	Image1.YRes was successfully set.
11442141	[INFO]	XnProperty.cpp	74	Setting Image1.XRes to 640...
11442160	[INFO]	XnProperty.cpp	86	Image1.XRes value did not change.
11443289	[INFO]	XnUSBLinux-x86.cpp	1222	USB read thread was started.
11443335	[INFO]	XnProperty.cpp	151	Property Image1.ActualReadData was changed to 1.
11487634	[WARNING]	XnFrameStreamProcessor.cpp	140	Depth Frame Buffer overflow! current size: 612768
11487677	[WARNING]	XnFrameStreamProcessor.cpp	132	Depth frame is corrupt!
11519598	[WARNING]	XnDepthProcessor.cpp	133	Read: Depth buffer is corrupt. Size is 612768 (!= 614400)
11623636	[WARNING]	XnFrameStreamProcessor.cpp	140	Depth Frame Buffer overflow! current size: 612768
11623684	[WARNING]	XnFrameStreamProcessor.cpp	132	Depth frame is corrupt!
11651615	[WARNING]	XnDepthProcessor.cpp	133	Read: Depth buffer is corrupt. Size is 612768 (!= 614400)
14644496	[INFO]	XnProperty.cpp	151	Property Image1.State was changed to 1.
14644543	[INFO]	XnDeviceBase.cpp	370	Stream Image1 is open.
14644716	[INFO]	XnProperty.cpp	74	Setting Depth1.Registration to 1...
14656175	[WARNING]	XnDepthProcessor.cpp	133	Read: Depth buffer is corrupt. Size is 589536 (!= 614400)
14656221	[WARNING]	XnFrameStreamProcessor.cpp	132	Depth frame is corrupt!
14796132	[INFO]	XnProperty.cpp	151	Property Depth1.Registration was changed to 1.
14796177	[INFO]	XnProperty.cpp	101	Depth1.Registration was successfully set.
14796230	[INFO]	XnProperty.cpp	74	Setting Image1.Mirror to 1...
14808631	[INFO]	XnProperty.cpp	151	Property Image1.FirmwareMirror was changed to 1.
14808935	[INFO]	XnProperty.cpp	151	Property Image1.Mirror was changed to 1.
14808948	[INFO]	XnProperty.cpp	101	Image1.Mirror was successfully set.
35283339	[INFO]	XnOpenNI.cpp	1459	Destroying node 'User1'
35291012	[INFO]	XnOpenNI.cpp	1459	Destroying node 'Depth1'
35291101	[INFO]	XnDeviceBase.cpp	1507	Destroying stream 'Depth1'...
35292731	[INFO]	XnOpenNI.cpp	1459	Destroying node 'Image1'
35292801	[INFO]	XnDeviceBase.cpp	1507	Destroying stream 'Image1'...
35293849	[INFO]	XnOpenNI.cpp	1459	Destroying node 'Device1'
