    1869	[INFO]	XnLog.cpp	165	OpenNI version is 1.0.0 (Build 25)-MacOSX (Jan  7 2011 14:20:18)
    1931	[INFO]	XnLog.cpp	173	Log system initialized. Console: 1, File: 1, Severity: INFO, Masks: ALL
    1964	[INFO]	XnLog.cpp	173	Log system initialized. Console: 1, File: 1, Severity: INFO, Masks: ALL
    3502	[INFO]	XnUSBLinux-x86.cpp	98	USB is initialized.
 2928456	[INFO]	XnOpenNI.cpp	1261	Creating node 'Device1' of type Device...
 2929209	[INFO]	XnDeviceModule.cpp	431	Module 'Device' configuration was loaded from file.
 3264045	[INFO]	XnDeviceSensorIO.cpp	135	Connected to USB device
 3264103	[INFO]	XnProperty.cpp	151	Property Device.USBPath was changed to 045e/02ae@250/10.
 3272006	[INFO]	XnHostProtocol.cpp	825	Hardware versions: FW=5.1.4 (7) HW=4 Chip=2 Sensor=4 SYS=7
 4682117	[INFO]	XnProperty.cpp	151	Property Device.ID was changed to 0.
 4682216	[INFO]	XnSensor.cpp	182	Device sensor initialized
 4682375	[INFO]	XnOpenNI.cpp	1261	Creating node 'Depth1' of type Depth...
 4682427	[INFO]	XnDeviceBase.cpp	1383	Creating stream 'Depth1' of type 'Depth'...
 4682453	[INFO]	XnProperty.cpp	74	Setting Device.ReadData to 1...
 4682493	[INFO]	XnDeviceSensorIO.cpp	298	Endpoints open
 4694609	[INFO]	XnProperty.cpp	151	Property Device.ReadData was changed to 1.
 4694639	[INFO]	XnProperty.cpp	101	Device.ReadData was successfully set.
 4695005	[INFO]	XnProperty.cpp	151	Property Depth1.Resolution was changed to 0.
 4695029	[INFO]	XnProperty.cpp	151	Property Depth1.XRes was changed to 320.
 4695050	[INFO]	XnProperty.cpp	151	Property Depth1.YRes was changed to 240.
 4695070	[INFO]	XnProperty.cpp	151	Property Depth1.FPS was changed to 30.
 4695091	[INFO]	XnProperty.cpp	151	Property Depth1.OutputFormat was changed to 1.
 4695111	[INFO]	XnProperty.cpp	151	Property Depth1.BytesPerPixel was changed to 2.
 4695130	[INFO]	XnProperty.cpp	151	Property Depth1.RequiredDataSize was changed to 153600.
 4695155	[INFO]	XnProperty.cpp	151	Property Depth1.ParamCoeff was changed to 4.
 4695228	[INFO]	XnProperty.cpp	151	Property Depth1.ShiftScale was changed to 10.
 4707813	[INFO]	XnProperty.cpp	151	Property Depth1.ConstShift was changed to 200.
 4707907	[INFO]	XnProperty.cpp	151	Property Depth1.ZPD was changed to 120.
 4708004	[INFO]	XnProperty.cpp	151	Property Depth1.ZPPS was changed to 0.104200.
 4708019	[INFO]	XnProperty.cpp	151	Property Depth1.LDDIS was changed to 7.500000.
 4708111	[INFO]	XnProperty.cpp	151	Property Depth1.Gain was changed to 30.
 4708144	[INFO]	XnDeviceBase.cpp	1458	Stream 'Depth1' was initialized.
 4708157	[INFO]	XnDeviceBase.cpp	1463	'Depth1' stream was created.
 4708322	[INFO]	XnProperty.cpp	74	Setting Depth1.InputFormat to 3...
 4708343	[INFO]	XnProperty.cpp	151	Property Depth1.InputFormat was changed to 3.
 4708357	[INFO]	XnProperty.cpp	101	Depth1.InputFormat was successfully set.
 4708792	[INFO]	XnProperty.cpp	74	Setting Depth1.RegistrationType to 2...
 4708808	[INFO]	XnProperty.cpp	151	Property Depth1.RegistrationType was changed to 2.
 4708819	[INFO]	XnProperty.cpp	101	Depth1.RegistrationType was successfully set.
 4709279	[INFO]	XnDeviceModule.cpp	431	Module 'Depth1' configuration was loaded from file.
 4709448	[INFO]	XnProperty.cpp	74	Setting Depth1.FPS to 30...
 4709465	[INFO]	XnProperty.cpp	86	Depth1.FPS value did not change.
 4709477	[INFO]	XnProperty.cpp	74	Setting Depth1.YRes to 480...
 4709492	[INFO]	XnProperty.cpp	151	Property Depth1.Resolution was changed to 1.
 4709505	[INFO]	XnProperty.cpp	151	Property Depth1.XRes was changed to 640.
 4709518	[INFO]	XnProperty.cpp	151	Property Depth1.RequiredDataSize was changed to 307200.
 4709534	[INFO]	XnProperty.cpp	151	Property Depth1.YRes was changed to 480.
 4709546	[INFO]	XnProperty.cpp	151	Property Depth1.RequiredDataSize was changed to 614400.
 4709558	[INFO]	XnProperty.cpp	101	Depth1.YRes was successfully set.
 4709571	[INFO]	XnProperty.cpp	74	Setting Depth1.XRes to 640...
 4709583	[INFO]	XnProperty.cpp	86	Depth1.XRes value did not change.
 4709625	[INFO]	XnProperty.cpp	74	Setting Depth1.Mirror to 1...
 4709640	[INFO]	XnProperty.cpp	151	Property Depth1.FirmwareMirror was changed to 1.
 4709684	[INFO]	XnProperty.cpp	151	Property Depth1.Mirror was changed to 1.
 4709695	[INFO]	XnProperty.cpp	101	Depth1.Mirror was successfully set.
 7214399	[INFO]	XnOpenNI.cpp	1261	Creating node 'User1' of type User...
 7238880	[WARNING]	Linux-x86Threads.cpp	173	Failed to set thread priority: Invalid argument
 7238926	[WARNING]	XnUSBLinux-x86.cpp	126	USB events thread: Failed to set thread priority to critical. This might cause loss of data...
 7239800	[INFO]	XnUSBLinux-x86.cpp	1222	USB read thread was started.
 7239826	[INFO]	XnProperty.cpp	151	Property Depth1.ActualReadData was changed to 1.
 7711657	[INFO]	XnProperty.cpp	151	Property Depth1.State was changed to 1.
 7711699	[INFO]	XnDeviceBase.cpp	370	Stream Depth1 is open.
10717470	[INFO]	XnOpenNI.cpp	1261	Creating node 'Image1' of type Image...
10717521	[INFO]	XnDeviceBase.cpp	1383	Creating stream 'Image1' of type 'Image'...
10717723	[INFO]	XnProperty.cpp	151	Property Image1.Resolution was changed to 0.
10717742	[INFO]	XnProperty.cpp	151	Property Image1.XRes was changed to 320.
10717756	[INFO]	XnProperty.cpp	151	Property Image1.YRes was changed to 240.
10717768	[INFO]	XnProperty.cpp	151	Property Image1.FPS was changed to 30.
10717784	[INFO]	XnProperty.cpp	151	Property Image1.OutputFormat was changed to 5.
10717801	[INFO]	XnProperty.cpp	151	Property Image1.BytesPerPixel was changed to 3.
10717819	[INFO]	XnProperty.cpp	151	Property Image1.RequiredDataSize was changed to 230400.
10717859	[INFO]	XnDeviceBase.cpp	1458	Stream 'Image1' was initialized.
10717882	[INFO]	XnDeviceBase.cpp	1463	'Image1' stream was created.
10718016	[INFO]	XnProperty.cpp	74	Setting Image1.InputFormat to 6...
10718048	[INFO]	XnProperty.cpp	151	Property Image1.InputFormat was changed to 6.
10718070	[INFO]	XnProperty.cpp	101	Image1.InputFormat was successfully set.
10718689	[INFO]	XnDeviceModule.cpp	431	Module 'Image1' configuration was loaded from file.
10718813	[INFO]	XnProperty.cpp	74	Setting Image1.FPS to 30...
10718838	[INFO]	XnProperty.cpp	86	Image1.FPS value did not change.
10718859	[INFO]	XnProperty.cpp	74	Setting Image1.YRes to 480...
10718881	[INFO]	XnProperty.cpp	151	Property Image1.Resolution was changed to 1.
10718900	[INFO]	XnProperty.cpp	151	Property Image1.XRes was changed to 640.
10718920	[INFO]	XnProperty.cpp	151	Property Image1.RequiredDataSize was changed to 460800.
10718943	[INFO]	XnProperty.cpp	151	Property Image1.YRes was changed to 480.
10718964	[INFO]	XnProperty.cpp	151	Property Image1.RequiredDataSize was changed to 921600.
10718986	[INFO]	XnProperty.cpp	101	Image1.YRes was successfully set.
10719004	[INFO]	XnProperty.cpp	74	Setting Image1.XRes to 640...
10719023	[INFO]	XnProperty.cpp	86	Image1.XRes value did not change.
10720192	[INFO]	XnUSBLinux-x86.cpp	1222	USB read thread was started.
10720228	[INFO]	XnProperty.cpp	151	Property Image1.ActualReadData was changed to 1.
10911747	[WARNING]	XnDepthProcessor.cpp	133	Read: Depth buffer is corrupt. Size is 555392 (!= 614400)
10911793	[WARNING]	XnFrameStreamProcessor.cpp	132	Depth frame is corrupt!
13922176	[INFO]	XnProperty.cpp	151	Property Image1.State was changed to 1.
13922222	[INFO]	XnDeviceBase.cpp	370	Stream Image1 is open.
13922417	[INFO]	XnProperty.cpp	74	Setting Depth1.Registration to 1...
13948278	[WARNING]	XnDepthProcessor.cpp	133	Read: Depth buffer is corrupt. Size is 591264 (!= 614400)
13948328	[WARNING]	XnFrameStreamProcessor.cpp	132	Depth frame is corrupt!
14074715	[INFO]	XnProperty.cpp	151	Property Depth1.Registration was changed to 1.
14074757	[INFO]	XnProperty.cpp	101	Depth1.Registration was successfully set.
14074805	[INFO]	XnProperty.cpp	74	Setting Image1.Mirror to 1...
14087438	[INFO]	XnProperty.cpp	151	Property Image1.FirmwareMirror was changed to 1.
14087482	[INFO]	XnProperty.cpp	151	Property Image1.Mirror was changed to 1.
14087501	[INFO]	XnProperty.cpp	101	Image1.Mirror was successfully set.
23238984	[INFO]	XnOpenNI.cpp	1459	Destroying node 'User1'
23247868	[INFO]	XnOpenNI.cpp	1459	Destroying node 'Depth1'
23247979	[INFO]	XnDeviceBase.cpp	1507	Destroying stream 'Depth1'...
23249492	[INFO]	XnOpenNI.cpp	1459	Destroying node 'Image1'
23249741	[INFO]	XnDeviceBase.cpp	1507	Destroying stream 'Image1'...
23250988	[INFO]	XnOpenNI.cpp	1459	Destroying node 'Device1'
