    1651	[INFO]	XnLog.cpp	165	OpenNI version is 1.0.0 (Build 25)-MacOSX (Jan  7 2011 14:20:18)
    1698	[INFO]	XnLog.cpp	173	Log system initialized. Console: 1, File: 1, Severity: INFO, Masks: ALL
    1721	[INFO]	XnLog.cpp	173	Log system initialized. Console: 1, File: 1, Severity: INFO, Masks: ALL
    2885	[INFO]	XnUSBLinux-x86.cpp	98	USB is initialized.
 2920381	[INFO]	XnOpenNI.cpp	1261	Creating node 'Device1' of type Device...
 2921376	[INFO]	XnDeviceModule.cpp	431	Module 'Device' configuration was loaded from file.
 3243280	[INFO]	XnDeviceSensorIO.cpp	135	Connected to USB device
 3243340	[INFO]	XnProperty.cpp	151	Property Device.USBPath was changed to 045e/02ae@253/8.
 3251657	[INFO]	XnHostProtocol.cpp	825	Hardware versions: FW=5.1.4 (7) HW=4 Chip=2 Sensor=4 SYS=7
 4660683	[INFO]	XnProperty.cpp	151	Property Device.ID was changed to 0.
 4660754	[INFO]	XnSensor.cpp	182	Device sensor initialized
 4660853	[INFO]	XnOpenNI.cpp	1261	Creating node 'Depth1' of type Depth...
 4660910	[INFO]	XnDeviceBase.cpp	1383	Creating stream 'Depth1' of type 'Depth'...
 4660936	[INFO]	XnProperty.cpp	74	Setting Device.ReadData to 1...
 4660978	[INFO]	XnDeviceSensorIO.cpp	298	Endpoints open
 4673351	[INFO]	XnProperty.cpp	151	Property Device.ReadData was changed to 1.
 4673404	[INFO]	XnProperty.cpp	101	Device.ReadData was successfully set.
 4673859	[INFO]	XnProperty.cpp	151	Property Depth1.Resolution was changed to 0.
 4673889	[INFO]	XnProperty.cpp	151	Property Depth1.XRes was changed to 320.
 4673907	[INFO]	XnProperty.cpp	151	Property Depth1.YRes was changed to 240.
 4673924	[INFO]	XnProperty.cpp	151	Property Depth1.FPS was changed to 30.
 4673939	[INFO]	XnProperty.cpp	151	Property Depth1.OutputFormat was changed to 1.
 4673954	[INFO]	XnProperty.cpp	151	Property Depth1.BytesPerPixel was changed to 2.
 4673970	[INFO]	XnProperty.cpp	151	Property Depth1.RequiredDataSize was changed to 153600.
 4673990	[INFO]	XnProperty.cpp	151	Property Depth1.ParamCoeff was changed to 4.
 4674058	[INFO]	XnProperty.cpp	151	Property Depth1.ShiftScale was changed to 10.
 4686379	[INFO]	XnProperty.cpp	151	Property Depth1.ConstShift was changed to 200.
 4686487	[INFO]	XnProperty.cpp	151	Property Depth1.ZPD was changed to 120.
 4686596	[INFO]	XnProperty.cpp	151	Property Depth1.ZPPS was changed to 0.104200.
 4686617	[INFO]	XnProperty.cpp	151	Property Depth1.LDDIS was changed to 7.500000.
 4686731	[INFO]	XnProperty.cpp	151	Property Depth1.Gain was changed to 30.
 4686773	[INFO]	XnDeviceBase.cpp	1458	Stream 'Depth1' was initialized.
 4686794	[INFO]	XnDeviceBase.cpp	1463	'Depth1' stream was created.
 4686981	[INFO]	XnProperty.cpp	74	Setting Depth1.InputFormat to 3...
 4687011	[INFO]	XnProperty.cpp	151	Property Depth1.InputFormat was changed to 3.
 4687028	[INFO]	XnProperty.cpp	101	Depth1.InputFormat was successfully set.
 4687467	[INFO]	XnProperty.cpp	74	Setting Depth1.RegistrationType to 2...
 4687484	[INFO]	XnProperty.cpp	151	Property Depth1.RegistrationType was changed to 2.
 4687495	[INFO]	XnProperty.cpp	101	Depth1.RegistrationType was successfully set.
 4688064	[INFO]	XnDeviceModule.cpp	431	Module 'Depth1' configuration was loaded from file.
 4688272	[INFO]	XnProperty.cpp	74	Setting Depth1.FPS to 30...
 4688290	[INFO]	XnProperty.cpp	86	Depth1.FPS value did not change.
 4688302	[INFO]	XnProperty.cpp	74	Setting Depth1.YRes to 480...
 4688317	[INFO]	XnProperty.cpp	151	Property Depth1.Resolution was changed to 1.
 4688331	[INFO]	XnProperty.cpp	151	Property Depth1.XRes was changed to 640.
 4688344	[INFO]	XnProperty.cpp	151	Property Depth1.RequiredDataSize was changed to 307200.
 4688359	[INFO]	XnProperty.cpp	151	Property Depth1.YRes was changed to 480.
 4688371	[INFO]	XnProperty.cpp	151	Property Depth1.RequiredDataSize was changed to 614400.
 4688384	[INFO]	XnProperty.cpp	101	Depth1.YRes was successfully set.
 4688397	[INFO]	XnProperty.cpp	74	Setting Depth1.XRes to 640...
 4688408	[INFO]	XnProperty.cpp	86	Depth1.XRes value did not change.
 4688454	[INFO]	XnProperty.cpp	74	Setting Depth1.Mirror to 1...
 4688469	[INFO]	XnProperty.cpp	151	Property Depth1.FirmwareMirror was changed to 1.
 4688515	[INFO]	XnProperty.cpp	151	Property Depth1.Mirror was changed to 1.
 4688528	[INFO]	XnProperty.cpp	101	Depth1.Mirror was successfully set.
 6858897	[INFO]	XnOpenNI.cpp	1261	Creating node 'User1' of type User...
 6886335	[WARNING]	Linux-x86Threads.cpp	173	Failed to set thread priority: Invalid argument
 6886387	[WARNING]	XnUSBLinux-x86.cpp	126	USB events thread: Failed to set thread priority to critical. This might cause loss of data...
 6887386	[INFO]	XnUSBLinux-x86.cpp	1222	USB read thread was started.
 6887427	[INFO]	XnProperty.cpp	151	Property Depth1.ActualReadData was changed to 1.
 7358542	[INFO]	XnProperty.cpp	151	Property Depth1.State was changed to 1.
 7358587	[INFO]	XnDeviceBase.cpp	370	Stream Depth1 is open.
 8966986	[INFO]	XnOpenNI.cpp	1261	Creating node 'Image1' of type Image...
 8967044	[INFO]	XnDeviceBase.cpp	1383	Creating stream 'Image1' of type 'Image'...
 8967271	[INFO]	XnProperty.cpp	151	Property Image1.Resolution was changed to 0.
 8967299	[INFO]	XnProperty.cpp	151	Property Image1.XRes was changed to 320.
 8967318	[INFO]	XnProperty.cpp	151	Property Image1.YRes was changed to 240.
 8967336	[INFO]	XnProperty.cpp	151	Property Image1.FPS was changed to 30.
 8967353	[INFO]	XnProperty.cpp	151	Property Image1.OutputFormat was changed to 5.
 8967371	[INFO]	XnProperty.cpp	151	Property Image1.BytesPerPixel was changed to 3.
 8967389	[INFO]	XnProperty.cpp	151	Property Image1.RequiredDataSize was changed to 230400.
 8967430	[INFO]	XnDeviceBase.cpp	1458	Stream 'Image1' was initialized.
 8967446	[INFO]	XnDeviceBase.cpp	1463	'Image1' stream was created.
 8967555	[INFO]	XnProperty.cpp	74	Setting Image1.InputFormat to 6...
 8967578	[INFO]	XnProperty.cpp	151	Property Image1.InputFormat was changed to 6.
 8967593	[INFO]	XnProperty.cpp	101	Image1.InputFormat was successfully set.
 8968047	[INFO]	XnDeviceModule.cpp	431	Module 'Image1' configuration was loaded from file.
 8968134	[INFO]	XnProperty.cpp	74	Setting Image1.FPS to 30...
 8968154	[INFO]	XnProperty.cpp	86	Image1.FPS value did not change.
 8968168	[INFO]	XnProperty.cpp	74	Setting Image1.YRes to 480...
 8968181	[INFO]	XnProperty.cpp	151	Property Image1.Resolution was changed to 1.
 8968194	[INFO]	XnProperty.cpp	151	Property Image1.XRes was changed to 640.
 8968206	[INFO]	XnProperty.cpp	151	Property Image1.RequiredDataSize was changed to 460800.
 8968220	[INFO]	XnProperty.cpp	151	Property Image1.YRes was changed to 480.
 8968232	[INFO]	XnProperty.cpp	151	Property Image1.RequiredDataSize was changed to 921600.
 8968251	[INFO]	XnProperty.cpp	101	Image1.YRes was successfully set.
 8968272	[INFO]	XnProperty.cpp	74	Setting Image1.XRes to 640...
 8968286	[INFO]	XnProperty.cpp	86	Image1.XRes value did not change.
 8969223	[INFO]	XnUSBLinux-x86.cpp	1222	USB read thread was started.
 8969270	[INFO]	XnProperty.cpp	151	Property Image1.ActualReadData was changed to 1.
 9155257	[WARNING]	XnDepthProcessor.cpp	133	Read: Depth buffer is corrupt. Size is 544656 (!= 614400)
 9155305	[WARNING]	XnFrameStreamProcessor.cpp	132	Depth frame is corrupt!
12170403	[INFO]	XnProperty.cpp	151	Property Image1.State was changed to 1.
12170445	[INFO]	XnDeviceBase.cpp	370	Stream Image1 is open.
12170628	[INFO]	XnProperty.cpp	74	Setting Depth1.Registration to 1...
12324472	[INFO]	XnProperty.cpp	151	Property Depth1.Registration was changed to 1.
12324516	[INFO]	XnProperty.cpp	101	Depth1.Registration was successfully set.
12324564	[INFO]	XnProperty.cpp	74	Setting Image1.Mirror to 1...
12336911	[INFO]	XnProperty.cpp	151	Property Image1.FirmwareMirror was changed to 1.
12336956	[INFO]	XnProperty.cpp	151	Property Image1.Mirror was changed to 1.
12336970	[INFO]	XnProperty.cpp	101	Image1.Mirror was successfully set.
47153261	[INFO]	XnOpenNI.cpp	1459	Destroying node 'User1'
47187658	[INFO]	XnOpenNI.cpp	1459	Destroying node 'Depth1'
47187772	[INFO]	XnDeviceBase.cpp	1507	Destroying stream 'Depth1'...
47189718	[INFO]	XnOpenNI.cpp	1459	Destroying node 'Image1'
47189796	[INFO]	XnDeviceBase.cpp	1507	Destroying stream 'Image1'...
47191029	[INFO]	XnOpenNI.cpp	1459	Destroying node 'Device1'
