    1968	[INFO]	XnLog.cpp	165	OpenNI version is 1.0.0 (Build 25)-MacOSX (Jan  7 2011 14:20:18)
    2028	[INFO]	XnLog.cpp	173	Log system initialized. Console: 1, File: 1, Severity: INFO, Masks: ALL
    2060	[INFO]	XnLog.cpp	173	Log system initialized. Console: 1, File: 1, Severity: INFO, Masks: ALL
    3571	[INFO]	XnUSBLinux-x86.cpp	98	USB is initialized.
 4504381	[INFO]	XnOpenNI.cpp	1261	Creating node 'Device1' of type Device...
 4505163	[INFO]	XnDeviceModule.cpp	431	Module 'Device' configuration was loaded from file.
 5163213	[INFO]	XnDeviceSensorIO.cpp	135	Connected to USB device
 5163265	[INFO]	XnProperty.cpp	151	Property Device.USBPath was changed to 045e/02ae@253/8.
 5170295	[INFO]	XnHostProtocol.cpp	825	Hardware versions: FW=5.1.4 (7) HW=4 Chip=2 Sensor=4 SYS=7
 6582225	[INFO]	XnProperty.cpp	151	Property Device.ID was changed to 0.
 6582299	[INFO]	XnSensor.cpp	182	Device sensor initialized
 6582420	[INFO]	XnOpenNI.cpp	1261	Creating node 'Depth1' of type Depth...
 6582477	[INFO]	XnDeviceBase.cpp	1383	Creating stream 'Depth1' of type 'Depth'...
 6582503	[INFO]	XnProperty.cpp	74	Setting Device.ReadData to 1...
 6582548	[INFO]	XnDeviceSensorIO.cpp	298	Endpoints open
 6594984	[INFO]	XnProperty.cpp	151	Property Device.ReadData was changed to 1.
 6595056	[INFO]	XnProperty.cpp	101	Device.ReadData was successfully set.
 6595934	[INFO]	XnProperty.cpp	151	Property Depth1.Resolution was changed to 0.
 6595988	[INFO]	XnProperty.cpp	151	Property Depth1.XRes was changed to 320.
 6596031	[INFO]	XnProperty.cpp	151	Property Depth1.YRes was changed to 240.
 6596072	[INFO]	XnProperty.cpp	151	Property Depth1.FPS was changed to 30.
 6596111	[INFO]	XnProperty.cpp	151	Property Depth1.OutputFormat was changed to 1.
 6596152	[INFO]	XnProperty.cpp	151	Property Depth1.BytesPerPixel was changed to 2.
 6596194	[INFO]	XnProperty.cpp	151	Property Depth1.RequiredDataSize was changed to 153600.
 6596247	[INFO]	XnProperty.cpp	151	Property Depth1.ParamCoeff was changed to 4.
 6596403	[INFO]	XnProperty.cpp	151	Property Depth1.ShiftScale was changed to 10.
 6608967	[INFO]	XnProperty.cpp	151	Property Depth1.ConstShift was changed to 200.
 6609089	[INFO]	XnProperty.cpp	151	Property Depth1.ZPD was changed to 120.
 6609241	[INFO]	XnProperty.cpp	151	Property Depth1.ZPPS was changed to 0.104200.
 6609272	[INFO]	XnProperty.cpp	151	Property Depth1.LDDIS was changed to 7.500000.
 6609415	[INFO]	XnProperty.cpp	151	Property Depth1.Gain was changed to 30.
 6609459	[INFO]	XnDeviceBase.cpp	1458	Stream 'Depth1' was initialized.
 6609477	[INFO]	XnDeviceBase.cpp	1463	'Depth1' stream was created.
 6609682	[INFO]	XnProperty.cpp	74	Setting Depth1.InputFormat to 3...
 6609709	[INFO]	XnProperty.cpp	151	Property Depth1.InputFormat was changed to 3.
 6609726	[INFO]	XnProperty.cpp	101	Depth1.InputFormat was successfully set.
 6610323	[INFO]	XnProperty.cpp	74	Setting Depth1.RegistrationType to 2...
 6610347	[INFO]	XnProperty.cpp	151	Property Depth1.RegistrationType was changed to 2.
 6610363	[INFO]	XnProperty.cpp	101	Depth1.RegistrationType was successfully set.
 6610977	[INFO]	XnDeviceModule.cpp	431	Module 'Depth1' configuration was loaded from file.
 6611199	[INFO]	XnProperty.cpp	74	Setting Depth1.FPS to 30...
 6611221	[INFO]	XnProperty.cpp	86	Depth1.FPS value did not change.
 6611237	[INFO]	XnProperty.cpp	74	Setting Depth1.YRes to 480...
 6611256	[INFO]	XnProperty.cpp	151	Property Depth1.Resolution was changed to 1.
 6611274	[INFO]	XnProperty.cpp	151	Property Depth1.XRes was changed to 640.
 6611291	[INFO]	XnProperty.cpp	151	Property Depth1.RequiredDataSize was changed to 307200.
 6611310	[INFO]	XnProperty.cpp	151	Property Depth1.YRes was changed to 480.
 6611326	[INFO]	XnProperty.cpp	151	Property Depth1.RequiredDataSize was changed to 614400.
 6611343	[INFO]	XnProperty.cpp	101	Depth1.YRes was successfully set.
 6611359	[INFO]	XnProperty.cpp	74	Setting Depth1.XRes to 640...
 6611374	[INFO]	XnProperty.cpp	86	Depth1.XRes value did not change.
 6611426	[INFO]	XnProperty.cpp	74	Setting Depth1.Mirror to 1...
 6611446	[INFO]	XnProperty.cpp	151	Property Depth1.FirmwareMirror was changed to 1.
 6611498	[INFO]	XnProperty.cpp	151	Property Depth1.Mirror was changed to 1.
 6611514	[INFO]	XnProperty.cpp	101	Depth1.Mirror was successfully set.
12554005	[INFO]	XnOpenNI.cpp	1261	Creating node 'User1' of type User...
12578053	[WARNING]	Linux-x86Threads.cpp	173	Failed to set thread priority: Invalid argument
12578098	[WARNING]	XnUSBLinux-x86.cpp	126	USB events thread: Failed to set thread priority to critical. This might cause loss of data...
12578829	[INFO]	XnUSBLinux-x86.cpp	1222	USB read thread was started.
12578854	[INFO]	XnProperty.cpp	151	Property Depth1.ActualReadData was changed to 1.
13048940	[INFO]	XnProperty.cpp	151	Property Depth1.State was changed to 1.
13048994	[INFO]	XnDeviceBase.cpp	370	Stream Depth1 is open.
18943439	[INFO]	XnOpenNI.cpp	1261	Creating node 'Image1' of type Image...
18943490	[INFO]	XnDeviceBase.cpp	1383	Creating stream 'Image1' of type 'Image'...
18943727	[INFO]	XnProperty.cpp	151	Property Image1.Resolution was changed to 0.
18943753	[INFO]	XnProperty.cpp	151	Property Image1.XRes was changed to 320.
18943771	[INFO]	XnProperty.cpp	151	Property Image1.YRes was changed to 240.
18943791	[INFO]	XnProperty.cpp	151	Property Image1.FPS was changed to 30.
18943809	[INFO]	XnProperty.cpp	151	Property Image1.OutputFormat was changed to 5.
18943828	[INFO]	XnProperty.cpp	151	Property Image1.BytesPerPixel was changed to 3.
18943847	[INFO]	XnProperty.cpp	151	Property Image1.RequiredDataSize was changed to 230400.
18943887	[INFO]	XnDeviceBase.cpp	1458	Stream 'Image1' was initialized.
18943910	[INFO]	XnDeviceBase.cpp	1463	'Image1' stream was created.
18944053	[INFO]	XnProperty.cpp	74	Setting Image1.InputFormat to 6...
18944084	[INFO]	XnProperty.cpp	151	Property Image1.InputFormat was changed to 6.
18944103	[INFO]	XnProperty.cpp	101	Image1.InputFormat was successfully set.
18944710	[INFO]	XnDeviceModule.cpp	431	Module 'Image1' configuration was loaded from file.
18944827	[INFO]	XnProperty.cpp	74	Setting Image1.FPS to 30...
18944851	[INFO]	XnProperty.cpp	86	Image1.FPS value did not change.
18944877	[INFO]	XnProperty.cpp	74	Setting Image1.YRes to 480...
18944899	[INFO]	XnProperty.cpp	151	Property Image1.Resolution was changed to 1.
18944922	[INFO]	XnProperty.cpp	151	Property Image1.XRes was changed to 640.
18944944	[INFO]	XnProperty.cpp	151	Property Image1.RequiredDataSize was changed to 460800.
18944969	[INFO]	XnProperty.cpp	151	Property Image1.YRes was changed to 480.
18944991	[INFO]	XnProperty.cpp	151	Property Image1.RequiredDataSize was changed to 921600.
18945014	[INFO]	XnProperty.cpp	101	Image1.YRes was successfully set.
18945038	[INFO]	XnProperty.cpp	74	Setting Image1.XRes to 640...
18945065	[INFO]	XnProperty.cpp	86	Image1.XRes value did not change.
18946148	[INFO]	XnUSBLinux-x86.cpp	1222	USB read thread was started.
18946192	[INFO]	XnProperty.cpp	151	Property Image1.ActualReadData was changed to 1.
19119993	[WARNING]	XnDepthProcessor.cpp	133	Read: Depth buffer is corrupt. Size is 565696 (!= 614400)
19120041	[WARNING]	XnFrameStreamProcessor.cpp	132	Depth frame is corrupt!
19152014	[WARNING]	XnDepthProcessor.cpp	133	Read: Depth buffer is corrupt. Size is 591072 (!= 614400)
19152061	[WARNING]	XnFrameStreamProcessor.cpp	132	Depth frame is corrupt!
