    1568	[INFO]	XnLog.cpp	165	OpenNI version is 1.0.0 (Build 25)-MacOSX (Jan  7 2011 14:20:18)
    1614	[INFO]	XnLog.cpp	173	Log system initialized. Console: 1, File: 1, Severity: INFO, Masks: ALL
    1638	[INFO]	XnLog.cpp	173	Log system initialized. Console: 1, File: 1, Severity: INFO, Masks: ALL
    2763	[INFO]	XnUSBLinux-x86.cpp	98	USB is initialized.
 4500089	[INFO]	XnOpenNI.cpp	1261	Creating node 'Device1' of type Device...
 4501418	[INFO]	XnDeviceModule.cpp	431	Module 'Device' configuration was loaded from file.
 5163178	[INFO]	XnDeviceSensorIO.cpp	135	Connected to USB device
 5163228	[INFO]	XnProperty.cpp	151	Property Device.USBPath was changed to 045e/02ae@253/8.
 5170553	[INFO]	XnHostProtocol.cpp	825	Hardware versions: FW=5.1.4 (7) HW=4 Chip=2 Sensor=4 SYS=7
 6580897	[INFO]	XnProperty.cpp	151	Property Device.ID was changed to 0.
 6580981	[INFO]	XnSensor.cpp	182	Device sensor initialized
 6581099	[INFO]	XnOpenNI.cpp	1261	Creating node 'Depth1' of type Depth...
 6581160	[INFO]	XnDeviceBase.cpp	1383	Creating stream 'Depth1' of type 'Depth'...
 6581188	[INFO]	XnProperty.cpp	74	Setting Device.ReadData to 1...
 6581233	[INFO]	XnDeviceSensorIO.cpp	298	Endpoints open
 6593803	[INFO]	XnProperty.cpp	151	Property Device.ReadData was changed to 1.
 6593859	[INFO]	XnProperty.cpp	101	Device.ReadData was successfully set.
 6594570	[INFO]	XnProperty.cpp	151	Property Depth1.Resolution was changed to 0.
 6594614	[INFO]	XnProperty.cpp	151	Property Depth1.XRes was changed to 320.
 6594648	[INFO]	XnProperty.cpp	151	Property Depth1.YRes was changed to 240.
 6594678	[INFO]	XnProperty.cpp	151	Property Depth1.FPS was changed to 30.
 6594708	[INFO]	XnProperty.cpp	151	Property Depth1.OutputFormat was changed to 1.
 6594739	[INFO]	XnProperty.cpp	151	Property Depth1.BytesPerPixel was changed to 2.
 6594778	[INFO]	XnProperty.cpp	151	Property Depth1.RequiredDataSize was changed to 153600.
 6594818	[INFO]	XnProperty.cpp	151	Property Depth1.ParamCoeff was changed to 4.
 6594942	[INFO]	XnProperty.cpp	151	Property Depth1.ShiftScale was changed to 10.
 6607404	[INFO]	XnProperty.cpp	151	Property Depth1.ConstShift was changed to 200.
 6607516	[INFO]	XnProperty.cpp	151	Property Depth1.ZPD was changed to 120.
 6607646	[INFO]	XnProperty.cpp	151	Property Depth1.ZPPS was changed to 0.104200.
 6607665	[INFO]	XnProperty.cpp	151	Property Depth1.LDDIS was changed to 7.500000.
 6607782	[INFO]	XnProperty.cpp	151	Property Depth1.Gain was changed to 30.
 6607820	[INFO]	XnDeviceBase.cpp	1458	Stream 'Depth1' was initialized.
 6607839	[INFO]	XnDeviceBase.cpp	1463	'Depth1' stream was created.
 6608026	[INFO]	XnProperty.cpp	74	Setting Depth1.InputFormat to 3...
 6608052	[INFO]	XnProperty.cpp	151	Property Depth1.InputFormat was changed to 3.
 6608068	[INFO]	XnProperty.cpp	101	Depth1.InputFormat was successfully set.
 6608650	[INFO]	XnProperty.cpp	74	Setting Depth1.RegistrationType to 2...
 6608672	[INFO]	XnProperty.cpp	151	Property Depth1.RegistrationType was changed to 2.
 6608687	[INFO]	XnProperty.cpp	101	Depth1.RegistrationType was successfully set.
 6609255	[INFO]	XnDeviceModule.cpp	431	Module 'Depth1' configuration was loaded from file.
 6609449	[INFO]	XnProperty.cpp	74	Setting Depth1.FPS to 30...
 6609468	[INFO]	XnProperty.cpp	86	Depth1.FPS value did not change.
 6609482	[INFO]	XnProperty.cpp	74	Setting Depth1.YRes to 480...
 6609499	[INFO]	XnProperty.cpp	151	Property Depth1.Resolution was changed to 1.
 6609514	[INFO]	XnProperty.cpp	151	Property Depth1.XRes was changed to 640.
 6609528	[INFO]	XnProperty.cpp	151	Property Depth1.RequiredDataSize was changed to 307200.
 6609543	[INFO]	XnProperty.cpp	151	Property Depth1.YRes was changed to 480.
 6609556	[INFO]	XnProperty.cpp	151	Property Depth1.RequiredDataSize was changed to 614400.
 6609570	[INFO]	XnProperty.cpp	101	Depth1.YRes was successfully set.
 6609585	[INFO]	XnProperty.cpp	74	Setting Depth1.XRes to 640...
 6609598	[INFO]	XnProperty.cpp	86	Depth1.XRes value did not change.
 6609646	[INFO]	XnProperty.cpp	74	Setting Depth1.Mirror to 1...
 6609663	[INFO]	XnProperty.cpp	151	Property Depth1.FirmwareMirror was changed to 1.
 6609711	[INFO]	XnProperty.cpp	151	Property Depth1.Mirror was changed to 1.
 6609724	[INFO]	XnProperty.cpp	101	Depth1.Mirror was successfully set.
12546474	[INFO]	XnOpenNI.cpp	1261	Creating node 'User1' of type User...
12569297	[WARNING]	Linux-x86Threads.cpp	173	Failed to set thread priority: Invalid argument
12569342	[WARNING]	XnUSBLinux-x86.cpp	126	USB events thread: Failed to set thread priority to critical. This might cause loss of data...
12570116	[INFO]	XnUSBLinux-x86.cpp	1222	USB read thread was started.
12570144	[INFO]	XnProperty.cpp	151	Property Depth1.ActualReadData was changed to 1.
13040290	[INFO]	XnProperty.cpp	151	Property Depth1.State was changed to 1.
13040336	[INFO]	XnDeviceBase.cpp	370	Stream Depth1 is open.
19041863	[INFO]	XnOpenNI.cpp	1261	Creating node 'Image1' of type Image...
19041915	[INFO]	XnDeviceBase.cpp	1383	Creating stream 'Image1' of type 'Image'...
19042140	[INFO]	XnProperty.cpp	151	Property Image1.Resolution was changed to 0.
19042166	[INFO]	XnProperty.cpp	151	Property Image1.XRes was changed to 320.
19042195	[INFO]	XnProperty.cpp	151	Property Image1.YRes was changed to 240.
19042217	[INFO]	XnProperty.cpp	151	Property Image1.FPS was changed to 30.
19042236	[INFO]	XnProperty.cpp	151	Property Image1.OutputFormat was changed to 5.
19042255	[INFO]	XnProperty.cpp	151	Property Image1.BytesPerPixel was changed to 3.
19042274	[INFO]	XnProperty.cpp	151	Property Image1.RequiredDataSize was changed to 230400.
19042315	[INFO]	XnDeviceBase.cpp	1458	Stream 'Image1' was initialized.
19042337	[INFO]	XnDeviceBase.cpp	1463	'Image1' stream was created.
19042461	[INFO]	XnProperty.cpp	74	Setting Image1.InputFormat to 6...
19042490	[INFO]	XnProperty.cpp	151	Property Image1.InputFormat was changed to 6.
19042509	[INFO]	XnProperty.cpp	101	Image1.InputFormat was successfully set.
19043123	[INFO]	XnDeviceModule.cpp	431	Module 'Image1' configuration was loaded from file.
19043253	[INFO]	XnProperty.cpp	74	Setting Image1.FPS to 30...
19043279	[INFO]	XnProperty.cpp	86	Image1.FPS value did not change.
19043299	[INFO]	XnProperty.cpp	74	Setting Image1.YRes to 480...
19043318	[INFO]	XnProperty.cpp	151	Property Image1.Resolution was changed to 1.
19043336	[INFO]	XnProperty.cpp	151	Property Image1.XRes was changed to 640.
19043356	[INFO]	XnProperty.cpp	151	Property Image1.RequiredDataSize was changed to 460800.
19043379	[INFO]	XnProperty.cpp	151	Property Image1.YRes was changed to 480.
19043401	[INFO]	XnProperty.cpp	151	Property Image1.RequiredDataSize was changed to 921600.
19043425	[INFO]	XnProperty.cpp	101	Image1.YRes was successfully set.
19043449	[INFO]	XnProperty.cpp	74	Setting Image1.XRes to 640...
19043470	[INFO]	XnProperty.cpp	86	Image1.XRes value did not change.
19044539	[INFO]	XnUSBLinux-x86.cpp	1222	USB read thread was started.
19044579	[INFO]	XnProperty.cpp	151	Property Image1.ActualReadData was changed to 1.
19211350	[WARNING]	XnDepthProcessor.cpp	133	Read: Depth buffer is corrupt. Size is 594736 (!= 614400)
19211397	[WARNING]	XnFrameStreamProcessor.cpp	132	Depth frame is corrupt!
19243371	[WARNING]	XnDepthProcessor.cpp	133	Read: Depth buffer is corrupt. Size is 562256 (!= 614400)
19243418	[WARNING]	XnFrameStreamProcessor.cpp	132	Depth frame is corrupt!
22245515	[INFO]	XnProperty.cpp	151	Property Image1.State was changed to 1.
22245558	[INFO]	XnDeviceBase.cpp	370	Stream Image1 is open.
22245766	[INFO]	XnProperty.cpp	74	Setting Depth1.Registration to 1...
22283750	[WARNING]	XnDepthProcessor.cpp	133	Read: Depth buffer is corrupt. Size is 571456 (!= 614400)
22283798	[WARNING]	XnFrameStreamProcessor.cpp	132	Depth frame is corrupt!
22397765	[INFO]	XnProperty.cpp	151	Property Depth1.Registration was changed to 1.
22397807	[INFO]	XnProperty.cpp	101	Depth1.Registration was successfully set.
22397854	[INFO]	XnProperty.cpp	74	Setting Image1.Mirror to 1...
22410427	[INFO]	XnProperty.cpp	151	Property Image1.FirmwareMirror was changed to 1.
22410470	[INFO]	XnProperty.cpp	151	Property Image1.Mirror was changed to 1.
22410484	[INFO]	XnProperty.cpp	101	Image1.Mirror was successfully set.
188079963	[INFO]	XnOpenNI.cpp	1459	Destroying node 'User1'
188089234	[INFO]	XnOpenNI.cpp	1459	Destroying node 'Depth1'
188089332	[INFO]	XnDeviceBase.cpp	1507	Destroying stream 'Depth1'...
188090987	[INFO]	XnOpenNI.cpp	1459	Destroying node 'Image1'
188091065	[INFO]	XnDeviceBase.cpp	1507	Destroying stream 'Image1'...
188092177	[INFO]	XnOpenNI.cpp	1459	Destroying node 'Device1'
