    1743	[INFO]	XnLog.cpp	165	OpenNI version is 1.0.0 (Build 25)-MacOSX (Jan  7 2011 14:20:18)
    1795	[INFO]	XnLog.cpp	173	Log system initialized. Console: 1, File: 1, Severity: INFO, Masks: ALL
    1829	[INFO]	XnLog.cpp	173	Log system initialized. Console: 1, File: 1, Severity: INFO, Masks: ALL
    3125	[INFO]	XnUSBLinux-x86.cpp	98	USB is initialized.
 2905033	[INFO]	XnOpenNI.cpp	1261	Creating node 'Device1' of type Device...
 2906163	[INFO]	XnDeviceModule.cpp	431	Module 'Device' configuration was loaded from file.
 3237674	[INFO]	XnDeviceSensorIO.cpp	135	Connected to USB device
 3237734	[INFO]	XnProperty.cpp	151	Property Device.USBPath was changed to 045e/02ae@250/10.
 3245959	[INFO]	XnHostProtocol.cpp	825	Hardware versions: FW=5.1.4 (7) HW=4 Chip=2 Sensor=4 SYS=7
 4655897	[INFO]	XnProperty.cpp	151	Property Device.ID was changed to 0.
 4655981	[INFO]	XnSensor.cpp	182	Device sensor initialized
 4656116	[INFO]	XnOpenNI.cpp	1261	Creating node 'Depth1' of type Depth...
 4656170	[INFO]	XnDeviceBase.cpp	1383	Creating stream 'Depth1' of type 'Depth'...
 4656194	[INFO]	XnProperty.cpp	74	Setting Device.ReadData to 1...
 4656232	[INFO]	XnDeviceSensorIO.cpp	298	Endpoints open
 4668309	[INFO]	XnProperty.cpp	151	Property Device.ReadData was changed to 1.
 4668358	[INFO]	XnProperty.cpp	101	Device.ReadData was successfully set.
 4668759	[INFO]	XnProperty.cpp	151	Property Depth1.Resolution was changed to 0.
 4668783	[INFO]	XnProperty.cpp	151	Property Depth1.XRes was changed to 320.
 4668804	[INFO]	XnProperty.cpp	151	Property Depth1.YRes was changed to 240.
 4668824	[INFO]	XnProperty.cpp	151	Property Depth1.FPS was changed to 30.
 4668844	[INFO]	XnProperty.cpp	151	Property Depth1.OutputFormat was changed to 1.
 4668863	[INFO]	XnProperty.cpp	151	Property Depth1.BytesPerPixel was changed to 2.
 4668883	[INFO]	XnProperty.cpp	151	Property Depth1.RequiredDataSize was changed to 153600.
 4668907	[INFO]	XnProperty.cpp	151	Property Depth1.ParamCoeff was changed to 4.
 4668974	[INFO]	XnProperty.cpp	151	Property Depth1.ShiftScale was changed to 10.
 4681442	[INFO]	XnProperty.cpp	151	Property Depth1.ConstShift was changed to 200.
 4681543	[INFO]	XnProperty.cpp	151	Property Depth1.ZPD was changed to 120.
 4681648	[INFO]	XnProperty.cpp	151	Property Depth1.ZPPS was changed to 0.104200.
 4681669	[INFO]	XnProperty.cpp	151	Property Depth1.LDDIS was changed to 7.500000.
 4681781	[INFO]	XnProperty.cpp	151	Property Depth1.Gain was changed to 30.
 4681822	[INFO]	XnDeviceBase.cpp	1458	Stream 'Depth1' was initialized.
 4681845	[INFO]	XnDeviceBase.cpp	1463	'Depth1' stream was created.
 4682010	[INFO]	XnProperty.cpp	74	Setting Depth1.InputFormat to 3...
 4682035	[INFO]	XnProperty.cpp	151	Property Depth1.InputFormat was changed to 3.
 4682054	[INFO]	XnProperty.cpp	101	Depth1.InputFormat was successfully set.
 4682516	[INFO]	XnProperty.cpp	74	Setting Depth1.RegistrationType to 2...
 4682537	[INFO]	XnProperty.cpp	151	Property Depth1.RegistrationType was changed to 2.
 4682556	[INFO]	XnProperty.cpp	101	Depth1.RegistrationType was successfully set.
 4683029	[INFO]	XnDeviceModule.cpp	431	Module 'Depth1' configuration was loaded from file.
 4683231	[INFO]	XnProperty.cpp	74	Setting Depth1.FPS to 30...
 4683250	[INFO]	XnProperty.cpp	86	Depth1.FPS value did not change.
 4683269	[INFO]	XnProperty.cpp	74	Setting Depth1.YRes to 480...
 4683290	[INFO]	XnProperty.cpp	151	Property Depth1.Resolution was changed to 1.
 4683309	[INFO]	XnProperty.cpp	151	Property Depth1.XRes was changed to 640.
 4683327	[INFO]	XnProperty.cpp	151	Property Depth1.RequiredDataSize was changed to 307200.
 4683348	[INFO]	XnProperty.cpp	151	Property Depth1.YRes was changed to 480.
 4683365	[INFO]	XnProperty.cpp	151	Property Depth1.RequiredDataSize was changed to 614400.
 4683384	[INFO]	XnProperty.cpp	101	Depth1.YRes was successfully set.
 4683402	[INFO]	XnProperty.cpp	74	Setting Depth1.XRes to 640...
 4683417	[INFO]	XnProperty.cpp	86	Depth1.XRes value did not change.
 4683472	[INFO]	XnProperty.cpp	74	Setting Depth1.Mirror to 1...
 4683491	[INFO]	XnProperty.cpp	151	Property Depth1.FirmwareMirror was changed to 1.
 4683547	[INFO]	XnProperty.cpp	151	Property Depth1.Mirror was changed to 1.
 4683565	[INFO]	XnProperty.cpp	101	Depth1.Mirror was successfully set.
 7178973	[INFO]	XnOpenNI.cpp	1261	Creating node 'User1' of type User...
 7202884	[WARNING]	Linux-x86Threads.cpp	173	Failed to set thread priority: Invalid argument
 7202930	[WARNING]	XnUSBLinux-x86.cpp	126	USB events thread: Failed to set thread priority to critical. This might cause loss of data...
 7203711	[INFO]	XnUSBLinux-x86.cpp	1222	USB read thread was started.
 7203739	[INFO]	XnProperty.cpp	151	Property Depth1.ActualReadData was changed to 1.
 7675451	[INFO]	XnProperty.cpp	151	Property Depth1.State was changed to 1.
 7675522	[INFO]	XnDeviceBase.cpp	370	Stream Depth1 is open.
10578468	[INFO]	XnOpenNI.cpp	1261	Creating node 'Image1' of type Image...
10578520	[INFO]	XnDeviceBase.cpp	1383	Creating stream 'Image1' of type 'Image'...
10578730	[INFO]	XnProperty.cpp	151	Property Image1.Resolution was changed to 0.
10578756	[INFO]	XnProperty.cpp	151	Property Image1.XRes was changed to 320.
10578775	[INFO]	XnProperty.cpp	151	Property Image1.YRes was changed to 240.
10578794	[INFO]	XnProperty.cpp	151	Property Image1.FPS was changed to 30.
10578812	[INFO]	XnProperty.cpp	151	Property Image1.OutputFormat was changed to 5.
10578830	[INFO]	XnProperty.cpp	151	Property Image1.BytesPerPixel was changed to 3.
10578848	[INFO]	XnProperty.cpp	151	Property Image1.RequiredDataSize was changed to 230400.
10578889	[INFO]	XnDeviceBase.cpp	1458	Stream 'Image1' was initialized.
10578911	[INFO]	XnDeviceBase.cpp	1463	'Image1' stream was created.
10579042	[INFO]	XnProperty.cpp	74	Setting Image1.InputFormat to 6...
10579072	[INFO]	XnProperty.cpp	151	Property Image1.InputFormat was changed to 6.
10579100	[INFO]	XnProperty.cpp	101	Image1.InputFormat was successfully set.
10579724	[INFO]	XnDeviceModule.cpp	431	Module 'Image1' configuration was loaded from file.
10579837	[INFO]	XnProperty.cpp	74	Setting Image1.FPS to 30...
10579862	[INFO]	XnProperty.cpp	86	Image1.FPS value did not change.
10579885	[INFO]	XnProperty.cpp	74	Setting Image1.YRes to 480...
10579908	[INFO]	XnProperty.cpp	151	Property Image1.Resolution was changed to 1.
10579931	[INFO]	XnProperty.cpp	151	Property Image1.XRes was changed to 640.
10579953	[INFO]	XnProperty.cpp	151	Property Image1.RequiredDataSize was changed to 460800.
10579978	[INFO]	XnProperty.cpp	151	Property Image1.YRes was changed to 480.
10580000	[INFO]	XnProperty.cpp	151	Property Image1.RequiredDataSize was changed to 921600.
10580023	[INFO]	XnProperty.cpp	101	Image1.YRes was successfully set.
10580048	[INFO]	XnProperty.cpp	74	Setting Image1.XRes to 640...
10580068	[INFO]	XnProperty.cpp	86	Image1.XRes value did not change.
10581236	[INFO]	XnUSBLinux-x86.cpp	1222	USB read thread was started.
10581283	[INFO]	XnProperty.cpp	151	Property Image1.ActualReadData was changed to 1.
10776342	[WARNING]	XnDepthProcessor.cpp	133	Read: Depth buffer is corrupt. Size is 567824 (!= 614400)
10776389	[WARNING]	XnFrameStreamProcessor.cpp	132	Depth frame is corrupt!
13680808	[WARNING]	XnDepthProcessor.cpp	133	Read: Depth buffer is corrupt. Size is 572832 (!= 614400)
13680882	[WARNING]	XnFrameStreamProcessor.cpp	132	Depth frame is corrupt!
13783210	[INFO]	XnProperty.cpp	151	Property Image1.State was changed to 1.
13783254	[INFO]	XnDeviceBase.cpp	370	Stream Image1 is open.
13783452	[INFO]	XnProperty.cpp	74	Setting Depth1.Registration to 1...
13812858	[WARNING]	XnDepthProcessor.cpp	133	Read: Depth buffer is corrupt. Size is 578576 (!= 614400)
13812912	[WARNING]	XnFrameStreamProcessor.cpp	132	Depth frame is corrupt!
13937056	[INFO]	XnProperty.cpp	151	Property Depth1.Registration was changed to 1.
13937099	[INFO]	XnProperty.cpp	101	Depth1.Registration was successfully set.
13937145	[INFO]	XnProperty.cpp	74	Setting Image1.Mirror to 1...
13949564	[INFO]	XnProperty.cpp	151	Property Image1.FirmwareMirror was changed to 1.
13949609	[INFO]	XnProperty.cpp	151	Property Image1.Mirror was changed to 1.
13949622	[INFO]	XnProperty.cpp	101	Image1.Mirror was successfully set.
33357601	[INFO]	XnOpenNI.cpp	1459	Destroying node 'User1'
33366745	[INFO]	XnOpenNI.cpp	1459	Destroying node 'Depth1'
33366837	[INFO]	XnDeviceBase.cpp	1507	Destroying stream 'Depth1'...
33368471	[INFO]	XnOpenNI.cpp	1459	Destroying node 'Image1'
33368545	[INFO]	XnDeviceBase.cpp	1507	Destroying stream 'Image1'...
33369682	[INFO]	XnOpenNI.cpp	1459	Destroying node 'Device1'
