    1442	[INFO]	XnLog.cpp	165	OpenNI version is 1.0.0 (Build 25)-MacOSX (Jan  7 2011 14:20:18)
    1486	[INFO]	XnLog.cpp	173	Log system initialized. Console: 1, File: 1, Severity: INFO, Masks: ALL
    1510	[INFO]	XnLog.cpp	173	Log system initialized. Console: 1, File: 1, Severity: INFO, Masks: ALL
    2642	[INFO]	XnUSBLinux-x86.cpp	98	USB is initialized.
 2919566	[INFO]	XnOpenNI.cpp	1261	Creating node 'Device1' of type Device...
 2920505	[INFO]	XnDeviceModule.cpp	431	Module 'Device' configuration was loaded from file.
 3244427	[INFO]	XnDeviceSensorIO.cpp	135	Connected to USB device
 3244484	[INFO]	XnProperty.cpp	151	Property Device.USBPath was changed to 045e/02ae@253/8.
 3251820	[INFO]	XnHostProtocol.cpp	825	Hardware versions: FW=5.1.4 (7) HW=4 Chip=2 Sensor=4 SYS=7
 4660222	[INFO]	XnProperty.cpp	151	Property Device.ID was changed to 0.
 4660313	[INFO]	XnSensor.cpp	182	Device sensor initialized
 4660455	[INFO]	XnOpenNI.cpp	1261	Creating node 'Depth1' of type Depth...
 4660496	[INFO]	XnDeviceBase.cpp	1383	Creating stream 'Depth1' of type 'Depth'...
 4660514	[INFO]	XnProperty.cpp	74	Setting Device.ReadData to 1...
 4660544	[INFO]	XnDeviceSensorIO.cpp	298	Endpoints open
 4672658	[INFO]	XnProperty.cpp	151	Property Device.ReadData was changed to 1.
 4672701	[INFO]	XnProperty.cpp	101	Device.ReadData was successfully set.
 4673065	[INFO]	XnProperty.cpp	151	Property Depth1.Resolution was changed to 0.
 4673085	[INFO]	XnProperty.cpp	151	Property Depth1.XRes was changed to 320.
 4673099	[INFO]	XnProperty.cpp	151	Property Depth1.YRes was changed to 240.
 4673111	[INFO]	XnProperty.cpp	151	Property Depth1.FPS was changed to 30.
 4673122	[INFO]	XnProperty.cpp	151	Property Depth1.OutputFormat was changed to 1.
 4673135	[INFO]	XnProperty.cpp	151	Property Depth1.BytesPerPixel was changed to 2.
 4673147	[INFO]	XnProperty.cpp	151	Property Depth1.RequiredDataSize was changed to 153600.
 4673163	[INFO]	XnProperty.cpp	151	Property Depth1.ParamCoeff was changed to 4.
 4673222	[INFO]	XnProperty.cpp	151	Property Depth1.ShiftScale was changed to 10.
 4685742	[INFO]	XnProperty.cpp	151	Property Depth1.ConstShift was changed to 200.
 4685844	[INFO]	XnProperty.cpp	151	Property Depth1.ZPD was changed to 120.
 4685943	[INFO]	XnProperty.cpp	151	Property Depth1.ZPPS was changed to 0.104200.
 4685968	[INFO]	XnProperty.cpp	151	Property Depth1.LDDIS was changed to 7.500000.
 4686086	[INFO]	XnProperty.cpp	151	Property Depth1.Gain was changed to 30.
 4686133	[INFO]	XnDeviceBase.cpp	1458	Stream 'Depth1' was initialized.
 4686155	[INFO]	XnDeviceBase.cpp	1463	'Depth1' stream was created.
 4686353	[INFO]	XnProperty.cpp	74	Setting Depth1.InputFormat to 3...
 4686383	[INFO]	XnProperty.cpp	151	Property Depth1.InputFormat was changed to 3.
 4686404	[INFO]	XnProperty.cpp	101	Depth1.InputFormat was successfully set.
 4687053	[INFO]	XnProperty.cpp	74	Setting Depth1.RegistrationType to 2...
 4687076	[INFO]	XnProperty.cpp	151	Property Depth1.RegistrationType was changed to 2.
 4687099	[INFO]	XnProperty.cpp	101	Depth1.RegistrationType was successfully set.
 4687854	[INFO]	XnDeviceModule.cpp	431	Module 'Depth1' configuration was loaded from file.
 4688076	[INFO]	XnProperty.cpp	74	Setting Depth1.FPS to 30...
 4688102	[INFO]	XnProperty.cpp	86	Depth1.FPS value did not change.
 4688123	[INFO]	XnProperty.cpp	74	Setting Depth1.YRes to 480...
 4688146	[INFO]	XnProperty.cpp	151	Property Depth1.Resolution was changed to 1.
 4688170	[INFO]	XnProperty.cpp	151	Property Depth1.XRes was changed to 640.
 4688191	[INFO]	XnProperty.cpp	151	Property Depth1.RequiredDataSize was changed to 307200.
 4688214	[INFO]	XnProperty.cpp	151	Property Depth1.YRes was changed to 480.
 4688234	[INFO]	XnProperty.cpp	151	Property Depth1.RequiredDataSize was changed to 614400.
 4688254	[INFO]	XnProperty.cpp	101	Depth1.YRes was successfully set.
 4688271	[INFO]	XnProperty.cpp	74	Setting Depth1.XRes to 640...
 4688286	[INFO]	XnProperty.cpp	86	Depth1.XRes value did not change.
 4688346	[INFO]	XnProperty.cpp	74	Setting Depth1.Mirror to 1...
 4688370	[INFO]	XnProperty.cpp	151	Property Depth1.FirmwareMirror was changed to 1.
 4688433	[INFO]	XnProperty.cpp	151	Property Depth1.Mirror was changed to 1.
 4688453	[INFO]	XnProperty.cpp	101	Depth1.Mirror was successfully set.
 7191234	[INFO]	XnOpenNI.cpp	1261	Creating node 'User1' of type User...
 7219069	[WARNING]	Linux-x86Threads.cpp	173	Failed to set thread priority: Invalid argument
 7219114	[WARNING]	XnUSBLinux-x86.cpp	126	USB events thread: Failed to set thread priority to critical. This might cause loss of data...
 7219906	[INFO]	XnUSBLinux-x86.cpp	1222	USB read thread was started.
 7219936	[INFO]	XnProperty.cpp	151	Property Depth1.ActualReadData was changed to 1.
 7689841	[INFO]	XnProperty.cpp	151	Property Depth1.State was changed to 1.
 7689890	[INFO]	XnDeviceBase.cpp	370	Stream Depth1 is open.
10802707	[INFO]	XnOpenNI.cpp	1261	Creating node 'Image1' of type Image...
10802759	[INFO]	XnDeviceBase.cpp	1383	Creating stream 'Image1' of type 'Image'...
10802977	[INFO]	XnProperty.cpp	151	Property Image1.Resolution was changed to 0.
10803003	[INFO]	XnProperty.cpp	151	Property Image1.XRes was changed to 320.
10803022	[INFO]	XnProperty.cpp	151	Property Image1.YRes was changed to 240.
10803045	[INFO]	XnProperty.cpp	151	Property Image1.FPS was changed to 30.
10803063	[INFO]	XnProperty.cpp	151	Property Image1.OutputFormat was changed to 5.
10803082	[INFO]	XnProperty.cpp	151	Property Image1.BytesPerPixel was changed to 3.
10803101	[INFO]	XnProperty.cpp	151	Property Image1.RequiredDataSize was changed to 230400.
10803142	[INFO]	XnDeviceBase.cpp	1458	Stream 'Image1' was initialized.
10803164	[INFO]	XnDeviceBase.cpp	1463	'Image1' stream was created.
10803296	[INFO]	XnProperty.cpp	74	Setting Image1.InputFormat to 6...
10803326	[INFO]	XnProperty.cpp	151	Property Image1.InputFormat was changed to 6.
10803345	[INFO]	XnProperty.cpp	101	Image1.InputFormat was successfully set.
10803964	[INFO]	XnDeviceModule.cpp	431	Module 'Image1' configuration was loaded from file.
10804081	[INFO]	XnProperty.cpp	74	Setting Image1.FPS to 30...
10804103	[INFO]	XnProperty.cpp	86	Image1.FPS value did not change.
10804120	[INFO]	XnProperty.cpp	74	Setting Image1.YRes to 480...
10804140	[INFO]	XnProperty.cpp	151	Property Image1.Resolution was changed to 1.
10804162	[INFO]	XnProperty.cpp	151	Property Image1.XRes was changed to 640.
10804184	[INFO]	XnProperty.cpp	151	Property Image1.RequiredDataSize was changed to 460800.
10804208	[INFO]	XnProperty.cpp	151	Property Image1.YRes was changed to 480.
10804231	[INFO]	XnProperty.cpp	151	Property Image1.RequiredDataSize was changed to 921600.
10804254	[INFO]	XnProperty.cpp	101	Image1.YRes was successfully set.
10804278	[INFO]	XnProperty.cpp	74	Setting Image1.XRes to 640...
10804298	[INFO]	XnProperty.cpp	86	Image1.XRes value did not change.
10805445	[INFO]	XnUSBLinux-x86.cpp	1222	USB read thread was started.
10805493	[INFO]	XnProperty.cpp	151	Property Image1.ActualReadData was changed to 1.
10991591	[WARNING]	XnDepthProcessor.cpp	133	Read: Depth buffer is corrupt. Size is 549568 (!= 614400)
10991638	[WARNING]	XnFrameStreamProcessor.cpp	132	Depth frame is corrupt!
11023620	[WARNING]	XnDepthProcessor.cpp	133	Read: Depth buffer is corrupt. Size is 595008 (!= 614400)
11023669	[WARNING]	XnFrameStreamProcessor.cpp	132	Depth frame is corrupt!
14005703	[INFO]	XnProperty.cpp	151	Property Image1.State was changed to 1.
14005749	[INFO]	XnDeviceBase.cpp	370	Stream Image1 is open.
14005944	[INFO]	XnProperty.cpp	74	Setting Depth1.Registration to 1...
14027667	[WARNING]	XnDepthProcessor.cpp	133	Read: Depth buffer is corrupt. Size is 591664 (!= 614400)
14027744	[WARNING]	XnFrameStreamProcessor.cpp	132	Depth frame is corrupt!
14157871	[INFO]	XnProperty.cpp	151	Property Depth1.Registration was changed to 1.
14157915	[INFO]	XnProperty.cpp	101	Depth1.Registration was successfully set.
14157962	[INFO]	XnProperty.cpp	74	Setting Image1.Mirror to 1...
14170192	[INFO]	XnProperty.cpp	151	Property Image1.FirmwareMirror was changed to 1.
14170240	[INFO]	XnProperty.cpp	151	Property Image1.Mirror was changed to 1.
14170260	[INFO]	XnProperty.cpp	101	Image1.Mirror was successfully set.
29965860	[INFO]	XnOpenNI.cpp	1459	Destroying node 'User1'
29974228	[INFO]	XnOpenNI.cpp	1459	Destroying node 'Depth1'
29974326	[INFO]	XnDeviceBase.cpp	1507	Destroying stream 'Depth1'...
29975597	[INFO]	XnOpenNI.cpp	1459	Destroying node 'Image1'
29975662	[INFO]	XnDeviceBase.cpp	1507	Destroying stream 'Image1'...
29976594	[INFO]	XnOpenNI.cpp	1459	Destroying node 'Device1'
