  320915	[INFO]	XnLog.cpp	165	OpenNI version is 1.0.0 (Build 25)-MacOSX (Jan  7 2011 14:20:18)
  320966	[INFO]	XnLog.cpp	173	Log system initialized. Console: 1, File: 1, Severity: INFO, Masks: ALL
  321003	[INFO]	XnLog.cpp	173	Log system initialized. Console: 1, File: 1, Severity: INFO, Masks: ALL
  322629	[INFO]	XnUSBLinux-x86.cpp	98	USB is initialized.
34085594	[INFO]	XnOpenNI.cpp	1261	Creating node 'Device1' of type Device...
34409702	[INFO]	XnDeviceModule.cpp	431	Module 'Device' configuration was loaded from file.
35957496	[INFO]	XnDeviceSensorIO.cpp	135	Connected to USB device
35957554	[INFO]	XnProperty.cpp	151	Property Device.USBPath was changed to 045e/02ae@250/10.
35965802	[INFO]	XnHostProtocol.cpp	825	Hardware versions: FW=5.1.4 (7) HW=4 Chip=2 Sensor=4 SYS=7
37482250	[INFO]	XnProperty.cpp	151	Property Device.ID was changed to 0.
37482334	[INFO]	XnSensor.cpp	182	Device sensor initialized
37482430	[INFO]	XnOpenNI.cpp	1261	Creating node 'Depth1' of type Depth...
37482468	[INFO]	XnDeviceBase.cpp	1383	Creating stream 'Depth1' of type 'Depth'...
37482485	[INFO]	XnProperty.cpp	74	Setting Device.ReadData to 1...
37482516	[INFO]	XnDeviceSensorIO.cpp	298	Endpoints open
37494818	[INFO]	XnProperty.cpp	151	Property Device.ReadData was changed to 1.
37494863	[INFO]	XnProperty.cpp	101	Device.ReadData was successfully set.
37495267	[INFO]	XnProperty.cpp	151	Property Depth1.Resolution was changed to 0.
37495287	[INFO]	XnProperty.cpp	151	Property Depth1.XRes was changed to 320.
37495300	[INFO]	XnProperty.cpp	151	Property Depth1.YRes was changed to 240.
37495312	[INFO]	XnProperty.cpp	151	Property Depth1.FPS was changed to 30.
37495323	[INFO]	XnProperty.cpp	151	Property Depth1.OutputFormat was changed to 1.
37495335	[INFO]	XnProperty.cpp	151	Property Depth1.BytesPerPixel was changed to 2.
37495347	[INFO]	XnProperty.cpp	151	Property Depth1.RequiredDataSize was changed to 153600.
37495363	[INFO]	XnProperty.cpp	151	Property Depth1.ParamCoeff was changed to 4.
37495422	[INFO]	XnProperty.cpp	151	Property Depth1.ShiftScale was changed to 10.
37507921	[INFO]	XnProperty.cpp	151	Property Depth1.ConstShift was changed to 200.
37508000	[INFO]	XnProperty.cpp	151	Property Depth1.ZPD was changed to 120.
37508097	[INFO]	XnProperty.cpp	151	Property Depth1.ZPPS was changed to 0.104200.
37508111	[INFO]	XnProperty.cpp	151	Property Depth1.LDDIS was changed to 7.500000.
37508210	[INFO]	XnProperty.cpp	151	Property Depth1.Gain was changed to 30.
37508250	[INFO]	XnDeviceBase.cpp	1458	Stream 'Depth1' was initialized.
37508273	[INFO]	XnDeviceBase.cpp	1463	'Depth1' stream was created.
37508430	[INFO]	XnProperty.cpp	74	Setting Depth1.InputFormat to 3...
37508452	[INFO]	XnProperty.cpp	151	Property Depth1.InputFormat was changed to 3.
37508465	[INFO]	XnProperty.cpp	101	Depth1.InputFormat was successfully set.
37508905	[INFO]	XnProperty.cpp	74	Setting Depth1.RegistrationType to 2...
37508924	[INFO]	XnProperty.cpp	151	Property Depth1.RegistrationType was changed to 2.
37508935	[INFO]	XnProperty.cpp	101	Depth1.RegistrationType was successfully set.
37509399	[INFO]	XnDeviceModule.cpp	431	Module 'Depth1' configuration was loaded from file.
37509590	[INFO]	XnProperty.cpp	74	Setting Depth1.FPS to 30...
37509609	[INFO]	XnProperty.cpp	86	Depth1.FPS value did not change.
37509621	[INFO]	XnProperty.cpp	74	Setting Depth1.YRes to 480...
37509636	[INFO]	XnProperty.cpp	151	Property Depth1.Resolution was changed to 1.
37509650	[INFO]	XnProperty.cpp	151	Property Depth1.XRes was changed to 640.
37509663	[INFO]	XnProperty.cpp	151	Property Depth1.RequiredDataSize was changed to 307200.
37509678	[INFO]	XnProperty.cpp	151	Property Depth1.YRes was changed to 480.
37509690	[INFO]	XnProperty.cpp	151	Property Depth1.RequiredDataSize was changed to 614400.
37509703	[INFO]	XnProperty.cpp	101	Depth1.YRes was successfully set.
37509715	[INFO]	XnProperty.cpp	74	Setting Depth1.XRes to 640...
37509727	[INFO]	XnProperty.cpp	86	Depth1.XRes value did not change.
37509771	[INFO]	XnProperty.cpp	74	Setting Depth1.Mirror to 1...
37509786	[INFO]	XnProperty.cpp	151	Property Depth1.FirmwareMirror was changed to 1.
37509836	[INFO]	XnProperty.cpp	151	Property Depth1.Mirror was changed to 1.
37509848	[INFO]	XnProperty.cpp	101	Depth1.Mirror was successfully set.
75979074	[INFO]	XnOpenNI.cpp	1261	Creating node 'User1' of type User...
76179028	[WARNING]	Linux-x86Threads.cpp	173	Failed to set thread priority: Invalid argument
76179067	[WARNING]	XnUSBLinux-x86.cpp	126	USB events thread: Failed to set thread priority to critical. This might cause loss of data...
76179882	[INFO]	XnUSBLinux-x86.cpp	1222	USB read thread was started.
76179913	[INFO]	XnProperty.cpp	151	Property Depth1.ActualReadData was changed to 1.
76650443	[INFO]	XnProperty.cpp	151	Property Depth1.State was changed to 1.
76650486	[INFO]	XnDeviceBase.cpp	370	Stream Depth1 is open.
