    1614	[INFO]	XnLog.cpp	165	OpenNI version is 1.0.0 (Build 25)-MacOSX (Jan  7 2011 14:20:18)
    1661	[INFO]	XnLog.cpp	173	Log system initialized. Console: 1, File: 1, Severity: INFO, Masks: ALL
    1685	[INFO]	XnLog.cpp	173	Log system initialized. Console: 1, File: 1, Severity: INFO, Masks: ALL
    2808	[INFO]	XnUSBLinux-x86.cpp	98	USB is initialized.
 2893072	[INFO]	XnOpenNI.cpp	1261	Creating node 'Device1' of type Device...
 2893848	[INFO]	XnDeviceModule.cpp	431	Module 'Device' configuration was loaded from file.
 3214646	[INFO]	XnDeviceSensorIO.cpp	135	Connected to USB device
 3214699	[INFO]	XnProperty.cpp	151	Property Device.USBPath was changed to 045e/02ae@253/8.
 3222843	[INFO]	XnHostProtocol.cpp	825	Hardware versions: FW=5.1.4 (7) HW=4 Chip=2 Sensor=4 SYS=7
 4629455	[INFO]	XnProperty.cpp	151	Property Device.ID was changed to 0.
 4629557	[INFO]	XnSensor.cpp	182	Device sensor initialized
 4629678	[INFO]	XnOpenNI.cpp	1261	Creating node 'Depth1' of type Depth...
 4629722	[INFO]	XnDeviceBase.cpp	1383	Creating stream 'Depth1' of type 'Depth'...
 4629748	[INFO]	XnProperty.cpp	74	Setting Device.ReadData to 1...
 4629789	[INFO]	XnDeviceSensorIO.cpp	298	Endpoints open
 4642053	[INFO]	XnProperty.cpp	151	Property Device.ReadData was changed to 1.
 4642111	[INFO]	XnProperty.cpp	101	Device.ReadData was successfully set.
 4642538	[INFO]	XnProperty.cpp	151	Property Depth1.Resolution was changed to 0.
 4642564	[INFO]	XnProperty.cpp	151	Property Depth1.XRes was changed to 320.
 4642585	[INFO]	XnProperty.cpp	151	Property Depth1.YRes was changed to 240.
 4642606	[INFO]	XnProperty.cpp	151	Property Depth1.FPS was changed to 30.
 4642625	[INFO]	XnProperty.cpp	151	Property Depth1.OutputFormat was changed to 1.
 4642642	[INFO]	XnProperty.cpp	151	Property Depth1.BytesPerPixel was changed to 2.
 4642661	[INFO]	XnProperty.cpp	151	Property Depth1.RequiredDataSize was changed to 153600.
 4642684	[INFO]	XnProperty.cpp	151	Property Depth1.ParamCoeff was changed to 4.
 4642749	[INFO]	XnProperty.cpp	151	Property Depth1.ShiftScale was changed to 10.
 4654843	[INFO]	XnProperty.cpp	151	Property Depth1.ConstShift was changed to 200.
 4654992	[INFO]	XnProperty.cpp	151	Property Depth1.ZPD was changed to 120.
 4655153	[INFO]	XnProperty.cpp	151	Property Depth1.ZPPS was changed to 0.104200.
 4655186	[INFO]	XnProperty.cpp	151	Property Depth1.LDDIS was changed to 7.500000.
 4655339	[INFO]	XnProperty.cpp	151	Property Depth1.Gain was changed to 30.
 4655398	[INFO]	XnDeviceBase.cpp	1458	Stream 'Depth1' was initialized.
 4655429	[INFO]	XnDeviceBase.cpp	1463	'Depth1' stream was created.
 4655711	[INFO]	XnProperty.cpp	74	Setting Depth1.InputFormat to 3...
 4655754	[INFO]	XnProperty.cpp	151	Property Depth1.InputFormat was changed to 3.
 4655786	[INFO]	XnProperty.cpp	101	Depth1.InputFormat was successfully set.
 4656261	[INFO]	XnProperty.cpp	74	Setting Depth1.RegistrationType to 2...
 4656283	[INFO]	XnProperty.cpp	151	Property Depth1.RegistrationType was changed to 2.
 4656296	[INFO]	XnProperty.cpp	101	Depth1.RegistrationType was successfully set.
 4656756	[INFO]	XnDeviceModule.cpp	431	Module 'Depth1' configuration was loaded from file.
 4656918	[INFO]	XnProperty.cpp	74	Setting Depth1.FPS to 30...
 4656935	[INFO]	XnProperty.cpp	86	Depth1.FPS value did not change.
 4656947	[INFO]	XnProperty.cpp	74	Setting Depth1.YRes to 480...
 4656963	[INFO]	XnProperty.cpp	151	Property Depth1.Resolution was changed to 1.
 4656976	[INFO]	XnProperty.cpp	151	Property Depth1.XRes was changed to 640.
 4656989	[INFO]	XnProperty.cpp	151	Property Depth1.RequiredDataSize was changed to 307200.
 4657005	[INFO]	XnProperty.cpp	151	Property Depth1.YRes was changed to 480.
 4657017	[INFO]	XnProperty.cpp	151	Property Depth1.RequiredDataSize was changed to 614400.
 4657036	[INFO]	XnProperty.cpp	101	Depth1.YRes was successfully set.
 4657057	[INFO]	XnProperty.cpp	74	Setting Depth1.XRes to 640...
 4657074	[INFO]	XnProperty.cpp	86	Depth1.XRes value did not change.
 4657130	[INFO]	XnProperty.cpp	74	Setting Depth1.Mirror to 1...
 4657150	[INFO]	XnProperty.cpp	151	Property Depth1.FirmwareMirror was changed to 1.
 4657208	[INFO]	XnProperty.cpp	151	Property Depth1.Mirror was changed to 1.
 4657224	[INFO]	XnProperty.cpp	101	Depth1.Mirror was successfully set.
 7158023	[INFO]	XnOpenNI.cpp	1261	Creating node 'User1' of type User...
 7182821	[WARNING]	Linux-x86Threads.cpp	173	Failed to set thread priority: Invalid argument
 7182872	[WARNING]	XnUSBLinux-x86.cpp	126	USB events thread: Failed to set thread priority to critical. This might cause loss of data...
 7183904	[INFO]	XnUSBLinux-x86.cpp	1222	USB read thread was started.
 7183946	[INFO]	XnProperty.cpp	151	Property Depth1.ActualReadData was changed to 1.
 7655555	[INFO]	XnProperty.cpp	151	Property Depth1.State was changed to 1.
 7655601	[INFO]	XnDeviceBase.cpp	370	Stream Depth1 is open.
10875623	[INFO]	XnOpenNI.cpp	1261	Creating node 'Image1' of type Image...
10875685	[INFO]	XnDeviceBase.cpp	1383	Creating stream 'Image1' of type 'Image'...
10875909	[INFO]	XnProperty.cpp	151	Property Image1.Resolution was changed to 0.
10875935	[INFO]	XnProperty.cpp	151	Property Image1.XRes was changed to 320.
10875957	[INFO]	XnProperty.cpp	151	Property Image1.YRes was changed to 240.
10875978	[INFO]	XnProperty.cpp	151	Property Image1.FPS was changed to 30.
10875997	[INFO]	XnProperty.cpp	151	Property Image1.OutputFormat was changed to 5.
10876015	[INFO]	XnProperty.cpp	151	Property Image1.BytesPerPixel was changed to 3.
10876034	[INFO]	XnProperty.cpp	151	Property Image1.RequiredDataSize was changed to 230400.
10876075	[INFO]	XnDeviceBase.cpp	1458	Stream 'Image1' was initialized.
10876095	[INFO]	XnDeviceBase.cpp	1463	'Image1' stream was created.
10876209	[INFO]	XnProperty.cpp	74	Setting Image1.InputFormat to 6...
10876239	[INFO]	XnProperty.cpp	151	Property Image1.InputFormat was changed to 6.
10876257	[INFO]	XnProperty.cpp	101	Image1.InputFormat was successfully set.
10876707	[INFO]	XnDeviceModule.cpp	431	Module 'Image1' configuration was loaded from file.
10876800	[INFO]	XnProperty.cpp	74	Setting Image1.FPS to 30...
10876820	[INFO]	XnProperty.cpp	86	Image1.FPS value did not change.
10876839	[INFO]	XnProperty.cpp	74	Setting Image1.YRes to 480...
10876858	[INFO]	XnProperty.cpp	151	Property Image1.Resolution was changed to 1.
10876876	[INFO]	XnProperty.cpp	151	Property Image1.XRes was changed to 640.
10876894	[INFO]	XnProperty.cpp	151	Property Image1.RequiredDataSize was changed to 460800.
10876915	[INFO]	XnProperty.cpp	151	Property Image1.YRes was changed to 480.
10876932	[INFO]	XnProperty.cpp	151	Property Image1.RequiredDataSize was changed to 921600.
10876950	[INFO]	XnProperty.cpp	101	Image1.YRes was successfully set.
10876972	[INFO]	XnProperty.cpp	74	Setting Image1.XRes to 640...
10876990	[INFO]	XnProperty.cpp	86	Image1.XRes value did not change.
10877984	[INFO]	XnUSBLinux-x86.cpp	1222	USB read thread was started.
10878024	[INFO]	XnProperty.cpp	151	Property Image1.ActualReadData was changed to 1.
11056787	[WARNING]	XnDepthProcessor.cpp	133	Read: Depth buffer is corrupt. Size is 548352 (!= 614400)
11056836	[WARNING]	XnFrameStreamProcessor.cpp	132	Depth frame is corrupt!
11088820	[WARNING]	XnDepthProcessor.cpp	133	Read: Depth buffer is corrupt. Size is 597136 (!= 614400)
11088867	[WARNING]	XnFrameStreamProcessor.cpp	132	Depth frame is corrupt!
14079112	[INFO]	XnProperty.cpp	151	Property Image1.State was changed to 1.
14079155	[INFO]	XnDeviceBase.cpp	370	Stream Image1 is open.
14079332	[INFO]	XnProperty.cpp	74	Setting Depth1.Registration to 1...
14093270	[WARNING]	XnDepthProcessor.cpp	133	Read: Depth buffer is corrupt. Size is 584288 (!= 614400)
14093329	[WARNING]	XnFrameStreamProcessor.cpp	132	Depth frame is corrupt!
14232249	[INFO]	XnProperty.cpp	151	Property Depth1.Registration was changed to 1.
14232292	[INFO]	XnProperty.cpp	101	Depth1.Registration was successfully set.
14232337	[INFO]	XnProperty.cpp	74	Setting Image1.Mirror to 1...
14244629	[INFO]	XnProperty.cpp	151	Property Image1.FirmwareMirror was changed to 1.
14244673	[INFO]	XnProperty.cpp	151	Property Image1.Mirror was changed to 1.
14244687	[INFO]	XnProperty.cpp	101	Image1.Mirror was successfully set.
45016327	[INFO]	XnOpenNI.cpp	1459	Destroying node 'User1'
45024139	[INFO]	XnOpenNI.cpp	1459	Destroying node 'Depth1'
45024231	[INFO]	XnDeviceBase.cpp	1507	Destroying stream 'Depth1'...
45025505	[INFO]	XnOpenNI.cpp	1459	Destroying node 'Image1'
45025562	[INFO]	XnDeviceBase.cpp	1507	Destroying stream 'Image1'...
45026432	[INFO]	XnOpenNI.cpp	1459	Destroying node 'Device1'
