    1594	[INFO]	XnLog.cpp	165	OpenNI version is 1.0.0 (Build 25)-MacOSX (Jan  7 2011 14:20:18)
    1639	[INFO]	XnLog.cpp	173	Log system initialized. Console: 1, File: 1, Severity: INFO, Masks: ALL
    1661	[INFO]	XnLog.cpp	173	Log system initialized. Console: 1, File: 1, Severity: INFO, Masks: ALL
    2794	[INFO]	XnUSBLinux-x86.cpp	98	USB is initialized.
 2903522	[INFO]	XnOpenNI.cpp	1261	Creating node 'Device1' of type Device...
 2904478	[INFO]	XnDeviceModule.cpp	431	Module 'Device' configuration was loaded from file.
 3235723	[INFO]	XnDeviceSensorIO.cpp	135	Connected to USB device
 3235776	[INFO]	XnProperty.cpp	151	Property Device.USBPath was changed to 045e/02ae@250/10.
 3244078	[INFO]	XnHostProtocol.cpp	825	Hardware versions: FW=5.1.4 (7) HW=4 Chip=2 Sensor=4 SYS=7
 4653340	[INFO]	XnProperty.cpp	151	Property Device.ID was changed to 0.
 4653434	[INFO]	XnSensor.cpp	182	Device sensor initialized
 4653526	[INFO]	XnOpenNI.cpp	1261	Creating node 'Depth1' of type Depth...
 4653564	[INFO]	XnDeviceBase.cpp	1383	Creating stream 'Depth1' of type 'Depth'...
 4653582	[INFO]	XnProperty.cpp	74	Setting Device.ReadData to 1...
 4653613	[INFO]	XnDeviceSensorIO.cpp	298	Endpoints open
 4665754	[INFO]	XnProperty.cpp	151	Property Device.ReadData was changed to 1.
 4665806	[INFO]	XnProperty.cpp	101	Device.ReadData was successfully set.
 4666312	[INFO]	XnProperty.cpp	151	Property Depth1.Resolution was changed to 0.
 4666344	[INFO]	XnProperty.cpp	151	Property Depth1.XRes was changed to 320.
 4666366	[INFO]	XnProperty.cpp	151	Property Depth1.YRes was changed to 240.
 4666384	[INFO]	XnProperty.cpp	151	Property Depth1.FPS was changed to 30.
 4666402	[INFO]	XnProperty.cpp	151	Property Depth1.OutputFormat was changed to 1.
 4666421	[INFO]	XnProperty.cpp	151	Property Depth1.BytesPerPixel was changed to 2.
 4666441	[INFO]	XnProperty.cpp	151	Property Depth1.RequiredDataSize was changed to 153600.
 4666464	[INFO]	XnProperty.cpp	151	Property Depth1.ParamCoeff was changed to 4.
 4666539	[INFO]	XnProperty.cpp	151	Property Depth1.ShiftScale was changed to 10.
 4678909	[INFO]	XnProperty.cpp	151	Property Depth1.ConstShift was changed to 200.
 4679029	[INFO]	XnProperty.cpp	151	Property Depth1.ZPD was changed to 120.
 4679134	[INFO]	XnProperty.cpp	151	Property Depth1.ZPPS was changed to 0.104200.
 4679159	[INFO]	XnProperty.cpp	151	Property Depth1.LDDIS was changed to 7.500000.
 4679279	[INFO]	XnProperty.cpp	151	Property Depth1.Gain was changed to 30.
 4679326	[INFO]	XnDeviceBase.cpp	1458	Stream 'Depth1' was initialized.
 4679348	[INFO]	XnDeviceBase.cpp	1463	'Depth1' stream was created.
 4679570	[INFO]	XnProperty.cpp	74	Setting Depth1.InputFormat to 3...
 4679602	[INFO]	XnProperty.cpp	151	Property Depth1.InputFormat was changed to 3.
 4679623	[INFO]	XnProperty.cpp	101	Depth1.InputFormat was successfully set.
 4680297	[INFO]	XnProperty.cpp	74	Setting Depth1.RegistrationType to 2...
 4680329	[INFO]	XnProperty.cpp	151	Property Depth1.RegistrationType was changed to 2.
 4680351	[INFO]	XnProperty.cpp	101	Depth1.RegistrationType was successfully set.
 4681056	[INFO]	XnDeviceModule.cpp	431	Module 'Depth1' configuration was loaded from file.
 4681301	[INFO]	XnProperty.cpp	74	Setting Depth1.FPS to 30...
 4681325	[INFO]	XnProperty.cpp	86	Depth1.FPS value did not change.
 4681348	[INFO]	XnProperty.cpp	74	Setting Depth1.YRes to 480...
 4681372	[INFO]	XnProperty.cpp	151	Property Depth1.Resolution was changed to 1.
 4681393	[INFO]	XnProperty.cpp	151	Property Depth1.XRes was changed to 640.
 4681413	[INFO]	XnProperty.cpp	151	Property Depth1.RequiredDataSize was changed to 307200.
 4681435	[INFO]	XnProperty.cpp	151	Property Depth1.YRes was changed to 480.
 4681454	[INFO]	XnProperty.cpp	151	Property Depth1.RequiredDataSize was changed to 614400.
 4681475	[INFO]	XnProperty.cpp	101	Depth1.YRes was successfully set.
 4681496	[INFO]	XnProperty.cpp	74	Setting Depth1.XRes to 640...
 4681514	[INFO]	XnProperty.cpp	86	Depth1.XRes value did not change.
 4681574	[INFO]	XnProperty.cpp	74	Setting Depth1.Mirror to 1...
 4681596	[INFO]	XnProperty.cpp	151	Property Depth1.FirmwareMirror was changed to 1.
 4826532	[INFO]	XnProperty.cpp	151	Property Depth1.Mirror was changed to 1.
 4826555	[INFO]	XnProperty.cpp	101	Depth1.Mirror was successfully set.
 7327865	[INFO]	XnOpenNI.cpp	1261	Creating node 'User1' of type User...
 7353869	[WARNING]	Linux-x86Threads.cpp	173	Failed to set thread priority: Invalid argument
 7353928	[WARNING]	XnUSBLinux-x86.cpp	126	USB events thread: Failed to set thread priority to critical. This might cause loss of data...
 7354828	[INFO]	XnUSBLinux-x86.cpp	1222	USB read thread was started.
 7354864	[INFO]	XnProperty.cpp	151	Property Depth1.ActualReadData was changed to 1.
 7826515	[INFO]	XnProperty.cpp	151	Property Depth1.State was changed to 1.
 7826568	[INFO]	XnDeviceBase.cpp	370	Stream Depth1 is open.
10832529	[INFO]	XnOpenNI.cpp	1261	Creating node 'Image1' of type Image...
10832580	[INFO]	XnDeviceBase.cpp	1383	Creating stream 'Image1' of type 'Image'...
10832767	[INFO]	XnProperty.cpp	151	Property Image1.Resolution was changed to 0.
10832786	[INFO]	XnProperty.cpp	151	Property Image1.XRes was changed to 320.
10832799	[INFO]	XnProperty.cpp	151	Property Image1.YRes was changed to 240.
10832811	[INFO]	XnProperty.cpp	151	Property Image1.FPS was changed to 30.
10832822	[INFO]	XnProperty.cpp	151	Property Image1.OutputFormat was changed to 5.
10832835	[INFO]	XnProperty.cpp	151	Property Image1.BytesPerPixel was changed to 3.
10832847	[INFO]	XnProperty.cpp	151	Property Image1.RequiredDataSize was changed to 230400.
10832874	[INFO]	XnDeviceBase.cpp	1458	Stream 'Image1' was initialized.
10832888	[INFO]	XnDeviceBase.cpp	1463	'Image1' stream was created.
10832992	[INFO]	XnProperty.cpp	74	Setting Image1.InputFormat to 6...
10833013	[INFO]	XnProperty.cpp	151	Property Image1.InputFormat was changed to 6.
10833026	[INFO]	XnProperty.cpp	101	Image1.InputFormat was successfully set.
10833446	[INFO]	XnDeviceModule.cpp	431	Module 'Image1' configuration was loaded from file.
10833529	[INFO]	XnProperty.cpp	74	Setting Image1.FPS to 30...
10833545	[INFO]	XnProperty.cpp	86	Image1.FPS value did not change.
10833557	[INFO]	XnProperty.cpp	74	Setting Image1.YRes to 480...
10833571	[INFO]	XnProperty.cpp	151	Property Image1.Resolution was changed to 1.
10833583	[INFO]	XnProperty.cpp	151	Property Image1.XRes was changed to 640.
10833595	[INFO]	XnProperty.cpp	151	Property Image1.RequiredDataSize was changed to 460800.
10833608	[INFO]	XnProperty.cpp	151	Property Image1.YRes was changed to 480.
10833620	[INFO]	XnProperty.cpp	151	Property Image1.RequiredDataSize was changed to 921600.
10833633	[INFO]	XnProperty.cpp	101	Image1.YRes was successfully set.
10833645	[INFO]	XnProperty.cpp	74	Setting Image1.XRes to 640...
10833656	[INFO]	XnProperty.cpp	86	Image1.XRes value did not change.
10834619	[INFO]	XnUSBLinux-x86.cpp	1222	USB read thread was started.
10834664	[INFO]	XnProperty.cpp	151	Property Image1.ActualReadData was changed to 1.
11027292	[WARNING]	XnDepthProcessor.cpp	133	Read: Depth buffer is corrupt. Size is 536960 (!= 614400)
11027340	[WARNING]	XnFrameStreamProcessor.cpp	132	Depth frame is corrupt!
13931711	[WARNING]	XnDepthProcessor.cpp	133	Read: Depth buffer is corrupt. Size is 569936 (!= 614400)
13931756	[WARNING]	XnFrameStreamProcessor.cpp	132	Depth frame is corrupt!
14036994	[INFO]	XnProperty.cpp	151	Property Image1.State was changed to 1.
14037037	[INFO]	XnDeviceBase.cpp	370	Stream Image1 is open.
14037260	[INFO]	XnProperty.cpp	74	Setting Depth1.Registration to 1...
14063875	[WARNING]	XnDepthProcessor.cpp	133	Read: Depth buffer is corrupt. Size is 570704 (!= 614400)
14063932	[WARNING]	XnFrameStreamProcessor.cpp	132	Depth frame is corrupt!
14190846	[INFO]	XnProperty.cpp	151	Property Depth1.Registration was changed to 1.
14190898	[INFO]	XnProperty.cpp	101	Depth1.Registration was successfully set.
14190954	[INFO]	XnProperty.cpp	74	Setting Image1.Mirror to 1...
14203312	[INFO]	XnProperty.cpp	151	Property Image1.FirmwareMirror was changed to 1.
14203366	[INFO]	XnProperty.cpp	151	Property Image1.Mirror was changed to 1.
14203383	[INFO]	XnProperty.cpp	101	Image1.Mirror was successfully set.
35154361	[INFO]	XnOpenNI.cpp	1459	Destroying node 'User1'
35328621	[INFO]	XnOpenNI.cpp	1459	Destroying node 'Depth1'
35328723	[INFO]	XnDeviceBase.cpp	1507	Destroying stream 'Depth1'...
35330163	[INFO]	XnOpenNI.cpp	1459	Destroying node 'Image1'
35330238	[INFO]	XnDeviceBase.cpp	1507	Destroying stream 'Image1'...
35331400	[INFO]	XnOpenNI.cpp	1459	Destroying node 'Device1'
