    1852	[INFO]	XnLog.cpp	165	OpenNI version is 1.0.0 (Build 25)-MacOSX (Jan  7 2011 14:20:18)
    1916	[INFO]	XnLog.cpp	173	Log system initialized. Console: 1, File: 1, Severity: INFO, Masks: ALL
    1950	[INFO]	XnLog.cpp	173	Log system initialized. Console: 1, File: 1, Severity: INFO, Masks: ALL
    3491	[INFO]	XnUSBLinux-x86.cpp	98	USB is initialized.
 4505775	[INFO]	XnOpenNI.cpp	1261	Creating node 'Device1' of type Device...
 4506549	[INFO]	XnDeviceModule.cpp	431	Module 'Device' configuration was loaded from file.
 5177696	[INFO]	XnDeviceSensorIO.cpp	135	Connected to USB device
 5177752	[INFO]	XnProperty.cpp	151	Property Device.USBPath was changed to 045e/02ae@250/10.
 5185666	[INFO]	XnHostProtocol.cpp	825	Hardware versions: FW=5.1.4 (7) HW=4 Chip=2 Sensor=4 SYS=7
 6599655	[INFO]	XnProperty.cpp	151	Property Device.ID was changed to 0.
 6599732	[INFO]	XnSensor.cpp	182	Device sensor initialized
 6599833	[INFO]	XnOpenNI.cpp	1261	Creating node 'Depth1' of type Depth...
 6599888	[INFO]	XnDeviceBase.cpp	1383	Creating stream 'Depth1' of type 'Depth'...
 6599916	[INFO]	XnProperty.cpp	74	Setting Device.ReadData to 1...
 6599957	[INFO]	XnDeviceSensorIO.cpp	298	Endpoints open
 6612310	[INFO]	XnProperty.cpp	151	Property Device.ReadData was changed to 1.
 6612355	[INFO]	XnProperty.cpp	101	Device.ReadData was successfully set.
 6612772	[INFO]	XnProperty.cpp	151	Property Depth1.Resolution was changed to 0.
 6612799	[INFO]	XnProperty.cpp	151	Property Depth1.XRes was changed to 320.
 6612819	[INFO]	XnProperty.cpp	151	Property Depth1.YRes was changed to 240.
 6612839	[INFO]	XnProperty.cpp	151	Property Depth1.FPS was changed to 30.
 6612858	[INFO]	XnProperty.cpp	151	Property Depth1.OutputFormat was changed to 1.
 6612876	[INFO]	XnProperty.cpp	151	Property Depth1.BytesPerPixel was changed to 2.
 6612895	[INFO]	XnProperty.cpp	151	Property Depth1.RequiredDataSize was changed to 153600.
 6612920	[INFO]	XnProperty.cpp	151	Property Depth1.ParamCoeff was changed to 4.
 6613001	[INFO]	XnProperty.cpp	151	Property Depth1.ShiftScale was changed to 10.
 6625208	[INFO]	XnProperty.cpp	151	Property Depth1.ConstShift was changed to 200.
 6625300	[INFO]	XnProperty.cpp	151	Property Depth1.ZPD was changed to 120.
 6625397	[INFO]	XnProperty.cpp	151	Property Depth1.ZPPS was changed to 0.104200.
 6625412	[INFO]	XnProperty.cpp	151	Property Depth1.LDDIS was changed to 7.500000.
 6625500	[INFO]	XnProperty.cpp	151	Property Depth1.Gain was changed to 30.
 6625540	[INFO]	XnDeviceBase.cpp	1458	Stream 'Depth1' was initialized.
 6625562	[INFO]	XnDeviceBase.cpp	1463	'Depth1' stream was created.
 6625725	[INFO]	XnProperty.cpp	74	Setting Depth1.InputFormat to 3...
 6625750	[INFO]	XnProperty.cpp	151	Property Depth1.InputFormat was changed to 3.
 6625770	[INFO]	XnProperty.cpp	101	Depth1.InputFormat was successfully set.
 6626570	[INFO]	XnProperty.cpp	74	Setting Depth1.RegistrationType to 2...
 6626617	[INFO]	XnProperty.cpp	151	Property Depth1.RegistrationType was changed to 2.
 6626643	[INFO]	XnProperty.cpp	101	Depth1.RegistrationType was successfully set.
 6627296	[INFO]	XnDeviceModule.cpp	431	Module 'Depth1' configuration was loaded from file.
 6627500	[INFO]	XnProperty.cpp	74	Setting Depth1.FPS to 30...
 6627520	[INFO]	XnProperty.cpp	86	Depth1.FPS value did not change.
 6627535	[INFO]	XnProperty.cpp	74	Setting Depth1.YRes to 480...
 6627553	[INFO]	XnProperty.cpp	151	Property Depth1.Resolution was changed to 1.
 6627567	[INFO]	XnProperty.cpp	151	Property Depth1.XRes was changed to 640.
 6627580	[INFO]	XnProperty.cpp	151	Property Depth1.RequiredDataSize was changed to 307200.
 6627595	[INFO]	XnProperty.cpp	151	Property Depth1.YRes was changed to 480.
 6627607	[INFO]	XnProperty.cpp	151	Property Depth1.RequiredDataSize was changed to 614400.
 6627621	[INFO]	XnProperty.cpp	101	Depth1.YRes was successfully set.
 6627633	[INFO]	XnProperty.cpp	74	Setting Depth1.XRes to 640...
 6627644	[INFO]	XnProperty.cpp	86	Depth1.XRes value did not change.
 6627692	[INFO]	XnProperty.cpp	74	Setting Depth1.Mirror to 1...
 6627711	[INFO]	XnProperty.cpp	151	Property Depth1.FirmwareMirror was changed to 1.
 6627770	[INFO]	XnProperty.cpp	151	Property Depth1.Mirror was changed to 1.
 6627789	[INFO]	XnProperty.cpp	101	Depth1.Mirror was successfully set.
11784102	[INFO]	XnOpenNI.cpp	1261	Creating node 'User1' of type User...
11809770	[WARNING]	Linux-x86Threads.cpp	173	Failed to set thread priority: Invalid argument
11809819	[WARNING]	XnUSBLinux-x86.cpp	126	USB events thread: Failed to set thread priority to critical. This might cause loss of data...
11810790	[INFO]	XnUSBLinux-x86.cpp	1222	USB read thread was started.
11810836	[INFO]	XnProperty.cpp	151	Property Depth1.ActualReadData was changed to 1.
12281780	[INFO]	XnProperty.cpp	151	Property Depth1.State was changed to 1.
12281834	[INFO]	XnDeviceBase.cpp	370	Stream Depth1 is open.
17427875	[INFO]	XnOpenNI.cpp	1261	Creating node 'Image1' of type Image...
17427930	[INFO]	XnDeviceBase.cpp	1383	Creating stream 'Image1' of type 'Image'...
17428143	[INFO]	XnProperty.cpp	151	Property Image1.Resolution was changed to 0.
17428169	[INFO]	XnProperty.cpp	151	Property Image1.XRes was changed to 320.
17428189	[INFO]	XnProperty.cpp	151	Property Image1.YRes was changed to 240.
17428206	[INFO]	XnProperty.cpp	151	Property Image1.FPS was changed to 30.
17428224	[INFO]	XnProperty.cpp	151	Property Image1.OutputFormat was changed to 5.
17428243	[INFO]	XnProperty.cpp	151	Property Image1.BytesPerPixel was changed to 3.
17428262	[INFO]	XnProperty.cpp	151	Property Image1.RequiredDataSize was changed to 230400.
17428303	[INFO]	XnDeviceBase.cpp	1458	Stream 'Image1' was initialized.
17428325	[INFO]	XnDeviceBase.cpp	1463	'Image1' stream was created.
17428456	[INFO]	XnProperty.cpp	74	Setting Image1.InputFormat to 6...
17428485	[INFO]	XnProperty.cpp	151	Property Image1.InputFormat was changed to 6.
17428505	[INFO]	XnProperty.cpp	101	Image1.InputFormat was successfully set.
17429119	[INFO]	XnDeviceModule.cpp	431	Module 'Image1' configuration was loaded from file.
17429242	[INFO]	XnProperty.cpp	74	Setting Image1.FPS to 30...
17429265	[INFO]	XnProperty.cpp	86	Image1.FPS value did not change.
17429287	[INFO]	XnProperty.cpp	74	Setting Image1.YRes to 480...
17429309	[INFO]	XnProperty.cpp	151	Property Image1.Resolution was changed to 1.
17429332	[INFO]	XnProperty.cpp	151	Property Image1.XRes was changed to 640.
17429354	[INFO]	XnProperty.cpp	151	Property Image1.RequiredDataSize was changed to 460800.
17429379	[INFO]	XnProperty.cpp	151	Property Image1.YRes was changed to 480.
17429402	[INFO]	XnProperty.cpp	151	Property Image1.RequiredDataSize was changed to 921600.
17429426	[INFO]	XnProperty.cpp	101	Image1.YRes was successfully set.
17429449	[INFO]	XnProperty.cpp	74	Setting Image1.XRes to 640...
17429470	[INFO]	XnProperty.cpp	86	Image1.XRes value did not change.
17430683	[INFO]	XnUSBLinux-x86.cpp	1222	USB read thread was started.
17430732	[INFO]	XnProperty.cpp	151	Property Image1.ActualReadData was changed to 1.
17619956	[WARNING]	XnDepthProcessor.cpp	133	Read: Depth buffer is corrupt. Size is 547232 (!= 614400)
17620001	[WARNING]	XnFrameStreamProcessor.cpp	132	Depth frame is corrupt!
20520421	[WARNING]	XnDepthProcessor.cpp	133	Read: Depth buffer is corrupt. Size is 594080 (!= 614400)
20520489	[WARNING]	XnFrameStreamProcessor.cpp	132	Depth frame is corrupt!
20632516	[INFO]	XnProperty.cpp	151	Property Image1.State was changed to 1.
20632562	[INFO]	XnDeviceBase.cpp	370	Stream Image1 is open.
20632765	[INFO]	XnProperty.cpp	74	Setting Depth1.Registration to 1...
20688482	[WARNING]	XnDepthProcessor.cpp	133	Read: Depth buffer is corrupt. Size is 587184 (!= 614400)
20689617	[WARNING]	XnFrameStreamProcessor.cpp	132	Depth frame is corrupt!
20786329	[INFO]	XnProperty.cpp	151	Property Depth1.Registration was changed to 1.
20786372	[INFO]	XnProperty.cpp	101	Depth1.Registration was successfully set.
20786419	[INFO]	XnProperty.cpp	74	Setting Image1.Mirror to 1...
20798564	[INFO]	XnProperty.cpp	151	Property Image1.FirmwareMirror was changed to 1.
20798612	[INFO]	XnProperty.cpp	151	Property Image1.Mirror was changed to 1.
20798624	[INFO]	XnProperty.cpp	101	Image1.Mirror was successfully set.
29266186	[INFO]	XnOpenNI.cpp	1459	Destroying node 'User1'
29275081	[INFO]	XnOpenNI.cpp	1459	Destroying node 'Depth1'
29275173	[INFO]	XnDeviceBase.cpp	1507	Destroying stream 'Depth1'...
29276631	[INFO]	XnOpenNI.cpp	1459	Destroying node 'Image1'
29276725	[INFO]	XnDeviceBase.cpp	1507	Destroying stream 'Image1'...
29277700	[INFO]	XnOpenNI.cpp	1459	Destroying node 'Device1'
