    1437	[INFO]	XnLog.cpp	165	OpenNI version is 1.0.0 (Build 25)-MacOSX (Jan  7 2011 14:20:18)
    1480	[INFO]	XnLog.cpp	173	Log system initialized. Console: 1, File: 1, Severity: INFO, Masks: ALL
    1504	[INFO]	XnLog.cpp	173	Log system initialized. Console: 1, File: 1, Severity: INFO, Masks: ALL
    2614	[INFO]	XnUSBLinux-x86.cpp	98	USB is initialized.
 2908764	[INFO]	XnOpenNI.cpp	1261	Creating node 'Device1' of type Device...
 2910150	[INFO]	XnDeviceModule.cpp	431	Module 'Device' configuration was loaded from file.
 3242520	[INFO]	XnDeviceSensorIO.cpp	135	Connected to USB device
 3242572	[INFO]	XnProperty.cpp	151	Property Device.USBPath was changed to 045e/02ae@250/10.
 3250241	[INFO]	XnHostProtocol.cpp	825	Hardware versions: FW=5.1.4 (7) HW=4 Chip=2 Sensor=4 SYS=7
 4658480	[INFO]	XnProperty.cpp	151	Property Device.ID was changed to 0.
 4658543	[INFO]	XnSensor.cpp	182	Device sensor initialized
 4658628	[INFO]	XnOpenNI.cpp	1261	Creating node 'Depth1' of type Depth...
 4658680	[INFO]	XnDeviceBase.cpp	1383	Creating stream 'Depth1' of type 'Depth'...
 4658706	[INFO]	XnProperty.cpp	74	Setting Device.ReadData to 1...
 4658747	[INFO]	XnDeviceSensorIO.cpp	298	Endpoints open
 4671016	[INFO]	XnProperty.cpp	151	Property Device.ReadData was changed to 1.
 4671057	[INFO]	XnProperty.cpp	101	Device.ReadData was successfully set.
 4671396	[INFO]	XnProperty.cpp	151	Property Depth1.Resolution was changed to 0.
 4671416	[INFO]	XnProperty.cpp	151	Property Depth1.XRes was changed to 320.
 4671429	[INFO]	XnProperty.cpp	151	Property Depth1.YRes was changed to 240.
 4671441	[INFO]	XnProperty.cpp	151	Property Depth1.FPS was changed to 30.
 4671452	[INFO]	XnProperty.cpp	151	Property Depth1.OutputFormat was changed to 1.
 4671464	[INFO]	XnProperty.cpp	151	Property Depth1.BytesPerPixel was changed to 2.
 4671476	[INFO]	XnProperty.cpp	151	Property Depth1.RequiredDataSize was changed to 153600.
 4671492	[INFO]	XnProperty.cpp	151	Property Depth1.ParamCoeff was changed to 4.
 4671551	[INFO]	XnProperty.cpp	151	Property Depth1.ShiftScale was changed to 10.
 4683762	[INFO]	XnProperty.cpp	151	Property Depth1.ConstShift was changed to 200.
 4683858	[INFO]	XnProperty.cpp	151	Property Depth1.ZPD was changed to 120.
 4683962	[INFO]	XnProperty.cpp	151	Property Depth1.ZPPS was changed to 0.104200.
 4683979	[INFO]	XnProperty.cpp	151	Property Depth1.LDDIS was changed to 7.500000.
 4684094	[INFO]	XnProperty.cpp	151	Property Depth1.Gain was changed to 30.
 4684133	[INFO]	XnDeviceBase.cpp	1458	Stream 'Depth1' was initialized.
 4684155	[INFO]	XnDeviceBase.cpp	1463	'Depth1' stream was created.
 4684315	[INFO]	XnProperty.cpp	74	Setting Depth1.InputFormat to 3...
 4684339	[INFO]	XnProperty.cpp	151	Property Depth1.InputFormat was changed to 3.
 4684358	[INFO]	XnProperty.cpp	101	Depth1.InputFormat was successfully set.
 4684851	[INFO]	XnProperty.cpp	74	Setting Depth1.RegistrationType to 2...
 4684875	[INFO]	XnProperty.cpp	151	Property Depth1.RegistrationType was changed to 2.
 4684894	[INFO]	XnProperty.cpp	101	Depth1.RegistrationType was successfully set.
 4685394	[INFO]	XnDeviceModule.cpp	431	Module 'Depth1' configuration was loaded from file.
 4685567	[INFO]	XnProperty.cpp	74	Setting Depth1.FPS to 30...
 4685587	[INFO]	XnProperty.cpp	86	Depth1.FPS value did not change.
 4685606	[INFO]	XnProperty.cpp	74	Setting Depth1.YRes to 480...
 4685629	[INFO]	XnProperty.cpp	151	Property Depth1.Resolution was changed to 1.
 4685650	[INFO]	XnProperty.cpp	151	Property Depth1.XRes was changed to 640.
 4685670	[INFO]	XnProperty.cpp	151	Property Depth1.RequiredDataSize was changed to 307200.
 4685692	[INFO]	XnProperty.cpp	151	Property Depth1.YRes was changed to 480.
 4685711	[INFO]	XnProperty.cpp	151	Property Depth1.RequiredDataSize was changed to 614400.
 4685730	[INFO]	XnProperty.cpp	101	Depth1.YRes was successfully set.
 4685750	[INFO]	XnProperty.cpp	74	Setting Depth1.XRes to 640...
 4685767	[INFO]	XnProperty.cpp	86	Depth1.XRes value did not change.
 4685835	[INFO]	XnProperty.cpp	74	Setting Depth1.Mirror to 1...
 4685854	[INFO]	XnProperty.cpp	151	Property Depth1.FirmwareMirror was changed to 1.
 4685907	[INFO]	XnProperty.cpp	151	Property Depth1.Mirror was changed to 1.
 4685927	[INFO]	XnProperty.cpp	101	Depth1.Mirror was successfully set.
 7185973	[INFO]	XnOpenNI.cpp	1261	Creating node 'User1' of type User...
 7211137	[WARNING]	Linux-x86Threads.cpp	173	Failed to set thread priority: Invalid argument
 7211184	[WARNING]	XnUSBLinux-x86.cpp	126	USB events thread: Failed to set thread priority to critical. This might cause loss of data...
 7212001	[INFO]	XnUSBLinux-x86.cpp	1222	USB read thread was started.
 7212032	[INFO]	XnProperty.cpp	151	Property Depth1.ActualReadData was changed to 1.
 7683051	[INFO]	XnProperty.cpp	151	Property Depth1.State was changed to 1.
 7683094	[INFO]	XnDeviceBase.cpp	370	Stream Depth1 is open.
10900053	[INFO]	XnOpenNI.cpp	1261	Creating node 'Image1' of type Image...
10900108	[INFO]	XnDeviceBase.cpp	1383	Creating stream 'Image1' of type 'Image'...
10900299	[INFO]	XnProperty.cpp	151	Property Image1.Resolution was changed to 0.
10900321	[INFO]	XnProperty.cpp	151	Property Image1.XRes was changed to 320.
10900342	[INFO]	XnProperty.cpp	151	Property Image1.YRes was changed to 240.
10900362	[INFO]	XnProperty.cpp	151	Property Image1.FPS was changed to 30.
10900382	[INFO]	XnProperty.cpp	151	Property Image1.OutputFormat was changed to 5.
10900397	[INFO]	XnProperty.cpp	151	Property Image1.BytesPerPixel was changed to 3.
10900411	[INFO]	XnProperty.cpp	151	Property Image1.RequiredDataSize was changed to 230400.
10900446	[INFO]	XnDeviceBase.cpp	1458	Stream 'Image1' was initialized.
10900466	[INFO]	XnDeviceBase.cpp	1463	'Image1' stream was created.
10900583	[INFO]	XnProperty.cpp	74	Setting Image1.InputFormat to 6...
10900608	[INFO]	XnProperty.cpp	151	Property Image1.InputFormat was changed to 6.
10900628	[INFO]	XnProperty.cpp	101	Image1.InputFormat was successfully set.
10901059	[INFO]	XnDeviceModule.cpp	431	Module 'Image1' configuration was loaded from file.
10901147	[INFO]	XnProperty.cpp	74	Setting Image1.FPS to 30...
10901164	[INFO]	XnProperty.cpp	86	Image1.FPS value did not change.
10901176	[INFO]	XnProperty.cpp	74	Setting Image1.YRes to 480...
10901230	[INFO]	XnProperty.cpp	151	Property Image1.Resolution was changed to 1.
10901254	[INFO]	XnProperty.cpp	151	Property Image1.XRes was changed to 640.
10901272	[INFO]	XnProperty.cpp	151	Property Image1.RequiredDataSize was changed to 460800.
10901292	[INFO]	XnProperty.cpp	151	Property Image1.YRes was changed to 480.
10901310	[INFO]	XnProperty.cpp	151	Property Image1.RequiredDataSize was changed to 921600.
10901328	[INFO]	XnProperty.cpp	101	Image1.YRes was successfully set.
10901347	[INFO]	XnProperty.cpp	74	Setting Image1.XRes to 640...
10901362	[INFO]	XnProperty.cpp	86	Image1.XRes value did not change.
10902208	[INFO]	XnUSBLinux-x86.cpp	1222	USB read thread was started.
10902237	[INFO]	XnProperty.cpp	151	Property Image1.ActualReadData was changed to 1.
11084102	[WARNING]	XnDepthProcessor.cpp	133	Read: Depth buffer is corrupt. Size is 554432 (!= 614400)
11084152	[WARNING]	XnFrameStreamProcessor.cpp	132	Depth frame is corrupt!
13988634	[WARNING]	XnDepthProcessor.cpp	133	Read: Depth buffer is corrupt. Size is 590928 (!= 614400)
13988681	[WARNING]	XnFrameStreamProcessor.cpp	132	Depth frame is corrupt!
14103345	[INFO]	XnProperty.cpp	151	Property Image1.State was changed to 1.
14103389	[INFO]	XnDeviceBase.cpp	370	Stream Image1 is open.
14103589	[INFO]	XnProperty.cpp	74	Setting Depth1.Registration to 1...
14152648	[WARNING]	XnDepthProcessor.cpp	133	Read: Depth buffer is corrupt. Size is 586608 (!= 614400)
14152699	[WARNING]	XnFrameStreamProcessor.cpp	132	Depth frame is corrupt!
14256345	[INFO]	XnProperty.cpp	151	Property Depth1.Registration was changed to 1.
14256388	[INFO]	XnProperty.cpp	101	Depth1.Registration was successfully set.
14256433	[INFO]	XnProperty.cpp	74	Setting Image1.Mirror to 1...
14268815	[INFO]	XnProperty.cpp	151	Property Image1.FirmwareMirror was changed to 1.
14268859	[INFO]	XnProperty.cpp	151	Property Image1.Mirror was changed to 1.
14268873	[INFO]	XnProperty.cpp	101	Image1.Mirror was successfully set.
70567382	[INFO]	XnOpenNI.cpp	1459	Destroying node 'User1'
70576720	[INFO]	XnOpenNI.cpp	1459	Destroying node 'Depth1'
70576816	[INFO]	XnDeviceBase.cpp	1507	Destroying stream 'Depth1'...
70578577	[INFO]	XnOpenNI.cpp	1459	Destroying node 'Image1'
70578629	[INFO]	XnDeviceBase.cpp	1507	Destroying stream 'Image1'...
70579566	[INFO]	XnOpenNI.cpp	1459	Destroying node 'Device1'
