    1459	[INFO]	XnLog.cpp	165	OpenNI version is 1.0.0 (Build 25)-MacOSX (Jan  7 2011 14:20:18)
    1504	[INFO]	XnLog.cpp	173	Log system initialized. Console: 1, File: 1, Severity: INFO, Masks: ALL
    1528	[INFO]	XnLog.cpp	173	Log system initialized. Console: 1, File: 1, Severity: INFO, Masks: ALL
    2619	[INFO]	XnUSBLinux-x86.cpp	98	USB is initialized.
 2921244	[INFO]	XnOpenNI.cpp	1261	Creating node 'Device1' of type Device...
 2922625	[INFO]	XnDeviceModule.cpp	431	Module 'Device' configuration was loaded from file.
 3253826	[INFO]	XnDeviceSensorIO.cpp	135	Connected to USB device
 3253885	[INFO]	XnProperty.cpp	151	Property Device.USBPath was changed to 045e/02ae@250/10.
 3261765	[INFO]	XnHostProtocol.cpp	825	Hardware versions: FW=5.1.4 (7) HW=4 Chip=2 Sensor=4 SYS=7
 4672168	[INFO]	XnProperty.cpp	151	Property Device.ID was changed to 0.
 4672254	[INFO]	XnSensor.cpp	182	Device sensor initialized
 4672407	[INFO]	XnOpenNI.cpp	1261	Creating node 'Depth1' of type Depth...
 4672473	[INFO]	XnDeviceBase.cpp	1383	Creating stream 'Depth1' of type 'Depth'...
 4672503	[INFO]	XnProperty.cpp	74	Setting Device.ReadData to 1...
 4672555	[INFO]	XnDeviceSensorIO.cpp	298	Endpoints open
 4685000	[INFO]	XnProperty.cpp	151	Property Device.ReadData was changed to 1.
 4685053	[INFO]	XnProperty.cpp	101	Device.ReadData was successfully set.
 4685716	[INFO]	XnProperty.cpp	151	Property Depth1.Resolution was changed to 0.
 4685774	[INFO]	XnProperty.cpp	151	Property Depth1.XRes was changed to 320.
 4685817	[INFO]	XnProperty.cpp	151	Property Depth1.YRes was changed to 240.
 4685859	[INFO]	XnProperty.cpp	151	Property Depth1.FPS was changed to 30.
 4685907	[INFO]	XnProperty.cpp	151	Property Depth1.OutputFormat was changed to 1.
 4685951	[INFO]	XnProperty.cpp	151	Property Depth1.BytesPerPixel was changed to 2.
 4686000	[INFO]	XnProperty.cpp	151	Property Depth1.RequiredDataSize was changed to 153600.
 4686052	[INFO]	XnProperty.cpp	151	Property Depth1.ParamCoeff was changed to 4.
 4686216	[INFO]	XnProperty.cpp	151	Property Depth1.ShiftScale was changed to 10.
 4698824	[INFO]	XnProperty.cpp	151	Property Depth1.ConstShift was changed to 200.
 4698950	[INFO]	XnProperty.cpp	151	Property Depth1.ZPD was changed to 120.
 4699079	[INFO]	XnProperty.cpp	151	Property Depth1.ZPPS was changed to 0.104200.
 4699098	[INFO]	XnProperty.cpp	151	Property Depth1.LDDIS was changed to 7.500000.
 4699217	[INFO]	XnProperty.cpp	151	Property Depth1.Gain was changed to 30.
 4699256	[INFO]	XnDeviceBase.cpp	1458	Stream 'Depth1' was initialized.
 4699278	[INFO]	XnDeviceBase.cpp	1463	'Depth1' stream was created.
 4699486	[INFO]	XnProperty.cpp	74	Setting Depth1.InputFormat to 3...
 4699514	[INFO]	XnProperty.cpp	151	Property Depth1.InputFormat was changed to 3.
 4699532	[INFO]	XnProperty.cpp	101	Depth1.InputFormat was successfully set.
 4700359	[INFO]	XnProperty.cpp	74	Setting Depth1.RegistrationType to 2...
 4700397	[INFO]	XnProperty.cpp	151	Property Depth1.RegistrationType was changed to 2.
 4700423	[INFO]	XnProperty.cpp	101	Depth1.RegistrationType was successfully set.
 4701408	[INFO]	XnDeviceModule.cpp	431	Module 'Depth1' configuration was loaded from file.
 4701719	[INFO]	XnProperty.cpp	74	Setting Depth1.FPS to 30...
 4701753	[INFO]	XnProperty.cpp	86	Depth1.FPS value did not change.
 4701781	[INFO]	XnProperty.cpp	74	Setting Depth1.YRes to 480...
 4701816	[INFO]	XnProperty.cpp	151	Property Depth1.Resolution was changed to 1.
 4701845	[INFO]	XnProperty.cpp	151	Property Depth1.XRes was changed to 640.
 4701871	[INFO]	XnProperty.cpp	151	Property Depth1.RequiredDataSize was changed to 307200.
 4701902	[INFO]	XnProperty.cpp	151	Property Depth1.YRes was changed to 480.
 4701931	[INFO]	XnProperty.cpp	151	Property Depth1.RequiredDataSize was changed to 614400.
 4701956	[INFO]	XnProperty.cpp	101	Depth1.YRes was successfully set.
 4701983	[INFO]	XnProperty.cpp	74	Setting Depth1.XRes to 640...
 4702008	[INFO]	XnProperty.cpp	86	Depth1.XRes value did not change.
 4702090	[INFO]	XnProperty.cpp	74	Setting Depth1.Mirror to 1...
 4702120	[INFO]	XnProperty.cpp	151	Property Depth1.FirmwareMirror was changed to 1.
 4702190	[INFO]	XnProperty.cpp	151	Property Depth1.Mirror was changed to 1.
 4702218	[INFO]	XnProperty.cpp	101	Depth1.Mirror was successfully set.
 7204430	[INFO]	XnOpenNI.cpp	1261	Creating node 'User1' of type User...
 7229781	[WARNING]	Linux-x86Threads.cpp	173	Failed to set thread priority: Invalid argument
 7229834	[WARNING]	XnUSBLinux-x86.cpp	126	USB events thread: Failed to set thread priority to critical. This might cause loss of data...
 7230771	[INFO]	XnUSBLinux-x86.cpp	1222	USB read thread was started.
 7230805	[INFO]	XnProperty.cpp	151	Property Depth1.ActualReadData was changed to 1.
 7702155	[INFO]	XnProperty.cpp	151	Property Depth1.State was changed to 1.
 7702201	[INFO]	XnDeviceBase.cpp	370	Stream Depth1 is open.
11027343	[INFO]	XnOpenNI.cpp	1261	Creating node 'Image1' of type Image...
11027408	[INFO]	XnDeviceBase.cpp	1383	Creating stream 'Image1' of type 'Image'...
11027645	[INFO]	XnProperty.cpp	151	Property Image1.Resolution was changed to 0.
11027668	[INFO]	XnProperty.cpp	151	Property Image1.XRes was changed to 320.
11027685	[INFO]	XnProperty.cpp	151	Property Image1.YRes was changed to 240.
11027701	[INFO]	XnProperty.cpp	151	Property Image1.FPS was changed to 30.
11027716	[INFO]	XnProperty.cpp	151	Property Image1.OutputFormat was changed to 5.
11027732	[INFO]	XnProperty.cpp	151	Property Image1.BytesPerPixel was changed to 3.
11027757	[INFO]	XnProperty.cpp	151	Property Image1.RequiredDataSize was changed to 230400.
11027815	[INFO]	XnDeviceBase.cpp	1458	Stream 'Image1' was initialized.
11027847	[INFO]	XnDeviceBase.cpp	1463	'Image1' stream was created.
11027995	[INFO]	XnProperty.cpp	74	Setting Image1.InputFormat to 6...
11028028	[INFO]	XnProperty.cpp	151	Property Image1.InputFormat was changed to 6.
11028046	[INFO]	XnProperty.cpp	101	Image1.InputFormat was successfully set.
11028538	[INFO]	XnDeviceModule.cpp	431	Module 'Image1' configuration was loaded from file.
11028635	[INFO]	XnProperty.cpp	74	Setting Image1.FPS to 30...
11028654	[INFO]	XnProperty.cpp	86	Image1.FPS value did not change.
11028673	[INFO]	XnProperty.cpp	74	Setting Image1.YRes to 480...
11028692	[INFO]	XnProperty.cpp	151	Property Image1.Resolution was changed to 1.
11028712	[INFO]	XnProperty.cpp	151	Property Image1.XRes was changed to 640.
11028730	[INFO]	XnProperty.cpp	151	Property Image1.RequiredDataSize was changed to 460800.
11028750	[INFO]	XnProperty.cpp	151	Property Image1.YRes was changed to 480.
11028767	[INFO]	XnProperty.cpp	151	Property Image1.RequiredDataSize was changed to 921600.
11028786	[INFO]	XnProperty.cpp	101	Image1.YRes was successfully set.
11028806	[INFO]	XnProperty.cpp	74	Setting Image1.XRes to 640...
11028822	[INFO]	XnProperty.cpp	86	Image1.XRes value did not change.
11029731	[INFO]	XnUSBLinux-x86.cpp	1222	USB read thread was started.
11029764	[INFO]	XnProperty.cpp	151	Property Image1.ActualReadData was changed to 1.
11203344	[WARNING]	XnDepthProcessor.cpp	133	Read: Depth buffer is corrupt. Size is 556576 (!= 614400)
11203392	[WARNING]	XnFrameStreamProcessor.cpp	132	Depth frame is corrupt!
14231194	[INFO]	XnProperty.cpp	151	Property Image1.State was changed to 1.
14231237	[INFO]	XnDeviceBase.cpp	370	Stream Image1 is open.
14231418	[INFO]	XnProperty.cpp	74	Setting Depth1.Registration to 1...
14383574	[INFO]	XnProperty.cpp	151	Property Depth1.Registration was changed to 1.
14383619	[INFO]	XnProperty.cpp	101	Depth1.Registration was successfully set.
14383676	[INFO]	XnProperty.cpp	74	Setting Image1.Mirror to 1...
14396104	[INFO]	XnProperty.cpp	151	Property Image1.FirmwareMirror was changed to 1.
14396148	[INFO]	XnProperty.cpp	151	Property Image1.Mirror was changed to 1.
14396162	[INFO]	XnProperty.cpp	101	Image1.Mirror was successfully set.
21478477	[INFO]	XnOpenNI.cpp	1459	Destroying node 'User1'
21486305	[INFO]	XnOpenNI.cpp	1459	Destroying node 'Depth1'
21486389	[INFO]	XnDeviceBase.cpp	1507	Destroying stream 'Depth1'...
21487887	[INFO]	XnOpenNI.cpp	1459	Destroying node 'Image1'
21487934	[INFO]	XnDeviceBase.cpp	1507	Destroying stream 'Image1'...
21488906	[INFO]	XnOpenNI.cpp	1459	Destroying node 'Device1'
