  112023	[INFO]	XnLog.cpp	165	OpenNI version is 1.0.0 (Build 25)-MacOSX (Jan  7 2011 14:20:18)
  112247	[INFO]	XnLog.cpp	173	Log system initialized. Console: 1, File: 1, Severity: INFO, Masks: ALL
  112299	[INFO]	XnLog.cpp	173	Log system initialized. Console: 1, File: 1, Severity: INFO, Masks: ALL
  113588	[INFO]	XnUSBLinux-x86.cpp	98	USB is initialized.
 5977746	[INFO]	XnOpenNI.cpp	1261	Creating node 'Device1' of type Device...
 6010289	[INFO]	XnDeviceModule.cpp	431	Module 'Device' configuration was loaded from file.
 6776916	[INFO]	XnDeviceSensorIO.cpp	135	Connected to USB device
 6776968	[INFO]	XnProperty.cpp	151	Property Device.USBPath was changed to 045e/02ae@253/8.
 6783924	[INFO]	XnHostProtocol.cpp	825	Hardware versions: FW=5.1.4 (7) HW=4 Chip=2 Sensor=4 SYS=7
 8193752	[INFO]	XnProperty.cpp	151	Property Device.ID was changed to 0.
 8193848	[INFO]	XnSensor.cpp	182	Device sensor initialized
 8194008	[INFO]	XnOpenNI.cpp	1261	Creating node 'Depth1' of type Depth...
 8194063	[INFO]	XnDeviceBase.cpp	1383	Creating stream 'Depth1' of type 'Depth'...
 8194080	[INFO]	XnProperty.cpp	74	Setting Device.ReadData to 1...
 8194133	[INFO]	XnDeviceSensorIO.cpp	298	Endpoints open
 8206600	[INFO]	XnProperty.cpp	151	Property Device.ReadData was changed to 1.
 8206642	[INFO]	XnProperty.cpp	101	Device.ReadData was successfully set.
 8206984	[INFO]	XnProperty.cpp	151	Property Depth1.Resolution was changed to 0.
 8207004	[INFO]	XnProperty.cpp	151	Property Depth1.XRes was changed to 320.
 8207017	[INFO]	XnProperty.cpp	151	Property Depth1.YRes was changed to 240.
 8207028	[INFO]	XnProperty.cpp	151	Property Depth1.FPS was changed to 30.
 8207039	[INFO]	XnProperty.cpp	151	Property Depth1.OutputFormat was changed to 1.
 8207051	[INFO]	XnProperty.cpp	151	Property Depth1.BytesPerPixel was changed to 2.
 8207063	[INFO]	XnProperty.cpp	151	Property Depth1.RequiredDataSize was changed to 153600.
 8207079	[INFO]	XnProperty.cpp	151	Property Depth1.ParamCoeff was changed to 4.
 8207137	[INFO]	XnProperty.cpp	151	Property Depth1.ShiftScale was changed to 10.
 8219587	[INFO]	XnProperty.cpp	151	Property Depth1.ConstShift was changed to 200.
 8219681	[INFO]	XnProperty.cpp	151	Property Depth1.ZPD was changed to 120.
 8219776	[INFO]	XnProperty.cpp	151	Property Depth1.ZPPS was changed to 0.104200.
 8219791	[INFO]	XnProperty.cpp	151	Property Depth1.LDDIS was changed to 7.500000.
 8219877	[INFO]	XnProperty.cpp	151	Property Depth1.Gain was changed to 30.
 8219909	[INFO]	XnDeviceBase.cpp	1458	Stream 'Depth1' was initialized.
 8219923	[INFO]	XnDeviceBase.cpp	1463	'Depth1' stream was created.
 8220085	[INFO]	XnProperty.cpp	74	Setting Depth1.InputFormat to 3...
 8220107	[INFO]	XnProperty.cpp	151	Property Depth1.InputFormat was changed to 3.
 8220120	[INFO]	XnProperty.cpp	101	Depth1.InputFormat was successfully set.
 8220551	[INFO]	XnProperty.cpp	74	Setting Depth1.RegistrationType to 2...
 8220566	[INFO]	XnProperty.cpp	151	Property Depth1.RegistrationType was changed to 2.
 8220578	[INFO]	XnProperty.cpp	101	Depth1.RegistrationType was successfully set.
 8221036	[INFO]	XnDeviceModule.cpp	431	Module 'Depth1' configuration was loaded from file.
 8221228	[INFO]	XnProperty.cpp	74	Setting Depth1.FPS to 30...
 8221247	[INFO]	XnProperty.cpp	86	Depth1.FPS value did not change.
 8221259	[INFO]	XnProperty.cpp	74	Setting Depth1.YRes to 480...
 8221274	[INFO]	XnProperty.cpp	151	Property Depth1.Resolution was changed to 1.
 8221288	[INFO]	XnProperty.cpp	151	Property Depth1.XRes was changed to 640.
 8221301	[INFO]	XnProperty.cpp	151	Property Depth1.RequiredDataSize was changed to 307200.
 8221316	[INFO]	XnProperty.cpp	151	Property Depth1.YRes was changed to 480.
 8221328	[INFO]	XnProperty.cpp	151	Property Depth1.RequiredDataSize was changed to 614400.
 8221341	[INFO]	XnProperty.cpp	101	Depth1.YRes was successfully set.
 8221353	[INFO]	XnProperty.cpp	74	Setting Depth1.XRes to 640...
 8221364	[INFO]	XnProperty.cpp	86	Depth1.XRes value did not change.
 8221407	[INFO]	XnProperty.cpp	74	Setting Depth1.Mirror to 1...
 8221423	[INFO]	XnProperty.cpp	151	Property Depth1.FirmwareMirror was changed to 1.
 8221466	[INFO]	XnProperty.cpp	151	Property Depth1.Mirror was changed to 1.
 8221478	[INFO]	XnProperty.cpp	101	Depth1.Mirror was successfully set.
14266046	[INFO]	XnOpenNI.cpp	1261	Creating node 'User1' of type User...
14496836	[WARNING]	Linux-x86Threads.cpp	173	Failed to set thread priority: Invalid argument
14496875	[WARNING]	XnUSBLinux-x86.cpp	126	USB events thread: Failed to set thread priority to critical. This might cause loss of data...
14497597	[INFO]	XnUSBLinux-x86.cpp	1222	USB read thread was started.
14497627	[INFO]	XnProperty.cpp	151	Property Depth1.ActualReadData was changed to 1.
14967798	[INFO]	XnProperty.cpp	151	Property Depth1.State was changed to 1.
14967845	[INFO]	XnDeviceBase.cpp	370	Stream Depth1 is open.
20969874	[INFO]	XnOpenNI.cpp	1261	Creating node 'Image1' of type Image...
20969925	[INFO]	XnDeviceBase.cpp	1383	Creating stream 'Image1' of type 'Image'...
20970136	[INFO]	XnProperty.cpp	151	Property Image1.Resolution was changed to 0.
20970163	[INFO]	XnProperty.cpp	151	Property Image1.XRes was changed to 320.
20970183	[INFO]	XnProperty.cpp	151	Property Image1.YRes was changed to 240.
20970199	[INFO]	XnProperty.cpp	151	Property Image1.FPS was changed to 30.
20970213	[INFO]	XnProperty.cpp	151	Property Image1.OutputFormat was changed to 5.
20970229	[INFO]	XnProperty.cpp	151	Property Image1.BytesPerPixel was changed to 3.
20970246	[INFO]	XnProperty.cpp	151	Property Image1.RequiredDataSize was changed to 230400.
20970286	[INFO]	XnDeviceBase.cpp	1458	Stream 'Image1' was initialized.
20970308	[INFO]	XnDeviceBase.cpp	1463	'Image1' stream was created.
20970435	[INFO]	XnProperty.cpp	74	Setting Image1.InputFormat to 6...
20970465	[INFO]	XnProperty.cpp	151	Property Image1.InputFormat was changed to 6.
20970490	[INFO]	XnProperty.cpp	101	Image1.InputFormat was successfully set.
20971104	[INFO]	XnDeviceModule.cpp	431	Module 'Image1' configuration was loaded from file.
20971214	[INFO]	XnProperty.cpp	74	Setting Image1.FPS to 30...
20971237	[INFO]	XnProperty.cpp	86	Image1.FPS value did not change.
20971254	[INFO]	XnProperty.cpp	74	Setting Image1.YRes to 480...
20971273	[INFO]	XnProperty.cpp	151	Property Image1.Resolution was changed to 1.
20971292	[INFO]	XnProperty.cpp	151	Property Image1.XRes was changed to 640.
20971313	[INFO]	XnProperty.cpp	151	Property Image1.RequiredDataSize was changed to 460800.
20971348	[INFO]	XnProperty.cpp	151	Property Image1.YRes was changed to 480.
20971371	[INFO]	XnProperty.cpp	151	Property Image1.RequiredDataSize was changed to 921600.
20971395	[INFO]	XnProperty.cpp	101	Image1.YRes was successfully set.
20971418	[INFO]	XnProperty.cpp	74	Setting Image1.XRes to 640...
20971438	[INFO]	XnProperty.cpp	86	Image1.XRes value did not change.
20972501	[INFO]	XnUSBLinux-x86.cpp	1222	USB read thread was started.
20972544	[INFO]	XnProperty.cpp	151	Property Image1.ActualReadData was changed to 1.
21141194	[WARNING]	XnFrameStreamProcessor.cpp	140	Depth Frame Buffer overflow! current size: 612768
21141256	[WARNING]	XnFrameStreamProcessor.cpp	132	Depth frame is corrupt!
21169176	[WARNING]	XnDepthProcessor.cpp	133	Read: Depth buffer is corrupt. Size is 612768 (!= 614400)
24073284	[WARNING]	XnDepthProcessor.cpp	133	Read: Depth buffer is corrupt. Size is 589072 (!= 614400)
24073331	[WARNING]	XnFrameStreamProcessor.cpp	132	Depth frame is corrupt!
24172955	[INFO]	XnProperty.cpp	151	Property Image1.State was changed to 1.
24173000	[INFO]	XnDeviceBase.cpp	370	Stream Image1 is open.
24173213	[INFO]	XnProperty.cpp	74	Setting Depth1.Registration to 1...
24209246	[WARNING]	XnDepthProcessor.cpp	133	Read: Depth buffer is corrupt. Size is 571280 (!= 614400)
24209293	[WARNING]	XnFrameStreamProcessor.cpp	132	Depth frame is corrupt!
24325605	[INFO]	XnProperty.cpp	151	Property Depth1.Registration was changed to 1.
24325647	[INFO]	XnProperty.cpp	101	Depth1.Registration was successfully set.
24325693	[INFO]	XnProperty.cpp	74	Setting Image1.Mirror to 1...
24338084	[INFO]	XnProperty.cpp	151	Property Image1.FirmwareMirror was changed to 1.
24338136	[INFO]	XnProperty.cpp	151	Property Image1.Mirror was changed to 1.
24338358	[INFO]	XnProperty.cpp	101	Image1.Mirror was successfully set.
