   16363	[INFO]	XnLog.cpp	165	OpenNI version is 1.0.0 (Build 25)-MacOSX (Jan  7 2011 14:20:18)
   16425	[INFO]	XnLog.cpp	173	Log system initialized. Console: 1, File: 1, Severity: INFO, Masks: ALL
   16459	[INFO]	XnLog.cpp	173	Log system initialized. Console: 1, File: 1, Severity: INFO, Masks: ALL
   18070	[INFO]	XnUSBLinux-x86.cpp	98	USB is initialized.
 4497555	[INFO]	XnOpenNI.cpp	1261	Creating node 'Device1' of type Device...
 4498497	[INFO]	XnDeviceModule.cpp	431	Module 'Device' configuration was loaded from file.
 5167574	[INFO]	XnDeviceSensorIO.cpp	135	Connected to USB device
 5167634	[INFO]	XnProperty.cpp	151	Property Device.USBPath was changed to 045e/02ae@250/10.
 5175080	[INFO]	XnHostProtocol.cpp	825	Hardware versions: FW=5.1.4 (7) HW=4 Chip=2 Sensor=4 SYS=7
 6585744	[INFO]	XnProperty.cpp	151	Property Device.ID was changed to 0.
 6585810	[INFO]	XnSensor.cpp	182	Device sensor initialized
 6585992	[INFO]	XnOpenNI.cpp	1261	Creating node 'Depth1' of type Depth...
 6586047	[INFO]	XnDeviceBase.cpp	1383	Creating stream 'Depth1' of type 'Depth'...
 6586074	[INFO]	XnProperty.cpp	74	Setting Device.ReadData to 1...
 6586117	[INFO]	XnDeviceSensorIO.cpp	298	Endpoints open
 6598652	[INFO]	XnProperty.cpp	151	Property Device.ReadData was changed to 1.
 6598691	[INFO]	XnProperty.cpp	101	Device.ReadData was successfully set.
 6599184	[INFO]	XnProperty.cpp	151	Property Depth1.Resolution was changed to 0.
 6599213	[INFO]	XnProperty.cpp	151	Property Depth1.XRes was changed to 320.
 6599237	[INFO]	XnProperty.cpp	151	Property Depth1.YRes was changed to 240.
 6599265	[INFO]	XnProperty.cpp	151	Property Depth1.FPS was changed to 30.
 6599283	[INFO]	XnProperty.cpp	151	Property Depth1.OutputFormat was changed to 1.
 6599301	[INFO]	XnProperty.cpp	151	Property Depth1.BytesPerPixel was changed to 2.
 6599320	[INFO]	XnProperty.cpp	151	Property Depth1.RequiredDataSize was changed to 153600.
 6599346	[INFO]	XnProperty.cpp	151	Property Depth1.ParamCoeff was changed to 4.
 6599432	[INFO]	XnProperty.cpp	151	Property Depth1.ShiftScale was changed to 10.
 6612054	[INFO]	XnProperty.cpp	151	Property Depth1.ConstShift was changed to 200.
 6612141	[INFO]	XnProperty.cpp	151	Property Depth1.ZPD was changed to 120.
 6612239	[INFO]	XnProperty.cpp	151	Property Depth1.ZPPS was changed to 0.104200.
 6612254	[INFO]	XnProperty.cpp	151	Property Depth1.LDDIS was changed to 7.500000.
 6612348	[INFO]	XnProperty.cpp	151	Property Depth1.Gain was changed to 30.
 6612382	[INFO]	XnDeviceBase.cpp	1458	Stream 'Depth1' was initialized.
 6612396	[INFO]	XnDeviceBase.cpp	1463	'Depth1' stream was created.
 6612531	[INFO]	XnProperty.cpp	74	Setting Depth1.InputFormat to 3...
 6612553	[INFO]	XnProperty.cpp	151	Property Depth1.InputFormat was changed to 3.
 6612567	[INFO]	XnProperty.cpp	101	Depth1.InputFormat was successfully set.
 6613000	[INFO]	XnProperty.cpp	74	Setting Depth1.RegistrationType to 2...
 6613016	[INFO]	XnProperty.cpp	151	Property Depth1.RegistrationType was changed to 2.
 6613028	[INFO]	XnProperty.cpp	101	Depth1.RegistrationType was successfully set.
 6613490	[INFO]	XnDeviceModule.cpp	431	Module 'Depth1' configuration was loaded from file.
 6613696	[INFO]	XnProperty.cpp	74	Setting Depth1.FPS to 30...
 6613714	[INFO]	XnProperty.cpp	86	Depth1.FPS value did not change.
 6613726	[INFO]	XnProperty.cpp	74	Setting Depth1.YRes to 480...
 6613741	[INFO]	XnProperty.cpp	151	Property Depth1.Resolution was changed to 1.
 6613755	[INFO]	XnProperty.cpp	151	Property Depth1.XRes was changed to 640.
 6613768	[INFO]	XnProperty.cpp	151	Property Depth1.RequiredDataSize was changed to 307200.
 6613783	[INFO]	XnProperty.cpp	151	Property Depth1.YRes was changed to 480.
 6613796	[INFO]	XnProperty.cpp	151	Property Depth1.RequiredDataSize was changed to 614400.
 6613809	[INFO]	XnProperty.cpp	101	Depth1.YRes was successfully set.
 6613821	[INFO]	XnProperty.cpp	74	Setting Depth1.XRes to 640...
 6613832	[INFO]	XnProperty.cpp	86	Depth1.XRes value did not change.
 6613875	[INFO]	XnProperty.cpp	74	Setting Depth1.Mirror to 1...
 6613890	[INFO]	XnProperty.cpp	151	Property Depth1.FirmwareMirror was changed to 1.
 6613929	[INFO]	XnProperty.cpp	151	Property Depth1.Mirror was changed to 1.
 6613941	[INFO]	XnProperty.cpp	101	Depth1.Mirror was successfully set.
12544461	[INFO]	XnOpenNI.cpp	1261	Creating node 'User1' of type User...
12570245	[WARNING]	Linux-x86Threads.cpp	173	Failed to set thread priority: Invalid argument
12570292	[WARNING]	XnUSBLinux-x86.cpp	126	USB events thread: Failed to set thread priority to critical. This might cause loss of data...
12571070	[INFO]	XnUSBLinux-x86.cpp	1222	USB read thread was started.
12571194	[INFO]	XnProperty.cpp	151	Property Depth1.ActualReadData was changed to 1.
13042843	[INFO]	XnProperty.cpp	151	Property Depth1.State was changed to 1.
13042885	[INFO]	XnDeviceBase.cpp	370	Stream Depth1 is open.
19054520	[INFO]	XnOpenNI.cpp	1261	Creating node 'Image1' of type Image...
19054570	[INFO]	XnDeviceBase.cpp	1383	Creating stream 'Image1' of type 'Image'...
19054796	[INFO]	XnProperty.cpp	151	Property Image1.Resolution was changed to 0.
19054822	[INFO]	XnProperty.cpp	151	Property Image1.XRes was changed to 320.
19054840	[INFO]	XnProperty.cpp	151	Property Image1.YRes was changed to 240.
19054858	[INFO]	XnProperty.cpp	151	Property Image1.FPS was changed to 30.
19054876	[INFO]	XnProperty.cpp	151	Property Image1.OutputFormat was changed to 5.
19054895	[INFO]	XnProperty.cpp	151	Property Image1.BytesPerPixel was changed to 3.
19054914	[INFO]	XnProperty.cpp	151	Property Image1.RequiredDataSize was changed to 230400.
19054963	[INFO]	XnDeviceBase.cpp	1458	Stream 'Image1' was initialized.
19054986	[INFO]	XnDeviceBase.cpp	1463	'Image1' stream was created.
19055116	[INFO]	XnProperty.cpp	74	Setting Image1.InputFormat to 6...
19055160	[INFO]	XnProperty.cpp	151	Property Image1.InputFormat was changed to 6.
19055182	[INFO]	XnProperty.cpp	101	Image1.InputFormat was successfully set.
19055779	[INFO]	XnDeviceModule.cpp	431	Module 'Image1' configuration was loaded from file.
19055890	[INFO]	XnProperty.cpp	74	Setting Image1.FPS to 30...
19055915	[INFO]	XnProperty.cpp	86	Image1.FPS value did not change.
19055936	[INFO]	XnProperty.cpp	74	Setting Image1.YRes to 480...
19055955	[INFO]	XnProperty.cpp	151	Property Image1.Resolution was changed to 1.
19055990	[INFO]	XnProperty.cpp	151	Property Image1.XRes was changed to 640.
19056018	[INFO]	XnProperty.cpp	151	Property Image1.RequiredDataSize was changed to 460800.
19056041	[INFO]	XnProperty.cpp	151	Property Image1.YRes was changed to 480.
19056059	[INFO]	XnProperty.cpp	151	Property Image1.RequiredDataSize was changed to 921600.
19056077	[INFO]	XnProperty.cpp	101	Image1.YRes was successfully set.
19056097	[INFO]	XnProperty.cpp	74	Setting Image1.XRes to 640...
19056113	[INFO]	XnProperty.cpp	86	Image1.XRes value did not change.
19057151	[INFO]	XnUSBLinux-x86.cpp	1222	USB read thread was started.
19057207	[INFO]	XnProperty.cpp	151	Property Image1.ActualReadData was changed to 1.
19248212	[WARNING]	XnDepthProcessor.cpp	133	Read: Depth buffer is corrupt. Size is 547056 (!= 614400)
19248259	[WARNING]	XnFrameStreamProcessor.cpp	132	Depth frame is corrupt!
22152777	[WARNING]	XnDepthProcessor.cpp	133	Read: Depth buffer is corrupt. Size is 590208 (!= 614400)
22152825	[WARNING]	XnFrameStreamProcessor.cpp	132	Depth frame is corrupt!
22259864	[INFO]	XnProperty.cpp	151	Property Image1.State was changed to 1.
22259903	[INFO]	XnDeviceBase.cpp	370	Stream Image1 is open.
22260130	[INFO]	XnProperty.cpp	74	Setting Depth1.Registration to 1...
22284808	[WARNING]	XnDepthProcessor.cpp	133	Read: Depth buffer is corrupt. Size is 593920 (!= 614400)
22284855	[WARNING]	XnFrameStreamProcessor.cpp	132	Depth frame is corrupt!
22414486	[INFO]	XnProperty.cpp	151	Property Depth1.Registration was changed to 1.
22414528	[INFO]	XnProperty.cpp	101	Depth1.Registration was successfully set.
22414575	[INFO]	XnProperty.cpp	74	Setting Image1.Mirror to 1...
22426746	[INFO]	XnProperty.cpp	151	Property Image1.FirmwareMirror was changed to 1.
22426790	[INFO]	XnProperty.cpp	151	Property Image1.Mirror was changed to 1.
22426804	[INFO]	XnProperty.cpp	101	Image1.Mirror was successfully set.
30510114	[INFO]	XnOpenNI.cpp	1459	Destroying node 'User1'
30519005	[INFO]	XnOpenNI.cpp	1459	Destroying node 'Depth1'
30519117	[INFO]	XnDeviceBase.cpp	1507	Destroying stream 'Depth1'...
30521495	[INFO]	XnOpenNI.cpp	1459	Destroying node 'Image1'
30521587	[INFO]	XnDeviceBase.cpp	1507	Destroying stream 'Image1'...
30522973	[INFO]	XnOpenNI.cpp	1459	Destroying node 'Device1'
