   12034	[INFO]	XnLog.cpp	165	OpenNI version is 1.0.0 (Build 25)-MacOSX (Jan  7 2011 14:20:18)
   12082	[INFO]	XnLog.cpp	173	Log system initialized. Console: 1, File: 1, Severity: INFO, Masks: ALL
   12105	[INFO]	XnLog.cpp	173	Log system initialized. Console: 1, File: 1, Severity: INFO, Masks: ALL
   13348	[INFO]	XnUSBLinux-x86.cpp	98	USB is initialized.
 2981327	[INFO]	XnOpenNI.cpp	1261	Creating node 'Device1' of type Device...
 2982331	[INFO]	XnDeviceModule.cpp	431	Module 'Device' configuration was loaded from file.
 3351249	[INFO]	XnDeviceSensorIO.cpp	135	Connected to USB device
 3351304	[INFO]	XnProperty.cpp	151	Property Device.USBPath was changed to 045e/02ae@253/8.
 3359143	[INFO]	XnHostProtocol.cpp	825	Hardware versions: FW=5.1.4 (7) HW=4 Chip=2 Sensor=4 SYS=7
 4767269	[INFO]	XnProperty.cpp	151	Property Device.ID was changed to 0.
 4767341	[INFO]	XnSensor.cpp	182	Device sensor initialized
 4767451	[INFO]	XnOpenNI.cpp	1261	Creating node 'Depth1' of type Depth...
 4767501	[INFO]	XnDeviceBase.cpp	1383	Creating stream 'Depth1' of type 'Depth'...
 4767528	[INFO]	XnProperty.cpp	74	Setting Device.ReadData to 1...
 4767569	[INFO]	XnDeviceSensorIO.cpp	298	Endpoints open
 4779777	[INFO]	XnProperty.cpp	151	Property Device.ReadData was changed to 1.
 4779835	[INFO]	XnProperty.cpp	101	Device.ReadData was successfully set.
 4780432	[INFO]	XnProperty.cpp	151	Property Depth1.Resolution was changed to 0.
 4780470	[INFO]	XnProperty.cpp	151	Property Depth1.XRes was changed to 320.
 4780497	[INFO]	XnProperty.cpp	151	Property Depth1.YRes was changed to 240.
 4780522	[INFO]	XnProperty.cpp	151	Property Depth1.FPS was changed to 30.
 4780545	[INFO]	XnProperty.cpp	151	Property Depth1.OutputFormat was changed to 1.
 4780570	[INFO]	XnProperty.cpp	151	Property Depth1.BytesPerPixel was changed to 2.
 4780596	[INFO]	XnProperty.cpp	151	Property Depth1.RequiredDataSize was changed to 153600.
 4780628	[INFO]	XnProperty.cpp	151	Property Depth1.ParamCoeff was changed to 4.
 4780748	[INFO]	XnProperty.cpp	151	Property Depth1.ShiftScale was changed to 10.
 4793007	[INFO]	XnProperty.cpp	151	Property Depth1.ConstShift was changed to 200.
 4793114	[INFO]	XnProperty.cpp	151	Property Depth1.ZPD was changed to 120.
 4793228	[INFO]	XnProperty.cpp	151	Property Depth1.ZPPS was changed to 0.104200.
 4793255	[INFO]	XnProperty.cpp	151	Property Depth1.LDDIS was changed to 7.500000.
 4793387	[INFO]	XnProperty.cpp	151	Property Depth1.Gain was changed to 30.
 4793436	[INFO]	XnDeviceBase.cpp	1458	Stream 'Depth1' was initialized.
 4793462	[INFO]	XnDeviceBase.cpp	1463	'Depth1' stream was created.
 4793682	[INFO]	XnProperty.cpp	74	Setting Depth1.InputFormat to 3...
 4793714	[INFO]	XnProperty.cpp	151	Property Depth1.InputFormat was changed to 3.
 4793737	[INFO]	XnProperty.cpp	101	Depth1.InputFormat was successfully set.
 4794497	[INFO]	XnProperty.cpp	74	Setting Depth1.RegistrationType to 2...
 4794520	[INFO]	XnProperty.cpp	151	Property Depth1.RegistrationType was changed to 2.
 4794540	[INFO]	XnProperty.cpp	101	Depth1.RegistrationType was successfully set.
 4795262	[INFO]	XnDeviceModule.cpp	431	Module 'Depth1' configuration was loaded from file.
 4795486	[INFO]	XnProperty.cpp	74	Setting Depth1.FPS to 30...
 4795510	[INFO]	XnProperty.cpp	86	Depth1.FPS value did not change.
 4795531	[INFO]	XnProperty.cpp	74	Setting Depth1.YRes to 480...
 4795555	[INFO]	XnProperty.cpp	151	Property Depth1.Resolution was changed to 1.
 4795575	[INFO]	XnProperty.cpp	151	Property Depth1.XRes was changed to 640.
 4795596	[INFO]	XnProperty.cpp	151	Property Depth1.RequiredDataSize was changed to 307200.
 4795620	[INFO]	XnProperty.cpp	151	Property Depth1.YRes was changed to 480.
 4795642	[INFO]	XnProperty.cpp	151	Property Depth1.RequiredDataSize was changed to 614400.
 4795661	[INFO]	XnProperty.cpp	101	Depth1.YRes was successfully set.
 4795680	[INFO]	XnProperty.cpp	74	Setting Depth1.XRes to 640...
 4795696	[INFO]	XnProperty.cpp	86	Depth1.XRes value did not change.
 4795761	[INFO]	XnProperty.cpp	74	Setting Depth1.Mirror to 1...
 4795786	[INFO]	XnProperty.cpp	151	Property Depth1.FirmwareMirror was changed to 1.
 4795846	[INFO]	XnProperty.cpp	151	Property Depth1.Mirror was changed to 1.
 4795866	[INFO]	XnProperty.cpp	101	Depth1.Mirror was successfully set.
11288073	[INFO]	XnOpenNI.cpp	1261	Creating node 'User1' of type User...
11313202	[WARNING]	Linux-x86Threads.cpp	173	Failed to set thread priority: Invalid argument
11313249	[WARNING]	XnUSBLinux-x86.cpp	126	USB events thread: Failed to set thread priority to critical. This might cause loss of data...
11314065	[INFO]	XnUSBLinux-x86.cpp	1222	USB read thread was started.
11314090	[INFO]	XnProperty.cpp	151	Property Depth1.ActualReadData was changed to 1.
11785372	[INFO]	XnProperty.cpp	151	Property Depth1.State was changed to 1.
11785423	[INFO]	XnDeviceBase.cpp	370	Stream Depth1 is open.
13767428	[INFO]	XnOpenNI.cpp	1261	Creating node 'Image1' of type Image...
13767483	[INFO]	XnDeviceBase.cpp	1383	Creating stream 'Image1' of type 'Image'...
13767760	[INFO]	XnProperty.cpp	151	Property Image1.Resolution was changed to 0.
13767799	[INFO]	XnProperty.cpp	151	Property Image1.XRes was changed to 320.
13767829	[INFO]	XnProperty.cpp	151	Property Image1.YRes was changed to 240.
13767860	[INFO]	XnProperty.cpp	151	Property Image1.FPS was changed to 30.
13767887	[INFO]	XnProperty.cpp	151	Property Image1.OutputFormat was changed to 5.
13767916	[INFO]	XnProperty.cpp	151	Property Image1.BytesPerPixel was changed to 3.
13767940	[INFO]	XnProperty.cpp	151	Property Image1.RequiredDataSize was changed to 230400.
13767992	[INFO]	XnDeviceBase.cpp	1458	Stream 'Image1' was initialized.
13768029	[INFO]	XnDeviceBase.cpp	1463	'Image1' stream was created.
13768233	[INFO]	XnProperty.cpp	74	Setting Image1.InputFormat to 6...
13768271	[INFO]	XnProperty.cpp	151	Property Image1.InputFormat was changed to 6.
13768298	[INFO]	XnProperty.cpp	101	Image1.InputFormat was successfully set.
13769091	[INFO]	XnDeviceModule.cpp	431	Module 'Image1' configuration was loaded from file.
13769238	[INFO]	XnProperty.cpp	74	Setting Image1.FPS to 30...
13769264	[INFO]	XnProperty.cpp	86	Image1.FPS value did not change.
13769282	[INFO]	XnProperty.cpp	74	Setting Image1.YRes to 480...
13769302	[INFO]	XnProperty.cpp	151	Property Image1.Resolution was changed to 1.
13769320	[INFO]	XnProperty.cpp	151	Property Image1.XRes was changed to 640.
13769338	[INFO]	XnProperty.cpp	151	Property Image1.RequiredDataSize was changed to 460800.
13769359	[INFO]	XnProperty.cpp	151	Property Image1.YRes was changed to 480.
13769377	[INFO]	XnProperty.cpp	151	Property Image1.RequiredDataSize was changed to 921600.
13769396	[INFO]	XnProperty.cpp	101	Image1.YRes was successfully set.
13769416	[INFO]	XnProperty.cpp	74	Setting Image1.XRes to 640...
13769432	[INFO]	XnProperty.cpp	86	Image1.XRes value did not change.
13770381	[INFO]	XnUSBLinux-x86.cpp	1222	USB read thread was started.
13770417	[INFO]	XnProperty.cpp	151	Property Image1.ActualReadData was changed to 1.
13851443	[WARNING]	XnDepthProcessor.cpp	133	Read: Depth buffer is corrupt. Size is 596304 (!= 614400)
13851485	[WARNING]	XnFrameStreamProcessor.cpp	132	Depth frame is corrupt!
13951500	[WARNING]	XnDepthProcessor.cpp	133	Read: Depth buffer is corrupt. Size is 540960 (!= 614400)
13951595	[WARNING]	XnFrameStreamProcessor.cpp	132	Depth frame is corrupt!
13983466	[WARNING]	XnDepthProcessor.cpp	133	Read: Depth buffer is corrupt. Size is 592800 (!= 614400)
13983510	[WARNING]	XnFrameStreamProcessor.cpp	132	Depth frame is corrupt!
16856907	[WARNING]	XnDepthProcessor.cpp	133	Read: Depth buffer is corrupt. Size is 574912 (!= 614400)
16856962	[WARNING]	XnFrameStreamProcessor.cpp	132	Depth frame is corrupt!
16972009	[INFO]	XnProperty.cpp	151	Property Image1.State was changed to 1.
16972075	[INFO]	XnDeviceBase.cpp	370	Stream Image1 is open.
16972280	[INFO]	XnProperty.cpp	74	Setting Depth1.Registration to 1...
16988753	[WARNING]	XnDepthProcessor.cpp	133	Read: Depth buffer is corrupt. Size is 566768 (!= 614400)
16988798	[WARNING]	XnFrameStreamProcessor.cpp	132	Depth frame is corrupt!
17125268	[INFO]	XnProperty.cpp	151	Property Depth1.Registration was changed to 1.
17125312	[INFO]	XnProperty.cpp	101	Depth1.Registration was successfully set.
17125399	[INFO]	XnProperty.cpp	74	Setting Image1.Mirror to 1...
17137797	[INFO]	XnProperty.cpp	151	Property Image1.FirmwareMirror was changed to 1.
17137840	[INFO]	XnProperty.cpp	151	Property Image1.Mirror was changed to 1.
17137853	[INFO]	XnProperty.cpp	101	Image1.Mirror was successfully set.
