    1683	[INFO]	XnLog.cpp	165	OpenNI version is 1.0.0 (Build 25)-MacOSX (Jan  7 2011 14:20:18)
    1732	[INFO]	XnLog.cpp	173	Log system initialized. Console: 1, File: 1, Severity: INFO, Masks: ALL
    1766	[INFO]	XnLog.cpp	173	Log system initialized. Console: 1, File: 1, Severity: INFO, Masks: ALL
    3007	[INFO]	XnUSBLinux-x86.cpp	98	USB is initialized.
 2926416	[INFO]	XnOpenNI.cpp	1261	Creating node 'Device1' of type Device...
 2927189	[INFO]	XnDeviceModule.cpp	431	Module 'Device' configuration was loaded from file.
 3258214	[INFO]	XnDeviceSensorIO.cpp	135	Connected to USB device
 3258274	[INFO]	XnProperty.cpp	151	Property Device.USBPath was changed to 045e/02ae@250/10.
 3266045	[INFO]	XnHostProtocol.cpp	825	Hardware versions: FW=5.1.4 (7) HW=4 Chip=2 Sensor=4 SYS=7
 4679458	[INFO]	XnProperty.cpp	151	Property Device.ID was changed to 0.
 4679520	[INFO]	XnSensor.cpp	182	Device sensor initialized
 4679665	[INFO]	XnOpenNI.cpp	1261	Creating node 'Depth1' of type Depth...
 4679718	[INFO]	XnDeviceBase.cpp	1383	Creating stream 'Depth1' of type 'Depth'...
 4679746	[INFO]	XnProperty.cpp	74	Setting Device.ReadData to 1...
 4679785	[INFO]	XnDeviceSensorIO.cpp	298	Endpoints open
 4692306	[INFO]	XnProperty.cpp	151	Property Device.ReadData was changed to 1.
 4692343	[INFO]	XnProperty.cpp	101	Device.ReadData was successfully set.
 4692669	[INFO]	XnProperty.cpp	151	Property Depth1.Resolution was changed to 0.
 4692689	[INFO]	XnProperty.cpp	151	Property Depth1.XRes was changed to 320.
 4692702	[INFO]	XnProperty.cpp	151	Property Depth1.YRes was changed to 240.
 4692714	[INFO]	XnProperty.cpp	151	Property Depth1.FPS was changed to 30.
 4692725	[INFO]	XnProperty.cpp	151	Property Depth1.OutputFormat was changed to 1.
 4692764	[INFO]	XnProperty.cpp	151	Property Depth1.BytesPerPixel was changed to 2.
 4692786	[INFO]	XnProperty.cpp	151	Property Depth1.RequiredDataSize was changed to 153600.
 4692813	[INFO]	XnProperty.cpp	151	Property Depth1.ParamCoeff was changed to 4.
 4692894	[INFO]	XnProperty.cpp	151	Property Depth1.ShiftScale was changed to 10.
 4705277	[INFO]	XnProperty.cpp	151	Property Depth1.ConstShift was changed to 200.
 4705405	[INFO]	XnProperty.cpp	151	Property Depth1.ZPD was changed to 120.
 4705601	[INFO]	XnProperty.cpp	151	Property Depth1.ZPPS was changed to 0.104200.
 4705636	[INFO]	XnProperty.cpp	151	Property Depth1.LDDIS was changed to 7.500000.
 4705842	[INFO]	XnProperty.cpp	151	Property Depth1.Gain was changed to 30.
 4705898	[INFO]	XnDeviceBase.cpp	1458	Stream 'Depth1' was initialized.
 4705936	[INFO]	XnDeviceBase.cpp	1463	'Depth1' stream was created.
 4706299	[INFO]	XnProperty.cpp	74	Setting Depth1.InputFormat to 3...
 4706356	[INFO]	XnProperty.cpp	151	Property Depth1.InputFormat was changed to 3.
 4706404	[INFO]	XnProperty.cpp	101	Depth1.InputFormat was successfully set.
 4707406	[INFO]	XnProperty.cpp	74	Setting Depth1.RegistrationType to 2...
 4707448	[INFO]	XnProperty.cpp	151	Property Depth1.RegistrationType was changed to 2.
 4707476	[INFO]	XnProperty.cpp	101	Depth1.RegistrationType was successfully set.
 4708608	[INFO]	XnDeviceModule.cpp	431	Module 'Depth1' configuration was loaded from file.
 4708977	[INFO]	XnProperty.cpp	74	Setting Depth1.FPS to 30...
 4709011	[INFO]	XnProperty.cpp	86	Depth1.FPS value did not change.
 4709037	[INFO]	XnProperty.cpp	74	Setting Depth1.YRes to 480...
 4709066	[INFO]	XnProperty.cpp	151	Property Depth1.Resolution was changed to 1.
 4709095	[INFO]	XnProperty.cpp	151	Property Depth1.XRes was changed to 640.
 4709119	[INFO]	XnProperty.cpp	151	Property Depth1.RequiredDataSize was changed to 307200.
 4709149	[INFO]	XnProperty.cpp	151	Property Depth1.YRes was changed to 480.
 4709173	[INFO]	XnProperty.cpp	151	Property Depth1.RequiredDataSize was changed to 614400.
 4709200	[INFO]	XnProperty.cpp	101	Depth1.YRes was successfully set.
 4709224	[INFO]	XnProperty.cpp	74	Setting Depth1.XRes to 640...
 4709247	[INFO]	XnProperty.cpp	86	Depth1.XRes value did not change.
 4709336	[INFO]	XnProperty.cpp	74	Setting Depth1.Mirror to 1...
 4709368	[INFO]	XnProperty.cpp	151	Property Depth1.FirmwareMirror was changed to 1.
 4709438	[INFO]	XnProperty.cpp	151	Property Depth1.Mirror was changed to 1.
 4709462	[INFO]	XnProperty.cpp	101	Depth1.Mirror was successfully set.
 7214348	[INFO]	XnOpenNI.cpp	1261	Creating node 'User1' of type User...
 7238492	[WARNING]	Linux-x86Threads.cpp	173	Failed to set thread priority: Invalid argument
 7238542	[WARNING]	XnUSBLinux-x86.cpp	126	USB events thread: Failed to set thread priority to critical. This might cause loss of data...
 7239515	[INFO]	XnUSBLinux-x86.cpp	1222	USB read thread was started.
 7239550	[INFO]	XnProperty.cpp	151	Property Depth1.ActualReadData was changed to 1.
 7711287	[INFO]	XnProperty.cpp	151	Property Depth1.State was changed to 1.
 7711334	[INFO]	XnDeviceBase.cpp	370	Stream Depth1 is open.
10720601	[INFO]	XnOpenNI.cpp	1261	Creating node 'Image1' of type Image...
10720660	[INFO]	XnDeviceBase.cpp	1383	Creating stream 'Image1' of type 'Image'...
10720889	[INFO]	XnProperty.cpp	151	Property Image1.Resolution was changed to 0.
10720912	[INFO]	XnProperty.cpp	151	Property Image1.XRes was changed to 320.
10720933	[INFO]	XnProperty.cpp	151	Property Image1.YRes was changed to 240.
10720952	[INFO]	XnProperty.cpp	151	Property Image1.FPS was changed to 30.
10720971	[INFO]	XnProperty.cpp	151	Property Image1.OutputFormat was changed to 5.
10720990	[INFO]	XnProperty.cpp	151	Property Image1.BytesPerPixel was changed to 3.
10721008	[INFO]	XnProperty.cpp	151	Property Image1.RequiredDataSize was changed to 230400.
10721045	[INFO]	XnDeviceBase.cpp	1458	Stream 'Image1' was initialized.
10721065	[INFO]	XnDeviceBase.cpp	1463	'Image1' stream was created.
10721176	[INFO]	XnProperty.cpp	74	Setting Image1.InputFormat to 6...
10721199	[INFO]	XnProperty.cpp	151	Property Image1.InputFormat was changed to 6.
10721217	[INFO]	XnProperty.cpp	101	Image1.InputFormat was successfully set.
10721640	[INFO]	XnDeviceModule.cpp	431	Module 'Image1' configuration was loaded from file.
10721734	[INFO]	XnProperty.cpp	74	Setting Image1.FPS to 30...
10721753	[INFO]	XnProperty.cpp	86	Image1.FPS value did not change.
10721772	[INFO]	XnProperty.cpp	74	Setting Image1.YRes to 480...
10721791	[INFO]	XnProperty.cpp	151	Property Image1.Resolution was changed to 1.
10721810	[INFO]	XnProperty.cpp	151	Property Image1.XRes was changed to 640.
10721827	[INFO]	XnProperty.cpp	151	Property Image1.RequiredDataSize was changed to 460800.
10721847	[INFO]	XnProperty.cpp	151	Property Image1.YRes was changed to 480.
10721864	[INFO]	XnProperty.cpp	151	Property Image1.RequiredDataSize was changed to 921600.
10721881	[INFO]	XnProperty.cpp	101	Image1.YRes was successfully set.
10721899	[INFO]	XnProperty.cpp	74	Setting Image1.XRes to 640...
10721915	[INFO]	XnProperty.cpp	86	Image1.XRes value did not change.
10722788	[INFO]	XnUSBLinux-x86.cpp	1222	USB read thread was started.
10722823	[INFO]	XnProperty.cpp	151	Property Image1.ActualReadData was changed to 1.
10911800	[WARNING]	XnDepthProcessor.cpp	133	Read: Depth buffer is corrupt. Size is 517456 (!= 614400)
10911846	[WARNING]	XnFrameStreamProcessor.cpp	132	Depth frame is corrupt!
13816296	[WARNING]	XnDepthProcessor.cpp	133	Read: Depth buffer is corrupt. Size is 600064 (!= 614400)
13816341	[WARNING]	XnFrameStreamProcessor.cpp	132	Depth frame is corrupt!
13924708	[INFO]	XnProperty.cpp	151	Property Image1.State was changed to 1.
13924753	[INFO]	XnDeviceBase.cpp	370	Stream Image1 is open.
13924946	[INFO]	XnProperty.cpp	74	Setting Depth1.Registration to 1...
13948279	[WARNING]	XnDepthProcessor.cpp	133	Read: Depth buffer is corrupt. Size is 593280 (!= 614400)
13948334	[WARNING]	XnFrameStreamProcessor.cpp	132	Depth frame is corrupt!
14077395	[INFO]	XnProperty.cpp	151	Property Depth1.Registration was changed to 1.
14077437	[INFO]	XnProperty.cpp	101	Depth1.Registration was successfully set.
14077485	[INFO]	XnProperty.cpp	74	Setting Image1.Mirror to 1...
14089991	[INFO]	XnProperty.cpp	151	Property Image1.FirmwareMirror was changed to 1.
14090032	[INFO]	XnProperty.cpp	151	Property Image1.Mirror was changed to 1.
14090044	[INFO]	XnProperty.cpp	101	Image1.Mirror was successfully set.
48024313	[INFO]	XnOpenNI.cpp	1459	Destroying node 'User1'
48032188	[INFO]	XnOpenNI.cpp	1459	Destroying node 'Depth1'
48032279	[INFO]	XnDeviceBase.cpp	1507	Destroying stream 'Depth1'...
48033672	[INFO]	XnOpenNI.cpp	1459	Destroying node 'Image1'
48033714	[INFO]	XnDeviceBase.cpp	1507	Destroying stream 'Image1'...
48034620	[INFO]	XnOpenNI.cpp	1459	Destroying node 'Device1'
