    1659	[INFO]	XnLog.cpp	165	OpenNI version is 1.0.0 (Build 25)-MacOSX (Jan  7 2011 14:20:18)
    1704	[INFO]	XnLog.cpp	173	Log system initialized. Console: 1, File: 1, Severity: INFO, Masks: ALL
    1727	[INFO]	XnLog.cpp	173	Log system initialized. Console: 1, File: 1, Severity: INFO, Masks: ALL
    2857	[INFO]	XnUSBLinux-x86.cpp	98	USB is initialized.
 2898802	[INFO]	XnOpenNI.cpp	1261	Creating node 'Device1' of type Device...
 2899601	[INFO]	XnDeviceModule.cpp	431	Module 'Device' configuration was loaded from file.
 3230303	[INFO]	XnDeviceSensorIO.cpp	135	Connected to USB device
 3230359	[INFO]	XnProperty.cpp	151	Property Device.USBPath was changed to 045e/02ae@250/10.
 3238139	[INFO]	XnHostProtocol.cpp	825	Hardware versions: FW=5.1.4 (7) HW=4 Chip=2 Sensor=4 SYS=7
 4649517	[INFO]	XnProperty.cpp	151	Property Device.ID was changed to 0.
 4649603	[INFO]	XnSensor.cpp	182	Device sensor initialized
 4649780	[INFO]	XnOpenNI.cpp	1261	Creating node 'Depth1' of type Depth...
 4649872	[INFO]	XnDeviceBase.cpp	1383	Creating stream 'Depth1' of type 'Depth'...
 4649915	[INFO]	XnProperty.cpp	74	Setting Device.ReadData to 1...
 4649995	[INFO]	XnDeviceSensorIO.cpp	298	Endpoints open
 4662680	[INFO]	XnProperty.cpp	151	Property Device.ReadData was changed to 1.
 4662741	[INFO]	XnProperty.cpp	101	Device.ReadData was successfully set.
 4663193	[INFO]	XnProperty.cpp	151	Property Depth1.Resolution was changed to 0.
 4663218	[INFO]	XnProperty.cpp	151	Property Depth1.XRes was changed to 320.
 4663235	[INFO]	XnProperty.cpp	151	Property Depth1.YRes was changed to 240.
 4663251	[INFO]	XnProperty.cpp	151	Property Depth1.FPS was changed to 30.
 4663266	[INFO]	XnProperty.cpp	151	Property Depth1.OutputFormat was changed to 1.
 4663283	[INFO]	XnProperty.cpp	151	Property Depth1.BytesPerPixel was changed to 2.
 4663299	[INFO]	XnProperty.cpp	151	Property Depth1.RequiredDataSize was changed to 153600.
 4663320	[INFO]	XnProperty.cpp	151	Property Depth1.ParamCoeff was changed to 4.
 4663400	[INFO]	XnProperty.cpp	151	Property Depth1.ShiftScale was changed to 10.
 4675904	[INFO]	XnProperty.cpp	151	Property Depth1.ConstShift was changed to 200.
 4676005	[INFO]	XnProperty.cpp	151	Property Depth1.ZPD was changed to 120.
 4676102	[INFO]	XnProperty.cpp	151	Property Depth1.ZPPS was changed to 0.104200.
 4676116	[INFO]	XnProperty.cpp	151	Property Depth1.LDDIS was changed to 7.500000.
 4676209	[INFO]	XnProperty.cpp	151	Property Depth1.Gain was changed to 30.
 4676243	[INFO]	XnDeviceBase.cpp	1458	Stream 'Depth1' was initialized.
 4676260	[INFO]	XnDeviceBase.cpp	1463	'Depth1' stream was created.
 4676452	[INFO]	XnProperty.cpp	74	Setting Depth1.InputFormat to 3...
 4676483	[INFO]	XnProperty.cpp	151	Property Depth1.InputFormat was changed to 3.
 4676504	[INFO]	XnProperty.cpp	101	Depth1.InputFormat was successfully set.
 4676974	[INFO]	XnProperty.cpp	74	Setting Depth1.RegistrationType to 2...
 4676992	[INFO]	XnProperty.cpp	151	Property Depth1.RegistrationType was changed to 2.
 4677005	[INFO]	XnProperty.cpp	101	Depth1.RegistrationType was successfully set.
 4677467	[INFO]	XnDeviceModule.cpp	431	Module 'Depth1' configuration was loaded from file.
 4677652	[INFO]	XnProperty.cpp	74	Setting Depth1.FPS to 30...
 4677670	[INFO]	XnProperty.cpp	86	Depth1.FPS value did not change.
 4677682	[INFO]	XnProperty.cpp	74	Setting Depth1.YRes to 480...
 4677697	[INFO]	XnProperty.cpp	151	Property Depth1.Resolution was changed to 1.
 4677711	[INFO]	XnProperty.cpp	151	Property Depth1.XRes was changed to 640.
 4677724	[INFO]	XnProperty.cpp	151	Property Depth1.RequiredDataSize was changed to 307200.
 4677739	[INFO]	XnProperty.cpp	151	Property Depth1.YRes was changed to 480.
 4677751	[INFO]	XnProperty.cpp	151	Property Depth1.RequiredDataSize was changed to 614400.
 4677764	[INFO]	XnProperty.cpp	101	Depth1.YRes was successfully set.
 4677777	[INFO]	XnProperty.cpp	74	Setting Depth1.XRes to 640...
 4677788	[INFO]	XnProperty.cpp	86	Depth1.XRes value did not change.
 4677831	[INFO]	XnProperty.cpp	74	Setting Depth1.Mirror to 1...
 4677846	[INFO]	XnProperty.cpp	151	Property Depth1.FirmwareMirror was changed to 1.
 4677895	[INFO]	XnProperty.cpp	151	Property Depth1.Mirror was changed to 1.
 4677907	[INFO]	XnProperty.cpp	101	Depth1.Mirror was successfully set.
 7177731	[INFO]	XnOpenNI.cpp	1261	Creating node 'User1' of type User...
 7203410	[WARNING]	Linux-x86Threads.cpp	173	Failed to set thread priority: Invalid argument
 7203464	[WARNING]	XnUSBLinux-x86.cpp	126	USB events thread: Failed to set thread priority to critical. This might cause loss of data...
 7204407	[INFO]	XnUSBLinux-x86.cpp	1222	USB read thread was started.
 7204449	[INFO]	XnProperty.cpp	151	Property Depth1.ActualReadData was changed to 1.
 7675966	[INFO]	XnProperty.cpp	151	Property Depth1.State was changed to 1.
 7676010	[INFO]	XnDeviceBase.cpp	370	Stream Depth1 is open.
10576876	[INFO]	XnOpenNI.cpp	1261	Creating node 'Image1' of type Image...
10576928	[INFO]	XnDeviceBase.cpp	1383	Creating stream 'Image1' of type 'Image'...
10577214	[INFO]	XnProperty.cpp	151	Property Image1.Resolution was changed to 0.
10577241	[INFO]	XnProperty.cpp	151	Property Image1.XRes was changed to 320.
10577261	[INFO]	XnProperty.cpp	151	Property Image1.YRes was changed to 240.
10577280	[INFO]	XnProperty.cpp	151	Property Image1.FPS was changed to 30.
10577297	[INFO]	XnProperty.cpp	151	Property Image1.OutputFormat was changed to 5.
10577314	[INFO]	XnProperty.cpp	151	Property Image1.BytesPerPixel was changed to 3.
10577332	[INFO]	XnProperty.cpp	151	Property Image1.RequiredDataSize was changed to 230400.
10577369	[INFO]	XnDeviceBase.cpp	1458	Stream 'Image1' was initialized.
10577392	[INFO]	XnDeviceBase.cpp	1463	'Image1' stream was created.
10577522	[INFO]	XnProperty.cpp	74	Setting Image1.InputFormat to 6...
10577552	[INFO]	XnProperty.cpp	151	Property Image1.InputFormat was changed to 6.
10577572	[INFO]	XnProperty.cpp	101	Image1.InputFormat was successfully set.
10578186	[INFO]	XnDeviceModule.cpp	431	Module 'Image1' configuration was loaded from file.
10578299	[INFO]	XnProperty.cpp	74	Setting Image1.FPS to 30...
10578326	[INFO]	XnProperty.cpp	86	Image1.FPS value did not change.
10578348	[INFO]	XnProperty.cpp	74	Setting Image1.YRes to 480...
10578372	[INFO]	XnProperty.cpp	151	Property Image1.Resolution was changed to 1.
10578395	[INFO]	XnProperty.cpp	151	Property Image1.XRes was changed to 640.
10578417	[INFO]	XnProperty.cpp	151	Property Image1.RequiredDataSize was changed to 460800.
10578441	[INFO]	XnProperty.cpp	151	Property Image1.YRes was changed to 480.
10578464	[INFO]	XnProperty.cpp	151	Property Image1.RequiredDataSize was changed to 921600.
10578487	[INFO]	XnProperty.cpp	101	Image1.YRes was successfully set.
10578510	[INFO]	XnProperty.cpp	74	Setting Image1.XRes to 640...
10578530	[INFO]	XnProperty.cpp	86	Image1.XRes value did not change.
10579612	[INFO]	XnUSBLinux-x86.cpp	1222	USB read thread was started.
10579654	[INFO]	XnProperty.cpp	151	Property Image1.ActualReadData was changed to 1.
10641161	[WARNING]	XnDepthProcessor.cpp	133	Read: Depth buffer is corrupt. Size is 599008 (!= 614400)
10641220	[WARNING]	XnFrameStreamProcessor.cpp	132	Depth frame is corrupt!
10741109	[WARNING]	XnDepthProcessor.cpp	133	Read: Depth buffer is corrupt. Size is 594240 (!= 614400)
10741161	[WARNING]	XnFrameStreamProcessor.cpp	132	Depth frame is corrupt!
10777147	[WARNING]	XnDepthProcessor.cpp	133	Read: Depth buffer is corrupt. Size is 563152 (!= 614400)
10777222	[WARNING]	XnFrameStreamProcessor.cpp	132	Depth frame is corrupt!
13681580	[WARNING]	XnDepthProcessor.cpp	133	Read: Depth buffer is corrupt. Size is 598736 (!= 614400)
13681629	[WARNING]	XnFrameStreamProcessor.cpp	132	Depth frame is corrupt!
13781277	[INFO]	XnProperty.cpp	151	Property Image1.State was changed to 1.
13781321	[INFO]	XnDeviceBase.cpp	370	Stream Image1 is open.
13781498	[INFO]	XnProperty.cpp	74	Setting Depth1.Registration to 1...
13813652	[WARNING]	XnDepthProcessor.cpp	133	Read: Depth buffer is corrupt. Size is 563760 (!= 614400)
13813709	[WARNING]	XnFrameStreamProcessor.cpp	132	Depth frame is corrupt!
13935818	[INFO]	XnProperty.cpp	151	Property Depth1.Registration was changed to 1.
13935865	[INFO]	XnProperty.cpp	101	Depth1.Registration was successfully set.
13935964	[INFO]	XnProperty.cpp	74	Setting Image1.Mirror to 1...
13948345	[INFO]	XnProperty.cpp	151	Property Image1.FirmwareMirror was changed to 1.
13948390	[INFO]	XnProperty.cpp	151	Property Image1.Mirror was changed to 1.
13948402	[INFO]	XnProperty.cpp	101	Image1.Mirror was successfully set.
17089072	[INFO]	XnOpenNI.cpp	1459	Destroying node 'User1'
17097808	[INFO]	XnOpenNI.cpp	1459	Destroying node 'Depth1'
17097900	[INFO]	XnDeviceBase.cpp	1507	Destroying stream 'Depth1'...
17099251	[INFO]	XnOpenNI.cpp	1459	Destroying node 'Image1'
17099308	[INFO]	XnDeviceBase.cpp	1507	Destroying stream 'Image1'...
17100219	[INFO]	XnOpenNI.cpp	1459	Destroying node 'Device1'
