    1607	[INFO]	XnLog.cpp	165	OpenNI version is 1.0.0 (Build 25)-MacOSX (Jan  7 2011 14:20:18)
    1651	[INFO]	XnLog.cpp	173	Log system initialized. Console: 1, File: 1, Severity: INFO, Masks: ALL
    1675	[INFO]	XnLog.cpp	173	Log system initialized. Console: 1, File: 1, Severity: INFO, Masks: ALL
    2789	[INFO]	XnUSBLinux-x86.cpp	98	USB is initialized.
 4506857	[INFO]	XnOpenNI.cpp	1261	Creating node 'Device1' of type Device...
 4507827	[INFO]	XnDeviceModule.cpp	431	Module 'Device' configuration was loaded from file.
 5168981	[INFO]	XnDeviceSensorIO.cpp	135	Connected to USB device
 5169038	[INFO]	XnProperty.cpp	151	Property Device.USBPath was changed to 045e/02ae@253/8.
 5177064	[INFO]	XnHostProtocol.cpp	825	Hardware versions: FW=5.1.4 (7) HW=4 Chip=2 Sensor=4 SYS=7
 6588895	[INFO]	XnProperty.cpp	151	Property Device.ID was changed to 0.
 6588974	[INFO]	XnSensor.cpp	182	Device sensor initialized
 6589111	[INFO]	XnOpenNI.cpp	1261	Creating node 'Depth1' of type Depth...
 6589182	[INFO]	XnDeviceBase.cpp	1383	Creating stream 'Depth1' of type 'Depth'...
 6589216	[INFO]	XnProperty.cpp	74	Setting Device.ReadData to 1...
 6589274	[INFO]	XnDeviceSensorIO.cpp	298	Endpoints open
 6601522	[INFO]	XnProperty.cpp	151	Property Device.ReadData was changed to 1.
 6601567	[INFO]	XnProperty.cpp	101	Device.ReadData was successfully set.
 6601953	[INFO]	XnProperty.cpp	151	Property Depth1.Resolution was changed to 0.
 6601981	[INFO]	XnProperty.cpp	151	Property Depth1.XRes was changed to 320.
 6602002	[INFO]	XnProperty.cpp	151	Property Depth1.YRes was changed to 240.
 6602023	[INFO]	XnProperty.cpp	151	Property Depth1.FPS was changed to 30.
 6602042	[INFO]	XnProperty.cpp	151	Property Depth1.OutputFormat was changed to 1.
 6602060	[INFO]	XnProperty.cpp	151	Property Depth1.BytesPerPixel was changed to 2.
 6602076	[INFO]	XnProperty.cpp	151	Property Depth1.RequiredDataSize was changed to 153600.
 6602100	[INFO]	XnProperty.cpp	151	Property Depth1.ParamCoeff was changed to 4.
 6602183	[INFO]	XnProperty.cpp	151	Property Depth1.ShiftScale was changed to 10.
 6614514	[INFO]	XnProperty.cpp	151	Property Depth1.ConstShift was changed to 200.
 6614621	[INFO]	XnProperty.cpp	151	Property Depth1.ZPD was changed to 120.
 6614723	[INFO]	XnProperty.cpp	151	Property Depth1.ZPPS was changed to 0.104200.
 6614748	[INFO]	XnProperty.cpp	151	Property Depth1.LDDIS was changed to 7.500000.
 6614864	[INFO]	XnProperty.cpp	151	Property Depth1.Gain was changed to 30.
 6614907	[INFO]	XnDeviceBase.cpp	1458	Stream 'Depth1' was initialized.
 6614930	[INFO]	XnDeviceBase.cpp	1463	'Depth1' stream was created.
 6615131	[INFO]	XnProperty.cpp	74	Setting Depth1.InputFormat to 3...
 6615162	[INFO]	XnProperty.cpp	151	Property Depth1.InputFormat was changed to 3.
 6615183	[INFO]	XnProperty.cpp	101	Depth1.InputFormat was successfully set.
 6615882	[INFO]	XnProperty.cpp	74	Setting Depth1.RegistrationType to 2...
 6615914	[INFO]	XnProperty.cpp	151	Property Depth1.RegistrationType was changed to 2.
 6615933	[INFO]	XnProperty.cpp	101	Depth1.RegistrationType was successfully set.
 6616606	[INFO]	XnDeviceModule.cpp	431	Module 'Depth1' configuration was loaded from file.
 6616854	[INFO]	XnProperty.cpp	74	Setting Depth1.FPS to 30...
 6616877	[INFO]	XnProperty.cpp	86	Depth1.FPS value did not change.
 6616897	[INFO]	XnProperty.cpp	74	Setting Depth1.YRes to 480...
 6616916	[INFO]	XnProperty.cpp	151	Property Depth1.Resolution was changed to 1.
 6616933	[INFO]	XnProperty.cpp	151	Property Depth1.XRes was changed to 640.
 6616950	[INFO]	XnProperty.cpp	151	Property Depth1.RequiredDataSize was changed to 307200.
 6616972	[INFO]	XnProperty.cpp	151	Property Depth1.YRes was changed to 480.
 6616990	[INFO]	XnProperty.cpp	151	Property Depth1.RequiredDataSize was changed to 614400.
 6617009	[INFO]	XnProperty.cpp	101	Depth1.YRes was successfully set.
 6617026	[INFO]	XnProperty.cpp	74	Setting Depth1.XRes to 640...
 6617042	[INFO]	XnProperty.cpp	86	Depth1.XRes value did not change.
 6617105	[INFO]	XnProperty.cpp	74	Setting Depth1.Mirror to 1...
 6617129	[INFO]	XnProperty.cpp	151	Property Depth1.FirmwareMirror was changed to 1.
 6617195	[INFO]	XnProperty.cpp	151	Property Depth1.Mirror was changed to 1.
 6617216	[INFO]	XnProperty.cpp	101	Depth1.Mirror was successfully set.
12677138	[INFO]	XnOpenNI.cpp	1261	Creating node 'User1' of type User...
12700952	[WARNING]	Linux-x86Threads.cpp	173	Failed to set thread priority: Invalid argument
12700997	[WARNING]	XnUSBLinux-x86.cpp	126	USB events thread: Failed to set thread priority to critical. This might cause loss of data...
12701784	[INFO]	XnUSBLinux-x86.cpp	1222	USB read thread was started.
12701814	[INFO]	XnProperty.cpp	151	Property Depth1.ActualReadData was changed to 1.
13172735	[INFO]	XnProperty.cpp	151	Property Depth1.State was changed to 1.
13172779	[INFO]	XnDeviceBase.cpp	370	Stream Depth1 is open.
19174825	[INFO]	XnOpenNI.cpp	1261	Creating node 'Image1' of type Image...
19174887	[INFO]	XnDeviceBase.cpp	1383	Creating stream 'Image1' of type 'Image'...
19175104	[INFO]	XnProperty.cpp	151	Property Image1.Resolution was changed to 0.
19175129	[INFO]	XnProperty.cpp	151	Property Image1.XRes was changed to 320.
19175144	[INFO]	XnProperty.cpp	151	Property Image1.YRes was changed to 240.
19175157	[INFO]	XnProperty.cpp	151	Property Image1.FPS was changed to 30.
19175168	[INFO]	XnProperty.cpp	151	Property Image1.OutputFormat was changed to 5.
19175181	[INFO]	XnProperty.cpp	151	Property Image1.BytesPerPixel was changed to 3.
19175193	[INFO]	XnProperty.cpp	151	Property Image1.RequiredDataSize was changed to 230400.
19175222	[INFO]	XnDeviceBase.cpp	1458	Stream 'Image1' was initialized.
19175237	[INFO]	XnDeviceBase.cpp	1463	'Image1' stream was created.
19175343	[INFO]	XnProperty.cpp	74	Setting Image1.InputFormat to 6...
19175364	[INFO]	XnProperty.cpp	151	Property Image1.InputFormat was changed to 6.
19175377	[INFO]	XnProperty.cpp	101	Image1.InputFormat was successfully set.
19175818	[INFO]	XnDeviceModule.cpp	431	Module 'Image1' configuration was loaded from file.
19175923	[INFO]	XnProperty.cpp	74	Setting Image1.FPS to 30...
19175942	[INFO]	XnProperty.cpp	86	Image1.FPS value did not change.
19175960	[INFO]	XnProperty.cpp	74	Setting Image1.YRes to 480...
19175980	[INFO]	XnProperty.cpp	151	Property Image1.Resolution was changed to 1.
19175999	[INFO]	XnProperty.cpp	151	Property Image1.XRes was changed to 640.
19176017	[INFO]	XnProperty.cpp	151	Property Image1.RequiredDataSize was changed to 460800.
19176037	[INFO]	XnProperty.cpp	151	Property Image1.YRes was changed to 480.
19176055	[INFO]	XnProperty.cpp	151	Property Image1.RequiredDataSize was changed to 921600.
19176074	[INFO]	XnProperty.cpp	101	Image1.YRes was successfully set.
19176093	[INFO]	XnProperty.cpp	74	Setting Image1.XRes to 640...
19176111	[INFO]	XnProperty.cpp	86	Image1.XRes value did not change.
19177090	[INFO]	XnUSBLinux-x86.cpp	1222	USB read thread was started.
19177138	[INFO]	XnProperty.cpp	151	Property Image1.ActualReadData was changed to 1.
19242292	[WARNING]	XnDepthProcessor.cpp	133	Read: Depth buffer is corrupt. Size is 600368 (!= 614400)
19242338	[WARNING]	XnFrameStreamProcessor.cpp	132	Depth frame is corrupt!
19342279	[WARNING]	XnDepthProcessor.cpp	133	Read: Depth buffer is corrupt. Size is 589056 (!= 614400)
19342325	[WARNING]	XnFrameStreamProcessor.cpp	132	Depth frame is corrupt!
19378230	[WARNING]	XnDepthProcessor.cpp	133	Read: Depth buffer is corrupt. Size is 567216 (!= 614400)
19378275	[WARNING]	XnFrameStreamProcessor.cpp	132	Depth frame is corrupt!
22278778	[WARNING]	XnDepthProcessor.cpp	133	Read: Depth buffer is corrupt. Size is 594400 (!= 614400)
22278824	[WARNING]	XnFrameStreamProcessor.cpp	132	Depth frame is corrupt!
22378429	[INFO]	XnProperty.cpp	151	Property Image1.State was changed to 1.
22378473	[INFO]	XnDeviceBase.cpp	370	Stream Image1 is open.
22378689	[INFO]	XnProperty.cpp	74	Setting Depth1.Registration to 1...
22531436	[INFO]	XnProperty.cpp	151	Property Depth1.Registration was changed to 1.
22531478	[INFO]	XnProperty.cpp	101	Depth1.Registration was successfully set.
22531525	[INFO]	XnProperty.cpp	74	Setting Image1.Mirror to 1...
22544341	[INFO]	XnProperty.cpp	151	Property Image1.FirmwareMirror was changed to 1.
22544420	[INFO]	XnProperty.cpp	151	Property Image1.Mirror was changed to 1.
22544434	[INFO]	XnProperty.cpp	101	Image1.Mirror was successfully set.
40405884	[INFO]	XnOpenNI.cpp	1459	Destroying node 'User1'
40414363	[INFO]	XnOpenNI.cpp	1459	Destroying node 'Depth1'
40414455	[INFO]	XnDeviceBase.cpp	1507	Destroying stream 'Depth1'...
40415907	[INFO]	XnOpenNI.cpp	1459	Destroying node 'Image1'
40415979	[INFO]	XnDeviceBase.cpp	1507	Destroying stream 'Image1'...
40417031	[INFO]	XnOpenNI.cpp	1459	Destroying node 'Device1'
