    2190	[INFO]	XnLog.cpp	165	OpenNI version is 1.0.0 (Build 25)-MacOSX (Jan  7 2011 14:20:18)
    2239	[INFO]	XnLog.cpp	173	Log system initialized. Console: 1, File: 1, Severity: INFO, Masks: ALL
    2274	[INFO]	XnLog.cpp	173	Log system initialized. Console: 1, File: 1, Severity: INFO, Masks: ALL
    3783	[INFO]	XnUSBLinux-x86.cpp	98	USB is initialized.
 2902768	[INFO]	XnOpenNI.cpp	1261	Creating node 'Device1' of type Device...
 2903666	[INFO]	XnDeviceModule.cpp	431	Module 'Device' configuration was loaded from file.
 3234571	[INFO]	XnDeviceSensorIO.cpp	135	Connected to USB device
 3234627	[INFO]	XnProperty.cpp	151	Property Device.USBPath was changed to 045e/02ae@250/10.
 3242268	[INFO]	XnHostProtocol.cpp	825	Hardware versions: FW=5.1.4 (7) HW=4 Chip=2 Sensor=4 SYS=7
 4652876	[INFO]	XnProperty.cpp	151	Property Device.ID was changed to 0.
 4652939	[INFO]	XnSensor.cpp	182	Device sensor initialized
 4653021	[INFO]	XnOpenNI.cpp	1261	Creating node 'Depth1' of type Depth...
 4653061	[INFO]	XnDeviceBase.cpp	1383	Creating stream 'Depth1' of type 'Depth'...
 4653079	[INFO]	XnProperty.cpp	74	Setting Device.ReadData to 1...
 4653115	[INFO]	XnDeviceSensorIO.cpp	298	Endpoints open
 4665703	[INFO]	XnProperty.cpp	151	Property Device.ReadData was changed to 1.
 4665750	[INFO]	XnProperty.cpp	101	Device.ReadData was successfully set.
 4666109	[INFO]	XnProperty.cpp	151	Property Depth1.Resolution was changed to 0.
 4666132	[INFO]	XnProperty.cpp	151	Property Depth1.XRes was changed to 320.
 4666153	[INFO]	XnProperty.cpp	151	Property Depth1.YRes was changed to 240.
 4666172	[INFO]	XnProperty.cpp	151	Property Depth1.FPS was changed to 30.
 4666191	[INFO]	XnProperty.cpp	151	Property Depth1.OutputFormat was changed to 1.
 4666208	[INFO]	XnProperty.cpp	151	Property Depth1.BytesPerPixel was changed to 2.
 4666227	[INFO]	XnProperty.cpp	151	Property Depth1.RequiredDataSize was changed to 153600.
 4666250	[INFO]	XnProperty.cpp	151	Property Depth1.ParamCoeff was changed to 4.
 4666315	[INFO]	XnProperty.cpp	151	Property Depth1.ShiftScale was changed to 10.
 4678851	[INFO]	XnProperty.cpp	151	Property Depth1.ConstShift was changed to 200.
 4678937	[INFO]	XnProperty.cpp	151	Property Depth1.ZPD was changed to 120.
 4679033	[INFO]	XnProperty.cpp	151	Property Depth1.ZPPS was changed to 0.104200.
 4679048	[INFO]	XnProperty.cpp	151	Property Depth1.LDDIS was changed to 7.500000.
 4679142	[INFO]	XnProperty.cpp	151	Property Depth1.Gain was changed to 30.
 4679175	[INFO]	XnDeviceBase.cpp	1458	Stream 'Depth1' was initialized.
 4679189	[INFO]	XnDeviceBase.cpp	1463	'Depth1' stream was created.
 4679339	[INFO]	XnProperty.cpp	74	Setting Depth1.InputFormat to 3...
 4679359	[INFO]	XnProperty.cpp	151	Property Depth1.InputFormat was changed to 3.
 4679371	[INFO]	XnProperty.cpp	101	Depth1.InputFormat was successfully set.
 4679796	[INFO]	XnProperty.cpp	74	Setting Depth1.RegistrationType to 2...
 4679812	[INFO]	XnProperty.cpp	151	Property Depth1.RegistrationType was changed to 2.
 4679823	[INFO]	XnProperty.cpp	101	Depth1.RegistrationType was successfully set.
 4680276	[INFO]	XnDeviceModule.cpp	431	Module 'Depth1' configuration was loaded from file.
 4680466	[INFO]	XnProperty.cpp	74	Setting Depth1.FPS to 30...
 4680484	[INFO]	XnProperty.cpp	86	Depth1.FPS value did not change.
 4680496	[INFO]	XnProperty.cpp	74	Setting Depth1.YRes to 480...
 4680512	[INFO]	XnProperty.cpp	151	Property Depth1.Resolution was changed to 1.
 4680526	[INFO]	XnProperty.cpp	151	Property Depth1.XRes was changed to 640.
 4680539	[INFO]	XnProperty.cpp	151	Property Depth1.RequiredDataSize was changed to 307200.
 4680554	[INFO]	XnProperty.cpp	151	Property Depth1.YRes was changed to 480.
 4680566	[INFO]	XnProperty.cpp	151	Property Depth1.RequiredDataSize was changed to 614400.
 4680579	[INFO]	XnProperty.cpp	101	Depth1.YRes was successfully set.
 4680592	[INFO]	XnProperty.cpp	74	Setting Depth1.XRes to 640...
 4680603	[INFO]	XnProperty.cpp	86	Depth1.XRes value did not change.
 4680647	[INFO]	XnProperty.cpp	74	Setting Depth1.Mirror to 1...
 4680663	[INFO]	XnProperty.cpp	151	Property Depth1.FirmwareMirror was changed to 1.
 4680712	[INFO]	XnProperty.cpp	151	Property Depth1.Mirror was changed to 1.
 4680724	[INFO]	XnProperty.cpp	101	Depth1.Mirror was successfully set.
 7182150	[INFO]	XnOpenNI.cpp	1261	Creating node 'User1' of type User...
 7208388	[WARNING]	Linux-x86Threads.cpp	173	Failed to set thread priority: Invalid argument
 7208435	[WARNING]	XnUSBLinux-x86.cpp	126	USB events thread: Failed to set thread priority to critical. This might cause loss of data...
 7209368	[INFO]	XnUSBLinux-x86.cpp	1222	USB read thread was started.
 7209399	[INFO]	XnProperty.cpp	151	Property Depth1.ActualReadData was changed to 1.
 7680491	[INFO]	XnProperty.cpp	151	Property Depth1.State was changed to 1.
 7680540	[INFO]	XnDeviceBase.cpp	370	Stream Depth1 is open.
10256248	[INFO]	XnOpenNI.cpp	1261	Creating node 'Image1' of type Image...
10256300	[INFO]	XnDeviceBase.cpp	1383	Creating stream 'Image1' of type 'Image'...
10256493	[INFO]	XnProperty.cpp	151	Property Image1.Resolution was changed to 0.
10256516	[INFO]	XnProperty.cpp	151	Property Image1.XRes was changed to 320.
10256537	[INFO]	XnProperty.cpp	151	Property Image1.YRes was changed to 240.
10256557	[INFO]	XnProperty.cpp	151	Property Image1.FPS was changed to 30.
10256576	[INFO]	XnProperty.cpp	151	Property Image1.OutputFormat was changed to 5.
10256591	[INFO]	XnProperty.cpp	151	Property Image1.BytesPerPixel was changed to 3.
10256605	[INFO]	XnProperty.cpp	151	Property Image1.RequiredDataSize was changed to 230400.
10256635	[INFO]	XnDeviceBase.cpp	1458	Stream 'Image1' was initialized.
10256649	[INFO]	XnDeviceBase.cpp	1463	'Image1' stream was created.
10256777	[INFO]	XnProperty.cpp	74	Setting Image1.InputFormat to 6...
10256806	[INFO]	XnProperty.cpp	151	Property Image1.InputFormat was changed to 6.
10256826	[INFO]	XnProperty.cpp	101	Image1.InputFormat was successfully set.
10257302	[INFO]	XnDeviceModule.cpp	431	Module 'Image1' configuration was loaded from file.
10257396	[INFO]	XnProperty.cpp	74	Setting Image1.FPS to 30...
10257412	[INFO]	XnProperty.cpp	86	Image1.FPS value did not change.
10257425	[INFO]	XnProperty.cpp	74	Setting Image1.YRes to 480...
10257438	[INFO]	XnProperty.cpp	151	Property Image1.Resolution was changed to 1.
10257451	[INFO]	XnProperty.cpp	151	Property Image1.XRes was changed to 640.
10257463	[INFO]	XnProperty.cpp	151	Property Image1.RequiredDataSize was changed to 460800.
10257477	[INFO]	XnProperty.cpp	151	Property Image1.YRes was changed to 480.
10257489	[INFO]	XnProperty.cpp	151	Property Image1.RequiredDataSize was changed to 921600.
10257501	[INFO]	XnProperty.cpp	101	Image1.YRes was successfully set.
10257514	[INFO]	XnProperty.cpp	74	Setting Image1.XRes to 640...
10257525	[INFO]	XnProperty.cpp	86	Image1.XRes value did not change.
10258542	[INFO]	XnUSBLinux-x86.cpp	1222	USB read thread was started.
10258592	[INFO]	XnProperty.cpp	151	Property Image1.ActualReadData was changed to 1.
10446096	[WARNING]	XnDepthProcessor.cpp	133	Read: Depth buffer is corrupt. Size is 546640 (!= 614400)
10446144	[WARNING]	XnFrameStreamProcessor.cpp	132	Depth frame is corrupt!
13350583	[WARNING]	XnDepthProcessor.cpp	133	Read: Depth buffer is corrupt. Size is 569456 (!= 614400)
13350630	[WARNING]	XnFrameStreamProcessor.cpp	132	Depth frame is corrupt!
13460135	[INFO]	XnProperty.cpp	151	Property Image1.State was changed to 1.
13460182	[INFO]	XnDeviceBase.cpp	370	Stream Image1 is open.
13460382	[INFO]	XnProperty.cpp	74	Setting Depth1.Registration to 1...
13482609	[WARNING]	XnDepthProcessor.cpp	133	Read: Depth buffer is corrupt. Size is 587776 (!= 614400)
13482656	[WARNING]	XnFrameStreamProcessor.cpp	132	Depth frame is corrupt!
13518579	[WARNING]	XnDepthProcessor.cpp	133	Read: Depth buffer is corrupt. Size is 592400 (!= 614400)
13518774	[WARNING]	XnFrameStreamProcessor.cpp	132	Depth frame is corrupt!
13614261	[INFO]	XnProperty.cpp	151	Property Depth1.Registration was changed to 1.
13614304	[INFO]	XnProperty.cpp	101	Depth1.Registration was successfully set.
13614351	[INFO]	XnProperty.cpp	74	Setting Image1.Mirror to 1...
13626593	[INFO]	XnProperty.cpp	151	Property Image1.FirmwareMirror was changed to 1.
13626684	[INFO]	XnProperty.cpp	151	Property Image1.Mirror was changed to 1.
13626705	[INFO]	XnProperty.cpp	101	Image1.Mirror was successfully set.
25448474	[INFO]	XnOpenNI.cpp	1459	Destroying node 'User1'
25456305	[INFO]	XnOpenNI.cpp	1459	Destroying node 'Depth1'
25456400	[INFO]	XnDeviceBase.cpp	1507	Destroying stream 'Depth1'...
25458297	[INFO]	XnOpenNI.cpp	1459	Destroying node 'Image1'
25458375	[INFO]	XnDeviceBase.cpp	1507	Destroying stream 'Image1'...
25459537	[INFO]	XnOpenNI.cpp	1459	Destroying node 'Device1'
