    2004	[INFO]	XnLog.cpp	165	OpenNI version is 1.0.0 (Build 25)-MacOSX (Jan  7 2011 14:20:18)
    2061	[INFO]	XnLog.cpp	173	Log system initialized. Console: 1, File: 1, Severity: INFO, Masks: ALL
    2095	[INFO]	XnLog.cpp	173	Log system initialized. Console: 1, File: 1, Severity: INFO, Masks: ALL
    3603	[INFO]	XnUSBLinux-x86.cpp	98	USB is initialized.
 2919757	[INFO]	XnOpenNI.cpp	1261	Creating node 'Device1' of type Device...
 2920759	[INFO]	XnDeviceModule.cpp	431	Module 'Device' configuration was loaded from file.
 3243202	[INFO]	XnDeviceSensorIO.cpp	135	Connected to USB device
 3243258	[INFO]	XnProperty.cpp	151	Property Device.USBPath was changed to 045e/02ae@253/8.
 3251033	[INFO]	XnHostProtocol.cpp	825	Hardware versions: FW=5.1.4 (7) HW=4 Chip=2 Sensor=4 SYS=7
 4660057	[INFO]	XnProperty.cpp	151	Property Device.ID was changed to 0.
 4660120	[INFO]	XnSensor.cpp	182	Device sensor initialized
 4660205	[INFO]	XnOpenNI.cpp	1261	Creating node 'Depth1' of type Depth...
 4660244	[INFO]	XnDeviceBase.cpp	1383	Creating stream 'Depth1' of type 'Depth'...
 4660262	[INFO]	XnProperty.cpp	74	Setting Device.ReadData to 1...
 4660293	[INFO]	XnDeviceSensorIO.cpp	298	Endpoints open
 4672627	[INFO]	XnProperty.cpp	151	Property Device.ReadData was changed to 1.
 4672673	[INFO]	XnProperty.cpp	101	Device.ReadData was successfully set.
 4673120	[INFO]	XnProperty.cpp	151	Property Depth1.Resolution was changed to 0.
 4673148	[INFO]	XnProperty.cpp	151	Property Depth1.XRes was changed to 320.
 4673167	[INFO]	XnProperty.cpp	151	Property Depth1.YRes was changed to 240.
 4673182	[INFO]	XnProperty.cpp	151	Property Depth1.FPS was changed to 30.
 4673195	[INFO]	XnProperty.cpp	151	Property Depth1.OutputFormat was changed to 1.
 4673207	[INFO]	XnProperty.cpp	151	Property Depth1.BytesPerPixel was changed to 2.
 4673219	[INFO]	XnProperty.cpp	151	Property Depth1.RequiredDataSize was changed to 153600.
 4673236	[INFO]	XnProperty.cpp	151	Property Depth1.ParamCoeff was changed to 4.
 4673297	[INFO]	XnProperty.cpp	151	Property Depth1.ShiftScale was changed to 10.
 4685583	[INFO]	XnProperty.cpp	151	Property Depth1.ConstShift was changed to 200.
 4685685	[INFO]	XnProperty.cpp	151	Property Depth1.ZPD was changed to 120.
 4685802	[INFO]	XnProperty.cpp	151	Property Depth1.ZPPS was changed to 0.104200.
 4685828	[INFO]	XnProperty.cpp	151	Property Depth1.LDDIS was changed to 7.500000.
 4685949	[INFO]	XnProperty.cpp	151	Property Depth1.Gain was changed to 30.
 4685996	[INFO]	XnDeviceBase.cpp	1458	Stream 'Depth1' was initialized.
 4686020	[INFO]	XnDeviceBase.cpp	1463	'Depth1' stream was created.
 4686241	[INFO]	XnProperty.cpp	74	Setting Depth1.InputFormat to 3...
 4686274	[INFO]	XnProperty.cpp	151	Property Depth1.InputFormat was changed to 3.
 4686296	[INFO]	XnProperty.cpp	101	Depth1.InputFormat was successfully set.
 4686990	[INFO]	XnProperty.cpp	74	Setting Depth1.RegistrationType to 2...
 4687020	[INFO]	XnProperty.cpp	151	Property Depth1.RegistrationType was changed to 2.
 4687040	[INFO]	XnProperty.cpp	101	Depth1.RegistrationType was successfully set.
 4687711	[INFO]	XnDeviceModule.cpp	431	Module 'Depth1' configuration was loaded from file.
 4687973	[INFO]	XnProperty.cpp	74	Setting Depth1.FPS to 30...
 4688001	[INFO]	XnProperty.cpp	86	Depth1.FPS value did not change.
 4688022	[INFO]	XnProperty.cpp	74	Setting Depth1.YRes to 480...
 4688042	[INFO]	XnProperty.cpp	151	Property Depth1.Resolution was changed to 1.
 4688060	[INFO]	XnProperty.cpp	151	Property Depth1.XRes was changed to 640.
 4688079	[INFO]	XnProperty.cpp	151	Property Depth1.RequiredDataSize was changed to 307200.
 4688103	[INFO]	XnProperty.cpp	151	Property Depth1.YRes was changed to 480.
 4688124	[INFO]	XnProperty.cpp	151	Property Depth1.RequiredDataSize was changed to 614400.
 4688145	[INFO]	XnProperty.cpp	101	Depth1.YRes was successfully set.
 4688165	[INFO]	XnProperty.cpp	74	Setting Depth1.XRes to 640...
 4688184	[INFO]	XnProperty.cpp	86	Depth1.XRes value did not change.
 4688250	[INFO]	XnProperty.cpp	74	Setting Depth1.Mirror to 1...
 4688275	[INFO]	XnProperty.cpp	151	Property Depth1.FirmwareMirror was changed to 1.
 4688338	[INFO]	XnProperty.cpp	151	Property Depth1.Mirror was changed to 1.
 4688360	[INFO]	XnProperty.cpp	101	Depth1.Mirror was successfully set.
 7184162	[INFO]	XnOpenNI.cpp	1261	Creating node 'User1' of type User...
 7207844	[WARNING]	Linux-x86Threads.cpp	173	Failed to set thread priority: Invalid argument
 7207891	[WARNING]	XnUSBLinux-x86.cpp	126	USB events thread: Failed to set thread priority to critical. This might cause loss of data...
 7208672	[INFO]	XnUSBLinux-x86.cpp	1222	USB read thread was started.
 7208698	[INFO]	XnProperty.cpp	151	Property Depth1.ActualReadData was changed to 1.
 7679049	[INFO]	XnProperty.cpp	151	Property Depth1.State was changed to 1.
 7679092	[INFO]	XnDeviceBase.cpp	370	Stream Depth1 is open.
10158717	[INFO]	XnOpenNI.cpp	1261	Creating node 'Image1' of type Image...
10158770	[INFO]	XnDeviceBase.cpp	1383	Creating stream 'Image1' of type 'Image'...
10158991	[INFO]	XnProperty.cpp	151	Property Image1.Resolution was changed to 0.
10159017	[INFO]	XnProperty.cpp	151	Property Image1.XRes was changed to 320.
10159036	[INFO]	XnProperty.cpp	151	Property Image1.YRes was changed to 240.
10159054	[INFO]	XnProperty.cpp	151	Property Image1.FPS was changed to 30.
10159071	[INFO]	XnProperty.cpp	151	Property Image1.OutputFormat was changed to 5.
10159087	[INFO]	XnProperty.cpp	151	Property Image1.BytesPerPixel was changed to 3.
10159103	[INFO]	XnProperty.cpp	151	Property Image1.RequiredDataSize was changed to 230400.
10159141	[INFO]	XnDeviceBase.cpp	1458	Stream 'Image1' was initialized.
10159158	[INFO]	XnDeviceBase.cpp	1463	'Image1' stream was created.
10159287	[INFO]	XnProperty.cpp	74	Setting Image1.InputFormat to 6...
10159312	[INFO]	XnProperty.cpp	151	Property Image1.InputFormat was changed to 6.
10159328	[INFO]	XnProperty.cpp	101	Image1.InputFormat was successfully set.
10159892	[INFO]	XnDeviceModule.cpp	431	Module 'Image1' configuration was loaded from file.
10160001	[INFO]	XnProperty.cpp	74	Setting Image1.FPS to 30...
10160020	[INFO]	XnProperty.cpp	86	Image1.FPS value did not change.
10160035	[INFO]	XnProperty.cpp	74	Setting Image1.YRes to 480...
10160051	[INFO]	XnProperty.cpp	151	Property Image1.Resolution was changed to 1.
10160067	[INFO]	XnProperty.cpp	151	Property Image1.XRes was changed to 640.
10160082	[INFO]	XnProperty.cpp	151	Property Image1.RequiredDataSize was changed to 460800.
10160099	[INFO]	XnProperty.cpp	151	Property Image1.YRes was changed to 480.
10160115	[INFO]	XnProperty.cpp	151	Property Image1.RequiredDataSize was changed to 921600.
10160131	[INFO]	XnProperty.cpp	101	Image1.YRes was successfully set.
10160146	[INFO]	XnProperty.cpp	74	Setting Image1.XRes to 640...
10160160	[INFO]	XnProperty.cpp	86	Image1.XRes value did not change.
10161227	[INFO]	XnUSBLinux-x86.cpp	1222	USB read thread was started.
10161267	[INFO]	XnProperty.cpp	151	Property Image1.ActualReadData was changed to 1.
10212757	[WARNING]	XnDepthProcessor.cpp	133	Read: Depth buffer is corrupt. Size is 594832 (!= 614400)
10212809	[WARNING]	XnFrameStreamProcessor.cpp	132	Depth frame is corrupt!
10344790	[WARNING]	XnDepthProcessor.cpp	133	Read: Depth buffer is corrupt. Size is 513168 (!= 614400)
10344845	[WARNING]	XnFrameStreamProcessor.cpp	132	Depth frame is corrupt!
10380790	[WARNING]	XnDepthProcessor.cpp	133	Read: Depth buffer is corrupt. Size is 593536 (!= 614400)
10380846	[WARNING]	XnFrameStreamProcessor.cpp	132	Depth frame is corrupt!
13249277	[WARNING]	XnDepthProcessor.cpp	133	Read: Depth buffer is corrupt. Size is 594192 (!= 614400)
13249328	[WARNING]	XnFrameStreamProcessor.cpp	132	Depth frame is corrupt!
13364268	[INFO]	XnProperty.cpp	151	Property Image1.State was changed to 1.
13364312	[INFO]	XnDeviceBase.cpp	370	Stream Image1 is open.
13364504	[INFO]	XnProperty.cpp	74	Setting Depth1.Registration to 1...
13381390	[WARNING]	XnDepthProcessor.cpp	133	Read: Depth buffer is corrupt. Size is 587408 (!= 614400)
13381442	[WARNING]	XnFrameStreamProcessor.cpp	132	Depth frame is corrupt!
13417319	[WARNING]	XnDepthProcessor.cpp	133	Read: Depth buffer is corrupt. Size is 590080 (!= 614400)
13417399	[WARNING]	XnFrameStreamProcessor.cpp	132	Depth frame is corrupt!
13516857	[INFO]	XnProperty.cpp	151	Property Depth1.Registration was changed to 1.
13516901	[INFO]	XnProperty.cpp	101	Depth1.Registration was successfully set.
13516949	[INFO]	XnProperty.cpp	74	Setting Image1.Mirror to 1...
13529152	[INFO]	XnProperty.cpp	151	Property Image1.FirmwareMirror was changed to 1.
13529213	[INFO]	XnProperty.cpp	151	Property Image1.Mirror was changed to 1.
13529232	[INFO]	XnProperty.cpp	101	Image1.Mirror was successfully set.
31644017	[INFO]	XnOpenNI.cpp	1459	Destroying node 'User1'
31651917	[INFO]	XnOpenNI.cpp	1459	Destroying node 'Depth1'
31652010	[INFO]	XnDeviceBase.cpp	1507	Destroying stream 'Depth1'...
31653822	[INFO]	XnOpenNI.cpp	1459	Destroying node 'Image1'
31653896	[INFO]	XnDeviceBase.cpp	1507	Destroying stream 'Image1'...
31654806	[INFO]	XnOpenNI.cpp	1459	Destroying node 'Device1'
