    1713	[INFO]	XnLog.cpp	165	OpenNI version is 1.0.0 (Build 25)-MacOSX (Jan  7 2011 14:20:18)
    1772	[INFO]	XnLog.cpp	173	Log system initialized. Console: 1, File: 1, Severity: INFO, Masks: ALL
    1804	[INFO]	XnLog.cpp	173	Log system initialized. Console: 1, File: 1, Severity: INFO, Masks: ALL
    3198	[INFO]	XnUSBLinux-x86.cpp	98	USB is initialized.
 4509065	[INFO]	XnOpenNI.cpp	1261	Creating node 'Device1' of type Device...
 4510358	[INFO]	XnDeviceModule.cpp	431	Module 'Device' configuration was loaded from file.
 5180285	[INFO]	XnDeviceSensorIO.cpp	135	Connected to USB device
 5180337	[INFO]	XnProperty.cpp	151	Property Device.USBPath was changed to 045e/02ae@250/10.
 5187578	[INFO]	XnHostProtocol.cpp	825	Hardware versions: FW=5.1.4 (7) HW=4 Chip=2 Sensor=4 SYS=7
 6599226	[INFO]	XnProperty.cpp	151	Property Device.ID was changed to 0.
 6599326	[INFO]	XnSensor.cpp	182	Device sensor initialized
 6599501	[INFO]	XnOpenNI.cpp	1261	Creating node 'Depth1' of type Depth...
 6599588	[INFO]	XnDeviceBase.cpp	1383	Creating stream 'Depth1' of type 'Depth'...
 6599632	[INFO]	XnProperty.cpp	74	Setting Device.ReadData to 1...
 6599709	[INFO]	XnDeviceSensorIO.cpp	298	Endpoints open
 6612218	[INFO]	XnProperty.cpp	151	Property Device.ReadData was changed to 1.
 6612273	[INFO]	XnProperty.cpp	101	Device.ReadData was successfully set.
 6612721	[INFO]	XnProperty.cpp	151	Property Depth1.Resolution was changed to 0.
 6612750	[INFO]	XnProperty.cpp	151	Property Depth1.XRes was changed to 320.
 6612777	[INFO]	XnProperty.cpp	151	Property Depth1.YRes was changed to 240.
 6612800	[INFO]	XnProperty.cpp	151	Property Depth1.FPS was changed to 30.
 6612822	[INFO]	XnProperty.cpp	151	Property Depth1.OutputFormat was changed to 1.
 6612846	[INFO]	XnProperty.cpp	151	Property Depth1.BytesPerPixel was changed to 2.
 6612871	[INFO]	XnProperty.cpp	151	Property Depth1.RequiredDataSize was changed to 153600.
 6612904	[INFO]	XnProperty.cpp	151	Property Depth1.ParamCoeff was changed to 4.
 6613000	[INFO]	XnProperty.cpp	151	Property Depth1.ShiftScale was changed to 10.
 6625628	[INFO]	XnProperty.cpp	151	Property Depth1.ConstShift was changed to 200.
 6625731	[INFO]	XnProperty.cpp	151	Property Depth1.ZPD was changed to 120.
 6625833	[INFO]	XnProperty.cpp	151	Property Depth1.ZPPS was changed to 0.104200.
 6625847	[INFO]	XnProperty.cpp	151	Property Depth1.LDDIS was changed to 7.500000.
 6625941	[INFO]	XnProperty.cpp	151	Property Depth1.Gain was changed to 30.
 6625975	[INFO]	XnDeviceBase.cpp	1458	Stream 'Depth1' was initialized.
 6625992	[INFO]	XnDeviceBase.cpp	1463	'Depth1' stream was created.
 6626156	[INFO]	XnProperty.cpp	74	Setting Depth1.InputFormat to 3...
 6626179	[INFO]	XnProperty.cpp	151	Property Depth1.InputFormat was changed to 3.
 6626192	[INFO]	XnProperty.cpp	101	Depth1.InputFormat was successfully set.
 6626625	[INFO]	XnProperty.cpp	74	Setting Depth1.RegistrationType to 2...
 6626640	[INFO]	XnProperty.cpp	151	Property Depth1.RegistrationType was changed to 2.
 6626651	[INFO]	XnProperty.cpp	101	Depth1.RegistrationType was successfully set.
 6627169	[INFO]	XnDeviceModule.cpp	431	Module 'Depth1' configuration was loaded from file.
 6627364	[INFO]	XnProperty.cpp	74	Setting Depth1.FPS to 30...
 6627382	[INFO]	XnProperty.cpp	86	Depth1.FPS value did not change.
 6627394	[INFO]	XnProperty.cpp	74	Setting Depth1.YRes to 480...
 6627409	[INFO]	XnProperty.cpp	151	Property Depth1.Resolution was changed to 1.
 6627422	[INFO]	XnProperty.cpp	151	Property Depth1.XRes was changed to 640.
 6627435	[INFO]	XnProperty.cpp	151	Property Depth1.RequiredDataSize was changed to 307200.
 6627450	[INFO]	XnProperty.cpp	151	Property Depth1.YRes was changed to 480.
 6627462	[INFO]	XnProperty.cpp	151	Property Depth1.RequiredDataSize was changed to 614400.
 6627476	[INFO]	XnProperty.cpp	101	Depth1.YRes was successfully set.
 6627488	[INFO]	XnProperty.cpp	74	Setting Depth1.XRes to 640...
 6627499	[INFO]	XnProperty.cpp	86	Depth1.XRes value did not change.
 6627543	[INFO]	XnProperty.cpp	74	Setting Depth1.Mirror to 1...
 6627558	[INFO]	XnProperty.cpp	151	Property Depth1.FirmwareMirror was changed to 1.
 6627610	[INFO]	XnProperty.cpp	151	Property Depth1.Mirror was changed to 1.
 6627622	[INFO]	XnProperty.cpp	101	Depth1.Mirror was successfully set.
12344716	[INFO]	XnOpenNI.cpp	1261	Creating node 'User1' of type User...
12367784	[WARNING]	Linux-x86Threads.cpp	173	Failed to set thread priority: Invalid argument
12367828	[WARNING]	XnUSBLinux-x86.cpp	126	USB events thread: Failed to set thread priority to critical. This might cause loss of data...
12368623	[INFO]	XnUSBLinux-x86.cpp	1222	USB read thread was started.
12368648	[INFO]	XnProperty.cpp	151	Property Depth1.ActualReadData was changed to 1.
12839429	[INFO]	XnProperty.cpp	151	Property Depth1.State was changed to 1.
12839480	[INFO]	XnDeviceBase.cpp	370	Stream Depth1 is open.
18086570	[INFO]	XnOpenNI.cpp	1261	Creating node 'Image1' of type Image...
18086624	[INFO]	XnDeviceBase.cpp	1383	Creating stream 'Image1' of type 'Image'...
18086858	[INFO]	XnProperty.cpp	151	Property Image1.Resolution was changed to 0.
18086884	[INFO]	XnProperty.cpp	151	Property Image1.XRes was changed to 320.
18086903	[INFO]	XnProperty.cpp	151	Property Image1.YRes was changed to 240.
18086921	[INFO]	XnProperty.cpp	151	Property Image1.FPS was changed to 30.
18086939	[INFO]	XnProperty.cpp	151	Property Image1.OutputFormat was changed to 5.
18086956	[INFO]	XnProperty.cpp	151	Property Image1.BytesPerPixel was changed to 3.
18086975	[INFO]	XnProperty.cpp	151	Property Image1.RequiredDataSize was changed to 230400.
18087016	[INFO]	XnDeviceBase.cpp	1458	Stream 'Image1' was initialized.
18087037	[INFO]	XnDeviceBase.cpp	1463	'Image1' stream was created.
18087170	[INFO]	XnProperty.cpp	74	Setting Image1.InputFormat to 6...
18087201	[INFO]	XnProperty.cpp	151	Property Image1.InputFormat was changed to 6.
18087220	[INFO]	XnProperty.cpp	101	Image1.InputFormat was successfully set.
18087839	[INFO]	XnDeviceModule.cpp	431	Module 'Image1' configuration was loaded from file.
18087964	[INFO]	XnProperty.cpp	74	Setting Image1.FPS to 30...
18087987	[INFO]	XnProperty.cpp	86	Image1.FPS value did not change.
18088005	[INFO]	XnProperty.cpp	74	Setting Image1.YRes to 480...
18088022	[INFO]	XnProperty.cpp	151	Property Image1.Resolution was changed to 1.
18088038	[INFO]	XnProperty.cpp	151	Property Image1.XRes was changed to 640.
18088057	[INFO]	XnProperty.cpp	151	Property Image1.RequiredDataSize was changed to 460800.
18088080	[INFO]	XnProperty.cpp	151	Property Image1.YRes was changed to 480.
18088100	[INFO]	XnProperty.cpp	151	Property Image1.RequiredDataSize was changed to 921600.
18088121	[INFO]	XnProperty.cpp	101	Image1.YRes was successfully set.
18088141	[INFO]	XnProperty.cpp	74	Setting Image1.XRes to 640...
18088159	[INFO]	XnProperty.cpp	86	Image1.XRes value did not change.
18089195	[INFO]	XnUSBLinux-x86.cpp	1222	USB read thread was started.
18089246	[INFO]	XnProperty.cpp	151	Property Image1.ActualReadData was changed to 1.
18141731	[WARNING]	XnDepthProcessor.cpp	133	Read: Depth buffer is corrupt. Size is 600288 (!= 614400)
18141775	[WARNING]	XnFrameStreamProcessor.cpp	132	Depth frame is corrupt!
18277691	[WARNING]	XnDepthProcessor.cpp	133	Read: Depth buffer is corrupt. Size is 551776 (!= 614400)
18277738	[WARNING]	XnFrameStreamProcessor.cpp	132	Depth frame is corrupt!
21178261	[WARNING]	XnDepthProcessor.cpp	133	Read: Depth buffer is corrupt. Size is 569232 (!= 614400)
21178309	[WARNING]	XnFrameStreamProcessor.cpp	132	Depth frame is corrupt!
21291030	[INFO]	XnProperty.cpp	151	Property Image1.State was changed to 1.
21291082	[INFO]	XnDeviceBase.cpp	370	Stream Image1 is open.
21291292	[INFO]	XnProperty.cpp	74	Setting Depth1.Registration to 1...
21314146	[WARNING]	XnDepthProcessor.cpp	133	Read: Depth buffer is corrupt. Size is 590544 (!= 614400)
21314194	[WARNING]	XnFrameStreamProcessor.cpp	132	Depth frame is corrupt!
21346229	[WARNING]	XnDepthProcessor.cpp	133	Read: Depth buffer is corrupt. Size is 588496 (!= 614400)
21346277	[WARNING]	XnFrameStreamProcessor.cpp	132	Depth frame is corrupt!
21442562	[INFO]	XnProperty.cpp	151	Property Depth1.Registration was changed to 1.
21442615	[INFO]	XnProperty.cpp	101	Depth1.Registration was successfully set.
21442719	[INFO]	XnProperty.cpp	74	Setting Image1.Mirror to 1...
21455170	[INFO]	XnProperty.cpp	151	Property Image1.FirmwareMirror was changed to 1.
21455212	[INFO]	XnProperty.cpp	151	Property Image1.Mirror was changed to 1.
21455229	[INFO]	XnProperty.cpp	101	Image1.Mirror was successfully set.
52940511	[INFO]	XnOpenNI.cpp	1459	Destroying node 'User1'
52948404	[INFO]	XnOpenNI.cpp	1459	Destroying node 'Depth1'
52948492	[INFO]	XnDeviceBase.cpp	1507	Destroying stream 'Depth1'...
52949708	[INFO]	XnOpenNI.cpp	1459	Destroying node 'Image1'
52949773	[INFO]	XnDeviceBase.cpp	1507	Destroying stream 'Image1'...
52950657	[INFO]	XnOpenNI.cpp	1459	Destroying node 'Device1'
