    1592	[INFO]	XnLog.cpp	165	OpenNI version is 1.0.0 (Build 25)-MacOSX (Jan  7 2011 14:20:18)
    1636	[INFO]	XnLog.cpp	173	Log system initialized. Console: 1, File: 1, Severity: INFO, Masks: ALL
    1659	[INFO]	XnLog.cpp	173	Log system initialized. Console: 1, File: 1, Severity: INFO, Masks: ALL
    2777	[INFO]	XnUSBLinux-x86.cpp	98	USB is initialized.
 2933528	[INFO]	XnOpenNI.cpp	1261	Creating node 'Device1' of type Device...
 2934923	[INFO]	XnDeviceModule.cpp	431	Module 'Device' configuration was loaded from file.
 3258630	[INFO]	XnDeviceSensorIO.cpp	135	Connected to USB device
 3258688	[INFO]	XnProperty.cpp	151	Property Device.USBPath was changed to 045e/02ae@253/8.
 3267253	[INFO]	XnHostProtocol.cpp	825	Hardware versions: FW=5.1.4 (7) HW=4 Chip=2 Sensor=4 SYS=7
 4677679	[INFO]	XnProperty.cpp	151	Property Device.ID was changed to 0.
 4677775	[INFO]	XnSensor.cpp	182	Device sensor initialized
 4677940	[INFO]	XnOpenNI.cpp	1261	Creating node 'Depth1' of type Depth...
 4678027	[INFO]	XnDeviceBase.cpp	1383	Creating stream 'Depth1' of type 'Depth'...
 4678075	[INFO]	XnProperty.cpp	74	Setting Device.ReadData to 1...
 4678150	[INFO]	XnDeviceSensorIO.cpp	298	Endpoints open
 4690677	[INFO]	XnProperty.cpp	151	Property Device.ReadData was changed to 1.
 4690729	[INFO]	XnProperty.cpp	101	Device.ReadData was successfully set.
 4691189	[INFO]	XnProperty.cpp	151	Property Depth1.Resolution was changed to 0.
 4691215	[INFO]	XnProperty.cpp	151	Property Depth1.XRes was changed to 320.
 4691232	[INFO]	XnProperty.cpp	151	Property Depth1.YRes was changed to 240.
 4691248	[INFO]	XnProperty.cpp	151	Property Depth1.FPS was changed to 30.
 4691263	[INFO]	XnProperty.cpp	151	Property Depth1.OutputFormat was changed to 1.
 4691279	[INFO]	XnProperty.cpp	151	Property Depth1.BytesPerPixel was changed to 2.
 4691302	[INFO]	XnProperty.cpp	151	Property Depth1.RequiredDataSize was changed to 153600.
 4691332	[INFO]	XnProperty.cpp	151	Property Depth1.ParamCoeff was changed to 4.
 4691418	[INFO]	XnProperty.cpp	151	Property Depth1.ShiftScale was changed to 10.
 4703928	[INFO]	XnProperty.cpp	151	Property Depth1.ConstShift was changed to 200.
 4704039	[INFO]	XnProperty.cpp	151	Property Depth1.ZPD was changed to 120.
 4704168	[INFO]	XnProperty.cpp	151	Property Depth1.ZPPS was changed to 0.104200.
 4704193	[INFO]	XnProperty.cpp	151	Property Depth1.LDDIS was changed to 7.500000.
 4704343	[INFO]	XnProperty.cpp	151	Property Depth1.Gain was changed to 30.
 4704386	[INFO]	XnDeviceBase.cpp	1458	Stream 'Depth1' was initialized.
 4704405	[INFO]	XnDeviceBase.cpp	1463	'Depth1' stream was created.
 4704606	[INFO]	XnProperty.cpp	74	Setting Depth1.InputFormat to 3...
 4704633	[INFO]	XnProperty.cpp	151	Property Depth1.InputFormat was changed to 3.
 4704650	[INFO]	XnProperty.cpp	101	Depth1.InputFormat was successfully set.
 4705236	[INFO]	XnProperty.cpp	74	Setting Depth1.RegistrationType to 2...
 4705260	[INFO]	XnProperty.cpp	151	Property Depth1.RegistrationType was changed to 2.
 4705276	[INFO]	XnProperty.cpp	101	Depth1.RegistrationType was successfully set.
 4705895	[INFO]	XnDeviceModule.cpp	431	Module 'Depth1' configuration was loaded from file.
 4706113	[INFO]	XnProperty.cpp	74	Setting Depth1.FPS to 30...
 4706135	[INFO]	XnProperty.cpp	86	Depth1.FPS value did not change.
 4706151	[INFO]	XnProperty.cpp	74	Setting Depth1.YRes to 480...
 4706170	[INFO]	XnProperty.cpp	151	Property Depth1.Resolution was changed to 1.
 4706188	[INFO]	XnProperty.cpp	151	Property Depth1.XRes was changed to 640.
 4706205	[INFO]	XnProperty.cpp	151	Property Depth1.RequiredDataSize was changed to 307200.
 4706225	[INFO]	XnProperty.cpp	151	Property Depth1.YRes was changed to 480.
 4706241	[INFO]	XnProperty.cpp	151	Property Depth1.RequiredDataSize was changed to 614400.
 4706258	[INFO]	XnProperty.cpp	101	Depth1.YRes was successfully set.
 4706275	[INFO]	XnProperty.cpp	74	Setting Depth1.XRes to 640...
 4706290	[INFO]	XnProperty.cpp	86	Depth1.XRes value did not change.
 4706345	[INFO]	XnProperty.cpp	74	Setting Depth1.Mirror to 1...
 4706364	[INFO]	XnProperty.cpp	151	Property Depth1.FirmwareMirror was changed to 1.
 4706415	[INFO]	XnProperty.cpp	151	Property Depth1.Mirror was changed to 1.
 4706431	[INFO]	XnProperty.cpp	101	Depth1.Mirror was successfully set.
 7216556	[INFO]	XnOpenNI.cpp	1261	Creating node 'User1' of type User...
 7244351	[WARNING]	Linux-x86Threads.cpp	173	Failed to set thread priority: Invalid argument
 7244399	[WARNING]	XnUSBLinux-x86.cpp	126	USB events thread: Failed to set thread priority to critical. This might cause loss of data...
 7245168	[INFO]	XnUSBLinux-x86.cpp	1222	USB read thread was started.
 7245192	[INFO]	XnProperty.cpp	151	Property Depth1.ActualReadData was changed to 1.
 7715737	[INFO]	XnProperty.cpp	151	Property Depth1.State was changed to 1.
 7715789	[INFO]	XnDeviceBase.cpp	370	Stream Depth1 is open.
10187397	[INFO]	XnOpenNI.cpp	1261	Creating node 'Image1' of type Image...
10187448	[INFO]	XnDeviceBase.cpp	1383	Creating stream 'Image1' of type 'Image'...
10187628	[INFO]	XnProperty.cpp	151	Property Image1.Resolution was changed to 0.
10187647	[INFO]	XnProperty.cpp	151	Property Image1.XRes was changed to 320.
10187660	[INFO]	XnProperty.cpp	151	Property Image1.YRes was changed to 240.
10187672	[INFO]	XnProperty.cpp	151	Property Image1.FPS was changed to 30.
10187683	[INFO]	XnProperty.cpp	151	Property Image1.OutputFormat was changed to 5.
10187695	[INFO]	XnProperty.cpp	151	Property Image1.BytesPerPixel was changed to 3.
10187708	[INFO]	XnProperty.cpp	151	Property Image1.RequiredDataSize was changed to 230400.
10187736	[INFO]	XnDeviceBase.cpp	1458	Stream 'Image1' was initialized.
10187750	[INFO]	XnDeviceBase.cpp	1463	'Image1' stream was created.
10187855	[INFO]	XnProperty.cpp	74	Setting Image1.InputFormat to 6...
10187876	[INFO]	XnProperty.cpp	151	Property Image1.InputFormat was changed to 6.
10187889	[INFO]	XnProperty.cpp	101	Image1.InputFormat was successfully set.
10188309	[INFO]	XnDeviceModule.cpp	431	Module 'Image1' configuration was loaded from file.
10188397	[INFO]	XnProperty.cpp	74	Setting Image1.FPS to 30...
10188413	[INFO]	XnProperty.cpp	86	Image1.FPS value did not change.
10188426	[INFO]	XnProperty.cpp	74	Setting Image1.YRes to 480...
10188440	[INFO]	XnProperty.cpp	151	Property Image1.Resolution was changed to 1.
10188452	[INFO]	XnProperty.cpp	151	Property Image1.XRes was changed to 640.
10188464	[INFO]	XnProperty.cpp	151	Property Image1.RequiredDataSize was changed to 460800.
10188484	[INFO]	XnProperty.cpp	151	Property Image1.YRes was changed to 480.
10188499	[INFO]	XnProperty.cpp	151	Property Image1.RequiredDataSize was changed to 921600.
10188518	[INFO]	XnProperty.cpp	101	Image1.YRes was successfully set.
10188537	[INFO]	XnProperty.cpp	74	Setting Image1.XRes to 640...
10188550	[INFO]	XnProperty.cpp	86	Image1.XRes value did not change.
10189530	[INFO]	XnUSBLinux-x86.cpp	1222	USB read thread was started.
10189577	[INFO]	XnProperty.cpp	151	Property Image1.ActualReadData was changed to 1.
10345232	[WARNING]	XnFirmwareStreams.cpp	324	Unknown packet type (0x4948)!!!
10353295	[WARNING]	XnFrameStreamProcessor.cpp	140	Depth Frame Buffer overflow! current size: 612768
10353340	[WARNING]	XnFrameStreamProcessor.cpp	132	Depth frame is corrupt!
10381323	[WARNING]	XnDepthProcessor.cpp	133	Read: Depth buffer is corrupt. Size is 612768 (!= 614400)
13285796	[WARNING]	XnDepthProcessor.cpp	133	Read: Depth buffer is corrupt. Size is 593216 (!= 614400)
13285847	[WARNING]	XnFrameStreamProcessor.cpp	132	Depth frame is corrupt!
13390707	[INFO]	XnProperty.cpp	151	Property Image1.State was changed to 1.
13390757	[INFO]	XnDeviceBase.cpp	370	Stream Image1 is open.
13390930	[INFO]	XnProperty.cpp	74	Setting Depth1.Registration to 1...
13418008	[WARNING]	XnDepthProcessor.cpp	133	Read: Depth buffer is corrupt. Size is 586384 (!= 614400)
13418057	[WARNING]	XnFrameStreamProcessor.cpp	132	Depth frame is corrupt!
13542511	[INFO]	XnProperty.cpp	151	Property Depth1.Registration was changed to 1.
13542554	[INFO]	XnProperty.cpp	101	Depth1.Registration was successfully set.
13542601	[INFO]	XnProperty.cpp	74	Setting Image1.Mirror to 1...
13555399	[INFO]	XnProperty.cpp	151	Property Image1.FirmwareMirror was changed to 1.
13555473	[INFO]	XnProperty.cpp	151	Property Image1.Mirror was changed to 1.
13555486	[INFO]	XnProperty.cpp	101	Image1.Mirror was successfully set.
43411833	[INFO]	XnOpenNI.cpp	1459	Destroying node 'User1'
43420351	[INFO]	XnOpenNI.cpp	1459	Destroying node 'Depth1'
43420441	[INFO]	XnDeviceBase.cpp	1507	Destroying stream 'Depth1'...
43421953	[INFO]	XnOpenNI.cpp	1459	Destroying node 'Image1'
43422030	[INFO]	XnDeviceBase.cpp	1507	Destroying stream 'Image1'...
43423066	[INFO]	XnOpenNI.cpp	1459	Destroying node 'Device1'
