    1589	[INFO]	XnLog.cpp	165	OpenNI version is 1.0.0 (Build 25)-MacOSX (Jan  7 2011 14:20:18)
    1633	[INFO]	XnLog.cpp	173	Log system initialized. Console: 1, File: 1, Severity: INFO, Masks: ALL
    1657	[INFO]	XnLog.cpp	173	Log system initialized. Console: 1, File: 1, Severity: INFO, Masks: ALL
    2751	[INFO]	XnUSBLinux-x86.cpp	98	USB is initialized.
 2911735	[INFO]	XnOpenNI.cpp	1261	Creating node 'Device1' of type Device...
 2912797	[INFO]	XnDeviceModule.cpp	431	Module 'Device' configuration was loaded from file.
 3244640	[INFO]	XnDeviceSensorIO.cpp	135	Connected to USB device
 3244695	[INFO]	XnProperty.cpp	151	Property Device.USBPath was changed to 045e/02ae@250/10.
 3252420	[INFO]	XnHostProtocol.cpp	825	Hardware versions: FW=5.1.4 (7) HW=4 Chip=2 Sensor=4 SYS=7
 4662978	[INFO]	XnProperty.cpp	151	Property Device.ID was changed to 0.
 4663040	[INFO]	XnSensor.cpp	182	Device sensor initialized
 4663143	[INFO]	XnOpenNI.cpp	1261	Creating node 'Depth1' of type Depth...
 4663205	[INFO]	XnDeviceBase.cpp	1383	Creating stream 'Depth1' of type 'Depth'...
 4663239	[INFO]	XnProperty.cpp	74	Setting Device.ReadData to 1...
 4663291	[INFO]	XnDeviceSensorIO.cpp	298	Endpoints open
 4675645	[INFO]	XnProperty.cpp	151	Property Device.ReadData was changed to 1.
 4675692	[INFO]	XnProperty.cpp	101	Device.ReadData was successfully set.
 4676166	[INFO]	XnProperty.cpp	151	Property Depth1.Resolution was changed to 0.
 4676205	[INFO]	XnProperty.cpp	151	Property Depth1.XRes was changed to 320.
 4676230	[INFO]	XnProperty.cpp	151	Property Depth1.YRes was changed to 240.
 4676250	[INFO]	XnProperty.cpp	151	Property Depth1.FPS was changed to 30.
 4676271	[INFO]	XnProperty.cpp	151	Property Depth1.OutputFormat was changed to 1.
 4676293	[INFO]	XnProperty.cpp	151	Property Depth1.BytesPerPixel was changed to 2.
 4676316	[INFO]	XnProperty.cpp	151	Property Depth1.RequiredDataSize was changed to 153600.
 4676355	[INFO]	XnProperty.cpp	151	Property Depth1.ParamCoeff was changed to 4.
 4676440	[INFO]	XnProperty.cpp	151	Property Depth1.ShiftScale was changed to 10.
 4688773	[INFO]	XnProperty.cpp	151	Property Depth1.ConstShift was changed to 200.
 4688870	[INFO]	XnProperty.cpp	151	Property Depth1.ZPD was changed to 120.
 4688973	[INFO]	XnProperty.cpp	151	Property Depth1.ZPPS was changed to 0.104200.
 4688987	[INFO]	XnProperty.cpp	151	Property Depth1.LDDIS was changed to 7.500000.
 4689075	[INFO]	XnProperty.cpp	151	Property Depth1.Gain was changed to 30.
 4689107	[INFO]	XnDeviceBase.cpp	1458	Stream 'Depth1' was initialized.
 4689122	[INFO]	XnDeviceBase.cpp	1463	'Depth1' stream was created.
 4689290	[INFO]	XnProperty.cpp	74	Setting Depth1.InputFormat to 3...
 4689311	[INFO]	XnProperty.cpp	151	Property Depth1.InputFormat was changed to 3.
 4689326	[INFO]	XnProperty.cpp	101	Depth1.InputFormat was successfully set.
 4689801	[INFO]	XnProperty.cpp	74	Setting Depth1.RegistrationType to 2...
 4689817	[INFO]	XnProperty.cpp	151	Property Depth1.RegistrationType was changed to 2.
 4689828	[INFO]	XnProperty.cpp	101	Depth1.RegistrationType was successfully set.
 4690286	[INFO]	XnDeviceModule.cpp	431	Module 'Depth1' configuration was loaded from file.
 4690454	[INFO]	XnProperty.cpp	74	Setting Depth1.FPS to 30...
 4690474	[INFO]	XnProperty.cpp	101	Depth1.FPS was successfully set.
 4690486	[INFO]	XnProperty.cpp	74	Setting Depth1.YRes to 480...
 4690500	[INFO]	XnProperty.cpp	151	Property Depth1.Resolution was changed to 1.
 4690513	[INFO]	XnProperty.cpp	151	Property Depth1.XRes was changed to 640.
 4690526	[INFO]	XnProperty.cpp	151	Property Depth1.RequiredDataSize was changed to 307200.
 4690540	[INFO]	XnProperty.cpp	151	Property Depth1.YRes was changed to 480.
 4690552	[INFO]	XnProperty.cpp	151	Property Depth1.RequiredDataSize was changed to 614400.
 4690565	[INFO]	XnProperty.cpp	101	Depth1.YRes was successfully set.
 4690577	[INFO]	XnProperty.cpp	74	Setting Depth1.XRes to 640...
 4690588	[INFO]	XnProperty.cpp	86	Depth1.XRes value did not change.
 4690631	[INFO]	XnProperty.cpp	74	Setting Depth1.Mirror to 1...
 4690646	[INFO]	XnProperty.cpp	151	Property Depth1.FirmwareMirror was changed to 1.
 4690696	[INFO]	XnProperty.cpp	151	Property Depth1.Mirror was changed to 1.
 4690715	[INFO]	XnProperty.cpp	101	Depth1.Mirror was successfully set.
 6974605	[INFO]	XnOpenNI.cpp	1261	Creating node 'User1' of type User...
 6999848	[WARNING]	Linux-x86Threads.cpp	173	Failed to set thread priority: Invalid argument
 6999896	[WARNING]	XnUSBLinux-x86.cpp	126	USB events thread: Failed to set thread priority to critical. This might cause loss of data...
 7000680	[INFO]	XnUSBLinux-x86.cpp	1222	USB read thread was started.
 7000706	[INFO]	XnProperty.cpp	151	Property Depth1.ActualReadData was changed to 1.
 7471975	[INFO]	XnProperty.cpp	151	Property Depth1.State was changed to 1.
 7472018	[INFO]	XnDeviceBase.cpp	370	Stream Depth1 is open.
 9081067	[INFO]	XnOpenNI.cpp	1261	Creating node 'Image1' of type Image...
 9081124	[INFO]	XnDeviceBase.cpp	1383	Creating stream 'Image1' of type 'Image'...
 9081334	[INFO]	XnProperty.cpp	151	Property Image1.Resolution was changed to 0.
 9081358	[INFO]	XnProperty.cpp	151	Property Image1.XRes was changed to 320.
 9081379	[INFO]	XnProperty.cpp	151	Property Image1.YRes was changed to 240.
 9081398	[INFO]	XnProperty.cpp	151	Property Image1.FPS was changed to 30.
 9081414	[INFO]	XnProperty.cpp	151	Property Image1.OutputFormat was changed to 5.
 9081429	[INFO]	XnProperty.cpp	151	Property Image1.BytesPerPixel was changed to 3.
 9081444	[INFO]	XnProperty.cpp	151	Property Image1.RequiredDataSize was changed to 230400.
 9081484	[INFO]	XnDeviceBase.cpp	1458	Stream 'Image1' was initialized.
 9081502	[INFO]	XnDeviceBase.cpp	1463	'Image1' stream was created.
 9081630	[INFO]	XnProperty.cpp	74	Setting Image1.InputFormat to 6...
 9081656	[INFO]	XnProperty.cpp	151	Property Image1.InputFormat was changed to 6.
 9081673	[INFO]	XnProperty.cpp	101	Image1.InputFormat was successfully set.
 9082238	[INFO]	XnDeviceModule.cpp	431	Module 'Image1' configuration was loaded from file.
 9082343	[INFO]	XnProperty.cpp	74	Setting Image1.FPS to 30...
 9082364	[INFO]	XnProperty.cpp	86	Image1.FPS value did not change.
 9082378	[INFO]	XnProperty.cpp	74	Setting Image1.YRes to 480...
 9082394	[INFO]	XnProperty.cpp	151	Property Image1.Resolution was changed to 1.
 9082410	[INFO]	XnProperty.cpp	151	Property Image1.XRes was changed to 640.
 9082426	[INFO]	XnProperty.cpp	151	Property Image1.RequiredDataSize was changed to 460800.
 9082444	[INFO]	XnProperty.cpp	151	Property Image1.YRes was changed to 480.
 9082460	[INFO]	XnProperty.cpp	151	Property Image1.RequiredDataSize was changed to 921600.
 9082477	[INFO]	XnProperty.cpp	101	Image1.YRes was successfully set.
 9082493	[INFO]	XnProperty.cpp	74	Setting Image1.XRes to 640...
 9082508	[INFO]	XnProperty.cpp	86	Image1.XRes value did not change.
 9083524	[INFO]	XnUSBLinux-x86.cpp	1222	USB read thread was started.
 9083555	[INFO]	XnProperty.cpp	151	Property Image1.ActualReadData was changed to 1.
 9136819	[WARNING]	XnDepthProcessor.cpp	133	Read: Depth buffer is corrupt. Size is 595168 (!= 614400)
 9136865	[WARNING]	XnFrameStreamProcessor.cpp	132	Depth frame is corrupt!
 9268899	[WARNING]	XnDepthProcessor.cpp	133	Read: Depth buffer is corrupt. Size is 526208 (!= 614400)
 9268947	[WARNING]	XnFrameStreamProcessor.cpp	132	Depth frame is corrupt!
12173406	[WARNING]	XnDepthProcessor.cpp	133	Read: Depth buffer is corrupt. Size is 569328 (!= 614400)
12173453	[WARNING]	XnFrameStreamProcessor.cpp	132	Depth frame is corrupt!
12284577	[INFO]	XnProperty.cpp	151	Property Image1.State was changed to 1.
12284621	[INFO]	XnDeviceBase.cpp	370	Stream Image1 is open.
12284817	[INFO]	XnProperty.cpp	74	Setting Depth1.Registration to 1...
12311350	[WARNING]	XnDepthProcessor.cpp	133	Read: Depth buffer is corrupt. Size is 582896 (!= 614400)
12311407	[WARNING]	XnFrameStreamProcessor.cpp	132	Depth frame is corrupt!
12341376	[WARNING]	XnDepthProcessor.cpp	133	Read: Depth buffer is corrupt. Size is 588480 (!= 614400)
12341435	[WARNING]	XnFrameStreamProcessor.cpp	132	Depth frame is corrupt!
12439383	[INFO]	XnProperty.cpp	151	Property Depth1.Registration was changed to 1.
12439434	[INFO]	XnProperty.cpp	101	Depth1.Registration was successfully set.
12439534	[INFO]	XnProperty.cpp	74	Setting Image1.Mirror to 1...
12451833	[INFO]	XnProperty.cpp	151	Property Image1.FirmwareMirror was changed to 1.
12451876	[INFO]	XnProperty.cpp	151	Property Image1.Mirror was changed to 1.
12451889	[INFO]	XnProperty.cpp	101	Image1.Mirror was successfully set.
27172071	[INFO]	XnOpenNI.cpp	1459	Destroying node 'User1'
27180469	[INFO]	XnOpenNI.cpp	1459	Destroying node 'Depth1'
27180569	[INFO]	XnDeviceBase.cpp	1507	Destroying stream 'Depth1'...
27181911	[INFO]	XnOpenNI.cpp	1459	Destroying node 'Image1'
27181963	[INFO]	XnDeviceBase.cpp	1507	Destroying stream 'Image1'...
27184273	[INFO]	XnOpenNI.cpp	1459	Destroying node 'Device1'
