    1600	[INFO]	XnLog.cpp	165	OpenNI version is 1.0.0 (Build 25)-MacOSX (Jan  7 2011 14:20:18)
    1645	[INFO]	XnLog.cpp	173	Log system initialized. Console: 1, File: 1, Severity: INFO, Masks: ALL
    1669	[INFO]	XnLog.cpp	173	Log system initialized. Console: 1, File: 1, Severity: INFO, Masks: ALL
    2939	[INFO]	XnUSBLinux-x86.cpp	98	USB is initialized.
 2206325	[INFO]	XnOpenNI.cpp	1261	Creating node 'Device1' of type Device...
 2207084	[INFO]	XnDeviceModule.cpp	431	Module 'Device' configuration was loaded from file.
 2427049	[INFO]	XnDeviceSensorIO.cpp	135	Connected to USB device
 2427090	[INFO]	XnProperty.cpp	151	Property Device.USBPath was changed to 045e/02ae@250/10.
 2435531	[INFO]	XnHostProtocol.cpp	825	Hardware versions: FW=5.1.4 (7) HW=4 Chip=2 Sensor=4 SYS=7
 3845796	[INFO]	XnProperty.cpp	151	Property Device.ID was changed to 0.
 3845892	[INFO]	XnSensor.cpp	182	Device sensor initialized
 3846000	[INFO]	XnOpenNI.cpp	1261	Creating node 'Depth1' of type Depth...
 3846046	[INFO]	XnDeviceBase.cpp	1383	Creating stream 'Depth1' of type 'Depth'...
 3846072	[INFO]	XnProperty.cpp	74	Setting Device.ReadData to 1...
 3846114	[INFO]	XnDeviceSensorIO.cpp	298	Endpoints open
 3858451	[INFO]	XnProperty.cpp	151	Property Device.ReadData was changed to 1.
 3858493	[INFO]	XnProperty.cpp	101	Device.ReadData was successfully set.
 3858833	[INFO]	XnProperty.cpp	151	Property Depth1.Resolution was changed to 0.
 3858854	[INFO]	XnProperty.cpp	151	Property Depth1.XRes was changed to 320.
 3858870	[INFO]	XnProperty.cpp	151	Property Depth1.YRes was changed to 240.
 3858889	[INFO]	XnProperty.cpp	151	Property Depth1.FPS was changed to 30.
 3858908	[INFO]	XnProperty.cpp	151	Property Depth1.OutputFormat was changed to 1.
 3858927	[INFO]	XnProperty.cpp	151	Property Depth1.BytesPerPixel was changed to 2.
 3858944	[INFO]	XnProperty.cpp	151	Property Depth1.RequiredDataSize was changed to 153600.
 3858961	[INFO]	XnProperty.cpp	151	Property Depth1.ParamCoeff was changed to 4.
 3859025	[INFO]	XnProperty.cpp	151	Property Depth1.ShiftScale was changed to 10.
 3871195	[INFO]	XnProperty.cpp	151	Property Depth1.ConstShift was changed to 200.
 3871283	[INFO]	XnProperty.cpp	151	Property Depth1.ZPD was changed to 120.
 3871381	[INFO]	XnProperty.cpp	151	Property Depth1.ZPPS was changed to 0.104200.
 3871395	[INFO]	XnProperty.cpp	151	Property Depth1.LDDIS was changed to 7.500000.
 3871485	[INFO]	XnProperty.cpp	151	Property Depth1.Gain was changed to 30.
 3871517	[INFO]	XnDeviceBase.cpp	1458	Stream 'Depth1' was initialized.
 3871532	[INFO]	XnDeviceBase.cpp	1463	'Depth1' stream was created.
 3871694	[INFO]	XnProperty.cpp	74	Setting Depth1.InputFormat to 3...
 3871716	[INFO]	XnProperty.cpp	151	Property Depth1.InputFormat was changed to 3.
 3871734	[INFO]	XnProperty.cpp	101	Depth1.InputFormat was successfully set.
 3872163	[INFO]	XnProperty.cpp	74	Setting Depth1.RegistrationType to 2...
 3872180	[INFO]	XnProperty.cpp	151	Property Depth1.RegistrationType was changed to 2.
 3872192	[INFO]	XnProperty.cpp	101	Depth1.RegistrationType was successfully set.
 3872651	[INFO]	XnDeviceModule.cpp	431	Module 'Depth1' configuration was loaded from file.
 3872827	[INFO]	XnProperty.cpp	74	Setting Depth1.FPS to 30...
 3872845	[INFO]	XnProperty.cpp	86	Depth1.FPS value did not change.
 3872858	[INFO]	XnProperty.cpp	74	Setting Depth1.YRes to 480...
 3872873	[INFO]	XnProperty.cpp	151	Property Depth1.Resolution was changed to 1.
 3872886	[INFO]	XnProperty.cpp	151	Property Depth1.XRes was changed to 640.
 3872898	[INFO]	XnProperty.cpp	151	Property Depth1.RequiredDataSize was changed to 307200.
 3872913	[INFO]	XnProperty.cpp	151	Property Depth1.YRes was changed to 480.
 3872925	[INFO]	XnProperty.cpp	151	Property Depth1.RequiredDataSize was changed to 614400.
 3872937	[INFO]	XnProperty.cpp	101	Depth1.YRes was successfully set.
 3872949	[INFO]	XnProperty.cpp	74	Setting Depth1.XRes to 640...
 3872960	[INFO]	XnProperty.cpp	86	Depth1.XRes value did not change.
 3873003	[INFO]	XnProperty.cpp	74	Setting Depth1.Mirror to 1...
 3873018	[INFO]	XnProperty.cpp	151	Property Depth1.FirmwareMirror was changed to 1.
 3873062	[INFO]	XnProperty.cpp	151	Property Depth1.Mirror was changed to 1.
 3873074	[INFO]	XnProperty.cpp	101	Depth1.Mirror was successfully set.
 6247010	[INFO]	XnOpenNI.cpp	1261	Creating node 'User1' of type User...
 6270790	[WARNING]	Linux-x86Threads.cpp	173	Failed to set thread priority: Invalid argument
 6270837	[WARNING]	XnUSBLinux-x86.cpp	126	USB events thread: Failed to set thread priority to critical. This might cause loss of data...
 6271634	[INFO]	XnUSBLinux-x86.cpp	1222	USB read thread was started.
 6271663	[INFO]	XnProperty.cpp	151	Property Depth1.ActualReadData was changed to 1.
 6742611	[INFO]	XnProperty.cpp	151	Property Depth1.State was changed to 1.
 6742653	[INFO]	XnDeviceBase.cpp	370	Stream Depth1 is open.
10061323	[INFO]	XnOpenNI.cpp	1261	Creating node 'Image1' of type Image...
10061379	[INFO]	XnDeviceBase.cpp	1383	Creating stream 'Image1' of type 'Image'...
10061613	[INFO]	XnProperty.cpp	151	Property Image1.Resolution was changed to 0.
10061637	[INFO]	XnProperty.cpp	151	Property Image1.XRes was changed to 320.
10061654	[INFO]	XnProperty.cpp	151	Property Image1.YRes was changed to 240.
10061669	[INFO]	XnProperty.cpp	151	Property Image1.FPS was changed to 30.
10061686	[INFO]	XnProperty.cpp	151	Property Image1.OutputFormat was changed to 5.
10061704	[INFO]	XnProperty.cpp	151	Property Image1.BytesPerPixel was changed to 3.
10061720	[INFO]	XnProperty.cpp	151	Property Image1.RequiredDataSize was changed to 230400.
10061757	[INFO]	XnDeviceBase.cpp	1458	Stream 'Image1' was initialized.
10061772	[INFO]	XnDeviceBase.cpp	1463	'Image1' stream was created.
10061871	[INFO]	XnProperty.cpp	74	Setting Image1.InputFormat to 6...
10061892	[INFO]	XnProperty.cpp	151	Property Image1.InputFormat was changed to 6.
10061904	[INFO]	XnProperty.cpp	101	Image1.InputFormat was successfully set.
10062310	[INFO]	XnDeviceModule.cpp	431	Module 'Image1' configuration was loaded from file.
10062398	[INFO]	XnProperty.cpp	74	Setting Image1.FPS to 30...
10062414	[INFO]	XnProperty.cpp	86	Image1.FPS value did not change.
10062426	[INFO]	XnProperty.cpp	74	Setting Image1.YRes to 480...
10062440	[INFO]	XnProperty.cpp	151	Property Image1.Resolution was changed to 1.
10062452	[INFO]	XnProperty.cpp	151	Property Image1.XRes was changed to 640.
10062464	[INFO]	XnProperty.cpp	151	Property Image1.RequiredDataSize was changed to 460800.
10062477	[INFO]	XnProperty.cpp	151	Property Image1.YRes was changed to 480.
10062489	[INFO]	XnProperty.cpp	151	Property Image1.RequiredDataSize was changed to 921600.
10062502	[INFO]	XnProperty.cpp	101	Image1.YRes was successfully set.
10062514	[INFO]	XnProperty.cpp	74	Setting Image1.XRes to 640...
10062525	[INFO]	XnProperty.cpp	86	Image1.XRes value did not change.
10063541	[INFO]	XnUSBLinux-x86.cpp	1222	USB read thread was started.
10063595	[INFO]	XnProperty.cpp	151	Property Image1.ActualReadData was changed to 1.
10143432	[WARNING]	XnDepthProcessor.cpp	133	Read: Depth buffer is corrupt. Size is 600832 (!= 614400)
10143477	[WARNING]	XnFrameStreamProcessor.cpp	132	Depth frame is corrupt!
10243462	[WARNING]	XnDepthProcessor.cpp	133	Read: Depth buffer is corrupt. Size is 538336 (!= 614400)
10243510	[WARNING]	XnFrameStreamProcessor.cpp	132	Depth frame is corrupt!
13147500	[WARNING]	XnDepthProcessor.cpp	133	Read: Depth buffer is corrupt. Size is 590656 (!= 614400)
13147548	[WARNING]	XnFrameStreamProcessor.cpp	132	Depth frame is corrupt!
13263750	[INFO]	XnProperty.cpp	151	Property Image1.State was changed to 1.
13263804	[INFO]	XnDeviceBase.cpp	370	Stream Image1 is open.
13264019	[INFO]	XnProperty.cpp	74	Setting Depth1.Registration to 1...
13279501	[WARNING]	XnDepthProcessor.cpp	133	Read: Depth buffer is corrupt. Size is 587024 (!= 614400)
13279556	[WARNING]	XnFrameStreamProcessor.cpp	132	Depth frame is corrupt!
13311539	[WARNING]	XnDepthProcessor.cpp	133	Read: Depth buffer is corrupt. Size is 592640 (!= 614400)
13311590	[WARNING]	XnFrameStreamProcessor.cpp	132	Depth frame is corrupt!
13417214	[INFO]	XnProperty.cpp	151	Property Depth1.Registration was changed to 1.
13417256	[INFO]	XnProperty.cpp	101	Depth1.Registration was successfully set.
13417341	[INFO]	XnProperty.cpp	74	Setting Image1.Mirror to 1...
13429571	[INFO]	XnProperty.cpp	151	Property Image1.FirmwareMirror was changed to 1.
13429626	[INFO]	XnProperty.cpp	151	Property Image1.Mirror was changed to 1.
13429649	[INFO]	XnProperty.cpp	101	Image1.Mirror was successfully set.
308074895	[INFO]	XnOpenNI.cpp	1459	Destroying node 'User1'
308083171	[INFO]	XnOpenNI.cpp	1459	Destroying node 'Depth1'
308083266	[INFO]	XnDeviceBase.cpp	1507	Destroying stream 'Depth1'...
308084601	[INFO]	XnOpenNI.cpp	1459	Destroying node 'Image1'
308084661	[INFO]	XnDeviceBase.cpp	1507	Destroying stream 'Image1'...
308085484	[INFO]	XnOpenNI.cpp	1459	Destroying node 'Device1'
