   30141	[INFO]	XnLog.cpp	165	OpenNI version is 1.0.0 (Build 25)-MacOSX (Jan  7 2011 14:20:18)
   30233	[INFO]	XnLog.cpp	173	Log system initialized. Console: 1, File: 1, Severity: INFO, Masks: ALL
   30305	[INFO]	XnLog.cpp	173	Log system initialized. Console: 1, File: 1, Severity: INFO, Masks: ALL
   32749	[INFO]	XnUSBLinux-x86.cpp	98	USB is initialized.
 4889900	[INFO]	XnOpenNI.cpp	1261	Creating node 'Device1' of type Device...
 4933651	[INFO]	XnDeviceModule.cpp	431	Module 'Device' configuration was loaded from file.
 5594157	[INFO]	XnDeviceSensorIO.cpp	135	Connected to USB device
 5594210	[INFO]	XnProperty.cpp	151	Property Device.USBPath was changed to 045e/02ae@253/8.
 5601519	[INFO]	XnHostProtocol.cpp	825	Hardware versions: FW=5.1.4 (7) HW=4 Chip=2 Sensor=4 SYS=7
 7011047	[INFO]	XnProperty.cpp	151	Property Device.ID was changed to 0.
 7011135	[INFO]	XnSensor.cpp	182	Device sensor initialized
 7011303	[INFO]	XnOpenNI.cpp	1261	Creating node 'Depth1' of type Depth...
 7011386	[INFO]	XnDeviceBase.cpp	1383	Creating stream 'Depth1' of type 'Depth'...
 7011429	[INFO]	XnProperty.cpp	74	Setting Device.ReadData to 1...
 7011508	[INFO]	XnDeviceSensorIO.cpp	298	Endpoints open
 7024175	[INFO]	XnProperty.cpp	151	Property Device.ReadData was changed to 1.
 7024227	[INFO]	XnProperty.cpp	101	Device.ReadData was successfully set.
 7024692	[INFO]	XnProperty.cpp	151	Property Depth1.Resolution was changed to 0.
 7024723	[INFO]	XnProperty.cpp	151	Property Depth1.XRes was changed to 320.
 7024744	[INFO]	XnProperty.cpp	151	Property Depth1.YRes was changed to 240.
 7024764	[INFO]	XnProperty.cpp	151	Property Depth1.FPS was changed to 30.
 7024782	[INFO]	XnProperty.cpp	151	Property Depth1.OutputFormat was changed to 1.
 7024802	[INFO]	XnProperty.cpp	151	Property Depth1.BytesPerPixel was changed to 2.
 7024823	[INFO]	XnProperty.cpp	151	Property Depth1.RequiredDataSize was changed to 153600.
 7024848	[INFO]	XnProperty.cpp	151	Property Depth1.ParamCoeff was changed to 4.
 7024942	[INFO]	XnProperty.cpp	151	Property Depth1.ShiftScale was changed to 10.
 7037540	[INFO]	XnProperty.cpp	151	Property Depth1.ConstShift was changed to 200.
 7037643	[INFO]	XnProperty.cpp	151	Property Depth1.ZPD was changed to 120.
 7037774	[INFO]	XnProperty.cpp	151	Property Depth1.ZPPS was changed to 0.104200.
 7037792	[INFO]	XnProperty.cpp	151	Property Depth1.LDDIS was changed to 7.500000.
 7037908	[INFO]	XnProperty.cpp	151	Property Depth1.Gain was changed to 30.
 7037944	[INFO]	XnDeviceBase.cpp	1458	Stream 'Depth1' was initialized.
 7037963	[INFO]	XnDeviceBase.cpp	1463	'Depth1' stream was created.
 7038156	[INFO]	XnProperty.cpp	74	Setting Depth1.InputFormat to 3...
 7038184	[INFO]	XnProperty.cpp	151	Property Depth1.InputFormat was changed to 3.
 7038201	[INFO]	XnProperty.cpp	101	Depth1.InputFormat was successfully set.
 7038782	[INFO]	XnProperty.cpp	74	Setting Depth1.RegistrationType to 2...
 7038804	[INFO]	XnProperty.cpp	151	Property Depth1.RegistrationType was changed to 2.
 7038819	[INFO]	XnProperty.cpp	101	Depth1.RegistrationType was successfully set.
 7039434	[INFO]	XnDeviceModule.cpp	431	Module 'Depth1' configuration was loaded from file.
 7039667	[INFO]	XnProperty.cpp	74	Setting Depth1.FPS to 30...
 7039689	[INFO]	XnProperty.cpp	86	Depth1.FPS value did not change.
 7039705	[INFO]	XnProperty.cpp	74	Setting Depth1.YRes to 480...
 7039726	[INFO]	XnProperty.cpp	151	Property Depth1.Resolution was changed to 1.
 7039744	[INFO]	XnProperty.cpp	151	Property Depth1.XRes was changed to 640.
 7039760	[INFO]	XnProperty.cpp	151	Property Depth1.RequiredDataSize was changed to 307200.
 7039780	[INFO]	XnProperty.cpp	151	Property Depth1.YRes was changed to 480.
 7039796	[INFO]	XnProperty.cpp	151	Property Depth1.RequiredDataSize was changed to 614400.
 7039813	[INFO]	XnProperty.cpp	101	Depth1.YRes was successfully set.
 7039829	[INFO]	XnProperty.cpp	74	Setting Depth1.XRes to 640...
 7039844	[INFO]	XnProperty.cpp	86	Depth1.XRes value did not change.
 7039897	[INFO]	XnProperty.cpp	74	Setting Depth1.Mirror to 1...
 7039917	[INFO]	XnProperty.cpp	151	Property Depth1.FirmwareMirror was changed to 1.
 7039974	[INFO]	XnProperty.cpp	151	Property Depth1.Mirror was changed to 1.
 7039994	[INFO]	XnProperty.cpp	101	Depth1.Mirror was successfully set.
12227383	[INFO]	XnOpenNI.cpp	1261	Creating node 'User1' of type User...
12466009	[WARNING]	Linux-x86Threads.cpp	173	Failed to set thread priority: Invalid argument
12466059	[WARNING]	XnUSBLinux-x86.cpp	126	USB events thread: Failed to set thread priority to critical. This might cause loss of data...
12467216	[INFO]	XnUSBLinux-x86.cpp	1222	USB read thread was started.
12467258	[INFO]	XnProperty.cpp	151	Property Depth1.ActualReadData was changed to 1.
12938011	[INFO]	XnProperty.cpp	151	Property Depth1.State was changed to 1.
12938061	[INFO]	XnDeviceBase.cpp	370	Stream Depth1 is open.
18074149	[INFO]	XnOpenNI.cpp	1261	Creating node 'Image1' of type Image...
18074206	[INFO]	XnDeviceBase.cpp	1383	Creating stream 'Image1' of type 'Image'...
18074409	[INFO]	XnProperty.cpp	151	Property Image1.Resolution was changed to 0.
18074435	[INFO]	XnProperty.cpp	151	Property Image1.XRes was changed to 320.
18074454	[INFO]	XnProperty.cpp	151	Property Image1.YRes was changed to 240.
18074472	[INFO]	XnProperty.cpp	151	Property Image1.FPS was changed to 30.
18074489	[INFO]	XnProperty.cpp	151	Property Image1.OutputFormat was changed to 5.
18074509	[INFO]	XnProperty.cpp	151	Property Image1.BytesPerPixel was changed to 3.
18074528	[INFO]	XnProperty.cpp	151	Property Image1.RequiredDataSize was changed to 230400.
18074570	[INFO]	XnDeviceBase.cpp	1458	Stream 'Image1' was initialized.
18074592	[INFO]	XnDeviceBase.cpp	1463	'Image1' stream was created.
18074726	[INFO]	XnProperty.cpp	74	Setting Image1.InputFormat to 6...
18074756	[INFO]	XnProperty.cpp	151	Property Image1.InputFormat was changed to 6.
18074776	[INFO]	XnProperty.cpp	101	Image1.InputFormat was successfully set.
18075393	[INFO]	XnDeviceModule.cpp	431	Module 'Image1' configuration was loaded from file.
18075500	[INFO]	XnProperty.cpp	74	Setting Image1.FPS to 30...
18075523	[INFO]	XnProperty.cpp	86	Image1.FPS value did not change.
18075541	[INFO]	XnProperty.cpp	74	Setting Image1.YRes to 480...
18075561	[INFO]	XnProperty.cpp	151	Property Image1.Resolution was changed to 1.
18075583	[INFO]	XnProperty.cpp	151	Property Image1.XRes was changed to 640.
18075603	[INFO]	XnProperty.cpp	151	Property Image1.RequiredDataSize was changed to 460800.
18075627	[INFO]	XnProperty.cpp	151	Property Image1.YRes was changed to 480.
18075649	[INFO]	XnProperty.cpp	151	Property Image1.RequiredDataSize was changed to 921600.
18075673	[INFO]	XnProperty.cpp	101	Image1.YRes was successfully set.
18075696	[INFO]	XnProperty.cpp	74	Setting Image1.XRes to 640...
18075716	[INFO]	XnProperty.cpp	86	Image1.XRes value did not change.
18076854	[INFO]	XnUSBLinux-x86.cpp	1222	USB read thread was started.
18076924	[INFO]	XnProperty.cpp	151	Property Image1.ActualReadData was changed to 1.
18236079	[WARNING]	XnFirmwareStreams.cpp	324	Unknown packet type (0x4948)!!!
18240029	[WARNING]	XnFirmwareStreams.cpp	324	Unknown packet type (0x4948)!!!
18276035	[WARNING]	XnDepthProcessor.cpp	133	Read: Depth buffer is corrupt. Size is 573344 (!= 614400)
18276079	[WARNING]	XnFrameStreamProcessor.cpp	132	Depth frame is corrupt!
21144512	[WARNING]	XnDepthProcessor.cpp	133	Read: Depth buffer is corrupt. Size is 593360 (!= 614400)
21144559	[WARNING]	XnFrameStreamProcessor.cpp	132	Depth frame is corrupt!
21176606	[WARNING]	XnDepthProcessor.cpp	133	Read: Depth buffer is corrupt. Size is 597280 (!= 614400)
21176653	[WARNING]	XnFrameStreamProcessor.cpp	132	Depth frame is corrupt!
21277588	[INFO]	XnProperty.cpp	151	Property Image1.State was changed to 1.
21277630	[INFO]	XnDeviceBase.cpp	370	Stream Image1 is open.
21277803	[INFO]	XnProperty.cpp	74	Setting Depth1.Registration to 1...
21312555	[WARNING]	XnDepthProcessor.cpp	133	Read: Depth buffer is corrupt. Size is 577520 (!= 614400)
21312603	[WARNING]	XnFrameStreamProcessor.cpp	132	Depth frame is corrupt!
21429140	[INFO]	XnProperty.cpp	151	Property Depth1.Registration was changed to 1.
21429183	[INFO]	XnProperty.cpp	101	Depth1.Registration was successfully set.
21429263	[INFO]	XnProperty.cpp	74	Setting Image1.Mirror to 1...
21441552	[INFO]	XnProperty.cpp	151	Property Image1.FirmwareMirror was changed to 1.
21441600	[INFO]	XnProperty.cpp	151	Property Image1.Mirror was changed to 1.
21441618	[INFO]	XnProperty.cpp	101	Image1.Mirror was successfully set.
84440309	[INFO]	XnOpenNI.cpp	1459	Destroying node 'User1'
84447128	[INFO]	XnOpenNI.cpp	1459	Destroying node 'Depth1'
84447231	[INFO]	XnDeviceBase.cpp	1507	Destroying stream 'Depth1'...
84448919	[INFO]	XnOpenNI.cpp	1459	Destroying node 'Image1'
84448990	[INFO]	XnDeviceBase.cpp	1507	Destroying stream 'Image1'...
84449921	[INFO]	XnOpenNI.cpp	1459	Destroying node 'Device1'
