    1692	[INFO]	XnLog.cpp	165	OpenNI version is 1.0.0 (Build 25)-MacOSX (Jan  7 2011 14:20:18)
    1745	[INFO]	XnLog.cpp	173	Log system initialized. Console: 1, File: 1, Severity: INFO, Masks: ALL
    1779	[INFO]	XnLog.cpp	173	Log system initialized. Console: 1, File: 1, Severity: INFO, Masks: ALL
    3098	[INFO]	XnUSBLinux-x86.cpp	98	USB is initialized.
 2906073	[INFO]	XnOpenNI.cpp	1261	Creating node 'Device1' of type Device...
 2907068	[INFO]	XnDeviceModule.cpp	431	Module 'Device' configuration was loaded from file.
 3237977	[INFO]	XnDeviceSensorIO.cpp	135	Connected to USB device
 3238044	[INFO]	XnProperty.cpp	151	Property Device.USBPath was changed to 045e/02ae@250/10.
 3246454	[INFO]	XnHostProtocol.cpp	825	Hardware versions: FW=5.1.4 (7) HW=4 Chip=2 Sensor=4 SYS=7
 4655136	[INFO]	XnProperty.cpp	151	Property Device.ID was changed to 0.
 4655221	[INFO]	XnSensor.cpp	182	Device sensor initialized
 4655374	[INFO]	XnOpenNI.cpp	1261	Creating node 'Depth1' of type Depth...
 4655435	[INFO]	XnDeviceBase.cpp	1383	Creating stream 'Depth1' of type 'Depth'...
 4655464	[INFO]	XnProperty.cpp	74	Setting Device.ReadData to 1...
 4655512	[INFO]	XnDeviceSensorIO.cpp	298	Endpoints open
 4667832	[INFO]	XnProperty.cpp	151	Property Device.ReadData was changed to 1.
 4667882	[INFO]	XnProperty.cpp	101	Device.ReadData was successfully set.
 4668275	[INFO]	XnProperty.cpp	151	Property Depth1.Resolution was changed to 0.
 4668299	[INFO]	XnProperty.cpp	151	Property Depth1.XRes was changed to 320.
 4668320	[INFO]	XnProperty.cpp	151	Property Depth1.YRes was changed to 240.
 4668340	[INFO]	XnProperty.cpp	151	Property Depth1.FPS was changed to 30.
 4668360	[INFO]	XnProperty.cpp	151	Property Depth1.OutputFormat was changed to 1.
 4668379	[INFO]	XnProperty.cpp	151	Property Depth1.BytesPerPixel was changed to 2.
 4668398	[INFO]	XnProperty.cpp	151	Property Depth1.RequiredDataSize was changed to 153600.
 4668422	[INFO]	XnProperty.cpp	151	Property Depth1.ParamCoeff was changed to 4.
 4668495	[INFO]	XnProperty.cpp	151	Property Depth1.ShiftScale was changed to 10.
 4680873	[INFO]	XnProperty.cpp	151	Property Depth1.ConstShift was changed to 200.
 4680987	[INFO]	XnProperty.cpp	151	Property Depth1.ZPD was changed to 120.
 4681101	[INFO]	XnProperty.cpp	151	Property Depth1.ZPPS was changed to 0.104200.
 4681126	[INFO]	XnProperty.cpp	151	Property Depth1.LDDIS was changed to 7.500000.
 4681259	[INFO]	XnProperty.cpp	151	Property Depth1.Gain was changed to 30.
 4681305	[INFO]	XnDeviceBase.cpp	1458	Stream 'Depth1' was initialized.
 4681327	[INFO]	XnDeviceBase.cpp	1463	'Depth1' stream was created.
 4681548	[INFO]	XnProperty.cpp	74	Setting Depth1.InputFormat to 3...
 4681577	[INFO]	XnProperty.cpp	151	Property Depth1.InputFormat was changed to 3.
 4681596	[INFO]	XnProperty.cpp	101	Depth1.InputFormat was successfully set.
 4682050	[INFO]	XnProperty.cpp	74	Setting Depth1.RegistrationType to 2...
 4682070	[INFO]	XnProperty.cpp	151	Property Depth1.RegistrationType was changed to 2.
 4682090	[INFO]	XnProperty.cpp	101	Depth1.RegistrationType was successfully set.
 4682582	[INFO]	XnDeviceModule.cpp	431	Module 'Depth1' configuration was loaded from file.
 4682781	[INFO]	XnProperty.cpp	74	Setting Depth1.FPS to 30...
 4682801	[INFO]	XnProperty.cpp	86	Depth1.FPS value did not change.
 4682821	[INFO]	XnProperty.cpp	74	Setting Depth1.YRes to 480...
 4682843	[INFO]	XnProperty.cpp	151	Property Depth1.Resolution was changed to 1.
 4682864	[INFO]	XnProperty.cpp	151	Property Depth1.XRes was changed to 640.
 4682883	[INFO]	XnProperty.cpp	151	Property Depth1.RequiredDataSize was changed to 307200.
 4682904	[INFO]	XnProperty.cpp	151	Property Depth1.YRes was changed to 480.
 4682921	[INFO]	XnProperty.cpp	151	Property Depth1.RequiredDataSize was changed to 614400.
 4682941	[INFO]	XnProperty.cpp	101	Depth1.YRes was successfully set.
 4682959	[INFO]	XnProperty.cpp	74	Setting Depth1.XRes to 640...
 4682975	[INFO]	XnProperty.cpp	86	Depth1.XRes value did not change.
 4683035	[INFO]	XnProperty.cpp	74	Setting Depth1.Mirror to 1...
 4683057	[INFO]	XnProperty.cpp	151	Property Depth1.FirmwareMirror was changed to 1.
 4683116	[INFO]	XnProperty.cpp	151	Property Depth1.Mirror was changed to 1.
 4683135	[INFO]	XnProperty.cpp	101	Depth1.Mirror was successfully set.
 7178215	[INFO]	XnOpenNI.cpp	1261	Creating node 'User1' of type User...
 7204291	[WARNING]	Linux-x86Threads.cpp	173	Failed to set thread priority: Invalid argument
 7204337	[WARNING]	XnUSBLinux-x86.cpp	126	USB events thread: Failed to set thread priority to critical. This might cause loss of data...
 7205132	[INFO]	XnUSBLinux-x86.cpp	1222	USB read thread was started.
 7205157	[INFO]	XnProperty.cpp	151	Property Depth1.ActualReadData was changed to 1.
 7676128	[INFO]	XnProperty.cpp	151	Property Depth1.State was changed to 1.
 7676171	[INFO]	XnDeviceBase.cpp	370	Stream Depth1 is open.
10687182	[INFO]	XnOpenNI.cpp	1261	Creating node 'Image1' of type Image...
10687234	[INFO]	XnDeviceBase.cpp	1383	Creating stream 'Image1' of type 'Image'...
10687652	[INFO]	XnProperty.cpp	151	Property Image1.Resolution was changed to 0.
10687683	[INFO]	XnProperty.cpp	151	Property Image1.XRes was changed to 320.
10687704	[INFO]	XnProperty.cpp	151	Property Image1.YRes was changed to 240.
10687721	[INFO]	XnProperty.cpp	151	Property Image1.FPS was changed to 30.
10687738	[INFO]	XnProperty.cpp	151	Property Image1.OutputFormat was changed to 5.
10687756	[INFO]	XnProperty.cpp	151	Property Image1.BytesPerPixel was changed to 3.
10687774	[INFO]	XnProperty.cpp	151	Property Image1.RequiredDataSize was changed to 230400.
10687819	[INFO]	XnDeviceBase.cpp	1458	Stream 'Image1' was initialized.
10687840	[INFO]	XnDeviceBase.cpp	1463	'Image1' stream was created.
10687971	[INFO]	XnProperty.cpp	74	Setting Image1.InputFormat to 6...
10688006	[INFO]	XnProperty.cpp	151	Property Image1.InputFormat was changed to 6.
10688029	[INFO]	XnProperty.cpp	101	Image1.InputFormat was successfully set.
10688612	[INFO]	XnDeviceModule.cpp	431	Module 'Image1' configuration was loaded from file.
10688744	[INFO]	XnProperty.cpp	74	Setting Image1.FPS to 30...
10688768	[INFO]	XnProperty.cpp	86	Image1.FPS value did not change.
10688786	[INFO]	XnProperty.cpp	74	Setting Image1.YRes to 480...
10688805	[INFO]	XnProperty.cpp	151	Property Image1.Resolution was changed to 1.
10688823	[INFO]	XnProperty.cpp	151	Property Image1.XRes was changed to 640.
10688840	[INFO]	XnProperty.cpp	151	Property Image1.RequiredDataSize was changed to 460800.
10688860	[INFO]	XnProperty.cpp	151	Property Image1.YRes was changed to 480.
10688879	[INFO]	XnProperty.cpp	151	Property Image1.RequiredDataSize was changed to 921600.
10688900	[INFO]	XnProperty.cpp	101	Image1.YRes was successfully set.
10688921	[INFO]	XnProperty.cpp	74	Setting Image1.XRes to 640...
10688939	[INFO]	XnProperty.cpp	86	Image1.XRes value did not change.
10690084	[INFO]	XnUSBLinux-x86.cpp	1222	USB read thread was started.
10690124	[INFO]	XnProperty.cpp	151	Property Image1.ActualReadData was changed to 1.
10877239	[WARNING]	XnDepthProcessor.cpp	133	Read: Depth buffer is corrupt. Size is 518848 (!= 614400)
10877283	[WARNING]	XnFrameStreamProcessor.cpp	132	Depth frame is corrupt!
13892739	[INFO]	XnProperty.cpp	151	Property Image1.State was changed to 1.
13892782	[INFO]	XnDeviceBase.cpp	370	Stream Image1 is open.
13892984	[INFO]	XnProperty.cpp	74	Setting Depth1.Registration to 1...
14049346	[INFO]	XnProperty.cpp	151	Property Depth1.Registration was changed to 1.
14049396	[INFO]	XnProperty.cpp	101	Depth1.Registration was successfully set.
14049449	[INFO]	XnProperty.cpp	74	Setting Image1.Mirror to 1...
14061850	[INFO]	XnProperty.cpp	151	Property Image1.FirmwareMirror was changed to 1.
14061909	[INFO]	XnProperty.cpp	151	Property Image1.Mirror was changed to 1.
14061929	[INFO]	XnProperty.cpp	101	Image1.Mirror was successfully set.
40002970	[INFO]	XnOpenNI.cpp	1459	Destroying node 'User1'
40013296	[INFO]	XnOpenNI.cpp	1459	Destroying node 'Depth1'
40013394	[INFO]	XnDeviceBase.cpp	1507	Destroying stream 'Depth1'...
40015072	[INFO]	XnOpenNI.cpp	1459	Destroying node 'Image1'
40015150	[INFO]	XnDeviceBase.cpp	1507	Destroying stream 'Image1'...
40016296	[INFO]	XnOpenNI.cpp	1459	Destroying node 'Device1'
