    1631	[INFO]	XnLog.cpp	165	OpenNI version is 1.0.0 (Build 25)-MacOSX (Jan  7 2011 14:20:18)
    1677	[INFO]	XnLog.cpp	173	Log system initialized. Console: 1, File: 1, Severity: INFO, Masks: ALL
    1700	[INFO]	XnLog.cpp	173	Log system initialized. Console: 1, File: 1, Severity: INFO, Masks: ALL
    2924	[INFO]	XnUSBLinux-x86.cpp	98	USB is initialized.
 2926433	[INFO]	XnOpenNI.cpp	1261	Creating node 'Device1' of type Device...
 2927261	[INFO]	XnDeviceModule.cpp	431	Module 'Device' configuration was loaded from file.
 3257390	[INFO]	XnDeviceSensorIO.cpp	135	Connected to USB device
 3257449	[INFO]	XnProperty.cpp	151	Property Device.USBPath was changed to 045e/02ae@250/10.
 3265083	[INFO]	XnHostProtocol.cpp	825	Hardware versions: FW=5.1.4 (7) HW=4 Chip=2 Sensor=4 SYS=7
 4671921	[INFO]	XnProperty.cpp	151	Property Device.ID was changed to 0.
 4671993	[INFO]	XnSensor.cpp	182	Device sensor initialized
 4672092	[INFO]	XnOpenNI.cpp	1261	Creating node 'Depth1' of type Depth...
 4672141	[INFO]	XnDeviceBase.cpp	1383	Creating stream 'Depth1' of type 'Depth'...
 4672164	[INFO]	XnProperty.cpp	74	Setting Device.ReadData to 1...
 4672203	[INFO]	XnDeviceSensorIO.cpp	298	Endpoints open
 4684456	[INFO]	XnProperty.cpp	151	Property Device.ReadData was changed to 1.
 4684499	[INFO]	XnProperty.cpp	101	Device.ReadData was successfully set.
 4684848	[INFO]	XnProperty.cpp	151	Property Depth1.Resolution was changed to 0.
 4684868	[INFO]	XnProperty.cpp	151	Property Depth1.XRes was changed to 320.
 4684881	[INFO]	XnProperty.cpp	151	Property Depth1.YRes was changed to 240.
 4684893	[INFO]	XnProperty.cpp	151	Property Depth1.FPS was changed to 30.
 4684904	[INFO]	XnProperty.cpp	151	Property Depth1.OutputFormat was changed to 1.
 4684916	[INFO]	XnProperty.cpp	151	Property Depth1.BytesPerPixel was changed to 2.
 4684928	[INFO]	XnProperty.cpp	151	Property Depth1.RequiredDataSize was changed to 153600.
 4684945	[INFO]	XnProperty.cpp	151	Property Depth1.ParamCoeff was changed to 4.
 4685003	[INFO]	XnProperty.cpp	151	Property Depth1.ShiftScale was changed to 10.
 4697493	[INFO]	XnProperty.cpp	151	Property Depth1.ConstShift was changed to 200.
 4697582	[INFO]	XnProperty.cpp	151	Property Depth1.ZPD was changed to 120.
 4697679	[INFO]	XnProperty.cpp	151	Property Depth1.ZPPS was changed to 0.104200.
 4697694	[INFO]	XnProperty.cpp	151	Property Depth1.LDDIS was changed to 7.500000.
 4697798	[INFO]	XnProperty.cpp	151	Property Depth1.Gain was changed to 30.
 4697832	[INFO]	XnDeviceBase.cpp	1458	Stream 'Depth1' was initialized.
 4697853	[INFO]	XnDeviceBase.cpp	1463	'Depth1' stream was created.
 4698022	[INFO]	XnProperty.cpp	74	Setting Depth1.InputFormat to 3...
 4698047	[INFO]	XnProperty.cpp	151	Property Depth1.InputFormat was changed to 3.
 4698061	[INFO]	XnProperty.cpp	101	Depth1.InputFormat was successfully set.
 4698498	[INFO]	XnProperty.cpp	74	Setting Depth1.RegistrationType to 2...
 4698517	[INFO]	XnProperty.cpp	151	Property Depth1.RegistrationType was changed to 2.
 4698533	[INFO]	XnProperty.cpp	101	Depth1.RegistrationType was successfully set.
 4699003	[INFO]	XnDeviceModule.cpp	431	Module 'Depth1' configuration was loaded from file.
 4699187	[INFO]	XnProperty.cpp	74	Setting Depth1.FPS to 30...
 4699204	[INFO]	XnProperty.cpp	86	Depth1.FPS value did not change.
 4699216	[INFO]	XnProperty.cpp	74	Setting Depth1.YRes to 480...
 4699231	[INFO]	XnProperty.cpp	151	Property Depth1.Resolution was changed to 1.
 4699244	[INFO]	XnProperty.cpp	151	Property Depth1.XRes was changed to 640.
 4699256	[INFO]	XnProperty.cpp	151	Property Depth1.RequiredDataSize was changed to 307200.
 4699271	[INFO]	XnProperty.cpp	151	Property Depth1.YRes was changed to 480.
 4699283	[INFO]	XnProperty.cpp	151	Property Depth1.RequiredDataSize was changed to 614400.
 4699297	[INFO]	XnProperty.cpp	101	Depth1.YRes was successfully set.
 4699309	[INFO]	XnProperty.cpp	74	Setting Depth1.XRes to 640...
 4699321	[INFO]	XnProperty.cpp	86	Depth1.XRes value did not change.
 4699365	[INFO]	XnProperty.cpp	74	Setting Depth1.Mirror to 1...
 4699380	[INFO]	XnProperty.cpp	151	Property Depth1.FirmwareMirror was changed to 1.
 4699424	[INFO]	XnProperty.cpp	151	Property Depth1.Mirror was changed to 1.
 4699435	[INFO]	XnProperty.cpp	101	Depth1.Mirror was successfully set.
 7197172	[INFO]	XnOpenNI.cpp	1261	Creating node 'User1' of type User...
 7220854	[WARNING]	Linux-x86Threads.cpp	173	Failed to set thread priority: Invalid argument
 7220901	[WARNING]	XnUSBLinux-x86.cpp	126	USB events thread: Failed to set thread priority to critical. This might cause loss of data...
 7221695	[INFO]	XnUSBLinux-x86.cpp	1222	USB read thread was started.
 7221722	[INFO]	XnProperty.cpp	151	Property Depth1.ActualReadData was changed to 1.
 7693666	[INFO]	XnProperty.cpp	151	Property Depth1.State was changed to 1.
 7693709	[INFO]	XnDeviceBase.cpp	370	Stream Depth1 is open.
10700426	[INFO]	XnOpenNI.cpp	1261	Creating node 'Image1' of type Image...
10700477	[INFO]	XnDeviceBase.cpp	1383	Creating stream 'Image1' of type 'Image'...
10700723	[INFO]	XnProperty.cpp	151	Property Image1.Resolution was changed to 0.
10700743	[INFO]	XnProperty.cpp	151	Property Image1.XRes was changed to 320.
10700756	[INFO]	XnProperty.cpp	151	Property Image1.YRes was changed to 240.
10700768	[INFO]	XnProperty.cpp	151	Property Image1.FPS was changed to 30.
10700780	[INFO]	XnProperty.cpp	151	Property Image1.OutputFormat was changed to 5.
10700792	[INFO]	XnProperty.cpp	151	Property Image1.BytesPerPixel was changed to 3.
10700804	[INFO]	XnProperty.cpp	151	Property Image1.RequiredDataSize was changed to 230400.
10700834	[INFO]	XnDeviceBase.cpp	1458	Stream 'Image1' was initialized.
10700849	[INFO]	XnDeviceBase.cpp	1463	'Image1' stream was created.
10700956	[INFO]	XnProperty.cpp	74	Setting Image1.InputFormat to 6...
10700977	[INFO]	XnProperty.cpp	151	Property Image1.InputFormat was changed to 6.
10700990	[INFO]	XnProperty.cpp	101	Image1.InputFormat was successfully set.
10701416	[INFO]	XnDeviceModule.cpp	431	Module 'Image1' configuration was loaded from file.
10701519	[INFO]	XnProperty.cpp	74	Setting Image1.FPS to 30...
10701545	[INFO]	XnProperty.cpp	86	Image1.FPS value did not change.
10701562	[INFO]	XnProperty.cpp	74	Setting Image1.YRes to 480...
10701581	[INFO]	XnProperty.cpp	151	Property Image1.Resolution was changed to 1.
10701599	[INFO]	XnProperty.cpp	151	Property Image1.XRes was changed to 640.
10701616	[INFO]	XnProperty.cpp	151	Property Image1.RequiredDataSize was changed to 460800.
10701635	[INFO]	XnProperty.cpp	151	Property Image1.YRes was changed to 480.
10701653	[INFO]	XnProperty.cpp	151	Property Image1.RequiredDataSize was changed to 921600.
10701674	[INFO]	XnProperty.cpp	101	Image1.YRes was successfully set.
10701695	[INFO]	XnProperty.cpp	74	Setting Image1.XRes to 640...
10701711	[INFO]	XnProperty.cpp	86	Image1.XRes value did not change.
10702608	[INFO]	XnUSBLinux-x86.cpp	1222	USB read thread was started.
10702647	[INFO]	XnProperty.cpp	151	Property Image1.ActualReadData was changed to 1.
10893557	[WARNING]	XnDepthProcessor.cpp	133	Read: Depth buffer is corrupt. Size is 527888 (!= 614400)
10893606	[WARNING]	XnFrameStreamProcessor.cpp	132	Depth frame is corrupt!
13798067	[WARNING]	XnDepthProcessor.cpp	133	Read: Depth buffer is corrupt. Size is 575856 (!= 614400)
13798116	[WARNING]	XnFrameStreamProcessor.cpp	132	Depth frame is corrupt!
13904393	[INFO]	XnProperty.cpp	151	Property Image1.State was changed to 1.
13904436	[INFO]	XnDeviceBase.cpp	370	Stream Image1 is open.
13904632	[INFO]	XnProperty.cpp	74	Setting Depth1.Registration to 1...
13930118	[WARNING]	XnDepthProcessor.cpp	133	Read: Depth buffer is corrupt. Size is 589888 (!= 614400)
13930167	[WARNING]	XnFrameStreamProcessor.cpp	132	Depth frame is corrupt!
14056891	[INFO]	XnProperty.cpp	151	Property Depth1.Registration was changed to 1.
14056943	[INFO]	XnProperty.cpp	101	Depth1.Registration was successfully set.
14056994	[INFO]	XnProperty.cpp	74	Setting Image1.Mirror to 1...
14069401	[INFO]	XnProperty.cpp	151	Property Image1.FirmwareMirror was changed to 1.
14069446	[INFO]	XnProperty.cpp	151	Property Image1.Mirror was changed to 1.
14069459	[INFO]	XnProperty.cpp	101	Image1.Mirror was successfully set.
54973363	[INFO]	XnOpenNI.cpp	1459	Destroying node 'User1'
54981308	[INFO]	XnOpenNI.cpp	1459	Destroying node 'Depth1'
54981399	[INFO]	XnDeviceBase.cpp	1507	Destroying stream 'Depth1'...
54983186	[INFO]	XnOpenNI.cpp	1459	Destroying node 'Image1'
54983270	[INFO]	XnDeviceBase.cpp	1507	Destroying stream 'Image1'...
54984425	[INFO]	XnOpenNI.cpp	1459	Destroying node 'Device1'
