    1652	[INFO]	XnLog.cpp	165	OpenNI version is 1.0.0 (Build 25)-MacOSX (Jan  7 2011 14:20:18)
    1699	[INFO]	XnLog.cpp	173	Log system initialized. Console: 1, File: 1, Severity: INFO, Masks: ALL
    1733	[INFO]	XnLog.cpp	173	Log system initialized. Console: 1, File: 1, Severity: INFO, Masks: ALL
    3053	[INFO]	XnUSBLinux-x86.cpp	98	USB is initialized.
 2902343	[INFO]	XnOpenNI.cpp	1261	Creating node 'Device1' of type Device...
 2904059	[INFO]	XnDeviceModule.cpp	431	Module 'Device' configuration was loaded from file.
 3226196	[INFO]	XnDeviceSensorIO.cpp	135	Connected to USB device
 3226249	[INFO]	XnProperty.cpp	151	Property Device.USBPath was changed to 045e/02ae@253/8.
 3233438	[INFO]	XnHostProtocol.cpp	825	Hardware versions: FW=5.1.4 (7) HW=4 Chip=2 Sensor=4 SYS=7
 4645971	[INFO]	XnProperty.cpp	151	Property Device.ID was changed to 0.
 4646036	[INFO]	XnSensor.cpp	182	Device sensor initialized
 4646167	[INFO]	XnOpenNI.cpp	1261	Creating node 'Depth1' of type Depth...
 4646223	[INFO]	XnDeviceBase.cpp	1383	Creating stream 'Depth1' of type 'Depth'...
 4646250	[INFO]	XnProperty.cpp	74	Setting Device.ReadData to 1...
 4646294	[INFO]	XnDeviceSensorIO.cpp	298	Endpoints open
 4658851	[INFO]	XnProperty.cpp	151	Property Device.ReadData was changed to 1.
 4658897	[INFO]	XnProperty.cpp	101	Device.ReadData was successfully set.
 4659314	[INFO]	XnProperty.cpp	151	Property Depth1.Resolution was changed to 0.
 4659338	[INFO]	XnProperty.cpp	151	Property Depth1.XRes was changed to 320.
 4659356	[INFO]	XnProperty.cpp	151	Property Depth1.YRes was changed to 240.
 4659372	[INFO]	XnProperty.cpp	151	Property Depth1.FPS was changed to 30.
 4659387	[INFO]	XnProperty.cpp	151	Property Depth1.OutputFormat was changed to 1.
 4659402	[INFO]	XnProperty.cpp	151	Property Depth1.BytesPerPixel was changed to 2.
 4659417	[INFO]	XnProperty.cpp	151	Property Depth1.RequiredDataSize was changed to 153600.
 4659438	[INFO]	XnProperty.cpp	151	Property Depth1.ParamCoeff was changed to 4.
 4659516	[INFO]	XnProperty.cpp	151	Property Depth1.ShiftScale was changed to 10.
 4671944	[INFO]	XnProperty.cpp	151	Property Depth1.ConstShift was changed to 200.
 4672080	[INFO]	XnProperty.cpp	151	Property Depth1.ZPD was changed to 120.
 4672220	[INFO]	XnProperty.cpp	151	Property Depth1.ZPPS was changed to 0.104200.
 4672254	[INFO]	XnProperty.cpp	151	Property Depth1.LDDIS was changed to 7.500000.
 4672396	[INFO]	XnProperty.cpp	151	Property Depth1.Gain was changed to 30.
 4672440	[INFO]	XnDeviceBase.cpp	1458	Stream 'Depth1' was initialized.
 4672459	[INFO]	XnDeviceBase.cpp	1463	'Depth1' stream was created.
 4672656	[INFO]	XnProperty.cpp	74	Setting Depth1.InputFormat to 3...
 4672684	[INFO]	XnProperty.cpp	151	Property Depth1.InputFormat was changed to 3.
 4672700	[INFO]	XnProperty.cpp	101	Depth1.InputFormat was successfully set.
 4673258	[INFO]	XnProperty.cpp	74	Setting Depth1.RegistrationType to 2...
 4673280	[INFO]	XnProperty.cpp	151	Property Depth1.RegistrationType was changed to 2.
 4673293	[INFO]	XnProperty.cpp	101	Depth1.RegistrationType was successfully set.
 4673818	[INFO]	XnDeviceModule.cpp	431	Module 'Depth1' configuration was loaded from file.
 4674016	[INFO]	XnProperty.cpp	74	Setting Depth1.FPS to 30...
 4674035	[INFO]	XnProperty.cpp	86	Depth1.FPS value did not change.
 4674049	[INFO]	XnProperty.cpp	74	Setting Depth1.YRes to 480...
 4674065	[INFO]	XnProperty.cpp	151	Property Depth1.Resolution was changed to 1.
 4674080	[INFO]	XnProperty.cpp	151	Property Depth1.XRes was changed to 640.
 4674095	[INFO]	XnProperty.cpp	151	Property Depth1.RequiredDataSize was changed to 307200.
 4674112	[INFO]	XnProperty.cpp	151	Property Depth1.YRes was changed to 480.
 4674125	[INFO]	XnProperty.cpp	151	Property Depth1.RequiredDataSize was changed to 614400.
 4674140	[INFO]	XnProperty.cpp	101	Depth1.YRes was successfully set.
 4674155	[INFO]	XnProperty.cpp	74	Setting Depth1.XRes to 640...
 4674167	[INFO]	XnProperty.cpp	86	Depth1.XRes value did not change.
 4674215	[INFO]	XnProperty.cpp	74	Setting Depth1.Mirror to 1...
 4674232	[INFO]	XnProperty.cpp	151	Property Depth1.FirmwareMirror was changed to 1.
 4674285	[INFO]	XnProperty.cpp	151	Property Depth1.Mirror was changed to 1.
 4674305	[INFO]	XnProperty.cpp	101	Depth1.Mirror was successfully set.
 7288478	[INFO]	XnOpenNI.cpp	1261	Creating node 'User1' of type User...
 7316087	[WARNING]	Linux-x86Threads.cpp	173	Failed to set thread priority: Invalid argument
 7316134	[WARNING]	XnUSBLinux-x86.cpp	126	USB events thread: Failed to set thread priority to critical. This might cause loss of data...
 7316896	[INFO]	XnUSBLinux-x86.cpp	1222	USB read thread was started.
 7316920	[INFO]	XnProperty.cpp	151	Property Depth1.ActualReadData was changed to 1.
 7787268	[INFO]	XnProperty.cpp	151	Property Depth1.State was changed to 1.
 7787311	[INFO]	XnDeviceBase.cpp	370	Stream Depth1 is open.
11109763	[INFO]	XnOpenNI.cpp	1261	Creating node 'Image1' of type Image...
11109814	[INFO]	XnDeviceBase.cpp	1383	Creating stream 'Image1' of type 'Image'...
11109999	[INFO]	XnProperty.cpp	151	Property Image1.Resolution was changed to 0.
11110018	[INFO]	XnProperty.cpp	151	Property Image1.XRes was changed to 320.
11110032	[INFO]	XnProperty.cpp	151	Property Image1.YRes was changed to 240.
11110044	[INFO]	XnProperty.cpp	151	Property Image1.FPS was changed to 30.
11110055	[INFO]	XnProperty.cpp	151	Property Image1.OutputFormat was changed to 5.
11110068	[INFO]	XnProperty.cpp	151	Property Image1.BytesPerPixel was changed to 3.
11110080	[INFO]	XnProperty.cpp	151	Property Image1.RequiredDataSize was changed to 230400.
11110113	[INFO]	XnDeviceBase.cpp	1458	Stream 'Image1' was initialized.
11110128	[INFO]	XnDeviceBase.cpp	1463	'Image1' stream was created.
11110226	[INFO]	XnProperty.cpp	74	Setting Image1.InputFormat to 6...
11110247	[INFO]	XnProperty.cpp	151	Property Image1.InputFormat was changed to 6.
11110259	[INFO]	XnProperty.cpp	101	Image1.InputFormat was successfully set.
11110667	[INFO]	XnDeviceModule.cpp	431	Module 'Image1' configuration was loaded from file.
11110753	[INFO]	XnProperty.cpp	74	Setting Image1.FPS to 30...
11110769	[INFO]	XnProperty.cpp	86	Image1.FPS value did not change.
11110781	[INFO]	XnProperty.cpp	74	Setting Image1.YRes to 480...
11110795	[INFO]	XnProperty.cpp	151	Property Image1.Resolution was changed to 1.
11110807	[INFO]	XnProperty.cpp	151	Property Image1.XRes was changed to 640.
11110819	[INFO]	XnProperty.cpp	151	Property Image1.RequiredDataSize was changed to 460800.
11110833	[INFO]	XnProperty.cpp	151	Property Image1.YRes was changed to 480.
11110844	[INFO]	XnProperty.cpp	151	Property Image1.RequiredDataSize was changed to 921600.
11110857	[INFO]	XnProperty.cpp	101	Image1.YRes was successfully set.
11110869	[INFO]	XnProperty.cpp	74	Setting Image1.XRes to 640...
11110880	[INFO]	XnProperty.cpp	86	Image1.XRes value did not change.
11111775	[INFO]	XnUSBLinux-x86.cpp	1222	USB read thread was started.
11111819	[INFO]	XnProperty.cpp	151	Property Image1.ActualReadData was changed to 1.
11288871	[WARNING]	XnDepthProcessor.cpp	133	Read: Depth buffer is corrupt. Size is 539328 (!= 614400)
11288917	[WARNING]	XnFrameStreamProcessor.cpp	132	Depth frame is corrupt!
14312842	[INFO]	XnProperty.cpp	151	Property Image1.State was changed to 1.
14312885	[INFO]	XnDeviceBase.cpp	370	Stream Image1 is open.
14313071	[INFO]	XnProperty.cpp	74	Setting Depth1.Registration to 1...
14325398	[WARNING]	XnDepthProcessor.cpp	133	Read: Depth buffer is corrupt. Size is 595520 (!= 614400)
14325446	[WARNING]	XnFrameStreamProcessor.cpp	132	Depth frame is corrupt!
14464437	[INFO]	XnProperty.cpp	151	Property Depth1.Registration was changed to 1.
14464482	[INFO]	XnProperty.cpp	101	Depth1.Registration was successfully set.
14464537	[INFO]	XnProperty.cpp	74	Setting Image1.Mirror to 1...
14477225	[INFO]	XnProperty.cpp	151	Property Image1.FirmwareMirror was changed to 1.
14477279	[INFO]	XnProperty.cpp	151	Property Image1.Mirror was changed to 1.
14477297	[INFO]	XnProperty.cpp	101	Image1.Mirror was successfully set.
50054662	[INFO]	XnOpenNI.cpp	1459	Destroying node 'User1'
50062256	[INFO]	XnOpenNI.cpp	1459	Destroying node 'Depth1'
50062351	[INFO]	XnDeviceBase.cpp	1507	Destroying stream 'Depth1'...
50063550	[INFO]	XnOpenNI.cpp	1459	Destroying node 'Image1'
50063783	[INFO]	XnDeviceBase.cpp	1507	Destroying stream 'Image1'...
50064772	[INFO]	XnOpenNI.cpp	1459	Destroying node 'Device1'
