    1546	[INFO]	XnLog.cpp	165	OpenNI version is 1.0.0 (Build 25)-MacOSX (Jan  7 2011 14:20:18)
    1590	[INFO]	XnLog.cpp	173	Log system initialized. Console: 1, File: 1, Severity: INFO, Masks: ALL
    1611	[INFO]	XnLog.cpp	173	Log system initialized. Console: 1, File: 1, Severity: INFO, Masks: ALL
    2710	[INFO]	XnUSBLinux-x86.cpp	98	USB is initialized.
 4488662	[INFO]	XnOpenNI.cpp	1261	Creating node 'Device1' of type Device...
 4489438	[INFO]	XnDeviceModule.cpp	431	Module 'Device' configuration was loaded from file.
 5157782	[INFO]	XnDeviceSensorIO.cpp	135	Connected to USB device
 5157838	[INFO]	XnProperty.cpp	151	Property Device.USBPath was changed to 045e/02ae@250/10.
 5165094	[INFO]	XnHostProtocol.cpp	825	Hardware versions: FW=5.1.4 (7) HW=4 Chip=2 Sensor=4 SYS=7
 6578423	[INFO]	XnProperty.cpp	151	Property Device.ID was changed to 0.
 6578507	[INFO]	XnSensor.cpp	182	Device sensor initialized
 6578646	[INFO]	XnOpenNI.cpp	1261	Creating node 'Depth1' of type Depth...
 6578718	[INFO]	XnDeviceBase.cpp	1383	Creating stream 'Depth1' of type 'Depth'...
 6578754	[INFO]	XnProperty.cpp	74	Setting Device.ReadData to 1...
 6578824	[INFO]	XnDeviceSensorIO.cpp	298	Endpoints open
 6591253	[INFO]	XnProperty.cpp	151	Property Device.ReadData was changed to 1.
 6591307	[INFO]	XnProperty.cpp	101	Device.ReadData was successfully set.
 6591721	[INFO]	XnProperty.cpp	151	Property Depth1.Resolution was changed to 0.
 6591746	[INFO]	XnProperty.cpp	151	Property Depth1.XRes was changed to 320.
 6591763	[INFO]	XnProperty.cpp	151	Property Depth1.YRes was changed to 240.
 6591779	[INFO]	XnProperty.cpp	151	Property Depth1.FPS was changed to 30.
 6591794	[INFO]	XnProperty.cpp	151	Property Depth1.OutputFormat was changed to 1.
 6591810	[INFO]	XnProperty.cpp	151	Property Depth1.BytesPerPixel was changed to 2.
 6591827	[INFO]	XnProperty.cpp	151	Property Depth1.RequiredDataSize was changed to 153600.
 6591848	[INFO]	XnProperty.cpp	151	Property Depth1.ParamCoeff was changed to 4.
 6591926	[INFO]	XnProperty.cpp	151	Property Depth1.ShiftScale was changed to 10.
 6604432	[INFO]	XnProperty.cpp	151	Property Depth1.ConstShift was changed to 200.
 6604541	[INFO]	XnProperty.cpp	151	Property Depth1.ZPD was changed to 120.
 6604655	[INFO]	XnProperty.cpp	151	Property Depth1.ZPPS was changed to 0.104200.
 6604699	[INFO]	XnProperty.cpp	151	Property Depth1.LDDIS was changed to 7.500000.
 6604846	[INFO]	XnProperty.cpp	151	Property Depth1.Gain was changed to 30.
 6604892	[INFO]	XnDeviceBase.cpp	1458	Stream 'Depth1' was initialized.
 6604913	[INFO]	XnDeviceBase.cpp	1463	'Depth1' stream was created.
 6605130	[INFO]	XnProperty.cpp	74	Setting Depth1.InputFormat to 3...
 6605158	[INFO]	XnProperty.cpp	151	Property Depth1.InputFormat was changed to 3.
 6605177	[INFO]	XnProperty.cpp	101	Depth1.InputFormat was successfully set.
 6605832	[INFO]	XnProperty.cpp	74	Setting Depth1.RegistrationType to 2...
 6605863	[INFO]	XnProperty.cpp	151	Property Depth1.RegistrationType was changed to 2.
 6605886	[INFO]	XnProperty.cpp	101	Depth1.RegistrationType was successfully set.
 6606639	[INFO]	XnDeviceModule.cpp	431	Module 'Depth1' configuration was loaded from file.
 6606888	[INFO]	XnProperty.cpp	74	Setting Depth1.FPS to 30...
 6606913	[INFO]	XnProperty.cpp	86	Depth1.FPS value did not change.
 6606935	[INFO]	XnProperty.cpp	74	Setting Depth1.YRes to 480...
 6606958	[INFO]	XnProperty.cpp	151	Property Depth1.Resolution was changed to 1.
 6606981	[INFO]	XnProperty.cpp	151	Property Depth1.XRes was changed to 640.
 6606999	[INFO]	XnProperty.cpp	151	Property Depth1.RequiredDataSize was changed to 307200.
 6607020	[INFO]	XnProperty.cpp	151	Property Depth1.YRes was changed to 480.
 6607040	[INFO]	XnProperty.cpp	151	Property Depth1.RequiredDataSize was changed to 614400.
 6607061	[INFO]	XnProperty.cpp	101	Depth1.YRes was successfully set.
 6607082	[INFO]	XnProperty.cpp	74	Setting Depth1.XRes to 640...
 6607100	[INFO]	XnProperty.cpp	86	Depth1.XRes value did not change.
 6607165	[INFO]	XnProperty.cpp	74	Setting Depth1.Mirror to 1...
 6607191	[INFO]	XnProperty.cpp	151	Property Depth1.FirmwareMirror was changed to 1.
 6607251	[INFO]	XnProperty.cpp	151	Property Depth1.Mirror was changed to 1.
 6607272	[INFO]	XnProperty.cpp	101	Depth1.Mirror was successfully set.
12212583	[INFO]	XnOpenNI.cpp	1261	Creating node 'User1' of type User...
12236116	[WARNING]	Linux-x86Threads.cpp	173	Failed to set thread priority: Invalid argument
12236161	[WARNING]	XnUSBLinux-x86.cpp	126	USB events thread: Failed to set thread priority to critical. This might cause loss of data...
12237041	[INFO]	XnUSBLinux-x86.cpp	1222	USB read thread was started.
12237075	[INFO]	XnProperty.cpp	151	Property Depth1.ActualReadData was changed to 1.
12708855	[INFO]	XnProperty.cpp	151	Property Depth1.State was changed to 1.
12708906	[INFO]	XnDeviceBase.cpp	370	Stream Depth1 is open.
18714873	[INFO]	XnOpenNI.cpp	1261	Creating node 'Image1' of type Image...
18714927	[INFO]	XnDeviceBase.cpp	1383	Creating stream 'Image1' of type 'Image'...
18715114	[INFO]	XnProperty.cpp	151	Property Image1.Resolution was changed to 0.
18715139	[INFO]	XnProperty.cpp	151	Property Image1.XRes was changed to 320.
18715162	[INFO]	XnProperty.cpp	151	Property Image1.YRes was changed to 240.
18715182	[INFO]	XnProperty.cpp	151	Property Image1.FPS was changed to 30.
18715221	[INFO]	XnProperty.cpp	151	Property Image1.OutputFormat was changed to 5.
18715241	[INFO]	XnProperty.cpp	151	Property Image1.BytesPerPixel was changed to 3.
18715257	[INFO]	XnProperty.cpp	151	Property Image1.RequiredDataSize was changed to 230400.
18715298	[INFO]	XnDeviceBase.cpp	1458	Stream 'Image1' was initialized.
18715319	[INFO]	XnDeviceBase.cpp	1463	'Image1' stream was created.
18715441	[INFO]	XnProperty.cpp	74	Setting Image1.InputFormat to 6...
18715467	[INFO]	XnProperty.cpp	151	Property Image1.InputFormat was changed to 6.
18715486	[INFO]	XnProperty.cpp	101	Image1.InputFormat was successfully set.
18715936	[INFO]	XnDeviceModule.cpp	431	Module 'Image1' configuration was loaded from file.
18716029	[INFO]	XnProperty.cpp	74	Setting Image1.FPS to 30...
18716047	[INFO]	XnProperty.cpp	86	Image1.FPS value did not change.
18716066	[INFO]	XnProperty.cpp	74	Setting Image1.YRes to 480...
18716086	[INFO]	XnProperty.cpp	151	Property Image1.Resolution was changed to 1.
18716104	[INFO]	XnProperty.cpp	151	Property Image1.XRes was changed to 640.
18716121	[INFO]	XnProperty.cpp	151	Property Image1.RequiredDataSize was changed to 460800.
18716141	[INFO]	XnProperty.cpp	151	Property Image1.YRes was changed to 480.
18716158	[INFO]	XnProperty.cpp	151	Property Image1.RequiredDataSize was changed to 921600.
18716177	[INFO]	XnProperty.cpp	101	Image1.YRes was successfully set.
18716195	[INFO]	XnProperty.cpp	74	Setting Image1.XRes to 640...
18716211	[INFO]	XnProperty.cpp	86	Image1.XRes value did not change.
18717146	[INFO]	XnUSBLinux-x86.cpp	1222	USB read thread was started.
18717195	[INFO]	XnProperty.cpp	151	Property Image1.ActualReadData was changed to 1.
18778037	[WARNING]	XnDepthProcessor.cpp	133	Read: Depth buffer is corrupt. Size is 598928 (!= 614400)
18778093	[WARNING]	XnFrameStreamProcessor.cpp	132	Depth frame is corrupt!
18881964	[WARNING]	XnFrameStreamProcessor.cpp	140	Depth Frame Buffer overflow! current size: 612768
18882010	[WARNING]	XnFrameStreamProcessor.cpp	132	Depth frame is corrupt!
18913919	[WARNING]	XnDepthProcessor.cpp	133	Read: Depth buffer is corrupt. Size is 612768 (!= 614400)
21918966	[INFO]	XnProperty.cpp	151	Property Image1.State was changed to 1.
21919009	[INFO]	XnDeviceBase.cpp	370	Stream Image1 is open.
21919180	[INFO]	XnProperty.cpp	74	Setting Depth1.Registration to 1...
21950509	[WARNING]	XnDepthProcessor.cpp	133	Read: Depth buffer is corrupt. Size is 588832 (!= 614400)
21950556	[WARNING]	XnFrameStreamProcessor.cpp	132	Depth frame is corrupt!
22071704	[INFO]	XnProperty.cpp	151	Property Depth1.Registration was changed to 1.
22071747	[INFO]	XnProperty.cpp	101	Depth1.Registration was successfully set.
22071793	[INFO]	XnProperty.cpp	74	Setting Image1.Mirror to 1...
22084442	[INFO]	XnProperty.cpp	151	Property Image1.FirmwareMirror was changed to 1.
22084497	[INFO]	XnProperty.cpp	151	Property Image1.Mirror was changed to 1.
22084564	[INFO]	XnProperty.cpp	101	Image1.Mirror was successfully set.
37581843	[INFO]	XnOpenNI.cpp	1459	Destroying node 'User1'
37588750	[INFO]	XnOpenNI.cpp	1459	Destroying node 'Depth1'
37588840	[INFO]	XnDeviceBase.cpp	1507	Destroying stream 'Depth1'...
37590148	[INFO]	XnOpenNI.cpp	1459	Destroying node 'Image1'
37590206	[INFO]	XnDeviceBase.cpp	1507	Destroying stream 'Image1'...
37590926	[INFO]	XnOpenNI.cpp	1459	Destroying node 'Device1'
