    1938	[INFO]	XnLog.cpp	165	OpenNI version is 1.0.0 (Build 25)-MacOSX (Jan  7 2011 14:20:18)
    1995	[INFO]	XnLog.cpp	173	Log system initialized. Console: 1, File: 1, Severity: INFO, Masks: ALL
    2027	[INFO]	XnLog.cpp	173	Log system initialized. Console: 1, File: 1, Severity: INFO, Masks: ALL
    3270	[INFO]	XnUSBLinux-x86.cpp	98	USB is initialized.
 2894615	[INFO]	XnOpenNI.cpp	1261	Creating node 'Device1' of type Device...
 2895428	[INFO]	XnDeviceModule.cpp	431	Module 'Device' configuration was loaded from file.
 3225301	[INFO]	XnDeviceSensorIO.cpp	135	Connected to USB device
 3225356	[INFO]	XnProperty.cpp	151	Property Device.USBPath was changed to 045e/02ae@250/10.
 3233711	[INFO]	XnHostProtocol.cpp	825	Hardware versions: FW=5.1.4 (7) HW=4 Chip=2 Sensor=4 SYS=7
 4646106	[INFO]	XnProperty.cpp	151	Property Device.ID was changed to 0.
 4646167	[INFO]	XnSensor.cpp	182	Device sensor initialized
 4646251	[INFO]	XnOpenNI.cpp	1261	Creating node 'Depth1' of type Depth...
 4646291	[INFO]	XnDeviceBase.cpp	1383	Creating stream 'Depth1' of type 'Depth'...
 4646309	[INFO]	XnProperty.cpp	74	Setting Device.ReadData to 1...
 4646340	[INFO]	XnDeviceSensorIO.cpp	298	Endpoints open
 4658908	[INFO]	XnProperty.cpp	151	Property Device.ReadData was changed to 1.
 4658949	[INFO]	XnProperty.cpp	101	Device.ReadData was successfully set.
 4659280	[INFO]	XnProperty.cpp	151	Property Depth1.Resolution was changed to 0.
 4659300	[INFO]	XnProperty.cpp	151	Property Depth1.XRes was changed to 320.
 4659313	[INFO]	XnProperty.cpp	151	Property Depth1.YRes was changed to 240.
 4659325	[INFO]	XnProperty.cpp	151	Property Depth1.FPS was changed to 30.
 4659336	[INFO]	XnProperty.cpp	151	Property Depth1.OutputFormat was changed to 1.
 4659347	[INFO]	XnProperty.cpp	151	Property Depth1.BytesPerPixel was changed to 2.
 4659359	[INFO]	XnProperty.cpp	151	Property Depth1.RequiredDataSize was changed to 153600.
 4659376	[INFO]	XnProperty.cpp	151	Property Depth1.ParamCoeff was changed to 4.
 4659434	[INFO]	XnProperty.cpp	151	Property Depth1.ShiftScale was changed to 10.
 4671898	[INFO]	XnProperty.cpp	151	Property Depth1.ConstShift was changed to 200.
 4671986	[INFO]	XnProperty.cpp	151	Property Depth1.ZPD was changed to 120.
 4672084	[INFO]	XnProperty.cpp	151	Property Depth1.ZPPS was changed to 0.104200.
 4672098	[INFO]	XnProperty.cpp	151	Property Depth1.LDDIS was changed to 7.500000.
 4672185	[INFO]	XnProperty.cpp	151	Property Depth1.Gain was changed to 30.
 4672216	[INFO]	XnDeviceBase.cpp	1458	Stream 'Depth1' was initialized.
 4672244	[INFO]	XnDeviceBase.cpp	1463	'Depth1' stream was created.
 4672462	[INFO]	XnProperty.cpp	74	Setting Depth1.InputFormat to 3...
 4672490	[INFO]	XnProperty.cpp	151	Property Depth1.InputFormat was changed to 3.
 4672507	[INFO]	XnProperty.cpp	101	Depth1.InputFormat was successfully set.
 4673019	[INFO]	XnProperty.cpp	74	Setting Depth1.RegistrationType to 2...
 4673040	[INFO]	XnProperty.cpp	151	Property Depth1.RegistrationType was changed to 2.
 4673058	[INFO]	XnProperty.cpp	101	Depth1.RegistrationType was successfully set.
 4673535	[INFO]	XnDeviceModule.cpp	431	Module 'Depth1' configuration was loaded from file.
 4673722	[INFO]	XnProperty.cpp	74	Setting Depth1.FPS to 30...
 4673741	[INFO]	XnProperty.cpp	86	Depth1.FPS value did not change.
 4673759	[INFO]	XnProperty.cpp	74	Setting Depth1.YRes to 480...
 4673781	[INFO]	XnProperty.cpp	151	Property Depth1.Resolution was changed to 1.
 4673801	[INFO]	XnProperty.cpp	151	Property Depth1.XRes was changed to 640.
 4673820	[INFO]	XnProperty.cpp	151	Property Depth1.RequiredDataSize was changed to 307200.
 4673842	[INFO]	XnProperty.cpp	151	Property Depth1.YRes was changed to 480.
 4673859	[INFO]	XnProperty.cpp	151	Property Depth1.RequiredDataSize was changed to 614400.
 4673878	[INFO]	XnProperty.cpp	101	Depth1.YRes was successfully set.
 4673896	[INFO]	XnProperty.cpp	74	Setting Depth1.XRes to 640...
 4673912	[INFO]	XnProperty.cpp	86	Depth1.XRes value did not change.
 4673968	[INFO]	XnProperty.cpp	74	Setting Depth1.Mirror to 1...
 4673986	[INFO]	XnProperty.cpp	151	Property Depth1.FirmwareMirror was changed to 1.
 4674043	[INFO]	XnProperty.cpp	151	Property Depth1.Mirror was changed to 1.
 4674061	[INFO]	XnProperty.cpp	101	Depth1.Mirror was successfully set.
 7172601	[INFO]	XnOpenNI.cpp	1261	Creating node 'User1' of type User...
 7196810	[WARNING]	Linux-x86Threads.cpp	173	Failed to set thread priority: Invalid argument
 7196857	[WARNING]	XnUSBLinux-x86.cpp	126	USB events thread: Failed to set thread priority to critical. This might cause loss of data...
 7197798	[INFO]	XnUSBLinux-x86.cpp	1222	USB read thread was started.
 7197837	[INFO]	XnProperty.cpp	151	Property Depth1.ActualReadData was changed to 1.
 7669957	[INFO]	XnProperty.cpp	151	Property Depth1.State was changed to 1.
 7670000	[INFO]	XnDeviceBase.cpp	370	Stream Depth1 is open.
10785788	[INFO]	XnOpenNI.cpp	1261	Creating node 'Image1' of type Image...
10785850	[INFO]	XnDeviceBase.cpp	1383	Creating stream 'Image1' of type 'Image'...
10786095	[INFO]	XnProperty.cpp	151	Property Image1.Resolution was changed to 0.
10786125	[INFO]	XnProperty.cpp	151	Property Image1.XRes was changed to 320.
10786146	[INFO]	XnProperty.cpp	151	Property Image1.YRes was changed to 240.
10786168	[INFO]	XnProperty.cpp	151	Property Image1.FPS was changed to 30.
10786185	[INFO]	XnProperty.cpp	151	Property Image1.OutputFormat was changed to 5.
10786203	[INFO]	XnProperty.cpp	151	Property Image1.BytesPerPixel was changed to 3.
10786220	[INFO]	XnProperty.cpp	151	Property Image1.RequiredDataSize was changed to 230400.
10786258	[INFO]	XnDeviceBase.cpp	1458	Stream 'Image1' was initialized.
10786278	[INFO]	XnDeviceBase.cpp	1463	'Image1' stream was created.
10786414	[INFO]	XnProperty.cpp	74	Setting Image1.InputFormat to 6...
10786444	[INFO]	XnProperty.cpp	151	Property Image1.InputFormat was changed to 6.
10786463	[INFO]	XnProperty.cpp	101	Image1.InputFormat was successfully set.
10787056	[INFO]	XnDeviceModule.cpp	431	Module 'Image1' configuration was loaded from file.
10787174	[INFO]	XnProperty.cpp	74	Setting Image1.FPS to 30...
10787199	[INFO]	XnProperty.cpp	86	Image1.FPS value did not change.
10787221	[INFO]	XnProperty.cpp	74	Setting Image1.YRes to 480...
10787244	[INFO]	XnProperty.cpp	151	Property Image1.Resolution was changed to 1.
10787266	[INFO]	XnProperty.cpp	151	Property Image1.XRes was changed to 640.
10787287	[INFO]	XnProperty.cpp	151	Property Image1.RequiredDataSize was changed to 460800.
10787310	[INFO]	XnProperty.cpp	151	Property Image1.YRes was changed to 480.
10787332	[INFO]	XnProperty.cpp	151	Property Image1.RequiredDataSize was changed to 921600.
10787354	[INFO]	XnProperty.cpp	101	Image1.YRes was successfully set.
10787373	[INFO]	XnProperty.cpp	74	Setting Image1.XRes to 640...
10787390	[INFO]	XnProperty.cpp	86	Image1.XRes value did not change.
10788498	[INFO]	XnUSBLinux-x86.cpp	1222	USB read thread was started.
10788536	[INFO]	XnProperty.cpp	151	Property Image1.ActualReadData was changed to 1.
10969915	[WARNING]	XnDepthProcessor.cpp	133	Read: Depth buffer is corrupt. Size is 520992 (!= 614400)
10969967	[WARNING]	XnFrameStreamProcessor.cpp	132	Depth frame is corrupt!
13989719	[INFO]	XnProperty.cpp	151	Property Image1.State was changed to 1.
13989761	[INFO]	XnDeviceBase.cpp	370	Stream Image1 is open.
13989925	[INFO]	XnProperty.cpp	74	Setting Depth1.Registration to 1...
13996374	[WARNING]	XnFirmwareStreams.cpp	324	Unknown packet type (0x3648)!!!
14000380	[WARNING]	XnFirmwareStreams.cpp	324	Unknown packet type (0x3648)!!!
14006420	[WARNING]	XnDepthProcessor.cpp	133	Read: Depth buffer is corrupt. Size is 587392 (!= 614400)
14006446	[WARNING]	XnFrameStreamProcessor.cpp	132	Depth frame is corrupt!
14141617	[INFO]	XnProperty.cpp	151	Property Depth1.Registration was changed to 1.
14141660	[INFO]	XnProperty.cpp	101	Depth1.Registration was successfully set.
14141708	[INFO]	XnProperty.cpp	74	Setting Image1.Mirror to 1...
14154066	[INFO]	XnProperty.cpp	151	Property Image1.FirmwareMirror was changed to 1.
14154108	[INFO]	XnProperty.cpp	151	Property Image1.Mirror was changed to 1.
14154120	[INFO]	XnProperty.cpp	101	Image1.Mirror was successfully set.
26384377	[INFO]	XnOpenNI.cpp	1459	Destroying node 'User1'
26391492	[INFO]	XnOpenNI.cpp	1459	Destroying node 'Depth1'
26391581	[INFO]	XnDeviceBase.cpp	1507	Destroying stream 'Depth1'...
26392491	[INFO]	XnOpenNI.cpp	1459	Destroying node 'Image1'
26392533	[INFO]	XnDeviceBase.cpp	1507	Destroying stream 'Image1'...
26393096	[INFO]	XnOpenNI.cpp	1459	Destroying node 'Device1'
