    1395	[INFO]	XnLog.cpp	165	OpenNI version is 1.0.0 (Build 25)-MacOSX (Jan  7 2011 14:20:18)
    1440	[INFO]	XnLog.cpp	173	Log system initialized. Console: 1, File: 1, Severity: INFO, Masks: ALL
    1464	[INFO]	XnLog.cpp	173	Log system initialized. Console: 1, File: 1, Severity: INFO, Masks: ALL
    2633	[INFO]	XnUSBLinux-x86.cpp	98	USB is initialized.
 2931334	[INFO]	XnOpenNI.cpp	1261	Creating node 'Device1' of type Device...
 2932738	[INFO]	XnDeviceModule.cpp	431	Module 'Device' configuration was loaded from file.
 3256763	[INFO]	XnDeviceSensorIO.cpp	135	Connected to USB device
 3256820	[INFO]	XnProperty.cpp	151	Property Device.USBPath was changed to 045e/02ae@253/8.
 3264584	[INFO]	XnHostProtocol.cpp	825	Hardware versions: FW=5.1.4 (7) HW=4 Chip=2 Sensor=4 SYS=7
 4675596	[INFO]	XnProperty.cpp	151	Property Device.ID was changed to 0.
 4675691	[INFO]	XnSensor.cpp	182	Device sensor initialized
 4675856	[INFO]	XnOpenNI.cpp	1261	Creating node 'Depth1' of type Depth...
 4675932	[INFO]	XnDeviceBase.cpp	1383	Creating stream 'Depth1' of type 'Depth'...
 4675965	[INFO]	XnProperty.cpp	74	Setting Device.ReadData to 1...
 4676020	[INFO]	XnDeviceSensorIO.cpp	298	Endpoints open
 4688580	[INFO]	XnProperty.cpp	151	Property Device.ReadData was changed to 1.
 4688632	[INFO]	XnProperty.cpp	101	Device.ReadData was successfully set.
 4689067	[INFO]	XnProperty.cpp	151	Property Depth1.Resolution was changed to 0.
 4689096	[INFO]	XnProperty.cpp	151	Property Depth1.XRes was changed to 320.
 4689123	[INFO]	XnProperty.cpp	151	Property Depth1.YRes was changed to 240.
 4689150	[INFO]	XnProperty.cpp	151	Property Depth1.FPS was changed to 30.
 4689174	[INFO]	XnProperty.cpp	151	Property Depth1.OutputFormat was changed to 1.
 4689197	[INFO]	XnProperty.cpp	151	Property Depth1.BytesPerPixel was changed to 2.
 4689221	[INFO]	XnProperty.cpp	151	Property Depth1.RequiredDataSize was changed to 153600.
 4689251	[INFO]	XnProperty.cpp	151	Property Depth1.ParamCoeff was changed to 4.
 4689335	[INFO]	XnProperty.cpp	151	Property Depth1.ShiftScale was changed to 10.
 4701780	[INFO]	XnProperty.cpp	151	Property Depth1.ConstShift was changed to 200.
 4701897	[INFO]	XnProperty.cpp	151	Property Depth1.ZPD was changed to 120.
 4702031	[INFO]	XnProperty.cpp	151	Property Depth1.ZPPS was changed to 0.104200.
 4702050	[INFO]	XnProperty.cpp	151	Property Depth1.LDDIS was changed to 7.500000.
 4702168	[INFO]	XnProperty.cpp	151	Property Depth1.Gain was changed to 30.
 4702205	[INFO]	XnDeviceBase.cpp	1458	Stream 'Depth1' was initialized.
 4702224	[INFO]	XnDeviceBase.cpp	1463	'Depth1' stream was created.
 4702408	[INFO]	XnProperty.cpp	74	Setting Depth1.InputFormat to 3...
 4702434	[INFO]	XnProperty.cpp	151	Property Depth1.InputFormat was changed to 3.
 4702450	[INFO]	XnProperty.cpp	101	Depth1.InputFormat was successfully set.
 4703053	[INFO]	XnProperty.cpp	74	Setting Depth1.RegistrationType to 2...
 4703078	[INFO]	XnProperty.cpp	151	Property Depth1.RegistrationType was changed to 2.
 4703094	[INFO]	XnProperty.cpp	101	Depth1.RegistrationType was successfully set.
 4703716	[INFO]	XnDeviceModule.cpp	431	Module 'Depth1' configuration was loaded from file.
 4703948	[INFO]	XnProperty.cpp	74	Setting Depth1.FPS to 30...
 4703970	[INFO]	XnProperty.cpp	86	Depth1.FPS value did not change.
 4703985	[INFO]	XnProperty.cpp	74	Setting Depth1.YRes to 480...
 4704004	[INFO]	XnProperty.cpp	151	Property Depth1.Resolution was changed to 1.
 4704024	[INFO]	XnProperty.cpp	151	Property Depth1.XRes was changed to 640.
 4704038	[INFO]	XnProperty.cpp	151	Property Depth1.RequiredDataSize was changed to 307200.
 4704055	[INFO]	XnProperty.cpp	151	Property Depth1.YRes was changed to 480.
 4704068	[INFO]	XnProperty.cpp	151	Property Depth1.RequiredDataSize was changed to 614400.
 4704083	[INFO]	XnProperty.cpp	101	Depth1.YRes was successfully set.
 4704098	[INFO]	XnProperty.cpp	74	Setting Depth1.XRes to 640...
 4704110	[INFO]	XnProperty.cpp	86	Depth1.XRes value did not change.
 4704161	[INFO]	XnProperty.cpp	74	Setting Depth1.Mirror to 1...
 4704181	[INFO]	XnProperty.cpp	151	Property Depth1.FirmwareMirror was changed to 1.
 4704236	[INFO]	XnProperty.cpp	151	Property Depth1.Mirror was changed to 1.
 4704253	[INFO]	XnProperty.cpp	101	Depth1.Mirror was successfully set.
 7325239	[INFO]	XnOpenNI.cpp	1261	Creating node 'User1' of type User...
 7353530	[WARNING]	Linux-x86Threads.cpp	173	Failed to set thread priority: Invalid argument
 7353587	[WARNING]	XnUSBLinux-x86.cpp	126	USB events thread: Failed to set thread priority to critical. This might cause loss of data...
 7354611	[INFO]	XnUSBLinux-x86.cpp	1222	USB read thread was started.
 7354655	[INFO]	XnProperty.cpp	151	Property Depth1.ActualReadData was changed to 1.
 7825028	[INFO]	XnProperty.cpp	151	Property Depth1.State was changed to 1.
 7825070	[INFO]	XnDeviceBase.cpp	370	Stream Depth1 is open.
11147405	[INFO]	XnOpenNI.cpp	1261	Creating node 'Image1' of type Image...
11147456	[INFO]	XnDeviceBase.cpp	1383	Creating stream 'Image1' of type 'Image'...
11147683	[INFO]	XnProperty.cpp	151	Property Image1.Resolution was changed to 0.
11147704	[INFO]	XnProperty.cpp	151	Property Image1.XRes was changed to 320.
11147717	[INFO]	XnProperty.cpp	151	Property Image1.YRes was changed to 240.
11147729	[INFO]	XnProperty.cpp	151	Property Image1.FPS was changed to 30.
11147740	[INFO]	XnProperty.cpp	151	Property Image1.OutputFormat was changed to 5.
11147752	[INFO]	XnProperty.cpp	151	Property Image1.BytesPerPixel was changed to 3.
11147765	[INFO]	XnProperty.cpp	151	Property Image1.RequiredDataSize was changed to 230400.
11147793	[INFO]	XnDeviceBase.cpp	1458	Stream 'Image1' was initialized.
11147808	[INFO]	XnDeviceBase.cpp	1463	'Image1' stream was created.
11147913	[INFO]	XnProperty.cpp	74	Setting Image1.InputFormat to 6...
11147935	[INFO]	XnProperty.cpp	151	Property Image1.InputFormat was changed to 6.
11147948	[INFO]	XnProperty.cpp	101	Image1.InputFormat was successfully set.
11148356	[INFO]	XnDeviceModule.cpp	431	Module 'Image1' configuration was loaded from file.
11148439	[INFO]	XnProperty.cpp	74	Setting Image1.FPS to 30...
11148454	[INFO]	XnProperty.cpp	86	Image1.FPS value did not change.
11148466	[INFO]	XnProperty.cpp	74	Setting Image1.YRes to 480...
11148479	[INFO]	XnProperty.cpp	151	Property Image1.Resolution was changed to 1.
11148491	[INFO]	XnProperty.cpp	151	Property Image1.XRes was changed to 640.
11148503	[INFO]	XnProperty.cpp	151	Property Image1.RequiredDataSize was changed to 460800.
11148516	[INFO]	XnProperty.cpp	151	Property Image1.YRes was changed to 480.
11148528	[INFO]	XnProperty.cpp	151	Property Image1.RequiredDataSize was changed to 921600.
11148540	[INFO]	XnProperty.cpp	101	Image1.YRes was successfully set.
11148552	[INFO]	XnProperty.cpp	74	Setting Image1.XRes to 640...
11148563	[INFO]	XnProperty.cpp	86	Image1.XRes value did not change.
11149484	[INFO]	XnUSBLinux-x86.cpp	1222	USB read thread was started.
11149524	[INFO]	XnProperty.cpp	151	Property Image1.ActualReadData was changed to 1.
11327000	[WARNING]	XnDepthProcessor.cpp	133	Read: Depth buffer is corrupt. Size is 536016 (!= 614400)
11327045	[WARNING]	XnFrameStreamProcessor.cpp	132	Depth frame is corrupt!
14231467	[WARNING]	XnDepthProcessor.cpp	133	Read: Depth buffer is corrupt. Size is 597840 (!= 614400)
14231511	[WARNING]	XnFrameStreamProcessor.cpp	132	Depth frame is corrupt!
14350314	[INFO]	XnProperty.cpp	151	Property Image1.State was changed to 1.
14350367	[INFO]	XnDeviceBase.cpp	370	Stream Image1 is open.
14350537	[INFO]	XnProperty.cpp	74	Setting Depth1.Registration to 1...
14395516	[WARNING]	XnDepthProcessor.cpp	133	Read: Depth buffer is corrupt. Size is 591088 (!= 614400)
14395562	[WARNING]	XnFrameStreamProcessor.cpp	132	Depth frame is corrupt!
14502810	[INFO]	XnProperty.cpp	151	Property Depth1.Registration was changed to 1.
14502852	[INFO]	XnProperty.cpp	101	Depth1.Registration was successfully set.
14502896	[INFO]	XnProperty.cpp	74	Setting Image1.Mirror to 1...
14515192	[INFO]	XnProperty.cpp	151	Property Image1.FirmwareMirror was changed to 1.
14515235	[INFO]	XnProperty.cpp	151	Property Image1.Mirror was changed to 1.
14515248	[INFO]	XnProperty.cpp	101	Image1.Mirror was successfully set.
52917163	[INFO]	XnOpenNI.cpp	1459	Destroying node 'User1'
52927898	[INFO]	XnOpenNI.cpp	1459	Destroying node 'Depth1'
52928007	[INFO]	XnDeviceBase.cpp	1507	Destroying stream 'Depth1'...
52929460	[INFO]	XnOpenNI.cpp	1459	Destroying node 'Image1'
52929506	[INFO]	XnDeviceBase.cpp	1507	Destroying stream 'Image1'...
52930445	[INFO]	XnOpenNI.cpp	1459	Destroying node 'Device1'
