    1644	[INFO]	XnLog.cpp	165	OpenNI version is 1.0.0 (Build 25)-MacOSX (Jan  7 2011 14:20:18)
    1703	[INFO]	XnLog.cpp	173	Log system initialized. Console: 1, File: 1, Severity: INFO, Masks: ALL
    1739	[INFO]	XnLog.cpp	173	Log system initialized. Console: 1, File: 1, Severity: INFO, Masks: ALL
    3277	[INFO]	XnUSBLinux-x86.cpp	98	USB is initialized.
 2914399	[INFO]	XnOpenNI.cpp	1261	Creating node 'Device1' of type Device...
 2915464	[INFO]	XnDeviceModule.cpp	431	Module 'Device' configuration was loaded from file.
 3247066	[INFO]	XnDeviceSensorIO.cpp	135	Connected to USB device
 3247122	[INFO]	XnProperty.cpp	151	Property Device.USBPath was changed to 045e/02ae@250/10.
 3254153	[INFO]	XnHostProtocol.cpp	825	Hardware versions: FW=5.1.4 (7) HW=4 Chip=2 Sensor=4 SYS=7
 4668599	[INFO]	XnProperty.cpp	151	Property Device.ID was changed to 0.
 4668664	[INFO]	XnSensor.cpp	182	Device sensor initialized
 4668770	[INFO]	XnOpenNI.cpp	1261	Creating node 'Depth1' of type Depth...
 4668813	[INFO]	XnDeviceBase.cpp	1383	Creating stream 'Depth1' of type 'Depth'...
 4668833	[INFO]	XnProperty.cpp	74	Setting Device.ReadData to 1...
 4668867	[INFO]	XnDeviceSensorIO.cpp	298	Endpoints open
 4681398	[INFO]	XnProperty.cpp	151	Property Device.ReadData was changed to 1.
 4681454	[INFO]	XnProperty.cpp	101	Device.ReadData was successfully set.
 4681877	[INFO]	XnProperty.cpp	151	Property Depth1.Resolution was changed to 0.
 4681902	[INFO]	XnProperty.cpp	151	Property Depth1.XRes was changed to 320.
 4681924	[INFO]	XnProperty.cpp	151	Property Depth1.YRes was changed to 240.
 4681943	[INFO]	XnProperty.cpp	151	Property Depth1.FPS was changed to 30.
 4681960	[INFO]	XnProperty.cpp	151	Property Depth1.OutputFormat was changed to 1.
 4681978	[INFO]	XnProperty.cpp	151	Property Depth1.BytesPerPixel was changed to 2.
 4681996	[INFO]	XnProperty.cpp	151	Property Depth1.RequiredDataSize was changed to 153600.
 4682021	[INFO]	XnProperty.cpp	151	Property Depth1.ParamCoeff was changed to 4.
 4682095	[INFO]	XnProperty.cpp	151	Property Depth1.ShiftScale was changed to 10.
 4694569	[INFO]	XnProperty.cpp	151	Property Depth1.ConstShift was changed to 200.
 4694692	[INFO]	XnProperty.cpp	151	Property Depth1.ZPD was changed to 120.
 4694792	[INFO]	XnProperty.cpp	151	Property Depth1.ZPPS was changed to 0.104200.
 4694808	[INFO]	XnProperty.cpp	151	Property Depth1.LDDIS was changed to 7.500000.
 4694896	[INFO]	XnProperty.cpp	151	Property Depth1.Gain was changed to 30.
 4694930	[INFO]	XnDeviceBase.cpp	1458	Stream 'Depth1' was initialized.
 4694944	[INFO]	XnDeviceBase.cpp	1463	'Depth1' stream was created.
 4695130	[INFO]	XnProperty.cpp	74	Setting Depth1.InputFormat to 3...
 4695152	[INFO]	XnProperty.cpp	151	Property Depth1.InputFormat was changed to 3.
 4695165	[INFO]	XnProperty.cpp	101	Depth1.InputFormat was successfully set.
 4695772	[INFO]	XnProperty.cpp	74	Setting Depth1.RegistrationType to 2...
 4695797	[INFO]	XnProperty.cpp	151	Property Depth1.RegistrationType was changed to 2.
 4695814	[INFO]	XnProperty.cpp	101	Depth1.RegistrationType was successfully set.
 4696463	[INFO]	XnDeviceModule.cpp	431	Module 'Depth1' configuration was loaded from file.
 4696682	[INFO]	XnProperty.cpp	74	Setting Depth1.FPS to 30...
 4696703	[INFO]	XnProperty.cpp	86	Depth1.FPS value did not change.
 4696721	[INFO]	XnProperty.cpp	74	Setting Depth1.YRes to 480...
 4696747	[INFO]	XnProperty.cpp	151	Property Depth1.Resolution was changed to 1.
 4696768	[INFO]	XnProperty.cpp	151	Property Depth1.XRes was changed to 640.
 4696787	[INFO]	XnProperty.cpp	151	Property Depth1.RequiredDataSize was changed to 307200.
 4696809	[INFO]	XnProperty.cpp	151	Property Depth1.YRes was changed to 480.
 4696826	[INFO]	XnProperty.cpp	151	Property Depth1.RequiredDataSize was changed to 614400.
 4696845	[INFO]	XnProperty.cpp	101	Depth1.YRes was successfully set.
 4696864	[INFO]	XnProperty.cpp	74	Setting Depth1.XRes to 640...
 4696879	[INFO]	XnProperty.cpp	86	Depth1.XRes value did not change.
 4696935	[INFO]	XnProperty.cpp	74	Setting Depth1.Mirror to 1...
 4696955	[INFO]	XnProperty.cpp	151	Property Depth1.FirmwareMirror was changed to 1.
 4697009	[INFO]	XnProperty.cpp	151	Property Depth1.Mirror was changed to 1.
 4697028	[INFO]	XnProperty.cpp	101	Depth1.Mirror was successfully set.
 6984447	[INFO]	XnOpenNI.cpp	1261	Creating node 'User1' of type User...
 7008470	[WARNING]	Linux-x86Threads.cpp	173	Failed to set thread priority: Invalid argument
 7008518	[WARNING]	XnUSBLinux-x86.cpp	126	USB events thread: Failed to set thread priority to critical. This might cause loss of data...
 7009275	[INFO]	XnUSBLinux-x86.cpp	1222	USB read thread was started.
 7009302	[INFO]	XnProperty.cpp	151	Property Depth1.ActualReadData was changed to 1.
 7480931	[INFO]	XnProperty.cpp	151	Property Depth1.State was changed to 1.
 7480976	[INFO]	XnDeviceBase.cpp	370	Stream Depth1 is open.
 9514216	[INFO]	XnOpenNI.cpp	1261	Creating node 'Image1' of type Image...
 9514271	[INFO]	XnDeviceBase.cpp	1383	Creating stream 'Image1' of type 'Image'...
 9514459	[INFO]	XnProperty.cpp	151	Property Image1.Resolution was changed to 0.
 9514479	[INFO]	XnProperty.cpp	151	Property Image1.XRes was changed to 320.
 9514492	[INFO]	XnProperty.cpp	151	Property Image1.YRes was changed to 240.
 9514504	[INFO]	XnProperty.cpp	151	Property Image1.FPS was changed to 30.
 9514516	[INFO]	XnProperty.cpp	151	Property Image1.OutputFormat was changed to 5.
 9514528	[INFO]	XnProperty.cpp	151	Property Image1.BytesPerPixel was changed to 3.
 9514540	[INFO]	XnProperty.cpp	151	Property Image1.RequiredDataSize was changed to 230400.
 9514568	[INFO]	XnDeviceBase.cpp	1458	Stream 'Image1' was initialized.
 9514582	[INFO]	XnDeviceBase.cpp	1463	'Image1' stream was created.
 9514688	[INFO]	XnProperty.cpp	74	Setting Image1.InputFormat to 6...
 9514708	[INFO]	XnProperty.cpp	151	Property Image1.InputFormat was changed to 6.
 9514721	[INFO]	XnProperty.cpp	101	Image1.InputFormat was successfully set.
 9515155	[INFO]	XnDeviceModule.cpp	431	Module 'Image1' configuration was loaded from file.
 9515242	[INFO]	XnProperty.cpp	74	Setting Image1.FPS to 30...
 9515258	[INFO]	XnProperty.cpp	86	Image1.FPS value did not change.
 9515270	[INFO]	XnProperty.cpp	74	Setting Image1.YRes to 480...
 9515283	[INFO]	XnProperty.cpp	151	Property Image1.Resolution was changed to 1.
 9515296	[INFO]	XnProperty.cpp	151	Property Image1.XRes was changed to 640.
 9515308	[INFO]	XnProperty.cpp	151	Property Image1.RequiredDataSize was changed to 460800.
 9515321	[INFO]	XnProperty.cpp	151	Property Image1.YRes was changed to 480.
 9515333	[INFO]	XnProperty.cpp	151	Property Image1.RequiredDataSize was changed to 921600.
 9515346	[INFO]	XnProperty.cpp	101	Image1.YRes was successfully set.
 9515358	[INFO]	XnProperty.cpp	74	Setting Image1.XRes to 640...
 9515370	[INFO]	XnProperty.cpp	86	Image1.XRes value did not change.
 9516315	[INFO]	XnUSBLinux-x86.cpp	1222	USB read thread was started.
 9516356	[INFO]	XnProperty.cpp	151	Property Image1.ActualReadData was changed to 1.
 9681239	[WARNING]	XnDepthProcessor.cpp	133	Read: Depth buffer is corrupt. Size is 589536 (!= 614400)
 9681286	[WARNING]	XnFrameStreamProcessor.cpp	132	Depth frame is corrupt!
 9713217	[WARNING]	XnDepthProcessor.cpp	133	Read: Depth buffer is corrupt. Size is 566592 (!= 614400)
 9713262	[WARNING]	XnFrameStreamProcessor.cpp	132	Depth frame is corrupt!
12617749	[WARNING]	XnDepthProcessor.cpp	133	Read: Depth buffer is corrupt. Size is 583856 (!= 614400)
12617797	[WARNING]	XnFrameStreamProcessor.cpp	132	Depth frame is corrupt!
12717583	[INFO]	XnProperty.cpp	151	Property Image1.State was changed to 1.
12717635	[INFO]	XnDeviceBase.cpp	370	Stream Image1 is open.
12717841	[INFO]	XnProperty.cpp	74	Setting Depth1.Registration to 1...
12749783	[WARNING]	XnDepthProcessor.cpp	133	Read: Depth buffer is corrupt. Size is 592048 (!= 614400)
12749831	[WARNING]	XnFrameStreamProcessor.cpp	132	Depth frame is corrupt!
12869747	[INFO]	XnProperty.cpp	151	Property Depth1.Registration was changed to 1.
12869791	[INFO]	XnProperty.cpp	101	Depth1.Registration was successfully set.
12869839	[INFO]	XnProperty.cpp	74	Setting Image1.Mirror to 1...
12882627	[INFO]	XnProperty.cpp	151	Property Image1.FirmwareMirror was changed to 1.
12882903	[INFO]	XnProperty.cpp	151	Property Image1.Mirror was changed to 1.
12882917	[INFO]	XnProperty.cpp	101	Image1.Mirror was successfully set.
41892198	[INFO]	XnOpenNI.cpp	1459	Destroying node 'User1'
41900225	[INFO]	XnOpenNI.cpp	1459	Destroying node 'Depth1'
41900319	[INFO]	XnDeviceBase.cpp	1507	Destroying stream 'Depth1'...
41901660	[INFO]	XnOpenNI.cpp	1459	Destroying node 'Image1'
41901729	[INFO]	XnDeviceBase.cpp	1507	Destroying stream 'Image1'...
41902667	[INFO]	XnOpenNI.cpp	1459	Destroying node 'Device1'
