    1617	[INFO]	XnLog.cpp	165	OpenNI version is 1.0.0 (Build 25)-MacOSX (Jan  7 2011 14:20:18)
    1661	[INFO]	XnLog.cpp	173	Log system initialized. Console: 1, File: 1, Severity: INFO, Masks: ALL
    1684	[INFO]	XnLog.cpp	173	Log system initialized. Console: 1, File: 1, Severity: INFO, Masks: ALL
    2807	[INFO]	XnUSBLinux-x86.cpp	98	USB is initialized.
 2932350	[INFO]	XnOpenNI.cpp	1261	Creating node 'Device1' of type Device...
 2933551	[INFO]	XnDeviceModule.cpp	431	Module 'Device' configuration was loaded from file.
 3258754	[INFO]	XnDeviceSensorIO.cpp	135	Connected to USB device
 3258813	[INFO]	XnProperty.cpp	151	Property Device.USBPath was changed to 045e/02ae@253/8.
 3267405	[INFO]	XnHostProtocol.cpp	825	Hardware versions: FW=5.1.4 (7) HW=4 Chip=2 Sensor=4 SYS=7
 4680544	[INFO]	XnProperty.cpp	151	Property Device.ID was changed to 0.
 4680625	[INFO]	XnSensor.cpp	182	Device sensor initialized
 4680737	[INFO]	XnOpenNI.cpp	1261	Creating node 'Depth1' of type Depth...
 4680801	[INFO]	XnDeviceBase.cpp	1383	Creating stream 'Depth1' of type 'Depth'...
 4680841	[INFO]	XnProperty.cpp	74	Setting Device.ReadData to 1...
 4680902	[INFO]	XnDeviceSensorIO.cpp	298	Endpoints open
 4693562	[INFO]	XnProperty.cpp	151	Property Device.ReadData was changed to 1.
 4693610	[INFO]	XnProperty.cpp	101	Device.ReadData was successfully set.
 4694045	[INFO]	XnProperty.cpp	151	Property Depth1.Resolution was changed to 0.
 4694070	[INFO]	XnProperty.cpp	151	Property Depth1.XRes was changed to 320.
 4694087	[INFO]	XnProperty.cpp	151	Property Depth1.YRes was changed to 240.
 4694102	[INFO]	XnProperty.cpp	151	Property Depth1.FPS was changed to 30.
 4694117	[INFO]	XnProperty.cpp	151	Property Depth1.OutputFormat was changed to 1.
 4694134	[INFO]	XnProperty.cpp	151	Property Depth1.BytesPerPixel was changed to 2.
 4694150	[INFO]	XnProperty.cpp	151	Property Depth1.RequiredDataSize was changed to 153600.
 4694171	[INFO]	XnProperty.cpp	151	Property Depth1.ParamCoeff was changed to 4.
 4694250	[INFO]	XnProperty.cpp	151	Property Depth1.ShiftScale was changed to 10.
 4706684	[INFO]	XnProperty.cpp	151	Property Depth1.ConstShift was changed to 200.
 4706775	[INFO]	XnProperty.cpp	151	Property Depth1.ZPD was changed to 120.
 4706885	[INFO]	XnProperty.cpp	151	Property Depth1.ZPPS was changed to 0.104200.
 4706901	[INFO]	XnProperty.cpp	151	Property Depth1.LDDIS was changed to 7.500000.
 4706994	[INFO]	XnProperty.cpp	151	Property Depth1.Gain was changed to 30.
 4707023	[INFO]	XnDeviceBase.cpp	1458	Stream 'Depth1' was initialized.
 4707036	[INFO]	XnDeviceBase.cpp	1463	'Depth1' stream was created.
 4707206	[INFO]	XnProperty.cpp	74	Setting Depth1.InputFormat to 3...
 4707233	[INFO]	XnProperty.cpp	151	Property Depth1.InputFormat was changed to 3.
 4707253	[INFO]	XnProperty.cpp	101	Depth1.InputFormat was successfully set.
 4707697	[INFO]	XnProperty.cpp	74	Setting Depth1.RegistrationType to 2...
 4707715	[INFO]	XnProperty.cpp	151	Property Depth1.RegistrationType was changed to 2.
 4707726	[INFO]	XnProperty.cpp	101	Depth1.RegistrationType was successfully set.
 4708182	[INFO]	XnDeviceModule.cpp	431	Module 'Depth1' configuration was loaded from file.
 4708368	[INFO]	XnProperty.cpp	74	Setting Depth1.FPS to 30...
 4708387	[INFO]	XnProperty.cpp	86	Depth1.FPS value did not change.
 4708399	[INFO]	XnProperty.cpp	74	Setting Depth1.YRes to 480...
 4708413	[INFO]	XnProperty.cpp	151	Property Depth1.Resolution was changed to 1.
 4708427	[INFO]	XnProperty.cpp	151	Property Depth1.XRes was changed to 640.
 4708440	[INFO]	XnProperty.cpp	151	Property Depth1.RequiredDataSize was changed to 307200.
 4708455	[INFO]	XnProperty.cpp	151	Property Depth1.YRes was changed to 480.
 4708467	[INFO]	XnProperty.cpp	151	Property Depth1.RequiredDataSize was changed to 614400.
 4708479	[INFO]	XnProperty.cpp	101	Depth1.YRes was successfully set.
 4708491	[INFO]	XnProperty.cpp	74	Setting Depth1.XRes to 640...
 4708502	[INFO]	XnProperty.cpp	86	Depth1.XRes value did not change.
 4708544	[INFO]	XnProperty.cpp	74	Setting Depth1.Mirror to 1...
 4708558	[INFO]	XnProperty.cpp	151	Property Depth1.FirmwareMirror was changed to 1.
 4708605	[INFO]	XnProperty.cpp	151	Property Depth1.Mirror was changed to 1.
 4708617	[INFO]	XnProperty.cpp	101	Depth1.Mirror was successfully set.
 7216943	[INFO]	XnOpenNI.cpp	1261	Creating node 'User1' of type User...
 7243112	[WARNING]	Linux-x86Threads.cpp	173	Failed to set thread priority: Invalid argument
 7243158	[WARNING]	XnUSBLinux-x86.cpp	126	USB events thread: Failed to set thread priority to critical. This might cause loss of data...
 7243936	[INFO]	XnUSBLinux-x86.cpp	1222	USB read thread was started.
 7243963	[INFO]	XnProperty.cpp	151	Property Depth1.ActualReadData was changed to 1.
 7714688	[INFO]	XnProperty.cpp	151	Property Depth1.State was changed to 1.
 7714730	[INFO]	XnDeviceBase.cpp	370	Stream Depth1 is open.
11034731	[INFO]	XnOpenNI.cpp	1261	Creating node 'Image1' of type Image...
11034783	[INFO]	XnDeviceBase.cpp	1383	Creating stream 'Image1' of type 'Image'...
11034951	[INFO]	XnProperty.cpp	151	Property Image1.Resolution was changed to 0.
11034970	[INFO]	XnProperty.cpp	151	Property Image1.XRes was changed to 320.
11034983	[INFO]	XnProperty.cpp	151	Property Image1.YRes was changed to 240.
11034996	[INFO]	XnProperty.cpp	151	Property Image1.FPS was changed to 30.
11035007	[INFO]	XnProperty.cpp	151	Property Image1.OutputFormat was changed to 5.
11035018	[INFO]	XnProperty.cpp	151	Property Image1.BytesPerPixel was changed to 3.
11035030	[INFO]	XnProperty.cpp	151	Property Image1.RequiredDataSize was changed to 230400.
11035058	[INFO]	XnDeviceBase.cpp	1458	Stream 'Image1' was initialized.
11035072	[INFO]	XnDeviceBase.cpp	1463	'Image1' stream was created.
11035170	[INFO]	XnProperty.cpp	74	Setting Image1.InputFormat to 6...
11035189	[INFO]	XnProperty.cpp	151	Property Image1.InputFormat was changed to 6.
11035202	[INFO]	XnProperty.cpp	101	Image1.InputFormat was successfully set.
11035617	[INFO]	XnDeviceModule.cpp	431	Module 'Image1' configuration was loaded from file.
11035697	[INFO]	XnProperty.cpp	74	Setting Image1.FPS to 30...
11035713	[INFO]	XnProperty.cpp	86	Image1.FPS value did not change.
11035724	[INFO]	XnProperty.cpp	74	Setting Image1.YRes to 480...
11035737	[INFO]	XnProperty.cpp	151	Property Image1.Resolution was changed to 1.
11035748	[INFO]	XnProperty.cpp	151	Property Image1.XRes was changed to 640.
11035761	[INFO]	XnProperty.cpp	151	Property Image1.RequiredDataSize was changed to 460800.
11035774	[INFO]	XnProperty.cpp	151	Property Image1.YRes was changed to 480.
11035786	[INFO]	XnProperty.cpp	151	Property Image1.RequiredDataSize was changed to 921600.
11035799	[INFO]	XnProperty.cpp	101	Image1.YRes was successfully set.
11035811	[INFO]	XnProperty.cpp	74	Setting Image1.XRes to 640...
11035823	[INFO]	XnProperty.cpp	86	Image1.XRes value did not change.
11036764	[INFO]	XnUSBLinux-x86.cpp	1222	USB read thread was started.
11036811	[INFO]	XnProperty.cpp	151	Property Image1.ActualReadData was changed to 1.
11216609	[WARNING]	XnDepthProcessor.cpp	133	Read: Depth buffer is corrupt. Size is 533216 (!= 614400)
11216655	[WARNING]	XnFrameStreamProcessor.cpp	132	Depth frame is corrupt!
14237699	[INFO]	XnProperty.cpp	151	Property Image1.State was changed to 1.
14237742	[INFO]	XnDeviceBase.cpp	370	Stream Image1 is open.
14237931	[INFO]	XnProperty.cpp	74	Setting Depth1.Registration to 1...
14253174	[WARNING]	XnDepthProcessor.cpp	133	Read: Depth buffer is corrupt. Size is 593280 (!= 614400)
14253231	[WARNING]	XnFrameStreamProcessor.cpp	132	Depth frame is corrupt!
14389980	[INFO]	XnProperty.cpp	151	Property Depth1.Registration was changed to 1.
14390024	[INFO]	XnProperty.cpp	101	Depth1.Registration was successfully set.
14390068	[INFO]	XnProperty.cpp	74	Setting Image1.Mirror to 1...
14402733	[INFO]	XnProperty.cpp	151	Property Image1.FirmwareMirror was changed to 1.
14402777	[INFO]	XnProperty.cpp	151	Property Image1.Mirror was changed to 1.
14402790	[INFO]	XnProperty.cpp	101	Image1.Mirror was successfully set.
23229892	[INFO]	XnOpenNI.cpp	1459	Destroying node 'User1'
23237779	[INFO]	XnOpenNI.cpp	1459	Destroying node 'Depth1'
23237869	[INFO]	XnDeviceBase.cpp	1507	Destroying stream 'Depth1'...
23239341	[INFO]	XnOpenNI.cpp	1459	Destroying node 'Image1'
23239632	[INFO]	XnDeviceBase.cpp	1507	Destroying stream 'Image1'...
23240656	[INFO]	XnOpenNI.cpp	1459	Destroying node 'Device1'
