    1614	[INFO]	XnLog.cpp	165	OpenNI version is 1.0.0 (Build 25)-MacOSX (Jan  7 2011 14:20:18)
    1661	[INFO]	XnLog.cpp	173	Log system initialized. Console: 1, File: 1, Severity: INFO, Masks: ALL
    1683	[INFO]	XnLog.cpp	173	Log system initialized. Console: 1, File: 1, Severity: INFO, Masks: ALL
    2931	[INFO]	XnUSBLinux-x86.cpp	98	USB is initialized.
 2906899	[INFO]	XnOpenNI.cpp	1261	Creating node 'Device1' of type Device...
 2907725	[INFO]	XnDeviceModule.cpp	431	Module 'Device' configuration was loaded from file.
 3238195	[INFO]	XnDeviceSensorIO.cpp	135	Connected to USB device
 3238242	[INFO]	XnProperty.cpp	151	Property Device.USBPath was changed to 045e/02ae@250/10.
 3246345	[INFO]	XnHostProtocol.cpp	825	Hardware versions: FW=5.1.4 (7) HW=4 Chip=2 Sensor=4 SYS=7
 4658038	[INFO]	XnProperty.cpp	151	Property Device.ID was changed to 0.
 4658118	[INFO]	XnSensor.cpp	182	Device sensor initialized
 4658240	[INFO]	XnOpenNI.cpp	1261	Creating node 'Depth1' of type Depth...
 4658296	[INFO]	XnDeviceBase.cpp	1383	Creating stream 'Depth1' of type 'Depth'...
 4658324	[INFO]	XnProperty.cpp	74	Setting Device.ReadData to 1...
 4658368	[INFO]	XnDeviceSensorIO.cpp	298	Endpoints open
 4670769	[INFO]	XnProperty.cpp	151	Property Device.ReadData was changed to 1.
 4670836	[INFO]	XnProperty.cpp	101	Device.ReadData was successfully set.
 4671397	[INFO]	XnProperty.cpp	151	Property Depth1.Resolution was changed to 0.
 4671436	[INFO]	XnProperty.cpp	151	Property Depth1.XRes was changed to 320.
 4671468	[INFO]	XnProperty.cpp	151	Property Depth1.YRes was changed to 240.
 4671502	[INFO]	XnProperty.cpp	151	Property Depth1.FPS was changed to 30.
 4671527	[INFO]	XnProperty.cpp	151	Property Depth1.OutputFormat was changed to 1.
 4671551	[INFO]	XnProperty.cpp	151	Property Depth1.BytesPerPixel was changed to 2.
 4671576	[INFO]	XnProperty.cpp	151	Property Depth1.RequiredDataSize was changed to 153600.
 4671606	[INFO]	XnProperty.cpp	151	Property Depth1.ParamCoeff was changed to 4.
 4671708	[INFO]	XnProperty.cpp	151	Property Depth1.ShiftScale was changed to 10.
 4684459	[INFO]	XnProperty.cpp	151	Property Depth1.ConstShift was changed to 200.
 4684566	[INFO]	XnProperty.cpp	151	Property Depth1.ZPD was changed to 120.
 4684677	[INFO]	XnProperty.cpp	151	Property Depth1.ZPPS was changed to 0.104200.
 4684694	[INFO]	XnProperty.cpp	151	Property Depth1.LDDIS was changed to 7.500000.
 4684798	[INFO]	XnProperty.cpp	151	Property Depth1.Gain was changed to 30.
 4684835	[INFO]	XnDeviceBase.cpp	1458	Stream 'Depth1' was initialized.
 4684850	[INFO]	XnDeviceBase.cpp	1463	'Depth1' stream was created.
 4685033	[INFO]	XnProperty.cpp	74	Setting Depth1.InputFormat to 3...
 4685058	[INFO]	XnProperty.cpp	151	Property Depth1.InputFormat was changed to 3.
 4685073	[INFO]	XnProperty.cpp	101	Depth1.InputFormat was successfully set.
 4685570	[INFO]	XnProperty.cpp	74	Setting Depth1.RegistrationType to 2...
 4685587	[INFO]	XnProperty.cpp	151	Property Depth1.RegistrationType was changed to 2.
 4685601	[INFO]	XnProperty.cpp	101	Depth1.RegistrationType was successfully set.
 4686169	[INFO]	XnDeviceModule.cpp	431	Module 'Depth1' configuration was loaded from file.
 4686433	[INFO]	XnProperty.cpp	74	Setting Depth1.FPS to 30...
 4686454	[INFO]	XnProperty.cpp	86	Depth1.FPS value did not change.
 4686468	[INFO]	XnProperty.cpp	74	Setting Depth1.YRes to 480...
 4686486	[INFO]	XnProperty.cpp	151	Property Depth1.Resolution was changed to 1.
 4686501	[INFO]	XnProperty.cpp	151	Property Depth1.XRes was changed to 640.
 4686517	[INFO]	XnProperty.cpp	151	Property Depth1.RequiredDataSize was changed to 307200.
 4686534	[INFO]	XnProperty.cpp	151	Property Depth1.YRes was changed to 480.
 4686548	[INFO]	XnProperty.cpp	151	Property Depth1.RequiredDataSize was changed to 614400.
 4686563	[INFO]	XnProperty.cpp	101	Depth1.YRes was successfully set.
 4686577	[INFO]	XnProperty.cpp	74	Setting Depth1.XRes to 640...
 4686590	[INFO]	XnProperty.cpp	86	Depth1.XRes value did not change.
 4686640	[INFO]	XnProperty.cpp	74	Setting Depth1.Mirror to 1...
 4686657	[INFO]	XnProperty.cpp	151	Property Depth1.FirmwareMirror was changed to 1.
 4686705	[INFO]	XnProperty.cpp	151	Property Depth1.Mirror was changed to 1.
 4686719	[INFO]	XnProperty.cpp	101	Depth1.Mirror was successfully set.
 7187457	[INFO]	XnOpenNI.cpp	1261	Creating node 'User1' of type User...
 7212077	[WARNING]	Linux-x86Threads.cpp	173	Failed to set thread priority: Invalid argument
 7212131	[WARNING]	XnUSBLinux-x86.cpp	126	USB events thread: Failed to set thread priority to critical. This might cause loss of data...
 7213151	[INFO]	XnUSBLinux-x86.cpp	1222	USB read thread was started.
 7213186	[INFO]	XnProperty.cpp	151	Property Depth1.ActualReadData was changed to 1.
 7684558	[INFO]	XnProperty.cpp	151	Property Depth1.State was changed to 1.
 7684601	[INFO]	XnDeviceBase.cpp	370	Stream Depth1 is open.
10585658	[INFO]	XnOpenNI.cpp	1261	Creating node 'Image1' of type Image...
10585713	[INFO]	XnDeviceBase.cpp	1383	Creating stream 'Image1' of type 'Image'...
10585926	[INFO]	XnProperty.cpp	151	Property Image1.Resolution was changed to 0.
10585952	[INFO]	XnProperty.cpp	151	Property Image1.XRes was changed to 320.
10585970	[INFO]	XnProperty.cpp	151	Property Image1.YRes was changed to 240.
10585989	[INFO]	XnProperty.cpp	151	Property Image1.FPS was changed to 30.
10586005	[INFO]	XnProperty.cpp	151	Property Image1.OutputFormat was changed to 5.
10586022	[INFO]	XnProperty.cpp	151	Property Image1.BytesPerPixel was changed to 3.
10586039	[INFO]	XnProperty.cpp	151	Property Image1.RequiredDataSize was changed to 230400.
10586082	[INFO]	XnDeviceBase.cpp	1458	Stream 'Image1' was initialized.
10586103	[INFO]	XnDeviceBase.cpp	1463	'Image1' stream was created.
10586234	[INFO]	XnProperty.cpp	74	Setting Image1.InputFormat to 6...
10586263	[INFO]	XnProperty.cpp	151	Property Image1.InputFormat was changed to 6.
10586296	[INFO]	XnProperty.cpp	101	Image1.InputFormat was successfully set.
10586899	[INFO]	XnDeviceModule.cpp	431	Module 'Image1' configuration was loaded from file.
10587004	[INFO]	XnProperty.cpp	74	Setting Image1.FPS to 30...
10587027	[INFO]	XnProperty.cpp	86	Image1.FPS value did not change.
10587046	[INFO]	XnProperty.cpp	74	Setting Image1.YRes to 480...
10587064	[INFO]	XnProperty.cpp	151	Property Image1.Resolution was changed to 1.
10587081	[INFO]	XnProperty.cpp	151	Property Image1.XRes was changed to 640.
10587101	[INFO]	XnProperty.cpp	151	Property Image1.RequiredDataSize was changed to 460800.
10587123	[INFO]	XnProperty.cpp	151	Property Image1.YRes was changed to 480.
10587145	[INFO]	XnProperty.cpp	151	Property Image1.RequiredDataSize was changed to 921600.
10587168	[INFO]	XnProperty.cpp	101	Image1.YRes was successfully set.
10587191	[INFO]	XnProperty.cpp	74	Setting Image1.XRes to 640...
10587210	[INFO]	XnProperty.cpp	86	Image1.XRes value did not change.
10588349	[INFO]	XnUSBLinux-x86.cpp	1222	USB read thread was started.
10588407	[INFO]	XnProperty.cpp	151	Property Image1.ActualReadData was changed to 1.
10653573	[WARNING]	XnDepthProcessor.cpp	133	Read: Depth buffer is corrupt. Size is 594848 (!= 614400)
10653618	[WARNING]	XnFrameStreamProcessor.cpp	132	Depth frame is corrupt!
10785589	[WARNING]	XnDepthProcessor.cpp	133	Read: Depth buffer is corrupt. Size is 589280 (!= 614400)
10785669	[WARNING]	XnFrameStreamProcessor.cpp	132	Depth frame is corrupt!
13790782	[INFO]	XnProperty.cpp	151	Property Image1.State was changed to 1.
13790836	[INFO]	XnDeviceBase.cpp	370	Stream Image1 is open.
13791057	[INFO]	XnProperty.cpp	74	Setting Depth1.Registration to 1...
13944808	[INFO]	XnProperty.cpp	151	Property Depth1.Registration was changed to 1.
13944856	[INFO]	XnProperty.cpp	101	Depth1.Registration was successfully set.
13944914	[INFO]	XnProperty.cpp	74	Setting Image1.Mirror to 1...
13957075	[INFO]	XnProperty.cpp	151	Property Image1.FirmwareMirror was changed to 1.
13957131	[INFO]	XnProperty.cpp	151	Property Image1.Mirror was changed to 1.
13957151	[INFO]	XnProperty.cpp	101	Image1.Mirror was successfully set.
34789968	[INFO]	XnOpenNI.cpp	1459	Destroying node 'User1'
34798292	[INFO]	XnOpenNI.cpp	1459	Destroying node 'Depth1'
34798386	[INFO]	XnDeviceBase.cpp	1507	Destroying stream 'Depth1'...
34799921	[INFO]	XnOpenNI.cpp	1459	Destroying node 'Image1'
34800039	[INFO]	XnDeviceBase.cpp	1507	Destroying stream 'Image1'...
34801146	[INFO]	XnOpenNI.cpp	1459	Destroying node 'Device1'
