    1739	[INFO]	XnLog.cpp	165	OpenNI version is 1.0.0 (Build 25)-MacOSX (Jan  7 2011 14:20:18)
    1796	[INFO]	XnLog.cpp	173	Log system initialized. Console: 1, File: 1, Severity: INFO, Masks: ALL
    1833	[INFO]	XnLog.cpp	173	Log system initialized. Console: 1, File: 1, Severity: INFO, Masks: ALL
    3254	[INFO]	XnUSBLinux-x86.cpp	98	USB is initialized.
 1978041	[INFO]	XnOpenNI.cpp	1261	Creating node 'Device1' of type Device...
 1979444	[INFO]	XnDeviceModule.cpp	431	Module 'Device' configuration was loaded from file.
 2251211	[INFO]	XnDeviceSensorIO.cpp	135	Connected to USB device
 2251269	[INFO]	XnProperty.cpp	151	Property Device.USBPath was changed to 045e/02ae@250/10.
 2259262	[INFO]	XnHostProtocol.cpp	825	Hardware versions: FW=5.1.4 (7) HW=4 Chip=2 Sensor=4 SYS=7
 3772141	[INFO]	XnProperty.cpp	151	Property Device.ID was changed to 0.
 3772226	[INFO]	XnSensor.cpp	182	Device sensor initialized
 3772334	[INFO]	XnOpenNI.cpp	1261	Creating node 'Depth1' of type Depth...
 3772386	[INFO]	XnDeviceBase.cpp	1383	Creating stream 'Depth1' of type 'Depth'...
 3772412	[INFO]	XnProperty.cpp	74	Setting Device.ReadData to 1...
 3772456	[INFO]	XnDeviceSensorIO.cpp	298	Endpoints open
 3784883	[INFO]	XnProperty.cpp	151	Property Device.ReadData was changed to 1.
 3784934	[INFO]	XnProperty.cpp	101	Device.ReadData was successfully set.
 3785548	[INFO]	XnProperty.cpp	151	Property Depth1.Resolution was changed to 0.
 3785591	[INFO]	XnProperty.cpp	151	Property Depth1.XRes was changed to 320.
 3785623	[INFO]	XnProperty.cpp	151	Property Depth1.YRes was changed to 240.
 3785655	[INFO]	XnProperty.cpp	151	Property Depth1.FPS was changed to 30.
 3785687	[INFO]	XnProperty.cpp	151	Property Depth1.OutputFormat was changed to 1.
 3785722	[INFO]	XnProperty.cpp	151	Property Depth1.BytesPerPixel was changed to 2.
 3785755	[INFO]	XnProperty.cpp	151	Property Depth1.RequiredDataSize was changed to 153600.
 3785795	[INFO]	XnProperty.cpp	151	Property Depth1.ParamCoeff was changed to 4.
 3785919	[INFO]	XnProperty.cpp	151	Property Depth1.ShiftScale was changed to 10.
 3798394	[INFO]	XnProperty.cpp	151	Property Depth1.ConstShift was changed to 200.
 3798563	[INFO]	XnProperty.cpp	151	Property Depth1.ZPD was changed to 120.
 3798837	[INFO]	XnProperty.cpp	151	Property Depth1.ZPPS was changed to 0.104200.
 3798892	[INFO]	XnProperty.cpp	151	Property Depth1.LDDIS was changed to 7.500000.
 3799126	[INFO]	XnProperty.cpp	151	Property Depth1.Gain was changed to 30.
 3799198	[INFO]	XnDeviceBase.cpp	1458	Stream 'Depth1' was initialized.
 3799242	[INFO]	XnDeviceBase.cpp	1463	'Depth1' stream was created.
 3799612	[INFO]	XnProperty.cpp	74	Setting Depth1.InputFormat to 3...
 3799672	[INFO]	XnProperty.cpp	151	Property Depth1.InputFormat was changed to 3.
 3799714	[INFO]	XnProperty.cpp	101	Depth1.InputFormat was successfully set.
 3801107	[INFO]	XnProperty.cpp	74	Setting Depth1.RegistrationType to 2...
 3801152	[INFO]	XnProperty.cpp	151	Property Depth1.RegistrationType was changed to 2.
 3801183	[INFO]	XnProperty.cpp	101	Depth1.RegistrationType was successfully set.
 3802348	[INFO]	XnDeviceModule.cpp	431	Module 'Depth1' configuration was loaded from file.
 3802699	[INFO]	XnProperty.cpp	74	Setting Depth1.FPS to 30...
 3802738	[INFO]	XnProperty.cpp	86	Depth1.FPS value did not change.
 3802771	[INFO]	XnProperty.cpp	74	Setting Depth1.YRes to 480...
 3802809	[INFO]	XnProperty.cpp	151	Property Depth1.Resolution was changed to 1.
 3802845	[INFO]	XnProperty.cpp	151	Property Depth1.XRes was changed to 640.
 3802878	[INFO]	XnProperty.cpp	151	Property Depth1.RequiredDataSize was changed to 307200.
 3802918	[INFO]	XnProperty.cpp	151	Property Depth1.YRes was changed to 480.
 3802952	[INFO]	XnProperty.cpp	151	Property Depth1.RequiredDataSize was changed to 614400.
 3802988	[INFO]	XnProperty.cpp	101	Depth1.YRes was successfully set.
 3803022	[INFO]	XnProperty.cpp	74	Setting Depth1.XRes to 640...
 3803052	[INFO]	XnProperty.cpp	86	Depth1.XRes value did not change.
 3803147	[INFO]	XnProperty.cpp	74	Setting Depth1.Mirror to 1...
 3803186	[INFO]	XnProperty.cpp	151	Property Depth1.FirmwareMirror was changed to 1.
 3803269	[INFO]	XnProperty.cpp	151	Property Depth1.Mirror was changed to 1.
 3803302	[INFO]	XnProperty.cpp	101	Depth1.Mirror was successfully set.
 4895983	[INFO]	XnOpenNI.cpp	1261	Creating node 'User1' of type User...
 4921415	[WARNING]	Linux-x86Threads.cpp	173	Failed to set thread priority: Invalid argument
 4921467	[WARNING]	XnUSBLinux-x86.cpp	126	USB events thread: Failed to set thread priority to critical. This might cause loss of data...
 4922402	[INFO]	XnUSBLinux-x86.cpp	1222	USB read thread was started.
 4922444	[INFO]	XnProperty.cpp	151	Property Depth1.ActualReadData was changed to 1.
 5392681	[INFO]	XnProperty.cpp	151	Property Depth1.State was changed to 1.
 5392722	[INFO]	XnDeviceBase.cpp	370	Stream Depth1 is open.
 6490203	[INFO]	XnOpenNI.cpp	1261	Creating node 'Image1' of type Image...
 6490254	[INFO]	XnDeviceBase.cpp	1383	Creating stream 'Image1' of type 'Image'...
 6490521	[INFO]	XnProperty.cpp	151	Property Image1.Resolution was changed to 0.
 6490549	[INFO]	XnProperty.cpp	151	Property Image1.XRes was changed to 320.
 6490569	[INFO]	XnProperty.cpp	151	Property Image1.YRes was changed to 240.
 6490589	[INFO]	XnProperty.cpp	151	Property Image1.FPS was changed to 30.
 6490608	[INFO]	XnProperty.cpp	151	Property Image1.OutputFormat was changed to 5.
 6490628	[INFO]	XnProperty.cpp	151	Property Image1.BytesPerPixel was changed to 3.
 6490646	[INFO]	XnProperty.cpp	151	Property Image1.RequiredDataSize was changed to 230400.
 6490685	[INFO]	XnDeviceBase.cpp	1458	Stream 'Image1' was initialized.
 6490707	[INFO]	XnDeviceBase.cpp	1463	'Image1' stream was created.
 6490844	[INFO]	XnProperty.cpp	74	Setting Image1.InputFormat to 6...
 6490875	[INFO]	XnProperty.cpp	151	Property Image1.InputFormat was changed to 6.
 6490894	[INFO]	XnProperty.cpp	101	Image1.InputFormat was successfully set.
 6491513	[INFO]	XnDeviceModule.cpp	431	Module 'Image1' configuration was loaded from file.
 6491629	[INFO]	XnProperty.cpp	74	Setting Image1.FPS to 30...
 6491662	[INFO]	XnProperty.cpp	86	Image1.FPS value did not change.
 6491719	[INFO]	XnProperty.cpp	74	Setting Image1.YRes to 480...
 6491747	[INFO]	XnProperty.cpp	151	Property Image1.Resolution was changed to 1.
 6491828	[INFO]	XnProperty.cpp	151	Property Image1.XRes was changed to 640.
 6491858	[INFO]	XnProperty.cpp	151	Property Image1.RequiredDataSize was changed to 460800.
 6491882	[INFO]	XnProperty.cpp	151	Property Image1.YRes was changed to 480.
 6491901	[INFO]	XnProperty.cpp	151	Property Image1.RequiredDataSize was changed to 921600.
 6491924	[INFO]	XnProperty.cpp	101	Image1.YRes was successfully set.
 6491947	[INFO]	XnProperty.cpp	74	Setting Image1.XRes to 640...
 6491965	[INFO]	XnProperty.cpp	86	Image1.XRes value did not change.
 6493061	[INFO]	XnUSBLinux-x86.cpp	1222	USB read thread was started.
 6493099	[INFO]	XnProperty.cpp	151	Property Image1.ActualReadData was changed to 1.
 6658383	[WARNING]	XnDepthProcessor.cpp	133	Read: Depth buffer is corrupt. Size is 594688 (!= 614400)
 6658430	[WARNING]	XnFrameStreamProcessor.cpp	132	Depth frame is corrupt!
 6690402	[WARNING]	XnDepthProcessor.cpp	133	Read: Depth buffer is corrupt. Size is 574176 (!= 614400)
 6690447	[WARNING]	XnFrameStreamProcessor.cpp	132	Depth frame is corrupt!
 9594338	[WARNING]	XnDepthProcessor.cpp	133	Read: Depth buffer is corrupt. Size is 593984 (!= 614400)
 9594384	[WARNING]	XnFrameStreamProcessor.cpp	132	Depth frame is corrupt!
 9693912	[INFO]	XnProperty.cpp	151	Property Image1.State was changed to 1.
 9693955	[INFO]	XnDeviceBase.cpp	370	Stream Image1 is open.
 9694126	[INFO]	XnProperty.cpp	74	Setting Depth1.Registration to 1...
 9726344	[WARNING]	XnDepthProcessor.cpp	133	Read: Depth buffer is corrupt. Size is 572400 (!= 614400)
 9726392	[WARNING]	XnFrameStreamProcessor.cpp	132	Depth frame is corrupt!
 9845747	[INFO]	XnProperty.cpp	151	Property Depth1.Registration was changed to 1.
 9845790	[INFO]	XnProperty.cpp	101	Depth1.Registration was successfully set.
 9845837	[INFO]	XnProperty.cpp	74	Setting Image1.Mirror to 1...
 9858296	[INFO]	XnProperty.cpp	151	Property Image1.FirmwareMirror was changed to 1.
 9858380	[INFO]	XnProperty.cpp	151	Property Image1.Mirror was changed to 1.
 9858398	[INFO]	XnProperty.cpp	101	Image1.Mirror was successfully set.
22467511	[INFO]	XnOpenNI.cpp	1459	Destroying node 'User1'
22475372	[INFO]	XnOpenNI.cpp	1459	Destroying node 'Depth1'
22475459	[INFO]	XnDeviceBase.cpp	1507	Destroying stream 'Depth1'...
22476770	[INFO]	XnOpenNI.cpp	1459	Destroying node 'Image1'
22476820	[INFO]	XnDeviceBase.cpp	1507	Destroying stream 'Image1'...
22477661	[INFO]	XnOpenNI.cpp	1459	Destroying node 'Device1'
