    3737	[INFO]	XnLog.cpp	165	OpenNI version is 1.0.0 (Build 25)-MacOSX (Jan  7 2011 14:20:18)
    3788	[INFO]	XnLog.cpp	173	Log system initialized. Console: 1, File: 1, Severity: INFO, Masks: ALL
    3820	[INFO]	XnLog.cpp	173	Log system initialized. Console: 1, File: 1, Severity: INFO, Masks: ALL
    5216	[INFO]	XnUSBLinux-x86.cpp	98	USB is initialized.
 1984642	[INFO]	XnOpenNI.cpp	1261	Creating node 'Device1' of type Device...
 1985811	[INFO]	XnDeviceModule.cpp	431	Module 'Device' configuration was loaded from file.
 2256730	[INFO]	XnDeviceSensorIO.cpp	135	Connected to USB device
 2256783	[INFO]	XnProperty.cpp	151	Property Device.USBPath was changed to 045e/02ae@250/10.
 2264157	[INFO]	XnHostProtocol.cpp	825	Hardware versions: FW=5.1.4 (7) HW=4 Chip=2 Sensor=4 SYS=7
 3793369	[INFO]	XnProperty.cpp	151	Property Device.ID was changed to 0.
 3793465	[INFO]	XnSensor.cpp	182	Device sensor initialized
 3793617	[INFO]	XnOpenNI.cpp	1261	Creating node 'Depth1' of type Depth...
 3793673	[INFO]	XnDeviceBase.cpp	1383	Creating stream 'Depth1' of type 'Depth'...
 3793699	[INFO]	XnProperty.cpp	74	Setting Device.ReadData to 1...
 3793744	[INFO]	XnDeviceSensorIO.cpp	298	Endpoints open
 3806180	[INFO]	XnProperty.cpp	151	Property Device.ReadData was changed to 1.
 3806231	[INFO]	XnProperty.cpp	101	Device.ReadData was successfully set.
 3806832	[INFO]	XnProperty.cpp	151	Property Depth1.Resolution was changed to 0.
 3806879	[INFO]	XnProperty.cpp	151	Property Depth1.XRes was changed to 320.
 3806905	[INFO]	XnProperty.cpp	151	Property Depth1.YRes was changed to 240.
 3806940	[INFO]	XnProperty.cpp	151	Property Depth1.FPS was changed to 30.
 3806966	[INFO]	XnProperty.cpp	151	Property Depth1.OutputFormat was changed to 1.
 3806992	[INFO]	XnProperty.cpp	151	Property Depth1.BytesPerPixel was changed to 2.
 3807017	[INFO]	XnProperty.cpp	151	Property Depth1.RequiredDataSize was changed to 153600.
 3807050	[INFO]	XnProperty.cpp	151	Property Depth1.ParamCoeff was changed to 4.
 3807168	[INFO]	XnProperty.cpp	151	Property Depth1.ShiftScale was changed to 10.
 3819513	[INFO]	XnProperty.cpp	151	Property Depth1.ConstShift was changed to 200.
 3819621	[INFO]	XnProperty.cpp	151	Property Depth1.ZPD was changed to 120.
 3819752	[INFO]	XnProperty.cpp	151	Property Depth1.ZPPS was changed to 0.104200.
 3819771	[INFO]	XnProperty.cpp	151	Property Depth1.LDDIS was changed to 7.500000.
 3819892	[INFO]	XnProperty.cpp	151	Property Depth1.Gain was changed to 30.
 3819930	[INFO]	XnDeviceBase.cpp	1458	Stream 'Depth1' was initialized.
 3819947	[INFO]	XnDeviceBase.cpp	1463	'Depth1' stream was created.
 3820145	[INFO]	XnProperty.cpp	74	Setting Depth1.InputFormat to 3...
 3820170	[INFO]	XnProperty.cpp	151	Property Depth1.InputFormat was changed to 3.
 3820186	[INFO]	XnProperty.cpp	101	Depth1.InputFormat was successfully set.
 3820776	[INFO]	XnProperty.cpp	74	Setting Depth1.RegistrationType to 2...
 3820795	[INFO]	XnProperty.cpp	151	Property Depth1.RegistrationType was changed to 2.
 3820809	[INFO]	XnProperty.cpp	101	Depth1.RegistrationType was successfully set.
 3821432	[INFO]	XnDeviceModule.cpp	431	Module 'Depth1' configuration was loaded from file.
 3821633	[INFO]	XnProperty.cpp	74	Setting Depth1.FPS to 30...
 3821653	[INFO]	XnProperty.cpp	86	Depth1.FPS value did not change.
 3821668	[INFO]	XnProperty.cpp	74	Setting Depth1.YRes to 480...
 3821686	[INFO]	XnProperty.cpp	151	Property Depth1.Resolution was changed to 1.
 3821702	[INFO]	XnProperty.cpp	151	Property Depth1.XRes was changed to 640.
 3821717	[INFO]	XnProperty.cpp	151	Property Depth1.RequiredDataSize was changed to 307200.
 3823180	[INFO]	XnProperty.cpp	151	Property Depth1.YRes was changed to 480.
 3823214	[INFO]	XnProperty.cpp	151	Property Depth1.RequiredDataSize was changed to 614400.
 3823246	[INFO]	XnProperty.cpp	101	Depth1.YRes was successfully set.
 3823276	[INFO]	XnProperty.cpp	74	Setting Depth1.XRes to 640...
 3823303	[INFO]	XnProperty.cpp	86	Depth1.XRes value did not change.
 3823369	[INFO]	XnProperty.cpp	74	Setting Depth1.Mirror to 1...
 3823391	[INFO]	XnProperty.cpp	151	Property Depth1.FirmwareMirror was changed to 1.
 3823456	[INFO]	XnProperty.cpp	151	Property Depth1.Mirror was changed to 1.
 3823476	[INFO]	XnProperty.cpp	101	Depth1.Mirror was successfully set.
 4486718	[INFO]	XnOpenNI.cpp	1261	Creating node 'User1' of type User...
 4509353	[WARNING]	Linux-x86Threads.cpp	173	Failed to set thread priority: Invalid argument
 4509397	[WARNING]	XnUSBLinux-x86.cpp	126	USB events thread: Failed to set thread priority to critical. This might cause loss of data...
 4510147	[INFO]	XnUSBLinux-x86.cpp	1222	USB read thread was started.
 4510177	[INFO]	XnProperty.cpp	151	Property Depth1.ActualReadData was changed to 1.
 4980681	[INFO]	XnProperty.cpp	151	Property Depth1.State was changed to 1.
 4980732	[INFO]	XnDeviceBase.cpp	370	Stream Depth1 is open.
 5190167	[INFO]	XnOpenNI.cpp	1261	Creating node 'Image1' of type Image...
 5190225	[INFO]	XnDeviceBase.cpp	1383	Creating stream 'Image1' of type 'Image'...
 5190454	[INFO]	XnProperty.cpp	151	Property Image1.Resolution was changed to 0.
 5190478	[INFO]	XnProperty.cpp	151	Property Image1.XRes was changed to 320.
 5190500	[INFO]	XnProperty.cpp	151	Property Image1.YRes was changed to 240.
 5190520	[INFO]	XnProperty.cpp	151	Property Image1.FPS was changed to 30.
 5190539	[INFO]	XnProperty.cpp	151	Property Image1.OutputFormat was changed to 5.
 5190558	[INFO]	XnProperty.cpp	151	Property Image1.BytesPerPixel was changed to 3.
 5190577	[INFO]	XnProperty.cpp	151	Property Image1.RequiredDataSize was changed to 230400.
 5190617	[INFO]	XnDeviceBase.cpp	1458	Stream 'Image1' was initialized.
 5190636	[INFO]	XnDeviceBase.cpp	1463	'Image1' stream was created.
 5190768	[INFO]	XnProperty.cpp	74	Setting Image1.InputFormat to 6...
 5190799	[INFO]	XnProperty.cpp	151	Property Image1.InputFormat was changed to 6.
 5190818	[INFO]	XnProperty.cpp	101	Image1.InputFormat was successfully set.
 5191437	[INFO]	XnDeviceModule.cpp	431	Module 'Image1' configuration was loaded from file.
 5191561	[INFO]	XnProperty.cpp	74	Setting Image1.FPS to 30...
 5191585	[INFO]	XnProperty.cpp	86	Image1.FPS value did not change.
 5191606	[INFO]	XnProperty.cpp	74	Setting Image1.YRes to 480...
 5191627	[INFO]	XnProperty.cpp	151	Property Image1.Resolution was changed to 1.
 5191645	[INFO]	XnProperty.cpp	151	Property Image1.XRes was changed to 640.
 5191663	[INFO]	XnProperty.cpp	151	Property Image1.RequiredDataSize was changed to 460800.
 5191684	[INFO]	XnProperty.cpp	151	Property Image1.YRes was changed to 480.
 5191702	[INFO]	XnProperty.cpp	151	Property Image1.RequiredDataSize was changed to 921600.
 5191727	[INFO]	XnProperty.cpp	101	Image1.YRes was successfully set.
 5191758	[INFO]	XnProperty.cpp	74	Setting Image1.XRes to 640...
 5191775	[INFO]	XnProperty.cpp	86	Image1.XRes value did not change.
 5192848	[INFO]	XnUSBLinux-x86.cpp	1222	USB read thread was started.
 5192903	[INFO]	XnProperty.cpp	151	Property Image1.ActualReadData was changed to 1.
 5377897	[WARNING]	XnDepthProcessor.cpp	133	Read: Depth buffer is corrupt. Size is 529312 (!= 614400)
 5377943	[WARNING]	XnFrameStreamProcessor.cpp	132	Depth frame is corrupt!
 8393289	[INFO]	XnProperty.cpp	151	Property Image1.State was changed to 1.
 8393332	[INFO]	XnDeviceBase.cpp	370	Stream Image1 is open.
 8393487	[INFO]	XnProperty.cpp	74	Setting Depth1.Registration to 1...
 8413851	[WARNING]	XnDepthProcessor.cpp	133	Read: Depth buffer is corrupt. Size is 591648 (!= 614400)
 8413898	[WARNING]	XnFrameStreamProcessor.cpp	132	Depth frame is corrupt!
 8544795	[INFO]	XnProperty.cpp	151	Property Depth1.Registration was changed to 1.
 8544842	[INFO]	XnProperty.cpp	101	Depth1.Registration was successfully set.
 8544899	[INFO]	XnProperty.cpp	74	Setting Image1.Mirror to 1...
 8557158	[INFO]	XnProperty.cpp	151	Property Image1.FirmwareMirror was changed to 1.
 8557203	[INFO]	XnProperty.cpp	151	Property Image1.Mirror was changed to 1.
 8557216	[INFO]	XnProperty.cpp	101	Image1.Mirror was successfully set.
45558554	[INFO]	XnOpenNI.cpp	1459	Destroying node 'User1'
45567239	[INFO]	XnOpenNI.cpp	1459	Destroying node 'Depth1'
45567344	[INFO]	XnDeviceBase.cpp	1507	Destroying stream 'Depth1'...
45568493	[INFO]	XnOpenNI.cpp	1459	Destroying node 'Image1'
45568573	[INFO]	XnDeviceBase.cpp	1507	Destroying stream 'Image1'...
45569177	[INFO]	XnOpenNI.cpp	1459	Destroying node 'Device1'
