    1793	[INFO]	XnLog.cpp	165	OpenNI version is 1.0.0 (Build 25)-MacOSX (Jan  7 2011 14:20:18)
    1846	[INFO]	XnLog.cpp	173	Log system initialized. Console: 1, File: 1, Severity: INFO, Masks: ALL
    1877	[INFO]	XnLog.cpp	173	Log system initialized. Console: 1, File: 1, Severity: INFO, Masks: ALL
    3316	[INFO]	XnUSBLinux-x86.cpp	98	USB is initialized.
 1970117	[INFO]	XnOpenNI.cpp	1261	Creating node 'Device1' of type Device...
 1971294	[INFO]	XnDeviceModule.cpp	431	Module 'Device' configuration was loaded from file.
 2238579	[INFO]	XnDeviceSensorIO.cpp	135	Connected to USB device
 2238631	[INFO]	XnProperty.cpp	151	Property Device.USBPath was changed to 045e/02ae@250/10.
 2246509	[INFO]	XnHostProtocol.cpp	825	Hardware versions: FW=5.1.4 (7) HW=4 Chip=2 Sensor=4 SYS=7
 3759593	[INFO]	XnProperty.cpp	151	Property Device.ID was changed to 0.
 3759662	[INFO]	XnSensor.cpp	182	Device sensor initialized
 3759758	[INFO]	XnOpenNI.cpp	1261	Creating node 'Depth1' of type Depth...
 3759809	[INFO]	XnDeviceBase.cpp	1383	Creating stream 'Depth1' of type 'Depth'...
 3759834	[INFO]	XnProperty.cpp	74	Setting Device.ReadData to 1...
 3759875	[INFO]	XnDeviceSensorIO.cpp	298	Endpoints open
 3772313	[INFO]	XnProperty.cpp	151	Property Device.ReadData was changed to 1.
 3772382	[INFO]	XnProperty.cpp	101	Device.ReadData was successfully set.
 3773180	[INFO]	XnProperty.cpp	151	Property Depth1.Resolution was changed to 0.
 3773234	[INFO]	XnProperty.cpp	151	Property Depth1.XRes was changed to 320.
 3773276	[INFO]	XnProperty.cpp	151	Property Depth1.YRes was changed to 240.
 3773317	[INFO]	XnProperty.cpp	151	Property Depth1.FPS was changed to 30.
 3773356	[INFO]	XnProperty.cpp	151	Property Depth1.OutputFormat was changed to 1.
 3773396	[INFO]	XnProperty.cpp	151	Property Depth1.BytesPerPixel was changed to 2.
 3773438	[INFO]	XnProperty.cpp	151	Property Depth1.RequiredDataSize was changed to 153600.
 3773487	[INFO]	XnProperty.cpp	151	Property Depth1.ParamCoeff was changed to 4.
 3773643	[INFO]	XnProperty.cpp	151	Property Depth1.ShiftScale was changed to 10.
 3786208	[INFO]	XnProperty.cpp	151	Property Depth1.ConstShift was changed to 200.
 3786348	[INFO]	XnProperty.cpp	151	Property Depth1.ZPD was changed to 120.
 3786538	[INFO]	XnProperty.cpp	151	Property Depth1.ZPPS was changed to 0.104200.
 3786574	[INFO]	XnProperty.cpp	151	Property Depth1.LDDIS was changed to 7.500000.
 3786760	[INFO]	XnProperty.cpp	151	Property Depth1.Gain was changed to 30.
 3786813	[INFO]	XnDeviceBase.cpp	1458	Stream 'Depth1' was initialized.
 3786842	[INFO]	XnDeviceBase.cpp	1463	'Depth1' stream was created.
 3787120	[INFO]	XnProperty.cpp	74	Setting Depth1.InputFormat to 3...
 3787161	[INFO]	XnProperty.cpp	151	Property Depth1.InputFormat was changed to 3.
 3787186	[INFO]	XnProperty.cpp	101	Depth1.InputFormat was successfully set.
 3788141	[INFO]	XnProperty.cpp	74	Setting Depth1.RegistrationType to 2...
 3788176	[INFO]	XnProperty.cpp	151	Property Depth1.RegistrationType was changed to 2.
 3788201	[INFO]	XnProperty.cpp	101	Depth1.RegistrationType was successfully set.
 3789084	[INFO]	XnDeviceModule.cpp	431	Module 'Depth1' configuration was loaded from file.
 3789346	[INFO]	XnProperty.cpp	74	Setting Depth1.FPS to 30...
 3789372	[INFO]	XnProperty.cpp	86	Depth1.FPS value did not change.
 3789391	[INFO]	XnProperty.cpp	74	Setting Depth1.YRes to 480...
 3789416	[INFO]	XnProperty.cpp	151	Property Depth1.Resolution was changed to 1.
 3789438	[INFO]	XnProperty.cpp	151	Property Depth1.XRes was changed to 640.
 3789459	[INFO]	XnProperty.cpp	151	Property Depth1.RequiredDataSize was changed to 307200.
 3789484	[INFO]	XnProperty.cpp	151	Property Depth1.YRes was changed to 480.
 3789504	[INFO]	XnProperty.cpp	151	Property Depth1.RequiredDataSize was changed to 614400.
 3789526	[INFO]	XnProperty.cpp	101	Depth1.YRes was successfully set.
 3789547	[INFO]	XnProperty.cpp	74	Setting Depth1.XRes to 640...
 3789566	[INFO]	XnProperty.cpp	86	Depth1.XRes value did not change.
 3789636	[INFO]	XnProperty.cpp	74	Setting Depth1.Mirror to 1...
 3789661	[INFO]	XnProperty.cpp	151	Property Depth1.FirmwareMirror was changed to 1.
 3789724	[INFO]	XnProperty.cpp	151	Property Depth1.Mirror was changed to 1.
 3789743	[INFO]	XnProperty.cpp	101	Depth1.Mirror was successfully set.
 4875823	[INFO]	XnOpenNI.cpp	1261	Creating node 'User1' of type User...
 4903649	[WARNING]	Linux-x86Threads.cpp	173	Failed to set thread priority: Invalid argument
 4903700	[WARNING]	XnUSBLinux-x86.cpp	126	USB events thread: Failed to set thread priority to critical. This might cause loss of data...
 4904651	[INFO]	XnUSBLinux-x86.cpp	1222	USB read thread was started.
 4904682	[INFO]	XnProperty.cpp	151	Property Depth1.ActualReadData was changed to 1.
 5374959	[INFO]	XnProperty.cpp	151	Property Depth1.State was changed to 1.
 5375002	[INFO]	XnDeviceBase.cpp	370	Stream Depth1 is open.
 6466853	[INFO]	XnOpenNI.cpp	1261	Creating node 'Image1' of type Image...
 6466904	[INFO]	XnDeviceBase.cpp	1383	Creating stream 'Image1' of type 'Image'...
 6467085	[INFO]	XnProperty.cpp	151	Property Image1.Resolution was changed to 0.
 6467105	[INFO]	XnProperty.cpp	151	Property Image1.XRes was changed to 320.
 6467119	[INFO]	XnProperty.cpp	151	Property Image1.YRes was changed to 240.
 6467132	[INFO]	XnProperty.cpp	151	Property Image1.FPS was changed to 30.
 6467143	[INFO]	XnProperty.cpp	151	Property Image1.OutputFormat was changed to 5.
 6467155	[INFO]	XnProperty.cpp	151	Property Image1.BytesPerPixel was changed to 3.
 6467167	[INFO]	XnProperty.cpp	151	Property Image1.RequiredDataSize was changed to 230400.
 6467194	[INFO]	XnDeviceBase.cpp	1458	Stream 'Image1' was initialized.
 6467208	[INFO]	XnDeviceBase.cpp	1463	'Image1' stream was created.
 6467320	[INFO]	XnProperty.cpp	74	Setting Image1.InputFormat to 6...
 6467341	[INFO]	XnProperty.cpp	151	Property Image1.InputFormat was changed to 6.
 6467353	[INFO]	XnProperty.cpp	101	Image1.InputFormat was successfully set.
 6467759	[INFO]	XnDeviceModule.cpp	431	Module 'Image1' configuration was loaded from file.
 6467840	[INFO]	XnProperty.cpp	74	Setting Image1.FPS to 30...
 6467855	[INFO]	XnProperty.cpp	86	Image1.FPS value did not change.
 6467867	[INFO]	XnProperty.cpp	74	Setting Image1.YRes to 480...
 6467879	[INFO]	XnProperty.cpp	151	Property Image1.Resolution was changed to 1.
 6467891	[INFO]	XnProperty.cpp	151	Property Image1.XRes was changed to 640.
 6467904	[INFO]	XnProperty.cpp	151	Property Image1.RequiredDataSize was changed to 460800.
 6467917	[INFO]	XnProperty.cpp	151	Property Image1.YRes was changed to 480.
 6467929	[INFO]	XnProperty.cpp	151	Property Image1.RequiredDataSize was changed to 921600.
 6467944	[INFO]	XnProperty.cpp	101	Image1.YRes was successfully set.
 6467964	[INFO]	XnProperty.cpp	74	Setting Image1.XRes to 640...
 6467983	[INFO]	XnProperty.cpp	86	Image1.XRes value did not change.
 6468880	[INFO]	XnUSBLinux-x86.cpp	1222	USB read thread was started.
 6468919	[INFO]	XnProperty.cpp	151	Property Image1.ActualReadData was changed to 1.
 6672055	[WARNING]	XnDepthProcessor.cpp	133	Read: Depth buffer is corrupt. Size is 594672 (!= 614400)
 6672104	[WARNING]	XnFrameStreamProcessor.cpp	132	Depth frame is corrupt!
 9543939	[WARNING]	XnDepthProcessor.cpp	133	Read: Depth buffer is corrupt. Size is 592256 (!= 614400)
 9543981	[WARNING]	XnFrameStreamProcessor.cpp	132	Depth frame is corrupt!
 9669460	[INFO]	XnProperty.cpp	151	Property Image1.State was changed to 1.
 9669504	[INFO]	XnDeviceBase.cpp	370	Stream Image1 is open.
 9669653	[INFO]	XnProperty.cpp	74	Setting Depth1.Registration to 1...
 9708062	[WARNING]	XnDepthProcessor.cpp	133	Read: Depth buffer is corrupt. Size is 593872 (!= 614400)
 9708109	[WARNING]	XnFrameStreamProcessor.cpp	132	Depth frame is corrupt!
 9821000	[INFO]	XnProperty.cpp	151	Property Depth1.Registration was changed to 1.
 9821044	[INFO]	XnProperty.cpp	101	Depth1.Registration was successfully set.
 9821089	[INFO]	XnProperty.cpp	74	Setting Image1.Mirror to 1...
 9833468	[INFO]	XnProperty.cpp	151	Property Image1.FirmwareMirror was changed to 1.
 9833510	[INFO]	XnProperty.cpp	151	Property Image1.Mirror was changed to 1.
 9833523	[INFO]	XnProperty.cpp	101	Image1.Mirror was successfully set.
57761151	[INFO]	XnOpenNI.cpp	1459	Destroying node 'User1'
57769654	[INFO]	XnOpenNI.cpp	1459	Destroying node 'Depth1'
57769762	[INFO]	XnDeviceBase.cpp	1507	Destroying stream 'Depth1'...
57771729	[INFO]	XnOpenNI.cpp	1459	Destroying node 'Image1'
57771789	[INFO]	XnDeviceBase.cpp	1507	Destroying stream 'Image1'...
57772643	[INFO]	XnOpenNI.cpp	1459	Destroying node 'Device1'
