    1714	[INFO]	XnLog.cpp	165	OpenNI version is 1.0.0 (Build 25)-MacOSX (Jan  7 2011 14:20:18)
    1763	[INFO]	XnLog.cpp	173	Log system initialized. Console: 1, File: 1, Severity: INFO, Masks: ALL
    1796	[INFO]	XnLog.cpp	173	Log system initialized. Console: 1, File: 1, Severity: INFO, Masks: ALL
    3027	[INFO]	XnUSBLinux-x86.cpp	98	USB is initialized.
 1977489	[INFO]	XnOpenNI.cpp	1261	Creating node 'Device1' of type Device...
 1978892	[INFO]	XnDeviceModule.cpp	431	Module 'Device' configuration was loaded from file.
 2248478	[INFO]	XnDeviceSensorIO.cpp	135	Connected to USB device
 2248535	[INFO]	XnProperty.cpp	151	Property Device.USBPath was changed to 045e/02ae@250/10.
 2256149	[INFO]	XnHostProtocol.cpp	825	Hardware versions: FW=5.1.4 (7) HW=4 Chip=2 Sensor=4 SYS=7
 3780109	[INFO]	XnProperty.cpp	151	Property Device.ID was changed to 0.
 3780199	[INFO]	XnSensor.cpp	182	Device sensor initialized
 3780338	[INFO]	XnOpenNI.cpp	1261	Creating node 'Depth1' of type Depth...
 3780405	[INFO]	XnDeviceBase.cpp	1383	Creating stream 'Depth1' of type 'Depth'...
 3780437	[INFO]	XnProperty.cpp	74	Setting Device.ReadData to 1...
 3780493	[INFO]	XnDeviceSensorIO.cpp	298	Endpoints open
 3792912	[INFO]	XnProperty.cpp	151	Property Device.ReadData was changed to 1.
 3792970	[INFO]	XnProperty.cpp	101	Device.ReadData was successfully set.
 3793609	[INFO]	XnProperty.cpp	151	Property Depth1.Resolution was changed to 0.
 3793645	[INFO]	XnProperty.cpp	151	Property Depth1.XRes was changed to 320.
 3793672	[INFO]	XnProperty.cpp	151	Property Depth1.YRes was changed to 240.
 3793696	[INFO]	XnProperty.cpp	151	Property Depth1.FPS was changed to 30.
 3793721	[INFO]	XnProperty.cpp	151	Property Depth1.OutputFormat was changed to 1.
 3793745	[INFO]	XnProperty.cpp	151	Property Depth1.BytesPerPixel was changed to 2.
 3793770	[INFO]	XnProperty.cpp	151	Property Depth1.RequiredDataSize was changed to 153600.
 3793800	[INFO]	XnProperty.cpp	151	Property Depth1.ParamCoeff was changed to 4.
 3793920	[INFO]	XnProperty.cpp	151	Property Depth1.ShiftScale was changed to 10.
 3806142	[INFO]	XnProperty.cpp	151	Property Depth1.ConstShift was changed to 200.
 3806286	[INFO]	XnProperty.cpp	151	Property Depth1.ZPD was changed to 120.
 3806434	[INFO]	XnProperty.cpp	151	Property Depth1.ZPPS was changed to 0.104200.
 3806462	[INFO]	XnProperty.cpp	151	Property Depth1.LDDIS was changed to 7.500000.
 3806602	[INFO]	XnProperty.cpp	151	Property Depth1.Gain was changed to 30.
 3806650	[INFO]	XnDeviceBase.cpp	1458	Stream 'Depth1' was initialized.
 3806673	[INFO]	XnDeviceBase.cpp	1463	'Depth1' stream was created.
 3806903	[INFO]	XnProperty.cpp	74	Setting Depth1.InputFormat to 3...
 3806936	[INFO]	XnProperty.cpp	151	Property Depth1.InputFormat was changed to 3.
 3806958	[INFO]	XnProperty.cpp	101	Depth1.InputFormat was successfully set.
 3807628	[INFO]	XnProperty.cpp	74	Setting Depth1.RegistrationType to 2...
 3807657	[INFO]	XnProperty.cpp	151	Property Depth1.RegistrationType was changed to 2.
 3807675	[INFO]	XnProperty.cpp	101	Depth1.RegistrationType was successfully set.
 3808314	[INFO]	XnDeviceModule.cpp	431	Module 'Depth1' configuration was loaded from file.
 3808544	[INFO]	XnProperty.cpp	74	Setting Depth1.FPS to 30...
 3808569	[INFO]	XnProperty.cpp	86	Depth1.FPS value did not change.
 3808588	[INFO]	XnProperty.cpp	74	Setting Depth1.YRes to 480...
 3808611	[INFO]	XnProperty.cpp	151	Property Depth1.Resolution was changed to 1.
 3808631	[INFO]	XnProperty.cpp	151	Property Depth1.XRes was changed to 640.
 3808650	[INFO]	XnProperty.cpp	151	Property Depth1.RequiredDataSize was changed to 307200.
 3808671	[INFO]	XnProperty.cpp	151	Property Depth1.YRes was changed to 480.
 3808689	[INFO]	XnProperty.cpp	151	Property Depth1.RequiredDataSize was changed to 614400.
 3808707	[INFO]	XnProperty.cpp	101	Depth1.YRes was successfully set.
 3808725	[INFO]	XnProperty.cpp	74	Setting Depth1.XRes to 640...
 3808742	[INFO]	XnProperty.cpp	86	Depth1.XRes value did not change.
 3808803	[INFO]	XnProperty.cpp	74	Setting Depth1.Mirror to 1...
 3808826	[INFO]	XnProperty.cpp	151	Property Depth1.FirmwareMirror was changed to 1.
 3808889	[INFO]	XnProperty.cpp	151	Property Depth1.Mirror was changed to 1.
 3808909	[INFO]	XnProperty.cpp	101	Depth1.Mirror was successfully set.
 4909866	[INFO]	XnOpenNI.cpp	1261	Creating node 'User1' of type User...
 4936463	[WARNING]	Linux-x86Threads.cpp	173	Failed to set thread priority: Invalid argument
 4936512	[WARNING]	XnUSBLinux-x86.cpp	126	USB events thread: Failed to set thread priority to critical. This might cause loss of data...
 4937355	[INFO]	XnUSBLinux-x86.cpp	1222	USB read thread was started.
 4937389	[INFO]	XnProperty.cpp	151	Property Depth1.ActualReadData was changed to 1.
 5407942	[INFO]	XnProperty.cpp	151	Property Depth1.State was changed to 1.
 5407984	[INFO]	XnDeviceBase.cpp	370	Stream Depth1 is open.
 6502051	[INFO]	XnOpenNI.cpp	1261	Creating node 'Image1' of type Image...
 6502101	[INFO]	XnDeviceBase.cpp	1383	Creating stream 'Image1' of type 'Image'...
 6502299	[INFO]	XnProperty.cpp	151	Property Image1.Resolution was changed to 0.
 6502325	[INFO]	XnProperty.cpp	151	Property Image1.XRes was changed to 320.
 6502345	[INFO]	XnProperty.cpp	151	Property Image1.YRes was changed to 240.
 6502362	[INFO]	XnProperty.cpp	151	Property Image1.FPS was changed to 30.
 6502380	[INFO]	XnProperty.cpp	151	Property Image1.OutputFormat was changed to 5.
 6502400	[INFO]	XnProperty.cpp	151	Property Image1.BytesPerPixel was changed to 3.
 6502419	[INFO]	XnProperty.cpp	151	Property Image1.RequiredDataSize was changed to 230400.
 6502460	[INFO]	XnDeviceBase.cpp	1458	Stream 'Image1' was initialized.
 6502482	[INFO]	XnDeviceBase.cpp	1463	'Image1' stream was created.
 6502628	[INFO]	XnProperty.cpp	74	Setting Image1.InputFormat to 6...
 6502659	[INFO]	XnProperty.cpp	151	Property Image1.InputFormat was changed to 6.
 6502678	[INFO]	XnProperty.cpp	101	Image1.InputFormat was successfully set.
 6503301	[INFO]	XnDeviceModule.cpp	431	Module 'Image1' configuration was loaded from file.
 6503417	[INFO]	XnProperty.cpp	74	Setting Image1.FPS to 30...
 6503440	[INFO]	XnProperty.cpp	86	Image1.FPS value did not change.
 6503458	[INFO]	XnProperty.cpp	74	Setting Image1.YRes to 480...
 6503479	[INFO]	XnProperty.cpp	151	Property Image1.Resolution was changed to 1.
 6503498	[INFO]	XnProperty.cpp	151	Property Image1.XRes was changed to 640.
 6503517	[INFO]	XnProperty.cpp	151	Property Image1.RequiredDataSize was changed to 460800.
 6503550	[INFO]	XnProperty.cpp	151	Property Image1.YRes was changed to 480.
 6503571	[INFO]	XnProperty.cpp	151	Property Image1.RequiredDataSize was changed to 921600.
 6503590	[INFO]	XnProperty.cpp	101	Image1.YRes was successfully set.
 6503609	[INFO]	XnProperty.cpp	74	Setting Image1.XRes to 640...
 6503627	[INFO]	XnProperty.cpp	86	Image1.XRes value did not change.
 6504848	[INFO]	XnUSBLinux-x86.cpp	1222	USB read thread was started.
 6504904	[INFO]	XnProperty.cpp	151	Property Image1.ActualReadData was changed to 1.
 6672698	[WARNING]	XnDepthProcessor.cpp	133	Read: Depth buffer is corrupt. Size is 594704 (!= 614400)
 6672752	[WARNING]	XnFrameStreamProcessor.cpp	132	Depth frame is corrupt!
 6704718	[WARNING]	XnDepthProcessor.cpp	133	Read: Depth buffer is corrupt. Size is 574944 (!= 614400)
 6704760	[WARNING]	XnFrameStreamProcessor.cpp	132	Depth frame is corrupt!
 9706170	[INFO]	XnProperty.cpp	151	Property Image1.State was changed to 1.
 9706214	[INFO]	XnDeviceBase.cpp	370	Stream Image1 is open.
 9706387	[INFO]	XnProperty.cpp	74	Setting Depth1.Registration to 1...
 9740651	[WARNING]	XnDepthProcessor.cpp	133	Read: Depth buffer is corrupt. Size is 563680 (!= 614400)
 9740700	[WARNING]	XnFrameStreamProcessor.cpp	132	Depth frame is corrupt!
 9861176	[INFO]	XnProperty.cpp	151	Property Depth1.Registration was changed to 1.
 9861215	[INFO]	XnProperty.cpp	101	Depth1.Registration was successfully set.
 9861263	[INFO]	XnProperty.cpp	74	Setting Image1.Mirror to 1...
 9873591	[INFO]	XnProperty.cpp	151	Property Image1.FirmwareMirror was changed to 1.
 9873635	[INFO]	XnProperty.cpp	151	Property Image1.Mirror was changed to 1.
 9873648	[INFO]	XnProperty.cpp	101	Image1.Mirror was successfully set.
18554162	[INFO]	XnOpenNI.cpp	1459	Destroying node 'User1'
18561941	[INFO]	XnOpenNI.cpp	1459	Destroying node 'Depth1'
18562033	[INFO]	XnDeviceBase.cpp	1507	Destroying stream 'Depth1'...
18563230	[INFO]	XnOpenNI.cpp	1459	Destroying node 'Image1'
18563271	[INFO]	XnDeviceBase.cpp	1507	Destroying stream 'Image1'...
18564067	[INFO]	XnOpenNI.cpp	1459	Destroying node 'Device1'
