    1418	[INFO]	XnLog.cpp	165	OpenNI version is 1.0.0 (Build 25)-MacOSX (Jan  7 2011 14:20:18)
    1466	[INFO]	XnLog.cpp	173	Log system initialized. Console: 1, File: 1, Severity: INFO, Masks: ALL
    1513	[INFO]	XnLog.cpp	173	Log system initialized. Console: 1, File: 1, Severity: INFO, Masks: ALL
    2663	[INFO]	XnUSBLinux-x86.cpp	98	USB is initialized.
 1971249	[INFO]	XnOpenNI.cpp	1261	Creating node 'Device1' of type Device...
 1972682	[INFO]	XnDeviceModule.cpp	431	Module 'Device' configuration was loaded from file.
 2134633	[INFO]	XnDeviceSensorIO.cpp	135	Connected to USB device
 2134688	[INFO]	XnProperty.cpp	151	Property Device.USBPath was changed to 045e/02ae@250/10.
 2142009	[INFO]	XnHostProtocol.cpp	825	Hardware versions: FW=5.1.4 (7) HW=4 Chip=2 Sensor=4 SYS=7
 3555652	[INFO]	XnProperty.cpp	151	Property Device.ID was changed to 0.
 3555734	[INFO]	XnSensor.cpp	182	Device sensor initialized
 3555831	[INFO]	XnOpenNI.cpp	1261	Creating node 'Depth1' of type Depth...
 3555878	[INFO]	XnDeviceBase.cpp	1383	Creating stream 'Depth1' of type 'Depth'...
 3555900	[INFO]	XnProperty.cpp	74	Setting Device.ReadData to 1...
 3555937	[INFO]	XnDeviceSensorIO.cpp	298	Endpoints open
 3568251	[INFO]	XnProperty.cpp	151	Property Device.ReadData was changed to 1.
 3568293	[INFO]	XnProperty.cpp	101	Device.ReadData was successfully set.
 3568705	[INFO]	XnProperty.cpp	151	Property Depth1.Resolution was changed to 0.
 3568742	[INFO]	XnProperty.cpp	151	Property Depth1.XRes was changed to 320.
 3568769	[INFO]	XnProperty.cpp	151	Property Depth1.YRes was changed to 240.
 3568797	[INFO]	XnProperty.cpp	151	Property Depth1.FPS was changed to 30.
 3568826	[INFO]	XnProperty.cpp	151	Property Depth1.OutputFormat was changed to 1.
 3568852	[INFO]	XnProperty.cpp	151	Property Depth1.BytesPerPixel was changed to 2.
 3568876	[INFO]	XnProperty.cpp	151	Property Depth1.RequiredDataSize was changed to 153600.
 3568908	[INFO]	XnProperty.cpp	151	Property Depth1.ParamCoeff was changed to 4.
 3569008	[INFO]	XnProperty.cpp	151	Property Depth1.ShiftScale was changed to 10.
 3581620	[INFO]	XnProperty.cpp	151	Property Depth1.ConstShift was changed to 200.
 3581719	[INFO]	XnProperty.cpp	151	Property Depth1.ZPD was changed to 120.
 3581839	[INFO]	XnProperty.cpp	151	Property Depth1.ZPPS was changed to 0.104200.
 3581867	[INFO]	XnProperty.cpp	151	Property Depth1.LDDIS was changed to 7.500000.
 3581999	[INFO]	XnProperty.cpp	151	Property Depth1.Gain was changed to 30.
 3582045	[INFO]	XnDeviceBase.cpp	1458	Stream 'Depth1' was initialized.
 3582072	[INFO]	XnDeviceBase.cpp	1463	'Depth1' stream was created.
 3582307	[INFO]	XnProperty.cpp	74	Setting Depth1.InputFormat to 3...
 3582344	[INFO]	XnProperty.cpp	151	Property Depth1.InputFormat was changed to 3.
 3582369	[INFO]	XnProperty.cpp	101	Depth1.InputFormat was successfully set.
 3583109	[INFO]	XnProperty.cpp	74	Setting Depth1.RegistrationType to 2...
 3583138	[INFO]	XnProperty.cpp	151	Property Depth1.RegistrationType was changed to 2.
 3583165	[INFO]	XnProperty.cpp	101	Depth1.RegistrationType was successfully set.
 3583880	[INFO]	XnDeviceModule.cpp	431	Module 'Depth1' configuration was loaded from file.
 3584129	[INFO]	XnProperty.cpp	74	Setting Depth1.FPS to 30...
 3584159	[INFO]	XnProperty.cpp	101	Depth1.FPS was successfully set.
 3584182	[INFO]	XnProperty.cpp	74	Setting Depth1.YRes to 480...
 3584206	[INFO]	XnProperty.cpp	151	Property Depth1.Resolution was changed to 1.
 3584230	[INFO]	XnProperty.cpp	151	Property Depth1.XRes was changed to 640.
 3584252	[INFO]	XnProperty.cpp	151	Property Depth1.RequiredDataSize was changed to 307200.
 3584276	[INFO]	XnProperty.cpp	151	Property Depth1.YRes was changed to 480.
 3584298	[INFO]	XnProperty.cpp	151	Property Depth1.RequiredDataSize was changed to 614400.
 3584321	[INFO]	XnProperty.cpp	101	Depth1.YRes was successfully set.
 3584343	[INFO]	XnProperty.cpp	74	Setting Depth1.XRes to 640...
 3584362	[INFO]	XnProperty.cpp	86	Depth1.XRes value did not change.
 3584427	[INFO]	XnProperty.cpp	74	Setting Depth1.Mirror to 1...
 3584454	[INFO]	XnProperty.cpp	151	Property Depth1.FirmwareMirror was changed to 1.
 3584515	[INFO]	XnProperty.cpp	151	Property Depth1.Mirror was changed to 1.
 3584537	[INFO]	XnProperty.cpp	101	Depth1.Mirror was successfully set.
 3806454	[INFO]	XnOpenNI.cpp	1261	Creating node 'User1' of type User...
 3833779	[WARNING]	Linux-x86Threads.cpp	173	Failed to set thread priority: Invalid argument
 3833826	[WARNING]	XnUSBLinux-x86.cpp	126	USB events thread: Failed to set thread priority to critical. This might cause loss of data...
 3834726	[INFO]	XnUSBLinux-x86.cpp	1222	USB read thread was started.
 3834758	[INFO]	XnProperty.cpp	151	Property Depth1.ActualReadData was changed to 1.
 4304923	[INFO]	XnProperty.cpp	151	Property Depth1.State was changed to 1.
 4304965	[INFO]	XnDeviceBase.cpp	370	Stream Depth1 is open.
 4535546	[INFO]	XnOpenNI.cpp	1261	Creating node 'Image1' of type Image...
 4535599	[INFO]	XnDeviceBase.cpp	1383	Creating stream 'Image1' of type 'Image'...
 4535799	[INFO]	XnProperty.cpp	151	Property Image1.Resolution was changed to 0.
 4535835	[INFO]	XnProperty.cpp	151	Property Image1.XRes was changed to 320.
 4535856	[INFO]	XnProperty.cpp	151	Property Image1.YRes was changed to 240.
 4535874	[INFO]	XnProperty.cpp	151	Property Image1.FPS was changed to 30.
 4535892	[INFO]	XnProperty.cpp	151	Property Image1.OutputFormat was changed to 5.
 4535909	[INFO]	XnProperty.cpp	151	Property Image1.BytesPerPixel was changed to 3.
 4535929	[INFO]	XnProperty.cpp	151	Property Image1.RequiredDataSize was changed to 230400.
 4535970	[INFO]	XnDeviceBase.cpp	1458	Stream 'Image1' was initialized.
 4535993	[INFO]	XnDeviceBase.cpp	1463	'Image1' stream was created.
 4536122	[INFO]	XnProperty.cpp	74	Setting Image1.InputFormat to 6...
 4536153	[INFO]	XnProperty.cpp	151	Property Image1.InputFormat was changed to 6.
 4536172	[INFO]	XnProperty.cpp	101	Image1.InputFormat was successfully set.
 4536786	[INFO]	XnDeviceModule.cpp	431	Module 'Image1' configuration was loaded from file.
 4536906	[INFO]	XnProperty.cpp	74	Setting Image1.FPS to 30...
 4536931	[INFO]	XnProperty.cpp	86	Image1.FPS value did not change.
 4536951	[INFO]	XnProperty.cpp	74	Setting Image1.YRes to 480...
 4536968	[INFO]	XnProperty.cpp	151	Property Image1.Resolution was changed to 1.
 4536986	[INFO]	XnProperty.cpp	151	Property Image1.XRes was changed to 640.
 4537004	[INFO]	XnProperty.cpp	151	Property Image1.RequiredDataSize was changed to 460800.
 4537025	[INFO]	XnProperty.cpp	151	Property Image1.YRes was changed to 480.
 4537046	[INFO]	XnProperty.cpp	151	Property Image1.RequiredDataSize was changed to 921600.
 4537065	[INFO]	XnProperty.cpp	101	Image1.YRes was successfully set.
 4537085	[INFO]	XnProperty.cpp	74	Setting Image1.XRes to 640...
 4537103	[INFO]	XnProperty.cpp	86	Image1.XRes value did not change.
 4538164	[INFO]	XnUSBLinux-x86.cpp	1222	USB read thread was started.
 4538206	[INFO]	XnProperty.cpp	151	Property Image1.ActualReadData was changed to 1.
 4701997	[WARNING]	XnDepthProcessor.cpp	133	Read: Depth buffer is corrupt. Size is 596880 (!= 614400)
 4702042	[WARNING]	XnFrameStreamProcessor.cpp	132	Depth frame is corrupt!
 4734006	[WARNING]	XnDepthProcessor.cpp	133	Read: Depth buffer is corrupt. Size is 553712 (!= 614400)
 4734049	[WARNING]	XnFrameStreamProcessor.cpp	132	Depth frame is corrupt!
 7609894	[WARNING]	XnFrameStreamProcessor.cpp	140	Depth Frame Buffer overflow! current size: 612768
 7609944	[WARNING]	XnFrameStreamProcessor.cpp	132	Depth frame is corrupt!
 7637887	[WARNING]	XnDepthProcessor.cpp	133	Read: Depth buffer is corrupt. Size is 612768 (!= 614400)
 7738532	[INFO]	XnProperty.cpp	151	Property Image1.State was changed to 1.
 7738585	[INFO]	XnDeviceBase.cpp	370	Stream Image1 is open.
 7738769	[INFO]	XnProperty.cpp	74	Setting Depth1.Registration to 1...
 7773853	[WARNING]	XnDepthProcessor.cpp	133	Read: Depth buffer is corrupt. Size is 584384 (!= 614400)
 7773913	[WARNING]	XnFrameStreamProcessor.cpp	132	Depth frame is corrupt!
 7890329	[INFO]	XnProperty.cpp	151	Property Depth1.Registration was changed to 1.
 7890371	[INFO]	XnProperty.cpp	101	Depth1.Registration was successfully set.
 7890418	[INFO]	XnProperty.cpp	74	Setting Image1.Mirror to 1...
 7904222	[INFO]	XnProperty.cpp	151	Property Image1.FirmwareMirror was changed to 1.
 7904265	[INFO]	XnProperty.cpp	151	Property Image1.Mirror was changed to 1.
 7904278	[INFO]	XnProperty.cpp	101	Image1.Mirror was successfully set.
