    1358	[INFO]	XnLog.cpp	165	OpenNI version is 1.0.0 (Build 25)-MacOSX (Jan  7 2011 14:20:18)
    1396	[INFO]	XnLog.cpp	173	Log system initialized. Console: 1, File: 1, Severity: INFO, Masks: ALL
    1421	[INFO]	XnLog.cpp	173	Log system initialized. Console: 1, File: 1, Severity: INFO, Masks: ALL
    2477	[INFO]	XnUSBLinux-x86.cpp	98	USB is initialized.
 1984473	[INFO]	XnOpenNI.cpp	1261	Creating node 'Device1' of type Device...
 1985589	[INFO]	XnDeviceModule.cpp	431	Module 'Device' configuration was loaded from file.
 2257626	[INFO]	XnDeviceSensorIO.cpp	135	Connected to USB device
 2257679	[INFO]	XnProperty.cpp	151	Property Device.USBPath was changed to 045e/02ae@250/10.
 2265396	[INFO]	XnHostProtocol.cpp	825	Hardware versions: FW=5.1.4 (7) HW=4 Chip=2 Sensor=4 SYS=7
 3794831	[INFO]	XnProperty.cpp	151	Property Device.ID was changed to 0.
 3794937	[INFO]	XnSensor.cpp	182	Device sensor initialized
 3795095	[INFO]	XnOpenNI.cpp	1261	Creating node 'Depth1' of type Depth...
 3795164	[INFO]	XnDeviceBase.cpp	1383	Creating stream 'Depth1' of type 'Depth'...
 3795198	[INFO]	XnProperty.cpp	74	Setting Device.ReadData to 1...
 3795253	[INFO]	XnDeviceSensorIO.cpp	298	Endpoints open
 3807667	[INFO]	XnProperty.cpp	151	Property Device.ReadData was changed to 1.
 3807719	[INFO]	XnProperty.cpp	101	Device.ReadData was successfully set.
 3808264	[INFO]	XnProperty.cpp	151	Property Depth1.Resolution was changed to 0.
 3808296	[INFO]	XnProperty.cpp	151	Property Depth1.XRes was changed to 320.
 3808317	[INFO]	XnProperty.cpp	151	Property Depth1.YRes was changed to 240.
 3808337	[INFO]	XnProperty.cpp	151	Property Depth1.FPS was changed to 30.
 3808355	[INFO]	XnProperty.cpp	151	Property Depth1.OutputFormat was changed to 1.
 3808373	[INFO]	XnProperty.cpp	151	Property Depth1.BytesPerPixel was changed to 2.
 3808399	[INFO]	XnProperty.cpp	151	Property Depth1.RequiredDataSize was changed to 153600.
 3808424	[INFO]	XnProperty.cpp	151	Property Depth1.ParamCoeff was changed to 4.
 3808507	[INFO]	XnProperty.cpp	151	Property Depth1.ShiftScale was changed to 10.
 3821138	[INFO]	XnProperty.cpp	151	Property Depth1.ConstShift was changed to 200.
 3821253	[INFO]	XnProperty.cpp	151	Property Depth1.ZPD was changed to 120.
 3821396	[INFO]	XnProperty.cpp	151	Property Depth1.ZPPS was changed to 0.104200.
 3821422	[INFO]	XnProperty.cpp	151	Property Depth1.LDDIS was changed to 7.500000.
 3821562	[INFO]	XnProperty.cpp	151	Property Depth1.Gain was changed to 30.
 3821608	[INFO]	XnDeviceBase.cpp	1458	Stream 'Depth1' was initialized.
 3821636	[INFO]	XnDeviceBase.cpp	1463	'Depth1' stream was created.
 3821843	[INFO]	XnProperty.cpp	74	Setting Depth1.InputFormat to 3...
 3821876	[INFO]	XnProperty.cpp	151	Property Depth1.InputFormat was changed to 3.
 3821902	[INFO]	XnProperty.cpp	101	Depth1.InputFormat was successfully set.
 3822507	[INFO]	XnProperty.cpp	74	Setting Depth1.RegistrationType to 2...
 3822532	[INFO]	XnProperty.cpp	151	Property Depth1.RegistrationType was changed to 2.
 3822562	[INFO]	XnProperty.cpp	101	Depth1.RegistrationType was successfully set.
 3823196	[INFO]	XnDeviceModule.cpp	431	Module 'Depth1' configuration was loaded from file.
 3823411	[INFO]	XnProperty.cpp	74	Setting Depth1.FPS to 30...
 3823433	[INFO]	XnProperty.cpp	86	Depth1.FPS value did not change.
 3823449	[INFO]	XnProperty.cpp	74	Setting Depth1.YRes to 480...
 3823468	[INFO]	XnProperty.cpp	151	Property Depth1.Resolution was changed to 1.
 3823485	[INFO]	XnProperty.cpp	151	Property Depth1.XRes was changed to 640.
 3823501	[INFO]	XnProperty.cpp	151	Property Depth1.RequiredDataSize was changed to 307200.
 3823520	[INFO]	XnProperty.cpp	151	Property Depth1.YRes was changed to 480.
 3823536	[INFO]	XnProperty.cpp	151	Property Depth1.RequiredDataSize was changed to 614400.
 3823553	[INFO]	XnProperty.cpp	101	Depth1.YRes was successfully set.
 3823570	[INFO]	XnProperty.cpp	74	Setting Depth1.XRes to 640...
 3823583	[INFO]	XnProperty.cpp	86	Depth1.XRes value did not change.
 3823644	[INFO]	XnProperty.cpp	74	Setting Depth1.Mirror to 1...
 3823661	[INFO]	XnProperty.cpp	151	Property Depth1.FirmwareMirror was changed to 1.
 3823711	[INFO]	XnProperty.cpp	151	Property Depth1.Mirror was changed to 1.
 3823725	[INFO]	XnProperty.cpp	101	Depth1.Mirror was successfully set.
 4953240	[INFO]	XnOpenNI.cpp	1261	Creating node 'User1' of type User...
 4982899	[WARNING]	Linux-x86Threads.cpp	173	Failed to set thread priority: Invalid argument
 4982949	[WARNING]	XnUSBLinux-x86.cpp	126	USB events thread: Failed to set thread priority to critical. This might cause loss of data...
 4983894	[INFO]	XnUSBLinux-x86.cpp	1222	USB read thread was started.
 4983928	[INFO]	XnProperty.cpp	151	Property Depth1.ActualReadData was changed to 1.
 5454280	[INFO]	XnProperty.cpp	151	Property Depth1.State was changed to 1.
 5454323	[INFO]	XnDeviceBase.cpp	370	Stream Depth1 is open.
 6580386	[INFO]	XnOpenNI.cpp	1261	Creating node 'Image1' of type Image...
 6580438	[INFO]	XnDeviceBase.cpp	1383	Creating stream 'Image1' of type 'Image'...
 6580610	[INFO]	XnProperty.cpp	151	Property Image1.Resolution was changed to 0.
 6580632	[INFO]	XnProperty.cpp	151	Property Image1.XRes was changed to 320.
 6580652	[INFO]	XnProperty.cpp	151	Property Image1.YRes was changed to 240.
 6580671	[INFO]	XnProperty.cpp	151	Property Image1.FPS was changed to 30.
 6580685	[INFO]	XnProperty.cpp	151	Property Image1.OutputFormat was changed to 5.
 6580696	[INFO]	XnProperty.cpp	151	Property Image1.BytesPerPixel was changed to 3.
 6580708	[INFO]	XnProperty.cpp	151	Property Image1.RequiredDataSize was changed to 230400.
 6580738	[INFO]	XnDeviceBase.cpp	1458	Stream 'Image1' was initialized.
 6580752	[INFO]	XnDeviceBase.cpp	1463	'Image1' stream was created.
 6580852	[INFO]	XnProperty.cpp	74	Setting Image1.InputFormat to 6...
 6580873	[INFO]	XnProperty.cpp	151	Property Image1.InputFormat was changed to 6.
 6580886	[INFO]	XnProperty.cpp	101	Image1.InputFormat was successfully set.
 6581291	[INFO]	XnDeviceModule.cpp	431	Module 'Image1' configuration was loaded from file.
 6581380	[INFO]	XnProperty.cpp	74	Setting Image1.FPS to 30...
 6581396	[INFO]	XnProperty.cpp	86	Image1.FPS value did not change.
 6581408	[INFO]	XnProperty.cpp	74	Setting Image1.YRes to 480...
 6581420	[INFO]	XnProperty.cpp	151	Property Image1.Resolution was changed to 1.
 6581432	[INFO]	XnProperty.cpp	151	Property Image1.XRes was changed to 640.
 6581443	[INFO]	XnProperty.cpp	151	Property Image1.RequiredDataSize was changed to 460800.
 6581457	[INFO]	XnProperty.cpp	151	Property Image1.YRes was changed to 480.
 6581469	[INFO]	XnProperty.cpp	151	Property Image1.RequiredDataSize was changed to 921600.
 6581481	[INFO]	XnProperty.cpp	101	Image1.YRes was successfully set.
 6581493	[INFO]	XnProperty.cpp	74	Setting Image1.XRes to 640...
 6581504	[INFO]	XnProperty.cpp	86	Image1.XRes value did not change.
 6582371	[INFO]	XnUSBLinux-x86.cpp	1222	USB read thread was started.
 6582405	[INFO]	XnProperty.cpp	151	Property Image1.ActualReadData was changed to 1.
 6787123	[WARNING]	XnDepthProcessor.cpp	133	Read: Depth buffer is corrupt. Size is 572880 (!= 614400)
 6787179	[WARNING]	XnFrameStreamProcessor.cpp	132	Depth frame is corrupt!
 9782845	[INFO]	XnProperty.cpp	151	Property Image1.State was changed to 1.
 9782888	[INFO]	XnDeviceBase.cpp	370	Stream Image1 is open.
 9783059	[INFO]	XnProperty.cpp	74	Setting Depth1.Registration to 1...
 9934479	[INFO]	XnProperty.cpp	151	Property Depth1.Registration was changed to 1.
 9934522	[INFO]	XnProperty.cpp	101	Depth1.Registration was successfully set.
 9934565	[INFO]	XnProperty.cpp	74	Setting Image1.Mirror to 1...
 9946852	[INFO]	XnProperty.cpp	151	Property Image1.FirmwareMirror was changed to 1.
 9946893	[INFO]	XnProperty.cpp	151	Property Image1.Mirror was changed to 1.
 9946907	[INFO]	XnProperty.cpp	101	Image1.Mirror was successfully set.
78274171	[INFO]	XnOpenNI.cpp	1459	Destroying node 'User1'
78283224	[INFO]	XnOpenNI.cpp	1459	Destroying node 'Depth1'
78283366	[INFO]	XnDeviceBase.cpp	1507	Destroying stream 'Depth1'...
78286428	[INFO]	XnOpenNI.cpp	1459	Destroying node 'Image1'
78286544	[INFO]	XnDeviceBase.cpp	1507	Destroying stream 'Image1'...
78288399	[INFO]	XnOpenNI.cpp	1459	Destroying node 'Device1'
