    1661	[INFO]	XnLog.cpp	165	OpenNI version is 1.0.0 (Build 25)-MacOSX (Jan  7 2011 14:20:18)
    1707	[INFO]	XnLog.cpp	173	Log system initialized. Console: 1, File: 1, Severity: INFO, Masks: ALL
    1739	[INFO]	XnLog.cpp	173	Log system initialized. Console: 1, File: 1, Severity: INFO, Masks: ALL
    3068	[INFO]	XnUSBLinux-x86.cpp	98	USB is initialized.
 1964701	[INFO]	XnOpenNI.cpp	1261	Creating node 'Device1' of type Device...
 1966480	[INFO]	XnDeviceModule.cpp	431	Module 'Device' configuration was loaded from file.
 2236057	[INFO]	XnDeviceSensorIO.cpp	135	Connected to USB device
 2236104	[INFO]	XnProperty.cpp	151	Property Device.USBPath was changed to 045e/02ae@250/10.
 2243810	[INFO]	XnHostProtocol.cpp	825	Hardware versions: FW=5.1.4 (7) HW=4 Chip=2 Sensor=4 SYS=7
 3760115	[INFO]	XnProperty.cpp	151	Property Device.ID was changed to 0.
 3760211	[INFO]	XnSensor.cpp	182	Device sensor initialized
 3760390	[INFO]	XnOpenNI.cpp	1261	Creating node 'Depth1' of type Depth...
 3760461	[INFO]	XnDeviceBase.cpp	1383	Creating stream 'Depth1' of type 'Depth'...
 3760493	[INFO]	XnProperty.cpp	74	Setting Device.ReadData to 1...
 3760549	[INFO]	XnDeviceSensorIO.cpp	298	Endpoints open
 3773097	[INFO]	XnProperty.cpp	151	Property Device.ReadData was changed to 1.
 3773158	[INFO]	XnProperty.cpp	101	Device.ReadData was successfully set.
 3773788	[INFO]	XnProperty.cpp	151	Property Depth1.Resolution was changed to 0.
 3773827	[INFO]	XnProperty.cpp	151	Property Depth1.XRes was changed to 320.
 3773852	[INFO]	XnProperty.cpp	151	Property Depth1.YRes was changed to 240.
 3773877	[INFO]	XnProperty.cpp	151	Property Depth1.FPS was changed to 30.
 3773901	[INFO]	XnProperty.cpp	151	Property Depth1.OutputFormat was changed to 1.
 3773925	[INFO]	XnProperty.cpp	151	Property Depth1.BytesPerPixel was changed to 2.
 3773950	[INFO]	XnProperty.cpp	151	Property Depth1.RequiredDataSize was changed to 153600.
 3773981	[INFO]	XnProperty.cpp	151	Property Depth1.ParamCoeff was changed to 4.
 3774101	[INFO]	XnProperty.cpp	151	Property Depth1.ShiftScale was changed to 10.
 3786617	[INFO]	XnProperty.cpp	151	Property Depth1.ConstShift was changed to 200.
 3786764	[INFO]	XnProperty.cpp	151	Property Depth1.ZPD was changed to 120.
 3786996	[INFO]	XnProperty.cpp	151	Property Depth1.ZPPS was changed to 0.104200.
 3787025	[INFO]	XnProperty.cpp	151	Property Depth1.LDDIS was changed to 7.500000.
 3787193	[INFO]	XnProperty.cpp	151	Property Depth1.Gain was changed to 30.
 3787238	[INFO]	XnDeviceBase.cpp	1458	Stream 'Depth1' was initialized.
 3787265	[INFO]	XnDeviceBase.cpp	1463	'Depth1' stream was created.
 3787567	[INFO]	XnProperty.cpp	74	Setting Depth1.InputFormat to 3...
 3787619	[INFO]	XnProperty.cpp	151	Property Depth1.InputFormat was changed to 3.
 3787644	[INFO]	XnProperty.cpp	101	Depth1.InputFormat was successfully set.
 3788540	[INFO]	XnProperty.cpp	74	Setting Depth1.RegistrationType to 2...
 3788573	[INFO]	XnProperty.cpp	151	Property Depth1.RegistrationType was changed to 2.
 3788597	[INFO]	XnProperty.cpp	101	Depth1.RegistrationType was successfully set.
 3789494	[INFO]	XnDeviceModule.cpp	431	Module 'Depth1' configuration was loaded from file.
 3789744	[INFO]	XnProperty.cpp	74	Setting Depth1.FPS to 30...
 3789769	[INFO]	XnProperty.cpp	86	Depth1.FPS value did not change.
 3789788	[INFO]	XnProperty.cpp	74	Setting Depth1.YRes to 480...
 3789810	[INFO]	XnProperty.cpp	151	Property Depth1.Resolution was changed to 1.
 3789831	[INFO]	XnProperty.cpp	151	Property Depth1.XRes was changed to 640.
 3789851	[INFO]	XnProperty.cpp	151	Property Depth1.RequiredDataSize was changed to 307200.
 3789873	[INFO]	XnProperty.cpp	151	Property Depth1.YRes was changed to 480.
 3789892	[INFO]	XnProperty.cpp	151	Property Depth1.RequiredDataSize was changed to 614400.
 3789912	[INFO]	XnProperty.cpp	101	Depth1.YRes was successfully set.
 3789932	[INFO]	XnProperty.cpp	74	Setting Depth1.XRes to 640...
 3789949	[INFO]	XnProperty.cpp	86	Depth1.XRes value did not change.
 3790012	[INFO]	XnProperty.cpp	74	Setting Depth1.Mirror to 1...
 3790041	[INFO]	XnProperty.cpp	151	Property Depth1.FirmwareMirror was changed to 1.
 3790122	[INFO]	XnProperty.cpp	151	Property Depth1.Mirror was changed to 1.
 3790142	[INFO]	XnProperty.cpp	101	Depth1.Mirror was successfully set.
 4916924	[INFO]	XnOpenNI.cpp	1261	Creating node 'User1' of type User...
 4942984	[WARNING]	Linux-x86Threads.cpp	173	Failed to set thread priority: Invalid argument
 4943030	[WARNING]	XnUSBLinux-x86.cpp	126	USB events thread: Failed to set thread priority to critical. This might cause loss of data...
 4943994	[INFO]	XnUSBLinux-x86.cpp	1222	USB read thread was started.
 4944037	[INFO]	XnProperty.cpp	151	Property Depth1.ActualReadData was changed to 1.
 5414377	[INFO]	XnProperty.cpp	151	Property Depth1.State was changed to 1.
 5414419	[INFO]	XnDeviceBase.cpp	370	Stream Depth1 is open.
 6505339	[INFO]	XnOpenNI.cpp	1261	Creating node 'Image1' of type Image...
 6505390	[INFO]	XnDeviceBase.cpp	1383	Creating stream 'Image1' of type 'Image'...
 6505598	[INFO]	XnProperty.cpp	151	Property Image1.Resolution was changed to 0.
 6505625	[INFO]	XnProperty.cpp	151	Property Image1.XRes was changed to 320.
 6505645	[INFO]	XnProperty.cpp	151	Property Image1.YRes was changed to 240.
 6505664	[INFO]	XnProperty.cpp	151	Property Image1.FPS was changed to 30.
 6505682	[INFO]	XnProperty.cpp	151	Property Image1.OutputFormat was changed to 5.
 6505701	[INFO]	XnProperty.cpp	151	Property Image1.BytesPerPixel was changed to 3.
 6505721	[INFO]	XnProperty.cpp	151	Property Image1.RequiredDataSize was changed to 230400.
 6505762	[INFO]	XnDeviceBase.cpp	1458	Stream 'Image1' was initialized.
 6505784	[INFO]	XnDeviceBase.cpp	1463	'Image1' stream was created.
 6505907	[INFO]	XnProperty.cpp	74	Setting Image1.InputFormat to 6...
 6505937	[INFO]	XnProperty.cpp	151	Property Image1.InputFormat was changed to 6.
 6505956	[INFO]	XnProperty.cpp	101	Image1.InputFormat was successfully set.
 6506572	[INFO]	XnDeviceModule.cpp	431	Module 'Image1' configuration was loaded from file.
 6506687	[INFO]	XnProperty.cpp	74	Setting Image1.FPS to 30...
 6506711	[INFO]	XnProperty.cpp	86	Image1.FPS value did not change.
 6506730	[INFO]	XnProperty.cpp	74	Setting Image1.YRes to 480...
 6506750	[INFO]	XnProperty.cpp	151	Property Image1.Resolution was changed to 1.
 6506769	[INFO]	XnProperty.cpp	151	Property Image1.XRes was changed to 640.
 6506787	[INFO]	XnProperty.cpp	151	Property Image1.RequiredDataSize was changed to 460800.
 6506808	[INFO]	XnProperty.cpp	151	Property Image1.YRes was changed to 480.
 6506826	[INFO]	XnProperty.cpp	151	Property Image1.RequiredDataSize was changed to 921600.
 6506844	[INFO]	XnProperty.cpp	101	Image1.YRes was successfully set.
 6506862	[INFO]	XnProperty.cpp	74	Setting Image1.XRes to 640...
 6506879	[INFO]	XnProperty.cpp	86	Image1.XRes value did not change.
 6508030	[INFO]	XnUSBLinux-x86.cpp	1222	USB read thread was started.
 6508077	[INFO]	XnProperty.cpp	151	Property Image1.ActualReadData was changed to 1.
 6680143	[WARNING]	XnDepthProcessor.cpp	133	Read: Depth buffer is corrupt. Size is 571392 (!= 614400)
 6680190	[WARNING]	XnFrameStreamProcessor.cpp	132	Depth frame is corrupt!
 6712177	[WARNING]	XnDepthProcessor.cpp	133	Read: Depth buffer is corrupt. Size is 569904 (!= 614400)
 6712222	[WARNING]	XnFrameStreamProcessor.cpp	132	Depth frame is corrupt!
 9708786	[INFO]	XnProperty.cpp	151	Property Image1.State was changed to 1.
 9708829	[INFO]	XnDeviceBase.cpp	370	Stream Image1 is open.
 9708995	[INFO]	XnProperty.cpp	74	Setting Depth1.Registration to 1...
 9716110	[WARNING]	XnFirmwareStreams.cpp	324	Unknown packet type (0x3554)!!!
 9720088	[WARNING]	XnFirmwareStreams.cpp	324	Unknown packet type (0x3554)!!!
 9860141	[INFO]	XnProperty.cpp	151	Property Depth1.Registration was changed to 1.
 9860193	[INFO]	XnProperty.cpp	101	Depth1.Registration was successfully set.
 9860248	[INFO]	XnProperty.cpp	74	Setting Image1.Mirror to 1...
 9872545	[INFO]	XnProperty.cpp	151	Property Image1.FirmwareMirror was changed to 1.
 9872588	[INFO]	XnProperty.cpp	151	Property Image1.Mirror was changed to 1.
 9872600	[INFO]	XnProperty.cpp	101	Image1.Mirror was successfully set.
