    1366	[INFO]	XnLog.cpp	165	OpenNI version is 1.0.0 (Build 25)-MacOSX (Jan  7 2011 14:20:18)
    1410	[INFO]	XnLog.cpp	173	Log system initialized. Console: 1, File: 1, Severity: INFO, Masks: ALL
    1433	[INFO]	XnLog.cpp	173	Log system initialized. Console: 1, File: 1, Severity: INFO, Masks: ALL
    2525	[INFO]	XnUSBLinux-x86.cpp	98	USB is initialized.
 1962829	[INFO]	XnOpenNI.cpp	1261	Creating node 'Device1' of type Device...
 1963893	[INFO]	XnDeviceModule.cpp	431	Module 'Device' configuration was loaded from file.
 2232722	[INFO]	XnDeviceSensorIO.cpp	135	Connected to USB device
 2232775	[INFO]	XnProperty.cpp	151	Property Device.USBPath was changed to 045e/02ae@250/10.
 2240340	[INFO]	XnHostProtocol.cpp	825	Hardware versions: FW=5.1.4 (7) HW=4 Chip=2 Sensor=4 SYS=7
 3755313	[INFO]	XnProperty.cpp	151	Property Device.ID was changed to 0.
 3755382	[INFO]	XnSensor.cpp	182	Device sensor initialized
 3755498	[INFO]	XnOpenNI.cpp	1261	Creating node 'Depth1' of type Depth...
 3755562	[INFO]	XnDeviceBase.cpp	1383	Creating stream 'Depth1' of type 'Depth'...
 3755594	[INFO]	XnProperty.cpp	74	Setting Device.ReadData to 1...
 3755647	[INFO]	XnDeviceSensorIO.cpp	298	Endpoints open
 3768061	[INFO]	XnProperty.cpp	151	Property Device.ReadData was changed to 1.
 3768120	[INFO]	XnProperty.cpp	101	Device.ReadData was successfully set.
 3768730	[INFO]	XnProperty.cpp	151	Property Depth1.Resolution was changed to 0.
 3768767	[INFO]	XnProperty.cpp	151	Property Depth1.XRes was changed to 320.
 3768793	[INFO]	XnProperty.cpp	151	Property Depth1.YRes was changed to 240.
 3768818	[INFO]	XnProperty.cpp	151	Property Depth1.FPS was changed to 30.
 3768842	[INFO]	XnProperty.cpp	151	Property Depth1.OutputFormat was changed to 1.
 3768866	[INFO]	XnProperty.cpp	151	Property Depth1.BytesPerPixel was changed to 2.
 3768890	[INFO]	XnProperty.cpp	151	Property Depth1.RequiredDataSize was changed to 153600.
 3768921	[INFO]	XnProperty.cpp	151	Property Depth1.ParamCoeff was changed to 4.
 3769041	[INFO]	XnProperty.cpp	151	Property Depth1.ShiftScale was changed to 10.
 3781673	[INFO]	XnProperty.cpp	151	Property Depth1.ConstShift was changed to 200.
 3781785	[INFO]	XnProperty.cpp	151	Property Depth1.ZPD was changed to 120.
 3781939	[INFO]	XnProperty.cpp	151	Property Depth1.ZPPS was changed to 0.104200.
 3781962	[INFO]	XnProperty.cpp	151	Property Depth1.LDDIS was changed to 7.500000.
 3782096	[INFO]	XnProperty.cpp	151	Property Depth1.Gain was changed to 30.
 3782134	[INFO]	XnDeviceBase.cpp	1458	Stream 'Depth1' was initialized.
 3782157	[INFO]	XnDeviceBase.cpp	1463	'Depth1' stream was created.
 3782365	[INFO]	XnProperty.cpp	74	Setting Depth1.InputFormat to 3...
 3782396	[INFO]	XnProperty.cpp	151	Property Depth1.InputFormat was changed to 3.
 3782415	[INFO]	XnProperty.cpp	101	Depth1.InputFormat was successfully set.
 3783110	[INFO]	XnProperty.cpp	74	Setting Depth1.RegistrationType to 2...
 3783136	[INFO]	XnProperty.cpp	151	Property Depth1.RegistrationType was changed to 2.
 3783154	[INFO]	XnProperty.cpp	101	Depth1.RegistrationType was successfully set.
 3783934	[INFO]	XnDeviceModule.cpp	431	Module 'Depth1' configuration was loaded from file.
 3784182	[INFO]	XnProperty.cpp	74	Setting Depth1.FPS to 30...
 3784207	[INFO]	XnProperty.cpp	86	Depth1.FPS value did not change.
 3784227	[INFO]	XnProperty.cpp	74	Setting Depth1.YRes to 480...
 3784250	[INFO]	XnProperty.cpp	151	Property Depth1.Resolution was changed to 1.
 3784277	[INFO]	XnProperty.cpp	151	Property Depth1.XRes was changed to 640.
 3784297	[INFO]	XnProperty.cpp	151	Property Depth1.RequiredDataSize was changed to 307200.
 3784322	[INFO]	XnProperty.cpp	151	Property Depth1.YRes was changed to 480.
 3784338	[INFO]	XnProperty.cpp	151	Property Depth1.RequiredDataSize was changed to 614400.
 3784355	[INFO]	XnProperty.cpp	101	Depth1.YRes was successfully set.
 3784372	[INFO]	XnProperty.cpp	74	Setting Depth1.XRes to 640...
 3784387	[INFO]	XnProperty.cpp	86	Depth1.XRes value did not change.
 3784443	[INFO]	XnProperty.cpp	74	Setting Depth1.Mirror to 1...
 3784462	[INFO]	XnProperty.cpp	151	Property Depth1.FirmwareMirror was changed to 1.
 3784514	[INFO]	XnProperty.cpp	151	Property Depth1.Mirror was changed to 1.
 3784530	[INFO]	XnProperty.cpp	101	Depth1.Mirror was successfully set.
 4881791	[INFO]	XnOpenNI.cpp	1261	Creating node 'User1' of type User...
 4910604	[WARNING]	Linux-x86Threads.cpp	173	Failed to set thread priority: Invalid argument
 4910653	[WARNING]	XnUSBLinux-x86.cpp	126	USB events thread: Failed to set thread priority to critical. This might cause loss of data...
 4911577	[INFO]	XnUSBLinux-x86.cpp	1222	USB read thread was started.
 4911609	[INFO]	XnProperty.cpp	151	Property Depth1.ActualReadData was changed to 1.
 5382101	[INFO]	XnProperty.cpp	151	Property Depth1.State was changed to 1.
 5382141	[INFO]	XnDeviceBase.cpp	370	Stream Depth1 is open.
 6506508	[INFO]	XnOpenNI.cpp	1261	Creating node 'Image1' of type Image...
 6506560	[INFO]	XnDeviceBase.cpp	1383	Creating stream 'Image1' of type 'Image'...
 6506793	[INFO]	XnProperty.cpp	151	Property Image1.Resolution was changed to 0.
 6506813	[INFO]	XnProperty.cpp	151	Property Image1.XRes was changed to 320.
 6506826	[INFO]	XnProperty.cpp	151	Property Image1.YRes was changed to 240.
 6506840	[INFO]	XnProperty.cpp	151	Property Image1.FPS was changed to 30.
 6506859	[INFO]	XnProperty.cpp	151	Property Image1.OutputFormat was changed to 5.
 6506880	[INFO]	XnProperty.cpp	151	Property Image1.BytesPerPixel was changed to 3.
 6506901	[INFO]	XnProperty.cpp	151	Property Image1.RequiredDataSize was changed to 230400.
 6506947	[INFO]	XnDeviceBase.cpp	1458	Stream 'Image1' was initialized.
 6506967	[INFO]	XnDeviceBase.cpp	1463	'Image1' stream was created.
 6507100	[INFO]	XnProperty.cpp	74	Setting Image1.InputFormat to 6...
 6507125	[INFO]	XnProperty.cpp	151	Property Image1.InputFormat was changed to 6.
 6507138	[INFO]	XnProperty.cpp	101	Image1.InputFormat was successfully set.
 6507546	[INFO]	XnDeviceModule.cpp	431	Module 'Image1' configuration was loaded from file.
 6507634	[INFO]	XnProperty.cpp	74	Setting Image1.FPS to 30...
 6507649	[INFO]	XnProperty.cpp	86	Image1.FPS value did not change.
 6507661	[INFO]	XnProperty.cpp	74	Setting Image1.YRes to 480...
 6507674	[INFO]	XnProperty.cpp	151	Property Image1.Resolution was changed to 1.
 6507686	[INFO]	XnProperty.cpp	151	Property Image1.XRes was changed to 640.
 6507698	[INFO]	XnProperty.cpp	151	Property Image1.RequiredDataSize was changed to 460800.
 6507711	[INFO]	XnProperty.cpp	151	Property Image1.YRes was changed to 480.
 6507723	[INFO]	XnProperty.cpp	151	Property Image1.RequiredDataSize was changed to 921600.
 6507736	[INFO]	XnProperty.cpp	101	Image1.YRes was successfully set.
 6507748	[INFO]	XnProperty.cpp	74	Setting Image1.XRes to 640...
 6507759	[INFO]	XnProperty.cpp	86	Image1.XRes value did not change.
 6508697	[INFO]	XnUSBLinux-x86.cpp	1222	USB read thread was started.
 6508739	[INFO]	XnProperty.cpp	151	Property Image1.ActualReadData was changed to 1.
 6679003	[WARNING]	XnDepthProcessor.cpp	133	Read: Depth buffer is corrupt. Size is 571664 (!= 614400)
 6679050	[WARNING]	XnFrameStreamProcessor.cpp	132	Depth frame is corrupt!
 6714954	[WARNING]	XnDepthProcessor.cpp	133	Read: Depth buffer is corrupt. Size is 565072 (!= 614400)
 6714998	[WARNING]	XnFrameStreamProcessor.cpp	132	Depth frame is corrupt!
 9614916	[WARNING]	XnDepthProcessor.cpp	133	Read: Depth buffer is corrupt. Size is 597472 (!= 614400)
 9614962	[WARNING]	XnFrameStreamProcessor.cpp	132	Depth frame is corrupt!
 9709469	[INFO]	XnProperty.cpp	151	Property Image1.State was changed to 1.
 9709512	[INFO]	XnDeviceBase.cpp	370	Stream Image1 is open.
 9709684	[INFO]	XnProperty.cpp	74	Setting Depth1.Registration to 1...
 9715875	[WARNING]	XnFirmwareStreams.cpp	324	Unknown packet type (0x4d4c)!!!
 9719875	[WARNING]	XnFirmwareStreams.cpp	324	Unknown packet type (0x4d4c)!!!
 9750882	[WARNING]	XnDepthProcessor.cpp	133	Read: Depth buffer is corrupt. Size is 589952 (!= 614400)
 9750929	[WARNING]	XnFrameStreamProcessor.cpp	132	Depth frame is corrupt!
 9860832	[INFO]	XnProperty.cpp	151	Property Depth1.Registration was changed to 1.
 9860875	[INFO]	XnProperty.cpp	101	Depth1.Registration was successfully set.
 9860956	[INFO]	XnProperty.cpp	74	Setting Image1.Mirror to 1...
 9874591	[INFO]	XnProperty.cpp	151	Property Image1.FirmwareMirror was changed to 1.
 9874632	[INFO]	XnProperty.cpp	151	Property Image1.Mirror was changed to 1.
 9874644	[INFO]	XnProperty.cpp	101	Image1.Mirror was successfully set.
