    1789	[INFO]	XnLog.cpp	165	OpenNI version is 1.0.0 (Build 25)-MacOSX (Jan  7 2011 14:20:18)
    1842	[INFO]	XnLog.cpp	173	Log system initialized. Console: 1, File: 1, Severity: INFO, Masks: ALL
    1874	[INFO]	XnLog.cpp	173	Log system initialized. Console: 1, File: 1, Severity: INFO, Masks: ALL
    3342	[INFO]	XnUSBLinux-x86.cpp	98	USB is initialized.
 1119614	[INFO]	XnOpenNI.cpp	1261	Creating node 'Device1' of type Device...
 1120631	[INFO]	XnDeviceModule.cpp	431	Module 'Device' configuration was loaded from file.
 1280424	[INFO]	XnDeviceSensorIO.cpp	135	Connected to USB device
 1280475	[INFO]	XnProperty.cpp	151	Property Device.USBPath was changed to 045e/02ae@250/10.
 1287656	[INFO]	XnHostProtocol.cpp	825	Hardware versions: FW=5.1.4 (7) HW=4 Chip=2 Sensor=4 SYS=7
 2701355	[INFO]	XnProperty.cpp	151	Property Device.ID was changed to 0.
 2701449	[INFO]	XnSensor.cpp	182	Device sensor initialized
 2701610	[INFO]	XnOpenNI.cpp	1261	Creating node 'Depth1' of type Depth...
 2701675	[INFO]	XnDeviceBase.cpp	1383	Creating stream 'Depth1' of type 'Depth'...
 2701707	[INFO]	XnProperty.cpp	74	Setting Device.ReadData to 1...
 2701762	[INFO]	XnDeviceSensorIO.cpp	298	Endpoints open
 2714354	[INFO]	XnProperty.cpp	151	Property Device.ReadData was changed to 1.
 2714410	[INFO]	XnProperty.cpp	101	Device.ReadData was successfully set.
 2715010	[INFO]	XnProperty.cpp	151	Property Depth1.Resolution was changed to 0.
 2715046	[INFO]	XnProperty.cpp	151	Property Depth1.XRes was changed to 320.
 2715072	[INFO]	XnProperty.cpp	151	Property Depth1.YRes was changed to 240.
 2715097	[INFO]	XnProperty.cpp	151	Property Depth1.FPS was changed to 30.
 2715120	[INFO]	XnProperty.cpp	151	Property Depth1.OutputFormat was changed to 1.
 2715144	[INFO]	XnProperty.cpp	151	Property Depth1.BytesPerPixel was changed to 2.
 2715169	[INFO]	XnProperty.cpp	151	Property Depth1.RequiredDataSize was changed to 153600.
 2715206	[INFO]	XnProperty.cpp	151	Property Depth1.ParamCoeff was changed to 4.
 2715329	[INFO]	XnProperty.cpp	151	Property Depth1.ShiftScale was changed to 10.
 2727788	[INFO]	XnProperty.cpp	151	Property Depth1.ConstShift was changed to 200.
 2727910	[INFO]	XnProperty.cpp	151	Property Depth1.ZPD was changed to 120.
 2728091	[INFO]	XnProperty.cpp	151	Property Depth1.ZPPS was changed to 0.104200.
 2728133	[INFO]	XnProperty.cpp	151	Property Depth1.LDDIS was changed to 7.500000.
 2728320	[INFO]	XnProperty.cpp	151	Property Depth1.Gain was changed to 30.
 2728380	[INFO]	XnDeviceBase.cpp	1458	Stream 'Depth1' was initialized.
 2728415	[INFO]	XnDeviceBase.cpp	1463	'Depth1' stream was created.
 2728699	[INFO]	XnProperty.cpp	74	Setting Depth1.InputFormat to 3...
 2728740	[INFO]	XnProperty.cpp	151	Property Depth1.InputFormat was changed to 3.
 2728768	[INFO]	XnProperty.cpp	101	Depth1.InputFormat was successfully set.
 2729683	[INFO]	XnProperty.cpp	74	Setting Depth1.RegistrationType to 2...
 2729719	[INFO]	XnProperty.cpp	151	Property Depth1.RegistrationType was changed to 2.
 2729744	[INFO]	XnProperty.cpp	101	Depth1.RegistrationType was successfully set.
 2730697	[INFO]	XnDeviceModule.cpp	431	Module 'Depth1' configuration was loaded from file.
 2731010	[INFO]	XnProperty.cpp	74	Setting Depth1.FPS to 30...
 2731043	[INFO]	XnProperty.cpp	86	Depth1.FPS value did not change.
 2731073	[INFO]	XnProperty.cpp	74	Setting Depth1.YRes to 480...
 2731107	[INFO]	XnProperty.cpp	151	Property Depth1.Resolution was changed to 1.
 2731139	[INFO]	XnProperty.cpp	151	Property Depth1.XRes was changed to 640.
 2731168	[INFO]	XnProperty.cpp	151	Property Depth1.RequiredDataSize was changed to 307200.
 2731200	[INFO]	XnProperty.cpp	151	Property Depth1.YRes was changed to 480.
 2731233	[INFO]	XnProperty.cpp	151	Property Depth1.RequiredDataSize was changed to 614400.
 2731263	[INFO]	XnProperty.cpp	101	Depth1.YRes was successfully set.
 2731294	[INFO]	XnProperty.cpp	74	Setting Depth1.XRes to 640...
 2731321	[INFO]	XnProperty.cpp	86	Depth1.XRes value did not change.
 2731402	[INFO]	XnProperty.cpp	74	Setting Depth1.Mirror to 1...
 2731437	[INFO]	XnProperty.cpp	151	Property Depth1.FirmwareMirror was changed to 1.
 2731812	[INFO]	XnProperty.cpp	151	Property Depth1.Mirror was changed to 1.
 2731842	[INFO]	XnProperty.cpp	101	Depth1.Mirror was successfully set.
 3843725	[INFO]	XnOpenNI.cpp	1261	Creating node 'User1' of type User...
 3867498	[WARNING]	Linux-x86Threads.cpp	173	Failed to set thread priority: Invalid argument
 3867546	[WARNING]	XnUSBLinux-x86.cpp	126	USB events thread: Failed to set thread priority to critical. This might cause loss of data...
 3868408	[INFO]	XnUSBLinux-x86.cpp	1222	USB read thread was started.
 3868613	[INFO]	XnProperty.cpp	151	Property Depth1.ActualReadData was changed to 1.
 4339977	[INFO]	XnProperty.cpp	151	Property Depth1.State was changed to 1.
 4340033	[INFO]	XnDeviceBase.cpp	370	Stream Depth1 is open.
 5433662	[INFO]	XnOpenNI.cpp	1261	Creating node 'Image1' of type Image...
 5433712	[INFO]	XnDeviceBase.cpp	1383	Creating stream 'Image1' of type 'Image'...
 5433892	[INFO]	XnProperty.cpp	151	Property Image1.Resolution was changed to 0.
 5433912	[INFO]	XnProperty.cpp	151	Property Image1.XRes was changed to 320.
 5433925	[INFO]	XnProperty.cpp	151	Property Image1.YRes was changed to 240.
 5433937	[INFO]	XnProperty.cpp	151	Property Image1.FPS was changed to 30.
 5433948	[INFO]	XnProperty.cpp	151	Property Image1.OutputFormat was changed to 5.
 5433960	[INFO]	XnProperty.cpp	151	Property Image1.BytesPerPixel was changed to 3.
 5433973	[INFO]	XnProperty.cpp	151	Property Image1.RequiredDataSize was changed to 230400.
 5434004	[INFO]	XnDeviceBase.cpp	1458	Stream 'Image1' was initialized.
 5434026	[INFO]	XnDeviceBase.cpp	1463	'Image1' stream was created.
 5434136	[INFO]	XnProperty.cpp	74	Setting Image1.InputFormat to 6...
 5434157	[INFO]	XnProperty.cpp	151	Property Image1.InputFormat was changed to 6.
 5434170	[INFO]	XnProperty.cpp	101	Image1.InputFormat was successfully set.
 5434577	[INFO]	XnDeviceModule.cpp	431	Module 'Image1' configuration was loaded from file.
 5434666	[INFO]	XnProperty.cpp	74	Setting Image1.FPS to 30...
 5434681	[INFO]	XnProperty.cpp	86	Image1.FPS value did not change.
 5434693	[INFO]	XnProperty.cpp	74	Setting Image1.YRes to 480...
 5434705	[INFO]	XnProperty.cpp	151	Property Image1.Resolution was changed to 1.
 5434717	[INFO]	XnProperty.cpp	151	Property Image1.XRes was changed to 640.
 5434730	[INFO]	XnProperty.cpp	151	Property Image1.RequiredDataSize was changed to 460800.
 5434743	[INFO]	XnProperty.cpp	151	Property Image1.YRes was changed to 480.
 5434755	[INFO]	XnProperty.cpp	151	Property Image1.RequiredDataSize was changed to 921600.
 5434767	[INFO]	XnProperty.cpp	101	Image1.YRes was successfully set.
 5434780	[INFO]	XnProperty.cpp	74	Setting Image1.XRes to 640...
 5434791	[INFO]	XnProperty.cpp	86	Image1.XRes value did not change.
 5435629	[INFO]	XnUSBLinux-x86.cpp	1222	USB read thread was started.
 5435664	[INFO]	XnProperty.cpp	151	Property Image1.ActualReadData was changed to 1.
 5608099	[WARNING]	XnDepthProcessor.cpp	133	Read: Depth buffer is corrupt. Size is 573776 (!= 614400)
 5608147	[WARNING]	XnFrameStreamProcessor.cpp	132	Depth frame is corrupt!
 5640126	[WARNING]	XnDepthProcessor.cpp	133	Read: Depth buffer is corrupt. Size is 564912 (!= 614400)
 5640169	[WARNING]	XnFrameStreamProcessor.cpp	132	Depth frame is corrupt!
 8544065	[WARNING]	XnDepthProcessor.cpp	133	Read: Depth buffer is corrupt. Size is 592352 (!= 614400)
 8544111	[WARNING]	XnFrameStreamProcessor.cpp	132	Depth frame is corrupt!
 8636372	[INFO]	XnProperty.cpp	151	Property Image1.State was changed to 1.
 8636427	[INFO]	XnDeviceBase.cpp	370	Stream Image1 is open.
 8636639	[INFO]	XnProperty.cpp	74	Setting Depth1.Registration to 1...
 8676077	[WARNING]	XnDepthProcessor.cpp	133	Read: Depth buffer is corrupt. Size is 592320 (!= 614400)
 8676124	[WARNING]	XnFrameStreamProcessor.cpp	132	Depth frame is corrupt!
 8789269	[INFO]	XnProperty.cpp	151	Property Depth1.Registration was changed to 1.
 8789306	[INFO]	XnProperty.cpp	101	Depth1.Registration was successfully set.
 8789350	[INFO]	XnProperty.cpp	74	Setting Image1.Mirror to 1...
 8801738	[INFO]	XnProperty.cpp	151	Property Image1.FirmwareMirror was changed to 1.
 8801812	[INFO]	XnProperty.cpp	151	Property Image1.Mirror was changed to 1.
 8801825	[INFO]	XnProperty.cpp	101	Image1.Mirror was successfully set.
34300880	[INFO]	XnOpenNI.cpp	1459	Destroying node 'User1'
34310570	[INFO]	XnOpenNI.cpp	1459	Destroying node 'Depth1'
34310693	[INFO]	XnDeviceBase.cpp	1507	Destroying stream 'Depth1'...
34311862	[INFO]	XnOpenNI.cpp	1459	Destroying node 'Image1'
34311897	[INFO]	XnDeviceBase.cpp	1507	Destroying stream 'Image1'...
34312667	[INFO]	XnOpenNI.cpp	1459	Destroying node 'Device1'
