    4348	[INFO]	XnLog.cpp	165	OpenNI version is 1.0.0 (Build 25)-MacOSX (Jan  7 2011 14:20:18)
    4410	[INFO]	XnLog.cpp	173	Log system initialized. Console: 1, File: 1, Severity: INFO, Masks: ALL
    4445	[INFO]	XnLog.cpp	173	Log system initialized. Console: 1, File: 1, Severity: INFO, Masks: ALL
    5811	[INFO]	XnUSBLinux-x86.cpp	98	USB is initialized.
 1982310	[INFO]	XnOpenNI.cpp	1261	Creating node 'Device1' of type Device...
 1983736	[INFO]	XnDeviceModule.cpp	431	Module 'Device' configuration was loaded from file.
 2253871	[INFO]	XnDeviceSensorIO.cpp	135	Connected to USB device
 2253924	[INFO]	XnProperty.cpp	151	Property Device.USBPath was changed to 045e/02ae@250/10.
 2260872	[INFO]	XnHostProtocol.cpp	825	Hardware versions: FW=5.1.4 (7) HW=4 Chip=2 Sensor=4 SYS=7
 3788664	[INFO]	XnProperty.cpp	151	Property Device.ID was changed to 0.
 3788760	[INFO]	XnSensor.cpp	182	Device sensor initialized
 3788942	[INFO]	XnOpenNI.cpp	1261	Creating node 'Depth1' of type Depth...
 3789024	[INFO]	XnDeviceBase.cpp	1383	Creating stream 'Depth1' of type 'Depth'...
 3789067	[INFO]	XnProperty.cpp	74	Setting Device.ReadData to 1...
 3789123	[INFO]	XnDeviceSensorIO.cpp	298	Endpoints open
 3801563	[INFO]	XnProperty.cpp	151	Property Device.ReadData was changed to 1.
 3801631	[INFO]	XnProperty.cpp	101	Device.ReadData was successfully set.
 3802504	[INFO]	XnProperty.cpp	151	Property Depth1.Resolution was changed to 0.
 3802561	[INFO]	XnProperty.cpp	151	Property Depth1.XRes was changed to 320.
 3802604	[INFO]	XnProperty.cpp	151	Property Depth1.YRes was changed to 240.
 3802644	[INFO]	XnProperty.cpp	151	Property Depth1.FPS was changed to 30.
 3802687	[INFO]	XnProperty.cpp	151	Property Depth1.OutputFormat was changed to 1.
 3802732	[INFO]	XnProperty.cpp	151	Property Depth1.BytesPerPixel was changed to 2.
 3802775	[INFO]	XnProperty.cpp	151	Property Depth1.RequiredDataSize was changed to 153600.
 3802825	[INFO]	XnProperty.cpp	151	Property Depth1.ParamCoeff was changed to 4.
 3802982	[INFO]	XnProperty.cpp	151	Property Depth1.ShiftScale was changed to 10.
 3815244	[INFO]	XnProperty.cpp	151	Property Depth1.ConstShift was changed to 200.
 3815387	[INFO]	XnProperty.cpp	151	Property Depth1.ZPD was changed to 120.
 3815514	[INFO]	XnProperty.cpp	151	Property Depth1.ZPPS was changed to 0.104200.
 3815537	[INFO]	XnProperty.cpp	151	Property Depth1.LDDIS was changed to 7.500000.
 3815663	[INFO]	XnProperty.cpp	151	Property Depth1.Gain was changed to 30.
 3815711	[INFO]	XnDeviceBase.cpp	1458	Stream 'Depth1' was initialized.
 3815734	[INFO]	XnDeviceBase.cpp	1463	'Depth1' stream was created.
 3815973	[INFO]	XnProperty.cpp	74	Setting Depth1.InputFormat to 3...
 3816004	[INFO]	XnProperty.cpp	151	Property Depth1.InputFormat was changed to 3.
 3816025	[INFO]	XnProperty.cpp	101	Depth1.InputFormat was successfully set.
 3816624	[INFO]	XnProperty.cpp	74	Setting Depth1.RegistrationType to 2...
 3816647	[INFO]	XnProperty.cpp	151	Property Depth1.RegistrationType was changed to 2.
 3816663	[INFO]	XnProperty.cpp	101	Depth1.RegistrationType was successfully set.
 3817287	[INFO]	XnDeviceModule.cpp	431	Module 'Depth1' configuration was loaded from file.
 3817468	[INFO]	XnProperty.cpp	74	Setting Depth1.FPS to 30...
 3817489	[INFO]	XnProperty.cpp	86	Depth1.FPS value did not change.
 3817505	[INFO]	XnProperty.cpp	74	Setting Depth1.YRes to 480...
 3817524	[INFO]	XnProperty.cpp	151	Property Depth1.Resolution was changed to 1.
 3817542	[INFO]	XnProperty.cpp	151	Property Depth1.XRes was changed to 640.
 3817559	[INFO]	XnProperty.cpp	151	Property Depth1.RequiredDataSize was changed to 307200.
 3817579	[INFO]	XnProperty.cpp	151	Property Depth1.YRes was changed to 480.
 3817595	[INFO]	XnProperty.cpp	151	Property Depth1.RequiredDataSize was changed to 614400.
 3817612	[INFO]	XnProperty.cpp	101	Depth1.YRes was successfully set.
 3817629	[INFO]	XnProperty.cpp	74	Setting Depth1.XRes to 640...
 3817644	[INFO]	XnProperty.cpp	86	Depth1.XRes value did not change.
 3817698	[INFO]	XnProperty.cpp	74	Setting Depth1.Mirror to 1...
 3817718	[INFO]	XnProperty.cpp	151	Property Depth1.FirmwareMirror was changed to 1.
 3817773	[INFO]	XnProperty.cpp	151	Property Depth1.Mirror was changed to 1.
 3817790	[INFO]	XnProperty.cpp	101	Depth1.Mirror was successfully set.
 4922243	[INFO]	XnOpenNI.cpp	1261	Creating node 'User1' of type User...
 4947864	[WARNING]	Linux-x86Threads.cpp	173	Failed to set thread priority: Invalid argument
 4947914	[WARNING]	XnUSBLinux-x86.cpp	126	USB events thread: Failed to set thread priority to critical. This might cause loss of data...
 4948733	[INFO]	XnUSBLinux-x86.cpp	1222	USB read thread was started.
 4948762	[INFO]	XnProperty.cpp	151	Property Depth1.ActualReadData was changed to 1.
 5419191	[INFO]	XnProperty.cpp	151	Property Depth1.State was changed to 1.
 5419225	[INFO]	XnDeviceBase.cpp	370	Stream Depth1 is open.
 6511950	[INFO]	XnOpenNI.cpp	1261	Creating node 'Image1' of type Image...
 6512002	[INFO]	XnDeviceBase.cpp	1383	Creating stream 'Image1' of type 'Image'...
 6512190	[INFO]	XnProperty.cpp	151	Property Image1.Resolution was changed to 0.
 6512210	[INFO]	XnProperty.cpp	151	Property Image1.XRes was changed to 320.
 6512223	[INFO]	XnProperty.cpp	151	Property Image1.YRes was changed to 240.
 6512235	[INFO]	XnProperty.cpp	151	Property Image1.FPS was changed to 30.
 6512246	[INFO]	XnProperty.cpp	151	Property Image1.OutputFormat was changed to 5.
 6512258	[INFO]	XnProperty.cpp	151	Property Image1.BytesPerPixel was changed to 3.
 6512271	[INFO]	XnProperty.cpp	151	Property Image1.RequiredDataSize was changed to 230400.
 6512299	[INFO]	XnDeviceBase.cpp	1458	Stream 'Image1' was initialized.
 6512313	[INFO]	XnDeviceBase.cpp	1463	'Image1' stream was created.
 6512417	[INFO]	XnProperty.cpp	74	Setting Image1.InputFormat to 6...
 6512439	[INFO]	XnProperty.cpp	151	Property Image1.InputFormat was changed to 6.
 6512457	[INFO]	XnProperty.cpp	101	Image1.InputFormat was successfully set.
 6513017	[INFO]	XnDeviceModule.cpp	431	Module 'Image1' configuration was loaded from file.
 6513116	[INFO]	XnProperty.cpp	74	Setting Image1.FPS to 30...
 6513132	[INFO]	XnProperty.cpp	86	Image1.FPS value did not change.
 6513145	[INFO]	XnProperty.cpp	74	Setting Image1.YRes to 480...
 6513158	[INFO]	XnProperty.cpp	151	Property Image1.Resolution was changed to 1.
 6513170	[INFO]	XnProperty.cpp	151	Property Image1.XRes was changed to 640.
 6513182	[INFO]	XnProperty.cpp	151	Property Image1.RequiredDataSize was changed to 460800.
 6513195	[INFO]	XnProperty.cpp	151	Property Image1.YRes was changed to 480.
 6513208	[INFO]	XnProperty.cpp	151	Property Image1.RequiredDataSize was changed to 921600.
 6513220	[INFO]	XnProperty.cpp	101	Image1.YRes was successfully set.
 6513233	[INFO]	XnProperty.cpp	74	Setting Image1.XRes to 640...
 6513244	[INFO]	XnProperty.cpp	86	Image1.XRes value did not change.
 6514186	[INFO]	XnUSBLinux-x86.cpp	1222	USB read thread was started.
 6514225	[INFO]	XnProperty.cpp	151	Property Image1.ActualReadData was changed to 1.
 6684568	[WARNING]	XnDepthProcessor.cpp	133	Read: Depth buffer is corrupt. Size is 573760 (!= 614400)
 6684615	[WARNING]	XnFrameStreamProcessor.cpp	132	Depth frame is corrupt!
 6716602	[WARNING]	XnDepthProcessor.cpp	133	Read: Depth buffer is corrupt. Size is 589728 (!= 614400)
 6716649	[WARNING]	XnFrameStreamProcessor.cpp	132	Depth frame is corrupt!
 9714721	[INFO]	XnProperty.cpp	151	Property Image1.State was changed to 1.
 9714764	[INFO]	XnDeviceBase.cpp	370	Stream Image1 is open.
 9714910	[INFO]	XnProperty.cpp	74	Setting Depth1.Registration to 1...
 9867065	[INFO]	XnProperty.cpp	151	Property Depth1.Registration was changed to 1.
 9867116	[INFO]	XnProperty.cpp	101	Depth1.Registration was successfully set.
 9867174	[INFO]	XnProperty.cpp	74	Setting Image1.Mirror to 1...
 9879473	[INFO]	XnProperty.cpp	151	Property Image1.FirmwareMirror was changed to 1.
 9879515	[INFO]	XnProperty.cpp	151	Property Image1.Mirror was changed to 1.
 9879528	[INFO]	XnProperty.cpp	101	Image1.Mirror was successfully set.
90468057	[INFO]	XnOpenNI.cpp	1459	Destroying node 'User1'
90475711	[INFO]	XnOpenNI.cpp	1459	Destroying node 'Depth1'
90475801	[INFO]	XnDeviceBase.cpp	1507	Destroying stream 'Depth1'...
90477218	[INFO]	XnOpenNI.cpp	1459	Destroying node 'Image1'
90477468	[INFO]	XnDeviceBase.cpp	1507	Destroying stream 'Image1'...
90478308	[INFO]	XnOpenNI.cpp	1459	Destroying node 'Device1'
