    1937	[INFO]	XnLog.cpp	165	OpenNI version is 1.0.0 (Build 25)-MacOSX (Jan  7 2011 14:20:18)
    1998	[INFO]	XnLog.cpp	173	Log system initialized. Console: 1, File: 1, Severity: INFO, Masks: ALL
    2034	[INFO]	XnLog.cpp	173	Log system initialized. Console: 1, File: 1, Severity: INFO, Masks: ALL
    3436	[INFO]	XnUSBLinux-x86.cpp	98	USB is initialized.
 1974704	[INFO]	XnOpenNI.cpp	1261	Creating node 'Device1' of type Device...
 1976102	[INFO]	XnDeviceModule.cpp	431	Module 'Device' configuration was loaded from file.
 2245919	[INFO]	XnDeviceSensorIO.cpp	135	Connected to USB device
 2245987	[INFO]	XnProperty.cpp	151	Property Device.USBPath was changed to 045e/02ae@250/10.
 2253839	[INFO]	XnHostProtocol.cpp	825	Hardware versions: FW=5.1.4 (7) HW=4 Chip=2 Sensor=4 SYS=7
 3764203	[INFO]	XnProperty.cpp	151	Property Device.ID was changed to 0.
 3764293	[INFO]	XnSensor.cpp	182	Device sensor initialized
 3764490	[INFO]	XnOpenNI.cpp	1261	Creating node 'Depth1' of type Depth...
 3764575	[INFO]	XnDeviceBase.cpp	1383	Creating stream 'Depth1' of type 'Depth'...
 3764617	[INFO]	XnProperty.cpp	74	Setting Device.ReadData to 1...
 3764695	[INFO]	XnDeviceSensorIO.cpp	298	Endpoints open
 3777152	[INFO]	XnProperty.cpp	151	Property Device.ReadData was changed to 1.
 3777205	[INFO]	XnProperty.cpp	101	Device.ReadData was successfully set.
 3777663	[INFO]	XnProperty.cpp	151	Property Depth1.Resolution was changed to 0.
 3777689	[INFO]	XnProperty.cpp	151	Property Depth1.XRes was changed to 320.
 3777713	[INFO]	XnProperty.cpp	151	Property Depth1.YRes was changed to 240.
 3777736	[INFO]	XnProperty.cpp	151	Property Depth1.FPS was changed to 30.
 3777758	[INFO]	XnProperty.cpp	151	Property Depth1.OutputFormat was changed to 1.
 3777779	[INFO]	XnProperty.cpp	151	Property Depth1.BytesPerPixel was changed to 2.
 3777800	[INFO]	XnProperty.cpp	151	Property Depth1.RequiredDataSize was changed to 153600.
 3777827	[INFO]	XnProperty.cpp	151	Property Depth1.ParamCoeff was changed to 4.
 3777903	[INFO]	XnProperty.cpp	151	Property Depth1.ShiftScale was changed to 10.
 3790371	[INFO]	XnProperty.cpp	151	Property Depth1.ConstShift was changed to 200.
 3790462	[INFO]	XnProperty.cpp	151	Property Depth1.ZPD was changed to 120.
 3790558	[INFO]	XnProperty.cpp	151	Property Depth1.ZPPS was changed to 0.104200.
 3790572	[INFO]	XnProperty.cpp	151	Property Depth1.LDDIS was changed to 7.500000.
 3790666	[INFO]	XnProperty.cpp	151	Property Depth1.Gain was changed to 30.
 3790700	[INFO]	XnDeviceBase.cpp	1458	Stream 'Depth1' was initialized.
 3790720	[INFO]	XnDeviceBase.cpp	1463	'Depth1' stream was created.
 3790895	[INFO]	XnProperty.cpp	74	Setting Depth1.InputFormat to 3...
 3790919	[INFO]	XnProperty.cpp	151	Property Depth1.InputFormat was changed to 3.
 3790936	[INFO]	XnProperty.cpp	101	Depth1.InputFormat was successfully set.
 3791411	[INFO]	XnProperty.cpp	74	Setting Depth1.RegistrationType to 2...
 3791429	[INFO]	XnProperty.cpp	151	Property Depth1.RegistrationType was changed to 2.
 3791443	[INFO]	XnProperty.cpp	101	Depth1.RegistrationType was successfully set.
 3791954	[INFO]	XnDeviceModule.cpp	431	Module 'Depth1' configuration was loaded from file.
 3792141	[INFO]	XnProperty.cpp	74	Setting Depth1.FPS to 30...
 3792159	[INFO]	XnProperty.cpp	86	Depth1.FPS value did not change.
 3792171	[INFO]	XnProperty.cpp	74	Setting Depth1.YRes to 480...
 3792185	[INFO]	XnProperty.cpp	151	Property Depth1.Resolution was changed to 1.
 3792198	[INFO]	XnProperty.cpp	151	Property Depth1.XRes was changed to 640.
 3792210	[INFO]	XnProperty.cpp	151	Property Depth1.RequiredDataSize was changed to 307200.
 3792225	[INFO]	XnProperty.cpp	151	Property Depth1.YRes was changed to 480.
 3792238	[INFO]	XnProperty.cpp	151	Property Depth1.RequiredDataSize was changed to 614400.
 3792250	[INFO]	XnProperty.cpp	101	Depth1.YRes was successfully set.
 3792263	[INFO]	XnProperty.cpp	74	Setting Depth1.XRes to 640...
 3792273	[INFO]	XnProperty.cpp	86	Depth1.XRes value did not change.
 3792318	[INFO]	XnProperty.cpp	74	Setting Depth1.Mirror to 1...
 3792333	[INFO]	XnProperty.cpp	151	Property Depth1.FirmwareMirror was changed to 1.
 3792380	[INFO]	XnProperty.cpp	151	Property Depth1.Mirror was changed to 1.
 3792391	[INFO]	XnProperty.cpp	101	Depth1.Mirror was successfully set.
 4893999	[INFO]	XnOpenNI.cpp	1261	Creating node 'User1' of type User...
 4924442	[WARNING]	Linux-x86Threads.cpp	173	Failed to set thread priority: Invalid argument
 4924492	[WARNING]	XnUSBLinux-x86.cpp	126	USB events thread: Failed to set thread priority to critical. This might cause loss of data...
 4925445	[INFO]	XnUSBLinux-x86.cpp	1222	USB read thread was started.
 4925479	[INFO]	XnProperty.cpp	151	Property Depth1.ActualReadData was changed to 1.
 5395681	[INFO]	XnProperty.cpp	151	Property Depth1.State was changed to 1.
 5395724	[INFO]	XnDeviceBase.cpp	370	Stream Depth1 is open.
 6490336	[INFO]	XnOpenNI.cpp	1261	Creating node 'Image1' of type Image...
 6490389	[INFO]	XnDeviceBase.cpp	1383	Creating stream 'Image1' of type 'Image'...
 6490610	[INFO]	XnProperty.cpp	151	Property Image1.Resolution was changed to 0.
 6490633	[INFO]	XnProperty.cpp	151	Property Image1.XRes was changed to 320.
 6490654	[INFO]	XnProperty.cpp	151	Property Image1.YRes was changed to 240.
 6490674	[INFO]	XnProperty.cpp	151	Property Image1.FPS was changed to 30.
 6490694	[INFO]	XnProperty.cpp	151	Property Image1.OutputFormat was changed to 5.
 6490713	[INFO]	XnProperty.cpp	151	Property Image1.BytesPerPixel was changed to 3.
 6490732	[INFO]	XnProperty.cpp	151	Property Image1.RequiredDataSize was changed to 230400.
 6490773	[INFO]	XnDeviceBase.cpp	1458	Stream 'Image1' was initialized.
 6490793	[INFO]	XnDeviceBase.cpp	1463	'Image1' stream was created.
 6490907	[INFO]	XnProperty.cpp	74	Setting Image1.InputFormat to 6...
 6490932	[INFO]	XnProperty.cpp	151	Property Image1.InputFormat was changed to 6.
 6490952	[INFO]	XnProperty.cpp	101	Image1.InputFormat was successfully set.
 6491373	[INFO]	XnDeviceModule.cpp	431	Module 'Image1' configuration was loaded from file.
 6491477	[INFO]	XnProperty.cpp	74	Setting Image1.FPS to 30...
 6491495	[INFO]	XnProperty.cpp	86	Image1.FPS value did not change.
 6491508	[INFO]	XnProperty.cpp	74	Setting Image1.YRes to 480...
 6491526	[INFO]	XnProperty.cpp	151	Property Image1.Resolution was changed to 1.
 6491545	[INFO]	XnProperty.cpp	151	Property Image1.XRes was changed to 640.
 6491562	[INFO]	XnProperty.cpp	151	Property Image1.RequiredDataSize was changed to 460800.
 6491582	[INFO]	XnProperty.cpp	151	Property Image1.YRes was changed to 480.
 6491601	[INFO]	XnProperty.cpp	151	Property Image1.RequiredDataSize was changed to 921600.
 6491619	[INFO]	XnProperty.cpp	101	Image1.YRes was successfully set.
 6491638	[INFO]	XnProperty.cpp	74	Setting Image1.XRes to 640...
 6491653	[INFO]	XnProperty.cpp	86	Image1.XRes value did not change.
 6492748	[INFO]	XnUSBLinux-x86.cpp	1222	USB read thread was started.
 6492789	[INFO]	XnProperty.cpp	151	Property Image1.ActualReadData was changed to 1.
 6561587	[WARNING]	XnDepthProcessor.cpp	133	Read: Depth buffer is corrupt. Size is 598160 (!= 614400)
 6561629	[WARNING]	XnFrameStreamProcessor.cpp	132	Depth frame is corrupt!
 6665563	[WARNING]	XnDepthProcessor.cpp	133	Read: Depth buffer is corrupt. Size is 578848 (!= 614400)
 6665610	[WARNING]	XnFrameStreamProcessor.cpp	132	Depth frame is corrupt!
 6693570	[WARNING]	XnDepthProcessor.cpp	133	Read: Depth buffer is corrupt. Size is 0 (!= 614400)
 9565529	[WARNING]	XnDepthProcessor.cpp	133	Read: Depth buffer is corrupt. Size is 594176 (!= 614400)
 9565571	[WARNING]	XnFrameStreamProcessor.cpp	132	Depth frame is corrupt!
 9597566	[WARNING]	XnDepthProcessor.cpp	133	Read: Depth buffer is corrupt. Size is 594656 (!= 614400)
 9597612	[WARNING]	XnFrameStreamProcessor.cpp	132	Depth frame is corrupt!
 9693706	[INFO]	XnProperty.cpp	151	Property Image1.State was changed to 1.
 9693749	[INFO]	XnDeviceBase.cpp	370	Stream Image1 is open.
 9693917	[INFO]	XnProperty.cpp	74	Setting Depth1.Registration to 1...
 9845575	[INFO]	XnProperty.cpp	151	Property Depth1.Registration was changed to 1.
 9845622	[INFO]	XnProperty.cpp	101	Depth1.Registration was successfully set.
 9845679	[INFO]	XnProperty.cpp	74	Setting Image1.Mirror to 1...
 9858613	[INFO]	XnProperty.cpp	151	Property Image1.FirmwareMirror was changed to 1.
 9858657	[INFO]	XnProperty.cpp	151	Property Image1.Mirror was changed to 1.
 9858670	[INFO]	XnProperty.cpp	101	Image1.Mirror was successfully set.
18167992	[INFO]	XnOpenNI.cpp	1459	Destroying node 'User1'
18175562	[INFO]	XnOpenNI.cpp	1459	Destroying node 'Depth1'
18175661	[INFO]	XnDeviceBase.cpp	1507	Destroying stream 'Depth1'...
18177175	[INFO]	XnOpenNI.cpp	1459	Destroying node 'Image1'
18177235	[INFO]	XnDeviceBase.cpp	1507	Destroying stream 'Image1'...
18178254	[INFO]	XnOpenNI.cpp	1459	Destroying node 'Device1'
