    1874	[INFO]	XnLog.cpp	165	OpenNI version is 1.0.0 (Build 25)-MacOSX (Jan  7 2011 14:20:18)
    1926	[INFO]	XnLog.cpp	173	Log system initialized. Console: 1, File: 1, Severity: INFO, Masks: ALL
    1963	[INFO]	XnLog.cpp	173	Log system initialized. Console: 1, File: 1, Severity: INFO, Masks: ALL
    3408	[INFO]	XnUSBLinux-x86.cpp	98	USB is initialized.
 1977469	[INFO]	XnOpenNI.cpp	1261	Creating node 'Device1' of type Device...
 1978899	[INFO]	XnDeviceModule.cpp	431	Module 'Device' configuration was loaded from file.
 2249620	[INFO]	XnDeviceSensorIO.cpp	135	Connected to USB device
 2249675	[INFO]	XnProperty.cpp	151	Property Device.USBPath was changed to 045e/02ae@250/10.
 2257764	[INFO]	XnHostProtocol.cpp	825	Hardware versions: FW=5.1.4 (7) HW=4 Chip=2 Sensor=4 SYS=7
 3785188	[INFO]	XnProperty.cpp	151	Property Device.ID was changed to 0.
 3785282	[INFO]	XnSensor.cpp	182	Device sensor initialized
 3785444	[INFO]	XnOpenNI.cpp	1261	Creating node 'Depth1' of type Depth...
 3785511	[INFO]	XnDeviceBase.cpp	1383	Creating stream 'Depth1' of type 'Depth'...
 3785543	[INFO]	XnProperty.cpp	74	Setting Device.ReadData to 1...
 3785598	[INFO]	XnDeviceSensorIO.cpp	298	Endpoints open
 3798181	[INFO]	XnProperty.cpp	151	Property Device.ReadData was changed to 1.
 3798248	[INFO]	XnProperty.cpp	101	Device.ReadData was successfully set.
 3799100	[INFO]	XnProperty.cpp	151	Property Depth1.Resolution was changed to 0.
 3799155	[INFO]	XnProperty.cpp	151	Property Depth1.XRes was changed to 320.
 3799198	[INFO]	XnProperty.cpp	151	Property Depth1.YRes was changed to 240.
 3799242	[INFO]	XnProperty.cpp	151	Property Depth1.FPS was changed to 30.
 3799287	[INFO]	XnProperty.cpp	151	Property Depth1.OutputFormat was changed to 1.
 3799328	[INFO]	XnProperty.cpp	151	Property Depth1.BytesPerPixel was changed to 2.
 3799370	[INFO]	XnProperty.cpp	151	Property Depth1.RequiredDataSize was changed to 153600.
 3799425	[INFO]	XnProperty.cpp	151	Property Depth1.ParamCoeff was changed to 4.
 3799590	[INFO]	XnProperty.cpp	151	Property Depth1.ShiftScale was changed to 10.
 3811896	[INFO]	XnProperty.cpp	151	Property Depth1.ConstShift was changed to 200.
 3812026	[INFO]	XnProperty.cpp	151	Property Depth1.ZPD was changed to 120.
 3812168	[INFO]	XnProperty.cpp	151	Property Depth1.ZPPS was changed to 0.104200.
 3812189	[INFO]	XnProperty.cpp	151	Property Depth1.LDDIS was changed to 7.500000.
 3812336	[INFO]	XnProperty.cpp	151	Property Depth1.Gain was changed to 30.
 3812378	[INFO]	XnDeviceBase.cpp	1458	Stream 'Depth1' was initialized.
 3812399	[INFO]	XnDeviceBase.cpp	1463	'Depth1' stream was created.
 3812606	[INFO]	XnProperty.cpp	74	Setting Depth1.InputFormat to 3...
 3812634	[INFO]	XnProperty.cpp	151	Property Depth1.InputFormat was changed to 3.
 3812653	[INFO]	XnProperty.cpp	101	Depth1.InputFormat was successfully set.
 3813298	[INFO]	XnProperty.cpp	74	Setting Depth1.RegistrationType to 2...
 3813320	[INFO]	XnProperty.cpp	151	Property Depth1.RegistrationType was changed to 2.
 3813337	[INFO]	XnProperty.cpp	101	Depth1.RegistrationType was successfully set.
 3814022	[INFO]	XnDeviceModule.cpp	431	Module 'Depth1' configuration was loaded from file.
 3814243	[INFO]	XnProperty.cpp	74	Setting Depth1.FPS to 30...
 3814265	[INFO]	XnProperty.cpp	86	Depth1.FPS value did not change.
 3814283	[INFO]	XnProperty.cpp	74	Setting Depth1.YRes to 480...
 3814304	[INFO]	XnProperty.cpp	151	Property Depth1.Resolution was changed to 1.
 3814323	[INFO]	XnProperty.cpp	151	Property Depth1.XRes was changed to 640.
 3814341	[INFO]	XnProperty.cpp	151	Property Depth1.RequiredDataSize was changed to 307200.
 3815828	[INFO]	XnProperty.cpp	151	Property Depth1.YRes was changed to 480.
 3815856	[INFO]	XnProperty.cpp	151	Property Depth1.RequiredDataSize was changed to 614400.
 3815877	[INFO]	XnProperty.cpp	101	Depth1.YRes was successfully set.
 3815896	[INFO]	XnProperty.cpp	74	Setting Depth1.XRes to 640...
 3815913	[INFO]	XnProperty.cpp	86	Depth1.XRes value did not change.
 3815982	[INFO]	XnProperty.cpp	74	Setting Depth1.Mirror to 1...
 3816005	[INFO]	XnProperty.cpp	151	Property Depth1.FirmwareMirror was changed to 1.
 3816072	[INFO]	XnProperty.cpp	151	Property Depth1.Mirror was changed to 1.
 3816091	[INFO]	XnProperty.cpp	101	Depth1.Mirror was successfully set.
 4921701	[INFO]	XnOpenNI.cpp	1261	Creating node 'User1' of type User...
 4946838	[WARNING]	Linux-x86Threads.cpp	173	Failed to set thread priority: Invalid argument
 4946886	[WARNING]	XnUSBLinux-x86.cpp	126	USB events thread: Failed to set thread priority to critical. This might cause loss of data...
 4947702	[INFO]	XnUSBLinux-x86.cpp	1222	USB read thread was started.
 4947786	[INFO]	XnProperty.cpp	151	Property Depth1.ActualReadData was changed to 1.
 5418039	[INFO]	XnProperty.cpp	151	Property Depth1.State was changed to 1.
 5418071	[INFO]	XnDeviceBase.cpp	370	Stream Depth1 is open.
 6544330	[INFO]	XnOpenNI.cpp	1261	Creating node 'Image1' of type Image...
 6544390	[INFO]	XnDeviceBase.cpp	1383	Creating stream 'Image1' of type 'Image'...
 6544589	[INFO]	XnProperty.cpp	151	Property Image1.Resolution was changed to 0.
 6544610	[INFO]	XnProperty.cpp	151	Property Image1.XRes was changed to 320.
 6544623	[INFO]	XnProperty.cpp	151	Property Image1.YRes was changed to 240.
 6544635	[INFO]	XnProperty.cpp	151	Property Image1.FPS was changed to 30.
 6544646	[INFO]	XnProperty.cpp	151	Property Image1.OutputFormat was changed to 5.
 6544658	[INFO]	XnProperty.cpp	151	Property Image1.BytesPerPixel was changed to 3.
 6544670	[INFO]	XnProperty.cpp	151	Property Image1.RequiredDataSize was changed to 230400.
 6544698	[INFO]	XnDeviceBase.cpp	1458	Stream 'Image1' was initialized.
 6544713	[INFO]	XnDeviceBase.cpp	1463	'Image1' stream was created.
 6544811	[INFO]	XnProperty.cpp	74	Setting Image1.InputFormat to 6...
 6544829	[INFO]	XnProperty.cpp	151	Property Image1.InputFormat was changed to 6.
 6544841	[INFO]	XnProperty.cpp	101	Image1.InputFormat was successfully set.
 6545248	[INFO]	XnDeviceModule.cpp	431	Module 'Image1' configuration was loaded from file.
 6545339	[INFO]	XnProperty.cpp	74	Setting Image1.FPS to 30...
 6545355	[INFO]	XnProperty.cpp	86	Image1.FPS value did not change.
 6545367	[INFO]	XnProperty.cpp	74	Setting Image1.YRes to 480...
 6545380	[INFO]	XnProperty.cpp	151	Property Image1.Resolution was changed to 1.
 6545392	[INFO]	XnProperty.cpp	151	Property Image1.XRes was changed to 640.
 6545404	[INFO]	XnProperty.cpp	151	Property Image1.RequiredDataSize was changed to 460800.
 6545417	[INFO]	XnProperty.cpp	151	Property Image1.YRes was changed to 480.
 6545429	[INFO]	XnProperty.cpp	151	Property Image1.RequiredDataSize was changed to 921600.
 6545441	[INFO]	XnProperty.cpp	101	Image1.YRes was successfully set.
 6545454	[INFO]	XnProperty.cpp	74	Setting Image1.XRes to 640...
 6545464	[INFO]	XnProperty.cpp	86	Image1.XRes value did not change.
 6546304	[INFO]	XnUSBLinux-x86.cpp	1222	USB read thread was started.
 6546354	[INFO]	XnProperty.cpp	151	Property Image1.ActualReadData was changed to 1.
 6715480	[WARNING]	XnDepthProcessor.cpp	133	Read: Depth buffer is corrupt. Size is 597440 (!= 614400)
 6715525	[WARNING]	XnFrameStreamProcessor.cpp	132	Depth frame is corrupt!
 9619399	[WARNING]	XnDepthProcessor.cpp	133	Read: Depth buffer is corrupt. Size is 591776 (!= 614400)
 9619442	[WARNING]	XnFrameStreamProcessor.cpp	132	Depth frame is corrupt!
 9651427	[WARNING]	XnDepthProcessor.cpp	133	Read: Depth buffer is corrupt. Size is 601184 (!= 614400)
 9651475	[WARNING]	XnFrameStreamProcessor.cpp	132	Depth frame is corrupt!
 9746854	[INFO]	XnProperty.cpp	151	Property Image1.State was changed to 1.
 9746897	[INFO]	XnDeviceBase.cpp	370	Stream Image1 is open.
 9747071	[INFO]	XnProperty.cpp	74	Setting Depth1.Registration to 1...
 9787383	[WARNING]	XnDepthProcessor.cpp	133	Read: Depth buffer is corrupt. Size is 598736 (!= 614400)
 9787431	[WARNING]	XnFrameStreamProcessor.cpp	132	Depth frame is corrupt!
 9899438	[INFO]	XnProperty.cpp	151	Property Depth1.Registration was changed to 1.
 9899484	[INFO]	XnProperty.cpp	101	Depth1.Registration was successfully set.
 9899539	[INFO]	XnProperty.cpp	74	Setting Image1.Mirror to 1...
 9912089	[INFO]	XnProperty.cpp	151	Property Image1.FirmwareMirror was changed to 1.
 9912186	[INFO]	XnProperty.cpp	151	Property Image1.Mirror was changed to 1.
 9912205	[INFO]	XnProperty.cpp	101	Image1.Mirror was successfully set.
15226940	[INFO]	XnOpenNI.cpp	1459	Destroying node 'User1'
15234855	[INFO]	XnOpenNI.cpp	1459	Destroying node 'Depth1'
15234945	[INFO]	XnDeviceBase.cpp	1507	Destroying stream 'Depth1'...
15236204	[INFO]	XnOpenNI.cpp	1459	Destroying node 'Image1'
15236270	[INFO]	XnDeviceBase.cpp	1507	Destroying stream 'Image1'...
15237076	[INFO]	XnOpenNI.cpp	1459	Destroying node 'Device1'
