    1463	[INFO]	XnLog.cpp	165	OpenNI version is 1.0.0 (Build 25)-MacOSX (Jan  7 2011 14:20:18)
    1496	[INFO]	XnLog.cpp	173	Log system initialized. Console: 1, File: 1, Severity: INFO, Masks: ALL
    1520	[INFO]	XnLog.cpp	173	Log system initialized. Console: 1, File: 1, Severity: INFO, Masks: ALL
    2662	[INFO]	XnUSBLinux-x86.cpp	98	USB is initialized.
 1114948	[INFO]	XnOpenNI.cpp	1261	Creating node 'Device1' of type Device...
 1115737	[INFO]	XnDeviceModule.cpp	431	Module 'Device' configuration was loaded from file.
 1275879	[INFO]	XnDeviceSensorIO.cpp	135	Connected to USB device
 1275934	[INFO]	XnProperty.cpp	151	Property Device.USBPath was changed to 045e/02ae@250/10.
 1283527	[INFO]	XnHostProtocol.cpp	825	Hardware versions: FW=5.1.4 (7) HW=4 Chip=2 Sensor=4 SYS=7
 2697695	[INFO]	XnProperty.cpp	151	Property Device.ID was changed to 0.
 2697789	[INFO]	XnSensor.cpp	182	Device sensor initialized
 2697969	[INFO]	XnOpenNI.cpp	1261	Creating node 'Depth1' of type Depth...
 2698036	[INFO]	XnDeviceBase.cpp	1383	Creating stream 'Depth1' of type 'Depth'...
 2698068	[INFO]	XnProperty.cpp	74	Setting Device.ReadData to 1...
 2698123	[INFO]	XnDeviceSensorIO.cpp	298	Endpoints open
 2710464	[INFO]	XnProperty.cpp	151	Property Device.ReadData was changed to 1.
 2710521	[INFO]	XnProperty.cpp	101	Device.ReadData was successfully set.
 2711002	[INFO]	XnProperty.cpp	151	Property Depth1.Resolution was changed to 0.
 2711031	[INFO]	XnProperty.cpp	151	Property Depth1.XRes was changed to 320.
 2711051	[INFO]	XnProperty.cpp	151	Property Depth1.YRes was changed to 240.
 2711070	[INFO]	XnProperty.cpp	151	Property Depth1.FPS was changed to 30.
 2711090	[INFO]	XnProperty.cpp	151	Property Depth1.OutputFormat was changed to 1.
 2711108	[INFO]	XnProperty.cpp	151	Property Depth1.BytesPerPixel was changed to 2.
 2711125	[INFO]	XnProperty.cpp	151	Property Depth1.RequiredDataSize was changed to 153600.
 2711148	[INFO]	XnProperty.cpp	151	Property Depth1.ParamCoeff was changed to 4.
 2711226	[INFO]	XnProperty.cpp	151	Property Depth1.ShiftScale was changed to 10.
 2724134	[INFO]	XnProperty.cpp	151	Property Depth1.ConstShift was changed to 200.
 2724246	[INFO]	XnProperty.cpp	151	Property Depth1.ZPD was changed to 120.
 2724350	[INFO]	XnProperty.cpp	151	Property Depth1.ZPPS was changed to 0.104200.
 2724364	[INFO]	XnProperty.cpp	151	Property Depth1.LDDIS was changed to 7.500000.
 2724458	[INFO]	XnProperty.cpp	151	Property Depth1.Gain was changed to 30.
 2724491	[INFO]	XnDeviceBase.cpp	1458	Stream 'Depth1' was initialized.
 2724508	[INFO]	XnDeviceBase.cpp	1463	'Depth1' stream was created.
 2724674	[INFO]	XnProperty.cpp	74	Setting Depth1.InputFormat to 3...
 2724696	[INFO]	XnProperty.cpp	151	Property Depth1.InputFormat was changed to 3.
 2724709	[INFO]	XnProperty.cpp	101	Depth1.InputFormat was successfully set.
 2725140	[INFO]	XnProperty.cpp	74	Setting Depth1.RegistrationType to 2...
 2725156	[INFO]	XnProperty.cpp	151	Property Depth1.RegistrationType was changed to 2.
 2725167	[INFO]	XnProperty.cpp	101	Depth1.RegistrationType was successfully set.
 2725623	[INFO]	XnDeviceModule.cpp	431	Module 'Depth1' configuration was loaded from file.
 2725803	[INFO]	XnProperty.cpp	74	Setting Depth1.FPS to 30...
 2725820	[INFO]	XnProperty.cpp	86	Depth1.FPS value did not change.
 2725832	[INFO]	XnProperty.cpp	74	Setting Depth1.YRes to 480...
 2725846	[INFO]	XnProperty.cpp	151	Property Depth1.Resolution was changed to 1.
 2725859	[INFO]	XnProperty.cpp	151	Property Depth1.XRes was changed to 640.
 2725872	[INFO]	XnProperty.cpp	151	Property Depth1.RequiredDataSize was changed to 307200.
 2725887	[INFO]	XnProperty.cpp	151	Property Depth1.YRes was changed to 480.
 2725899	[INFO]	XnProperty.cpp	151	Property Depth1.RequiredDataSize was changed to 614400.
 2725912	[INFO]	XnProperty.cpp	101	Depth1.YRes was successfully set.
 2725924	[INFO]	XnProperty.cpp	74	Setting Depth1.XRes to 640...
 2725935	[INFO]	XnProperty.cpp	86	Depth1.XRes value did not change.
 2726003	[INFO]	XnProperty.cpp	74	Setting Depth1.Mirror to 1...
 2726022	[INFO]	XnProperty.cpp	151	Property Depth1.FirmwareMirror was changed to 1.
 2726069	[INFO]	XnProperty.cpp	151	Property Depth1.Mirror was changed to 1.
 2726080	[INFO]	XnProperty.cpp	101	Depth1.Mirror was successfully set.
 3840355	[INFO]	XnOpenNI.cpp	1261	Creating node 'User1' of type User...
 3864035	[WARNING]	Linux-x86Threads.cpp	173	Failed to set thread priority: Invalid argument
 3864081	[WARNING]	XnUSBLinux-x86.cpp	126	USB events thread: Failed to set thread priority to critical. This might cause loss of data...
 3864806	[INFO]	XnUSBLinux-x86.cpp	1222	USB read thread was started.
 3864829	[INFO]	XnProperty.cpp	151	Property Depth1.ActualReadData was changed to 1.
 4335551	[INFO]	XnProperty.cpp	151	Property Depth1.State was changed to 1.
 4335593	[INFO]	XnDeviceBase.cpp	370	Stream Depth1 is open.
 6266167	[INFO]	XnOpenNI.cpp	1261	Creating node 'Image1' of type Image...
 6266219	[INFO]	XnDeviceBase.cpp	1383	Creating stream 'Image1' of type 'Image'...
 6266420	[INFO]	XnProperty.cpp	151	Property Image1.Resolution was changed to 0.
 6266440	[INFO]	XnProperty.cpp	151	Property Image1.XRes was changed to 320.
 6266453	[INFO]	XnProperty.cpp	151	Property Image1.YRes was changed to 240.
 6266465	[INFO]	XnProperty.cpp	151	Property Image1.FPS was changed to 30.
 6266476	[INFO]	XnProperty.cpp	151	Property Image1.OutputFormat was changed to 5.
 6266488	[INFO]	XnProperty.cpp	151	Property Image1.BytesPerPixel was changed to 3.
 6266499	[INFO]	XnProperty.cpp	151	Property Image1.RequiredDataSize was changed to 230400.
 6266527	[INFO]	XnDeviceBase.cpp	1458	Stream 'Image1' was initialized.
 6266541	[INFO]	XnDeviceBase.cpp	1463	'Image1' stream was created.
 6266649	[INFO]	XnProperty.cpp	74	Setting Image1.InputFormat to 6...
 6266670	[INFO]	XnProperty.cpp	151	Property Image1.InputFormat was changed to 6.
 6266682	[INFO]	XnProperty.cpp	101	Image1.InputFormat was successfully set.
 6267091	[INFO]	XnDeviceModule.cpp	431	Module 'Image1' configuration was loaded from file.
 6267173	[INFO]	XnProperty.cpp	74	Setting Image1.FPS to 30...
 6267188	[INFO]	XnProperty.cpp	86	Image1.FPS value did not change.
 6267200	[INFO]	XnProperty.cpp	74	Setting Image1.YRes to 480...
 6267212	[INFO]	XnProperty.cpp	151	Property Image1.Resolution was changed to 1.
 6267224	[INFO]	XnProperty.cpp	151	Property Image1.XRes was changed to 640.
 6267236	[INFO]	XnProperty.cpp	151	Property Image1.RequiredDataSize was changed to 460800.
 6267250	[INFO]	XnProperty.cpp	151	Property Image1.YRes was changed to 480.
 6267262	[INFO]	XnProperty.cpp	151	Property Image1.RequiredDataSize was changed to 921600.
 6267274	[INFO]	XnProperty.cpp	101	Image1.YRes was successfully set.
 6267286	[INFO]	XnProperty.cpp	74	Setting Image1.XRes to 640...
 6267297	[INFO]	XnProperty.cpp	86	Image1.XRes value did not change.
 6268194	[INFO]	XnUSBLinux-x86.cpp	1222	USB read thread was started.
 6268233	[INFO]	XnProperty.cpp	151	Property Image1.ActualReadData was changed to 1.
 6332955	[WARNING]	XnDepthProcessor.cpp	133	Read: Depth buffer is corrupt. Size is 595280 (!= 614400)
 6332998	[WARNING]	XnFrameStreamProcessor.cpp	132	Depth frame is corrupt!
 6436926	[WARNING]	XnFrameStreamProcessor.cpp	140	Depth Frame Buffer overflow! current size: 612768
 6436972	[WARNING]	XnFrameStreamProcessor.cpp	132	Depth frame is corrupt!
 6468903	[WARNING]	XnDepthProcessor.cpp	133	Read: Depth buffer is corrupt. Size is 612768 (!= 614400)
 7076089	[WARNING]	XnDepthProcessor.cpp	133	Read: Depth buffer is corrupt. Size is 594048 (!= 614400)
 7076287	[WARNING]	XnFrameStreamProcessor.cpp	132	Depth frame is corrupt!
 7078465	[WARNING]	XnUSBLinux-x86.cpp	1078	Endpoint 0x81, Buffer 13: Asynch transfer failed (status: 1)
 7099958	[WARNING]	XnDepthProcessor.cpp	133	Read: Depth buffer is corrupt. Size is 381792 (!= 614400)
 7100007	[WARNING]	XnFrameStreamProcessor.cpp	132	Depth frame is corrupt!
 9371874	[WARNING]	XnDepthProcessor.cpp	133	Read: Depth buffer is corrupt. Size is 589248 (!= 614400)
 9371918	[WARNING]	XnFrameStreamProcessor.cpp	132	Depth frame is corrupt!
 9469327	[INFO]	XnProperty.cpp	151	Property Image1.State was changed to 1.
 9469369	[INFO]	XnDeviceBase.cpp	370	Stream Image1 is open.
 9469585	[INFO]	XnProperty.cpp	74	Setting Depth1.Registration to 1...
 9503853	[WARNING]	XnDepthProcessor.cpp	133	Read: Depth buffer is corrupt. Size is 574176 (!= 614400)
 9503901	[WARNING]	XnFrameStreamProcessor.cpp	132	Depth frame is corrupt!
 9621331	[INFO]	XnProperty.cpp	151	Property Depth1.Registration was changed to 1.
 9621375	[INFO]	XnProperty.cpp	101	Depth1.Registration was successfully set.
 9621422	[INFO]	XnProperty.cpp	74	Setting Image1.Mirror to 1...
 9633688	[INFO]	XnProperty.cpp	151	Property Image1.FirmwareMirror was changed to 1.
 9633741	[INFO]	XnProperty.cpp	151	Property Image1.Mirror was changed to 1.
 9633759	[INFO]	XnProperty.cpp	101	Image1.Mirror was successfully set.
27961311	[INFO]	XnOpenNI.cpp	1459	Destroying node 'User1'
27969506	[INFO]	XnOpenNI.cpp	1459	Destroying node 'Depth1'
27969605	[INFO]	XnDeviceBase.cpp	1507	Destroying stream 'Depth1'...
27970854	[INFO]	XnOpenNI.cpp	1459	Destroying node 'Image1'
27970914	[INFO]	XnDeviceBase.cpp	1507	Destroying stream 'Image1'...
27971775	[INFO]	XnOpenNI.cpp	1459	Destroying node 'Device1'
