    1940	[INFO]	XnLog.cpp	165	OpenNI version is 1.0.0 (Build 25)-MacOSX (Jan  7 2011 14:20:18)
    1999	[INFO]	XnLog.cpp	173	Log system initialized. Console: 1, File: 1, Severity: INFO, Masks: ALL
    2035	[INFO]	XnLog.cpp	173	Log system initialized. Console: 1, File: 1, Severity: INFO, Masks: ALL
    3515	[INFO]	XnUSBLinux-x86.cpp	98	USB is initialized.
 1974359	[INFO]	XnOpenNI.cpp	1261	Creating node 'Device1' of type Device...
 1976298	[INFO]	XnDeviceModule.cpp	431	Module 'Device' configuration was loaded from file.
 2246754	[INFO]	XnDeviceSensorIO.cpp	135	Connected to USB device
 2246812	[INFO]	XnProperty.cpp	151	Property Device.USBPath was changed to 045e/02ae@250/10.
 2254280	[INFO]	XnHostProtocol.cpp	825	Hardware versions: FW=5.1.4 (7) HW=4 Chip=2 Sensor=4 SYS=7
 3775691	[INFO]	XnProperty.cpp	151	Property Device.ID was changed to 0.
 3775786	[INFO]	XnSensor.cpp	182	Device sensor initialized
 3775943	[INFO]	XnOpenNI.cpp	1261	Creating node 'Depth1' of type Depth...
 3776010	[INFO]	XnDeviceBase.cpp	1383	Creating stream 'Depth1' of type 'Depth'...
 3776042	[INFO]	XnProperty.cpp	74	Setting Device.ReadData to 1...
 3776098	[INFO]	XnDeviceSensorIO.cpp	298	Endpoints open
 3788547	[INFO]	XnProperty.cpp	151	Property Device.ReadData was changed to 1.
 3788603	[INFO]	XnProperty.cpp	101	Device.ReadData was successfully set.
 3789232	[INFO]	XnProperty.cpp	151	Property Depth1.Resolution was changed to 0.
 3789278	[INFO]	XnProperty.cpp	151	Property Depth1.XRes was changed to 320.
 3789319	[INFO]	XnProperty.cpp	151	Property Depth1.YRes was changed to 240.
 3789360	[INFO]	XnProperty.cpp	151	Property Depth1.FPS was changed to 30.
 3789396	[INFO]	XnProperty.cpp	151	Property Depth1.OutputFormat was changed to 1.
 3789432	[INFO]	XnProperty.cpp	151	Property Depth1.BytesPerPixel was changed to 2.
 3789469	[INFO]	XnProperty.cpp	151	Property Depth1.RequiredDataSize was changed to 153600.
 3789515	[INFO]	XnProperty.cpp	151	Property Depth1.ParamCoeff was changed to 4.
 3789646	[INFO]	XnProperty.cpp	151	Property Depth1.ShiftScale was changed to 10.
 3802195	[INFO]	XnProperty.cpp	151	Property Depth1.ConstShift was changed to 200.
 3802347	[INFO]	XnProperty.cpp	151	Property Depth1.ZPD was changed to 120.
 3802556	[INFO]	XnProperty.cpp	151	Property Depth1.ZPPS was changed to 0.104200.
 3802585	[INFO]	XnProperty.cpp	151	Property Depth1.LDDIS was changed to 7.500000.
 3802754	[INFO]	XnProperty.cpp	151	Property Depth1.Gain was changed to 30.
 3802799	[INFO]	XnDeviceBase.cpp	1458	Stream 'Depth1' was initialized.
 3802826	[INFO]	XnDeviceBase.cpp	1463	'Depth1' stream was created.
 3803074	[INFO]	XnProperty.cpp	74	Setting Depth1.InputFormat to 3...
 3803112	[INFO]	XnProperty.cpp	151	Property Depth1.InputFormat was changed to 3.
 3803136	[INFO]	XnProperty.cpp	101	Depth1.InputFormat was successfully set.
 3804020	[INFO]	XnProperty.cpp	74	Setting Depth1.RegistrationType to 2...
 3804052	[INFO]	XnProperty.cpp	151	Property Depth1.RegistrationType was changed to 2.
 3804077	[INFO]	XnProperty.cpp	101	Depth1.RegistrationType was successfully set.
 3804957	[INFO]	XnDeviceModule.cpp	431	Module 'Depth1' configuration was loaded from file.
 3805202	[INFO]	XnProperty.cpp	74	Setting Depth1.FPS to 30...
 3805228	[INFO]	XnProperty.cpp	86	Depth1.FPS value did not change.
 3805248	[INFO]	XnProperty.cpp	74	Setting Depth1.YRes to 480...
 3805270	[INFO]	XnProperty.cpp	151	Property Depth1.Resolution was changed to 1.
 3805291	[INFO]	XnProperty.cpp	151	Property Depth1.XRes was changed to 640.
 3805311	[INFO]	XnProperty.cpp	151	Property Depth1.RequiredDataSize was changed to 307200.
 3805334	[INFO]	XnProperty.cpp	151	Property Depth1.YRes was changed to 480.
 3805354	[INFO]	XnProperty.cpp	151	Property Depth1.RequiredDataSize was changed to 614400.
 3805375	[INFO]	XnProperty.cpp	101	Depth1.YRes was successfully set.
 3805395	[INFO]	XnProperty.cpp	74	Setting Depth1.XRes to 640...
 3805412	[INFO]	XnProperty.cpp	86	Depth1.XRes value did not change.
 3805475	[INFO]	XnProperty.cpp	74	Setting Depth1.Mirror to 1...
 3805497	[INFO]	XnProperty.cpp	151	Property Depth1.FirmwareMirror was changed to 1.
 3805557	[INFO]	XnProperty.cpp	151	Property Depth1.Mirror was changed to 1.
 3805575	[INFO]	XnProperty.cpp	101	Depth1.Mirror was successfully set.
 4909614	[INFO]	XnOpenNI.cpp	1261	Creating node 'User1' of type User...
 4937980	[WARNING]	Linux-x86Threads.cpp	173	Failed to set thread priority: Invalid argument
 4938029	[WARNING]	XnUSBLinux-x86.cpp	126	USB events thread: Failed to set thread priority to critical. This might cause loss of data...
 4938876	[INFO]	XnUSBLinux-x86.cpp	1222	USB read thread was started.
 4938909	[INFO]	XnProperty.cpp	151	Property Depth1.ActualReadData was changed to 1.
 5409592	[INFO]	XnProperty.cpp	151	Property Depth1.State was changed to 1.
 5409634	[INFO]	XnDeviceBase.cpp	370	Stream Depth1 is open.
 6507242	[INFO]	XnOpenNI.cpp	1261	Creating node 'Image1' of type Image...
 6507295	[INFO]	XnDeviceBase.cpp	1383	Creating stream 'Image1' of type 'Image'...
 6507478	[INFO]	XnProperty.cpp	151	Property Image1.Resolution was changed to 0.
 6507498	[INFO]	XnProperty.cpp	151	Property Image1.XRes was changed to 320.
 6507511	[INFO]	XnProperty.cpp	151	Property Image1.YRes was changed to 240.
 6507524	[INFO]	XnProperty.cpp	151	Property Image1.FPS was changed to 30.
 6507535	[INFO]	XnProperty.cpp	151	Property Image1.OutputFormat was changed to 5.
 6507546	[INFO]	XnProperty.cpp	151	Property Image1.BytesPerPixel was changed to 3.
 6507557	[INFO]	XnProperty.cpp	151	Property Image1.RequiredDataSize was changed to 230400.
 6507585	[INFO]	XnDeviceBase.cpp	1458	Stream 'Image1' was initialized.
 6507599	[INFO]	XnDeviceBase.cpp	1463	'Image1' stream was created.
 6507703	[INFO]	XnProperty.cpp	74	Setting Image1.InputFormat to 6...
 6507724	[INFO]	XnProperty.cpp	151	Property Image1.InputFormat was changed to 6.
 6507736	[INFO]	XnProperty.cpp	101	Image1.InputFormat was successfully set.
 6508142	[INFO]	XnDeviceModule.cpp	431	Module 'Image1' configuration was loaded from file.
 6508227	[INFO]	XnProperty.cpp	74	Setting Image1.FPS to 30...
 6508245	[INFO]	XnProperty.cpp	86	Image1.FPS value did not change.
 6508263	[INFO]	XnProperty.cpp	74	Setting Image1.YRes to 480...
 6508282	[INFO]	XnProperty.cpp	151	Property Image1.Resolution was changed to 1.
 6508296	[INFO]	XnProperty.cpp	151	Property Image1.XRes was changed to 640.
 6508309	[INFO]	XnProperty.cpp	151	Property Image1.RequiredDataSize was changed to 460800.
 6508323	[INFO]	XnProperty.cpp	151	Property Image1.YRes was changed to 480.
 6508335	[INFO]	XnProperty.cpp	151	Property Image1.RequiredDataSize was changed to 921600.
 6508347	[INFO]	XnProperty.cpp	101	Image1.YRes was successfully set.
 6508360	[INFO]	XnProperty.cpp	74	Setting Image1.XRes to 640...
 6508371	[INFO]	XnProperty.cpp	86	Image1.XRes value did not change.
 6509229	[INFO]	XnUSBLinux-x86.cpp	1222	USB read thread was started.
 6509268	[INFO]	XnProperty.cpp	151	Property Image1.ActualReadData was changed to 1.
 6674355	[WARNING]	XnDepthProcessor.cpp	133	Read: Depth buffer is corrupt. Size is 596800 (!= 614400)
 6674399	[WARNING]	XnFrameStreamProcessor.cpp	132	Depth frame is corrupt!
 6706387	[WARNING]	XnDepthProcessor.cpp	133	Read: Depth buffer is corrupt. Size is 566656 (!= 614400)
 6706433	[WARNING]	XnFrameStreamProcessor.cpp	132	Depth frame is corrupt!
 9578272	[WARNING]	XnDepthProcessor.cpp	133	Read: Depth buffer is corrupt. Size is 604256 (!= 614400)
 9578315	[WARNING]	XnFrameStreamProcessor.cpp	132	Depth frame is corrupt!
 9610294	[WARNING]	XnDepthProcessor.cpp	133	Read: Depth buffer is corrupt. Size is 591472 (!= 614400)
 9610337	[WARNING]	XnFrameStreamProcessor.cpp	132	Depth frame is corrupt!
 9709626	[INFO]	XnProperty.cpp	151	Property Image1.State was changed to 1.
 9709677	[INFO]	XnDeviceBase.cpp	370	Stream Image1 is open.
 9709840	[INFO]	XnProperty.cpp	74	Setting Depth1.Registration to 1...
 9742329	[WARNING]	XnDepthProcessor.cpp	133	Read: Depth buffer is corrupt. Size is 573712 (!= 614400)
 9742379	[WARNING]	XnFrameStreamProcessor.cpp	132	Depth frame is corrupt!
 9862481	[INFO]	XnProperty.cpp	151	Property Depth1.Registration was changed to 1.
 9862523	[INFO]	XnProperty.cpp	101	Depth1.Registration was successfully set.
 9862610	[INFO]	XnProperty.cpp	74	Setting Image1.Mirror to 1...
 9874989	[INFO]	XnProperty.cpp	151	Property Image1.FirmwareMirror was changed to 1.
 9875032	[INFO]	XnProperty.cpp	151	Property Image1.Mirror was changed to 1.
 9875047	[INFO]	XnProperty.cpp	101	Image1.Mirror was successfully set.
27437114	[INFO]	XnOpenNI.cpp	1459	Destroying node 'User1'
27446411	[INFO]	XnOpenNI.cpp	1459	Destroying node 'Depth1'
27446532	[INFO]	XnDeviceBase.cpp	1507	Destroying stream 'Depth1'...
27448587	[INFO]	XnOpenNI.cpp	1459	Destroying node 'Image1'
27448683	[INFO]	XnDeviceBase.cpp	1507	Destroying stream 'Image1'...
27449660	[INFO]	XnOpenNI.cpp	1459	Destroying node 'Device1'
