    1930	[INFO]	XnLog.cpp	165	OpenNI version is 1.0.0 (Build 25)-MacOSX (Jan  7 2011 14:20:18)
    1987	[INFO]	XnLog.cpp	173	Log system initialized. Console: 1, File: 1, Severity: INFO, Masks: ALL
    2023	[INFO]	XnLog.cpp	173	Log system initialized. Console: 1, File: 1, Severity: INFO, Masks: ALL
    3406	[INFO]	XnUSBLinux-x86.cpp	98	USB is initialized.
 2166988	[INFO]	XnOpenNI.cpp	1261	Creating node 'Device1' of type Device...
 2168967	[INFO]	XnDeviceModule.cpp	431	Module 'Device' configuration was loaded from file.
 2439767	[INFO]	XnDeviceSensorIO.cpp	135	Connected to USB device
 2439823	[INFO]	XnProperty.cpp	151	Property Device.USBPath was changed to 045e/02ae@250/10.
 2447420	[INFO]	XnHostProtocol.cpp	825	Hardware versions: FW=5.1.4 (7) HW=4 Chip=2 Sensor=4 SYS=7
 3962414	[INFO]	XnProperty.cpp	151	Property Device.ID was changed to 0.
 3962502	[INFO]	XnSensor.cpp	182	Device sensor initialized
 3962648	[INFO]	XnOpenNI.cpp	1261	Creating node 'Depth1' of type Depth...
 3962728	[INFO]	XnDeviceBase.cpp	1383	Creating stream 'Depth1' of type 'Depth'...
 3962769	[INFO]	XnProperty.cpp	74	Setting Device.ReadData to 1...
 3962830	[INFO]	XnDeviceSensorIO.cpp	298	Endpoints open
 3975215	[INFO]	XnProperty.cpp	151	Property Device.ReadData was changed to 1.
 3975264	[INFO]	XnProperty.cpp	101	Device.ReadData was successfully set.
 3975661	[INFO]	XnProperty.cpp	151	Property Depth1.Resolution was changed to 0.
 3975690	[INFO]	XnProperty.cpp	151	Property Depth1.XRes was changed to 320.
 3975711	[INFO]	XnProperty.cpp	151	Property Depth1.YRes was changed to 240.
 3975730	[INFO]	XnProperty.cpp	151	Property Depth1.FPS was changed to 30.
 3975748	[INFO]	XnProperty.cpp	151	Property Depth1.OutputFormat was changed to 1.
 3975767	[INFO]	XnProperty.cpp	151	Property Depth1.BytesPerPixel was changed to 2.
 3975787	[INFO]	XnProperty.cpp	151	Property Depth1.RequiredDataSize was changed to 153600.
 3975812	[INFO]	XnProperty.cpp	151	Property Depth1.ParamCoeff was changed to 4.
 3975905	[INFO]	XnProperty.cpp	151	Property Depth1.ShiftScale was changed to 10.
 3988222	[INFO]	XnProperty.cpp	151	Property Depth1.ConstShift was changed to 200.
 3988330	[INFO]	XnProperty.cpp	151	Property Depth1.ZPD was changed to 120.
 3988462	[INFO]	XnProperty.cpp	151	Property Depth1.ZPPS was changed to 0.104200.
 3988493	[INFO]	XnProperty.cpp	151	Property Depth1.LDDIS was changed to 7.500000.
 3988634	[INFO]	XnProperty.cpp	151	Property Depth1.Gain was changed to 30.
 3988676	[INFO]	XnDeviceBase.cpp	1458	Stream 'Depth1' was initialized.
 3988694	[INFO]	XnDeviceBase.cpp	1463	'Depth1' stream was created.
 3988892	[INFO]	XnProperty.cpp	74	Setting Depth1.InputFormat to 3...
 3988920	[INFO]	XnProperty.cpp	151	Property Depth1.InputFormat was changed to 3.
 3988937	[INFO]	XnProperty.cpp	101	Depth1.InputFormat was successfully set.
 3989654	[INFO]	XnProperty.cpp	74	Setting Depth1.RegistrationType to 2...
 3989684	[INFO]	XnProperty.cpp	151	Property Depth1.RegistrationType was changed to 2.
 3989708	[INFO]	XnProperty.cpp	101	Depth1.RegistrationType was successfully set.
 3990457	[INFO]	XnDeviceModule.cpp	431	Module 'Depth1' configuration was loaded from file.
 3990741	[INFO]	XnProperty.cpp	74	Setting Depth1.FPS to 30...
 3990772	[INFO]	XnProperty.cpp	101	Depth1.FPS was successfully set.
 3990796	[INFO]	XnProperty.cpp	74	Setting Depth1.YRes to 480...
 3990821	[INFO]	XnProperty.cpp	151	Property Depth1.Resolution was changed to 1.
 3990846	[INFO]	XnProperty.cpp	151	Property Depth1.XRes was changed to 640.
 3990870	[INFO]	XnProperty.cpp	151	Property Depth1.RequiredDataSize was changed to 307200.
 3990895	[INFO]	XnProperty.cpp	151	Property Depth1.YRes was changed to 480.
 3990918	[INFO]	XnProperty.cpp	151	Property Depth1.RequiredDataSize was changed to 614400.
 3990943	[INFO]	XnProperty.cpp	101	Depth1.YRes was successfully set.
 3990967	[INFO]	XnProperty.cpp	74	Setting Depth1.XRes to 640...
 3990988	[INFO]	XnProperty.cpp	101	Depth1.XRes was successfully set.
 3991058	[INFO]	XnProperty.cpp	74	Setting Depth1.Mirror to 1...
 3991085	[INFO]	XnProperty.cpp	151	Property Depth1.FirmwareMirror was changed to 1.
 3991163	[INFO]	XnProperty.cpp	151	Property Depth1.Mirror was changed to 1.
 3991184	[INFO]	XnProperty.cpp	101	Depth1.Mirror was successfully set.
 5083325	[INFO]	XnOpenNI.cpp	1261	Creating node 'User1' of type User...
 5112650	[WARNING]	Linux-x86Threads.cpp	173	Failed to set thread priority: Invalid argument
 5112702	[WARNING]	XnUSBLinux-x86.cpp	126	USB events thread: Failed to set thread priority to critical. This might cause loss of data...
 5113668	[INFO]	XnUSBLinux-x86.cpp	1222	USB read thread was started.
 5113708	[INFO]	XnProperty.cpp	151	Property Depth1.ActualReadData was changed to 1.
 5584083	[INFO]	XnProperty.cpp	151	Property Depth1.State was changed to 1.
 5584125	[INFO]	XnDeviceBase.cpp	370	Stream Depth1 is open.
 6674861	[INFO]	XnOpenNI.cpp	1261	Creating node 'Image1' of type Image...
 6674912	[INFO]	XnDeviceBase.cpp	1383	Creating stream 'Image1' of type 'Image'...
 6675108	[INFO]	XnProperty.cpp	151	Property Image1.Resolution was changed to 0.
 6675128	[INFO]	XnProperty.cpp	151	Property Image1.XRes was changed to 320.
 6675141	[INFO]	XnProperty.cpp	151	Property Image1.YRes was changed to 240.
 6675153	[INFO]	XnProperty.cpp	151	Property Image1.FPS was changed to 30.
 6675164	[INFO]	XnProperty.cpp	151	Property Image1.OutputFormat was changed to 5.
 6675176	[INFO]	XnProperty.cpp	151	Property Image1.BytesPerPixel was changed to 3.
 6675188	[INFO]	XnProperty.cpp	151	Property Image1.RequiredDataSize was changed to 230400.
 6675222	[INFO]	XnDeviceBase.cpp	1458	Stream 'Image1' was initialized.
 6675236	[INFO]	XnDeviceBase.cpp	1463	'Image1' stream was created.
 6675351	[INFO]	XnProperty.cpp	74	Setting Image1.InputFormat to 6...
 6675381	[INFO]	XnProperty.cpp	151	Property Image1.InputFormat was changed to 6.
 6675399	[INFO]	XnProperty.cpp	101	Image1.InputFormat was successfully set.
 6675808	[INFO]	XnDeviceModule.cpp	431	Module 'Image1' configuration was loaded from file.
 6675898	[INFO]	XnProperty.cpp	74	Setting Image1.FPS to 30...
 6675918	[INFO]	XnProperty.cpp	86	Image1.FPS value did not change.
 6675932	[INFO]	XnProperty.cpp	74	Setting Image1.YRes to 480...
 6675950	[INFO]	XnProperty.cpp	151	Property Image1.Resolution was changed to 1.
 6675979	[INFO]	XnProperty.cpp	151	Property Image1.XRes was changed to 640.
 6675995	[INFO]	XnProperty.cpp	151	Property Image1.RequiredDataSize was changed to 460800.
 6676010	[INFO]	XnProperty.cpp	151	Property Image1.YRes was changed to 480.
 6676022	[INFO]	XnProperty.cpp	151	Property Image1.RequiredDataSize was changed to 921600.
 6676034	[INFO]	XnProperty.cpp	101	Image1.YRes was successfully set.
 6676047	[INFO]	XnProperty.cpp	74	Setting Image1.XRes to 640...
 6676058	[INFO]	XnProperty.cpp	86	Image1.XRes value did not change.
 6676954	[INFO]	XnUSBLinux-x86.cpp	1222	USB read thread was started.
 6677008	[INFO]	XnProperty.cpp	151	Property Image1.ActualReadData was changed to 1.
 6849126	[WARNING]	XnDepthProcessor.cpp	133	Read: Depth buffer is corrupt. Size is 568832 (!= 614400)
 6849174	[WARNING]	XnFrameStreamProcessor.cpp	132	Depth frame is corrupt!
 6881159	[WARNING]	XnDepthProcessor.cpp	133	Read: Depth buffer is corrupt. Size is 589744 (!= 614400)
 6881202	[WARNING]	XnFrameStreamProcessor.cpp	132	Depth frame is corrupt!
 9877487	[INFO]	XnProperty.cpp	151	Property Image1.State was changed to 1.
 9877530	[INFO]	XnDeviceBase.cpp	370	Stream Image1 is open.
 9877700	[INFO]	XnProperty.cpp	74	Setting Depth1.Registration to 1...
10028729	[INFO]	XnProperty.cpp	151	Property Depth1.Registration was changed to 1.
10028771	[INFO]	XnProperty.cpp	101	Depth1.Registration was successfully set.
10028816	[INFO]	XnProperty.cpp	74	Setting Image1.Mirror to 1...
10041084	[INFO]	XnProperty.cpp	151	Property Image1.FirmwareMirror was changed to 1.
10041134	[INFO]	XnProperty.cpp	151	Property Image1.Mirror was changed to 1.
10041153	[INFO]	XnProperty.cpp	101	Image1.Mirror was successfully set.
