    1379	[INFO]	XnLog.cpp	165	OpenNI version is 1.0.0 (Build 25)-MacOSX (Jan  7 2011 14:20:18)
    1422	[INFO]	XnLog.cpp	173	Log system initialized. Console: 1, File: 1, Severity: INFO, Masks: ALL
    1446	[INFO]	XnLog.cpp	173	Log system initialized. Console: 1, File: 1, Severity: INFO, Masks: ALL
    2542	[INFO]	XnUSBLinux-x86.cpp	98	USB is initialized.
 1961211	[INFO]	XnOpenNI.cpp	1261	Creating node 'Device1' of type Device...
 1962587	[INFO]	XnDeviceModule.cpp	431	Module 'Device' configuration was loaded from file.
 2231439	[INFO]	XnDeviceSensorIO.cpp	135	Connected to USB device
 2231496	[INFO]	XnProperty.cpp	151	Property Device.USBPath was changed to 045e/02ae@250/10.
 2239205	[INFO]	XnHostProtocol.cpp	825	Hardware versions: FW=5.1.4 (7) HW=4 Chip=2 Sensor=4 SYS=7
 3757903	[INFO]	XnProperty.cpp	151	Property Device.ID was changed to 0.
 3757998	[INFO]	XnSensor.cpp	182	Device sensor initialized
 3758186	[INFO]	XnOpenNI.cpp	1261	Creating node 'Depth1' of type Depth...
 3758275	[INFO]	XnDeviceBase.cpp	1383	Creating stream 'Depth1' of type 'Depth'...
 3758321	[INFO]	XnProperty.cpp	74	Setting Device.ReadData to 1...
 3758400	[INFO]	XnDeviceSensorIO.cpp	298	Endpoints open
 3770896	[INFO]	XnProperty.cpp	151	Property Device.ReadData was changed to 1.
 3770967	[INFO]	XnProperty.cpp	101	Device.ReadData was successfully set.
 3771637	[INFO]	XnProperty.cpp	151	Property Depth1.Resolution was changed to 0.
 3771683	[INFO]	XnProperty.cpp	151	Property Depth1.XRes was changed to 320.
 3771724	[INFO]	XnProperty.cpp	151	Property Depth1.YRes was changed to 240.
 3771764	[INFO]	XnProperty.cpp	151	Property Depth1.FPS was changed to 30.
 3771806	[INFO]	XnProperty.cpp	151	Property Depth1.OutputFormat was changed to 1.
 3771844	[INFO]	XnProperty.cpp	151	Property Depth1.BytesPerPixel was changed to 2.
 3771882	[INFO]	XnProperty.cpp	151	Property Depth1.RequiredDataSize was changed to 153600.
 3771928	[INFO]	XnProperty.cpp	151	Property Depth1.ParamCoeff was changed to 4.
 3772059	[INFO]	XnProperty.cpp	151	Property Depth1.ShiftScale was changed to 10.
 3784631	[INFO]	XnProperty.cpp	151	Property Depth1.ConstShift was changed to 200.
 3784785	[INFO]	XnProperty.cpp	151	Property Depth1.ZPD was changed to 120.
 3785010	[INFO]	XnProperty.cpp	151	Property Depth1.ZPPS was changed to 0.104200.
 3785039	[INFO]	XnProperty.cpp	151	Property Depth1.LDDIS was changed to 7.500000.
 3785227	[INFO]	XnProperty.cpp	151	Property Depth1.Gain was changed to 30.
 3785276	[INFO]	XnDeviceBase.cpp	1458	Stream 'Depth1' was initialized.
 3785303	[INFO]	XnDeviceBase.cpp	1463	'Depth1' stream was created.
 3785707	[INFO]	XnProperty.cpp	74	Setting Depth1.InputFormat to 3...
 3785759	[INFO]	XnProperty.cpp	151	Property Depth1.InputFormat was changed to 3.
 3785799	[INFO]	XnProperty.cpp	101	Depth1.InputFormat was successfully set.
 3786839	[INFO]	XnProperty.cpp	74	Setting Depth1.RegistrationType to 2...
 3786882	[INFO]	XnProperty.cpp	151	Property Depth1.RegistrationType was changed to 2.
 3786919	[INFO]	XnProperty.cpp	101	Depth1.RegistrationType was successfully set.
 3787926	[INFO]	XnDeviceModule.cpp	431	Module 'Depth1' configuration was loaded from file.
 3788169	[INFO]	XnProperty.cpp	74	Setting Depth1.FPS to 30...
 3788200	[INFO]	XnProperty.cpp	86	Depth1.FPS value did not change.
 3788231	[INFO]	XnProperty.cpp	74	Setting Depth1.YRes to 480...
 3788265	[INFO]	XnProperty.cpp	151	Property Depth1.Resolution was changed to 1.
 3788295	[INFO]	XnProperty.cpp	151	Property Depth1.XRes was changed to 640.
 3788324	[INFO]	XnProperty.cpp	151	Property Depth1.RequiredDataSize was changed to 307200.
 3788356	[INFO]	XnProperty.cpp	151	Property Depth1.YRes was changed to 480.
 3788384	[INFO]	XnProperty.cpp	151	Property Depth1.RequiredDataSize was changed to 614400.
 3788414	[INFO]	XnProperty.cpp	101	Depth1.YRes was successfully set.
 3788443	[INFO]	XnProperty.cpp	74	Setting Depth1.XRes to 640...
 3788469	[INFO]	XnProperty.cpp	86	Depth1.XRes value did not change.
 3788548	[INFO]	XnProperty.cpp	74	Setting Depth1.Mirror to 1...
 3788578	[INFO]	XnProperty.cpp	151	Property Depth1.FirmwareMirror was changed to 1.
 3788649	[INFO]	XnProperty.cpp	151	Property Depth1.Mirror was changed to 1.
 3788678	[INFO]	XnProperty.cpp	101	Depth1.Mirror was successfully set.
 4918182	[INFO]	XnOpenNI.cpp	1261	Creating node 'User1' of type User...
 4946938	[WARNING]	Linux-x86Threads.cpp	173	Failed to set thread priority: Invalid argument
 4946991	[WARNING]	XnUSBLinux-x86.cpp	126	USB events thread: Failed to set thread priority to critical. This might cause loss of data...
 4947980	[INFO]	XnUSBLinux-x86.cpp	1222	USB read thread was started.
 4948025	[INFO]	XnProperty.cpp	151	Property Depth1.ActualReadData was changed to 1.
 5418754	[INFO]	XnProperty.cpp	151	Property Depth1.State was changed to 1.
 5418797	[INFO]	XnDeviceBase.cpp	370	Stream Depth1 is open.
 6511029	[INFO]	XnOpenNI.cpp	1261	Creating node 'Image1' of type Image...
 6511112	[INFO]	XnDeviceBase.cpp	1383	Creating stream 'Image1' of type 'Image'...
 6511443	[INFO]	XnProperty.cpp	151	Property Image1.Resolution was changed to 0.
 6511483	[INFO]	XnProperty.cpp	151	Property Image1.XRes was changed to 320.
 6511516	[INFO]	XnProperty.cpp	151	Property Image1.YRes was changed to 240.
 6511546	[INFO]	XnProperty.cpp	151	Property Image1.FPS was changed to 30.
 6511575	[INFO]	XnProperty.cpp	151	Property Image1.OutputFormat was changed to 5.
 6511605	[INFO]	XnProperty.cpp	151	Property Image1.BytesPerPixel was changed to 3.
 6511632	[INFO]	XnProperty.cpp	151	Property Image1.RequiredDataSize was changed to 230400.
 6511691	[INFO]	XnDeviceBase.cpp	1458	Stream 'Image1' was initialized.
 6511721	[INFO]	XnDeviceBase.cpp	1463	'Image1' stream was created.
 6511934	[INFO]	XnProperty.cpp	74	Setting Image1.InputFormat to 6...
 6511978	[INFO]	XnProperty.cpp	151	Property Image1.InputFormat was changed to 6.
 6512009	[INFO]	XnProperty.cpp	101	Image1.InputFormat was successfully set.
 6512615	[INFO]	XnDeviceModule.cpp	431	Module 'Image1' configuration was loaded from file.
 6512714	[INFO]	XnProperty.cpp	74	Setting Image1.FPS to 30...
 6512730	[INFO]	XnProperty.cpp	86	Image1.FPS value did not change.
 6512741	[INFO]	XnProperty.cpp	74	Setting Image1.YRes to 480...
 6512754	[INFO]	XnProperty.cpp	151	Property Image1.Resolution was changed to 1.
 6512767	[INFO]	XnProperty.cpp	151	Property Image1.XRes was changed to 640.
 6512779	[INFO]	XnProperty.cpp	151	Property Image1.RequiredDataSize was changed to 460800.
 6512793	[INFO]	XnProperty.cpp	151	Property Image1.YRes was changed to 480.
 6512805	[INFO]	XnProperty.cpp	151	Property Image1.RequiredDataSize was changed to 921600.
 6512818	[INFO]	XnProperty.cpp	101	Image1.YRes was successfully set.
 6512830	[INFO]	XnProperty.cpp	74	Setting Image1.XRes to 640...
 6512841	[INFO]	XnProperty.cpp	86	Image1.XRes value did not change.
 6513727	[INFO]	XnUSBLinux-x86.cpp	1222	USB read thread was started.
 6513761	[INFO]	XnProperty.cpp	151	Property Image1.ActualReadData was changed to 1.
 6584020	[WARNING]	XnDepthProcessor.cpp	133	Read: Depth buffer is corrupt. Size is 595888 (!= 614400)
 6584066	[WARNING]	XnFrameStreamProcessor.cpp	132	Depth frame is corrupt!
 6683967	[WARNING]	XnDepthProcessor.cpp	133	Read: Depth buffer is corrupt. Size is 589552 (!= 614400)
 6684015	[WARNING]	XnFrameStreamProcessor.cpp	132	Depth frame is corrupt!
 9587924	[WARNING]	XnDepthProcessor.cpp	133	Read: Depth buffer is corrupt. Size is 591792 (!= 614400)
 9587969	[WARNING]	XnFrameStreamProcessor.cpp	132	Depth frame is corrupt!
 9619943	[WARNING]	XnDepthProcessor.cpp	133	Read: Depth buffer is corrupt. Size is 603600 (!= 614400)
 9619989	[WARNING]	XnFrameStreamProcessor.cpp	132	Depth frame is corrupt!
 9714246	[INFO]	XnProperty.cpp	151	Property Image1.State was changed to 1.
 9714317	[INFO]	XnDeviceBase.cpp	370	Stream Image1 is open.
 9714495	[INFO]	XnProperty.cpp	74	Setting Depth1.Registration to 1...
 9751978	[WARNING]	XnDepthProcessor.cpp	133	Read: Depth buffer is corrupt. Size is 592512 (!= 614400)
 9752026	[WARNING]	XnFrameStreamProcessor.cpp	132	Depth frame is corrupt!
 9865907	[INFO]	XnProperty.cpp	151	Property Depth1.Registration was changed to 1.
 9865950	[INFO]	XnProperty.cpp	101	Depth1.Registration was successfully set.
 9866033	[INFO]	XnProperty.cpp	74	Setting Image1.Mirror to 1...
 9878280	[INFO]	XnProperty.cpp	151	Property Image1.FirmwareMirror was changed to 1.
 9878322	[INFO]	XnProperty.cpp	151	Property Image1.Mirror was changed to 1.
 9878334	[INFO]	XnProperty.cpp	101	Image1.Mirror was successfully set.
170917223	[INFO]	XnOpenNI.cpp	1459	Destroying node 'User1'
170926666	[INFO]	XnOpenNI.cpp	1459	Destroying node 'Depth1'
170926828	[INFO]	XnDeviceBase.cpp	1507	Destroying stream 'Depth1'...
170928960	[INFO]	XnOpenNI.cpp	1459	Destroying node 'Image1'
170929063	[INFO]	XnDeviceBase.cpp	1507	Destroying stream 'Image1'...
170930023	[INFO]	XnOpenNI.cpp	1459	Destroying node 'Device1'
