    1567	[INFO]	XnLog.cpp	165	OpenNI version is 1.0.0 (Build 25)-MacOSX (Jan  7 2011 14:20:18)
    1614	[INFO]	XnLog.cpp	173	Log system initialized. Console: 1, File: 1, Severity: INFO, Masks: ALL
    1647	[INFO]	XnLog.cpp	173	Log system initialized. Console: 1, File: 1, Severity: INFO, Masks: ALL
    2916	[INFO]	XnUSBLinux-x86.cpp	98	USB is initialized.
 1978710	[INFO]	XnOpenNI.cpp	1261	Creating node 'Device1' of type Device...
 1979688	[INFO]	XnDeviceModule.cpp	431	Module 'Device' configuration was loaded from file.
 2250434	[INFO]	XnDeviceSensorIO.cpp	135	Connected to USB device
 2250491	[INFO]	XnProperty.cpp	151	Property Device.USBPath was changed to 045e/02ae@250/10.
 2257971	[INFO]	XnHostProtocol.cpp	825	Hardware versions: FW=5.1.4 (7) HW=4 Chip=2 Sensor=4 SYS=7
 3777407	[INFO]	XnProperty.cpp	151	Property Device.ID was changed to 0.
 3777493	[INFO]	XnSensor.cpp	182	Device sensor initialized
 3777655	[INFO]	XnOpenNI.cpp	1261	Creating node 'Depth1' of type Depth...
 3777720	[INFO]	XnDeviceBase.cpp	1383	Creating stream 'Depth1' of type 'Depth'...
 3777752	[INFO]	XnProperty.cpp	74	Setting Device.ReadData to 1...
 3777809	[INFO]	XnDeviceSensorIO.cpp	298	Endpoints open
 3790223	[INFO]	XnProperty.cpp	151	Property Device.ReadData was changed to 1.
 3790270	[INFO]	XnProperty.cpp	101	Device.ReadData was successfully set.
 3790727	[INFO]	XnProperty.cpp	151	Property Depth1.Resolution was changed to 0.
 3790756	[INFO]	XnProperty.cpp	151	Property Depth1.XRes was changed to 320.
 3790776	[INFO]	XnProperty.cpp	151	Property Depth1.YRes was changed to 240.
 3790796	[INFO]	XnProperty.cpp	151	Property Depth1.FPS was changed to 30.
 3790814	[INFO]	XnProperty.cpp	151	Property Depth1.OutputFormat was changed to 1.
 3790833	[INFO]	XnProperty.cpp	151	Property Depth1.BytesPerPixel was changed to 2.
 3790853	[INFO]	XnProperty.cpp	151	Property Depth1.RequiredDataSize was changed to 153600.
 3790879	[INFO]	XnProperty.cpp	151	Property Depth1.ParamCoeff was changed to 4.
 3790973	[INFO]	XnProperty.cpp	151	Property Depth1.ShiftScale was changed to 10.
 3803431	[INFO]	XnProperty.cpp	151	Property Depth1.ConstShift was changed to 200.
 3803534	[INFO]	XnProperty.cpp	151	Property Depth1.ZPD was changed to 120.
 3803700	[INFO]	XnProperty.cpp	151	Property Depth1.ZPPS was changed to 0.104200.
 3803723	[INFO]	XnProperty.cpp	151	Property Depth1.LDDIS was changed to 7.500000.
 3803874	[INFO]	XnProperty.cpp	151	Property Depth1.Gain was changed to 30.
 3803912	[INFO]	XnDeviceBase.cpp	1458	Stream 'Depth1' was initialized.
 3803934	[INFO]	XnDeviceBase.cpp	1463	'Depth1' stream was created.
 3804166	[INFO]	XnProperty.cpp	74	Setting Depth1.InputFormat to 3...
 3804199	[INFO]	XnProperty.cpp	151	Property Depth1.InputFormat was changed to 3.
 3804221	[INFO]	XnProperty.cpp	101	Depth1.InputFormat was successfully set.
 3805006	[INFO]	XnProperty.cpp	74	Setting Depth1.RegistrationType to 2...
 3805037	[INFO]	XnProperty.cpp	151	Property Depth1.RegistrationType was changed to 2.
 3805056	[INFO]	XnProperty.cpp	101	Depth1.RegistrationType was successfully set.
 3805889	[INFO]	XnDeviceModule.cpp	431	Module 'Depth1' configuration was loaded from file.
 3806137	[INFO]	XnProperty.cpp	74	Setting Depth1.FPS to 30...
 3806159	[INFO]	XnProperty.cpp	86	Depth1.FPS value did not change.
 3806177	[INFO]	XnProperty.cpp	74	Setting Depth1.YRes to 480...
 3806198	[INFO]	XnProperty.cpp	151	Property Depth1.Resolution was changed to 1.
 3806217	[INFO]	XnProperty.cpp	151	Property Depth1.XRes was changed to 640.
 3806235	[INFO]	XnProperty.cpp	151	Property Depth1.RequiredDataSize was changed to 307200.
 3806256	[INFO]	XnProperty.cpp	151	Property Depth1.YRes was changed to 480.
 3806274	[INFO]	XnProperty.cpp	151	Property Depth1.RequiredDataSize was changed to 614400.
 3806293	[INFO]	XnProperty.cpp	101	Depth1.YRes was successfully set.
 3806310	[INFO]	XnProperty.cpp	74	Setting Depth1.XRes to 640...
 3806327	[INFO]	XnProperty.cpp	86	Depth1.XRes value did not change.
 3806386	[INFO]	XnProperty.cpp	74	Setting Depth1.Mirror to 1...
 3806407	[INFO]	XnProperty.cpp	151	Property Depth1.FirmwareMirror was changed to 1.
 3806466	[INFO]	XnProperty.cpp	151	Property Depth1.Mirror was changed to 1.
 3806482	[INFO]	XnProperty.cpp	101	Depth1.Mirror was successfully set.
 4912632	[INFO]	XnOpenNI.cpp	1261	Creating node 'User1' of type User...
 4937074	[WARNING]	Linux-x86Threads.cpp	173	Failed to set thread priority: Invalid argument
 4937120	[WARNING]	XnUSBLinux-x86.cpp	126	USB events thread: Failed to set thread priority to critical. This might cause loss of data...
 4938095	[INFO]	XnUSBLinux-x86.cpp	1222	USB read thread was started.
 4938134	[INFO]	XnProperty.cpp	151	Property Depth1.ActualReadData was changed to 1.
 5408398	[INFO]	XnProperty.cpp	151	Property Depth1.State was changed to 1.
 5408440	[INFO]	XnDeviceBase.cpp	370	Stream Depth1 is open.
 6502706	[INFO]	XnOpenNI.cpp	1261	Creating node 'Image1' of type Image...
 6502763	[INFO]	XnDeviceBase.cpp	1383	Creating stream 'Image1' of type 'Image'...
 6502980	[INFO]	XnProperty.cpp	151	Property Image1.Resolution was changed to 0.
 6503003	[INFO]	XnProperty.cpp	151	Property Image1.XRes was changed to 320.
 6503024	[INFO]	XnProperty.cpp	151	Property Image1.YRes was changed to 240.
 6503044	[INFO]	XnProperty.cpp	151	Property Image1.FPS was changed to 30.
 6503064	[INFO]	XnProperty.cpp	151	Property Image1.OutputFormat was changed to 5.
 6503083	[INFO]	XnProperty.cpp	151	Property Image1.BytesPerPixel was changed to 3.
 6503103	[INFO]	XnProperty.cpp	151	Property Image1.RequiredDataSize was changed to 230400.
 6503144	[INFO]	XnDeviceBase.cpp	1458	Stream 'Image1' was initialized.
 6503163	[INFO]	XnDeviceBase.cpp	1463	'Image1' stream was created.
 6503276	[INFO]	XnProperty.cpp	74	Setting Image1.InputFormat to 6...
 6503301	[INFO]	XnProperty.cpp	151	Property Image1.InputFormat was changed to 6.
 6503320	[INFO]	XnProperty.cpp	101	Image1.InputFormat was successfully set.
 6503753	[INFO]	XnDeviceModule.cpp	431	Module 'Image1' configuration was loaded from file.
 6503843	[INFO]	XnProperty.cpp	74	Setting Image1.FPS to 30...
 6503860	[INFO]	XnProperty.cpp	86	Image1.FPS value did not change.
 6503871	[INFO]	XnProperty.cpp	74	Setting Image1.YRes to 480...
 6503883	[INFO]	XnProperty.cpp	151	Property Image1.Resolution was changed to 1.
 6503896	[INFO]	XnProperty.cpp	151	Property Image1.XRes was changed to 640.
 6503908	[INFO]	XnProperty.cpp	151	Property Image1.RequiredDataSize was changed to 460800.
 6503922	[INFO]	XnProperty.cpp	151	Property Image1.YRes was changed to 480.
 6503935	[INFO]	XnProperty.cpp	151	Property Image1.RequiredDataSize was changed to 921600.
 6503948	[INFO]	XnProperty.cpp	101	Image1.YRes was successfully set.
 6503965	[INFO]	XnProperty.cpp	74	Setting Image1.XRes to 640...
 6503983	[INFO]	XnProperty.cpp	86	Image1.XRes value did not change.
 6505125	[INFO]	XnUSBLinux-x86.cpp	1222	USB read thread was started.
 6505177	[INFO]	XnProperty.cpp	151	Property Image1.ActualReadData was changed to 1.
 6673732	[WARNING]	XnDepthProcessor.cpp	133	Read: Depth buffer is corrupt. Size is 589744 (!= 614400)
 6673778	[WARNING]	XnFrameStreamProcessor.cpp	132	Depth frame is corrupt!
 6705799	[WARNING]	XnDepthProcessor.cpp	133	Read: Depth buffer is corrupt. Size is 575104 (!= 614400)
 6705839	[WARNING]	XnFrameStreamProcessor.cpp	132	Depth frame is corrupt!
 9705401	[INFO]	XnProperty.cpp	151	Property Image1.State was changed to 1.
 9705442	[INFO]	XnDeviceBase.cpp	370	Stream Image1 is open.
 9705609	[INFO]	XnProperty.cpp	74	Setting Depth1.Registration to 1...
 9857293	[INFO]	XnProperty.cpp	151	Property Depth1.Registration was changed to 1.
 9857336	[INFO]	XnProperty.cpp	101	Depth1.Registration was successfully set.
 9857383	[INFO]	XnProperty.cpp	74	Setting Image1.Mirror to 1...
 9869757	[INFO]	XnProperty.cpp	151	Property Image1.FirmwareMirror was changed to 1.
 9869804	[INFO]	XnProperty.cpp	151	Property Image1.Mirror was changed to 1.
 9869822	[INFO]	XnProperty.cpp	101	Image1.Mirror was successfully set.
180288499	[INFO]	XnOpenNI.cpp	1459	Destroying node 'User1'
180296487	[INFO]	XnOpenNI.cpp	1459	Destroying node 'Depth1'
180296588	[INFO]	XnDeviceBase.cpp	1507	Destroying stream 'Depth1'...
180297848	[INFO]	XnOpenNI.cpp	1459	Destroying node 'Image1'
180298010	[INFO]	XnDeviceBase.cpp	1507	Destroying stream 'Image1'...
180298884	[INFO]	XnOpenNI.cpp	1459	Destroying node 'Device1'
