    1469	[INFO]	XnLog.cpp	165	OpenNI version is 1.0.0 (Build 25)-MacOSX (Jan  7 2011 14:20:18)
    1515	[INFO]	XnLog.cpp	173	Log system initialized. Console: 1, File: 1, Severity: INFO, Masks: ALL
    1548	[INFO]	XnLog.cpp	173	Log system initialized. Console: 1, File: 1, Severity: INFO, Masks: ALL
    2743	[INFO]	XnUSBLinux-x86.cpp	98	USB is initialized.
 1969159	[INFO]	XnOpenNI.cpp	1261	Creating node 'Device1' of type Device...
 1970124	[INFO]	XnDeviceModule.cpp	431	Module 'Device' configuration was loaded from file.
 2236899	[INFO]	XnDeviceSensorIO.cpp	135	Connected to USB device
 2236951	[INFO]	XnProperty.cpp	151	Property Device.USBPath was changed to 045e/02ae@250/10.
 2244164	[INFO]	XnHostProtocol.cpp	825	Hardware versions: FW=5.1.4 (7) HW=4 Chip=2 Sensor=4 SYS=7
 3759023	[INFO]	XnProperty.cpp	151	Property Device.ID was changed to 0.
 3759103	[INFO]	XnSensor.cpp	182	Device sensor initialized
 3759245	[INFO]	XnOpenNI.cpp	1261	Creating node 'Depth1' of type Depth...
 3759315	[INFO]	XnDeviceBase.cpp	1383	Creating stream 'Depth1' of type 'Depth'...
 3759352	[INFO]	XnProperty.cpp	74	Setting Device.ReadData to 1...
 3759418	[INFO]	XnDeviceSensorIO.cpp	298	Endpoints open
 3771668	[INFO]	XnProperty.cpp	151	Property Device.ReadData was changed to 1.
 3771716	[INFO]	XnProperty.cpp	101	Device.ReadData was successfully set.
 3772149	[INFO]	XnProperty.cpp	151	Property Depth1.Resolution was changed to 0.
 3772184	[INFO]	XnProperty.cpp	151	Property Depth1.XRes was changed to 320.
 3772209	[INFO]	XnProperty.cpp	151	Property Depth1.YRes was changed to 240.
 3772232	[INFO]	XnProperty.cpp	151	Property Depth1.FPS was changed to 30.
 3772255	[INFO]	XnProperty.cpp	151	Property Depth1.OutputFormat was changed to 1.
 3772280	[INFO]	XnProperty.cpp	151	Property Depth1.BytesPerPixel was changed to 2.
 3772304	[INFO]	XnProperty.cpp	151	Property Depth1.RequiredDataSize was changed to 153600.
 3772335	[INFO]	XnProperty.cpp	151	Property Depth1.ParamCoeff was changed to 4.
 3772419	[INFO]	XnProperty.cpp	151	Property Depth1.ShiftScale was changed to 10.
 3784943	[INFO]	XnProperty.cpp	151	Property Depth1.ConstShift was changed to 200.
 3785037	[INFO]	XnProperty.cpp	151	Property Depth1.ZPD was changed to 120.
 3785151	[INFO]	XnProperty.cpp	151	Property Depth1.ZPPS was changed to 0.104200.
 3785167	[INFO]	XnProperty.cpp	151	Property Depth1.LDDIS was changed to 7.500000.
 3785268	[INFO]	XnProperty.cpp	151	Property Depth1.Gain was changed to 30.
 3785300	[INFO]	XnDeviceBase.cpp	1458	Stream 'Depth1' was initialized.
 3785316	[INFO]	XnDeviceBase.cpp	1463	'Depth1' stream was created.
 3785481	[INFO]	XnProperty.cpp	74	Setting Depth1.InputFormat to 3...
 3785506	[INFO]	XnProperty.cpp	151	Property Depth1.InputFormat was changed to 3.
 3785520	[INFO]	XnProperty.cpp	101	Depth1.InputFormat was successfully set.
 3786013	[INFO]	XnProperty.cpp	74	Setting Depth1.RegistrationType to 2...
 3786034	[INFO]	XnProperty.cpp	151	Property Depth1.RegistrationType was changed to 2.
 3786053	[INFO]	XnProperty.cpp	101	Depth1.RegistrationType was successfully set.
 3786555	[INFO]	XnDeviceModule.cpp	431	Module 'Depth1' configuration was loaded from file.
 3786755	[INFO]	XnProperty.cpp	74	Setting Depth1.FPS to 30...
 3786774	[INFO]	XnProperty.cpp	86	Depth1.FPS value did not change.
 3786786	[INFO]	XnProperty.cpp	74	Setting Depth1.YRes to 480...
 3786801	[INFO]	XnProperty.cpp	151	Property Depth1.Resolution was changed to 1.
 3786813	[INFO]	XnProperty.cpp	151	Property Depth1.XRes was changed to 640.
 3786825	[INFO]	XnProperty.cpp	151	Property Depth1.RequiredDataSize was changed to 307200.
 3786841	[INFO]	XnProperty.cpp	151	Property Depth1.YRes was changed to 480.
 3786853	[INFO]	XnProperty.cpp	151	Property Depth1.RequiredDataSize was changed to 614400.
 3786866	[INFO]	XnProperty.cpp	101	Depth1.YRes was successfully set.
 3786879	[INFO]	XnProperty.cpp	74	Setting Depth1.XRes to 640...
 3786890	[INFO]	XnProperty.cpp	86	Depth1.XRes value did not change.
 3786935	[INFO]	XnProperty.cpp	74	Setting Depth1.Mirror to 1...
 3786949	[INFO]	XnProperty.cpp	151	Property Depth1.FirmwareMirror was changed to 1.
 3786995	[INFO]	XnProperty.cpp	151	Property Depth1.Mirror was changed to 1.
 3787007	[INFO]	XnProperty.cpp	101	Depth1.Mirror was successfully set.
 4915630	[INFO]	XnOpenNI.cpp	1261	Creating node 'User1' of type User...
 4942500	[WARNING]	Linux-x86Threads.cpp	173	Failed to set thread priority: Invalid argument
 4942551	[WARNING]	XnUSBLinux-x86.cpp	126	USB events thread: Failed to set thread priority to critical. This might cause loss of data...
 4943448	[INFO]	XnUSBLinux-x86.cpp	1222	USB read thread was started.
 4943481	[INFO]	XnProperty.cpp	151	Property Depth1.ActualReadData was changed to 1.
 5413858	[INFO]	XnProperty.cpp	151	Property Depth1.State was changed to 1.
 5413901	[INFO]	XnDeviceBase.cpp	370	Stream Depth1 is open.
 6510144	[INFO]	XnOpenNI.cpp	1261	Creating node 'Image1' of type Image...
 6510195	[INFO]	XnDeviceBase.cpp	1383	Creating stream 'Image1' of type 'Image'...
 6510420	[INFO]	XnProperty.cpp	151	Property Image1.Resolution was changed to 0.
 6510440	[INFO]	XnProperty.cpp	151	Property Image1.XRes was changed to 320.
 6510453	[INFO]	XnProperty.cpp	151	Property Image1.YRes was changed to 240.
 6510465	[INFO]	XnProperty.cpp	151	Property Image1.FPS was changed to 30.
 6510476	[INFO]	XnProperty.cpp	151	Property Image1.OutputFormat was changed to 5.
 6510489	[INFO]	XnProperty.cpp	151	Property Image1.BytesPerPixel was changed to 3.
 6510501	[INFO]	XnProperty.cpp	151	Property Image1.RequiredDataSize was changed to 230400.
 6510530	[INFO]	XnDeviceBase.cpp	1458	Stream 'Image1' was initialized.
 6510543	[INFO]	XnDeviceBase.cpp	1463	'Image1' stream was created.
 6510646	[INFO]	XnProperty.cpp	74	Setting Image1.InputFormat to 6...
 6510668	[INFO]	XnProperty.cpp	151	Property Image1.InputFormat was changed to 6.
 6510681	[INFO]	XnProperty.cpp	101	Image1.InputFormat was successfully set.
 6511096	[INFO]	XnDeviceModule.cpp	431	Module 'Image1' configuration was loaded from file.
 6511198	[INFO]	XnProperty.cpp	74	Setting Image1.FPS to 30...
 6511222	[INFO]	XnProperty.cpp	86	Image1.FPS value did not change.
 6511238	[INFO]	XnProperty.cpp	74	Setting Image1.YRes to 480...
 6511256	[INFO]	XnProperty.cpp	151	Property Image1.Resolution was changed to 1.
 6511276	[INFO]	XnProperty.cpp	151	Property Image1.XRes was changed to 640.
 6511296	[INFO]	XnProperty.cpp	151	Property Image1.RequiredDataSize was changed to 460800.
 6511318	[INFO]	XnProperty.cpp	151	Property Image1.YRes was changed to 480.
 6511334	[INFO]	XnProperty.cpp	151	Property Image1.RequiredDataSize was changed to 921600.
 6511349	[INFO]	XnProperty.cpp	101	Image1.YRes was successfully set.
 6511362	[INFO]	XnProperty.cpp	74	Setting Image1.XRes to 640...
 6511373	[INFO]	XnProperty.cpp	86	Image1.XRes value did not change.
 6512301	[INFO]	XnUSBLinux-x86.cpp	1222	USB read thread was started.
 6512341	[INFO]	XnProperty.cpp	151	Property Image1.ActualReadData was changed to 1.
 6579221	[WARNING]	XnDepthProcessor.cpp	133	Read: Depth buffer is corrupt. Size is 595968 (!= 614400)
 6579266	[WARNING]	XnFrameStreamProcessor.cpp	132	Depth frame is corrupt!
 6679208	[WARNING]	XnDepthProcessor.cpp	133	Read: Depth buffer is corrupt. Size is 582240 (!= 614400)
 6679251	[WARNING]	XnFrameStreamProcessor.cpp	132	Depth frame is corrupt!
 6711251	[WARNING]	XnDepthProcessor.cpp	133	Read: Depth buffer is corrupt. Size is 563312 (!= 614400)
 6711293	[WARNING]	XnFrameStreamProcessor.cpp	132	Depth frame is corrupt!
 9615123	[WARNING]	XnDepthProcessor.cpp	133	Read: Depth buffer is corrupt. Size is 600576 (!= 614400)
 9615170	[WARNING]	XnFrameStreamProcessor.cpp	132	Depth frame is corrupt!
 9712992	[INFO]	XnProperty.cpp	151	Property Image1.State was changed to 1.
 9713043	[INFO]	XnDeviceBase.cpp	370	Stream Image1 is open.
 9713202	[INFO]	XnProperty.cpp	74	Setting Depth1.Registration to 1...
 9747198	[WARNING]	XnDepthProcessor.cpp	133	Read: Depth buffer is corrupt. Size is 598608 (!= 614400)
 9747244	[WARNING]	XnFrameStreamProcessor.cpp	132	Depth frame is corrupt!
 9864988	[INFO]	XnProperty.cpp	151	Property Depth1.Registration was changed to 1.
 9865041	[INFO]	XnProperty.cpp	101	Depth1.Registration was successfully set.
 9865168	[INFO]	XnProperty.cpp	74	Setting Image1.Mirror to 1...
 9877754	[INFO]	XnProperty.cpp	151	Property Image1.FirmwareMirror was changed to 1.
 9877795	[INFO]	XnProperty.cpp	151	Property Image1.Mirror was changed to 1.
 9877808	[INFO]	XnProperty.cpp	101	Image1.Mirror was successfully set.
