    1718	[INFO]	XnLog.cpp	165	OpenNI version is 1.0.0 (Build 25)-MacOSX (Jan  7 2011 14:20:18)
    1777	[INFO]	XnLog.cpp	173	Log system initialized. Console: 1, File: 1, Severity: INFO, Masks: ALL
    1813	[INFO]	XnLog.cpp	173	Log system initialized. Console: 1, File: 1, Severity: INFO, Masks: ALL
    3235	[INFO]	XnUSBLinux-x86.cpp	98	USB is initialized.
 1342617	[INFO]	XnOpenNI.cpp	1261	Creating node 'Device1' of type Device...
 1344044	[INFO]	XnDeviceModule.cpp	431	Module 'Device' configuration was loaded from file.
 1507336	[INFO]	XnDeviceSensorIO.cpp	135	Connected to USB device
 1507392	[INFO]	XnProperty.cpp	151	Property Device.USBPath was changed to 045e/02ae@250/10.
 1514754	[INFO]	XnHostProtocol.cpp	825	Hardware versions: FW=5.1.4 (7) HW=4 Chip=2 Sensor=4 SYS=7
 3036631	[INFO]	XnProperty.cpp	151	Property Device.ID was changed to 0.
 3036726	[INFO]	XnSensor.cpp	182	Device sensor initialized
 3036897	[INFO]	XnOpenNI.cpp	1261	Creating node 'Depth1' of type Depth...
 3036963	[INFO]	XnDeviceBase.cpp	1383	Creating stream 'Depth1' of type 'Depth'...
 3036995	[INFO]	XnProperty.cpp	74	Setting Device.ReadData to 1...
 3037049	[INFO]	XnDeviceSensorIO.cpp	298	Endpoints open
 3049421	[INFO]	XnProperty.cpp	151	Property Device.ReadData was changed to 1.
 3049476	[INFO]	XnProperty.cpp	101	Device.ReadData was successfully set.
 3049896	[INFO]	XnProperty.cpp	151	Property Depth1.Resolution was changed to 0.
 3049922	[INFO]	XnProperty.cpp	151	Property Depth1.XRes was changed to 320.
 3049946	[INFO]	XnProperty.cpp	151	Property Depth1.YRes was changed to 240.
 3049969	[INFO]	XnProperty.cpp	151	Property Depth1.FPS was changed to 30.
 3049991	[INFO]	XnProperty.cpp	151	Property Depth1.OutputFormat was changed to 1.
 3050013	[INFO]	XnProperty.cpp	151	Property Depth1.BytesPerPixel was changed to 2.
 3050035	[INFO]	XnProperty.cpp	151	Property Depth1.RequiredDataSize was changed to 153600.
 3050063	[INFO]	XnProperty.cpp	151	Property Depth1.ParamCoeff was changed to 4.
 3050140	[INFO]	XnProperty.cpp	151	Property Depth1.ShiftScale was changed to 10.
 3062507	[INFO]	XnProperty.cpp	151	Property Depth1.ConstShift was changed to 200.
 3062600	[INFO]	XnProperty.cpp	151	Property Depth1.ZPD was changed to 120.
 3062697	[INFO]	XnProperty.cpp	151	Property Depth1.ZPPS was changed to 0.104200.
 3062712	[INFO]	XnProperty.cpp	151	Property Depth1.LDDIS was changed to 7.500000.
 3062801	[INFO]	XnProperty.cpp	151	Property Depth1.Gain was changed to 30.
 3062835	[INFO]	XnDeviceBase.cpp	1458	Stream 'Depth1' was initialized.
 3062852	[INFO]	XnDeviceBase.cpp	1463	'Depth1' stream was created.
 3063010	[INFO]	XnProperty.cpp	74	Setting Depth1.InputFormat to 3...
 3063032	[INFO]	XnProperty.cpp	151	Property Depth1.InputFormat was changed to 3.
 3063044	[INFO]	XnProperty.cpp	101	Depth1.InputFormat was successfully set.
 3063476	[INFO]	XnProperty.cpp	74	Setting Depth1.RegistrationType to 2...
 3063491	[INFO]	XnProperty.cpp	151	Property Depth1.RegistrationType was changed to 2.
 3063503	[INFO]	XnProperty.cpp	101	Depth1.RegistrationType was successfully set.
 3063973	[INFO]	XnDeviceModule.cpp	431	Module 'Depth1' configuration was loaded from file.
 3064159	[INFO]	XnProperty.cpp	74	Setting Depth1.FPS to 30...
 3064177	[INFO]	XnProperty.cpp	86	Depth1.FPS value did not change.
 3064189	[INFO]	XnProperty.cpp	74	Setting Depth1.YRes to 480...
 3064204	[INFO]	XnProperty.cpp	151	Property Depth1.Resolution was changed to 1.
 3064218	[INFO]	XnProperty.cpp	151	Property Depth1.XRes was changed to 640.
 3064231	[INFO]	XnProperty.cpp	151	Property Depth1.RequiredDataSize was changed to 307200.
 3064246	[INFO]	XnProperty.cpp	151	Property Depth1.YRes was changed to 480.
 3064258	[INFO]	XnProperty.cpp	151	Property Depth1.RequiredDataSize was changed to 614400.
 3064270	[INFO]	XnProperty.cpp	101	Depth1.YRes was successfully set.
 3064281	[INFO]	XnProperty.cpp	74	Setting Depth1.XRes to 640...
 3064291	[INFO]	XnProperty.cpp	86	Depth1.XRes value did not change.
 3064335	[INFO]	XnProperty.cpp	74	Setting Depth1.Mirror to 1...
 3064349	[INFO]	XnProperty.cpp	151	Property Depth1.FirmwareMirror was changed to 1.
 3064396	[INFO]	XnProperty.cpp	151	Property Depth1.Mirror was changed to 1.
 3064407	[INFO]	XnProperty.cpp	101	Depth1.Mirror was successfully set.
 3287704	[INFO]	XnOpenNI.cpp	1261	Creating node 'User1' of type User...
 3310851	[WARNING]	Linux-x86Threads.cpp	173	Failed to set thread priority: Invalid argument
 3310897	[WARNING]	XnUSBLinux-x86.cpp	126	USB events thread: Failed to set thread priority to critical. This might cause loss of data...
 3311649	[INFO]	XnUSBLinux-x86.cpp	1222	USB read thread was started.
 3311677	[INFO]	XnProperty.cpp	151	Property Depth1.ActualReadData was changed to 1.
 3781829	[INFO]	XnProperty.cpp	151	Property Depth1.State was changed to 1.
 3781882	[INFO]	XnDeviceBase.cpp	370	Stream Depth1 is open.
 3995564	[INFO]	XnOpenNI.cpp	1261	Creating node 'Image1' of type Image...
 3995623	[INFO]	XnDeviceBase.cpp	1383	Creating stream 'Image1' of type 'Image'...
 3995890	[INFO]	XnProperty.cpp	151	Property Image1.Resolution was changed to 0.
 3995916	[INFO]	XnProperty.cpp	151	Property Image1.XRes was changed to 320.
 3995934	[INFO]	XnProperty.cpp	151	Property Image1.YRes was changed to 240.
 3995950	[INFO]	XnProperty.cpp	151	Property Image1.FPS was changed to 30.
 3995966	[INFO]	XnProperty.cpp	151	Property Image1.OutputFormat was changed to 5.
 3995982	[INFO]	XnProperty.cpp	151	Property Image1.BytesPerPixel was changed to 3.
 3996010	[INFO]	XnProperty.cpp	151	Property Image1.RequiredDataSize was changed to 230400.
 3996049	[INFO]	XnDeviceBase.cpp	1458	Stream 'Image1' was initialized.
 3996069	[INFO]	XnDeviceBase.cpp	1463	'Image1' stream was created.
 3996200	[INFO]	XnProperty.cpp	74	Setting Image1.InputFormat to 6...
 3996227	[INFO]	XnProperty.cpp	151	Property Image1.InputFormat was changed to 6.
 3996245	[INFO]	XnProperty.cpp	101	Image1.InputFormat was successfully set.
 3996835	[INFO]	XnDeviceModule.cpp	431	Module 'Image1' configuration was loaded from file.
 3996952	[INFO]	XnProperty.cpp	74	Setting Image1.FPS to 30...
 3997031	[INFO]	XnProperty.cpp	86	Image1.FPS value did not change.
 3997057	[INFO]	XnProperty.cpp	74	Setting Image1.YRes to 480...
 3997078	[INFO]	XnProperty.cpp	151	Property Image1.Resolution was changed to 1.
 3997097	[INFO]	XnProperty.cpp	151	Property Image1.XRes was changed to 640.
 3997113	[INFO]	XnProperty.cpp	151	Property Image1.RequiredDataSize was changed to 460800.
 3997138	[INFO]	XnProperty.cpp	151	Property Image1.YRes was changed to 480.
 3997160	[INFO]	XnProperty.cpp	151	Property Image1.RequiredDataSize was changed to 921600.
 3997180	[INFO]	XnProperty.cpp	101	Image1.YRes was successfully set.
 3997202	[INFO]	XnProperty.cpp	74	Setting Image1.XRes to 640...
 3997218	[INFO]	XnProperty.cpp	86	Image1.XRes value did not change.
 3998328	[INFO]	XnUSBLinux-x86.cpp	1222	USB read thread was started.
 3998378	[INFO]	XnProperty.cpp	151	Property Image1.ActualReadData was changed to 1.
 4179146	[WARNING]	XnDepthProcessor.cpp	133	Read: Depth buffer is corrupt. Size is 569520 (!= 614400)
 4179189	[WARNING]	XnFrameStreamProcessor.cpp	132	Depth frame is corrupt!
 7083071	[WARNING]	XnDepthProcessor.cpp	133	Read: Depth buffer is corrupt. Size is 595744 (!= 614400)
 7083115	[WARNING]	XnFrameStreamProcessor.cpp	132	Depth frame is corrupt!
 7199068	[INFO]	XnProperty.cpp	151	Property Image1.State was changed to 1.
 7199116	[INFO]	XnDeviceBase.cpp	370	Stream Image1 is open.
 7199284	[INFO]	XnProperty.cpp	74	Setting Depth1.Registration to 1...
 7350777	[INFO]	XnProperty.cpp	151	Property Depth1.Registration was changed to 1.
 7350819	[INFO]	XnProperty.cpp	101	Depth1.Registration was successfully set.
 7350865	[INFO]	XnProperty.cpp	74	Setting Image1.Mirror to 1...
 7363540	[INFO]	XnProperty.cpp	151	Property Image1.FirmwareMirror was changed to 1.
 7363581	[INFO]	XnProperty.cpp	151	Property Image1.Mirror was changed to 1.
 7363594	[INFO]	XnProperty.cpp	101	Image1.Mirror was successfully set.
