    1668	[INFO]	XnLog.cpp	165	OpenNI version is 1.0.0 (Build 25)-MacOSX (Jan  7 2011 14:20:18)
    1741	[INFO]	XnLog.cpp	173	Log system initialized. Console: 1, File: 1, Severity: INFO, Masks: ALL
    1774	[INFO]	XnLog.cpp	173	Log system initialized. Console: 1, File: 1, Severity: INFO, Masks: ALL
    3181	[INFO]	XnUSBLinux-x86.cpp	98	USB is initialized.
 1979573	[INFO]	XnOpenNI.cpp	1261	Creating node 'Device1' of type Device...
 1980989	[INFO]	XnDeviceModule.cpp	431	Module 'Device' configuration was loaded from file.
 2251049	[INFO]	XnDeviceSensorIO.cpp	135	Connected to USB device
 2251103	[INFO]	XnProperty.cpp	151	Property Device.USBPath was changed to 045e/02ae@250/10.
 2258321	[INFO]	XnHostProtocol.cpp	825	Hardware versions: FW=5.1.4 (7) HW=4 Chip=2 Sensor=4 SYS=7
 3781831	[INFO]	XnProperty.cpp	151	Property Device.ID was changed to 0.
 3781914	[INFO]	XnSensor.cpp	182	Device sensor initialized
 3782016	[INFO]	XnOpenNI.cpp	1261	Creating node 'Depth1' of type Depth...
 3782062	[INFO]	XnDeviceBase.cpp	1383	Creating stream 'Depth1' of type 'Depth'...
 3782084	[INFO]	XnProperty.cpp	74	Setting Device.ReadData to 1...
 3782122	[INFO]	XnDeviceSensorIO.cpp	298	Endpoints open
 3794286	[INFO]	XnProperty.cpp	151	Property Device.ReadData was changed to 1.
 3794324	[INFO]	XnProperty.cpp	101	Device.ReadData was successfully set.
 3794656	[INFO]	XnProperty.cpp	151	Property Depth1.Resolution was changed to 0.
 3794683	[INFO]	XnProperty.cpp	151	Property Depth1.XRes was changed to 320.
 3794706	[INFO]	XnProperty.cpp	151	Property Depth1.YRes was changed to 240.
 3794731	[INFO]	XnProperty.cpp	151	Property Depth1.FPS was changed to 30.
 3794751	[INFO]	XnProperty.cpp	151	Property Depth1.OutputFormat was changed to 1.
 3794770	[INFO]	XnProperty.cpp	151	Property Depth1.BytesPerPixel was changed to 2.
 3794789	[INFO]	XnProperty.cpp	151	Property Depth1.RequiredDataSize was changed to 153600.
 3794814	[INFO]	XnProperty.cpp	151	Property Depth1.ParamCoeff was changed to 4.
 3794879	[INFO]	XnProperty.cpp	151	Property Depth1.ShiftScale was changed to 10.
 3806970	[INFO]	XnProperty.cpp	151	Property Depth1.ConstShift was changed to 200.
 3807088	[INFO]	XnProperty.cpp	151	Property Depth1.ZPD was changed to 120.
 3807211	[INFO]	XnProperty.cpp	151	Property Depth1.ZPPS was changed to 0.104200.
 3807228	[INFO]	XnProperty.cpp	151	Property Depth1.LDDIS was changed to 7.500000.
 3807357	[INFO]	XnProperty.cpp	151	Property Depth1.Gain was changed to 30.
 3807395	[INFO]	XnDeviceBase.cpp	1458	Stream 'Depth1' was initialized.
 3807412	[INFO]	XnDeviceBase.cpp	1463	'Depth1' stream was created.
 3807613	[INFO]	XnProperty.cpp	74	Setting Depth1.InputFormat to 3...
 3807638	[INFO]	XnProperty.cpp	151	Property Depth1.InputFormat was changed to 3.
 3807653	[INFO]	XnProperty.cpp	101	Depth1.InputFormat was successfully set.
 3808240	[INFO]	XnProperty.cpp	74	Setting Depth1.RegistrationType to 2...
 3808260	[INFO]	XnProperty.cpp	151	Property Depth1.RegistrationType was changed to 2.
 3808276	[INFO]	XnProperty.cpp	101	Depth1.RegistrationType was successfully set.
 3808904	[INFO]	XnDeviceModule.cpp	431	Module 'Depth1' configuration was loaded from file.
 3809103	[INFO]	XnProperty.cpp	74	Setting Depth1.FPS to 30...
 3809126	[INFO]	XnProperty.cpp	101	Depth1.FPS was successfully set.
 3809142	[INFO]	XnProperty.cpp	74	Setting Depth1.YRes to 480...
 3809161	[INFO]	XnProperty.cpp	151	Property Depth1.Resolution was changed to 1.
 3809177	[INFO]	XnProperty.cpp	151	Property Depth1.XRes was changed to 640.
 3809193	[INFO]	XnProperty.cpp	151	Property Depth1.RequiredDataSize was changed to 307200.
 3812386	[INFO]	XnProperty.cpp	151	Property Depth1.YRes was changed to 480.
 3812417	[INFO]	XnProperty.cpp	151	Property Depth1.RequiredDataSize was changed to 614400.
 3812438	[INFO]	XnProperty.cpp	101	Depth1.YRes was successfully set.
 3812458	[INFO]	XnProperty.cpp	74	Setting Depth1.XRes to 640...
 3812475	[INFO]	XnProperty.cpp	101	Depth1.XRes was successfully set.
 3812557	[INFO]	XnProperty.cpp	74	Setting Depth1.Mirror to 1...
 3812581	[INFO]	XnProperty.cpp	151	Property Depth1.FirmwareMirror was changed to 1.
 3812641	[INFO]	XnProperty.cpp	151	Property Depth1.Mirror was changed to 1.
 3812658	[INFO]	XnProperty.cpp	101	Depth1.Mirror was successfully set.
 4909671	[INFO]	XnOpenNI.cpp	1261	Creating node 'User1' of type User...
 4935123	[WARNING]	Linux-x86Threads.cpp	173	Failed to set thread priority: Invalid argument
 4935173	[WARNING]	XnUSBLinux-x86.cpp	126	USB events thread: Failed to set thread priority to critical. This might cause loss of data...
 4936058	[INFO]	XnUSBLinux-x86.cpp	1222	USB read thread was started.
 4936106	[INFO]	XnProperty.cpp	151	Property Depth1.ActualReadData was changed to 1.
 5406394	[INFO]	XnProperty.cpp	151	Property Depth1.State was changed to 1.
 5406437	[INFO]	XnDeviceBase.cpp	370	Stream Depth1 is open.
 6501730	[INFO]	XnOpenNI.cpp	1261	Creating node 'Image1' of type Image...
 6501786	[INFO]	XnDeviceBase.cpp	1383	Creating stream 'Image1' of type 'Image'...
 6502030	[INFO]	XnProperty.cpp	151	Property Image1.Resolution was changed to 0.
 6502054	[INFO]	XnProperty.cpp	151	Property Image1.XRes was changed to 320.
 6502071	[INFO]	XnProperty.cpp	151	Property Image1.YRes was changed to 240.
 6502086	[INFO]	XnProperty.cpp	151	Property Image1.FPS was changed to 30.
 6502101	[INFO]	XnProperty.cpp	151	Property Image1.OutputFormat was changed to 5.
 6502116	[INFO]	XnProperty.cpp	151	Property Image1.BytesPerPixel was changed to 3.
 6502131	[INFO]	XnProperty.cpp	151	Property Image1.RequiredDataSize was changed to 230400.
 6502165	[INFO]	XnDeviceBase.cpp	1458	Stream 'Image1' was initialized.
 6502182	[INFO]	XnDeviceBase.cpp	1463	'Image1' stream was created.
 6502313	[INFO]	XnProperty.cpp	74	Setting Image1.InputFormat to 6...
 6502338	[INFO]	XnProperty.cpp	151	Property Image1.InputFormat was changed to 6.
 6502353	[INFO]	XnProperty.cpp	101	Image1.InputFormat was successfully set.
 6502874	[INFO]	XnDeviceModule.cpp	431	Module 'Image1' configuration was loaded from file.
 6502978	[INFO]	XnProperty.cpp	74	Setting Image1.FPS to 30...
 6502996	[INFO]	XnProperty.cpp	86	Image1.FPS value did not change.
 6503011	[INFO]	XnProperty.cpp	74	Setting Image1.YRes to 480...
 6503026	[INFO]	XnProperty.cpp	151	Property Image1.Resolution was changed to 1.
 6503042	[INFO]	XnProperty.cpp	151	Property Image1.XRes was changed to 640.
 6504930	[INFO]	XnProperty.cpp	151	Property Image1.RequiredDataSize was changed to 460800.
 6504959	[INFO]	XnProperty.cpp	151	Property Image1.YRes was changed to 480.
 6504978	[INFO]	XnProperty.cpp	151	Property Image1.RequiredDataSize was changed to 921600.
 6504996	[INFO]	XnProperty.cpp	101	Image1.YRes was successfully set.
 6505016	[INFO]	XnProperty.cpp	74	Setting Image1.XRes to 640...
 6505032	[INFO]	XnProperty.cpp	86	Image1.XRes value did not change.
 6506142	[INFO]	XnUSBLinux-x86.cpp	1222	USB read thread was started.
 6506178	[INFO]	XnProperty.cpp	151	Property Image1.ActualReadData was changed to 1.
 6672007	[WARNING]	XnDepthProcessor.cpp	133	Read: Depth buffer is corrupt. Size is 571456 (!= 614400)
 6672052	[WARNING]	XnFrameStreamProcessor.cpp	132	Depth frame is corrupt!
 6704047	[WARNING]	XnDepthProcessor.cpp	133	Read: Depth buffer is corrupt. Size is 560752 (!= 614400)
 6704093	[WARNING]	XnFrameStreamProcessor.cpp	132	Depth frame is corrupt!
 9707299	[INFO]	XnProperty.cpp	151	Property Image1.State was changed to 1.
 9707344	[INFO]	XnDeviceBase.cpp	370	Stream Image1 is open.
 9707513	[INFO]	XnProperty.cpp	74	Setting Depth1.Registration to 1...
 9859665	[INFO]	XnProperty.cpp	151	Property Depth1.Registration was changed to 1.
 9859708	[INFO]	XnProperty.cpp	101	Depth1.Registration was successfully set.
 9859756	[INFO]	XnProperty.cpp	74	Setting Image1.Mirror to 1...
 9872667	[INFO]	XnProperty.cpp	151	Property Image1.FirmwareMirror was changed to 1.
 9872712	[INFO]	XnProperty.cpp	151	Property Image1.Mirror was changed to 1.
 9872731	[INFO]	XnProperty.cpp	101	Image1.Mirror was successfully set.
21516624	[INFO]	XnOpenNI.cpp	1459	Destroying node 'User1'
21524845	[INFO]	XnOpenNI.cpp	1459	Destroying node 'Depth1'
21524945	[INFO]	XnDeviceBase.cpp	1507	Destroying stream 'Depth1'...
21526340	[INFO]	XnOpenNI.cpp	1459	Destroying node 'Image1'
21526474	[INFO]	XnDeviceBase.cpp	1507	Destroying stream 'Image1'...
21527610	[INFO]	XnOpenNI.cpp	1459	Destroying node 'Device1'
