    1730	[INFO]	XnLog.cpp	165	OpenNI version is 1.0.0 (Build 25)-MacOSX (Jan  7 2011 14:20:18)
    1780	[INFO]	XnLog.cpp	173	Log system initialized. Console: 1, File: 1, Severity: INFO, Masks: ALL
    1810	[INFO]	XnLog.cpp	173	Log system initialized. Console: 1, File: 1, Severity: INFO, Masks: ALL
    3088	[INFO]	XnUSBLinux-x86.cpp	98	USB is initialized.
 1973427	[INFO]	XnOpenNI.cpp	1261	Creating node 'Device1' of type Device...
 1974835	[INFO]	XnDeviceModule.cpp	431	Module 'Device' configuration was loaded from file.
 2245169	[INFO]	XnDeviceSensorIO.cpp	135	Connected to USB device
 2245226	[INFO]	XnProperty.cpp	151	Property Device.USBPath was changed to 045e/02ae@250/10.
 2252691	[INFO]	XnHostProtocol.cpp	825	Hardware versions: FW=5.1.4 (7) HW=4 Chip=2 Sensor=4 SYS=7
 3769304	[INFO]	XnProperty.cpp	151	Property Device.ID was changed to 0.
 3769391	[INFO]	XnSensor.cpp	182	Device sensor initialized
 3769560	[INFO]	XnOpenNI.cpp	1261	Creating node 'Depth1' of type Depth...
 3769649	[INFO]	XnDeviceBase.cpp	1383	Creating stream 'Depth1' of type 'Depth'...
 3769699	[INFO]	XnProperty.cpp	74	Setting Device.ReadData to 1...
 3769774	[INFO]	XnDeviceSensorIO.cpp	298	Endpoints open
 3782004	[INFO]	XnProperty.cpp	151	Property Device.ReadData was changed to 1.
 3782057	[INFO]	XnProperty.cpp	101	Device.ReadData was successfully set.
 3782482	[INFO]	XnProperty.cpp	151	Property Depth1.Resolution was changed to 0.
 3782509	[INFO]	XnProperty.cpp	151	Property Depth1.XRes was changed to 320.
 3782532	[INFO]	XnProperty.cpp	151	Property Depth1.YRes was changed to 240.
 3782553	[INFO]	XnProperty.cpp	151	Property Depth1.FPS was changed to 30.
 3782572	[INFO]	XnProperty.cpp	151	Property Depth1.OutputFormat was changed to 1.
 3782593	[INFO]	XnProperty.cpp	151	Property Depth1.BytesPerPixel was changed to 2.
 3782616	[INFO]	XnProperty.cpp	151	Property Depth1.RequiredDataSize was changed to 153600.
 3782643	[INFO]	XnProperty.cpp	151	Property Depth1.ParamCoeff was changed to 4.
 3782727	[INFO]	XnProperty.cpp	151	Property Depth1.ShiftScale was changed to 10.
 3795127	[INFO]	XnProperty.cpp	151	Property Depth1.ConstShift was changed to 200.
 3795226	[INFO]	XnProperty.cpp	151	Property Depth1.ZPD was changed to 120.
 3795323	[INFO]	XnProperty.cpp	151	Property Depth1.ZPPS was changed to 0.104200.
 3795337	[INFO]	XnProperty.cpp	151	Property Depth1.LDDIS was changed to 7.500000.
 3795429	[INFO]	XnProperty.cpp	151	Property Depth1.Gain was changed to 30.
 3795463	[INFO]	XnDeviceBase.cpp	1458	Stream 'Depth1' was initialized.
 3795477	[INFO]	XnDeviceBase.cpp	1463	'Depth1' stream was created.
 3795640	[INFO]	XnProperty.cpp	74	Setting Depth1.InputFormat to 3...
 3795662	[INFO]	XnProperty.cpp	151	Property Depth1.InputFormat was changed to 3.
 3795675	[INFO]	XnProperty.cpp	101	Depth1.InputFormat was successfully set.
 3796104	[INFO]	XnProperty.cpp	74	Setting Depth1.RegistrationType to 2...
 3796119	[INFO]	XnProperty.cpp	151	Property Depth1.RegistrationType was changed to 2.
 3796130	[INFO]	XnProperty.cpp	101	Depth1.RegistrationType was successfully set.
 3796586	[INFO]	XnDeviceModule.cpp	431	Module 'Depth1' configuration was loaded from file.
 3796762	[INFO]	XnProperty.cpp	74	Setting Depth1.FPS to 30...
 3796780	[INFO]	XnProperty.cpp	86	Depth1.FPS value did not change.
 3796791	[INFO]	XnProperty.cpp	74	Setting Depth1.YRes to 480...
 3796806	[INFO]	XnProperty.cpp	151	Property Depth1.Resolution was changed to 1.
 3796819	[INFO]	XnProperty.cpp	151	Property Depth1.XRes was changed to 640.
 3796832	[INFO]	XnProperty.cpp	151	Property Depth1.RequiredDataSize was changed to 307200.
 3796847	[INFO]	XnProperty.cpp	151	Property Depth1.YRes was changed to 480.
 3796859	[INFO]	XnProperty.cpp	151	Property Depth1.RequiredDataSize was changed to 614400.
 3796872	[INFO]	XnProperty.cpp	101	Depth1.YRes was successfully set.
 3796884	[INFO]	XnProperty.cpp	74	Setting Depth1.XRes to 640...
 3796895	[INFO]	XnProperty.cpp	86	Depth1.XRes value did not change.
 3796938	[INFO]	XnProperty.cpp	74	Setting Depth1.Mirror to 1...
 3796956	[INFO]	XnProperty.cpp	151	Property Depth1.FirmwareMirror was changed to 1.
 3797013	[INFO]	XnProperty.cpp	151	Property Depth1.Mirror was changed to 1.
 3797025	[INFO]	XnProperty.cpp	101	Depth1.Mirror was successfully set.
 4898936	[INFO]	XnOpenNI.cpp	1261	Creating node 'User1' of type User...
 4926513	[WARNING]	Linux-x86Threads.cpp	173	Failed to set thread priority: Invalid argument
 4926562	[WARNING]	XnUSBLinux-x86.cpp	126	USB events thread: Failed to set thread priority to critical. This might cause loss of data...
 4927342	[INFO]	XnUSBLinux-x86.cpp	1222	USB read thread was started.
 4927373	[INFO]	XnProperty.cpp	151	Property Depth1.ActualReadData was changed to 1.
 5397678	[INFO]	XnProperty.cpp	151	Property Depth1.State was changed to 1.
 5397719	[INFO]	XnDeviceBase.cpp	370	Stream Depth1 is open.
 7014964	[INFO]	XnOpenNI.cpp	1261	Creating node 'Image1' of type Image...
 7015015	[INFO]	XnDeviceBase.cpp	1383	Creating stream 'Image1' of type 'Image'...
 7015200	[INFO]	XnProperty.cpp	151	Property Image1.Resolution was changed to 0.
 7015222	[INFO]	XnProperty.cpp	151	Property Image1.XRes was changed to 320.
 7015242	[INFO]	XnProperty.cpp	151	Property Image1.YRes was changed to 240.
 7015262	[INFO]	XnProperty.cpp	151	Property Image1.FPS was changed to 30.
 7015278	[INFO]	XnProperty.cpp	151	Property Image1.OutputFormat was changed to 5.
 7015293	[INFO]	XnProperty.cpp	151	Property Image1.BytesPerPixel was changed to 3.
 7015309	[INFO]	XnProperty.cpp	151	Property Image1.RequiredDataSize was changed to 230400.
 7015351	[INFO]	XnDeviceBase.cpp	1458	Stream 'Image1' was initialized.
 7015374	[INFO]	XnDeviceBase.cpp	1463	'Image1' stream was created.
 7015515	[INFO]	XnProperty.cpp	74	Setting Image1.InputFormat to 6...
 7015546	[INFO]	XnProperty.cpp	151	Property Image1.InputFormat was changed to 6.
 7015566	[INFO]	XnProperty.cpp	101	Image1.InputFormat was successfully set.
 7015999	[INFO]	XnDeviceModule.cpp	431	Module 'Image1' configuration was loaded from file.
 7016089	[INFO]	XnProperty.cpp	74	Setting Image1.FPS to 30...
 7016105	[INFO]	XnProperty.cpp	86	Image1.FPS value did not change.
 7016117	[INFO]	XnProperty.cpp	74	Setting Image1.YRes to 480...
 7016129	[INFO]	XnProperty.cpp	151	Property Image1.Resolution was changed to 1.
 7016141	[INFO]	XnProperty.cpp	151	Property Image1.XRes was changed to 640.
 7016158	[INFO]	XnProperty.cpp	151	Property Image1.RequiredDataSize was changed to 460800.
 7016177	[INFO]	XnProperty.cpp	151	Property Image1.YRes was changed to 480.
 7016192	[INFO]	XnProperty.cpp	151	Property Image1.RequiredDataSize was changed to 921600.
 7016205	[INFO]	XnProperty.cpp	101	Image1.YRes was successfully set.
 7016218	[INFO]	XnProperty.cpp	74	Setting Image1.XRes to 640...
 7016229	[INFO]	XnProperty.cpp	86	Image1.XRes value did not change.
 7017129	[INFO]	XnUSBLinux-x86.cpp	1222	USB read thread was started.
 7017168	[INFO]	XnProperty.cpp	151	Property Image1.ActualReadData was changed to 1.
 7195463	[WARNING]	XnDepthProcessor.cpp	133	Read: Depth buffer is corrupt. Size is 553616 (!= 614400)
 7195510	[WARNING]	XnFrameStreamProcessor.cpp	132	Depth frame is corrupt!
10217605	[INFO]	XnProperty.cpp	151	Property Image1.State was changed to 1.
10217651	[INFO]	XnDeviceBase.cpp	370	Stream Image1 is open.
10217798	[INFO]	XnProperty.cpp	74	Setting Depth1.Registration to 1...
10231436	[WARNING]	XnDepthProcessor.cpp	133	Read: Depth buffer is corrupt. Size is 589536 (!= 614400)
10231482	[WARNING]	XnFrameStreamProcessor.cpp	132	Depth frame is corrupt!
10369434	[INFO]	XnProperty.cpp	151	Property Depth1.Registration was changed to 1.
10369478	[INFO]	XnProperty.cpp	101	Depth1.Registration was successfully set.
10369522	[INFO]	XnProperty.cpp	74	Setting Image1.Mirror to 1...
10381962	[INFO]	XnProperty.cpp	151	Property Image1.FirmwareMirror was changed to 1.
10382005	[INFO]	XnProperty.cpp	151	Property Image1.Mirror was changed to 1.
10382018	[INFO]	XnProperty.cpp	101	Image1.Mirror was successfully set.
26059984	[INFO]	XnOpenNI.cpp	1459	Destroying node 'User1'
26067645	[INFO]	XnOpenNI.cpp	1459	Destroying node 'Depth1'
26067735	[INFO]	XnDeviceBase.cpp	1507	Destroying stream 'Depth1'...
26068996	[INFO]	XnOpenNI.cpp	1459	Destroying node 'Image1'
26069124	[INFO]	XnDeviceBase.cpp	1507	Destroying stream 'Image1'...
26070407	[INFO]	XnOpenNI.cpp	1459	Destroying node 'Device1'
