    1732	[INFO]	XnLog.cpp	165	OpenNI version is 1.0.0 (Build 25)-MacOSX (Jan  7 2011 14:20:18)
    1789	[INFO]	XnLog.cpp	173	Log system initialized. Console: 1, File: 1, Severity: INFO, Masks: ALL
    1824	[INFO]	XnLog.cpp	173	Log system initialized. Console: 1, File: 1, Severity: INFO, Masks: ALL
    3023	[INFO]	XnUSBLinux-x86.cpp	98	USB is initialized.
 1966020	[INFO]	XnOpenNI.cpp	1261	Creating node 'Device1' of type Device...
 1967271	[INFO]	XnDeviceModule.cpp	431	Module 'Device' configuration was loaded from file.
 2235197	[INFO]	XnDeviceSensorIO.cpp	135	Connected to USB device
 2235253	[INFO]	XnProperty.cpp	151	Property Device.USBPath was changed to 045e/02ae@250/10.
 2243354	[INFO]	XnHostProtocol.cpp	825	Hardware versions: FW=5.1.4 (7) HW=4 Chip=2 Sensor=4 SYS=7
 3766401	[INFO]	XnProperty.cpp	151	Property Device.ID was changed to 0.
 3766497	[INFO]	XnSensor.cpp	182	Device sensor initialized
 3766663	[INFO]	XnOpenNI.cpp	1261	Creating node 'Depth1' of type Depth...
 3766753	[INFO]	XnDeviceBase.cpp	1383	Creating stream 'Depth1' of type 'Depth'...
 3766802	[INFO]	XnProperty.cpp	74	Setting Device.ReadData to 1...
 3766883	[INFO]	XnDeviceSensorIO.cpp	298	Endpoints open
 3779489	[INFO]	XnProperty.cpp	151	Property Device.ReadData was changed to 1.
 3779552	[INFO]	XnProperty.cpp	101	Device.ReadData was successfully set.
 3780182	[INFO]	XnProperty.cpp	151	Property Depth1.Resolution was changed to 0.
 3780217	[INFO]	XnProperty.cpp	151	Property Depth1.XRes was changed to 320.
 3780244	[INFO]	XnProperty.cpp	151	Property Depth1.YRes was changed to 240.
 3780268	[INFO]	XnProperty.cpp	151	Property Depth1.FPS was changed to 30.
 3780293	[INFO]	XnProperty.cpp	151	Property Depth1.OutputFormat was changed to 1.
 3780317	[INFO]	XnProperty.cpp	151	Property Depth1.BytesPerPixel was changed to 2.
 3780341	[INFO]	XnProperty.cpp	151	Property Depth1.RequiredDataSize was changed to 153600.
 3780378	[INFO]	XnProperty.cpp	151	Property Depth1.ParamCoeff was changed to 4.
 3780552	[INFO]	XnProperty.cpp	151	Property Depth1.ShiftScale was changed to 10.
 3793109	[INFO]	XnProperty.cpp	151	Property Depth1.ConstShift was changed to 200.
 3793221	[INFO]	XnProperty.cpp	151	Property Depth1.ZPD was changed to 120.
 3793377	[INFO]	XnProperty.cpp	151	Property Depth1.ZPPS was changed to 0.104200.
 3793399	[INFO]	XnProperty.cpp	151	Property Depth1.LDDIS was changed to 7.500000.
 3793543	[INFO]	XnProperty.cpp	151	Property Depth1.Gain was changed to 30.
 3793582	[INFO]	XnDeviceBase.cpp	1458	Stream 'Depth1' was initialized.
 3793604	[INFO]	XnDeviceBase.cpp	1463	'Depth1' stream was created.
 3793819	[INFO]	XnProperty.cpp	74	Setting Depth1.InputFormat to 3...
 3793853	[INFO]	XnProperty.cpp	151	Property Depth1.InputFormat was changed to 3.
 3793873	[INFO]	XnProperty.cpp	101	Depth1.InputFormat was successfully set.
 3794464	[INFO]	XnProperty.cpp	74	Setting Depth1.RegistrationType to 2...
 3794487	[INFO]	XnProperty.cpp	151	Property Depth1.RegistrationType was changed to 2.
 3794503	[INFO]	XnProperty.cpp	101	Depth1.RegistrationType was successfully set.
 3795111	[INFO]	XnDeviceModule.cpp	431	Module 'Depth1' configuration was loaded from file.
 3795319	[INFO]	XnProperty.cpp	74	Setting Depth1.FPS to 30...
 3795340	[INFO]	XnProperty.cpp	86	Depth1.FPS value did not change.
 3795356	[INFO]	XnProperty.cpp	74	Setting Depth1.YRes to 480...
 3795375	[INFO]	XnProperty.cpp	151	Property Depth1.Resolution was changed to 1.
 3795392	[INFO]	XnProperty.cpp	151	Property Depth1.XRes was changed to 640.
 3795409	[INFO]	XnProperty.cpp	151	Property Depth1.RequiredDataSize was changed to 307200.
 3795428	[INFO]	XnProperty.cpp	151	Property Depth1.YRes was changed to 480.
 3795444	[INFO]	XnProperty.cpp	151	Property Depth1.RequiredDataSize was changed to 614400.
 3795461	[INFO]	XnProperty.cpp	101	Depth1.YRes was successfully set.
 3795478	[INFO]	XnProperty.cpp	74	Setting Depth1.XRes to 640...
 3795492	[INFO]	XnProperty.cpp	86	Depth1.XRes value did not change.
 3795548	[INFO]	XnProperty.cpp	74	Setting Depth1.Mirror to 1...
 3795567	[INFO]	XnProperty.cpp	151	Property Depth1.FirmwareMirror was changed to 1.
 3795620	[INFO]	XnProperty.cpp	151	Property Depth1.Mirror was changed to 1.
 3795635	[INFO]	XnProperty.cpp	101	Depth1.Mirror was successfully set.
 4923377	[INFO]	XnOpenNI.cpp	1261	Creating node 'User1' of type User...
 4949277	[WARNING]	Linux-x86Threads.cpp	173	Failed to set thread priority: Invalid argument
 4949329	[WARNING]	XnUSBLinux-x86.cpp	126	USB events thread: Failed to set thread priority to critical. This might cause loss of data...
 4950347	[INFO]	XnUSBLinux-x86.cpp	1222	USB read thread was started.
 4950382	[INFO]	XnProperty.cpp	151	Property Depth1.ActualReadData was changed to 1.
 5420743	[INFO]	XnProperty.cpp	151	Property Depth1.State was changed to 1.
 5420785	[INFO]	XnDeviceBase.cpp	370	Stream Depth1 is open.
 6545808	[INFO]	XnOpenNI.cpp	1261	Creating node 'Image1' of type Image...
 6545859	[INFO]	XnDeviceBase.cpp	1383	Creating stream 'Image1' of type 'Image'...
 6546026	[INFO]	XnProperty.cpp	151	Property Image1.Resolution was changed to 0.
 6546049	[INFO]	XnProperty.cpp	151	Property Image1.XRes was changed to 320.
 6546069	[INFO]	XnProperty.cpp	151	Property Image1.YRes was changed to 240.
 6546089	[INFO]	XnProperty.cpp	151	Property Image1.FPS was changed to 30.
 6546107	[INFO]	XnProperty.cpp	151	Property Image1.OutputFormat was changed to 5.
 6546126	[INFO]	XnProperty.cpp	151	Property Image1.BytesPerPixel was changed to 3.
 6546144	[INFO]	XnProperty.cpp	151	Property Image1.RequiredDataSize was changed to 230400.
 6546177	[INFO]	XnDeviceBase.cpp	1458	Stream 'Image1' was initialized.
 6546191	[INFO]	XnDeviceBase.cpp	1463	'Image1' stream was created.
 6546290	[INFO]	XnProperty.cpp	74	Setting Image1.InputFormat to 6...
 6546310	[INFO]	XnProperty.cpp	151	Property Image1.InputFormat was changed to 6.
 6546322	[INFO]	XnProperty.cpp	101	Image1.InputFormat was successfully set.
 6546727	[INFO]	XnDeviceModule.cpp	431	Module 'Image1' configuration was loaded from file.
 6546798	[INFO]	XnProperty.cpp	74	Setting Image1.FPS to 30...
 6546816	[INFO]	XnProperty.cpp	101	Image1.FPS was successfully set.
 6546828	[INFO]	XnProperty.cpp	74	Setting Image1.YRes to 480...
 6546841	[INFO]	XnProperty.cpp	151	Property Image1.Resolution was changed to 1.
 6546853	[INFO]	XnProperty.cpp	151	Property Image1.XRes was changed to 640.
 6546865	[INFO]	XnProperty.cpp	151	Property Image1.RequiredDataSize was changed to 460800.
 6546878	[INFO]	XnProperty.cpp	151	Property Image1.YRes was changed to 480.
 6546890	[INFO]	XnProperty.cpp	151	Property Image1.RequiredDataSize was changed to 921600.
 6546916	[INFO]	XnProperty.cpp	101	Image1.YRes was successfully set.
 6546934	[INFO]	XnProperty.cpp	74	Setting Image1.XRes to 640...
 6546951	[INFO]	XnProperty.cpp	101	Image1.XRes was successfully set.
 6547859	[INFO]	XnUSBLinux-x86.cpp	1222	USB read thread was started.
 6547910	[INFO]	XnProperty.cpp	151	Property Image1.ActualReadData was changed to 1.
 6722047	[WARNING]	XnFrameStreamProcessor.cpp	140	Depth Frame Buffer overflow! current size: 612768
 6722095	[WARNING]	XnFrameStreamProcessor.cpp	132	Depth frame is corrupt!
 6750039	[WARNING]	XnDepthProcessor.cpp	133	Read: Depth buffer is corrupt. Size is 612768 (!= 614400)
 9748848	[INFO]	XnProperty.cpp	151	Property Image1.State was changed to 1.
 9748891	[INFO]	XnDeviceBase.cpp	370	Stream Image1 is open.
 9749047	[INFO]	XnProperty.cpp	74	Setting Depth1.Registration to 1...
 9789975	[WARNING]	XnDepthProcessor.cpp	133	Read: Depth buffer is corrupt. Size is 595136 (!= 614400)
 9790022	[WARNING]	XnFrameStreamProcessor.cpp	132	Depth frame is corrupt!
 9900194	[INFO]	XnProperty.cpp	151	Property Depth1.Registration was changed to 1.
 9900251	[INFO]	XnProperty.cpp	101	Depth1.Registration was successfully set.
 9900296	[INFO]	XnProperty.cpp	74	Setting Image1.Mirror to 1...
 9912561	[INFO]	XnProperty.cpp	151	Property Image1.FirmwareMirror was changed to 1.
 9912602	[INFO]	XnProperty.cpp	151	Property Image1.Mirror was changed to 1.
 9912616	[INFO]	XnProperty.cpp	101	Image1.Mirror was successfully set.
11858192	[INFO]	XnOpenNI.cpp	1459	Destroying node 'User1'
11865390	[INFO]	XnOpenNI.cpp	1459	Destroying node 'Depth1'
11865513	[INFO]	XnDeviceBase.cpp	1507	Destroying stream 'Depth1'...
11866880	[INFO]	XnOpenNI.cpp	1459	Destroying node 'Image1'
11866934	[INFO]	XnDeviceBase.cpp	1507	Destroying stream 'Image1'...
11867713	[INFO]	XnOpenNI.cpp	1459	Destroying node 'Device1'
