    7712	[INFO]	XnLog.cpp	165	OpenNI version is 1.0.0 (Build 25)-MacOSX (Jan  7 2011 14:20:18)
    7771	[INFO]	XnLog.cpp	173	Log system initialized. Console: 1, File: 1, Severity: INFO, Masks: ALL
    7804	[INFO]	XnLog.cpp	173	Log system initialized. Console: 1, File: 1, Severity: INFO, Masks: ALL
    9301	[INFO]	XnUSBLinux-x86.cpp	98	USB is initialized.
 1984898	[INFO]	XnOpenNI.cpp	1261	Creating node 'Device1' of type Device...
 1986272	[INFO]	XnDeviceModule.cpp	431	Module 'Device' configuration was loaded from file.
 2256817	[INFO]	XnDeviceSensorIO.cpp	135	Connected to USB device
 2256874	[INFO]	XnProperty.cpp	151	Property Device.USBPath was changed to 045e/02ae@250/10.
 2264616	[INFO]	XnHostProtocol.cpp	825	Hardware versions: FW=5.1.4 (7) HW=4 Chip=2 Sensor=4 SYS=7
 3785475	[INFO]	XnProperty.cpp	151	Property Device.ID was changed to 0.
 3785570	[INFO]	XnSensor.cpp	182	Device sensor initialized
 3785705	[INFO]	XnOpenNI.cpp	1261	Creating node 'Depth1' of type Depth...
 3785782	[INFO]	XnDeviceBase.cpp	1383	Creating stream 'Depth1' of type 'Depth'...
 3785817	[INFO]	XnProperty.cpp	74	Setting Device.ReadData to 1...
 3785862	[INFO]	XnDeviceSensorIO.cpp	298	Endpoints open
 3798371	[INFO]	XnProperty.cpp	151	Property Device.ReadData was changed to 1.
 3798416	[INFO]	XnProperty.cpp	101	Device.ReadData was successfully set.
 3799041	[INFO]	XnProperty.cpp	151	Property Depth1.Resolution was changed to 0.
 3799086	[INFO]	XnProperty.cpp	151	Property Depth1.XRes was changed to 320.
 3799121	[INFO]	XnProperty.cpp	151	Property Depth1.YRes was changed to 240.
 3799154	[INFO]	XnProperty.cpp	151	Property Depth1.FPS was changed to 30.
 3799184	[INFO]	XnProperty.cpp	151	Property Depth1.OutputFormat was changed to 1.
 3799219	[INFO]	XnProperty.cpp	151	Property Depth1.BytesPerPixel was changed to 2.
 3799252	[INFO]	XnProperty.cpp	151	Property Depth1.RequiredDataSize was changed to 153600.
 3799292	[INFO]	XnProperty.cpp	151	Property Depth1.ParamCoeff was changed to 4.
 3799419	[INFO]	XnProperty.cpp	151	Property Depth1.ShiftScale was changed to 10.
 3811737	[INFO]	XnProperty.cpp	151	Property Depth1.ConstShift was changed to 200.
 3811842	[INFO]	XnProperty.cpp	151	Property Depth1.ZPD was changed to 120.
 3811947	[INFO]	XnProperty.cpp	151	Property Depth1.ZPPS was changed to 0.104200.
 3811972	[INFO]	XnProperty.cpp	151	Property Depth1.LDDIS was changed to 7.500000.
 3812095	[INFO]	XnProperty.cpp	151	Property Depth1.Gain was changed to 30.
 3812141	[INFO]	XnDeviceBase.cpp	1458	Stream 'Depth1' was initialized.
 3812164	[INFO]	XnDeviceBase.cpp	1463	'Depth1' stream was created.
 3812372	[INFO]	XnProperty.cpp	74	Setting Depth1.InputFormat to 3...
 3812403	[INFO]	XnProperty.cpp	151	Property Depth1.InputFormat was changed to 3.
 3812424	[INFO]	XnProperty.cpp	101	Depth1.InputFormat was successfully set.
 3813001	[INFO]	XnProperty.cpp	74	Setting Depth1.RegistrationType to 2...
 3813026	[INFO]	XnProperty.cpp	151	Property Depth1.RegistrationType was changed to 2.
 3813044	[INFO]	XnProperty.cpp	101	Depth1.RegistrationType was successfully set.
 3813640	[INFO]	XnDeviceModule.cpp	431	Module 'Depth1' configuration was loaded from file.
 3813864	[INFO]	XnProperty.cpp	74	Setting Depth1.FPS to 30...
 3813886	[INFO]	XnProperty.cpp	86	Depth1.FPS value did not change.
 3813904	[INFO]	XnProperty.cpp	74	Setting Depth1.YRes to 480...
 3813928	[INFO]	XnProperty.cpp	151	Property Depth1.Resolution was changed to 1.
 3813949	[INFO]	XnProperty.cpp	151	Property Depth1.XRes was changed to 640.
 3813969	[INFO]	XnProperty.cpp	151	Property Depth1.RequiredDataSize was changed to 307200.
 3813991	[INFO]	XnProperty.cpp	151	Property Depth1.YRes was changed to 480.
 3814009	[INFO]	XnProperty.cpp	151	Property Depth1.RequiredDataSize was changed to 614400.
 3814030	[INFO]	XnProperty.cpp	101	Depth1.YRes was successfully set.
 3814049	[INFO]	XnProperty.cpp	74	Setting Depth1.XRes to 640...
 3814063	[INFO]	XnProperty.cpp	86	Depth1.XRes value did not change.
 3814121	[INFO]	XnProperty.cpp	74	Setting Depth1.Mirror to 1...
 3814143	[INFO]	XnProperty.cpp	151	Property Depth1.FirmwareMirror was changed to 1.
 3814198	[INFO]	XnProperty.cpp	151	Property Depth1.Mirror was changed to 1.
 3814215	[INFO]	XnProperty.cpp	101	Depth1.Mirror was successfully set.
 4914397	[INFO]	XnOpenNI.cpp	1261	Creating node 'User1' of type User...
 4940207	[WARNING]	Linux-x86Threads.cpp	173	Failed to set thread priority: Invalid argument
 4940256	[WARNING]	XnUSBLinux-x86.cpp	126	USB events thread: Failed to set thread priority to critical. This might cause loss of data...
 4941103	[INFO]	XnUSBLinux-x86.cpp	1222	USB read thread was started.
 4941136	[INFO]	XnProperty.cpp	151	Property Depth1.ActualReadData was changed to 1.
 5411545	[INFO]	XnProperty.cpp	151	Property Depth1.State was changed to 1.
 5411586	[INFO]	XnDeviceBase.cpp	370	Stream Depth1 is open.
 6504577	[INFO]	XnOpenNI.cpp	1261	Creating node 'Image1' of type Image...
 6504628	[INFO]	XnDeviceBase.cpp	1383	Creating stream 'Image1' of type 'Image'...
 6504822	[INFO]	XnProperty.cpp	151	Property Image1.Resolution was changed to 0.
 6504845	[INFO]	XnProperty.cpp	151	Property Image1.XRes was changed to 320.
 6504866	[INFO]	XnProperty.cpp	151	Property Image1.YRes was changed to 240.
 6504887	[INFO]	XnProperty.cpp	151	Property Image1.FPS was changed to 30.
 6504908	[INFO]	XnProperty.cpp	151	Property Image1.OutputFormat was changed to 5.
 6504926	[INFO]	XnProperty.cpp	151	Property Image1.BytesPerPixel was changed to 3.
 6504945	[INFO]	XnProperty.cpp	151	Property Image1.RequiredDataSize was changed to 230400.
 6504988	[INFO]	XnDeviceBase.cpp	1458	Stream 'Image1' was initialized.
 6505007	[INFO]	XnDeviceBase.cpp	1463	'Image1' stream was created.
 6505130	[INFO]	XnProperty.cpp	74	Setting Image1.InputFormat to 6...
 6505153	[INFO]	XnProperty.cpp	151	Property Image1.InputFormat was changed to 6.
 6505166	[INFO]	XnProperty.cpp	101	Image1.InputFormat was successfully set.
 6505574	[INFO]	XnDeviceModule.cpp	431	Module 'Image1' configuration was loaded from file.
 6505656	[INFO]	XnProperty.cpp	74	Setting Image1.FPS to 30...
 6505672	[INFO]	XnProperty.cpp	86	Image1.FPS value did not change.
 6505683	[INFO]	XnProperty.cpp	74	Setting Image1.YRes to 480...
 6505696	[INFO]	XnProperty.cpp	151	Property Image1.Resolution was changed to 1.
 6505708	[INFO]	XnProperty.cpp	151	Property Image1.XRes was changed to 640.
 6505720	[INFO]	XnProperty.cpp	151	Property Image1.RequiredDataSize was changed to 460800.
 6505734	[INFO]	XnProperty.cpp	151	Property Image1.YRes was changed to 480.
 6505746	[INFO]	XnProperty.cpp	151	Property Image1.RequiredDataSize was changed to 921600.
 6505758	[INFO]	XnProperty.cpp	101	Image1.YRes was successfully set.
 6505771	[INFO]	XnProperty.cpp	74	Setting Image1.XRes to 640...
 6505781	[INFO]	XnProperty.cpp	86	Image1.XRes value did not change.
 6506711	[INFO]	XnUSBLinux-x86.cpp	1222	USB read thread was started.
 6506748	[INFO]	XnProperty.cpp	151	Property Image1.ActualReadData was changed to 1.
 6676951	[WARNING]	XnDepthProcessor.cpp	133	Read: Depth buffer is corrupt. Size is 581376 (!= 614400)
 6676995	[WARNING]	XnFrameStreamProcessor.cpp	132	Depth frame is corrupt!
 6708988	[WARNING]	XnDepthProcessor.cpp	133	Read: Depth buffer is corrupt. Size is 589712 (!= 614400)
 6709035	[WARNING]	XnFrameStreamProcessor.cpp	132	Depth frame is corrupt!
 9707507	[INFO]	XnProperty.cpp	151	Property Image1.State was changed to 1.
 9707549	[INFO]	XnDeviceBase.cpp	370	Stream Image1 is open.
 9707719	[INFO]	XnProperty.cpp	74	Setting Depth1.Registration to 1...
 9744957	[WARNING]	XnDepthProcessor.cpp	133	Read: Depth buffer is corrupt. Size is 594768 (!= 614400)
 9745005	[WARNING]	XnFrameStreamProcessor.cpp	132	Depth frame is corrupt!
 9859493	[INFO]	XnProperty.cpp	151	Property Depth1.Registration was changed to 1.
 9859535	[INFO]	XnProperty.cpp	101	Depth1.Registration was successfully set.
 9859581	[INFO]	XnProperty.cpp	74	Setting Image1.Mirror to 1...
 9871881	[INFO]	XnProperty.cpp	151	Property Image1.FirmwareMirror was changed to 1.
 9871925	[INFO]	XnProperty.cpp	151	Property Image1.Mirror was changed to 1.
 9871937	[INFO]	XnProperty.cpp	101	Image1.Mirror was successfully set.
21760237	[INFO]	XnOpenNI.cpp	1459	Destroying node 'User1'
21769682	[INFO]	XnOpenNI.cpp	1459	Destroying node 'Depth1'
21769777	[INFO]	XnDeviceBase.cpp	1507	Destroying stream 'Depth1'...
21771071	[INFO]	XnOpenNI.cpp	1459	Destroying node 'Image1'
21771122	[INFO]	XnDeviceBase.cpp	1507	Destroying stream 'Image1'...
21772054	[INFO]	XnOpenNI.cpp	1459	Destroying node 'Device1'
