    1307	[INFO]	XnLog.cpp	165	OpenNI version is 1.0.0 (Build 25)-MacOSX (Jan  7 2011 14:20:18)
    1349	[INFO]	XnLog.cpp	173	Log system initialized. Console: 1, File: 1, Severity: INFO, Masks: ALL
    1374	[INFO]	XnLog.cpp	173	Log system initialized. Console: 1, File: 1, Severity: INFO, Masks: ALL
    2355	[INFO]	XnUSBLinux-x86.cpp	98	USB is initialized.
 1996129	[INFO]	XnOpenNI.cpp	1261	Creating node 'Device1' of type Device...
 1997534	[INFO]	XnDeviceModule.cpp	431	Module 'Device' configuration was loaded from file.
 2269590	[INFO]	XnDeviceSensorIO.cpp	135	Connected to USB device
 2269623	[INFO]	XnProperty.cpp	151	Property Device.USBPath was changed to 045e/02ae@250/10.
 2276638	[INFO]	XnHostProtocol.cpp	825	Hardware versions: FW=5.1.4 (7) HW=4 Chip=2 Sensor=4 SYS=7
 3793318	[INFO]	XnProperty.cpp	151	Property Device.ID was changed to 0.
 3793384	[INFO]	XnSensor.cpp	182	Device sensor initialized
 3793557	[INFO]	XnOpenNI.cpp	1261	Creating node 'Depth1' of type Depth...
 3793611	[INFO]	XnDeviceBase.cpp	1383	Creating stream 'Depth1' of type 'Depth'...
 3793631	[INFO]	XnProperty.cpp	74	Setting Device.ReadData to 1...
 3793674	[INFO]	XnDeviceSensorIO.cpp	298	Endpoints open
 3806220	[INFO]	XnProperty.cpp	151	Property Device.ReadData was changed to 1.
 3806250	[INFO]	XnProperty.cpp	101	Device.ReadData was successfully set.
 3806839	[INFO]	XnProperty.cpp	151	Property Depth1.Resolution was changed to 0.
 3806862	[INFO]	XnProperty.cpp	151	Property Depth1.XRes was changed to 320.
 3806877	[INFO]	XnProperty.cpp	151	Property Depth1.YRes was changed to 240.
 3806891	[INFO]	XnProperty.cpp	151	Property Depth1.FPS was changed to 30.
 3806904	[INFO]	XnProperty.cpp	151	Property Depth1.OutputFormat was changed to 1.
 3806917	[INFO]	XnProperty.cpp	151	Property Depth1.BytesPerPixel was changed to 2.
 3806930	[INFO]	XnProperty.cpp	151	Property Depth1.RequiredDataSize was changed to 153600.
 3806950	[INFO]	XnProperty.cpp	151	Property Depth1.ParamCoeff was changed to 4.
 3807056	[INFO]	XnProperty.cpp	151	Property Depth1.ShiftScale was changed to 10.
 3819779	[INFO]	XnProperty.cpp	151	Property Depth1.ConstShift was changed to 200.
 3819887	[INFO]	XnProperty.cpp	151	Property Depth1.ZPD was changed to 120.
 3820072	[INFO]	XnProperty.cpp	151	Property Depth1.ZPPS was changed to 0.104200.
 3820088	[INFO]	XnProperty.cpp	151	Property Depth1.LDDIS was changed to 7.500000.
 3820241	[INFO]	XnProperty.cpp	151	Property Depth1.Gain was changed to 30.
 3820271	[INFO]	XnDeviceBase.cpp	1458	Stream 'Depth1' was initialized.
 3820286	[INFO]	XnDeviceBase.cpp	1463	'Depth1' stream was created.
 3820538	[INFO]	XnProperty.cpp	74	Setting Depth1.InputFormat to 3...
 3820564	[INFO]	XnProperty.cpp	151	Property Depth1.InputFormat was changed to 3.
 3820578	[INFO]	XnProperty.cpp	101	Depth1.InputFormat was successfully set.
 3821447	[INFO]	XnProperty.cpp	74	Setting Depth1.RegistrationType to 2...
 3821464	[INFO]	XnProperty.cpp	151	Property Depth1.RegistrationType was changed to 2.
 3821477	[INFO]	XnProperty.cpp	101	Depth1.RegistrationType was successfully set.
 3822313	[INFO]	XnDeviceModule.cpp	431	Module 'Depth1' configuration was loaded from file.
 3822521	[INFO]	XnProperty.cpp	74	Setting Depth1.FPS to 30...
 3822537	[INFO]	XnProperty.cpp	86	Depth1.FPS value did not change.
 3822556	[INFO]	XnProperty.cpp	74	Setting Depth1.YRes to 480...
 3822571	[INFO]	XnProperty.cpp	151	Property Depth1.Resolution was changed to 1.
 3822582	[INFO]	XnProperty.cpp	151	Property Depth1.XRes was changed to 640.
 3822592	[INFO]	XnProperty.cpp	151	Property Depth1.RequiredDataSize was changed to 307200.
 3822604	[INFO]	XnProperty.cpp	151	Property Depth1.YRes was changed to 480.
 3822614	[INFO]	XnProperty.cpp	151	Property Depth1.RequiredDataSize was changed to 614400.
 3822626	[INFO]	XnProperty.cpp	101	Depth1.YRes was successfully set.
 3822636	[INFO]	XnProperty.cpp	74	Setting Depth1.XRes to 640...
 3822645	[INFO]	XnProperty.cpp	86	Depth1.XRes value did not change.
 3822699	[INFO]	XnProperty.cpp	74	Setting Depth1.Mirror to 1...
 3822711	[INFO]	XnProperty.cpp	151	Property Depth1.FirmwareMirror was changed to 1.
 3822757	[INFO]	XnProperty.cpp	151	Property Depth1.Mirror was changed to 1.
 3822768	[INFO]	XnProperty.cpp	101	Depth1.Mirror was successfully set.
 4932069	[INFO]	XnOpenNI.cpp	1261	Creating node 'User1' of type User...
 4961290	[WARNING]	Linux-x86Threads.cpp	173	Failed to set thread priority: Invalid argument
 4961323	[WARNING]	XnUSBLinux-x86.cpp	126	USB events thread: Failed to set thread priority to critical. This might cause loss of data...
 4962238	[INFO]	XnUSBLinux-x86.cpp	1222	USB read thread was started.
 4962257	[INFO]	XnProperty.cpp	151	Property Depth1.ActualReadData was changed to 1.
 5432416	[INFO]	XnProperty.cpp	151	Property Depth1.State was changed to 1.
 5432444	[INFO]	XnDeviceBase.cpp	370	Stream Depth1 is open.
 6561208	[INFO]	XnOpenNI.cpp	1261	Creating node 'Image1' of type Image...
 6561244	[INFO]	XnDeviceBase.cpp	1383	Creating stream 'Image1' of type 'Image'...
 6561422	[INFO]	XnProperty.cpp	151	Property Image1.Resolution was changed to 0.
 6561435	[INFO]	XnProperty.cpp	151	Property Image1.XRes was changed to 320.
 6561442	[INFO]	XnProperty.cpp	151	Property Image1.YRes was changed to 240.
 6561449	[INFO]	XnProperty.cpp	151	Property Image1.FPS was changed to 30.
 6561455	[INFO]	XnProperty.cpp	151	Property Image1.OutputFormat was changed to 5.
 6561462	[INFO]	XnProperty.cpp	151	Property Image1.BytesPerPixel was changed to 3.
 6561468	[INFO]	XnProperty.cpp	151	Property Image1.RequiredDataSize was changed to 230400.
 6561490	[INFO]	XnDeviceBase.cpp	1458	Stream 'Image1' was initialized.
 6561498	[INFO]	XnDeviceBase.cpp	1463	'Image1' stream was created.
 6561599	[INFO]	XnProperty.cpp	74	Setting Image1.InputFormat to 6...
 6561614	[INFO]	XnProperty.cpp	151	Property Image1.InputFormat was changed to 6.
 6561621	[INFO]	XnProperty.cpp	101	Image1.InputFormat was successfully set.
 6562020	[INFO]	XnDeviceModule.cpp	431	Module 'Image1' configuration was loaded from file.
 6562093	[INFO]	XnProperty.cpp	74	Setting Image1.FPS to 30...
 6562101	[INFO]	XnProperty.cpp	86	Image1.FPS value did not change.
 6562108	[INFO]	XnProperty.cpp	74	Setting Image1.YRes to 480...
 6562115	[INFO]	XnProperty.cpp	151	Property Image1.Resolution was changed to 1.
 6562121	[INFO]	XnProperty.cpp	151	Property Image1.XRes was changed to 640.
 6562127	[INFO]	XnProperty.cpp	151	Property Image1.RequiredDataSize was changed to 460800.
 6562134	[INFO]	XnProperty.cpp	151	Property Image1.YRes was changed to 480.
 6562140	[INFO]	XnProperty.cpp	151	Property Image1.RequiredDataSize was changed to 921600.
 6562147	[INFO]	XnProperty.cpp	101	Image1.YRes was successfully set.
 6562153	[INFO]	XnProperty.cpp	74	Setting Image1.XRes to 640...
 6562159	[INFO]	XnProperty.cpp	86	Image1.XRes value did not change.
 6563044	[INFO]	XnUSBLinux-x86.cpp	1222	USB read thread was started.
 6563059	[INFO]	XnProperty.cpp	151	Property Image1.ActualReadData was changed to 1.
 6729700	[WARNING]	XnDepthProcessor.cpp	133	Read: Depth buffer is corrupt. Size is 592192 (!= 614400)
 6729731	[WARNING]	XnFrameStreamProcessor.cpp	132	Depth frame is corrupt!
 6765671	[WARNING]	XnDepthProcessor.cpp	133	Read: Depth buffer is corrupt. Size is 572192 (!= 614400)
 6765683	[WARNING]	XnFrameStreamProcessor.cpp	132	Depth frame is corrupt!
 9763676	[INFO]	XnProperty.cpp	151	Property Image1.State was changed to 1.
 9763706	[INFO]	XnDeviceBase.cpp	370	Stream Image1 is open.
 9763850	[INFO]	XnProperty.cpp	74	Setting Depth1.Registration to 1...
 9915548	[INFO]	XnProperty.cpp	151	Property Depth1.Registration was changed to 1.
 9915578	[INFO]	XnProperty.cpp	101	Depth1.Registration was successfully set.
 9915617	[INFO]	XnProperty.cpp	74	Setting Image1.Mirror to 1...
 9928438	[INFO]	XnProperty.cpp	151	Property Image1.FirmwareMirror was changed to 1.
 9928455	[INFO]	XnProperty.cpp	151	Property Image1.Mirror was changed to 1.
 9928466	[INFO]	XnProperty.cpp	101	Image1.Mirror was successfully set.
10898665	[INFO]	XnOpenNI.cpp	1459	Destroying node 'User1'
10906335	[INFO]	XnOpenNI.cpp	1459	Destroying node 'Depth1'
10906407	[INFO]	XnDeviceBase.cpp	1507	Destroying stream 'Depth1'...
10907751	[INFO]	XnOpenNI.cpp	1459	Destroying node 'Image1'
10907810	[INFO]	XnDeviceBase.cpp	1507	Destroying stream 'Image1'...
10908572	[INFO]	XnOpenNI.cpp	1459	Destroying node 'Device1'
