    2011	[INFO]	XnLog.cpp	165	OpenNI version is 1.0.0 (Build 25)-MacOSX (Jan  7 2011 14:20:18)
    2070	[INFO]	XnLog.cpp	173	Log system initialized. Console: 1, File: 1, Severity: INFO, Masks: ALL
    2106	[INFO]	XnLog.cpp	173	Log system initialized. Console: 1, File: 1, Severity: INFO, Masks: ALL
    3717	[INFO]	XnUSBLinux-x86.cpp	98	USB is initialized.
 1983372	[INFO]	XnOpenNI.cpp	1261	Creating node 'Device1' of type Device...
 1984686	[INFO]	XnDeviceModule.cpp	431	Module 'Device' configuration was loaded from file.
 2254777	[INFO]	XnDeviceSensorIO.cpp	135	Connected to USB device
 2254833	[INFO]	XnProperty.cpp	151	Property Device.USBPath was changed to 045e/02ae@250/10.
 2262343	[INFO]	XnHostProtocol.cpp	825	Hardware versions: FW=5.1.4 (7) HW=4 Chip=2 Sensor=4 SYS=7
 3785502	[INFO]	XnProperty.cpp	151	Property Device.ID was changed to 0.
 3785589	[INFO]	XnSensor.cpp	182	Device sensor initialized
 3785729	[INFO]	XnOpenNI.cpp	1261	Creating node 'Depth1' of type Depth...
 3785796	[INFO]	XnDeviceBase.cpp	1383	Creating stream 'Depth1' of type 'Depth'...
 3785828	[INFO]	XnProperty.cpp	74	Setting Device.ReadData to 1...
 3785884	[INFO]	XnDeviceSensorIO.cpp	298	Endpoints open
 3798184	[INFO]	XnProperty.cpp	151	Property Device.ReadData was changed to 1.
 3798234	[INFO]	XnProperty.cpp	101	Device.ReadData was successfully set.
 3798686	[INFO]	XnProperty.cpp	151	Property Depth1.Resolution was changed to 0.
 3798716	[INFO]	XnProperty.cpp	151	Property Depth1.XRes was changed to 320.
 3798737	[INFO]	XnProperty.cpp	151	Property Depth1.YRes was changed to 240.
 3798756	[INFO]	XnProperty.cpp	151	Property Depth1.FPS was changed to 30.
 3798776	[INFO]	XnProperty.cpp	151	Property Depth1.OutputFormat was changed to 1.
 3798796	[INFO]	XnProperty.cpp	151	Property Depth1.BytesPerPixel was changed to 2.
 3798816	[INFO]	XnProperty.cpp	151	Property Depth1.RequiredDataSize was changed to 153600.
 3798840	[INFO]	XnProperty.cpp	151	Property Depth1.ParamCoeff was changed to 4.
 3798924	[INFO]	XnProperty.cpp	151	Property Depth1.ShiftScale was changed to 10.
 3811574	[INFO]	XnProperty.cpp	151	Property Depth1.ConstShift was changed to 200.
 3811667	[INFO]	XnProperty.cpp	151	Property Depth1.ZPD was changed to 120.
 3811763	[INFO]	XnProperty.cpp	151	Property Depth1.ZPPS was changed to 0.104200.
 3811777	[INFO]	XnProperty.cpp	151	Property Depth1.LDDIS was changed to 7.500000.
 3811871	[INFO]	XnProperty.cpp	151	Property Depth1.Gain was changed to 30.
 3811905	[INFO]	XnDeviceBase.cpp	1458	Stream 'Depth1' was initialized.
 3811919	[INFO]	XnDeviceBase.cpp	1463	'Depth1' stream was created.
 3812069	[INFO]	XnProperty.cpp	74	Setting Depth1.InputFormat to 3...
 3812089	[INFO]	XnProperty.cpp	151	Property Depth1.InputFormat was changed to 3.
 3812101	[INFO]	XnProperty.cpp	101	Depth1.InputFormat was successfully set.
 3812531	[INFO]	XnProperty.cpp	74	Setting Depth1.RegistrationType to 2...
 3812546	[INFO]	XnProperty.cpp	151	Property Depth1.RegistrationType was changed to 2.
 3812557	[INFO]	XnProperty.cpp	101	Depth1.RegistrationType was successfully set.
 3813012	[INFO]	XnDeviceModule.cpp	431	Module 'Depth1' configuration was loaded from file.
 3813183	[INFO]	XnProperty.cpp	74	Setting Depth1.FPS to 30...
 3813204	[INFO]	XnProperty.cpp	101	Depth1.FPS was successfully set.
 3813216	[INFO]	XnProperty.cpp	74	Setting Depth1.YRes to 480...
 3813230	[INFO]	XnProperty.cpp	151	Property Depth1.Resolution was changed to 1.
 3813244	[INFO]	XnProperty.cpp	151	Property Depth1.XRes was changed to 640.
 3813256	[INFO]	XnProperty.cpp	151	Property Depth1.RequiredDataSize was changed to 307200.
 3813271	[INFO]	XnProperty.cpp	151	Property Depth1.YRes was changed to 480.
 3813283	[INFO]	XnProperty.cpp	151	Property Depth1.RequiredDataSize was changed to 614400.
 3813295	[INFO]	XnProperty.cpp	101	Depth1.YRes was successfully set.
 3813308	[INFO]	XnProperty.cpp	74	Setting Depth1.XRes to 640...
 3813319	[INFO]	XnProperty.cpp	101	Depth1.XRes was successfully set.
 3813362	[INFO]	XnProperty.cpp	74	Setting Depth1.Mirror to 1...
 3813376	[INFO]	XnProperty.cpp	151	Property Depth1.FirmwareMirror was changed to 1.
 3813422	[INFO]	XnProperty.cpp	151	Property Depth1.Mirror was changed to 1.
 3813434	[INFO]	XnProperty.cpp	101	Depth1.Mirror was successfully set.
 4913035	[INFO]	XnOpenNI.cpp	1261	Creating node 'User1' of type User...
 4941247	[WARNING]	Linux-x86Threads.cpp	173	Failed to set thread priority: Invalid argument
 4941295	[WARNING]	XnUSBLinux-x86.cpp	126	USB events thread: Failed to set thread priority to critical. This might cause loss of data...
 4942067	[INFO]	XnUSBLinux-x86.cpp	1222	USB read thread was started.
 4942098	[INFO]	XnProperty.cpp	151	Property Depth1.ActualReadData was changed to 1.
 5412412	[INFO]	XnProperty.cpp	151	Property Depth1.State was changed to 1.
 5412452	[INFO]	XnDeviceBase.cpp	370	Stream Depth1 is open.
 6503556	[INFO]	XnOpenNI.cpp	1261	Creating node 'Image1' of type Image...
 6503606	[INFO]	XnDeviceBase.cpp	1383	Creating stream 'Image1' of type 'Image'...
 6503772	[INFO]	XnProperty.cpp	151	Property Image1.Resolution was changed to 0.
 6503791	[INFO]	XnProperty.cpp	151	Property Image1.XRes was changed to 320.
 6503803	[INFO]	XnProperty.cpp	151	Property Image1.YRes was changed to 240.
 6503816	[INFO]	XnProperty.cpp	151	Property Image1.FPS was changed to 30.
 6503827	[INFO]	XnProperty.cpp	151	Property Image1.OutputFormat was changed to 5.
 6503838	[INFO]	XnProperty.cpp	151	Property Image1.BytesPerPixel was changed to 3.
 6503850	[INFO]	XnProperty.cpp	151	Property Image1.RequiredDataSize was changed to 230400.
 6503882	[INFO]	XnDeviceBase.cpp	1458	Stream 'Image1' was initialized.
 6503896	[INFO]	XnDeviceBase.cpp	1463	'Image1' stream was created.
 6504003	[INFO]	XnProperty.cpp	74	Setting Image1.InputFormat to 6...
 6504023	[INFO]	XnProperty.cpp	151	Property Image1.InputFormat was changed to 6.
 6504036	[INFO]	XnProperty.cpp	101	Image1.InputFormat was successfully set.
 6504444	[INFO]	XnDeviceModule.cpp	431	Module 'Image1' configuration was loaded from file.
 6504522	[INFO]	XnProperty.cpp	74	Setting Image1.FPS to 30...
 6504538	[INFO]	XnProperty.cpp	101	Image1.FPS was successfully set.
 6504550	[INFO]	XnProperty.cpp	74	Setting Image1.YRes to 480...
 6504562	[INFO]	XnProperty.cpp	151	Property Image1.Resolution was changed to 1.
 6504574	[INFO]	XnProperty.cpp	151	Property Image1.XRes was changed to 640.
 6504585	[INFO]	XnProperty.cpp	151	Property Image1.RequiredDataSize was changed to 460800.
 6504598	[INFO]	XnProperty.cpp	151	Property Image1.YRes was changed to 480.
 6504610	[INFO]	XnProperty.cpp	151	Property Image1.RequiredDataSize was changed to 921600.
 6504622	[INFO]	XnProperty.cpp	101	Image1.YRes was successfully set.
 6504634	[INFO]	XnProperty.cpp	74	Setting Image1.XRes to 640...
 6504646	[INFO]	XnProperty.cpp	101	Image1.XRes was successfully set.
 6505529	[INFO]	XnUSBLinux-x86.cpp	1222	USB read thread was started.
 6505565	[INFO]	XnProperty.cpp	151	Property Image1.ActualReadData was changed to 1.
 6677798	[WARNING]	XnDepthProcessor.cpp	133	Read: Depth buffer is corrupt. Size is 584352 (!= 614400)
 6677846	[WARNING]	XnFrameStreamProcessor.cpp	132	Depth frame is corrupt!
 6709828	[WARNING]	XnDepthProcessor.cpp	133	Read: Depth buffer is corrupt. Size is 598048 (!= 614400)
 6709871	[WARNING]	XnFrameStreamProcessor.cpp	132	Depth frame is corrupt!
 9613729	[WARNING]	XnDepthProcessor.cpp	133	Read: Depth buffer is corrupt. Size is 592320 (!= 614400)
 9613775	[WARNING]	XnFrameStreamProcessor.cpp	132	Depth frame is corrupt!
 9706674	[INFO]	XnProperty.cpp	151	Property Image1.State was changed to 1.
 9706715	[INFO]	XnDeviceBase.cpp	370	Stream Image1 is open.
 9706870	[INFO]	XnProperty.cpp	74	Setting Depth1.Registration to 1...
 9713732	[WARNING]	XnDepthProcessor.cpp	133	Read: Depth buffer is corrupt. Size is 610608 (!= 614400)
 9713775	[WARNING]	XnFrameStreamProcessor.cpp	132	Depth frame is corrupt!
 9745757	[WARNING]	XnDepthProcessor.cpp	133	Read: Depth buffer is corrupt. Size is 587392 (!= 614400)
 9745800	[WARNING]	XnFrameStreamProcessor.cpp	132	Depth frame is corrupt!
 9858668	[INFO]	XnProperty.cpp	151	Property Depth1.Registration was changed to 1.
 9858711	[INFO]	XnProperty.cpp	101	Depth1.Registration was successfully set.
 9858792	[INFO]	XnProperty.cpp	74	Setting Image1.Mirror to 1...
 9871307	[INFO]	XnProperty.cpp	151	Property Image1.FirmwareMirror was changed to 1.
 9871348	[INFO]	XnProperty.cpp	151	Property Image1.Mirror was changed to 1.
 9871360	[INFO]	XnProperty.cpp	101	Image1.Mirror was successfully set.
39184210	[INFO]	XnOpenNI.cpp	1459	Destroying node 'User1'
39192317	[INFO]	XnOpenNI.cpp	1459	Destroying node 'Depth1'
39192411	[INFO]	XnDeviceBase.cpp	1507	Destroying stream 'Depth1'...
39194014	[INFO]	XnOpenNI.cpp	1459	Destroying node 'Image1'
39194080	[INFO]	XnDeviceBase.cpp	1507	Destroying stream 'Image1'...
39195210	[INFO]	XnOpenNI.cpp	1459	Destroying node 'Device1'
