    1750	[INFO]	XnLog.cpp	165	OpenNI version is 1.0.0 (Build 25)-MacOSX (Jan  7 2011 14:20:18)
    1808	[INFO]	XnLog.cpp	173	Log system initialized. Console: 1, File: 1, Severity: INFO, Masks: ALL
    1840	[INFO]	XnLog.cpp	173	Log system initialized. Console: 1, File: 1, Severity: INFO, Masks: ALL
    3329	[INFO]	XnUSBLinux-x86.cpp	98	USB is initialized.
 1971842	[INFO]	XnOpenNI.cpp	1261	Creating node 'Device1' of type Device...
 1973261	[INFO]	XnDeviceModule.cpp	431	Module 'Device' configuration was loaded from file.
 2239397	[INFO]	XnDeviceSensorIO.cpp	135	Connected to USB device
 2239447	[INFO]	XnProperty.cpp	151	Property Device.USBPath was changed to 045e/02ae@250/10.
 2247546	[INFO]	XnHostProtocol.cpp	825	Hardware versions: FW=5.1.4 (7) HW=4 Chip=2 Sensor=4 SYS=7
 3766872	[INFO]	XnProperty.cpp	151	Property Device.ID was changed to 0.
 3766951	[INFO]	XnSensor.cpp	182	Device sensor initialized
 3767061	[INFO]	XnOpenNI.cpp	1261	Creating node 'Depth1' of type Depth...
 3767114	[INFO]	XnDeviceBase.cpp	1383	Creating stream 'Depth1' of type 'Depth'...
 3767145	[INFO]	XnProperty.cpp	74	Setting Device.ReadData to 1...
 3767190	[INFO]	XnDeviceSensorIO.cpp	298	Endpoints open
 3779666	[INFO]	XnProperty.cpp	151	Property Device.ReadData was changed to 1.
 3779707	[INFO]	XnProperty.cpp	101	Device.ReadData was successfully set.
 3780251	[INFO]	XnProperty.cpp	151	Property Depth1.Resolution was changed to 0.
 3780293	[INFO]	XnProperty.cpp	151	Property Depth1.XRes was changed to 320.
 3780325	[INFO]	XnProperty.cpp	151	Property Depth1.YRes was changed to 240.
 3780351	[INFO]	XnProperty.cpp	151	Property Depth1.FPS was changed to 30.
 3780378	[INFO]	XnProperty.cpp	151	Property Depth1.OutputFormat was changed to 1.
 3780407	[INFO]	XnProperty.cpp	151	Property Depth1.BytesPerPixel was changed to 2.
 3780436	[INFO]	XnProperty.cpp	151	Property Depth1.RequiredDataSize was changed to 153600.
 3780471	[INFO]	XnProperty.cpp	151	Property Depth1.ParamCoeff was changed to 4.
 3780573	[INFO]	XnProperty.cpp	151	Property Depth1.ShiftScale was changed to 10.
 3793118	[INFO]	XnProperty.cpp	151	Property Depth1.ConstShift was changed to 200.
 3793222	[INFO]	XnProperty.cpp	151	Property Depth1.ZPD was changed to 120.
 3793332	[INFO]	XnProperty.cpp	151	Property Depth1.ZPPS was changed to 0.104200.
 3793348	[INFO]	XnProperty.cpp	151	Property Depth1.LDDIS was changed to 7.500000.
 3793447	[INFO]	XnProperty.cpp	151	Property Depth1.Gain was changed to 30.
 3793479	[INFO]	XnDeviceBase.cpp	1458	Stream 'Depth1' was initialized.
 3793495	[INFO]	XnDeviceBase.cpp	1463	'Depth1' stream was created.
 3793667	[INFO]	XnProperty.cpp	74	Setting Depth1.InputFormat to 3...
 3793690	[INFO]	XnProperty.cpp	151	Property Depth1.InputFormat was changed to 3.
 3793704	[INFO]	XnProperty.cpp	101	Depth1.InputFormat was successfully set.
 3794193	[INFO]	XnProperty.cpp	74	Setting Depth1.RegistrationType to 2...
 3794214	[INFO]	XnProperty.cpp	151	Property Depth1.RegistrationType was changed to 2.
 3794233	[INFO]	XnProperty.cpp	101	Depth1.RegistrationType was successfully set.
 3794773	[INFO]	XnDeviceModule.cpp	431	Module 'Depth1' configuration was loaded from file.
 3794958	[INFO]	XnProperty.cpp	74	Setting Depth1.FPS to 30...
 3794975	[INFO]	XnProperty.cpp	86	Depth1.FPS value did not change.
 3794986	[INFO]	XnProperty.cpp	74	Setting Depth1.YRes to 480...
 3795001	[INFO]	XnProperty.cpp	151	Property Depth1.Resolution was changed to 1.
 3795013	[INFO]	XnProperty.cpp	151	Property Depth1.XRes was changed to 640.
 3795024	[INFO]	XnProperty.cpp	151	Property Depth1.RequiredDataSize was changed to 307200.
 3795039	[INFO]	XnProperty.cpp	151	Property Depth1.YRes was changed to 480.
 3795052	[INFO]	XnProperty.cpp	151	Property Depth1.RequiredDataSize was changed to 614400.
 3795065	[INFO]	XnProperty.cpp	101	Depth1.YRes was successfully set.
 3795077	[INFO]	XnProperty.cpp	74	Setting Depth1.XRes to 640...
 3795088	[INFO]	XnProperty.cpp	86	Depth1.XRes value did not change.
 3795133	[INFO]	XnProperty.cpp	74	Setting Depth1.Mirror to 1...
 3795147	[INFO]	XnProperty.cpp	151	Property Depth1.FirmwareMirror was changed to 1.
 3795192	[INFO]	XnProperty.cpp	151	Property Depth1.Mirror was changed to 1.
 3795204	[INFO]	XnProperty.cpp	101	Depth1.Mirror was successfully set.
 4925847	[INFO]	XnOpenNI.cpp	1261	Creating node 'User1' of type User...
 4950904	[WARNING]	Linux-x86Threads.cpp	173	Failed to set thread priority: Invalid argument
 4950950	[WARNING]	XnUSBLinux-x86.cpp	126	USB events thread: Failed to set thread priority to critical. This might cause loss of data...
 4951951	[INFO]	XnUSBLinux-x86.cpp	1222	USB read thread was started.
 4951990	[INFO]	XnProperty.cpp	151	Property Depth1.ActualReadData was changed to 1.
 5422314	[INFO]	XnProperty.cpp	151	Property Depth1.State was changed to 1.
 5422357	[INFO]	XnDeviceBase.cpp	370	Stream Depth1 is open.
 6515225	[INFO]	XnOpenNI.cpp	1261	Creating node 'Image1' of type Image...
 6515285	[INFO]	XnDeviceBase.cpp	1383	Creating stream 'Image1' of type 'Image'...
 6515535	[INFO]	XnProperty.cpp	151	Property Image1.Resolution was changed to 0.
 6515555	[INFO]	XnProperty.cpp	151	Property Image1.XRes was changed to 320.
 6515569	[INFO]	XnProperty.cpp	151	Property Image1.YRes was changed to 240.
 6515580	[INFO]	XnProperty.cpp	151	Property Image1.FPS was changed to 30.
 6515592	[INFO]	XnProperty.cpp	151	Property Image1.OutputFormat was changed to 5.
 6515604	[INFO]	XnProperty.cpp	151	Property Image1.BytesPerPixel was changed to 3.
 6515616	[INFO]	XnProperty.cpp	151	Property Image1.RequiredDataSize was changed to 230400.
 6515644	[INFO]	XnDeviceBase.cpp	1458	Stream 'Image1' was initialized.
 6515658	[INFO]	XnDeviceBase.cpp	1463	'Image1' stream was created.
 6515763	[INFO]	XnProperty.cpp	74	Setting Image1.InputFormat to 6...
 6515783	[INFO]	XnProperty.cpp	151	Property Image1.InputFormat was changed to 6.
 6515797	[INFO]	XnProperty.cpp	101	Image1.InputFormat was successfully set.
 6516201	[INFO]	XnDeviceModule.cpp	431	Module 'Image1' configuration was loaded from file.
 6516310	[INFO]	XnProperty.cpp	74	Setting Image1.FPS to 30...
 6516329	[INFO]	XnProperty.cpp	86	Image1.FPS value did not change.
 6516342	[INFO]	XnProperty.cpp	74	Setting Image1.YRes to 480...
 6516353	[INFO]	XnProperty.cpp	151	Property Image1.Resolution was changed to 1.
 6516366	[INFO]	XnProperty.cpp	151	Property Image1.XRes was changed to 640.
 6516378	[INFO]	XnProperty.cpp	151	Property Image1.RequiredDataSize was changed to 460800.
 6516392	[INFO]	XnProperty.cpp	151	Property Image1.YRes was changed to 480.
 6516404	[INFO]	XnProperty.cpp	151	Property Image1.RequiredDataSize was changed to 921600.
 6516416	[INFO]	XnProperty.cpp	101	Image1.YRes was successfully set.
 6516429	[INFO]	XnProperty.cpp	74	Setting Image1.XRes to 640...
 6516440	[INFO]	XnProperty.cpp	86	Image1.XRes value did not change.
 6517584	[INFO]	XnUSBLinux-x86.cpp	1222	USB read thread was started.
 6517633	[INFO]	XnProperty.cpp	151	Property Image1.ActualReadData was changed to 1.
 6587387	[WARNING]	XnDepthProcessor.cpp	133	Read: Depth buffer is corrupt. Size is 601200 (!= 614400)
 6587430	[WARNING]	XnFrameStreamProcessor.cpp	132	Depth frame is corrupt!
 6687368	[WARNING]	XnDepthProcessor.cpp	133	Read: Depth buffer is corrupt. Size is 579024 (!= 614400)
 6687414	[WARNING]	XnFrameStreamProcessor.cpp	132	Depth frame is corrupt!
 6719368	[WARNING]	XnDepthProcessor.cpp	133	Read: Depth buffer is corrupt. Size is 572432 (!= 614400)
 6719414	[WARNING]	XnFrameStreamProcessor.cpp	132	Depth frame is corrupt!
 9718050	[INFO]	XnProperty.cpp	151	Property Image1.State was changed to 1.
 9718093	[INFO]	XnDeviceBase.cpp	370	Stream Image1 is open.
 9718263	[INFO]	XnProperty.cpp	74	Setting Depth1.Registration to 1...
 9870399	[INFO]	XnProperty.cpp	151	Property Depth1.Registration was changed to 1.
 9870443	[INFO]	XnProperty.cpp	101	Depth1.Registration was successfully set.
 9870487	[INFO]	XnProperty.cpp	74	Setting Image1.Mirror to 1...
 9883373	[INFO]	XnProperty.cpp	151	Property Image1.FirmwareMirror was changed to 1.
 9883427	[INFO]	XnProperty.cpp	151	Property Image1.Mirror was changed to 1.
 9883447	[INFO]	XnProperty.cpp	101	Image1.Mirror was successfully set.
14956898	[INFO]	XnOpenNI.cpp	1459	Destroying node 'User1'
14964532	[INFO]	XnOpenNI.cpp	1459	Destroying node 'Depth1'
14964617	[INFO]	XnDeviceBase.cpp	1507	Destroying stream 'Depth1'...
14965796	[INFO]	XnOpenNI.cpp	1459	Destroying node 'Image1'
14965848	[INFO]	XnDeviceBase.cpp	1507	Destroying stream 'Image1'...
14966679	[INFO]	XnOpenNI.cpp	1459	Destroying node 'Device1'
