    1650	[INFO]	XnLog.cpp	165	OpenNI version is 1.0.0 (Build 25)-MacOSX (Jan  7 2011 14:20:18)
    1699	[INFO]	XnLog.cpp	173	Log system initialized. Console: 1, File: 1, Severity: INFO, Masks: ALL
    1732	[INFO]	XnLog.cpp	173	Log system initialized. Console: 1, File: 1, Severity: INFO, Masks: ALL
    3152	[INFO]	XnUSBLinux-x86.cpp	98	USB is initialized.
 1954002	[INFO]	XnOpenNI.cpp	1261	Creating node 'Device1' of type Device...
 1954792	[INFO]	XnDeviceModule.cpp	431	Module 'Device' configuration was loaded from file.
 2218147	[INFO]	XnDeviceSensorIO.cpp	135	Connected to USB device
 2218201	[INFO]	XnProperty.cpp	151	Property Device.USBPath was changed to 045e/02ae@250/10.
 2226031	[INFO]	XnHostProtocol.cpp	825	Hardware versions: FW=5.1.4 (7) HW=4 Chip=2 Sensor=4 SYS=7
 3738423	[INFO]	XnProperty.cpp	151	Property Device.ID was changed to 0.
 3738508	[INFO]	XnSensor.cpp	182	Device sensor initialized
 3738656	[INFO]	XnOpenNI.cpp	1261	Creating node 'Depth1' of type Depth...
 3738722	[INFO]	XnDeviceBase.cpp	1383	Creating stream 'Depth1' of type 'Depth'...
 3738755	[INFO]	XnProperty.cpp	74	Setting Device.ReadData to 1...
 3738809	[INFO]	XnDeviceSensorIO.cpp	298	Endpoints open
 3751303	[INFO]	XnProperty.cpp	151	Property Device.ReadData was changed to 1.
 3751350	[INFO]	XnProperty.cpp	101	Device.ReadData was successfully set.
 3751845	[INFO]	XnProperty.cpp	151	Property Depth1.Resolution was changed to 0.
 3751875	[INFO]	XnProperty.cpp	151	Property Depth1.XRes was changed to 320.
 3751895	[INFO]	XnProperty.cpp	151	Property Depth1.YRes was changed to 240.
 3751914	[INFO]	XnProperty.cpp	151	Property Depth1.FPS was changed to 30.
 3751933	[INFO]	XnProperty.cpp	151	Property Depth1.OutputFormat was changed to 1.
 3751952	[INFO]	XnProperty.cpp	151	Property Depth1.BytesPerPixel was changed to 2.
 3751972	[INFO]	XnProperty.cpp	151	Property Depth1.RequiredDataSize was changed to 153600.
 3751997	[INFO]	XnProperty.cpp	151	Property Depth1.ParamCoeff was changed to 4.
 3752091	[INFO]	XnProperty.cpp	151	Property Depth1.ShiftScale was changed to 10.
 3764363	[INFO]	XnProperty.cpp	151	Property Depth1.ConstShift was changed to 200.
 3764473	[INFO]	XnProperty.cpp	151	Property Depth1.ZPD was changed to 120.
 3764616	[INFO]	XnProperty.cpp	151	Property Depth1.ZPPS was changed to 0.104200.
 3764642	[INFO]	XnProperty.cpp	151	Property Depth1.LDDIS was changed to 7.500000.
 3764783	[INFO]	XnProperty.cpp	151	Property Depth1.Gain was changed to 30.
 3764827	[INFO]	XnDeviceBase.cpp	1458	Stream 'Depth1' was initialized.
 3764859	[INFO]	XnDeviceBase.cpp	1463	'Depth1' stream was created.
 3765052	[INFO]	XnProperty.cpp	74	Setting Depth1.InputFormat to 3...
 3765084	[INFO]	XnProperty.cpp	151	Property Depth1.InputFormat was changed to 3.
 3765110	[INFO]	XnProperty.cpp	101	Depth1.InputFormat was successfully set.
 3765717	[INFO]	XnProperty.cpp	74	Setting Depth1.RegistrationType to 2...
 3765743	[INFO]	XnProperty.cpp	151	Property Depth1.RegistrationType was changed to 2.
 3765766	[INFO]	XnProperty.cpp	101	Depth1.RegistrationType was successfully set.
 3766399	[INFO]	XnDeviceModule.cpp	431	Module 'Depth1' configuration was loaded from file.
 3766586	[INFO]	XnProperty.cpp	74	Setting Depth1.FPS to 30...
 3766609	[INFO]	XnProperty.cpp	86	Depth1.FPS value did not change.
 3766625	[INFO]	XnProperty.cpp	74	Setting Depth1.YRes to 480...
 3766644	[INFO]	XnProperty.cpp	151	Property Depth1.Resolution was changed to 1.
 3766662	[INFO]	XnProperty.cpp	151	Property Depth1.XRes was changed to 640.
 3766678	[INFO]	XnProperty.cpp	151	Property Depth1.RequiredDataSize was changed to 307200.
 3766698	[INFO]	XnProperty.cpp	151	Property Depth1.YRes was changed to 480.
 3766714	[INFO]	XnProperty.cpp	151	Property Depth1.RequiredDataSize was changed to 614400.
 3766744	[INFO]	XnProperty.cpp	101	Depth1.YRes was successfully set.
 3766772	[INFO]	XnProperty.cpp	74	Setting Depth1.XRes to 640...
 3766791	[INFO]	XnProperty.cpp	86	Depth1.XRes value did not change.
 3766857	[INFO]	XnProperty.cpp	74	Setting Depth1.Mirror to 1...
 3766877	[INFO]	XnProperty.cpp	151	Property Depth1.FirmwareMirror was changed to 1.
 3766934	[INFO]	XnProperty.cpp	151	Property Depth1.Mirror was changed to 1.
 3766947	[INFO]	XnProperty.cpp	101	Depth1.Mirror was successfully set.
 4897975	[INFO]	XnOpenNI.cpp	1261	Creating node 'User1' of type User...
 4927058	[WARNING]	Linux-x86Threads.cpp	173	Failed to set thread priority: Invalid argument
 4927109	[WARNING]	XnUSBLinux-x86.cpp	126	USB events thread: Failed to set thread priority to critical. This might cause loss of data...
 4928095	[INFO]	XnUSBLinux-x86.cpp	1222	USB read thread was started.
 4928136	[INFO]	XnProperty.cpp	151	Property Depth1.ActualReadData was changed to 1.
 5398320	[INFO]	XnProperty.cpp	151	Property Depth1.State was changed to 1.
 5398355	[INFO]	XnDeviceBase.cpp	370	Stream Depth1 is open.
 6492487	[INFO]	XnOpenNI.cpp	1261	Creating node 'Image1' of type Image...
 6492548	[INFO]	XnDeviceBase.cpp	1383	Creating stream 'Image1' of type 'Image'...
 6492757	[INFO]	XnProperty.cpp	151	Property Image1.Resolution was changed to 0.
 6492778	[INFO]	XnProperty.cpp	151	Property Image1.XRes was changed to 320.
 6492792	[INFO]	XnProperty.cpp	151	Property Image1.YRes was changed to 240.
 6492804	[INFO]	XnProperty.cpp	151	Property Image1.FPS was changed to 30.
 6492815	[INFO]	XnProperty.cpp	151	Property Image1.OutputFormat was changed to 5.
 6492826	[INFO]	XnProperty.cpp	151	Property Image1.BytesPerPixel was changed to 3.
 6492838	[INFO]	XnProperty.cpp	151	Property Image1.RequiredDataSize was changed to 230400.
 6492866	[INFO]	XnDeviceBase.cpp	1458	Stream 'Image1' was initialized.
 6492881	[INFO]	XnDeviceBase.cpp	1463	'Image1' stream was created.
 6492978	[INFO]	XnProperty.cpp	74	Setting Image1.InputFormat to 6...
 6492997	[INFO]	XnProperty.cpp	151	Property Image1.InputFormat was changed to 6.
 6493009	[INFO]	XnProperty.cpp	101	Image1.InputFormat was successfully set.
 6493425	[INFO]	XnDeviceModule.cpp	431	Module 'Image1' configuration was loaded from file.
 6493504	[INFO]	XnProperty.cpp	74	Setting Image1.FPS to 30...
 6493519	[INFO]	XnProperty.cpp	86	Image1.FPS value did not change.
 6493531	[INFO]	XnProperty.cpp	74	Setting Image1.YRes to 480...
 6493544	[INFO]	XnProperty.cpp	151	Property Image1.Resolution was changed to 1.
 6493556	[INFO]	XnProperty.cpp	151	Property Image1.XRes was changed to 640.
 6493568	[INFO]	XnProperty.cpp	151	Property Image1.RequiredDataSize was changed to 460800.
 6493582	[INFO]	XnProperty.cpp	151	Property Image1.YRes was changed to 480.
 6493594	[INFO]	XnProperty.cpp	151	Property Image1.RequiredDataSize was changed to 921600.
 6493607	[INFO]	XnProperty.cpp	101	Image1.YRes was successfully set.
 6493619	[INFO]	XnProperty.cpp	74	Setting Image1.XRes to 640...
 6493630	[INFO]	XnProperty.cpp	86	Image1.XRes value did not change.
 6494532	[INFO]	XnUSBLinux-x86.cpp	1222	USB read thread was started.
 6494571	[INFO]	XnProperty.cpp	151	Property Image1.ActualReadData was changed to 1.
 6664220	[WARNING]	XnDepthProcessor.cpp	133	Read: Depth buffer is corrupt. Size is 592272 (!= 614400)
 6664267	[WARNING]	XnFrameStreamProcessor.cpp	132	Depth frame is corrupt!
 6696236	[WARNING]	XnDepthProcessor.cpp	133	Read: Depth buffer is corrupt. Size is 581584 (!= 614400)
 6696280	[WARNING]	XnFrameStreamProcessor.cpp	132	Depth frame is corrupt!
 9695599	[INFO]	XnProperty.cpp	151	Property Image1.State was changed to 1.
 9695644	[INFO]	XnDeviceBase.cpp	370	Stream Image1 is open.
 9695813	[INFO]	XnProperty.cpp	74	Setting Depth1.Registration to 1...
 9847585	[INFO]	XnProperty.cpp	151	Property Depth1.Registration was changed to 1.
 9847631	[INFO]	XnProperty.cpp	101	Depth1.Registration was successfully set.
 9847689	[INFO]	XnProperty.cpp	74	Setting Image1.Mirror to 1...
 9860186	[INFO]	XnProperty.cpp	151	Property Image1.FirmwareMirror was changed to 1.
 9860238	[INFO]	XnProperty.cpp	151	Property Image1.Mirror was changed to 1.
 9860256	[INFO]	XnProperty.cpp	101	Image1.Mirror was successfully set.
14444559	[INFO]	XnOpenNI.cpp	1459	Destroying node 'User1'
14452635	[INFO]	XnOpenNI.cpp	1459	Destroying node 'Depth1'
14452725	[INFO]	XnDeviceBase.cpp	1507	Destroying stream 'Depth1'...
14454246	[INFO]	XnOpenNI.cpp	1459	Destroying node 'Image1'
14454360	[INFO]	XnDeviceBase.cpp	1507	Destroying stream 'Image1'...
14456679	[INFO]	XnOpenNI.cpp	1459	Destroying node 'Device1'
