    1621	[INFO]	XnLog.cpp	165	OpenNI version is 1.0.0 (Build 25)-MacOSX (Jan  7 2011 14:20:18)
    1677	[INFO]	XnLog.cpp	173	Log system initialized. Console: 1, File: 1, Severity: INFO, Masks: ALL
    1711	[INFO]	XnLog.cpp	173	Log system initialized. Console: 1, File: 1, Severity: INFO, Masks: ALL
    3155	[INFO]	XnUSBLinux-x86.cpp	98	USB is initialized.
 1969067	[INFO]	XnOpenNI.cpp	1261	Creating node 'Device1' of type Device...
 1970492	[INFO]	XnDeviceModule.cpp	431	Module 'Device' configuration was loaded from file.
 2235863	[INFO]	XnDeviceSensorIO.cpp	135	Connected to USB device
 2235915	[INFO]	XnProperty.cpp	151	Property Device.USBPath was changed to 045e/02ae@250/10.
 2243140	[INFO]	XnHostProtocol.cpp	825	Hardware versions: FW=5.1.4 (7) HW=4 Chip=2 Sensor=4 SYS=7
 3747740	[INFO]	XnProperty.cpp	151	Property Device.ID was changed to 0.
 3747820	[INFO]	XnSensor.cpp	182	Device sensor initialized
 3747971	[INFO]	XnOpenNI.cpp	1261	Creating node 'Depth1' of type Depth...
 3748038	[INFO]	XnDeviceBase.cpp	1383	Creating stream 'Depth1' of type 'Depth'...
 3748070	[INFO]	XnProperty.cpp	74	Setting Device.ReadData to 1...
 3748125	[INFO]	XnDeviceSensorIO.cpp	298	Endpoints open
 3760854	[INFO]	XnProperty.cpp	151	Property Device.ReadData was changed to 1.
 3760908	[INFO]	XnProperty.cpp	101	Device.ReadData was successfully set.
 3761457	[INFO]	XnProperty.cpp	151	Property Depth1.Resolution was changed to 0.
 3761492	[INFO]	XnProperty.cpp	151	Property Depth1.XRes was changed to 320.
 3761524	[INFO]	XnProperty.cpp	151	Property Depth1.YRes was changed to 240.
 3761555	[INFO]	XnProperty.cpp	151	Property Depth1.FPS was changed to 30.
 3761585	[INFO]	XnProperty.cpp	151	Property Depth1.OutputFormat was changed to 1.
 3761616	[INFO]	XnProperty.cpp	151	Property Depth1.BytesPerPixel was changed to 2.
 3761652	[INFO]	XnProperty.cpp	151	Property Depth1.RequiredDataSize was changed to 153600.
 3761694	[INFO]	XnProperty.cpp	151	Property Depth1.ParamCoeff was changed to 4.
 3761802	[INFO]	XnProperty.cpp	151	Property Depth1.ShiftScale was changed to 10.
 3774473	[INFO]	XnProperty.cpp	151	Property Depth1.ConstShift was changed to 200.
 3774589	[INFO]	XnProperty.cpp	151	Property Depth1.ZPD was changed to 120.
 3774723	[INFO]	XnProperty.cpp	151	Property Depth1.ZPPS was changed to 0.104200.
 3774741	[INFO]	XnProperty.cpp	151	Property Depth1.LDDIS was changed to 7.500000.
 3774858	[INFO]	XnProperty.cpp	151	Property Depth1.Gain was changed to 30.
 3774895	[INFO]	XnDeviceBase.cpp	1458	Stream 'Depth1' was initialized.
 3774914	[INFO]	XnDeviceBase.cpp	1463	'Depth1' stream was created.
 3775109	[INFO]	XnProperty.cpp	74	Setting Depth1.InputFormat to 3...
 3775136	[INFO]	XnProperty.cpp	151	Property Depth1.InputFormat was changed to 3.
 3775153	[INFO]	XnProperty.cpp	101	Depth1.InputFormat was successfully set.
 3775733	[INFO]	XnProperty.cpp	74	Setting Depth1.RegistrationType to 2...
 3775762	[INFO]	XnProperty.cpp	151	Property Depth1.RegistrationType was changed to 2.
 3775788	[INFO]	XnProperty.cpp	101	Depth1.RegistrationType was successfully set.
 3776331	[INFO]	XnDeviceModule.cpp	431	Module 'Depth1' configuration was loaded from file.
 3776538	[INFO]	XnProperty.cpp	74	Setting Depth1.FPS to 30...
 3776559	[INFO]	XnProperty.cpp	86	Depth1.FPS value did not change.
 3776573	[INFO]	XnProperty.cpp	74	Setting Depth1.YRes to 480...
 3776589	[INFO]	XnProperty.cpp	151	Property Depth1.Resolution was changed to 1.
 3776603	[INFO]	XnProperty.cpp	151	Property Depth1.XRes was changed to 640.
 3776616	[INFO]	XnProperty.cpp	151	Property Depth1.RequiredDataSize was changed to 307200.
 3776633	[INFO]	XnProperty.cpp	151	Property Depth1.YRes was changed to 480.
 3776647	[INFO]	XnProperty.cpp	151	Property Depth1.RequiredDataSize was changed to 614400.
 3776661	[INFO]	XnProperty.cpp	101	Depth1.YRes was successfully set.
 3776675	[INFO]	XnProperty.cpp	74	Setting Depth1.XRes to 640...
 3776688	[INFO]	XnProperty.cpp	86	Depth1.XRes value did not change.
 3776736	[INFO]	XnProperty.cpp	74	Setting Depth1.Mirror to 1...
 3776753	[INFO]	XnProperty.cpp	151	Property Depth1.FirmwareMirror was changed to 1.
 3776801	[INFO]	XnProperty.cpp	151	Property Depth1.Mirror was changed to 1.
 3776814	[INFO]	XnProperty.cpp	101	Depth1.Mirror was successfully set.
 4908487	[INFO]	XnOpenNI.cpp	1261	Creating node 'User1' of type User...
 4938118	[WARNING]	Linux-x86Threads.cpp	173	Failed to set thread priority: Invalid argument
 4938166	[WARNING]	XnUSBLinux-x86.cpp	126	USB events thread: Failed to set thread priority to critical. This might cause loss of data...
 4939089	[INFO]	XnUSBLinux-x86.cpp	1222	USB read thread was started.
 4939124	[INFO]	XnProperty.cpp	151	Property Depth1.ActualReadData was changed to 1.
 5409573	[INFO]	XnProperty.cpp	151	Property Depth1.State was changed to 1.
 5409624	[INFO]	XnDeviceBase.cpp	370	Stream Depth1 is open.
 6505981	[INFO]	XnOpenNI.cpp	1261	Creating node 'Image1' of type Image...
 6506034	[INFO]	XnDeviceBase.cpp	1383	Creating stream 'Image1' of type 'Image'...
 6506268	[INFO]	XnProperty.cpp	151	Property Image1.Resolution was changed to 0.
 6506291	[INFO]	XnProperty.cpp	151	Property Image1.XRes was changed to 320.
 6506312	[INFO]	XnProperty.cpp	151	Property Image1.YRes was changed to 240.
 6506332	[INFO]	XnProperty.cpp	151	Property Image1.FPS was changed to 30.
 6506352	[INFO]	XnProperty.cpp	151	Property Image1.OutputFormat was changed to 5.
 6506371	[INFO]	XnProperty.cpp	151	Property Image1.BytesPerPixel was changed to 3.
 6506390	[INFO]	XnProperty.cpp	151	Property Image1.RequiredDataSize was changed to 230400.
 6506430	[INFO]	XnDeviceBase.cpp	1458	Stream 'Image1' was initialized.
 6506450	[INFO]	XnDeviceBase.cpp	1463	'Image1' stream was created.
 6506566	[INFO]	XnProperty.cpp	74	Setting Image1.InputFormat to 6...
 6506592	[INFO]	XnProperty.cpp	151	Property Image1.InputFormat was changed to 6.
 6506611	[INFO]	XnProperty.cpp	101	Image1.InputFormat was successfully set.
 6507031	[INFO]	XnDeviceModule.cpp	431	Module 'Image1' configuration was loaded from file.
 6507144	[INFO]	XnProperty.cpp	74	Setting Image1.FPS to 30...
 6507168	[INFO]	XnProperty.cpp	86	Image1.FPS value did not change.
 6507185	[INFO]	XnProperty.cpp	74	Setting Image1.YRes to 480...
 6507204	[INFO]	XnProperty.cpp	151	Property Image1.Resolution was changed to 1.
 6507222	[INFO]	XnProperty.cpp	151	Property Image1.XRes was changed to 640.
 6507243	[INFO]	XnProperty.cpp	151	Property Image1.RequiredDataSize was changed to 460800.
 6507268	[INFO]	XnProperty.cpp	151	Property Image1.YRes was changed to 480.
 6507287	[INFO]	XnProperty.cpp	151	Property Image1.RequiredDataSize was changed to 921600.
 6507308	[INFO]	XnProperty.cpp	101	Image1.YRes was successfully set.
 6507329	[INFO]	XnProperty.cpp	74	Setting Image1.XRes to 640...
 6507346	[INFO]	XnProperty.cpp	86	Image1.XRes value did not change.
 6508281	[INFO]	XnUSBLinux-x86.cpp	1222	USB read thread was started.
 6508317	[INFO]	XnProperty.cpp	151	Property Image1.ActualReadData was changed to 1.
 6675212	[WARNING]	XnDepthProcessor.cpp	133	Read: Depth buffer is corrupt. Size is 597232 (!= 614400)
 6675259	[WARNING]	XnFrameStreamProcessor.cpp	132	Depth frame is corrupt!
 6707229	[WARNING]	XnDepthProcessor.cpp	133	Read: Depth buffer is corrupt. Size is 548960 (!= 614400)
 6707273	[WARNING]	XnFrameStreamProcessor.cpp	132	Depth frame is corrupt!
 9709309	[INFO]	XnProperty.cpp	151	Property Image1.State was changed to 1.
 9709352	[INFO]	XnDeviceBase.cpp	370	Stream Image1 is open.
 9709533	[INFO]	XnProperty.cpp	74	Setting Depth1.Registration to 1...
 9743175	[WARNING]	XnDepthProcessor.cpp	133	Read: Depth buffer is corrupt. Size is 566176 (!= 614400)
 9743222	[WARNING]	XnFrameStreamProcessor.cpp	132	Depth frame is corrupt!
 9861312	[INFO]	XnProperty.cpp	151	Property Depth1.Registration was changed to 1.
 9861354	[INFO]	XnProperty.cpp	101	Depth1.Registration was successfully set.
 9861412	[INFO]	XnProperty.cpp	74	Setting Image1.Mirror to 1...
 9874227	[INFO]	XnProperty.cpp	151	Property Image1.FirmwareMirror was changed to 1.
 9874269	[INFO]	XnProperty.cpp	151	Property Image1.Mirror was changed to 1.
 9874281	[INFO]	XnProperty.cpp	101	Image1.Mirror was successfully set.
25255913	[INFO]	XnOpenNI.cpp	1459	Destroying node 'User1'
25264094	[INFO]	XnOpenNI.cpp	1459	Destroying node 'Depth1'
25264182	[INFO]	XnDeviceBase.cpp	1507	Destroying stream 'Depth1'...
25265626	[INFO]	XnOpenNI.cpp	1459	Destroying node 'Image1'
25265692	[INFO]	XnDeviceBase.cpp	1507	Destroying stream 'Image1'...
25267009	[INFO]	XnOpenNI.cpp	1459	Destroying node 'Device1'
