    1967	[INFO]	XnLog.cpp	165	OpenNI version is 1.0.0 (Build 25)-MacOSX (Jan  7 2011 14:20:18)
    2016	[INFO]	XnLog.cpp	173	Log system initialized. Console: 1, File: 1, Severity: INFO, Masks: ALL
    2048	[INFO]	XnLog.cpp	173	Log system initialized. Console: 1, File: 1, Severity: INFO, Masks: ALL
    3400	[INFO]	XnUSBLinux-x86.cpp	98	USB is initialized.
 2383390	[INFO]	XnOpenNI.cpp	1261	Creating node 'Device1' of type Device...
 2384643	[INFO]	XnDeviceModule.cpp	431	Module 'Device' configuration was loaded from file.
 2601194	[INFO]	XnDeviceSensorIO.cpp	135	Connected to USB device
 2601247	[INFO]	XnProperty.cpp	151	Property Device.USBPath was changed to 045e/02ae@253/8.
 2698666	[INFO]	XnHostProtocol.cpp	825	Hardware versions: FW=5.1.4 (7) HW=4 Chip=2 Sensor=4 SYS=7
 4105618	[INFO]	XnProperty.cpp	151	Property Device.ID was changed to 0.
 4105697	[INFO]	XnSensor.cpp	182	Device sensor initialized
 4105844	[INFO]	XnOpenNI.cpp	1261	Creating node 'Depth1' of type Depth...
 4105934	[INFO]	XnDeviceBase.cpp	1383	Creating stream 'Depth1' of type 'Depth'...
 4105985	[INFO]	XnProperty.cpp	74	Setting Device.ReadData to 1...
 4106111	[INFO]	XnDeviceSensorIO.cpp	298	Endpoints open
 4118570	[INFO]	XnProperty.cpp	151	Property Device.ReadData was changed to 1.
 4118625	[INFO]	XnProperty.cpp	101	Device.ReadData was successfully set.
 4119145	[INFO]	XnProperty.cpp	151	Property Depth1.Resolution was changed to 0.
 4119196	[INFO]	XnProperty.cpp	151	Property Depth1.XRes was changed to 320.
 4119230	[INFO]	XnProperty.cpp	151	Property Depth1.YRes was changed to 240.
 4119259	[INFO]	XnProperty.cpp	151	Property Depth1.FPS was changed to 30.
 4119289	[INFO]	XnProperty.cpp	151	Property Depth1.OutputFormat was changed to 1.
 4119317	[INFO]	XnProperty.cpp	151	Property Depth1.BytesPerPixel was changed to 2.
 4119348	[INFO]	XnProperty.cpp	151	Property Depth1.RequiredDataSize was changed to 153600.
 4119386	[INFO]	XnProperty.cpp	151	Property Depth1.ParamCoeff was changed to 4.
 4119484	[INFO]	XnProperty.cpp	151	Property Depth1.ShiftScale was changed to 10.
 4131745	[INFO]	XnProperty.cpp	151	Property Depth1.ConstShift was changed to 200.
 4131855	[INFO]	XnProperty.cpp	151	Property Depth1.ZPD was changed to 120.
 4131994	[INFO]	XnProperty.cpp	151	Property Depth1.ZPPS was changed to 0.104200.
 4132030	[INFO]	XnProperty.cpp	151	Property Depth1.LDDIS was changed to 7.500000.
 4132185	[INFO]	XnProperty.cpp	151	Property Depth1.Gain was changed to 30.
 4132238	[INFO]	XnDeviceBase.cpp	1458	Stream 'Depth1' was initialized.
 4132269	[INFO]	XnDeviceBase.cpp	1463	'Depth1' stream was created.
 4132529	[INFO]	XnProperty.cpp	74	Setting Depth1.InputFormat to 3...
 4132561	[INFO]	XnProperty.cpp	151	Property Depth1.InputFormat was changed to 3.
 4132578	[INFO]	XnProperty.cpp	101	Depth1.InputFormat was successfully set.
 4133255	[INFO]	XnProperty.cpp	74	Setting Depth1.RegistrationType to 2...
 4133279	[INFO]	XnProperty.cpp	151	Property Depth1.RegistrationType was changed to 2.
 4133301	[INFO]	XnProperty.cpp	101	Depth1.RegistrationType was successfully set.
 4133876	[INFO]	XnDeviceModule.cpp	431	Module 'Depth1' configuration was loaded from file.
 4134084	[INFO]	XnProperty.cpp	74	Setting Depth1.FPS to 30...
 4134104	[INFO]	XnProperty.cpp	86	Depth1.FPS value did not change.
 4134122	[INFO]	XnProperty.cpp	74	Setting Depth1.YRes to 480...
 4134144	[INFO]	XnProperty.cpp	151	Property Depth1.Resolution was changed to 1.
 4134163	[INFO]	XnProperty.cpp	151	Property Depth1.XRes was changed to 640.
 4134182	[INFO]	XnProperty.cpp	151	Property Depth1.RequiredDataSize was changed to 307200.
 4134203	[INFO]	XnProperty.cpp	151	Property Depth1.YRes was changed to 480.
 4134220	[INFO]	XnProperty.cpp	151	Property Depth1.RequiredDataSize was changed to 614400.
 4134238	[INFO]	XnProperty.cpp	101	Depth1.YRes was successfully set.
 4134256	[INFO]	XnProperty.cpp	74	Setting Depth1.XRes to 640...
 4134272	[INFO]	XnProperty.cpp	86	Depth1.XRes value did not change.
 4134328	[INFO]	XnProperty.cpp	74	Setting Depth1.Mirror to 1...
 4134347	[INFO]	XnProperty.cpp	151	Property Depth1.FirmwareMirror was changed to 1.
 4134404	[INFO]	XnProperty.cpp	151	Property Depth1.Mirror was changed to 1.
 4134422	[INFO]	XnProperty.cpp	101	Depth1.Mirror was successfully set.
 5130210	[INFO]	XnOpenNI.cpp	1261	Creating node 'User1' of type User...
 5153446	[WARNING]	Linux-x86Threads.cpp	173	Failed to set thread priority: Invalid argument
 5153491	[WARNING]	XnUSBLinux-x86.cpp	126	USB events thread: Failed to set thread priority to critical. This might cause loss of data...
 5154254	[INFO]	XnUSBLinux-x86.cpp	1222	USB read thread was started.
 5154279	[INFO]	XnProperty.cpp	151	Property Depth1.ActualReadData was changed to 1.
 5624964	[INFO]	XnProperty.cpp	151	Property Depth1.State was changed to 1.
 5625015	[INFO]	XnDeviceBase.cpp	370	Stream Depth1 is open.
 6380042	[INFO]	XnOpenNI.cpp	1261	Creating node 'Image1' of type Image...
 6380091	[INFO]	XnDeviceBase.cpp	1383	Creating stream 'Image1' of type 'Image'...
 6380263	[INFO]	XnProperty.cpp	151	Property Image1.Resolution was changed to 0.
 6380281	[INFO]	XnProperty.cpp	151	Property Image1.XRes was changed to 320.
 6380293	[INFO]	XnProperty.cpp	151	Property Image1.YRes was changed to 240.
 6380305	[INFO]	XnProperty.cpp	151	Property Image1.FPS was changed to 30.
 6380316	[INFO]	XnProperty.cpp	151	Property Image1.OutputFormat was changed to 5.
 6380327	[INFO]	XnProperty.cpp	151	Property Image1.BytesPerPixel was changed to 3.
 6380339	[INFO]	XnProperty.cpp	151	Property Image1.RequiredDataSize was changed to 230400.
 6380366	[INFO]	XnDeviceBase.cpp	1458	Stream 'Image1' was initialized.
 6380379	[INFO]	XnDeviceBase.cpp	1463	'Image1' stream was created.
 6380498	[INFO]	XnProperty.cpp	74	Setting Image1.InputFormat to 6...
 6380530	[INFO]	XnProperty.cpp	151	Property Image1.InputFormat was changed to 6.
 6380548	[INFO]	XnProperty.cpp	101	Image1.InputFormat was successfully set.
 6381147	[INFO]	XnDeviceModule.cpp	431	Module 'Image1' configuration was loaded from file.
 6381251	[INFO]	XnProperty.cpp	74	Setting Image1.FPS to 30...
 6381275	[INFO]	XnProperty.cpp	86	Image1.FPS value did not change.
 6381293	[INFO]	XnProperty.cpp	74	Setting Image1.YRes to 480...
 6381310	[INFO]	XnProperty.cpp	151	Property Image1.Resolution was changed to 1.
 6381328	[INFO]	XnProperty.cpp	151	Property Image1.XRes was changed to 640.
 6381349	[INFO]	XnProperty.cpp	151	Property Image1.RequiredDataSize was changed to 460800.
 6381371	[INFO]	XnProperty.cpp	151	Property Image1.YRes was changed to 480.
 6381389	[INFO]	XnProperty.cpp	151	Property Image1.RequiredDataSize was changed to 921600.
 6381410	[INFO]	XnProperty.cpp	101	Image1.YRes was successfully set.
 6381430	[INFO]	XnProperty.cpp	74	Setting Image1.XRes to 640...
 6381451	[INFO]	XnProperty.cpp	86	Image1.XRes value did not change.
 6382596	[INFO]	XnUSBLinux-x86.cpp	1222	USB read thread was started.
 6382628	[INFO]	XnProperty.cpp	151	Property Image1.ActualReadData was changed to 1.
 6558167	[WARNING]	XnDepthProcessor.cpp	133	Read: Depth buffer is corrupt. Size is 574384 (!= 614400)
 6558219	[WARNING]	XnFrameStreamProcessor.cpp	132	Depth frame is corrupt!
 6590179	[WARNING]	XnDepthProcessor.cpp	133	Read: Depth buffer is corrupt. Size is 595808 (!= 614400)
 6590229	[WARNING]	XnFrameStreamProcessor.cpp	132	Depth frame is corrupt!
 9458248	[WARNING]	XnDepthProcessor.cpp	133	Read: Depth buffer is corrupt. Size is 592192 (!= 614400)
 9458291	[WARNING]	XnFrameStreamProcessor.cpp	132	Depth frame is corrupt!
 9494229	[WARNING]	XnDepthProcessor.cpp	133	Read: Depth buffer is corrupt. Size is 601312 (!= 614400)
 9494290	[WARNING]	XnFrameStreamProcessor.cpp	132	Depth frame is corrupt!
 9584299	[INFO]	XnProperty.cpp	151	Property Image1.State was changed to 1.
 9584342	[INFO]	XnDeviceBase.cpp	370	Stream Image1 is open.
 9584517	[INFO]	XnProperty.cpp	74	Setting Depth1.Registration to 1...
 9626251	[WARNING]	XnDepthProcessor.cpp	133	Read: Depth buffer is corrupt. Size is 595472 (!= 614400)
 9626308	[WARNING]	XnFrameStreamProcessor.cpp	132	Depth frame is corrupt!
 9735453	[INFO]	XnProperty.cpp	151	Property Depth1.Registration was changed to 1.
 9735494	[INFO]	XnProperty.cpp	101	Depth1.Registration was successfully set.
 9735572	[INFO]	XnProperty.cpp	74	Setting Image1.Mirror to 1...
 9747916	[INFO]	XnProperty.cpp	151	Property Image1.FirmwareMirror was changed to 1.
 9747963	[INFO]	XnProperty.cpp	151	Property Image1.Mirror was changed to 1.
 9747982	[INFO]	XnProperty.cpp	101	Image1.Mirror was successfully set.
128938844	[INFO]	XnOpenNI.cpp	1459	Destroying node 'User1'
128946578	[INFO]	XnOpenNI.cpp	1459	Destroying node 'Depth1'
128946672	[INFO]	XnDeviceBase.cpp	1507	Destroying stream 'Depth1'...
128947830	[INFO]	XnOpenNI.cpp	1459	Destroying node 'Image1'
128947890	[INFO]	XnDeviceBase.cpp	1507	Destroying stream 'Image1'...
128948712	[INFO]	XnOpenNI.cpp	1459	Destroying node 'Device1'
