    2265	[INFO]	XnLog.cpp	165	OpenNI version is 1.0.0 (Build 25)-MacOSX (Jan  7 2011 14:20:18)
    2362	[INFO]	XnLog.cpp	173	Log system initialized. Console: 1, File: 1, Severity: INFO, Masks: ALL
    2397	[INFO]	XnLog.cpp	173	Log system initialized. Console: 1, File: 1, Severity: INFO, Masks: ALL
    3978	[INFO]	XnUSBLinux-x86.cpp	98	USB is initialized.
 1980289	[INFO]	XnOpenNI.cpp	1261	Creating node 'Device1' of type Device...
 1981265	[INFO]	XnDeviceModule.cpp	431	Module 'Device' configuration was loaded from file.
 2239233	[INFO]	XnDeviceSensorIO.cpp	135	Connected to USB device
 2239283	[INFO]	XnProperty.cpp	151	Property Device.USBPath was changed to 045e/02ae@253/8.
 2246621	[INFO]	XnHostProtocol.cpp	825	Hardware versions: FW=5.1.4 (7) HW=4 Chip=2 Sensor=4 SYS=7
 3654921	[INFO]	XnProperty.cpp	151	Property Device.ID was changed to 0.
 3654981	[INFO]	XnSensor.cpp	182	Device sensor initialized
 3655120	[INFO]	XnOpenNI.cpp	1261	Creating node 'Depth1' of type Depth...
 3655199	[INFO]	XnDeviceBase.cpp	1383	Creating stream 'Depth1' of type 'Depth'...
 3655244	[INFO]	XnProperty.cpp	74	Setting Device.ReadData to 1...
 3655307	[INFO]	XnDeviceSensorIO.cpp	298	Endpoints open
 3667633	[INFO]	XnProperty.cpp	151	Property Device.ReadData was changed to 1.
 3667686	[INFO]	XnProperty.cpp	101	Device.ReadData was successfully set.
 3668182	[INFO]	XnProperty.cpp	151	Property Depth1.Resolution was changed to 0.
 3668209	[INFO]	XnProperty.cpp	151	Property Depth1.XRes was changed to 320.
 3668231	[INFO]	XnProperty.cpp	151	Property Depth1.YRes was changed to 240.
 3668251	[INFO]	XnProperty.cpp	151	Property Depth1.FPS was changed to 30.
 3668268	[INFO]	XnProperty.cpp	151	Property Depth1.OutputFormat was changed to 1.
 3668285	[INFO]	XnProperty.cpp	151	Property Depth1.BytesPerPixel was changed to 2.
 3668304	[INFO]	XnProperty.cpp	151	Property Depth1.RequiredDataSize was changed to 153600.
 3668328	[INFO]	XnProperty.cpp	151	Property Depth1.ParamCoeff was changed to 4.
 3668405	[INFO]	XnProperty.cpp	151	Property Depth1.ShiftScale was changed to 10.
 3680774	[INFO]	XnProperty.cpp	151	Property Depth1.ConstShift was changed to 200.
 3680872	[INFO]	XnProperty.cpp	151	Property Depth1.ZPD was changed to 120.
 3680979	[INFO]	XnProperty.cpp	151	Property Depth1.ZPPS was changed to 0.104200.
 3680999	[INFO]	XnProperty.cpp	151	Property Depth1.LDDIS was changed to 7.500000.
 3681112	[INFO]	XnProperty.cpp	151	Property Depth1.Gain was changed to 30.
 3681158	[INFO]	XnDeviceBase.cpp	1458	Stream 'Depth1' was initialized.
 3681179	[INFO]	XnDeviceBase.cpp	1463	'Depth1' stream was created.
 3681354	[INFO]	XnProperty.cpp	74	Setting Depth1.InputFormat to 3...
 3681383	[INFO]	XnProperty.cpp	151	Property Depth1.InputFormat was changed to 3.
 3681403	[INFO]	XnProperty.cpp	101	Depth1.InputFormat was successfully set.
 3681848	[INFO]	XnProperty.cpp	74	Setting Depth1.RegistrationType to 2...
 3681866	[INFO]	XnProperty.cpp	151	Property Depth1.RegistrationType was changed to 2.
 3681883	[INFO]	XnProperty.cpp	101	Depth1.RegistrationType was successfully set.
 3682421	[INFO]	XnDeviceModule.cpp	431	Module 'Depth1' configuration was loaded from file.
 3682595	[INFO]	XnProperty.cpp	74	Setting Depth1.FPS to 30...
 3682615	[INFO]	XnProperty.cpp	86	Depth1.FPS value did not change.
 3682632	[INFO]	XnProperty.cpp	74	Setting Depth1.YRes to 480...
 3682654	[INFO]	XnProperty.cpp	151	Property Depth1.Resolution was changed to 1.
 3682673	[INFO]	XnProperty.cpp	151	Property Depth1.XRes was changed to 640.
 3682690	[INFO]	XnProperty.cpp	151	Property Depth1.RequiredDataSize was changed to 307200.
 3682711	[INFO]	XnProperty.cpp	151	Property Depth1.YRes was changed to 480.
 3682728	[INFO]	XnProperty.cpp	151	Property Depth1.RequiredDataSize was changed to 614400.
 3682746	[INFO]	XnProperty.cpp	101	Depth1.YRes was successfully set.
 3682764	[INFO]	XnProperty.cpp	74	Setting Depth1.XRes to 640...
 3682779	[INFO]	XnProperty.cpp	86	Depth1.XRes value did not change.
 3682834	[INFO]	XnProperty.cpp	74	Setting Depth1.Mirror to 1...
 3682853	[INFO]	XnProperty.cpp	151	Property Depth1.FirmwareMirror was changed to 1.
 3682925	[INFO]	XnProperty.cpp	151	Property Depth1.Mirror was changed to 1.
 3682942	[INFO]	XnProperty.cpp	101	Depth1.Mirror was successfully set.
 4780594	[INFO]	XnOpenNI.cpp	1261	Creating node 'User1' of type User...
 4806405	[WARNING]	Linux-x86Threads.cpp	173	Failed to set thread priority: Invalid argument
 4806449	[WARNING]	XnUSBLinux-x86.cpp	126	USB events thread: Failed to set thread priority to critical. This might cause loss of data...
 4807376	[INFO]	XnUSBLinux-x86.cpp	1222	USB read thread was started.
 4807408	[INFO]	XnProperty.cpp	151	Property Depth1.ActualReadData was changed to 1.
 5278064	[INFO]	XnProperty.cpp	151	Property Depth1.State was changed to 1.
 5278108	[INFO]	XnDeviceBase.cpp	370	Stream Depth1 is open.
 6377688	[INFO]	XnOpenNI.cpp	1261	Creating node 'Image1' of type Image...
 6377739	[INFO]	XnDeviceBase.cpp	1383	Creating stream 'Image1' of type 'Image'...
 6377943	[INFO]	XnProperty.cpp	151	Property Image1.Resolution was changed to 0.
 6377970	[INFO]	XnProperty.cpp	151	Property Image1.XRes was changed to 320.
 6377991	[INFO]	XnProperty.cpp	151	Property Image1.YRes was changed to 240.
 6378010	[INFO]	XnProperty.cpp	151	Property Image1.FPS was changed to 30.
 6378027	[INFO]	XnProperty.cpp	151	Property Image1.OutputFormat was changed to 5.
 6378045	[INFO]	XnProperty.cpp	151	Property Image1.BytesPerPixel was changed to 3.
 6378063	[INFO]	XnProperty.cpp	151	Property Image1.RequiredDataSize was changed to 230400.
 6378103	[INFO]	XnDeviceBase.cpp	1458	Stream 'Image1' was initialized.
 6378125	[INFO]	XnDeviceBase.cpp	1463	'Image1' stream was created.
 6378257	[INFO]	XnProperty.cpp	74	Setting Image1.InputFormat to 6...
 6378280	[INFO]	XnProperty.cpp	151	Property Image1.InputFormat was changed to 6.
 6378293	[INFO]	XnProperty.cpp	101	Image1.InputFormat was successfully set.
 6378781	[INFO]	XnDeviceModule.cpp	431	Module 'Image1' configuration was loaded from file.
 6378876	[INFO]	XnProperty.cpp	74	Setting Image1.FPS to 30...
 6378892	[INFO]	XnProperty.cpp	86	Image1.FPS value did not change.
 6378903	[INFO]	XnProperty.cpp	74	Setting Image1.YRes to 480...
 6378916	[INFO]	XnProperty.cpp	151	Property Image1.Resolution was changed to 1.
 6378928	[INFO]	XnProperty.cpp	151	Property Image1.XRes was changed to 640.
 6378940	[INFO]	XnProperty.cpp	151	Property Image1.RequiredDataSize was changed to 460800.
 6378953	[INFO]	XnProperty.cpp	151	Property Image1.YRes was changed to 480.
 6378965	[INFO]	XnProperty.cpp	151	Property Image1.RequiredDataSize was changed to 921600.
 6378977	[INFO]	XnProperty.cpp	101	Image1.YRes was successfully set.
 6378989	[INFO]	XnProperty.cpp	74	Setting Image1.XRes to 640...
 6379000	[INFO]	XnProperty.cpp	86	Image1.XRes value did not change.
 6380190	[INFO]	XnUSBLinux-x86.cpp	1222	USB read thread was started.
 6380246	[INFO]	XnProperty.cpp	151	Property Image1.ActualReadData was changed to 1.
 6442644	[WARNING]	XnDepthProcessor.cpp	133	Read: Depth buffer is corrupt. Size is 598880 (!= 614400)
 6442689	[WARNING]	XnFrameStreamProcessor.cpp	132	Depth frame is corrupt!
 6574654	[WARNING]	XnDepthProcessor.cpp	133	Read: Depth buffer is corrupt. Size is 547712 (!= 614400)
 6574701	[WARNING]	XnFrameStreamProcessor.cpp	132	Depth frame is corrupt!
 9581733	[INFO]	XnProperty.cpp	151	Property Image1.State was changed to 1.
 9581776	[INFO]	XnDeviceBase.cpp	370	Stream Image1 is open.
 9581957	[INFO]	XnProperty.cpp	74	Setting Depth1.Registration to 1...
 9610705	[WARNING]	XnDepthProcessor.cpp	133	Read: Depth buffer is corrupt. Size is 586688 (!= 614400)
 9610763	[WARNING]	XnFrameStreamProcessor.cpp	132	Depth frame is corrupt!
 9734246	[INFO]	XnProperty.cpp	151	Property Depth1.Registration was changed to 1.
 9734323	[INFO]	XnProperty.cpp	101	Depth1.Registration was successfully set.
 9734400	[INFO]	XnProperty.cpp	74	Setting Image1.Mirror to 1...
 9746888	[INFO]	XnProperty.cpp	151	Property Image1.FirmwareMirror was changed to 1.
 9746934	[INFO]	XnProperty.cpp	151	Property Image1.Mirror was changed to 1.
 9746947	[INFO]	XnProperty.cpp	101	Image1.Mirror was successfully set.
27402110	[INFO]	XnOpenNI.cpp	1459	Destroying node 'User1'
27409250	[INFO]	XnOpenNI.cpp	1459	Destroying node 'Depth1'
27409355	[INFO]	XnDeviceBase.cpp	1507	Destroying stream 'Depth1'...
27410916	[INFO]	XnOpenNI.cpp	1459	Destroying node 'Image1'
27410985	[INFO]	XnDeviceBase.cpp	1507	Destroying stream 'Image1'...
27412066	[INFO]	XnOpenNI.cpp	1459	Destroying node 'Device1'
