    1815	[INFO]	XnLog.cpp	165	OpenNI version is 1.0.0 (Build 25)-MacOSX (Jan  7 2011 14:20:18)
    1865	[INFO]	XnLog.cpp	173	Log system initialized. Console: 1, File: 1, Severity: INFO, Masks: ALL
    1897	[INFO]	XnLog.cpp	173	Log system initialized. Console: 1, File: 1, Severity: INFO, Masks: ALL
    3202	[INFO]	XnUSBLinux-x86.cpp	98	USB is initialized.
 4491571	[INFO]	XnOpenNI.cpp	1261	Creating node 'Device1' of type Device...
 4527321	[INFO]	XnDeviceModule.cpp	431	Module 'Device' configuration was loaded from file.
 5189013	[INFO]	XnDeviceSensorIO.cpp	135	Connected to USB device
 5189066	[INFO]	XnProperty.cpp	151	Property Device.USBPath was changed to 045e/02ae@253/8.
 5196112	[INFO]	XnHostProtocol.cpp	825	Hardware versions: FW=5.1.4 (7) HW=4 Chip=2 Sensor=4 SYS=7
 6605899	[INFO]	XnProperty.cpp	151	Property Device.ID was changed to 0.
 6605995	[INFO]	XnSensor.cpp	182	Device sensor initialized
 6606158	[INFO]	XnOpenNI.cpp	1261	Creating node 'Depth1' of type Depth...
 6606249	[INFO]	XnDeviceBase.cpp	1383	Creating stream 'Depth1' of type 'Depth'...
 6606300	[INFO]	XnProperty.cpp	74	Setting Device.ReadData to 1...
 6606372	[INFO]	XnDeviceSensorIO.cpp	298	Endpoints open
 6618988	[INFO]	XnProperty.cpp	151	Property Device.ReadData was changed to 1.
 6619049	[INFO]	XnProperty.cpp	101	Device.ReadData was successfully set.
 6619648	[INFO]	XnProperty.cpp	151	Property Depth1.Resolution was changed to 0.
 6619687	[INFO]	XnProperty.cpp	151	Property Depth1.XRes was changed to 320.
 6619713	[INFO]	XnProperty.cpp	151	Property Depth1.YRes was changed to 240.
 6619737	[INFO]	XnProperty.cpp	151	Property Depth1.FPS was changed to 30.
 6619760	[INFO]	XnProperty.cpp	151	Property Depth1.OutputFormat was changed to 1.
 6619784	[INFO]	XnProperty.cpp	151	Property Depth1.BytesPerPixel was changed to 2.
 6619808	[INFO]	XnProperty.cpp	151	Property Depth1.RequiredDataSize was changed to 153600.
 6619839	[INFO]	XnProperty.cpp	151	Property Depth1.ParamCoeff was changed to 4.
 6619959	[INFO]	XnProperty.cpp	151	Property Depth1.ShiftScale was changed to 10.
 6632810	[INFO]	XnProperty.cpp	151	Property Depth1.ConstShift was changed to 200.
 6632927	[INFO]	XnProperty.cpp	151	Property Depth1.ZPD was changed to 120.
 6633115	[INFO]	XnProperty.cpp	151	Property Depth1.ZPPS was changed to 0.104200.
 6633156	[INFO]	XnProperty.cpp	151	Property Depth1.LDDIS was changed to 7.500000.
 6633344	[INFO]	XnProperty.cpp	151	Property Depth1.Gain was changed to 30.
 6633404	[INFO]	XnDeviceBase.cpp	1458	Stream 'Depth1' was initialized.
 6633438	[INFO]	XnDeviceBase.cpp	1463	'Depth1' stream was created.
 6633760	[INFO]	XnProperty.cpp	74	Setting Depth1.InputFormat to 3...
 6633808	[INFO]	XnProperty.cpp	151	Property Depth1.InputFormat was changed to 3.
 6633841	[INFO]	XnProperty.cpp	101	Depth1.InputFormat was successfully set.
 6634935	[INFO]	XnProperty.cpp	74	Setting Depth1.RegistrationType to 2...
 6634969	[INFO]	XnProperty.cpp	151	Property Depth1.RegistrationType was changed to 2.
 6634994	[INFO]	XnProperty.cpp	101	Depth1.RegistrationType was successfully set.
 6635975	[INFO]	XnDeviceModule.cpp	431	Module 'Depth1' configuration was loaded from file.
 6636292	[INFO]	XnProperty.cpp	74	Setting Depth1.FPS to 30...
 6636325	[INFO]	XnProperty.cpp	86	Depth1.FPS value did not change.
 6636351	[INFO]	XnProperty.cpp	74	Setting Depth1.YRes to 480...
 6636381	[INFO]	XnProperty.cpp	151	Property Depth1.Resolution was changed to 1.
 6636411	[INFO]	XnProperty.cpp	151	Property Depth1.XRes was changed to 640.
 6636438	[INFO]	XnProperty.cpp	151	Property Depth1.RequiredDataSize was changed to 307200.
 6636469	[INFO]	XnProperty.cpp	151	Property Depth1.YRes was changed to 480.
 6636497	[INFO]	XnProperty.cpp	151	Property Depth1.RequiredDataSize was changed to 614400.
 6636526	[INFO]	XnProperty.cpp	101	Depth1.YRes was successfully set.
 6636557	[INFO]	XnProperty.cpp	74	Setting Depth1.XRes to 640...
 6636582	[INFO]	XnProperty.cpp	86	Depth1.XRes value did not change.
 6636662	[INFO]	XnProperty.cpp	74	Setting Depth1.Mirror to 1...
 6636694	[INFO]	XnProperty.cpp	151	Property Depth1.FirmwareMirror was changed to 1.
 6636767	[INFO]	XnProperty.cpp	151	Property Depth1.Mirror was changed to 1.
 6636795	[INFO]	XnProperty.cpp	101	Depth1.Mirror was successfully set.
12157497	[INFO]	XnOpenNI.cpp	1261	Creating node 'User1' of type User...
12346426	[WARNING]	Linux-x86Threads.cpp	173	Failed to set thread priority: Invalid argument
12346465	[WARNING]	XnUSBLinux-x86.cpp	126	USB events thread: Failed to set thread priority to critical. This might cause loss of data...
12347250	[INFO]	XnUSBLinux-x86.cpp	1222	USB read thread was started.
12347278	[INFO]	XnProperty.cpp	151	Property Depth1.ActualReadData was changed to 1.
12817705	[INFO]	XnProperty.cpp	151	Property Depth1.State was changed to 1.
12817756	[INFO]	XnDeviceBase.cpp	370	Stream Depth1 is open.
18525202	[INFO]	XnOpenNI.cpp	1261	Creating node 'Image1' of type Image...
18525246	[INFO]	XnDeviceBase.cpp	1383	Creating stream 'Image1' of type 'Image'...
18525413	[INFO]	XnProperty.cpp	151	Property Image1.Resolution was changed to 0.
18525432	[INFO]	XnProperty.cpp	151	Property Image1.XRes was changed to 320.
18525445	[INFO]	XnProperty.cpp	151	Property Image1.YRes was changed to 240.
18525458	[INFO]	XnProperty.cpp	151	Property Image1.FPS was changed to 30.
18525469	[INFO]	XnProperty.cpp	151	Property Image1.OutputFormat was changed to 5.
18525480	[INFO]	XnProperty.cpp	151	Property Image1.BytesPerPixel was changed to 3.
18525491	[INFO]	XnProperty.cpp	151	Property Image1.RequiredDataSize was changed to 230400.
18525519	[INFO]	XnDeviceBase.cpp	1458	Stream 'Image1' was initialized.
18525534	[INFO]	XnDeviceBase.cpp	1463	'Image1' stream was created.
18525629	[INFO]	XnProperty.cpp	74	Setting Image1.InputFormat to 6...
18525653	[INFO]	XnProperty.cpp	151	Property Image1.InputFormat was changed to 6.
18525673	[INFO]	XnProperty.cpp	101	Image1.InputFormat was successfully set.
18526171	[INFO]	XnDeviceModule.cpp	431	Module 'Image1' configuration was loaded from file.
18526284	[INFO]	XnProperty.cpp	74	Setting Image1.FPS to 30...
18526307	[INFO]	XnProperty.cpp	86	Image1.FPS value did not change.
18526326	[INFO]	XnProperty.cpp	74	Setting Image1.YRes to 480...
18526346	[INFO]	XnProperty.cpp	151	Property Image1.Resolution was changed to 1.
18526364	[INFO]	XnProperty.cpp	151	Property Image1.XRes was changed to 640.
18526382	[INFO]	XnProperty.cpp	151	Property Image1.RequiredDataSize was changed to 460800.
18526402	[INFO]	XnProperty.cpp	151	Property Image1.YRes was changed to 480.
18526420	[INFO]	XnProperty.cpp	151	Property Image1.RequiredDataSize was changed to 921600.
18526438	[INFO]	XnProperty.cpp	101	Image1.YRes was successfully set.
18526458	[INFO]	XnProperty.cpp	74	Setting Image1.XRes to 640...
18526476	[INFO]	XnProperty.cpp	86	Image1.XRes value did not change.
18527535	[INFO]	XnUSBLinux-x86.cpp	1222	USB read thread was started.
18527578	[INFO]	XnProperty.cpp	151	Property Image1.ActualReadData was changed to 1.
18587116	[WARNING]	XnDepthProcessor.cpp	133	Read: Depth buffer is corrupt. Size is 593504 (!= 614400)
18587161	[WARNING]	XnFrameStreamProcessor.cpp	132	Depth frame is corrupt!
18719142	[WARNING]	XnDepthProcessor.cpp	133	Read: Depth buffer is corrupt. Size is 573136 (!= 614400)
18719180	[WARNING]	XnFrameStreamProcessor.cpp	132	Depth frame is corrupt!
21623229	[WARNING]	XnDepthProcessor.cpp	133	Read: Depth buffer is corrupt. Size is 598112 (!= 614400)
21623278	[WARNING]	XnFrameStreamProcessor.cpp	132	Depth frame is corrupt!
21728005	[INFO]	XnProperty.cpp	151	Property Image1.State was changed to 1.
21728055	[INFO]	XnDeviceBase.cpp	370	Stream Image1 is open.
21728224	[INFO]	XnProperty.cpp	74	Setting Depth1.Registration to 1...
21759174	[WARNING]	XnDepthProcessor.cpp	133	Read: Depth buffer is corrupt. Size is 588944 (!= 614400)
21759227	[WARNING]	XnFrameStreamProcessor.cpp	132	Depth frame is corrupt!
21879000	[INFO]	XnProperty.cpp	151	Property Depth1.Registration was changed to 1.
21879051	[INFO]	XnProperty.cpp	101	Depth1.Registration was successfully set.
21879110	[INFO]	XnProperty.cpp	74	Setting Image1.Mirror to 1...
21891357	[INFO]	XnProperty.cpp	151	Property Image1.FirmwareMirror was changed to 1.
21891440	[INFO]	XnProperty.cpp	151	Property Image1.Mirror was changed to 1.
21891453	[INFO]	XnProperty.cpp	101	Image1.Mirror was successfully set.
