    2083	[INFO]	XnLog.cpp	165	OpenNI version is 1.0.0 (Build 25)-MacOSX (Jan  7 2011 14:20:18)
    2145	[INFO]	XnLog.cpp	173	Log system initialized. Console: 1, File: 1, Severity: INFO, Masks: ALL
    2178	[INFO]	XnLog.cpp	173	Log system initialized. Console: 1, File: 1, Severity: INFO, Masks: ALL
    7108	[INFO]	XnUSBLinux-x86.cpp	98	USB is initialized.
 1596634	[INFO]	XnOpenNI.cpp	1261	Creating node 'Device1' of type Device...
 1597439	[INFO]	XnDeviceModule.cpp	431	Module 'Device' configuration was loaded from file.
 1808808	[INFO]	XnDeviceSensorIO.cpp	135	Connected to USB device
 1808864	[INFO]	XnProperty.cpp	151	Property Device.USBPath was changed to 045e/02ae@253/8.
 1817509	[INFO]	XnHostProtocol.cpp	825	Hardware versions: FW=5.1.4 (7) HW=4 Chip=2 Sensor=4 SYS=7
 3224575	[INFO]	XnProperty.cpp	151	Property Device.ID was changed to 0.
 3224635	[INFO]	XnSensor.cpp	182	Device sensor initialized
 3224725	[INFO]	XnOpenNI.cpp	1261	Creating node 'Depth1' of type Depth...
 3224764	[INFO]	XnDeviceBase.cpp	1383	Creating stream 'Depth1' of type 'Depth'...
 3224782	[INFO]	XnProperty.cpp	74	Setting Device.ReadData to 1...
 3224813	[INFO]	XnDeviceSensorIO.cpp	298	Endpoints open
 3237024	[INFO]	XnProperty.cpp	151	Property Device.ReadData was changed to 1.
 3237059	[INFO]	XnProperty.cpp	101	Device.ReadData was successfully set.
 3237535	[INFO]	XnProperty.cpp	151	Property Depth1.Resolution was changed to 0.
 3237564	[INFO]	XnProperty.cpp	151	Property Depth1.XRes was changed to 320.
 3237584	[INFO]	XnProperty.cpp	151	Property Depth1.YRes was changed to 240.
 3237605	[INFO]	XnProperty.cpp	151	Property Depth1.FPS was changed to 30.
 3237625	[INFO]	XnProperty.cpp	151	Property Depth1.OutputFormat was changed to 1.
 3237645	[INFO]	XnProperty.cpp	151	Property Depth1.BytesPerPixel was changed to 2.
 3237665	[INFO]	XnProperty.cpp	151	Property Depth1.RequiredDataSize was changed to 153600.
 3237690	[INFO]	XnProperty.cpp	151	Property Depth1.ParamCoeff was changed to 4.
 3237776	[INFO]	XnProperty.cpp	151	Property Depth1.ShiftScale was changed to 10.
 3250092	[INFO]	XnProperty.cpp	151	Property Depth1.ConstShift was changed to 200.
 3250188	[INFO]	XnProperty.cpp	151	Property Depth1.ZPD was changed to 120.
 3250299	[INFO]	XnProperty.cpp	151	Property Depth1.ZPPS was changed to 0.104200.
 3250326	[INFO]	XnProperty.cpp	151	Property Depth1.LDDIS was changed to 7.500000.
 3250445	[INFO]	XnProperty.cpp	151	Property Depth1.Gain was changed to 30.
 3250491	[INFO]	XnDeviceBase.cpp	1458	Stream 'Depth1' was initialized.
 3250514	[INFO]	XnDeviceBase.cpp	1463	'Depth1' stream was created.
 3250732	[INFO]	XnProperty.cpp	74	Setting Depth1.InputFormat to 3...
 3250764	[INFO]	XnProperty.cpp	151	Property Depth1.InputFormat was changed to 3.
 3250785	[INFO]	XnProperty.cpp	101	Depth1.InputFormat was successfully set.
 3251439	[INFO]	XnProperty.cpp	74	Setting Depth1.RegistrationType to 2...
 3251470	[INFO]	XnProperty.cpp	151	Property Depth1.RegistrationType was changed to 2.
 3251493	[INFO]	XnProperty.cpp	101	Depth1.RegistrationType was successfully set.
 3252211	[INFO]	XnDeviceModule.cpp	431	Module 'Depth1' configuration was loaded from file.
 3252465	[INFO]	XnProperty.cpp	74	Setting Depth1.FPS to 30...
 3252490	[INFO]	XnProperty.cpp	86	Depth1.FPS value did not change.
 3252507	[INFO]	XnProperty.cpp	74	Setting Depth1.YRes to 480...
 3252528	[INFO]	XnProperty.cpp	151	Property Depth1.Resolution was changed to 1.
 3252547	[INFO]	XnProperty.cpp	151	Property Depth1.XRes was changed to 640.
 3252566	[INFO]	XnProperty.cpp	151	Property Depth1.RequiredDataSize was changed to 307200.
 3252592	[INFO]	XnProperty.cpp	151	Property Depth1.YRes was changed to 480.
 3252614	[INFO]	XnProperty.cpp	151	Property Depth1.RequiredDataSize was changed to 614400.
 3252635	[INFO]	XnProperty.cpp	101	Depth1.YRes was successfully set.
 3252657	[INFO]	XnProperty.cpp	74	Setting Depth1.XRes to 640...
 3252676	[INFO]	XnProperty.cpp	86	Depth1.XRes value did not change.
 3252740	[INFO]	XnProperty.cpp	74	Setting Depth1.Mirror to 1...
 3252766	[INFO]	XnProperty.cpp	151	Property Depth1.FirmwareMirror was changed to 1.
 3252825	[INFO]	XnProperty.cpp	151	Property Depth1.Mirror was changed to 1.
 3252842	[INFO]	XnProperty.cpp	101	Depth1.Mirror was successfully set.
 4838864	[INFO]	XnOpenNI.cpp	1261	Creating node 'User1' of type User...
 4866006	[WARNING]	Linux-x86Threads.cpp	173	Failed to set thread priority: Invalid argument
 4866054	[WARNING]	XnUSBLinux-x86.cpp	126	USB events thread: Failed to set thread priority to critical. This might cause loss of data...
 4866848	[INFO]	XnUSBLinux-x86.cpp	1222	USB read thread was started.
 4866877	[INFO]	XnProperty.cpp	151	Property Depth1.ActualReadData was changed to 1.
 5337061	[INFO]	XnProperty.cpp	151	Property Depth1.State was changed to 1.
 5337103	[INFO]	XnDeviceBase.cpp	370	Stream Depth1 is open.
 7228205	[INFO]	XnOpenNI.cpp	1261	Creating node 'Image1' of type Image...
 7228260	[INFO]	XnDeviceBase.cpp	1383	Creating stream 'Image1' of type 'Image'...
 7228493	[INFO]	XnProperty.cpp	151	Property Image1.Resolution was changed to 0.
 7228518	[INFO]	XnProperty.cpp	151	Property Image1.XRes was changed to 320.
 7228537	[INFO]	XnProperty.cpp	151	Property Image1.YRes was changed to 240.
 7228554	[INFO]	XnProperty.cpp	151	Property Image1.FPS was changed to 30.
 7228572	[INFO]	XnProperty.cpp	151	Property Image1.OutputFormat was changed to 5.
 7228590	[INFO]	XnProperty.cpp	151	Property Image1.BytesPerPixel was changed to 3.
 7228609	[INFO]	XnProperty.cpp	151	Property Image1.RequiredDataSize was changed to 230400.
 7228650	[INFO]	XnDeviceBase.cpp	1458	Stream 'Image1' was initialized.
 7228672	[INFO]	XnDeviceBase.cpp	1463	'Image1' stream was created.
 7228808	[INFO]	XnProperty.cpp	74	Setting Image1.InputFormat to 6...
 7228838	[INFO]	XnProperty.cpp	151	Property Image1.InputFormat was changed to 6.
 7228867	[INFO]	XnProperty.cpp	101	Image1.InputFormat was successfully set.
 7229460	[INFO]	XnDeviceModule.cpp	431	Module 'Image1' configuration was loaded from file.
 7229581	[INFO]	XnProperty.cpp	74	Setting Image1.FPS to 30...
 7229605	[INFO]	XnProperty.cpp	86	Image1.FPS value did not change.
 7229624	[INFO]	XnProperty.cpp	74	Setting Image1.YRes to 480...
 7229644	[INFO]	XnProperty.cpp	151	Property Image1.Resolution was changed to 1.
 7229661	[INFO]	XnProperty.cpp	151	Property Image1.XRes was changed to 640.
 7229679	[INFO]	XnProperty.cpp	151	Property Image1.RequiredDataSize was changed to 460800.
 7229698	[INFO]	XnProperty.cpp	151	Property Image1.YRes was changed to 480.
 7229719	[INFO]	XnProperty.cpp	151	Property Image1.RequiredDataSize was changed to 921600.
 7229739	[INFO]	XnProperty.cpp	101	Image1.YRes was successfully set.
 7229758	[INFO]	XnProperty.cpp	74	Setting Image1.XRes to 640...
 7229774	[INFO]	XnProperty.cpp	86	Image1.XRes value did not change.
 7230881	[INFO]	XnUSBLinux-x86.cpp	1222	USB read thread was started.
 7230926	[INFO]	XnProperty.cpp	151	Property Image1.ActualReadData was changed to 1.
 7303025	[WARNING]	XnDepthProcessor.cpp	133	Read: Depth buffer is corrupt. Size is 596064 (!= 614400)
 7303070	[WARNING]	XnFrameStreamProcessor.cpp	132	Depth frame is corrupt!
 7407067	[WARNING]	XnFrameStreamProcessor.cpp	140	Depth Frame Buffer overflow! current size: 612768
 7407117	[WARNING]	XnFrameStreamProcessor.cpp	132	Depth frame is corrupt!
 7435019	[WARNING]	XnDepthProcessor.cpp	133	Read: Depth buffer is corrupt. Size is 612768 (!= 614400)
10307072	[WARNING]	XnDepthProcessor.cpp	133	Read: Depth buffer is corrupt. Size is 589952 (!= 614400)
10307117	[WARNING]	XnFrameStreamProcessor.cpp	132	Depth frame is corrupt!
10431637	[INFO]	XnProperty.cpp	151	Property Image1.State was changed to 1.
10431680	[INFO]	XnDeviceBase.cpp	370	Stream Image1 is open.
10431859	[INFO]	XnProperty.cpp	74	Setting Depth1.Registration to 1...
10471177	[WARNING]	XnDepthProcessor.cpp	133	Read: Depth buffer is corrupt. Size is 594032 (!= 614400)
10471225	[WARNING]	XnFrameStreamProcessor.cpp	132	Depth frame is corrupt!
10584037	[INFO]	XnProperty.cpp	151	Property Depth1.Registration was changed to 1.
10584080	[INFO]	XnProperty.cpp	101	Depth1.Registration was successfully set.
10584127	[INFO]	XnProperty.cpp	74	Setting Image1.Mirror to 1...
10596784	[INFO]	XnProperty.cpp	151	Property Image1.FirmwareMirror was changed to 1.
10596826	[INFO]	XnProperty.cpp	151	Property Image1.Mirror was changed to 1.
10596838	[INFO]	XnProperty.cpp	101	Image1.Mirror was successfully set.
162653116	[INFO]	XnOpenNI.cpp	1459	Destroying node 'User1'
162661743	[INFO]	XnOpenNI.cpp	1459	Destroying node 'Depth1'
162661839	[INFO]	XnDeviceBase.cpp	1507	Destroying stream 'Depth1'...
162663771	[INFO]	XnOpenNI.cpp	1459	Destroying node 'Image1'
162663844	[INFO]	XnDeviceBase.cpp	1507	Destroying stream 'Image1'...
162664992	[INFO]	XnOpenNI.cpp	1459	Destroying node 'Device1'
