    1770	[INFO]	XnLog.cpp	165	OpenNI version is 1.0.0 (Build 25)-MacOSX (Jan  7 2011 14:20:18)
    1811	[INFO]	XnLog.cpp	173	Log system initialized. Console: 1, File: 1, Severity: INFO, Masks: ALL
    1834	[INFO]	XnLog.cpp	173	Log system initialized. Console: 1, File: 1, Severity: INFO, Masks: ALL
    2847	[INFO]	XnUSBLinux-x86.cpp	98	USB is initialized.
 1590057	[INFO]	XnOpenNI.cpp	1261	Creating node 'Device1' of type Device...
 1591101	[INFO]	XnDeviceModule.cpp	431	Module 'Device' configuration was loaded from file.
 1802492	[INFO]	XnDeviceSensorIO.cpp	135	Connected to USB device
 1802549	[INFO]	XnProperty.cpp	151	Property Device.USBPath was changed to 045e/02ae@253/8.
 1810429	[INFO]	XnHostProtocol.cpp	825	Hardware versions: FW=5.1.4 (7) HW=4 Chip=2 Sensor=4 SYS=7
 3215157	[INFO]	XnProperty.cpp	151	Property Device.ID was changed to 0.
 3215262	[INFO]	XnSensor.cpp	182	Device sensor initialized
 3215405	[INFO]	XnOpenNI.cpp	1261	Creating node 'Depth1' of type Depth...
 3215480	[INFO]	XnDeviceBase.cpp	1383	Creating stream 'Depth1' of type 'Depth'...
 3215520	[INFO]	XnProperty.cpp	74	Setting Device.ReadData to 1...
 3215589	[INFO]	XnDeviceSensorIO.cpp	298	Endpoints open
 3227894	[INFO]	XnProperty.cpp	151	Property Device.ReadData was changed to 1.
 3227935	[INFO]	XnProperty.cpp	101	Device.ReadData was successfully set.
 3228397	[INFO]	XnProperty.cpp	151	Property Depth1.Resolution was changed to 0.
 3228427	[INFO]	XnProperty.cpp	151	Property Depth1.XRes was changed to 320.
 3228448	[INFO]	XnProperty.cpp	151	Property Depth1.YRes was changed to 240.
 3228470	[INFO]	XnProperty.cpp	151	Property Depth1.FPS was changed to 30.
 3228488	[INFO]	XnProperty.cpp	151	Property Depth1.OutputFormat was changed to 1.
 3228505	[INFO]	XnProperty.cpp	151	Property Depth1.BytesPerPixel was changed to 2.
 3228525	[INFO]	XnProperty.cpp	151	Property Depth1.RequiredDataSize was changed to 153600.
 3228549	[INFO]	XnProperty.cpp	151	Property Depth1.ParamCoeff was changed to 4.
 3228624	[INFO]	XnProperty.cpp	151	Property Depth1.ShiftScale was changed to 10.
 3241090	[INFO]	XnProperty.cpp	151	Property Depth1.ConstShift was changed to 200.
 3241164	[INFO]	XnProperty.cpp	151	Property Depth1.ZPD was changed to 120.
 3241261	[INFO]	XnProperty.cpp	151	Property Depth1.ZPPS was changed to 0.104200.
 3241275	[INFO]	XnProperty.cpp	151	Property Depth1.LDDIS was changed to 7.500000.
 3241363	[INFO]	XnProperty.cpp	151	Property Depth1.Gain was changed to 30.
 3241394	[INFO]	XnDeviceBase.cpp	1458	Stream 'Depth1' was initialized.
 3241408	[INFO]	XnDeviceBase.cpp	1463	'Depth1' stream was created.
 3241591	[INFO]	XnProperty.cpp	74	Setting Depth1.InputFormat to 3...
 3241615	[INFO]	XnProperty.cpp	151	Property Depth1.InputFormat was changed to 3.
 3241629	[INFO]	XnProperty.cpp	101	Depth1.InputFormat was successfully set.
 3242064	[INFO]	XnProperty.cpp	74	Setting Depth1.RegistrationType to 2...
 3242083	[INFO]	XnProperty.cpp	151	Property Depth1.RegistrationType was changed to 2.
 3242100	[INFO]	XnProperty.cpp	101	Depth1.RegistrationType was successfully set.
 3242591	[INFO]	XnDeviceModule.cpp	431	Module 'Depth1' configuration was loaded from file.
 3242771	[INFO]	XnProperty.cpp	74	Setting Depth1.FPS to 30...
 3242792	[INFO]	XnProperty.cpp	86	Depth1.FPS value did not change.
 3242810	[INFO]	XnProperty.cpp	74	Setting Depth1.YRes to 480...
 3242832	[INFO]	XnProperty.cpp	151	Property Depth1.Resolution was changed to 1.
 3242853	[INFO]	XnProperty.cpp	151	Property Depth1.XRes was changed to 640.
 3242872	[INFO]	XnProperty.cpp	151	Property Depth1.RequiredDataSize was changed to 307200.
 3242894	[INFO]	XnProperty.cpp	151	Property Depth1.YRes was changed to 480.
 3242912	[INFO]	XnProperty.cpp	151	Property Depth1.RequiredDataSize was changed to 614400.
 3242932	[INFO]	XnProperty.cpp	101	Depth1.YRes was successfully set.
 3242952	[INFO]	XnProperty.cpp	74	Setting Depth1.XRes to 640...
 3242969	[INFO]	XnProperty.cpp	86	Depth1.XRes value did not change.
 3243025	[INFO]	XnProperty.cpp	74	Setting Depth1.Mirror to 1...
 3243044	[INFO]	XnProperty.cpp	151	Property Depth1.FirmwareMirror was changed to 1.
 3243091	[INFO]	XnProperty.cpp	151	Property Depth1.Mirror was changed to 1.
 3243110	[INFO]	XnProperty.cpp	101	Depth1.Mirror was successfully set.
 4827360	[INFO]	XnOpenNI.cpp	1261	Creating node 'User1' of type User...
 4853375	[WARNING]	Linux-x86Threads.cpp	173	Failed to set thread priority: Invalid argument
 4853420	[WARNING]	XnUSBLinux-x86.cpp	126	USB events thread: Failed to set thread priority to critical. This might cause loss of data...
 4854217	[INFO]	XnUSBLinux-x86.cpp	1222	USB read thread was started.
 4854243	[INFO]	XnProperty.cpp	151	Property Depth1.ActualReadData was changed to 1.
 5324408	[INFO]	XnProperty.cpp	151	Property Depth1.State was changed to 1.
 5324448	[INFO]	XnDeviceBase.cpp	370	Stream Depth1 is open.
 6894074	[INFO]	XnOpenNI.cpp	1261	Creating node 'Image1' of type Image...
 6894126	[INFO]	XnDeviceBase.cpp	1383	Creating stream 'Image1' of type 'Image'...
 6894353	[INFO]	XnProperty.cpp	151	Property Image1.Resolution was changed to 0.
 6894379	[INFO]	XnProperty.cpp	151	Property Image1.XRes was changed to 320.
 6894397	[INFO]	XnProperty.cpp	151	Property Image1.YRes was changed to 240.
 6894416	[INFO]	XnProperty.cpp	151	Property Image1.FPS was changed to 30.
 6894434	[INFO]	XnProperty.cpp	151	Property Image1.OutputFormat was changed to 5.
 6894454	[INFO]	XnProperty.cpp	151	Property Image1.BytesPerPixel was changed to 3.
 6894472	[INFO]	XnProperty.cpp	151	Property Image1.RequiredDataSize was changed to 230400.
 6894512	[INFO]	XnDeviceBase.cpp	1458	Stream 'Image1' was initialized.
 6894535	[INFO]	XnDeviceBase.cpp	1463	'Image1' stream was created.
 6894672	[INFO]	XnProperty.cpp	74	Setting Image1.InputFormat to 6...
 6894701	[INFO]	XnProperty.cpp	151	Property Image1.InputFormat was changed to 6.
 6894721	[INFO]	XnProperty.cpp	101	Image1.InputFormat was successfully set.
 6895333	[INFO]	XnDeviceModule.cpp	431	Module 'Image1' configuration was loaded from file.
 6895456	[INFO]	XnProperty.cpp	74	Setting Image1.FPS to 30...
 6895486	[INFO]	XnProperty.cpp	86	Image1.FPS value did not change.
 6895504	[INFO]	XnProperty.cpp	74	Setting Image1.YRes to 480...
 6895521	[INFO]	XnProperty.cpp	151	Property Image1.Resolution was changed to 1.
 6895540	[INFO]	XnProperty.cpp	151	Property Image1.XRes was changed to 640.
 6895560	[INFO]	XnProperty.cpp	151	Property Image1.RequiredDataSize was changed to 460800.
 6895582	[INFO]	XnProperty.cpp	151	Property Image1.YRes was changed to 480.
 6895604	[INFO]	XnProperty.cpp	151	Property Image1.RequiredDataSize was changed to 921600.
 6895625	[INFO]	XnProperty.cpp	101	Image1.YRes was successfully set.
 6895646	[INFO]	XnProperty.cpp	74	Setting Image1.XRes to 640...
 6895665	[INFO]	XnProperty.cpp	86	Image1.XRes value did not change.
 6896744	[INFO]	XnUSBLinux-x86.cpp	1222	USB read thread was started.
 6896780	[INFO]	XnProperty.cpp	151	Property Image1.ActualReadData was changed to 1.
 7089897	[WARNING]	XnDepthProcessor.cpp	133	Read: Depth buffer is corrupt. Size is 567696 (!= 614400)
 7089945	[WARNING]	XnFrameStreamProcessor.cpp	132	Depth frame is corrupt!
 9993938	[WARNING]	XnDepthProcessor.cpp	133	Read: Depth buffer is corrupt. Size is 562528 (!= 614400)
 9993985	[WARNING]	XnFrameStreamProcessor.cpp	132	Depth frame is corrupt!
10097243	[INFO]	XnProperty.cpp	151	Property Image1.State was changed to 1.
10097305	[INFO]	XnDeviceBase.cpp	370	Stream Image1 is open.
10097502	[INFO]	XnProperty.cpp	74	Setting Depth1.Registration to 1...
10125940	[WARNING]	XnDepthProcessor.cpp	133	Read: Depth buffer is corrupt. Size is 581264 (!= 614400)
10125987	[WARNING]	XnFrameStreamProcessor.cpp	132	Depth frame is corrupt!
10248795	[INFO]	XnProperty.cpp	151	Property Depth1.Registration was changed to 1.
10248847	[INFO]	XnProperty.cpp	101	Depth1.Registration was successfully set.
10248900	[INFO]	XnProperty.cpp	74	Setting Image1.Mirror to 1...
10261421	[INFO]	XnProperty.cpp	151	Property Image1.FirmwareMirror was changed to 1.
10261463	[INFO]	XnProperty.cpp	151	Property Image1.Mirror was changed to 1.
10261475	[INFO]	XnProperty.cpp	101	Image1.Mirror was successfully set.
21883437	[INFO]	XnOpenNI.cpp	1459	Destroying node 'User1'
21892580	[INFO]	XnOpenNI.cpp	1459	Destroying node 'Depth1'
21892678	[INFO]	XnDeviceBase.cpp	1507	Destroying stream 'Depth1'...
21894117	[INFO]	XnOpenNI.cpp	1459	Destroying node 'Image1'
21894173	[INFO]	XnDeviceBase.cpp	1507	Destroying stream 'Image1'...
21895058	[INFO]	XnOpenNI.cpp	1459	Destroying node 'Device1'
