    1582	[INFO]	XnLog.cpp	165	OpenNI version is 1.0.0 (Build 25)-MacOSX (Jan  7 2011 14:20:18)
    1625	[INFO]	XnLog.cpp	173	Log system initialized. Console: 1, File: 1, Severity: INFO, Masks: ALL
    1649	[INFO]	XnLog.cpp	173	Log system initialized. Console: 1, File: 1, Severity: INFO, Masks: ALL
    2895	[INFO]	XnUSBLinux-x86.cpp	98	USB is initialized.
 1964642	[INFO]	XnOpenNI.cpp	1261	Creating node 'Device1' of type Device...
 1965419	[INFO]	XnDeviceModule.cpp	431	Module 'Device' configuration was loaded from file.
 2229865	[INFO]	XnDeviceSensorIO.cpp	135	Connected to USB device
 2229917	[INFO]	XnProperty.cpp	151	Property Device.USBPath was changed to 045e/02ae@250/10.
 2238056	[INFO]	XnHostProtocol.cpp	825	Hardware versions: FW=5.1.4 (7) HW=4 Chip=2 Sensor=4 SYS=7
 3754264	[INFO]	XnProperty.cpp	151	Property Device.ID was changed to 0.
 3754362	[INFO]	XnSensor.cpp	182	Device sensor initialized
 3754548	[INFO]	XnOpenNI.cpp	1261	Creating node 'Depth1' of type Depth...
 3754636	[INFO]	XnDeviceBase.cpp	1383	Creating stream 'Depth1' of type 'Depth'...
 3754680	[INFO]	XnProperty.cpp	74	Setting Device.ReadData to 1...
 3754754	[INFO]	XnDeviceSensorIO.cpp	298	Endpoints open
 3767464	[INFO]	XnProperty.cpp	151	Property Device.ReadData was changed to 1.
 3767527	[INFO]	XnProperty.cpp	101	Device.ReadData was successfully set.
 3767970	[INFO]	XnProperty.cpp	151	Property Depth1.Resolution was changed to 0.
 3767994	[INFO]	XnProperty.cpp	151	Property Depth1.XRes was changed to 320.
 3768012	[INFO]	XnProperty.cpp	151	Property Depth1.YRes was changed to 240.
 3768028	[INFO]	XnProperty.cpp	151	Property Depth1.FPS was changed to 30.
 3768042	[INFO]	XnProperty.cpp	151	Property Depth1.OutputFormat was changed to 1.
 3768060	[INFO]	XnProperty.cpp	151	Property Depth1.BytesPerPixel was changed to 2.
 3768076	[INFO]	XnProperty.cpp	151	Property Depth1.RequiredDataSize was changed to 153600.
 3768097	[INFO]	XnProperty.cpp	151	Property Depth1.ParamCoeff was changed to 4.
 3768174	[INFO]	XnProperty.cpp	151	Property Depth1.ShiftScale was changed to 10.
 3780469	[INFO]	XnProperty.cpp	151	Property Depth1.ConstShift was changed to 200.
 3780564	[INFO]	XnProperty.cpp	151	Property Depth1.ZPD was changed to 120.
 3780693	[INFO]	XnProperty.cpp	151	Property Depth1.ZPPS was changed to 0.104200.
 3780711	[INFO]	XnProperty.cpp	151	Property Depth1.LDDIS was changed to 7.500000.
 3780825	[INFO]	XnProperty.cpp	151	Property Depth1.Gain was changed to 30.
 3780859	[INFO]	XnDeviceBase.cpp	1458	Stream 'Depth1' was initialized.
 3780877	[INFO]	XnDeviceBase.cpp	1463	'Depth1' stream was created.
 3781057	[INFO]	XnProperty.cpp	74	Setting Depth1.InputFormat to 3...
 3781083	[INFO]	XnProperty.cpp	151	Property Depth1.InputFormat was changed to 3.
 3781100	[INFO]	XnProperty.cpp	101	Depth1.InputFormat was successfully set.
 3781685	[INFO]	XnProperty.cpp	74	Setting Depth1.RegistrationType to 2...
 3781707	[INFO]	XnProperty.cpp	151	Property Depth1.RegistrationType was changed to 2.
 3781722	[INFO]	XnProperty.cpp	101	Depth1.RegistrationType was successfully set.
 3782337	[INFO]	XnDeviceModule.cpp	431	Module 'Depth1' configuration was loaded from file.
 3782550	[INFO]	XnProperty.cpp	74	Setting Depth1.FPS to 30...
 3782572	[INFO]	XnProperty.cpp	86	Depth1.FPS value did not change.
 3782587	[INFO]	XnProperty.cpp	74	Setting Depth1.YRes to 480...
 3782607	[INFO]	XnProperty.cpp	151	Property Depth1.Resolution was changed to 1.
 3782624	[INFO]	XnProperty.cpp	151	Property Depth1.XRes was changed to 640.
 3782641	[INFO]	XnProperty.cpp	151	Property Depth1.RequiredDataSize was changed to 307200.
 3782660	[INFO]	XnProperty.cpp	151	Property Depth1.YRes was changed to 480.
 3782675	[INFO]	XnProperty.cpp	151	Property Depth1.RequiredDataSize was changed to 614400.
 3782693	[INFO]	XnProperty.cpp	101	Depth1.YRes was successfully set.
 3782709	[INFO]	XnProperty.cpp	74	Setting Depth1.XRes to 640...
 3782724	[INFO]	XnProperty.cpp	86	Depth1.XRes value did not change.
 3782779	[INFO]	XnProperty.cpp	74	Setting Depth1.Mirror to 1...
 3782798	[INFO]	XnProperty.cpp	151	Property Depth1.FirmwareMirror was changed to 1.
 3782852	[INFO]	XnProperty.cpp	151	Property Depth1.Mirror was changed to 1.
 3782869	[INFO]	XnProperty.cpp	101	Depth1.Mirror was successfully set.
 4867998	[INFO]	XnOpenNI.cpp	1261	Creating node 'User1' of type User...
 4892756	[WARNING]	Linux-x86Threads.cpp	173	Failed to set thread priority: Invalid argument
 4892800	[WARNING]	XnUSBLinux-x86.cpp	126	USB events thread: Failed to set thread priority to critical. This might cause loss of data...
 4893539	[INFO]	XnUSBLinux-x86.cpp	1222	USB read thread was started.
 4893561	[INFO]	XnProperty.cpp	151	Property Depth1.ActualReadData was changed to 1.
 5365352	[INFO]	XnProperty.cpp	151	Property Depth1.State was changed to 1.
 5365404	[INFO]	XnDeviceBase.cpp	370	Stream Depth1 is open.
 6984335	[INFO]	XnOpenNI.cpp	1261	Creating node 'Image1' of type Image...
 6984386	[INFO]	XnDeviceBase.cpp	1383	Creating stream 'Image1' of type 'Image'...
 6984593	[INFO]	XnProperty.cpp	151	Property Image1.Resolution was changed to 0.
 6984620	[INFO]	XnProperty.cpp	151	Property Image1.XRes was changed to 320.
 6984639	[INFO]	XnProperty.cpp	151	Property Image1.YRes was changed to 240.
 6984656	[INFO]	XnProperty.cpp	151	Property Image1.FPS was changed to 30.
 6984673	[INFO]	XnProperty.cpp	151	Property Image1.OutputFormat was changed to 5.
 6984690	[INFO]	XnProperty.cpp	151	Property Image1.BytesPerPixel was changed to 3.
 6984708	[INFO]	XnProperty.cpp	151	Property Image1.RequiredDataSize was changed to 230400.
 6984747	[INFO]	XnDeviceBase.cpp	1458	Stream 'Image1' was initialized.
 6984771	[INFO]	XnDeviceBase.cpp	1463	'Image1' stream was created.
 6984908	[INFO]	XnProperty.cpp	74	Setting Image1.InputFormat to 6...
 6984939	[INFO]	XnProperty.cpp	151	Property Image1.InputFormat was changed to 6.
 6984958	[INFO]	XnProperty.cpp	101	Image1.InputFormat was successfully set.
 6985558	[INFO]	XnDeviceModule.cpp	431	Module 'Image1' configuration was loaded from file.
 6985673	[INFO]	XnProperty.cpp	74	Setting Image1.FPS to 30...
 6985695	[INFO]	XnProperty.cpp	86	Image1.FPS value did not change.
 6985714	[INFO]	XnProperty.cpp	74	Setting Image1.YRes to 480...
 6985732	[INFO]	XnProperty.cpp	151	Property Image1.Resolution was changed to 1.
 6985752	[INFO]	XnProperty.cpp	151	Property Image1.XRes was changed to 640.
 6985772	[INFO]	XnProperty.cpp	151	Property Image1.RequiredDataSize was changed to 460800.
 6985795	[INFO]	XnProperty.cpp	151	Property Image1.YRes was changed to 480.
 6985816	[INFO]	XnProperty.cpp	151	Property Image1.RequiredDataSize was changed to 921600.
 6985838	[INFO]	XnProperty.cpp	101	Image1.YRes was successfully set.
 6985859	[INFO]	XnProperty.cpp	74	Setting Image1.XRes to 640...
 6985877	[INFO]	XnProperty.cpp	86	Image1.XRes value did not change.
 6987031	[INFO]	XnUSBLinux-x86.cpp	1222	USB read thread was started.
 6987082	[INFO]	XnProperty.cpp	151	Property Image1.ActualReadData was changed to 1.
 7165810	[WARNING]	XnDepthProcessor.cpp	133	Read: Depth buffer is corrupt. Size is 553616 (!= 614400)
 7165856	[WARNING]	XnFrameStreamProcessor.cpp	132	Depth frame is corrupt!
10066549	[WARNING]	XnDepthProcessor.cpp	133	Read: Depth buffer is corrupt. Size is 595248 (!= 614400)
10066600	[WARNING]	XnFrameStreamProcessor.cpp	132	Depth frame is corrupt!
10188299	[INFO]	XnProperty.cpp	151	Property Image1.State was changed to 1.
10188345	[INFO]	XnDeviceBase.cpp	370	Stream Image1 is open.
10188545	[INFO]	XnProperty.cpp	74	Setting Depth1.Registration to 1...
10202468	[WARNING]	XnDepthProcessor.cpp	133	Read: Depth buffer is corrupt. Size is 598272 (!= 614400)
10202525	[WARNING]	XnFrameStreamProcessor.cpp	132	Depth frame is corrupt!
10234474	[WARNING]	XnDepthProcessor.cpp	133	Read: Depth buffer is corrupt. Size is 596112 (!= 614400)
10234520	[WARNING]	XnFrameStreamProcessor.cpp	132	Depth frame is corrupt!
10340710	[INFO]	XnProperty.cpp	151	Property Depth1.Registration was changed to 1.
10340756	[INFO]	XnProperty.cpp	101	Depth1.Registration was successfully set.
10340811	[INFO]	XnProperty.cpp	74	Setting Image1.Mirror to 1...
10353288	[INFO]	XnProperty.cpp	151	Property Image1.FirmwareMirror was changed to 1.
10353362	[INFO]	XnProperty.cpp	151	Property Image1.Mirror was changed to 1.
10353375	[INFO]	XnProperty.cpp	101	Image1.Mirror was successfully set.
19546552	[INFO]	XnOpenNI.cpp	1459	Destroying node 'User1'
19556054	[INFO]	XnOpenNI.cpp	1459	Destroying node 'Depth1'
19556145	[INFO]	XnDeviceBase.cpp	1507	Destroying stream 'Depth1'...
19557787	[INFO]	XnOpenNI.cpp	1459	Destroying node 'Image1'
19557848	[INFO]	XnDeviceBase.cpp	1507	Destroying stream 'Image1'...
19558874	[INFO]	XnOpenNI.cpp	1459	Destroying node 'Device1'
