    1485	[INFO]	XnLog.cpp	165	OpenNI version is 1.0.0 (Build 25)-MacOSX (Jan  7 2011 14:20:18)
    1527	[INFO]	XnLog.cpp	173	Log system initialized. Console: 1, File: 1, Severity: INFO, Masks: ALL
    1550	[INFO]	XnLog.cpp	173	Log system initialized. Console: 1, File: 1, Severity: INFO, Masks: ALL
    2588	[INFO]	XnUSBLinux-x86.cpp	98	USB is initialized.
 2919270	[INFO]	XnOpenNI.cpp	1261	Creating node 'Device1' of type Device...
 2920405	[INFO]	XnDeviceModule.cpp	431	Module 'Device' configuration was loaded from file.
 3242700	[INFO]	XnDeviceSensorIO.cpp	135	Connected to USB device
 3242757	[INFO]	XnProperty.cpp	151	Property Device.USBPath was changed to 045e/02ae@253/8.
 3250057	[INFO]	XnHostProtocol.cpp	825	Hardware versions: FW=5.1.4 (7) HW=4 Chip=2 Sensor=4 SYS=7
 4661446	[INFO]	XnProperty.cpp	151	Property Device.ID was changed to 0.
 4661533	[INFO]	XnSensor.cpp	182	Device sensor initialized
 4661692	[INFO]	XnOpenNI.cpp	1261	Creating node 'Depth1' of type Depth...
 4661756	[INFO]	XnDeviceBase.cpp	1383	Creating stream 'Depth1' of type 'Depth'...
 4661788	[INFO]	XnProperty.cpp	74	Setting Device.ReadData to 1...
 4661844	[INFO]	XnDeviceSensorIO.cpp	298	Endpoints open
 4674364	[INFO]	XnProperty.cpp	151	Property Device.ReadData was changed to 1.
 4674419	[INFO]	XnProperty.cpp	101	Device.ReadData was successfully set.
 4674919	[INFO]	XnProperty.cpp	151	Property Depth1.Resolution was changed to 0.
 4674948	[INFO]	XnProperty.cpp	151	Property Depth1.XRes was changed to 320.
 4674969	[INFO]	XnProperty.cpp	151	Property Depth1.YRes was changed to 240.
 4674988	[INFO]	XnProperty.cpp	151	Property Depth1.FPS was changed to 30.
 4675006	[INFO]	XnProperty.cpp	151	Property Depth1.OutputFormat was changed to 1.
 4675024	[INFO]	XnProperty.cpp	151	Property Depth1.BytesPerPixel was changed to 2.
 4675044	[INFO]	XnProperty.cpp	151	Property Depth1.RequiredDataSize was changed to 153600.
 4675069	[INFO]	XnProperty.cpp	151	Property Depth1.ParamCoeff was changed to 4.
 4675164	[INFO]	XnProperty.cpp	151	Property Depth1.ShiftScale was changed to 10.
 4687249	[INFO]	XnProperty.cpp	151	Property Depth1.ConstShift was changed to 200.
 4687347	[INFO]	XnProperty.cpp	151	Property Depth1.ZPD was changed to 120.
 4687463	[INFO]	XnProperty.cpp	151	Property Depth1.ZPPS was changed to 0.104200.
 4687486	[INFO]	XnProperty.cpp	151	Property Depth1.LDDIS was changed to 7.500000.
 4687607	[INFO]	XnProperty.cpp	151	Property Depth1.Gain was changed to 30.
 4687652	[INFO]	XnDeviceBase.cpp	1458	Stream 'Depth1' was initialized.
 4687673	[INFO]	XnDeviceBase.cpp	1463	'Depth1' stream was created.
 4687890	[INFO]	XnProperty.cpp	74	Setting Depth1.InputFormat to 3...
 4687922	[INFO]	XnProperty.cpp	151	Property Depth1.InputFormat was changed to 3.
 4687941	[INFO]	XnProperty.cpp	101	Depth1.InputFormat was successfully set.
 4688601	[INFO]	XnProperty.cpp	74	Setting Depth1.RegistrationType to 2...
 4688633	[INFO]	XnProperty.cpp	151	Property Depth1.RegistrationType was changed to 2.
 4688652	[INFO]	XnProperty.cpp	101	Depth1.RegistrationType was successfully set.
 4689365	[INFO]	XnDeviceModule.cpp	431	Module 'Depth1' configuration was loaded from file.
 4689620	[INFO]	XnProperty.cpp	74	Setting Depth1.FPS to 30...
 4689645	[INFO]	XnProperty.cpp	86	Depth1.FPS value did not change.
 4689664	[INFO]	XnProperty.cpp	74	Setting Depth1.YRes to 480...
 4689687	[INFO]	XnProperty.cpp	151	Property Depth1.Resolution was changed to 1.
 4689709	[INFO]	XnProperty.cpp	151	Property Depth1.XRes was changed to 640.
 4689730	[INFO]	XnProperty.cpp	151	Property Depth1.RequiredDataSize was changed to 307200.
 4689750	[INFO]	XnProperty.cpp	151	Property Depth1.YRes was changed to 480.
 4689768	[INFO]	XnProperty.cpp	151	Property Depth1.RequiredDataSize was changed to 614400.
 4689786	[INFO]	XnProperty.cpp	101	Depth1.YRes was successfully set.
 4689803	[INFO]	XnProperty.cpp	74	Setting Depth1.XRes to 640...
 4689817	[INFO]	XnProperty.cpp	86	Depth1.XRes value did not change.
 4689879	[INFO]	XnProperty.cpp	74	Setting Depth1.Mirror to 1...
 4689904	[INFO]	XnProperty.cpp	151	Property Depth1.FirmwareMirror was changed to 1.
 4689967	[INFO]	XnProperty.cpp	151	Property Depth1.Mirror was changed to 1.
 4689988	[INFO]	XnProperty.cpp	101	Depth1.Mirror was successfully set.
 7185647	[INFO]	XnOpenNI.cpp	1261	Creating node 'User1' of type User...
 7210673	[WARNING]	Linux-x86Threads.cpp	173	Failed to set thread priority: Invalid argument
 7210716	[WARNING]	XnUSBLinux-x86.cpp	126	USB events thread: Failed to set thread priority to critical. This might cause loss of data...
 7211516	[INFO]	XnUSBLinux-x86.cpp	1222	USB read thread was started.
 7211544	[INFO]	XnProperty.cpp	151	Property Depth1.ActualReadData was changed to 1.
 7681937	[INFO]	XnProperty.cpp	151	Property Depth1.State was changed to 1.
 7681988	[INFO]	XnDeviceBase.cpp	370	Stream Depth1 is open.
10983385	[INFO]	XnOpenNI.cpp	1261	Creating node 'Image1' of type Image...
10983434	[INFO]	XnDeviceBase.cpp	1383	Creating stream 'Image1' of type 'Image'...
10983606	[INFO]	XnProperty.cpp	151	Property Image1.Resolution was changed to 0.
10983625	[INFO]	XnProperty.cpp	151	Property Image1.XRes was changed to 320.
10983638	[INFO]	XnProperty.cpp	151	Property Image1.YRes was changed to 240.
10983650	[INFO]	XnProperty.cpp	151	Property Image1.FPS was changed to 30.
10983661	[INFO]	XnProperty.cpp	151	Property Image1.OutputFormat was changed to 5.
10983673	[INFO]	XnProperty.cpp	151	Property Image1.BytesPerPixel was changed to 3.
10983686	[INFO]	XnProperty.cpp	151	Property Image1.RequiredDataSize was changed to 230400.
10983714	[INFO]	XnDeviceBase.cpp	1458	Stream 'Image1' was initialized.
10983728	[INFO]	XnDeviceBase.cpp	1463	'Image1' stream was created.
10983831	[INFO]	XnProperty.cpp	74	Setting Image1.InputFormat to 6...
10983852	[INFO]	XnProperty.cpp	151	Property Image1.InputFormat was changed to 6.
10983864	[INFO]	XnProperty.cpp	101	Image1.InputFormat was successfully set.
10984277	[INFO]	XnDeviceModule.cpp	431	Module 'Image1' configuration was loaded from file.
10984355	[INFO]	XnProperty.cpp	74	Setting Image1.FPS to 30...
10984370	[INFO]	XnProperty.cpp	86	Image1.FPS value did not change.
10984381	[INFO]	XnProperty.cpp	74	Setting Image1.YRes to 480...
10984394	[INFO]	XnProperty.cpp	151	Property Image1.Resolution was changed to 1.
10984406	[INFO]	XnProperty.cpp	151	Property Image1.XRes was changed to 640.
10984418	[INFO]	XnProperty.cpp	151	Property Image1.RequiredDataSize was changed to 460800.
10984431	[INFO]	XnProperty.cpp	151	Property Image1.YRes was changed to 480.
10984443	[INFO]	XnProperty.cpp	151	Property Image1.RequiredDataSize was changed to 921600.
10984455	[INFO]	XnProperty.cpp	101	Image1.YRes was successfully set.
10984468	[INFO]	XnProperty.cpp	74	Setting Image1.XRes to 640...
10984478	[INFO]	XnProperty.cpp	86	Image1.XRes value did not change.
10985376	[INFO]	XnUSBLinux-x86.cpp	1222	USB read thread was started.
10985413	[INFO]	XnProperty.cpp	151	Property Image1.ActualReadData was changed to 1.
11151197	[WARNING]	XnDepthProcessor.cpp	133	Read: Depth buffer is corrupt. Size is 595216 (!= 614400)
11151243	[WARNING]	XnFrameStreamProcessor.cpp	132	Depth frame is corrupt!
11183216	[WARNING]	XnDepthProcessor.cpp	133	Read: Depth buffer is corrupt. Size is 570784 (!= 614400)
11183261	[WARNING]	XnFrameStreamProcessor.cpp	132	Depth frame is corrupt!
14051335	[WARNING]	XnDepthProcessor.cpp	133	Read: Depth buffer is corrupt. Size is 609328 (!= 614400)
14051377	[WARNING]	XnFrameStreamProcessor.cpp	132	Depth frame is corrupt!
14186129	[INFO]	XnProperty.cpp	151	Property Image1.State was changed to 1.
14186179	[INFO]	XnDeviceBase.cpp	370	Stream Image1 is open.
14186371	[INFO]	XnProperty.cpp	74	Setting Depth1.Registration to 1...
14338127	[INFO]	XnProperty.cpp	151	Property Depth1.Registration was changed to 1.
14338179	[INFO]	XnProperty.cpp	101	Depth1.Registration was successfully set.
14338236	[INFO]	XnProperty.cpp	74	Setting Image1.Mirror to 1...
14350675	[INFO]	XnProperty.cpp	151	Property Image1.FirmwareMirror was changed to 1.
14350719	[INFO]	XnProperty.cpp	151	Property Image1.Mirror was changed to 1.
14350731	[INFO]	XnProperty.cpp	101	Image1.Mirror was successfully set.
54443706	[INFO]	XnOpenNI.cpp	1459	Destroying node 'User1'
54453535	[INFO]	XnOpenNI.cpp	1459	Destroying node 'Depth1'
54453648	[INFO]	XnDeviceBase.cpp	1507	Destroying stream 'Depth1'...
54455599	[INFO]	XnOpenNI.cpp	1459	Destroying node 'Image1'
54455658	[INFO]	XnDeviceBase.cpp	1507	Destroying stream 'Image1'...
54456423	[INFO]	XnOpenNI.cpp	1459	Destroying node 'Device1'
