    1549	[INFO]	XnLog.cpp	165	OpenNI version is 1.0.0 (Build 25)-MacOSX (Jan  7 2011 14:20:18)
    1590	[INFO]	XnLog.cpp	173	Log system initialized. Console: 1, File: 1, Severity: INFO, Masks: ALL
    1615	[INFO]	XnLog.cpp	173	Log system initialized. Console: 1, File: 1, Severity: INFO, Masks: ALL
    2714	[INFO]	XnUSBLinux-x86.cpp	98	USB is initialized.
 1963527	[INFO]	XnOpenNI.cpp	1261	Creating node 'Device1' of type Device...
 1964311	[INFO]	XnDeviceModule.cpp	431	Module 'Device' configuration was loaded from file.
 2221461	[INFO]	XnDeviceSensorIO.cpp	135	Connected to USB device
 2221511	[INFO]	XnProperty.cpp	151	Property Device.USBPath was changed to 045e/02ae@253/8.
 2229662	[INFO]	XnHostProtocol.cpp	825	Hardware versions: FW=5.1.4 (7) HW=4 Chip=2 Sensor=4 SYS=7
 3643368	[INFO]	XnProperty.cpp	151	Property Device.ID was changed to 0.
 3643445	[INFO]	XnSensor.cpp	182	Device sensor initialized
 3643592	[INFO]	XnOpenNI.cpp	1261	Creating node 'Depth1' of type Depth...
 3643668	[INFO]	XnDeviceBase.cpp	1383	Creating stream 'Depth1' of type 'Depth'...
 3643708	[INFO]	XnProperty.cpp	74	Setting Device.ReadData to 1...
 3643772	[INFO]	XnDeviceSensorIO.cpp	298	Endpoints open
 3655844	[INFO]	XnProperty.cpp	151	Property Device.ReadData was changed to 1.
 3655884	[INFO]	XnProperty.cpp	101	Device.ReadData was successfully set.
 3656467	[INFO]	XnProperty.cpp	151	Property Depth1.Resolution was changed to 0.
 3656501	[INFO]	XnProperty.cpp	151	Property Depth1.XRes was changed to 320.
 3656522	[INFO]	XnProperty.cpp	151	Property Depth1.YRes was changed to 240.
 3656544	[INFO]	XnProperty.cpp	151	Property Depth1.FPS was changed to 30.
 3656565	[INFO]	XnProperty.cpp	151	Property Depth1.OutputFormat was changed to 1.
 3656587	[INFO]	XnProperty.cpp	151	Property Depth1.BytesPerPixel was changed to 2.
 3656608	[INFO]	XnProperty.cpp	151	Property Depth1.RequiredDataSize was changed to 153600.
 3656635	[INFO]	XnProperty.cpp	151	Property Depth1.ParamCoeff was changed to 4.
 3656723	[INFO]	XnProperty.cpp	151	Property Depth1.ShiftScale was changed to 10.
 3669087	[INFO]	XnProperty.cpp	151	Property Depth1.ConstShift was changed to 200.
 3669173	[INFO]	XnProperty.cpp	151	Property Depth1.ZPD was changed to 120.
 3669313	[INFO]	XnProperty.cpp	151	Property Depth1.ZPPS was changed to 0.104200.
 3669343	[INFO]	XnProperty.cpp	151	Property Depth1.LDDIS was changed to 7.500000.
 3669483	[INFO]	XnProperty.cpp	151	Property Depth1.Gain was changed to 30.
 3669528	[INFO]	XnDeviceBase.cpp	1458	Stream 'Depth1' was initialized.
 3669559	[INFO]	XnDeviceBase.cpp	1463	'Depth1' stream was created.
 3669798	[INFO]	XnProperty.cpp	74	Setting Depth1.InputFormat to 3...
 3669833	[INFO]	XnProperty.cpp	151	Property Depth1.InputFormat was changed to 3.
 3669855	[INFO]	XnProperty.cpp	101	Depth1.InputFormat was successfully set.
 3670543	[INFO]	XnProperty.cpp	74	Setting Depth1.RegistrationType to 2...
 3670571	[INFO]	XnProperty.cpp	151	Property Depth1.RegistrationType was changed to 2.
 3670592	[INFO]	XnProperty.cpp	101	Depth1.RegistrationType was successfully set.
 3671305	[INFO]	XnDeviceModule.cpp	431	Module 'Depth1' configuration was loaded from file.
 3671540	[INFO]	XnProperty.cpp	74	Setting Depth1.FPS to 30...
 3671565	[INFO]	XnProperty.cpp	86	Depth1.FPS value did not change.
 3671586	[INFO]	XnProperty.cpp	74	Setting Depth1.YRes to 480...
 3671611	[INFO]	XnProperty.cpp	151	Property Depth1.Resolution was changed to 1.
 3671634	[INFO]	XnProperty.cpp	151	Property Depth1.XRes was changed to 640.
 3671654	[INFO]	XnProperty.cpp	151	Property Depth1.RequiredDataSize was changed to 307200.
 3671678	[INFO]	XnProperty.cpp	151	Property Depth1.YRes was changed to 480.
 3671699	[INFO]	XnProperty.cpp	151	Property Depth1.RequiredDataSize was changed to 614400.
 3671720	[INFO]	XnProperty.cpp	101	Depth1.YRes was successfully set.
 3671742	[INFO]	XnProperty.cpp	74	Setting Depth1.XRes to 640...
 3671761	[INFO]	XnProperty.cpp	86	Depth1.XRes value did not change.
 3671825	[INFO]	XnProperty.cpp	74	Setting Depth1.Mirror to 1...
 3671850	[INFO]	XnProperty.cpp	151	Property Depth1.FirmwareMirror was changed to 1.
 3671908	[INFO]	XnProperty.cpp	151	Property Depth1.Mirror was changed to 1.
 3671928	[INFO]	XnProperty.cpp	101	Depth1.Mirror was successfully set.
 4758700	[INFO]	XnOpenNI.cpp	1261	Creating node 'User1' of type User...
 4783405	[WARNING]	Linux-x86Threads.cpp	173	Failed to set thread priority: Invalid argument
 4783451	[WARNING]	XnUSBLinux-x86.cpp	126	USB events thread: Failed to set thread priority to critical. This might cause loss of data...
 4784316	[INFO]	XnUSBLinux-x86.cpp	1222	USB read thread was started.
 4784356	[INFO]	XnProperty.cpp	151	Property Depth1.ActualReadData was changed to 1.
 5255173	[INFO]	XnProperty.cpp	151	Property Depth1.State was changed to 1.
 5255205	[INFO]	XnDeviceBase.cpp	370	Stream Depth1 is open.
 6907063	[INFO]	XnOpenNI.cpp	1261	Creating node 'Image1' of type Image...
 6907114	[INFO]	XnDeviceBase.cpp	1383	Creating stream 'Image1' of type 'Image'...
 6907324	[INFO]	XnProperty.cpp	151	Property Image1.Resolution was changed to 0.
 6907350	[INFO]	XnProperty.cpp	151	Property Image1.XRes was changed to 320.
 6907369	[INFO]	XnProperty.cpp	151	Property Image1.YRes was changed to 240.
 6907386	[INFO]	XnProperty.cpp	151	Property Image1.FPS was changed to 30.
 6907405	[INFO]	XnProperty.cpp	151	Property Image1.OutputFormat was changed to 5.
 6907422	[INFO]	XnProperty.cpp	151	Property Image1.BytesPerPixel was changed to 3.
 6907440	[INFO]	XnProperty.cpp	151	Property Image1.RequiredDataSize was changed to 230400.
 6907480	[INFO]	XnDeviceBase.cpp	1458	Stream 'Image1' was initialized.
 6907501	[INFO]	XnDeviceBase.cpp	1463	'Image1' stream was created.
 6907630	[INFO]	XnProperty.cpp	74	Setting Image1.InputFormat to 6...
 6907660	[INFO]	XnProperty.cpp	151	Property Image1.InputFormat was changed to 6.
 6907677	[INFO]	XnProperty.cpp	101	Image1.InputFormat was successfully set.
 6908291	[INFO]	XnDeviceModule.cpp	431	Module 'Image1' configuration was loaded from file.
 6908403	[INFO]	XnProperty.cpp	74	Setting Image1.FPS to 30...
 6908426	[INFO]	XnProperty.cpp	86	Image1.FPS value did not change.
 6908444	[INFO]	XnProperty.cpp	74	Setting Image1.YRes to 480...
 6908462	[INFO]	XnProperty.cpp	151	Property Image1.Resolution was changed to 1.
 6908481	[INFO]	XnProperty.cpp	151	Property Image1.XRes was changed to 640.
 6908502	[INFO]	XnProperty.cpp	151	Property Image1.RequiredDataSize was changed to 460800.
 6908527	[INFO]	XnProperty.cpp	151	Property Image1.YRes was changed to 480.
 6908550	[INFO]	XnProperty.cpp	151	Property Image1.RequiredDataSize was changed to 921600.
 6908573	[INFO]	XnProperty.cpp	101	Image1.YRes was successfully set.
 6908598	[INFO]	XnProperty.cpp	74	Setting Image1.XRes to 640...
 6908617	[INFO]	XnProperty.cpp	86	Image1.XRes value did not change.
 6909695	[INFO]	XnUSBLinux-x86.cpp	1222	USB read thread was started.
 6909738	[INFO]	XnProperty.cpp	151	Property Image1.ActualReadData was changed to 1.
 7088088	[WARNING]	XnDepthProcessor.cpp	133	Read: Depth buffer is corrupt. Size is 548736 (!= 614400)
 7088164	[WARNING]	XnFrameStreamProcessor.cpp	132	Depth frame is corrupt!
 9992424	[WARNING]	XnDepthProcessor.cpp	133	Read: Depth buffer is corrupt. Size is 595296 (!= 614400)
 9992465	[WARNING]	XnFrameStreamProcessor.cpp	132	Depth frame is corrupt!
10110829	[INFO]	XnProperty.cpp	151	Property Image1.State was changed to 1.
10110870	[INFO]	XnDeviceBase.cpp	370	Stream Image1 is open.
10111046	[INFO]	XnProperty.cpp	74	Setting Depth1.Registration to 1...
10156587	[WARNING]	XnDepthProcessor.cpp	133	Read: Depth buffer is corrupt. Size is 586128 (!= 614400)
10156632	[WARNING]	XnFrameStreamProcessor.cpp	132	Depth frame is corrupt!
10262627	[INFO]	XnProperty.cpp	151	Property Depth1.Registration was changed to 1.
10262673	[INFO]	XnProperty.cpp	101	Depth1.Registration was successfully set.
10262727	[INFO]	XnProperty.cpp	74	Setting Image1.Mirror to 1...
10275287	[INFO]	XnProperty.cpp	151	Property Image1.FirmwareMirror was changed to 1.
10275329	[INFO]	XnProperty.cpp	151	Property Image1.Mirror was changed to 1.
10275341	[INFO]	XnProperty.cpp	101	Image1.Mirror was successfully set.
831912929	[INFO]	XnOpenNI.cpp	1459	Destroying node 'User1'
831921139	[INFO]	XnOpenNI.cpp	1459	Destroying node 'Depth1'
831921227	[INFO]	XnDeviceBase.cpp	1507	Destroying stream 'Depth1'...
831922714	[INFO]	XnOpenNI.cpp	1459	Destroying node 'Image1'
831922773	[INFO]	XnDeviceBase.cpp	1507	Destroying stream 'Image1'...
831923780	[INFO]	XnOpenNI.cpp	1459	Destroying node 'Device1'
