    1831	[INFO]	XnLog.cpp	165	OpenNI version is 1.0.0 (Build 25)-MacOSX (Jan  7 2011 14:20:18)
    1875	[INFO]	XnLog.cpp	173	Log system initialized. Console: 1, File: 1, Severity: INFO, Masks: ALL
    1914	[INFO]	XnLog.cpp	173	Log system initialized. Console: 1, File: 1, Severity: INFO, Masks: ALL
    3203	[INFO]	XnUSBLinux-x86.cpp	98	USB is initialized.
 4466660	[INFO]	XnOpenNI.cpp	1261	Creating node 'Device1' of type Device...
 4467712	[INFO]	XnDeviceModule.cpp	431	Module 'Device' configuration was loaded from file.
 5125675	[INFO]	XnDeviceSensorIO.cpp	135	Connected to USB device
 5125725	[INFO]	XnProperty.cpp	151	Property Device.USBPath was changed to 045e/02ae@253/8.
 5132593	[INFO]	XnHostProtocol.cpp	825	Hardware versions: FW=5.1.4 (7) HW=4 Chip=2 Sensor=4 SYS=7
 6541184	[INFO]	XnProperty.cpp	151	Property Device.ID was changed to 0.
 6541247	[INFO]	XnSensor.cpp	182	Device sensor initialized
 6541354	[INFO]	XnOpenNI.cpp	1261	Creating node 'Depth1' of type Depth...
 6541403	[INFO]	XnDeviceBase.cpp	1383	Creating stream 'Depth1' of type 'Depth'...
 6541428	[INFO]	XnProperty.cpp	74	Setting Device.ReadData to 1...
 6541464	[INFO]	XnDeviceSensorIO.cpp	298	Endpoints open
 6554046	[INFO]	XnProperty.cpp	151	Property Device.ReadData was changed to 1.
 6554104	[INFO]	XnProperty.cpp	101	Device.ReadData was successfully set.
 6554772	[INFO]	XnProperty.cpp	151	Property Depth1.Resolution was changed to 0.
 6554810	[INFO]	XnProperty.cpp	151	Property Depth1.XRes was changed to 320.
 6554838	[INFO]	XnProperty.cpp	151	Property Depth1.YRes was changed to 240.
 6554867	[INFO]	XnProperty.cpp	151	Property Depth1.FPS was changed to 30.
 6554903	[INFO]	XnProperty.cpp	151	Property Depth1.OutputFormat was changed to 1.
 6554940	[INFO]	XnProperty.cpp	151	Property Depth1.BytesPerPixel was changed to 2.
 6554978	[INFO]	XnProperty.cpp	151	Property Depth1.RequiredDataSize was changed to 153600.
 6555012	[INFO]	XnProperty.cpp	151	Property Depth1.ParamCoeff was changed to 4.
 6555133	[INFO]	XnProperty.cpp	151	Property Depth1.ShiftScale was changed to 10.
 6567599	[INFO]	XnProperty.cpp	151	Property Depth1.ConstShift was changed to 200.
 6567717	[INFO]	XnProperty.cpp	151	Property Depth1.ZPD was changed to 120.
 6567871	[INFO]	XnProperty.cpp	151	Property Depth1.ZPPS was changed to 0.104200.
 6567893	[INFO]	XnProperty.cpp	151	Property Depth1.LDDIS was changed to 7.500000.
 6568029	[INFO]	XnProperty.cpp	151	Property Depth1.Gain was changed to 30.
 6568070	[INFO]	XnDeviceBase.cpp	1458	Stream 'Depth1' was initialized.
 6568092	[INFO]	XnDeviceBase.cpp	1463	'Depth1' stream was created.
 6568323	[INFO]	XnProperty.cpp	74	Setting Depth1.InputFormat to 3...
 6568355	[INFO]	XnProperty.cpp	151	Property Depth1.InputFormat was changed to 3.
 6568377	[INFO]	XnProperty.cpp	101	Depth1.InputFormat was successfully set.
 6569072	[INFO]	XnProperty.cpp	74	Setting Depth1.RegistrationType to 2...
 6569096	[INFO]	XnProperty.cpp	151	Property Depth1.RegistrationType was changed to 2.
 6569114	[INFO]	XnProperty.cpp	101	Depth1.RegistrationType was successfully set.
 6569848	[INFO]	XnDeviceModule.cpp	431	Module 'Depth1' configuration was loaded from file.
 6570085	[INFO]	XnProperty.cpp	74	Setting Depth1.FPS to 30...
 6570113	[INFO]	XnProperty.cpp	86	Depth1.FPS value did not change.
 6570141	[INFO]	XnProperty.cpp	74	Setting Depth1.YRes to 480...
 6570176	[INFO]	XnProperty.cpp	151	Property Depth1.Resolution was changed to 1.
 6570206	[INFO]	XnProperty.cpp	151	Property Depth1.XRes was changed to 640.
 6570233	[INFO]	XnProperty.cpp	151	Property Depth1.RequiredDataSize was changed to 307200.
 6570256	[INFO]	XnProperty.cpp	151	Property Depth1.YRes was changed to 480.
 6570278	[INFO]	XnProperty.cpp	151	Property Depth1.RequiredDataSize was changed to 614400.
 6570295	[INFO]	XnProperty.cpp	101	Depth1.YRes was successfully set.
 6570312	[INFO]	XnProperty.cpp	74	Setting Depth1.XRes to 640...
 6570327	[INFO]	XnProperty.cpp	86	Depth1.XRes value did not change.
 6570382	[INFO]	XnProperty.cpp	74	Setting Depth1.Mirror to 1...
 6570402	[INFO]	XnProperty.cpp	151	Property Depth1.FirmwareMirror was changed to 1.
 6570451	[INFO]	XnProperty.cpp	151	Property Depth1.Mirror was changed to 1.
 6570466	[INFO]	XnProperty.cpp	101	Depth1.Mirror was successfully set.
