   31974	[INFO]	XnLog.cpp	165	OpenNI version is 1.0.0 (Build 25)-MacOSX (Jan  7 2011 14:20:18)
   32057	[INFO]	XnLog.cpp	173	Log system initialized. Console: 1, File: 1, Severity: INFO, Masks: ALL
   32099	[INFO]	XnLog.cpp	173	Log system initialized. Console: 1, File: 1, Severity: INFO, Masks: ALL
   33724	[INFO]	XnUSBLinux-x86.cpp	98	USB is initialized.
 1629653	[INFO]	XnOpenNI.cpp	1261	Creating node 'Device1' of type Device...
 1630495	[INFO]	XnDeviceModule.cpp	431	Module 'Device' configuration was loaded from file.
 1841605	[INFO]	XnDeviceSensorIO.cpp	135	Connected to USB device
 1841662	[INFO]	XnProperty.cpp	151	Property Device.USBPath was changed to 045e/02ae@253/8.
 1881323	[INFO]	XnHostProtocol.cpp	825	Hardware versions: FW=5.1.4 (7) HW=4 Chip=2 Sensor=4 SYS=7
 3290512	[INFO]	XnProperty.cpp	151	Property Device.ID was changed to 0.
 3290570	[INFO]	XnSensor.cpp	182	Device sensor initialized
 3290664	[INFO]	XnOpenNI.cpp	1261	Creating node 'Depth1' of type Depth...
 3290715	[INFO]	XnDeviceBase.cpp	1383	Creating stream 'Depth1' of type 'Depth'...
 3290737	[INFO]	XnProperty.cpp	74	Setting Device.ReadData to 1...
 3290798	[INFO]	XnDeviceSensorIO.cpp	298	Endpoints open
 3302887	[INFO]	XnProperty.cpp	151	Property Device.ReadData was changed to 1.
 3302937	[INFO]	XnProperty.cpp	101	Device.ReadData was successfully set.
 3303583	[INFO]	XnProperty.cpp	151	Property Depth1.Resolution was changed to 0.
 3303630	[INFO]	XnProperty.cpp	151	Property Depth1.XRes was changed to 320.
 3303656	[INFO]	XnProperty.cpp	151	Property Depth1.YRes was changed to 240.
 3303674	[INFO]	XnProperty.cpp	151	Property Depth1.FPS was changed to 30.
 3303689	[INFO]	XnProperty.cpp	151	Property Depth1.OutputFormat was changed to 1.
 3303703	[INFO]	XnProperty.cpp	151	Property Depth1.BytesPerPixel was changed to 2.
 3303728	[INFO]	XnProperty.cpp	151	Property Depth1.RequiredDataSize was changed to 153600.
 3303750	[INFO]	XnProperty.cpp	151	Property Depth1.ParamCoeff was changed to 4.
 3303825	[INFO]	XnProperty.cpp	151	Property Depth1.ShiftScale was changed to 10.
 3316318	[INFO]	XnProperty.cpp	151	Property Depth1.ConstShift was changed to 200.
 3316427	[INFO]	XnProperty.cpp	151	Property Depth1.ZPD was changed to 120.
 3316532	[INFO]	XnProperty.cpp	151	Property Depth1.ZPPS was changed to 0.104200.
 3316551	[INFO]	XnProperty.cpp	151	Property Depth1.LDDIS was changed to 7.500000.
 3316645	[INFO]	XnProperty.cpp	151	Property Depth1.Gain was changed to 30.
 3316679	[INFO]	XnDeviceBase.cpp	1458	Stream 'Depth1' was initialized.
 3316694	[INFO]	XnDeviceBase.cpp	1463	'Depth1' stream was created.
 3316855	[INFO]	XnProperty.cpp	74	Setting Depth1.InputFormat to 3...
 3316878	[INFO]	XnProperty.cpp	151	Property Depth1.InputFormat was changed to 3.
 3316892	[INFO]	XnProperty.cpp	101	Depth1.InputFormat was successfully set.
 3317326	[INFO]	XnProperty.cpp	74	Setting Depth1.RegistrationType to 2...
 3317343	[INFO]	XnProperty.cpp	151	Property Depth1.RegistrationType was changed to 2.
 3317354	[INFO]	XnProperty.cpp	101	Depth1.RegistrationType was successfully set.
 3317823	[INFO]	XnDeviceModule.cpp	431	Module 'Depth1' configuration was loaded from file.
 3318014	[INFO]	XnProperty.cpp	74	Setting Depth1.FPS to 30...
 3318033	[INFO]	XnProperty.cpp	86	Depth1.FPS value did not change.
 3318046	[INFO]	XnProperty.cpp	74	Setting Depth1.YRes to 480...
 3318061	[INFO]	XnProperty.cpp	151	Property Depth1.Resolution was changed to 1.
 3318073	[INFO]	XnProperty.cpp	151	Property Depth1.XRes was changed to 640.
 3318085	[INFO]	XnProperty.cpp	151	Property Depth1.RequiredDataSize was changed to 307200.
 3318101	[INFO]	XnProperty.cpp	151	Property Depth1.YRes was changed to 480.
 3318116	[INFO]	XnProperty.cpp	151	Property Depth1.RequiredDataSize was changed to 614400.
 3318135	[INFO]	XnProperty.cpp	101	Depth1.YRes was successfully set.
 3318155	[INFO]	XnProperty.cpp	74	Setting Depth1.XRes to 640...
 3318172	[INFO]	XnProperty.cpp	86	Depth1.XRes value did not change.
 3318229	[INFO]	XnProperty.cpp	74	Setting Depth1.Mirror to 1...
 3318247	[INFO]	XnProperty.cpp	151	Property Depth1.FirmwareMirror was changed to 1.
 3318294	[INFO]	XnProperty.cpp	151	Property Depth1.Mirror was changed to 1.
 3318305	[INFO]	XnProperty.cpp	101	Depth1.Mirror was successfully set.
 5749259	[INFO]	XnOpenNI.cpp	1261	Creating node 'User1' of type User...
 5776214	[WARNING]	Linux-x86Threads.cpp	173	Failed to set thread priority: Invalid argument
 5776259	[WARNING]	XnUSBLinux-x86.cpp	126	USB events thread: Failed to set thread priority to critical. This might cause loss of data...
 5776972	[INFO]	XnUSBLinux-x86.cpp	1222	USB read thread was started.
 5776997	[INFO]	XnProperty.cpp	151	Property Depth1.ActualReadData was changed to 1.
 6247903	[INFO]	XnProperty.cpp	151	Property Depth1.State was changed to 1.
 6247952	[INFO]	XnDeviceBase.cpp	370	Stream Depth1 is open.
 8670503	[INFO]	XnOpenNI.cpp	1261	Creating node 'Image1' of type Image...
 8670557	[INFO]	XnDeviceBase.cpp	1383	Creating stream 'Image1' of type 'Image'...
 8670750	[INFO]	XnProperty.cpp	151	Property Image1.Resolution was changed to 0.
 8670770	[INFO]	XnProperty.cpp	151	Property Image1.XRes was changed to 320.
 8670783	[INFO]	XnProperty.cpp	151	Property Image1.YRes was changed to 240.
 8670795	[INFO]	XnProperty.cpp	151	Property Image1.FPS was changed to 30.
 8670806	[INFO]	XnProperty.cpp	151	Property Image1.OutputFormat was changed to 5.
 8670817	[INFO]	XnProperty.cpp	151	Property Image1.BytesPerPixel was changed to 3.
 8670830	[INFO]	XnProperty.cpp	151	Property Image1.RequiredDataSize was changed to 230400.
 8670859	[INFO]	XnDeviceBase.cpp	1458	Stream 'Image1' was initialized.
 8670873	[INFO]	XnDeviceBase.cpp	1463	'Image1' stream was created.
 8670979	[INFO]	XnProperty.cpp	74	Setting Image1.InputFormat to 6...
 8671000	[INFO]	XnProperty.cpp	151	Property Image1.InputFormat was changed to 6.
 8671013	[INFO]	XnProperty.cpp	101	Image1.InputFormat was successfully set.
 8671419	[INFO]	XnDeviceModule.cpp	431	Module 'Image1' configuration was loaded from file.
 8671504	[INFO]	XnProperty.cpp	74	Setting Image1.FPS to 30...
 8671520	[INFO]	XnProperty.cpp	86	Image1.FPS value did not change.
 8671534	[INFO]	XnProperty.cpp	74	Setting Image1.YRes to 480...
 8671552	[INFO]	XnProperty.cpp	151	Property Image1.Resolution was changed to 1.
 8671569	[INFO]	XnProperty.cpp	151	Property Image1.XRes was changed to 640.
 8671583	[INFO]	XnProperty.cpp	151	Property Image1.RequiredDataSize was changed to 460800.
 8671596	[INFO]	XnProperty.cpp	151	Property Image1.YRes was changed to 480.
 8671612	[INFO]	XnProperty.cpp	151	Property Image1.RequiredDataSize was changed to 921600.
 8671630	[INFO]	XnProperty.cpp	101	Image1.YRes was successfully set.
 8671645	[INFO]	XnProperty.cpp	74	Setting Image1.XRes to 640...
 8671657	[INFO]	XnProperty.cpp	86	Image1.XRes value did not change.
 8672568	[INFO]	XnUSBLinux-x86.cpp	1222	USB read thread was started.
 8672615	[INFO]	XnProperty.cpp	151	Property Image1.ActualReadData was changed to 1.
 8848619	[WARNING]	XnDepthProcessor.cpp	133	Read: Depth buffer is corrupt. Size is 547072 (!= 614400)
 8848690	[WARNING]	XnFrameStreamProcessor.cpp	132	Depth frame is corrupt!
11748797	[WARNING]	XnDepthProcessor.cpp	133	Read: Depth buffer is corrupt. Size is 595024 (!= 614400)
11748842	[WARNING]	XnFrameStreamProcessor.cpp	132	Depth frame is corrupt!
11873077	[INFO]	XnProperty.cpp	151	Property Image1.State was changed to 1.
11873120	[INFO]	XnDeviceBase.cpp	370	Stream Image1 is open.
11873323	[INFO]	XnProperty.cpp	74	Setting Depth1.Registration to 1...
11916770	[WARNING]	XnDepthProcessor.cpp	133	Read: Depth buffer is corrupt. Size is 598336 (!= 614400)
11916819	[WARNING]	XnFrameStreamProcessor.cpp	132	Depth frame is corrupt!
12024775	[INFO]	XnProperty.cpp	151	Property Depth1.Registration was changed to 1.
12024829	[INFO]	XnProperty.cpp	101	Depth1.Registration was successfully set.
12024886	[INFO]	XnProperty.cpp	74	Setting Image1.Mirror to 1...
12037288	[INFO]	XnProperty.cpp	151	Property Image1.FirmwareMirror was changed to 1.
12037336	[INFO]	XnProperty.cpp	151	Property Image1.Mirror was changed to 1.
12037352	[INFO]	XnProperty.cpp	101	Image1.Mirror was successfully set.
93496985	[INFO]	XnOpenNI.cpp	1459	Destroying node 'User1'
93505796	[INFO]	XnOpenNI.cpp	1459	Destroying node 'Depth1'
93505891	[INFO]	XnDeviceBase.cpp	1507	Destroying stream 'Depth1'...
93507453	[INFO]	XnOpenNI.cpp	1459	Destroying node 'Image1'
93507516	[INFO]	XnDeviceBase.cpp	1507	Destroying stream 'Image1'...
93508520	[INFO]	XnOpenNI.cpp	1459	Destroying node 'Device1'
