    1827	[INFO]	XnLog.cpp	165	OpenNI version is 1.0.0 (Build 25)-MacOSX (Jan  7 2011 14:20:18)
    1879	[INFO]	XnLog.cpp	173	Log system initialized. Console: 1, File: 1, Severity: INFO, Masks: ALL
    1912	[INFO]	XnLog.cpp	173	Log system initialized. Console: 1, File: 1, Severity: INFO, Masks: ALL
    3222	[INFO]	XnUSBLinux-x86.cpp	98	USB is initialized.
 1597581	[INFO]	XnOpenNI.cpp	1261	Creating node 'Device1' of type Device...
 1598362	[INFO]	XnDeviceModule.cpp	431	Module 'Device' configuration was loaded from file.
 1809963	[INFO]	XnDeviceSensorIO.cpp	135	Connected to USB device
 1810017	[INFO]	XnProperty.cpp	151	Property Device.USBPath was changed to 045e/02ae@253/8.
 1817992	[INFO]	XnHostProtocol.cpp	825	Hardware versions: FW=5.1.4 (7) HW=4 Chip=2 Sensor=4 SYS=7
 3226534	[INFO]	XnProperty.cpp	151	Property Device.ID was changed to 0.
 3226630	[INFO]	XnSensor.cpp	182	Device sensor initialized
 3226762	[INFO]	XnOpenNI.cpp	1261	Creating node 'Depth1' of type Depth...
 3226828	[INFO]	XnDeviceBase.cpp	1383	Creating stream 'Depth1' of type 'Depth'...
 3226853	[INFO]	XnProperty.cpp	74	Setting Device.ReadData to 1...
 3226898	[INFO]	XnDeviceSensorIO.cpp	298	Endpoints open
 3239398	[INFO]	XnProperty.cpp	151	Property Device.ReadData was changed to 1.
 3239442	[INFO]	XnProperty.cpp	101	Device.ReadData was successfully set.
 3239785	[INFO]	XnProperty.cpp	151	Property Depth1.Resolution was changed to 0.
 3239805	[INFO]	XnProperty.cpp	151	Property Depth1.XRes was changed to 320.
 3239817	[INFO]	XnProperty.cpp	151	Property Depth1.YRes was changed to 240.
 3239829	[INFO]	XnProperty.cpp	151	Property Depth1.FPS was changed to 30.
 3239840	[INFO]	XnProperty.cpp	151	Property Depth1.OutputFormat was changed to 1.
 3239851	[INFO]	XnProperty.cpp	151	Property Depth1.BytesPerPixel was changed to 2.
 3239864	[INFO]	XnProperty.cpp	151	Property Depth1.RequiredDataSize was changed to 153600.
 3239880	[INFO]	XnProperty.cpp	151	Property Depth1.ParamCoeff was changed to 4.
 3239938	[INFO]	XnProperty.cpp	151	Property Depth1.ShiftScale was changed to 10.
 3252364	[INFO]	XnProperty.cpp	151	Property Depth1.ConstShift was changed to 200.
 3252446	[INFO]	XnProperty.cpp	151	Property Depth1.ZPD was changed to 120.
 3252542	[INFO]	XnProperty.cpp	151	Property Depth1.ZPPS was changed to 0.104200.
 3252556	[INFO]	XnProperty.cpp	151	Property Depth1.LDDIS was changed to 7.500000.
 3252653	[INFO]	XnProperty.cpp	151	Property Depth1.Gain was changed to 30.
 3252681	[INFO]	XnDeviceBase.cpp	1458	Stream 'Depth1' was initialized.
 3252696	[INFO]	XnDeviceBase.cpp	1463	'Depth1' stream was created.
 3252850	[INFO]	XnProperty.cpp	74	Setting Depth1.InputFormat to 3...
 3252873	[INFO]	XnProperty.cpp	151	Property Depth1.InputFormat was changed to 3.
 3252885	[INFO]	XnProperty.cpp	101	Depth1.InputFormat was successfully set.
 3253319	[INFO]	XnProperty.cpp	74	Setting Depth1.RegistrationType to 2...
 3253336	[INFO]	XnProperty.cpp	151	Property Depth1.RegistrationType was changed to 2.
 3253347	[INFO]	XnProperty.cpp	101	Depth1.RegistrationType was successfully set.
 3253820	[INFO]	XnDeviceModule.cpp	431	Module 'Depth1' configuration was loaded from file.
 3254016	[INFO]	XnProperty.cpp	74	Setting Depth1.FPS to 30...
 3254038	[INFO]	XnProperty.cpp	86	Depth1.FPS value did not change.
 3254057	[INFO]	XnProperty.cpp	74	Setting Depth1.YRes to 480...
 3254080	[INFO]	XnProperty.cpp	151	Property Depth1.Resolution was changed to 1.
 3254100	[INFO]	XnProperty.cpp	151	Property Depth1.XRes was changed to 640.
 3254120	[INFO]	XnProperty.cpp	151	Property Depth1.RequiredDataSize was changed to 307200.
 3254142	[INFO]	XnProperty.cpp	151	Property Depth1.YRes was changed to 480.
 3254161	[INFO]	XnProperty.cpp	151	Property Depth1.RequiredDataSize was changed to 614400.
 3254181	[INFO]	XnProperty.cpp	101	Depth1.YRes was successfully set.
 3254201	[INFO]	XnProperty.cpp	74	Setting Depth1.XRes to 640...
 3254218	[INFO]	XnProperty.cpp	86	Depth1.XRes value did not change.
 3254273	[INFO]	XnProperty.cpp	74	Setting Depth1.Mirror to 1...
 3254293	[INFO]	XnProperty.cpp	151	Property Depth1.FirmwareMirror was changed to 1.
 3254348	[INFO]	XnProperty.cpp	151	Property Depth1.Mirror was changed to 1.
 3254361	[INFO]	XnProperty.cpp	101	Depth1.Mirror was successfully set.
 4842121	[INFO]	XnOpenNI.cpp	1261	Creating node 'User1' of type User...
 4866106	[WARNING]	Linux-x86Threads.cpp	173	Failed to set thread priority: Invalid argument
 4866155	[WARNING]	XnUSBLinux-x86.cpp	126	USB events thread: Failed to set thread priority to critical. This might cause loss of data...
 4866985	[INFO]	XnUSBLinux-x86.cpp	1222	USB read thread was started.
 4867018	[INFO]	XnProperty.cpp	151	Property Depth1.ActualReadData was changed to 1.
 5337501	[INFO]	XnProperty.cpp	151	Property Depth1.State was changed to 1.
 5337540	[INFO]	XnDeviceBase.cpp	370	Stream Depth1 is open.
 6911737	[INFO]	XnOpenNI.cpp	1261	Creating node 'Image1' of type Image...
 6911788	[INFO]	XnDeviceBase.cpp	1383	Creating stream 'Image1' of type 'Image'...
 6911974	[INFO]	XnProperty.cpp	151	Property Image1.Resolution was changed to 0.
 6911996	[INFO]	XnProperty.cpp	151	Property Image1.XRes was changed to 320.
 6912015	[INFO]	XnProperty.cpp	151	Property Image1.YRes was changed to 240.
 6912034	[INFO]	XnProperty.cpp	151	Property Image1.FPS was changed to 30.
 6912053	[INFO]	XnProperty.cpp	151	Property Image1.OutputFormat was changed to 5.
 6912073	[INFO]	XnProperty.cpp	151	Property Image1.BytesPerPixel was changed to 3.
 6912092	[INFO]	XnProperty.cpp	151	Property Image1.RequiredDataSize was changed to 230400.
 6912134	[INFO]	XnDeviceBase.cpp	1458	Stream 'Image1' was initialized.
 6912175	[INFO]	XnDeviceBase.cpp	1463	'Image1' stream was created.
 6912320	[INFO]	XnProperty.cpp	74	Setting Image1.InputFormat to 6...
 6912350	[INFO]	XnProperty.cpp	151	Property Image1.InputFormat was changed to 6.
 6912369	[INFO]	XnProperty.cpp	101	Image1.InputFormat was successfully set.
 6913026	[INFO]	XnDeviceModule.cpp	431	Module 'Image1' configuration was loaded from file.
 6913125	[INFO]	XnProperty.cpp	74	Setting Image1.FPS to 30...
 6913143	[INFO]	XnProperty.cpp	86	Image1.FPS value did not change.
 6913162	[INFO]	XnProperty.cpp	74	Setting Image1.YRes to 480...
 6913181	[INFO]	XnProperty.cpp	151	Property Image1.Resolution was changed to 1.
 6913199	[INFO]	XnProperty.cpp	151	Property Image1.XRes was changed to 640.
 6913217	[INFO]	XnProperty.cpp	151	Property Image1.RequiredDataSize was changed to 460800.
 6913237	[INFO]	XnProperty.cpp	151	Property Image1.YRes was changed to 480.
 6913254	[INFO]	XnProperty.cpp	151	Property Image1.RequiredDataSize was changed to 921600.
 6913272	[INFO]	XnProperty.cpp	101	Image1.YRes was successfully set.
 6913291	[INFO]	XnProperty.cpp	74	Setting Image1.XRes to 640...
 6913307	[INFO]	XnProperty.cpp	86	Image1.XRes value did not change.
 6914285	[INFO]	XnUSBLinux-x86.cpp	1222	USB read thread was started.
 6914356	[INFO]	XnProperty.cpp	151	Property Image1.ActualReadData was changed to 1.
 7102957	[WARNING]	XnDepthProcessor.cpp	133	Read: Depth buffer is corrupt. Size is 548304 (!= 614400)
 7103004	[WARNING]	XnFrameStreamProcessor.cpp	132	Depth frame is corrupt!
10115401	[INFO]	XnProperty.cpp	151	Property Image1.State was changed to 1.
10115444	[INFO]	XnDeviceBase.cpp	370	Stream Image1 is open.
10115629	[INFO]	XnProperty.cpp	74	Setting Depth1.Registration to 1...
10267865	[INFO]	XnProperty.cpp	151	Property Depth1.Registration was changed to 1.
10267915	[INFO]	XnProperty.cpp	101	Depth1.Registration was successfully set.
10267964	[INFO]	XnProperty.cpp	74	Setting Image1.Mirror to 1...
10280252	[INFO]	XnProperty.cpp	151	Property Image1.FirmwareMirror was changed to 1.
10280295	[INFO]	XnProperty.cpp	151	Property Image1.Mirror was changed to 1.
10280309	[INFO]	XnProperty.cpp	101	Image1.Mirror was successfully set.
51728956	[INFO]	XnOpenNI.cpp	1459	Destroying node 'User1'
51735849	[INFO]	XnOpenNI.cpp	1459	Destroying node 'Depth1'
51735940	[INFO]	XnDeviceBase.cpp	1507	Destroying stream 'Depth1'...
51737149	[INFO]	XnOpenNI.cpp	1459	Destroying node 'Image1'
51737199	[INFO]	XnDeviceBase.cpp	1507	Destroying stream 'Image1'...
51737932	[INFO]	XnOpenNI.cpp	1459	Destroying node 'Device1'
