   31282	[INFO]	XnLog.cpp	165	OpenNI version is 1.0.0 (Build 25)-MacOSX (Jan  7 2011 14:20:18)
   31374	[INFO]	XnLog.cpp	173	Log system initialized. Console: 1, File: 1, Severity: INFO, Masks: ALL
   31416	[INFO]	XnLog.cpp	173	Log system initialized. Console: 1, File: 1, Severity: INFO, Masks: ALL
   33094	[INFO]	XnUSBLinux-x86.cpp	98	USB is initialized.
 1633775	[INFO]	XnOpenNI.cpp	1261	Creating node 'Device1' of type Device...
 1634595	[INFO]	XnDeviceModule.cpp	431	Module 'Device' configuration was loaded from file.
 1845706	[INFO]	XnDeviceSensorIO.cpp	135	Connected to USB device
 1845766	[INFO]	XnProperty.cpp	151	Property Device.USBPath was changed to 045e/02ae@253/8.
 1880759	[INFO]	XnHostProtocol.cpp	825	Hardware versions: FW=5.1.4 (7) HW=4 Chip=2 Sensor=4 SYS=7
 3289917	[INFO]	XnProperty.cpp	151	Property Device.ID was changed to 0.
 3289984	[INFO]	XnSensor.cpp	182	Device sensor initialized
 3290094	[INFO]	XnOpenNI.cpp	1261	Creating node 'Depth1' of type Depth...
 3290148	[INFO]	XnDeviceBase.cpp	1383	Creating stream 'Depth1' of type 'Depth'...
 3290178	[INFO]	XnProperty.cpp	74	Setting Device.ReadData to 1...
 3290223	[INFO]	XnDeviceSensorIO.cpp	298	Endpoints open
 3302373	[INFO]	XnProperty.cpp	151	Property Device.ReadData was changed to 1.
 3302419	[INFO]	XnProperty.cpp	101	Device.ReadData was successfully set.
 3302867	[INFO]	XnProperty.cpp	151	Property Depth1.Resolution was changed to 0.
 3302892	[INFO]	XnProperty.cpp	151	Property Depth1.XRes was changed to 320.
 3302909	[INFO]	XnProperty.cpp	151	Property Depth1.YRes was changed to 240.
 3302924	[INFO]	XnProperty.cpp	151	Property Depth1.FPS was changed to 30.
 3302939	[INFO]	XnProperty.cpp	151	Property Depth1.OutputFormat was changed to 1.
 3302954	[INFO]	XnProperty.cpp	151	Property Depth1.BytesPerPixel was changed to 2.
 3302971	[INFO]	XnProperty.cpp	151	Property Depth1.RequiredDataSize was changed to 153600.
 3302992	[INFO]	XnProperty.cpp	151	Property Depth1.ParamCoeff was changed to 4.
 3303070	[INFO]	XnProperty.cpp	151	Property Depth1.ShiftScale was changed to 10.
 3315545	[INFO]	XnProperty.cpp	151	Property Depth1.ConstShift was changed to 200.
 3315637	[INFO]	XnProperty.cpp	151	Property Depth1.ZPD was changed to 120.
 3315766	[INFO]	XnProperty.cpp	151	Property Depth1.ZPPS was changed to 0.104200.
 3315785	[INFO]	XnProperty.cpp	151	Property Depth1.LDDIS was changed to 7.500000.
 3315901	[INFO]	XnProperty.cpp	151	Property Depth1.Gain was changed to 30.
 3315936	[INFO]	XnDeviceBase.cpp	1458	Stream 'Depth1' was initialized.
 3315955	[INFO]	XnDeviceBase.cpp	1463	'Depth1' stream was created.
 3316133	[INFO]	XnProperty.cpp	74	Setting Depth1.InputFormat to 3...
 3316159	[INFO]	XnProperty.cpp	151	Property Depth1.InputFormat was changed to 3.
 3316175	[INFO]	XnProperty.cpp	101	Depth1.InputFormat was successfully set.
 3316755	[INFO]	XnProperty.cpp	74	Setting Depth1.RegistrationType to 2...
 3316781	[INFO]	XnProperty.cpp	151	Property Depth1.RegistrationType was changed to 2.
 3316804	[INFO]	XnProperty.cpp	101	Depth1.RegistrationType was successfully set.
 3317433	[INFO]	XnDeviceModule.cpp	431	Module 'Depth1' configuration was loaded from file.
 3317696	[INFO]	XnProperty.cpp	74	Setting Depth1.FPS to 30...
 3317732	[INFO]	XnProperty.cpp	86	Depth1.FPS value did not change.
 3317755	[INFO]	XnProperty.cpp	74	Setting Depth1.YRes to 480...
 3317782	[INFO]	XnProperty.cpp	151	Property Depth1.Resolution was changed to 1.
 3317809	[INFO]	XnProperty.cpp	151	Property Depth1.XRes was changed to 640.
 3317833	[INFO]	XnProperty.cpp	151	Property Depth1.RequiredDataSize was changed to 307200.
 3317861	[INFO]	XnProperty.cpp	151	Property Depth1.YRes was changed to 480.
 3317888	[INFO]	XnProperty.cpp	151	Property Depth1.RequiredDataSize was changed to 614400.
 3317913	[INFO]	XnProperty.cpp	101	Depth1.YRes was successfully set.
 3317937	[INFO]	XnProperty.cpp	74	Setting Depth1.XRes to 640...
 3317959	[INFO]	XnProperty.cpp	86	Depth1.XRes value did not change.
 3318031	[INFO]	XnProperty.cpp	74	Setting Depth1.Mirror to 1...
 3318059	[INFO]	XnProperty.cpp	151	Property Depth1.FirmwareMirror was changed to 1.
 3318135	[INFO]	XnProperty.cpp	151	Property Depth1.Mirror was changed to 1.
 3318156	[INFO]	XnProperty.cpp	101	Depth1.Mirror was successfully set.
 4900748	[INFO]	XnOpenNI.cpp	1261	Creating node 'User1' of type User...
 4926894	[WARNING]	Linux-x86Threads.cpp	173	Failed to set thread priority: Invalid argument
 4926943	[WARNING]	XnUSBLinux-x86.cpp	126	USB events thread: Failed to set thread priority to critical. This might cause loss of data...
 4927809	[INFO]	XnUSBLinux-x86.cpp	1222	USB read thread was started.
 4927842	[INFO]	XnProperty.cpp	151	Property Depth1.ActualReadData was changed to 1.
 5398874	[INFO]	XnProperty.cpp	151	Property Depth1.State was changed to 1.
 5398917	[INFO]	XnDeviceBase.cpp	370	Stream Depth1 is open.
 7822486	[INFO]	XnOpenNI.cpp	1261	Creating node 'Image1' of type Image...
 7822538	[INFO]	XnDeviceBase.cpp	1383	Creating stream 'Image1' of type 'Image'...
 7822711	[INFO]	XnProperty.cpp	151	Property Image1.Resolution was changed to 0.
 7822731	[INFO]	XnProperty.cpp	151	Property Image1.XRes was changed to 320.
 7822744	[INFO]	XnProperty.cpp	151	Property Image1.YRes was changed to 240.
 7822755	[INFO]	XnProperty.cpp	151	Property Image1.FPS was changed to 30.
 7822766	[INFO]	XnProperty.cpp	151	Property Image1.OutputFormat was changed to 5.
 7822777	[INFO]	XnProperty.cpp	151	Property Image1.BytesPerPixel was changed to 3.
 7822789	[INFO]	XnProperty.cpp	151	Property Image1.RequiredDataSize was changed to 230400.
 7822821	[INFO]	XnDeviceBase.cpp	1458	Stream 'Image1' was initialized.
 7822836	[INFO]	XnDeviceBase.cpp	1463	'Image1' stream was created.
 7822941	[INFO]	XnProperty.cpp	74	Setting Image1.InputFormat to 6...
 7822961	[INFO]	XnProperty.cpp	151	Property Image1.InputFormat was changed to 6.
 7822974	[INFO]	XnProperty.cpp	101	Image1.InputFormat was successfully set.
 7823413	[INFO]	XnDeviceModule.cpp	431	Module 'Image1' configuration was loaded from file.
 7823497	[INFO]	XnProperty.cpp	74	Setting Image1.FPS to 30...
 7823512	[INFO]	XnProperty.cpp	86	Image1.FPS value did not change.
 7823524	[INFO]	XnProperty.cpp	74	Setting Image1.YRes to 480...
 7823536	[INFO]	XnProperty.cpp	151	Property Image1.Resolution was changed to 1.
 7823548	[INFO]	XnProperty.cpp	151	Property Image1.XRes was changed to 640.
 7823560	[INFO]	XnProperty.cpp	151	Property Image1.RequiredDataSize was changed to 460800.
 7823573	[INFO]	XnProperty.cpp	151	Property Image1.YRes was changed to 480.
 7823585	[INFO]	XnProperty.cpp	151	Property Image1.RequiredDataSize was changed to 921600.
 7823598	[INFO]	XnProperty.cpp	101	Image1.YRes was successfully set.
 7823610	[INFO]	XnProperty.cpp	74	Setting Image1.XRes to 640...
 7823621	[INFO]	XnProperty.cpp	86	Image1.XRes value did not change.
 7825181	[INFO]	XnUSBLinux-x86.cpp	1222	USB read thread was started.
 7825237	[INFO]	XnProperty.cpp	151	Property Image1.ActualReadData was changed to 1.
 8004108	[WARNING]	XnFrameStreamProcessor.cpp	140	Depth Frame Buffer overflow! current size: 612768
 8004146	[WARNING]	XnFrameStreamProcessor.cpp	132	Depth frame is corrupt!
 8032120	[WARNING]	XnDepthProcessor.cpp	133	Read: Depth buffer is corrupt. Size is 612768 (!= 614400)
10900201	[WARNING]	XnDepthProcessor.cpp	133	Read: Depth buffer is corrupt. Size is 592272 (!= 614400)
10900248	[WARNING]	XnFrameStreamProcessor.cpp	132	Depth frame is corrupt!
11025781	[INFO]	XnProperty.cpp	151	Property Image1.State was changed to 1.
11025824	[INFO]	XnDeviceBase.cpp	370	Stream Image1 is open.
11026030	[INFO]	XnProperty.cpp	74	Setting Depth1.Registration to 1...
11068199	[WARNING]	XnDepthProcessor.cpp	133	Read: Depth buffer is corrupt. Size is 595584 (!= 614400)
11068254	[WARNING]	XnFrameStreamProcessor.cpp	132	Depth frame is corrupt!
11177282	[INFO]	XnProperty.cpp	151	Property Depth1.Registration was changed to 1.
11177328	[INFO]	XnProperty.cpp	101	Depth1.Registration was successfully set.
11177381	[INFO]	XnProperty.cpp	74	Setting Image1.Mirror to 1...
11189862	[INFO]	XnProperty.cpp	151	Property Image1.FirmwareMirror was changed to 1.
11189917	[INFO]	XnProperty.cpp	151	Property Image1.Mirror was changed to 1.
11189973	[INFO]	XnProperty.cpp	101	Image1.Mirror was successfully set.
53708481	[INFO]	XnOpenNI.cpp	1459	Destroying node 'User1'
53716568	[INFO]	XnOpenNI.cpp	1459	Destroying node 'Depth1'
53716661	[INFO]	XnDeviceBase.cpp	1507	Destroying stream 'Depth1'...
53718263	[INFO]	XnOpenNI.cpp	1459	Destroying node 'Image1'
53718337	[INFO]	XnDeviceBase.cpp	1507	Destroying stream 'Image1'...
53719440	[INFO]	XnOpenNI.cpp	1459	Destroying node 'Device1'
