    1698	[INFO]	XnLog.cpp	165	OpenNI version is 1.0.0 (Build 25)-MacOSX (Jan  7 2011 14:20:18)
    1749	[INFO]	XnLog.cpp	173	Log system initialized. Console: 1, File: 1, Severity: INFO, Masks: ALL
    1783	[INFO]	XnLog.cpp	173	Log system initialized. Console: 1, File: 1, Severity: INFO, Masks: ALL
    2906	[INFO]	XnUSBLinux-x86.cpp	98	USB is initialized.
 1959773	[INFO]	XnOpenNI.cpp	1261	Creating node 'Device1' of type Device...
 1960641	[INFO]	XnDeviceModule.cpp	431	Module 'Device' configuration was loaded from file.
 2225155	[INFO]	XnDeviceSensorIO.cpp	135	Connected to USB device
 2225211	[INFO]	XnProperty.cpp	151	Property Device.USBPath was changed to 045e/02ae@250/10.
 2232006	[INFO]	XnHostProtocol.cpp	825	Hardware versions: FW=5.1.4 (7) HW=4 Chip=2 Sensor=4 SYS=7
 3745099	[INFO]	XnProperty.cpp	151	Property Device.ID was changed to 0.
 3745167	[INFO]	XnSensor.cpp	182	Device sensor initialized
 3745269	[INFO]	XnOpenNI.cpp	1261	Creating node 'Depth1' of type Depth...
 3745321	[INFO]	XnDeviceBase.cpp	1383	Creating stream 'Depth1' of type 'Depth'...
 3745345	[INFO]	XnProperty.cpp	74	Setting Device.ReadData to 1...
 3745387	[INFO]	XnDeviceSensorIO.cpp	298	Endpoints open
 3757499	[INFO]	XnProperty.cpp	151	Property Device.ReadData was changed to 1.
 3757554	[INFO]	XnProperty.cpp	101	Device.ReadData was successfully set.
 3758053	[INFO]	XnProperty.cpp	151	Property Depth1.Resolution was changed to 0.
 3758081	[INFO]	XnProperty.cpp	151	Property Depth1.XRes was changed to 320.
 3758099	[INFO]	XnProperty.cpp	151	Property Depth1.YRes was changed to 240.
 3758116	[INFO]	XnProperty.cpp	151	Property Depth1.FPS was changed to 30.
 3758132	[INFO]	XnProperty.cpp	151	Property Depth1.OutputFormat was changed to 1.
 3758149	[INFO]	XnProperty.cpp	151	Property Depth1.BytesPerPixel was changed to 2.
 3758167	[INFO]	XnProperty.cpp	151	Property Depth1.RequiredDataSize was changed to 153600.
 3758191	[INFO]	XnProperty.cpp	151	Property Depth1.ParamCoeff was changed to 4.
 3758263	[INFO]	XnProperty.cpp	151	Property Depth1.ShiftScale was changed to 10.
 3770671	[INFO]	XnProperty.cpp	151	Property Depth1.ConstShift was changed to 200.
 3770763	[INFO]	XnProperty.cpp	151	Property Depth1.ZPD was changed to 120.
 3770880	[INFO]	XnProperty.cpp	151	Property Depth1.ZPPS was changed to 0.104200.
 3770906	[INFO]	XnProperty.cpp	151	Property Depth1.LDDIS was changed to 7.500000.
 3771027	[INFO]	XnProperty.cpp	151	Property Depth1.Gain was changed to 30.
 3771076	[INFO]	XnDeviceBase.cpp	1458	Stream 'Depth1' was initialized.
 3771101	[INFO]	XnDeviceBase.cpp	1463	'Depth1' stream was created.
 3771304	[INFO]	XnProperty.cpp	74	Setting Depth1.InputFormat to 3...
 3771334	[INFO]	XnProperty.cpp	151	Property Depth1.InputFormat was changed to 3.
 3771354	[INFO]	XnProperty.cpp	101	Depth1.InputFormat was successfully set.
 3772020	[INFO]	XnProperty.cpp	74	Setting Depth1.RegistrationType to 2...
 3772048	[INFO]	XnProperty.cpp	151	Property Depth1.RegistrationType was changed to 2.
 3772068	[INFO]	XnProperty.cpp	101	Depth1.RegistrationType was successfully set.
 3772767	[INFO]	XnDeviceModule.cpp	431	Module 'Depth1' configuration was loaded from file.
 3773010	[INFO]	XnProperty.cpp	74	Setting Depth1.FPS to 30...
 3773033	[INFO]	XnProperty.cpp	86	Depth1.FPS value did not change.
 3773054	[INFO]	XnProperty.cpp	74	Setting Depth1.YRes to 480...
 3773073	[INFO]	XnProperty.cpp	151	Property Depth1.Resolution was changed to 1.
 3773091	[INFO]	XnProperty.cpp	151	Property Depth1.XRes was changed to 640.
 3773110	[INFO]	XnProperty.cpp	151	Property Depth1.RequiredDataSize was changed to 307200.
 3773133	[INFO]	XnProperty.cpp	151	Property Depth1.YRes was changed to 480.
 3773153	[INFO]	XnProperty.cpp	151	Property Depth1.RequiredDataSize was changed to 614400.
 3773173	[INFO]	XnProperty.cpp	101	Depth1.YRes was successfully set.
 3773194	[INFO]	XnProperty.cpp	74	Setting Depth1.XRes to 640...
 3773212	[INFO]	XnProperty.cpp	86	Depth1.XRes value did not change.
 3773275	[INFO]	XnProperty.cpp	74	Setting Depth1.Mirror to 1...
 3773301	[INFO]	XnProperty.cpp	151	Property Depth1.FirmwareMirror was changed to 1.
 3773363	[INFO]	XnProperty.cpp	151	Property Depth1.Mirror was changed to 1.
 3773383	[INFO]	XnProperty.cpp	101	Depth1.Mirror was successfully set.
 4858851	[INFO]	XnOpenNI.cpp	1261	Creating node 'User1' of type User...
 4885215	[WARNING]	Linux-x86Threads.cpp	173	Failed to set thread priority: Invalid argument
 4885257	[WARNING]	XnUSBLinux-x86.cpp	126	USB events thread: Failed to set thread priority to critical. This might cause loss of data...
 4886156	[INFO]	XnUSBLinux-x86.cpp	1222	USB read thread was started.
 4886187	[INFO]	XnProperty.cpp	151	Property Depth1.ActualReadData was changed to 1.
 5357820	[INFO]	XnProperty.cpp	151	Property Depth1.State was changed to 1.
 5357869	[INFO]	XnDeviceBase.cpp	370	Stream Depth1 is open.
 6450400	[INFO]	XnOpenNI.cpp	1261	Creating node 'Image1' of type Image...
 6450461	[INFO]	XnDeviceBase.cpp	1383	Creating stream 'Image1' of type 'Image'...
 6450681	[INFO]	XnProperty.cpp	151	Property Image1.Resolution was changed to 0.
 6450702	[INFO]	XnProperty.cpp	151	Property Image1.XRes was changed to 320.
 6450716	[INFO]	XnProperty.cpp	151	Property Image1.YRes was changed to 240.
 6450728	[INFO]	XnProperty.cpp	151	Property Image1.FPS was changed to 30.
 6450739	[INFO]	XnProperty.cpp	151	Property Image1.OutputFormat was changed to 5.
 6450752	[INFO]	XnProperty.cpp	151	Property Image1.BytesPerPixel was changed to 3.
 6450764	[INFO]	XnProperty.cpp	151	Property Image1.RequiredDataSize was changed to 230400.
 6450792	[INFO]	XnDeviceBase.cpp	1458	Stream 'Image1' was initialized.
 6450806	[INFO]	XnDeviceBase.cpp	1463	'Image1' stream was created.
 6450911	[INFO]	XnProperty.cpp	74	Setting Image1.InputFormat to 6...
 6450932	[INFO]	XnProperty.cpp	151	Property Image1.InputFormat was changed to 6.
 6450945	[INFO]	XnProperty.cpp	101	Image1.InputFormat was successfully set.
 6451352	[INFO]	XnDeviceModule.cpp	431	Module 'Image1' configuration was loaded from file.
 6451449	[INFO]	XnProperty.cpp	74	Setting Image1.FPS to 30...
 6451467	[INFO]	XnProperty.cpp	86	Image1.FPS value did not change.
 6451479	[INFO]	XnProperty.cpp	74	Setting Image1.YRes to 480...
 6451491	[INFO]	XnProperty.cpp	151	Property Image1.Resolution was changed to 1.
 6451503	[INFO]	XnProperty.cpp	151	Property Image1.XRes was changed to 640.
 6451515	[INFO]	XnProperty.cpp	151	Property Image1.RequiredDataSize was changed to 460800.
 6451528	[INFO]	XnProperty.cpp	151	Property Image1.YRes was changed to 480.
 6451540	[INFO]	XnProperty.cpp	151	Property Image1.RequiredDataSize was changed to 921600.
 6451552	[INFO]	XnProperty.cpp	101	Image1.YRes was successfully set.
 6451564	[INFO]	XnProperty.cpp	74	Setting Image1.XRes to 640...
 6451575	[INFO]	XnProperty.cpp	86	Image1.XRes value did not change.
 6452426	[INFO]	XnUSBLinux-x86.cpp	1222	USB read thread was started.
 6452460	[INFO]	XnProperty.cpp	151	Property Image1.ActualReadData was changed to 1.
 6630498	[WARNING]	XnFrameStreamProcessor.cpp	140	Depth Frame Buffer overflow! current size: 612768
 6630545	[WARNING]	XnFrameStreamProcessor.cpp	132	Depth frame is corrupt!
 6654439	[WARNING]	XnDepthProcessor.cpp	133	Read: Depth buffer is corrupt. Size is 612768 (!= 614400)
 9654072	[INFO]	XnProperty.cpp	151	Property Image1.State was changed to 1.
 9654115	[INFO]	XnDeviceBase.cpp	370	Stream Image1 is open.
 9654293	[INFO]	XnProperty.cpp	74	Setting Depth1.Registration to 1...
 9661186	[WARNING]	XnFirmwareStreams.cpp	324	Unknown packet type (0x4857)!!!
 9665178	[WARNING]	XnFirmwareStreams.cpp	324	Unknown packet type (0x4857)!!!
 9806059	[INFO]	XnProperty.cpp	151	Property Depth1.Registration was changed to 1.
 9806111	[INFO]	XnProperty.cpp	101	Depth1.Registration was successfully set.
 9806159	[INFO]	XnProperty.cpp	74	Setting Image1.Mirror to 1...
 9818440	[INFO]	XnProperty.cpp	151	Property Image1.FirmwareMirror was changed to 1.
 9818485	[INFO]	XnProperty.cpp	151	Property Image1.Mirror was changed to 1.
 9818497	[INFO]	XnProperty.cpp	101	Image1.Mirror was successfully set.
23732635	[INFO]	XnOpenNI.cpp	1459	Destroying node 'User1'
23740244	[INFO]	XnOpenNI.cpp	1459	Destroying node 'Depth1'
23740335	[INFO]	XnDeviceBase.cpp	1507	Destroying stream 'Depth1'...
23741915	[INFO]	XnOpenNI.cpp	1459	Destroying node 'Image1'
23741976	[INFO]	XnDeviceBase.cpp	1507	Destroying stream 'Image1'...
23742817	[INFO]	XnOpenNI.cpp	1459	Destroying node 'Device1'
