    1772	[INFO]	XnLog.cpp	165	OpenNI version is 1.0.0 (Build 25)-MacOSX (Jan  7 2011 14:20:18)
    1827	[INFO]	XnLog.cpp	173	Log system initialized. Console: 1, File: 1, Severity: INFO, Masks: ALL
    1860	[INFO]	XnLog.cpp	173	Log system initialized. Console: 1, File: 1, Severity: INFO, Masks: ALL
    3325	[INFO]	XnUSBLinux-x86.cpp	98	USB is initialized.
 4480818	[INFO]	XnOpenNI.cpp	1261	Creating node 'Device1' of type Device...
 4481948	[INFO]	XnDeviceModule.cpp	431	Module 'Device' configuration was loaded from file.
 5140610	[INFO]	XnDeviceSensorIO.cpp	135	Connected to USB device
 5140660	[INFO]	XnProperty.cpp	151	Property Device.USBPath was changed to 045e/02ae@253/8.
 5148092	[INFO]	XnHostProtocol.cpp	825	Hardware versions: FW=5.1.4 (7) HW=4 Chip=2 Sensor=4 SYS=7
 6557549	[INFO]	XnProperty.cpp	151	Property Device.ID was changed to 0.
 6557645	[INFO]	XnSensor.cpp	182	Device sensor initialized
 6557814	[INFO]	XnOpenNI.cpp	1261	Creating node 'Depth1' of type Depth...
 6557903	[INFO]	XnDeviceBase.cpp	1383	Creating stream 'Depth1' of type 'Depth'...
 6557952	[INFO]	XnProperty.cpp	74	Setting Device.ReadData to 1...
 6558031	[INFO]	XnDeviceSensorIO.cpp	298	Endpoints open
 6570359	[INFO]	XnProperty.cpp	151	Property Device.ReadData was changed to 1.
 6570423	[INFO]	XnProperty.cpp	101	Device.ReadData was successfully set.
 6571059	[INFO]	XnProperty.cpp	151	Property Depth1.Resolution was changed to 0.
 6571096	[INFO]	XnProperty.cpp	151	Property Depth1.XRes was changed to 320.
 6571121	[INFO]	XnProperty.cpp	151	Property Depth1.YRes was changed to 240.
 6571146	[INFO]	XnProperty.cpp	151	Property Depth1.FPS was changed to 30.
 6571169	[INFO]	XnProperty.cpp	151	Property Depth1.OutputFormat was changed to 1.
 6571192	[INFO]	XnProperty.cpp	151	Property Depth1.BytesPerPixel was changed to 2.
 6571217	[INFO]	XnProperty.cpp	151	Property Depth1.RequiredDataSize was changed to 153600.
 6571249	[INFO]	XnProperty.cpp	151	Property Depth1.ParamCoeff was changed to 4.
 6571368	[INFO]	XnProperty.cpp	151	Property Depth1.ShiftScale was changed to 10.
 6583918	[INFO]	XnProperty.cpp	151	Property Depth1.ConstShift was changed to 200.
 6584018	[INFO]	XnProperty.cpp	151	Property Depth1.ZPD was changed to 120.
 6584197	[INFO]	XnProperty.cpp	151	Property Depth1.ZPPS was changed to 0.104200.
 6584240	[INFO]	XnProperty.cpp	151	Property Depth1.LDDIS was changed to 7.500000.
 6584421	[INFO]	XnProperty.cpp	151	Property Depth1.Gain was changed to 30.
 6584479	[INFO]	XnDeviceBase.cpp	1458	Stream 'Depth1' was initialized.
 6584513	[INFO]	XnDeviceBase.cpp	1463	'Depth1' stream was created.
 6584825	[INFO]	XnProperty.cpp	74	Setting Depth1.InputFormat to 3...
 6584874	[INFO]	XnProperty.cpp	151	Property Depth1.InputFormat was changed to 3.
 6584908	[INFO]	XnProperty.cpp	101	Depth1.InputFormat was successfully set.
 6585906	[INFO]	XnProperty.cpp	74	Setting Depth1.RegistrationType to 2...
 6585944	[INFO]	XnProperty.cpp	151	Property Depth1.RegistrationType was changed to 2.
 6585969	[INFO]	XnProperty.cpp	101	Depth1.RegistrationType was successfully set.
 6586928	[INFO]	XnDeviceModule.cpp	431	Module 'Depth1' configuration was loaded from file.
 6587216	[INFO]	XnProperty.cpp	74	Setting Depth1.FPS to 30...
 6587249	[INFO]	XnProperty.cpp	86	Depth1.FPS value did not change.
 6587276	[INFO]	XnProperty.cpp	74	Setting Depth1.YRes to 480...
 6587306	[INFO]	XnProperty.cpp	151	Property Depth1.Resolution was changed to 1.
 6587336	[INFO]	XnProperty.cpp	151	Property Depth1.XRes was changed to 640.
 6587363	[INFO]	XnProperty.cpp	151	Property Depth1.RequiredDataSize was changed to 307200.
 6587394	[INFO]	XnProperty.cpp	151	Property Depth1.YRes was changed to 480.
 6587422	[INFO]	XnProperty.cpp	151	Property Depth1.RequiredDataSize was changed to 614400.
 6587451	[INFO]	XnProperty.cpp	101	Depth1.YRes was successfully set.
 6587481	[INFO]	XnProperty.cpp	74	Setting Depth1.XRes to 640...
 6587506	[INFO]	XnProperty.cpp	86	Depth1.XRes value did not change.
 6587585	[INFO]	XnProperty.cpp	74	Setting Depth1.Mirror to 1...
 6587618	[INFO]	XnProperty.cpp	151	Property Depth1.FirmwareMirror was changed to 1.
 6587691	[INFO]	XnProperty.cpp	151	Property Depth1.Mirror was changed to 1.
 6587719	[INFO]	XnProperty.cpp	101	Depth1.Mirror was successfully set.
11417726	[INFO]	XnOpenNI.cpp	1261	Creating node 'User1' of type User...
11440408	[WARNING]	Linux-x86Threads.cpp	173	Failed to set thread priority: Invalid argument
11440452	[WARNING]	XnUSBLinux-x86.cpp	126	USB events thread: Failed to set thread priority to critical. This might cause loss of data...
11441192	[INFO]	XnUSBLinux-x86.cpp	1222	USB read thread was started.
11441216	[INFO]	XnProperty.cpp	151	Property Depth1.ActualReadData was changed to 1.
11911619	[INFO]	XnProperty.cpp	151	Property Depth1.State was changed to 1.
11911672	[INFO]	XnDeviceBase.cpp	370	Stream Depth1 is open.
17465143	[INFO]	XnOpenNI.cpp	1261	Creating node 'Image1' of type Image...
17465193	[INFO]	XnDeviceBase.cpp	1383	Creating stream 'Image1' of type 'Image'...
17465373	[INFO]	XnProperty.cpp	151	Property Image1.Resolution was changed to 0.
17465391	[INFO]	XnProperty.cpp	151	Property Image1.XRes was changed to 320.
17465405	[INFO]	XnProperty.cpp	151	Property Image1.YRes was changed to 240.
17465417	[INFO]	XnProperty.cpp	151	Property Image1.FPS was changed to 30.
17465428	[INFO]	XnProperty.cpp	151	Property Image1.OutputFormat was changed to 5.
17465440	[INFO]	XnProperty.cpp	151	Property Image1.BytesPerPixel was changed to 3.
17465452	[INFO]	XnProperty.cpp	151	Property Image1.RequiredDataSize was changed to 230400.
17465480	[INFO]	XnDeviceBase.cpp	1458	Stream 'Image1' was initialized.
17465495	[INFO]	XnDeviceBase.cpp	1463	'Image1' stream was created.
17465601	[INFO]	XnProperty.cpp	74	Setting Image1.InputFormat to 6...
17465622	[INFO]	XnProperty.cpp	151	Property Image1.InputFormat was changed to 6.
17465634	[INFO]	XnProperty.cpp	101	Image1.InputFormat was successfully set.
17466043	[INFO]	XnDeviceModule.cpp	431	Module 'Image1' configuration was loaded from file.
17466124	[INFO]	XnProperty.cpp	74	Setting Image1.FPS to 30...
17466140	[INFO]	XnProperty.cpp	86	Image1.FPS value did not change.
17466151	[INFO]	XnProperty.cpp	74	Setting Image1.YRes to 480...
17466165	[INFO]	XnProperty.cpp	151	Property Image1.Resolution was changed to 1.
17466176	[INFO]	XnProperty.cpp	151	Property Image1.XRes was changed to 640.
17466188	[INFO]	XnProperty.cpp	151	Property Image1.RequiredDataSize was changed to 460800.
17466201	[INFO]	XnProperty.cpp	151	Property Image1.YRes was changed to 480.
17466213	[INFO]	XnProperty.cpp	151	Property Image1.RequiredDataSize was changed to 921600.
17466226	[INFO]	XnProperty.cpp	101	Image1.YRes was successfully set.
17466238	[INFO]	XnProperty.cpp	74	Setting Image1.XRes to 640...
17466249	[INFO]	XnProperty.cpp	86	Image1.XRes value did not change.
17467111	[INFO]	XnUSBLinux-x86.cpp	1222	USB read thread was started.
17467148	[INFO]	XnProperty.cpp	151	Property Image1.ActualReadData was changed to 1.
17648974	[WARNING]	XnDepthProcessor.cpp	133	Read: Depth buffer is corrupt. Size is 525904 (!= 614400)
17649021	[WARNING]	XnFrameStreamProcessor.cpp	132	Depth frame is corrupt!
20667435	[INFO]	XnProperty.cpp	151	Property Image1.State was changed to 1.
20667478	[INFO]	XnDeviceBase.cpp	370	Stream Image1 is open.
20667659	[INFO]	XnProperty.cpp	74	Setting Depth1.Registration to 1...
20685078	[WARNING]	XnDepthProcessor.cpp	133	Read: Depth buffer is corrupt. Size is 592800 (!= 614400)
20685124	[WARNING]	XnFrameStreamProcessor.cpp	132	Depth frame is corrupt!
20819775	[INFO]	XnProperty.cpp	151	Property Depth1.Registration was changed to 1.
20819818	[INFO]	XnProperty.cpp	101	Depth1.Registration was successfully set.
20819864	[INFO]	XnProperty.cpp	74	Setting Image1.Mirror to 1...
20832410	[INFO]	XnProperty.cpp	151	Property Image1.FirmwareMirror was changed to 1.
20832451	[INFO]	XnProperty.cpp	151	Property Image1.Mirror was changed to 1.
20832463	[INFO]	XnProperty.cpp	101	Image1.Mirror was successfully set.
142968622	[INFO]	XnOpenNI.cpp	1459	Destroying node 'User1'
142978202	[INFO]	XnOpenNI.cpp	1459	Destroying node 'Depth1'
142978299	[INFO]	XnDeviceBase.cpp	1507	Destroying stream 'Depth1'...
142979875	[INFO]	XnOpenNI.cpp	1459	Destroying node 'Image1'
142980012	[INFO]	XnDeviceBase.cpp	1507	Destroying stream 'Image1'...
142981962	[INFO]	XnOpenNI.cpp	1459	Destroying node 'Device1'
