    3045	[INFO]	XnLog.cpp	165	OpenNI version is 1.0.0 (Build 25)-MacOSX (Jan  7 2011 14:20:18)
    3121	[INFO]	XnLog.cpp	173	Log system initialized. Console: 1, File: 1, Severity: INFO, Masks: ALL
    3183	[INFO]	XnLog.cpp	173	Log system initialized. Console: 1, File: 1, Severity: INFO, Masks: ALL
    6566	[INFO]	XnUSBLinux-x86.cpp	98	USB is initialized.
 1961460	[INFO]	XnOpenNI.cpp	1261	Creating node 'Device1' of type Device...
 1962602	[INFO]	XnDeviceModule.cpp	431	Module 'Device' configuration was loaded from file.
 2226040	[INFO]	XnDeviceSensorIO.cpp	135	Connected to USB device
 2226095	[INFO]	XnProperty.cpp	151	Property Device.USBPath was changed to 045e/02ae@250/10.
 2233668	[INFO]	XnHostProtocol.cpp	825	Hardware versions: FW=5.1.4 (7) HW=4 Chip=2 Sensor=4 SYS=7
 3644069	[INFO]	XnProperty.cpp	151	Property Device.ID was changed to 0.
 3644133	[INFO]	XnSensor.cpp	182	Device sensor initialized
 3644235	[INFO]	XnOpenNI.cpp	1261	Creating node 'Depth1' of type Depth...
 3644282	[INFO]	XnDeviceBase.cpp	1383	Creating stream 'Depth1' of type 'Depth'...
 3644304	[INFO]	XnProperty.cpp	74	Setting Device.ReadData to 1...
 3644350	[INFO]	XnDeviceSensorIO.cpp	298	Endpoints open
 3656664	[INFO]	XnProperty.cpp	151	Property Device.ReadData was changed to 1.
 3656705	[INFO]	XnProperty.cpp	101	Device.ReadData was successfully set.
 3657097	[INFO]	XnProperty.cpp	151	Property Depth1.Resolution was changed to 0.
 3657119	[INFO]	XnProperty.cpp	151	Property Depth1.XRes was changed to 320.
 3657134	[INFO]	XnProperty.cpp	151	Property Depth1.YRes was changed to 240.
 3657147	[INFO]	XnProperty.cpp	151	Property Depth1.FPS was changed to 30.
 3657160	[INFO]	XnProperty.cpp	151	Property Depth1.OutputFormat was changed to 1.
 3657173	[INFO]	XnProperty.cpp	151	Property Depth1.BytesPerPixel was changed to 2.
 3657187	[INFO]	XnProperty.cpp	151	Property Depth1.RequiredDataSize was changed to 153600.
 3657205	[INFO]	XnProperty.cpp	151	Property Depth1.ParamCoeff was changed to 4.
 3657272	[INFO]	XnProperty.cpp	151	Property Depth1.ShiftScale was changed to 10.
 3669717	[INFO]	XnProperty.cpp	151	Property Depth1.ConstShift was changed to 200.
 3669801	[INFO]	XnProperty.cpp	151	Property Depth1.ZPD was changed to 120.
 3669897	[INFO]	XnProperty.cpp	151	Property Depth1.ZPPS was changed to 0.104200.
 3669911	[INFO]	XnProperty.cpp	151	Property Depth1.LDDIS was changed to 7.500000.
 3669999	[INFO]	XnProperty.cpp	151	Property Depth1.Gain was changed to 30.
 3670028	[INFO]	XnDeviceBase.cpp	1458	Stream 'Depth1' was initialized.
 3670042	[INFO]	XnDeviceBase.cpp	1463	'Depth1' stream was created.
 3670189	[INFO]	XnProperty.cpp	74	Setting Depth1.InputFormat to 3...
 3670210	[INFO]	XnProperty.cpp	151	Property Depth1.InputFormat was changed to 3.
 3670222	[INFO]	XnProperty.cpp	101	Depth1.InputFormat was successfully set.
 3670667	[INFO]	XnProperty.cpp	74	Setting Depth1.RegistrationType to 2...
 3670686	[INFO]	XnProperty.cpp	151	Property Depth1.RegistrationType was changed to 2.
 3670697	[INFO]	XnProperty.cpp	101	Depth1.RegistrationType was successfully set.
 3671330	[INFO]	XnDeviceModule.cpp	431	Module 'Depth1' configuration was loaded from file.
 3671519	[INFO]	XnProperty.cpp	74	Setting Depth1.FPS to 30...
 3671538	[INFO]	XnProperty.cpp	86	Depth1.FPS value did not change.
 3671551	[INFO]	XnProperty.cpp	74	Setting Depth1.YRes to 480...
 3671567	[INFO]	XnProperty.cpp	151	Property Depth1.Resolution was changed to 1.
 3671590	[INFO]	XnProperty.cpp	151	Property Depth1.XRes was changed to 640.
 3671608	[INFO]	XnProperty.cpp	151	Property Depth1.RequiredDataSize was changed to 307200.
 3671626	[INFO]	XnProperty.cpp	151	Property Depth1.YRes was changed to 480.
 3671639	[INFO]	XnProperty.cpp	151	Property Depth1.RequiredDataSize was changed to 614400.
 3671652	[INFO]	XnProperty.cpp	101	Depth1.YRes was successfully set.
 3671664	[INFO]	XnProperty.cpp	74	Setting Depth1.XRes to 640...
 3671676	[INFO]	XnProperty.cpp	86	Depth1.XRes value did not change.
 3671720	[INFO]	XnProperty.cpp	74	Setting Depth1.Mirror to 1...
 3671735	[INFO]	XnProperty.cpp	151	Property Depth1.FirmwareMirror was changed to 1.
 3671785	[INFO]	XnProperty.cpp	151	Property Depth1.Mirror was changed to 1.
 3671796	[INFO]	XnProperty.cpp	101	Depth1.Mirror was successfully set.
 4770979	[INFO]	XnOpenNI.cpp	1261	Creating node 'User1' of type User...
 4796300	[WARNING]	Linux-x86Threads.cpp	173	Failed to set thread priority: Invalid argument
 4796345	[WARNING]	XnUSBLinux-x86.cpp	126	USB events thread: Failed to set thread priority to critical. This might cause loss of data...
 4797118	[INFO]	XnUSBLinux-x86.cpp	1222	USB read thread was started.
 4797144	[INFO]	XnProperty.cpp	151	Property Depth1.ActualReadData was changed to 1.
 5268715	[INFO]	XnProperty.cpp	151	Property Depth1.State was changed to 1.
 5268759	[INFO]	XnDeviceBase.cpp	370	Stream Depth1 is open.
 6362042	[INFO]	XnOpenNI.cpp	1261	Creating node 'Image1' of type Image...
 6362093	[INFO]	XnDeviceBase.cpp	1383	Creating stream 'Image1' of type 'Image'...
 6362316	[INFO]	XnProperty.cpp	151	Property Image1.Resolution was changed to 0.
 6362342	[INFO]	XnProperty.cpp	151	Property Image1.XRes was changed to 320.
 6362360	[INFO]	XnProperty.cpp	151	Property Image1.YRes was changed to 240.
 6362378	[INFO]	XnProperty.cpp	151	Property Image1.FPS was changed to 30.
 6362395	[INFO]	XnProperty.cpp	151	Property Image1.OutputFormat was changed to 5.
 6362414	[INFO]	XnProperty.cpp	151	Property Image1.BytesPerPixel was changed to 3.
 6362433	[INFO]	XnProperty.cpp	151	Property Image1.RequiredDataSize was changed to 230400.
 6362473	[INFO]	XnDeviceBase.cpp	1458	Stream 'Image1' was initialized.
 6362495	[INFO]	XnDeviceBase.cpp	1463	'Image1' stream was created.
 6362628	[INFO]	XnProperty.cpp	74	Setting Image1.InputFormat to 6...
 6362658	[INFO]	XnProperty.cpp	151	Property Image1.InputFormat was changed to 6.
 6362677	[INFO]	XnProperty.cpp	101	Image1.InputFormat was successfully set.
 6363311	[INFO]	XnDeviceModule.cpp	431	Module 'Image1' configuration was loaded from file.
 6363419	[INFO]	XnProperty.cpp	74	Setting Image1.FPS to 30...
 6363441	[INFO]	XnProperty.cpp	86	Image1.FPS value did not change.
 6363458	[INFO]	XnProperty.cpp	74	Setting Image1.YRes to 480...
 6363478	[INFO]	XnProperty.cpp	151	Property Image1.Resolution was changed to 1.
 6363498	[INFO]	XnProperty.cpp	151	Property Image1.XRes was changed to 640.
 6363519	[INFO]	XnProperty.cpp	151	Property Image1.RequiredDataSize was changed to 460800.
 6363543	[INFO]	XnProperty.cpp	151	Property Image1.YRes was changed to 480.
 6363565	[INFO]	XnProperty.cpp	151	Property Image1.RequiredDataSize was changed to 921600.
 6363587	[INFO]	XnProperty.cpp	101	Image1.YRes was successfully set.
 6363609	[INFO]	XnProperty.cpp	74	Setting Image1.XRes to 640...
 6363627	[INFO]	XnProperty.cpp	86	Image1.XRes value did not change.
 6364736	[INFO]	XnUSBLinux-x86.cpp	1222	USB read thread was started.
 6364776	[INFO]	XnProperty.cpp	151	Property Image1.ActualReadData was changed to 1.
 6533055	[WARNING]	XnDepthProcessor.cpp	133	Read: Depth buffer is corrupt. Size is 585184 (!= 614400)
 6533111	[WARNING]	XnFrameStreamProcessor.cpp	132	Depth frame is corrupt!
 6565089	[WARNING]	XnDepthProcessor.cpp	133	Read: Depth buffer is corrupt. Size is 586752 (!= 614400)
 6565134	[WARNING]	XnFrameStreamProcessor.cpp	132	Depth frame is corrupt!
 9565568	[INFO]	XnProperty.cpp	151	Property Image1.State was changed to 1.
 9565619	[INFO]	XnDeviceBase.cpp	370	Stream Image1 is open.
 9565843	[INFO]	XnProperty.cpp	74	Setting Depth1.Registration to 1...
 9720557	[INFO]	XnProperty.cpp	151	Property Depth1.Registration was changed to 1.
 9720604	[INFO]	XnProperty.cpp	101	Depth1.Registration was successfully set.
 9720659	[INFO]	XnProperty.cpp	74	Setting Image1.Mirror to 1...
 9733096	[INFO]	XnProperty.cpp	151	Property Image1.FirmwareMirror was changed to 1.
 9733139	[INFO]	XnProperty.cpp	151	Property Image1.Mirror was changed to 1.
 9733152	[INFO]	XnProperty.cpp	101	Image1.Mirror was successfully set.
40655483	[INFO]	XnOpenNI.cpp	1459	Destroying node 'User1'
40663084	[INFO]	XnOpenNI.cpp	1459	Destroying node 'Depth1'
40663173	[INFO]	XnDeviceBase.cpp	1507	Destroying stream 'Depth1'...
40664615	[INFO]	XnOpenNI.cpp	1459	Destroying node 'Image1'
40664716	[INFO]	XnDeviceBase.cpp	1507	Destroying stream 'Image1'...
40665745	[INFO]	XnOpenNI.cpp	1459	Destroying node 'Device1'
