    1794	[INFO]	XnLog.cpp	165	OpenNI version is 1.0.0 (Build 25)-MacOSX (Jan  7 2011 14:20:18)
    1856	[INFO]	XnLog.cpp	173	Log system initialized. Console: 1, File: 1, Severity: INFO, Masks: ALL
    1889	[INFO]	XnLog.cpp	173	Log system initialized. Console: 1, File: 1, Severity: INFO, Masks: ALL
    3370	[INFO]	XnUSBLinux-x86.cpp	98	USB is initialized.
 1956770	[INFO]	XnOpenNI.cpp	1261	Creating node 'Device1' of type Device...
 1957490	[INFO]	XnDeviceModule.cpp	431	Module 'Device' configuration was loaded from file.
 2224197	[INFO]	XnDeviceSensorIO.cpp	135	Connected to USB device
 2224254	[INFO]	XnProperty.cpp	151	Property Device.USBPath was changed to 045e/02ae@250/10.
 2231790	[INFO]	XnHostProtocol.cpp	825	Hardware versions: FW=5.1.4 (7) HW=4 Chip=2 Sensor=4 SYS=7
 3642043	[INFO]	XnProperty.cpp	151	Property Device.ID was changed to 0.
 3642095	[INFO]	XnSensor.cpp	182	Device sensor initialized
 3642174	[INFO]	XnOpenNI.cpp	1261	Creating node 'Depth1' of type Depth...
 3642225	[INFO]	XnDeviceBase.cpp	1383	Creating stream 'Depth1' of type 'Depth'...
 3642251	[INFO]	XnProperty.cpp	74	Setting Device.ReadData to 1...
 3642292	[INFO]	XnDeviceSensorIO.cpp	298	Endpoints open
 3654768	[INFO]	XnProperty.cpp	151	Property Device.ReadData was changed to 1.
 3654797	[INFO]	XnProperty.cpp	101	Device.ReadData was successfully set.
 3655144	[INFO]	XnProperty.cpp	151	Property Depth1.Resolution was changed to 0.
 3655167	[INFO]	XnProperty.cpp	151	Property Depth1.XRes was changed to 320.
 3655180	[INFO]	XnProperty.cpp	151	Property Depth1.YRes was changed to 240.
 3655192	[INFO]	XnProperty.cpp	151	Property Depth1.FPS was changed to 30.
 3655203	[INFO]	XnProperty.cpp	151	Property Depth1.OutputFormat was changed to 1.
 3655214	[INFO]	XnProperty.cpp	151	Property Depth1.BytesPerPixel was changed to 2.
 3655226	[INFO]	XnProperty.cpp	151	Property Depth1.RequiredDataSize was changed to 153600.
 3655242	[INFO]	XnProperty.cpp	151	Property Depth1.ParamCoeff was changed to 4.
 3655301	[INFO]	XnProperty.cpp	151	Property Depth1.ShiftScale was changed to 10.
 3667844	[INFO]	XnProperty.cpp	151	Property Depth1.ConstShift was changed to 200.
 3667937	[INFO]	XnProperty.cpp	151	Property Depth1.ZPD was changed to 120.
 3668032	[INFO]	XnProperty.cpp	151	Property Depth1.ZPPS was changed to 0.104200.
 3668046	[INFO]	XnProperty.cpp	151	Property Depth1.LDDIS was changed to 7.500000.
 3668133	[INFO]	XnProperty.cpp	151	Property Depth1.Gain was changed to 30.
 3668161	[INFO]	XnDeviceBase.cpp	1458	Stream 'Depth1' was initialized.
 3668175	[INFO]	XnDeviceBase.cpp	1463	'Depth1' stream was created.
 3668322	[INFO]	XnProperty.cpp	74	Setting Depth1.InputFormat to 3...
 3668344	[INFO]	XnProperty.cpp	151	Property Depth1.InputFormat was changed to 3.
 3668356	[INFO]	XnProperty.cpp	101	Depth1.InputFormat was successfully set.
 3668783	[INFO]	XnProperty.cpp	74	Setting Depth1.RegistrationType to 2...
 3668799	[INFO]	XnProperty.cpp	151	Property Depth1.RegistrationType was changed to 2.
 3668810	[INFO]	XnProperty.cpp	101	Depth1.RegistrationType was successfully set.
 3669280	[INFO]	XnDeviceModule.cpp	431	Module 'Depth1' configuration was loaded from file.
 3669435	[INFO]	XnProperty.cpp	74	Setting Depth1.FPS to 30...
 3669451	[INFO]	XnProperty.cpp	86	Depth1.FPS value did not change.
 3669463	[INFO]	XnProperty.cpp	74	Setting Depth1.YRes to 480...
 3669477	[INFO]	XnProperty.cpp	151	Property Depth1.Resolution was changed to 1.
 3669490	[INFO]	XnProperty.cpp	151	Property Depth1.XRes was changed to 640.
 3669503	[INFO]	XnProperty.cpp	151	Property Depth1.RequiredDataSize was changed to 307200.
 3669517	[INFO]	XnProperty.cpp	151	Property Depth1.YRes was changed to 480.
 3669528	[INFO]	XnProperty.cpp	151	Property Depth1.RequiredDataSize was changed to 614400.
 3669541	[INFO]	XnProperty.cpp	101	Depth1.YRes was successfully set.
 3669553	[INFO]	XnProperty.cpp	74	Setting Depth1.XRes to 640...
 3669564	[INFO]	XnProperty.cpp	86	Depth1.XRes value did not change.
 3669606	[INFO]	XnProperty.cpp	74	Setting Depth1.Mirror to 1...
 3669621	[INFO]	XnProperty.cpp	151	Property Depth1.FirmwareMirror was changed to 1.
 3669695	[INFO]	XnProperty.cpp	151	Property Depth1.Mirror was changed to 1.
 3669711	[INFO]	XnProperty.cpp	101	Depth1.Mirror was successfully set.
 4775393	[INFO]	XnOpenNI.cpp	1261	Creating node 'User1' of type User...
 4800245	[WARNING]	Linux-x86Threads.cpp	173	Failed to set thread priority: Invalid argument
 4800289	[WARNING]	XnUSBLinux-x86.cpp	126	USB events thread: Failed to set thread priority to critical. This might cause loss of data...
 4801185	[INFO]	XnUSBLinux-x86.cpp	1222	USB read thread was started.
 4801219	[INFO]	XnProperty.cpp	151	Property Depth1.ActualReadData was changed to 1.
 5272431	[INFO]	XnProperty.cpp	151	Property Depth1.State was changed to 1.
 5272476	[INFO]	XnDeviceBase.cpp	370	Stream Depth1 is open.
 6576881	[INFO]	XnOpenNI.cpp	1261	Creating node 'Image1' of type Image...
 6576932	[INFO]	XnDeviceBase.cpp	1383	Creating stream 'Image1' of type 'Image'...
 6577170	[INFO]	XnProperty.cpp	151	Property Image1.Resolution was changed to 0.
 6577195	[INFO]	XnProperty.cpp	151	Property Image1.XRes was changed to 320.
 6577209	[INFO]	XnProperty.cpp	151	Property Image1.YRes was changed to 240.
 6577221	[INFO]	XnProperty.cpp	151	Property Image1.FPS was changed to 30.
 6577232	[INFO]	XnProperty.cpp	151	Property Image1.OutputFormat was changed to 5.
 6577243	[INFO]	XnProperty.cpp	151	Property Image1.BytesPerPixel was changed to 3.
 6577255	[INFO]	XnProperty.cpp	151	Property Image1.RequiredDataSize was changed to 230400.
 6577284	[INFO]	XnDeviceBase.cpp	1458	Stream 'Image1' was initialized.
 6577298	[INFO]	XnDeviceBase.cpp	1463	'Image1' stream was created.
 6577406	[INFO]	XnProperty.cpp	74	Setting Image1.InputFormat to 6...
 6577427	[INFO]	XnProperty.cpp	151	Property Image1.InputFormat was changed to 6.
 6577440	[INFO]	XnProperty.cpp	101	Image1.InputFormat was successfully set.
 6577846	[INFO]	XnDeviceModule.cpp	431	Module 'Image1' configuration was loaded from file.
 6577944	[INFO]	XnProperty.cpp	74	Setting Image1.FPS to 30...
 6577963	[INFO]	XnProperty.cpp	86	Image1.FPS value did not change.
 6577980	[INFO]	XnProperty.cpp	74	Setting Image1.YRes to 480...
 6577998	[INFO]	XnProperty.cpp	151	Property Image1.Resolution was changed to 1.
 6578012	[INFO]	XnProperty.cpp	151	Property Image1.XRes was changed to 640.
 6578025	[INFO]	XnProperty.cpp	151	Property Image1.RequiredDataSize was changed to 460800.
 6578038	[INFO]	XnProperty.cpp	151	Property Image1.YRes was changed to 480.
 6578050	[INFO]	XnProperty.cpp	151	Property Image1.RequiredDataSize was changed to 921600.
 6578068	[INFO]	XnProperty.cpp	101	Image1.YRes was successfully set.
 6578086	[INFO]	XnProperty.cpp	74	Setting Image1.XRes to 640...
 6578099	[INFO]	XnProperty.cpp	86	Image1.XRes value did not change.
 6578997	[INFO]	XnUSBLinux-x86.cpp	1222	USB read thread was started.
 6579032	[INFO]	XnProperty.cpp	151	Property Image1.ActualReadData was changed to 1.
 6773013	[WARNING]	XnDepthProcessor.cpp	133	Read: Depth buffer is corrupt. Size is 558480 (!= 614400)
 6773068	[WARNING]	XnFrameStreamProcessor.cpp	132	Depth frame is corrupt!
 9673808	[WARNING]	XnDepthProcessor.cpp	133	Read: Depth buffer is corrupt. Size is 577584 (!= 614400)
 9673858	[WARNING]	XnFrameStreamProcessor.cpp	132	Depth frame is corrupt!
 9780653	[INFO]	XnProperty.cpp	151	Property Image1.State was changed to 1.
 9780703	[INFO]	XnDeviceBase.cpp	370	Stream Image1 is open.
 9780885	[INFO]	XnProperty.cpp	74	Setting Depth1.Registration to 1...
 9787822	[WARNING]	XnFirmwareStreams.cpp	324	Unknown packet type (0x4254)!!!
 9791794	[WARNING]	XnFirmwareStreams.cpp	324	Unknown packet type (0x4254)!!!
 9809822	[WARNING]	XnDepthProcessor.cpp	133	Read: Depth buffer is corrupt. Size is 573760 (!= 614400)
 9809868	[WARNING]	XnFrameStreamProcessor.cpp	132	Depth frame is corrupt!
 9935076	[INFO]	XnProperty.cpp	151	Property Depth1.Registration was changed to 1.
 9935119	[INFO]	XnProperty.cpp	101	Depth1.Registration was successfully set.
 9935166	[INFO]	XnProperty.cpp	74	Setting Image1.Mirror to 1...
 9947584	[INFO]	XnProperty.cpp	151	Property Image1.FirmwareMirror was changed to 1.
 9947635	[INFO]	XnProperty.cpp	151	Property Image1.Mirror was changed to 1.
 9947692	[INFO]	XnProperty.cpp	101	Image1.Mirror was successfully set.
56779325	[INFO]	XnOpenNI.cpp	1459	Destroying node 'User1'
56787226	[INFO]	XnOpenNI.cpp	1459	Destroying node 'Depth1'
56787336	[INFO]	XnDeviceBase.cpp	1507	Destroying stream 'Depth1'...
56788580	[INFO]	XnOpenNI.cpp	1459	Destroying node 'Image1'
56788628	[INFO]	XnDeviceBase.cpp	1507	Destroying stream 'Image1'...
56789477	[INFO]	XnOpenNI.cpp	1459	Destroying node 'Device1'
