   67941	[INFO]	XnLog.cpp	165	OpenNI version is 1.0.0 (Build 25)-MacOSX (Jan  7 2011 14:20:18)
   68015	[INFO]	XnLog.cpp	173	Log system initialized. Console: 1, File: 1, Severity: INFO, Masks: ALL
   68057	[INFO]	XnLog.cpp	173	Log system initialized. Console: 1, File: 1, Severity: INFO, Masks: ALL
   72758	[INFO]	XnUSBLinux-x86.cpp	98	USB is initialized.
 1666268	[INFO]	XnOpenNI.cpp	1261	Creating node 'Device1' of type Device...
 1668220	[INFO]	XnDeviceModule.cpp	431	Module 'Device' configuration was loaded from file.
 1880649	[INFO]	XnDeviceSensorIO.cpp	135	Connected to USB device
 1880707	[INFO]	XnProperty.cpp	151	Property Device.USBPath was changed to 045e/02ae@253/8.
 1888227	[INFO]	XnHostProtocol.cpp	825	Hardware versions: FW=5.1.4 (7) HW=4 Chip=2 Sensor=4 SYS=7
 3296114	[INFO]	XnProperty.cpp	151	Property Device.ID was changed to 0.
 3296185	[INFO]	XnSensor.cpp	182	Device sensor initialized
 3296292	[INFO]	XnOpenNI.cpp	1261	Creating node 'Depth1' of type Depth...
 3296347	[INFO]	XnDeviceBase.cpp	1383	Creating stream 'Depth1' of type 'Depth'...
 3296374	[INFO]	XnProperty.cpp	74	Setting Device.ReadData to 1...
 3296416	[INFO]	XnDeviceSensorIO.cpp	298	Endpoints open
 3308768	[INFO]	XnProperty.cpp	151	Property Device.ReadData was changed to 1.
 3308819	[INFO]	XnProperty.cpp	101	Device.ReadData was successfully set.
 3309614	[INFO]	XnProperty.cpp	151	Property Depth1.Resolution was changed to 0.
 3309667	[INFO]	XnProperty.cpp	151	Property Depth1.XRes was changed to 320.
 3309708	[INFO]	XnProperty.cpp	151	Property Depth1.YRes was changed to 240.
 3309750	[INFO]	XnProperty.cpp	151	Property Depth1.FPS was changed to 30.
 3309788	[INFO]	XnProperty.cpp	151	Property Depth1.OutputFormat was changed to 1.
 3309829	[INFO]	XnProperty.cpp	151	Property Depth1.BytesPerPixel was changed to 2.
 3309871	[INFO]	XnProperty.cpp	151	Property Depth1.RequiredDataSize was changed to 153600.
 3309926	[INFO]	XnProperty.cpp	151	Property Depth1.ParamCoeff was changed to 4.
 3310087	[INFO]	XnProperty.cpp	151	Property Depth1.ShiftScale was changed to 10.
 3322492	[INFO]	XnProperty.cpp	151	Property Depth1.ConstShift was changed to 200.
 3322586	[INFO]	XnProperty.cpp	151	Property Depth1.ZPD was changed to 120.
 3322752	[INFO]	XnProperty.cpp	151	Property Depth1.ZPPS was changed to 0.104200.
 3322832	[INFO]	XnProperty.cpp	151	Property Depth1.LDDIS was changed to 7.500000.
 3323022	[INFO]	XnProperty.cpp	151	Property Depth1.Gain was changed to 30.
 3323070	[INFO]	XnDeviceBase.cpp	1458	Stream 'Depth1' was initialized.
 3323098	[INFO]	XnDeviceBase.cpp	1463	'Depth1' stream was created.
 3323372	[INFO]	XnProperty.cpp	74	Setting Depth1.InputFormat to 3...
 3323411	[INFO]	XnProperty.cpp	151	Property Depth1.InputFormat was changed to 3.
 3323437	[INFO]	XnProperty.cpp	101	Depth1.InputFormat was successfully set.
 3324395	[INFO]	XnProperty.cpp	74	Setting Depth1.RegistrationType to 2...
 3324428	[INFO]	XnProperty.cpp	151	Property Depth1.RegistrationType was changed to 2.
 3324450	[INFO]	XnProperty.cpp	101	Depth1.RegistrationType was successfully set.
 3325396	[INFO]	XnDeviceModule.cpp	431	Module 'Depth1' configuration was loaded from file.
 3325687	[INFO]	XnProperty.cpp	74	Setting Depth1.FPS to 30...
 3325718	[INFO]	XnProperty.cpp	86	Depth1.FPS value did not change.
 3325744	[INFO]	XnProperty.cpp	74	Setting Depth1.YRes to 480...
 3325774	[INFO]	XnProperty.cpp	151	Property Depth1.Resolution was changed to 1.
 3325797	[INFO]	XnProperty.cpp	151	Property Depth1.XRes was changed to 640.
 3325823	[INFO]	XnProperty.cpp	151	Property Depth1.RequiredDataSize was changed to 307200.
 3325851	[INFO]	XnProperty.cpp	151	Property Depth1.YRes was changed to 480.
 3325876	[INFO]	XnProperty.cpp	151	Property Depth1.RequiredDataSize was changed to 614400.
 3325902	[INFO]	XnProperty.cpp	101	Depth1.YRes was successfully set.
 3325927	[INFO]	XnProperty.cpp	74	Setting Depth1.XRes to 640...
 3325948	[INFO]	XnProperty.cpp	86	Depth1.XRes value did not change.
 3326020	[INFO]	XnProperty.cpp	74	Setting Depth1.Mirror to 1...
 3326046	[INFO]	XnProperty.cpp	151	Property Depth1.FirmwareMirror was changed to 1.
 3326112	[INFO]	XnProperty.cpp	151	Property Depth1.Mirror was changed to 1.
 3326137	[INFO]	XnProperty.cpp	101	Depth1.Mirror was successfully set.
 4915441	[INFO]	XnOpenNI.cpp	1261	Creating node 'User1' of type User...
 4940697	[WARNING]	Linux-x86Threads.cpp	173	Failed to set thread priority: Invalid argument
 4940751	[WARNING]	XnUSBLinux-x86.cpp	126	USB events thread: Failed to set thread priority to critical. This might cause loss of data...
 4941841	[INFO]	XnUSBLinux-x86.cpp	1222	USB read thread was started.
 4941879	[INFO]	XnProperty.cpp	151	Property Depth1.ActualReadData was changed to 1.
 5412234	[INFO]	XnProperty.cpp	151	Property Depth1.State was changed to 1.
 5412277	[INFO]	XnDeviceBase.cpp	370	Stream Depth1 is open.
 7622682	[INFO]	XnOpenNI.cpp	1261	Creating node 'Image1' of type Image...
 7622735	[INFO]	XnDeviceBase.cpp	1383	Creating stream 'Image1' of type 'Image'...
 7622964	[INFO]	XnProperty.cpp	151	Property Image1.Resolution was changed to 0.
 7622990	[INFO]	XnProperty.cpp	151	Property Image1.XRes was changed to 320.
 7623009	[INFO]	XnProperty.cpp	151	Property Image1.YRes was changed to 240.
 7623028	[INFO]	XnProperty.cpp	151	Property Image1.FPS was changed to 30.
 7623047	[INFO]	XnProperty.cpp	151	Property Image1.OutputFormat was changed to 5.
 7623065	[INFO]	XnProperty.cpp	151	Property Image1.BytesPerPixel was changed to 3.
 7623085	[INFO]	XnProperty.cpp	151	Property Image1.RequiredDataSize was changed to 230400.
 7623131	[INFO]	XnDeviceBase.cpp	1458	Stream 'Image1' was initialized.
 7623154	[INFO]	XnDeviceBase.cpp	1463	'Image1' stream was created.
 7623290	[INFO]	XnProperty.cpp	74	Setting Image1.InputFormat to 6...
 7623319	[INFO]	XnProperty.cpp	151	Property Image1.InputFormat was changed to 6.
 7623336	[INFO]	XnProperty.cpp	101	Image1.InputFormat was successfully set.
 7623955	[INFO]	XnDeviceModule.cpp	431	Module 'Image1' configuration was loaded from file.
 7624066	[INFO]	XnProperty.cpp	74	Setting Image1.FPS to 30...
 7624091	[INFO]	XnProperty.cpp	86	Image1.FPS value did not change.
 7624112	[INFO]	XnProperty.cpp	74	Setting Image1.YRes to 480...
 7624133	[INFO]	XnProperty.cpp	151	Property Image1.Resolution was changed to 1.
 7624153	[INFO]	XnProperty.cpp	151	Property Image1.XRes was changed to 640.
 7624170	[INFO]	XnProperty.cpp	151	Property Image1.RequiredDataSize was changed to 460800.
 7624189	[INFO]	XnProperty.cpp	151	Property Image1.YRes was changed to 480.
 7624206	[INFO]	XnProperty.cpp	151	Property Image1.RequiredDataSize was changed to 921600.
 7624227	[INFO]	XnProperty.cpp	101	Image1.YRes was successfully set.
 7624248	[INFO]	XnProperty.cpp	74	Setting Image1.XRes to 640...
 7624268	[INFO]	XnProperty.cpp	86	Image1.XRes value did not change.
 7625514	[INFO]	XnUSBLinux-x86.cpp	1222	USB read thread was started.
 7625549	[INFO]	XnProperty.cpp	151	Property Image1.ActualReadData was changed to 1.
 7809638	[WARNING]	XnDepthProcessor.cpp	133	Read: Depth buffer is corrupt. Size is 552304 (!= 614400)
 7809686	[WARNING]	XnFrameStreamProcessor.cpp	132	Depth frame is corrupt!
 7845594	[WARNING]	XnDepthProcessor.cpp	133	Read: Depth buffer is corrupt. Size is 597600 (!= 614400)
 7845643	[WARNING]	XnFrameStreamProcessor.cpp	132	Depth frame is corrupt!
10713691	[WARNING]	XnDepthProcessor.cpp	133	Read: Depth buffer is corrupt. Size is 586384 (!= 614400)
10713742	[WARNING]	XnFrameStreamProcessor.cpp	132	Depth frame is corrupt!
10826609	[INFO]	XnProperty.cpp	151	Property Image1.State was changed to 1.
10826653	[INFO]	XnDeviceBase.cpp	370	Stream Image1 is open.
10826859	[INFO]	XnProperty.cpp	74	Setting Depth1.Registration to 1...
10849645	[WARNING]	XnDepthProcessor.cpp	133	Read: Depth buffer is corrupt. Size is 592240 (!= 614400)
10849699	[WARNING]	XnFrameStreamProcessor.cpp	132	Depth frame is corrupt!
10881659	[WARNING]	XnDepthProcessor.cpp	133	Read: Depth buffer is corrupt. Size is 587088 (!= 614400)
10881708	[WARNING]	XnFrameStreamProcessor.cpp	132	Depth frame is corrupt!
10979705	[INFO]	XnProperty.cpp	151	Property Depth1.Registration was changed to 1.
10979756	[INFO]	XnProperty.cpp	101	Depth1.Registration was successfully set.
10980207	[INFO]	XnProperty.cpp	74	Setting Image1.Mirror to 1...
10992453	[INFO]	XnProperty.cpp	151	Property Image1.FirmwareMirror was changed to 1.
10992512	[INFO]	XnProperty.cpp	151	Property Image1.Mirror was changed to 1.
10992536	[INFO]	XnProperty.cpp	101	Image1.Mirror was successfully set.
150061863	[INFO]	XnOpenNI.cpp	1459	Destroying node 'User1'
150071509	[INFO]	XnOpenNI.cpp	1459	Destroying node 'Depth1'
150071606	[INFO]	XnDeviceBase.cpp	1507	Destroying stream 'Depth1'...
150073313	[INFO]	XnOpenNI.cpp	1459	Destroying node 'Image1'
150073380	[INFO]	XnDeviceBase.cpp	1507	Destroying stream 'Image1'...
150074477	[INFO]	XnOpenNI.cpp	1459	Destroying node 'Device1'
