    1561	[INFO]	XnLog.cpp	165	OpenNI version is 1.0.0 (Build 25)-MacOSX (Jan  7 2011 14:20:18)
    1597	[INFO]	XnLog.cpp	173	Log system initialized. Console: 1, File: 1, Severity: INFO, Masks: ALL
    1630	[INFO]	XnLog.cpp	173	Log system initialized. Console: 1, File: 1, Severity: INFO, Masks: ALL
    2827	[INFO]	XnUSBLinux-x86.cpp	98	USB is initialized.
 1960911	[INFO]	XnOpenNI.cpp	1261	Creating node 'Device1' of type Device...
 1961690	[INFO]	XnDeviceModule.cpp	431	Module 'Device' configuration was loaded from file.
 2226356	[INFO]	XnDeviceSensorIO.cpp	135	Connected to USB device
 2226414	[INFO]	XnProperty.cpp	151	Property Device.USBPath was changed to 045e/02ae@250/10.
 2233857	[INFO]	XnHostProtocol.cpp	825	Hardware versions: FW=5.1.4 (7) HW=4 Chip=2 Sensor=4 SYS=7
 3649835	[INFO]	XnProperty.cpp	151	Property Device.ID was changed to 0.
 3649914	[INFO]	XnSensor.cpp	182	Device sensor initialized
 3650082	[INFO]	XnOpenNI.cpp	1261	Creating node 'Depth1' of type Depth...
 3650157	[INFO]	XnDeviceBase.cpp	1383	Creating stream 'Depth1' of type 'Depth'...
 3650198	[INFO]	XnProperty.cpp	74	Setting Device.ReadData to 1...
 3650278	[INFO]	XnDeviceSensorIO.cpp	298	Endpoints open
 3662512	[INFO]	XnProperty.cpp	151	Property Device.ReadData was changed to 1.
 3662549	[INFO]	XnProperty.cpp	101	Device.ReadData was successfully set.
 3662998	[INFO]	XnProperty.cpp	151	Property Depth1.Resolution was changed to 0.
 3663026	[INFO]	XnProperty.cpp	151	Property Depth1.XRes was changed to 320.
 3663046	[INFO]	XnProperty.cpp	151	Property Depth1.YRes was changed to 240.
 3663065	[INFO]	XnProperty.cpp	151	Property Depth1.FPS was changed to 30.
 3663084	[INFO]	XnProperty.cpp	151	Property Depth1.OutputFormat was changed to 1.
 3663104	[INFO]	XnProperty.cpp	151	Property Depth1.BytesPerPixel was changed to 2.
 3663124	[INFO]	XnProperty.cpp	151	Property Depth1.RequiredDataSize was changed to 153600.
 3663149	[INFO]	XnProperty.cpp	151	Property Depth1.ParamCoeff was changed to 4.
 3663225	[INFO]	XnProperty.cpp	151	Property Depth1.ShiftScale was changed to 10.
 3675537	[INFO]	XnProperty.cpp	151	Property Depth1.ConstShift was changed to 200.
 3675707	[INFO]	XnProperty.cpp	151	Property Depth1.ZPD was changed to 120.
 3675956	[INFO]	XnProperty.cpp	151	Property Depth1.ZPPS was changed to 0.104200.
 3676009	[INFO]	XnProperty.cpp	151	Property Depth1.LDDIS was changed to 7.500000.
 3676240	[INFO]	XnProperty.cpp	151	Property Depth1.Gain was changed to 30.
 3676316	[INFO]	XnDeviceBase.cpp	1458	Stream 'Depth1' was initialized.
 3676361	[INFO]	XnDeviceBase.cpp	1463	'Depth1' stream was created.
 3676777	[INFO]	XnProperty.cpp	74	Setting Depth1.InputFormat to 3...
 3676834	[INFO]	XnProperty.cpp	151	Property Depth1.InputFormat was changed to 3.
 3676868	[INFO]	XnProperty.cpp	101	Depth1.InputFormat was successfully set.
 3678075	[INFO]	XnProperty.cpp	74	Setting Depth1.RegistrationType to 2...
 3678111	[INFO]	XnProperty.cpp	151	Property Depth1.RegistrationType was changed to 2.
 3678140	[INFO]	XnProperty.cpp	101	Depth1.RegistrationType was successfully set.
 3678925	[INFO]	XnDeviceModule.cpp	431	Module 'Depth1' configuration was loaded from file.
 3679169	[INFO]	XnProperty.cpp	74	Setting Depth1.FPS to 30...
 3679198	[INFO]	XnProperty.cpp	86	Depth1.FPS value did not change.
 3679230	[INFO]	XnProperty.cpp	74	Setting Depth1.YRes to 480...
 3679264	[INFO]	XnProperty.cpp	151	Property Depth1.Resolution was changed to 1.
 3679294	[INFO]	XnProperty.cpp	151	Property Depth1.XRes was changed to 640.
 3679323	[INFO]	XnProperty.cpp	151	Property Depth1.RequiredDataSize was changed to 307200.
 3679356	[INFO]	XnProperty.cpp	151	Property Depth1.YRes was changed to 480.
 3679384	[INFO]	XnProperty.cpp	151	Property Depth1.RequiredDataSize was changed to 614400.
 3679413	[INFO]	XnProperty.cpp	101	Depth1.YRes was successfully set.
 3679442	[INFO]	XnProperty.cpp	74	Setting Depth1.XRes to 640...
 3679468	[INFO]	XnProperty.cpp	86	Depth1.XRes value did not change.
 3679549	[INFO]	XnProperty.cpp	74	Setting Depth1.Mirror to 1...
 3679579	[INFO]	XnProperty.cpp	151	Property Depth1.FirmwareMirror was changed to 1.
 3679647	[INFO]	XnProperty.cpp	151	Property Depth1.Mirror was changed to 1.
 3679676	[INFO]	XnProperty.cpp	101	Depth1.Mirror was successfully set.
 4774309	[INFO]	XnOpenNI.cpp	1261	Creating node 'User1' of type User...
 4801040	[WARNING]	Linux-x86Threads.cpp	173	Failed to set thread priority: Invalid argument
 4801085	[WARNING]	XnUSBLinux-x86.cpp	126	USB events thread: Failed to set thread priority to critical. This might cause loss of data...
 4801857	[INFO]	XnUSBLinux-x86.cpp	1222	USB read thread was started.
 4801886	[INFO]	XnProperty.cpp	151	Property Depth1.ActualReadData was changed to 1.
 5273510	[INFO]	XnProperty.cpp	151	Property Depth1.State was changed to 1.
 5273553	[INFO]	XnDeviceBase.cpp	370	Stream Depth1 is open.
 6367206	[INFO]	XnOpenNI.cpp	1261	Creating node 'Image1' of type Image...
 6367258	[INFO]	XnDeviceBase.cpp	1383	Creating stream 'Image1' of type 'Image'...
 6367472	[INFO]	XnProperty.cpp	151	Property Image1.Resolution was changed to 0.
 6367498	[INFO]	XnProperty.cpp	151	Property Image1.XRes was changed to 320.
 6367517	[INFO]	XnProperty.cpp	151	Property Image1.YRes was changed to 240.
 6367535	[INFO]	XnProperty.cpp	151	Property Image1.FPS was changed to 30.
 6367554	[INFO]	XnProperty.cpp	151	Property Image1.OutputFormat was changed to 5.
 6367572	[INFO]	XnProperty.cpp	151	Property Image1.BytesPerPixel was changed to 3.
 6367591	[INFO]	XnProperty.cpp	151	Property Image1.RequiredDataSize was changed to 230400.
 6367632	[INFO]	XnDeviceBase.cpp	1458	Stream 'Image1' was initialized.
 6367654	[INFO]	XnDeviceBase.cpp	1463	'Image1' stream was created.
 6367782	[INFO]	XnProperty.cpp	74	Setting Image1.InputFormat to 6...
 6367810	[INFO]	XnProperty.cpp	151	Property Image1.InputFormat was changed to 6.
 6367830	[INFO]	XnProperty.cpp	101	Image1.InputFormat was successfully set.
 6368441	[INFO]	XnDeviceModule.cpp	431	Module 'Image1' configuration was loaded from file.
 6368558	[INFO]	XnProperty.cpp	74	Setting Image1.FPS to 30...
 6368581	[INFO]	XnProperty.cpp	86	Image1.FPS value did not change.
 6368599	[INFO]	XnProperty.cpp	74	Setting Image1.YRes to 480...
 6368617	[INFO]	XnProperty.cpp	151	Property Image1.Resolution was changed to 1.
 6368636	[INFO]	XnProperty.cpp	151	Property Image1.XRes was changed to 640.
 6368653	[INFO]	XnProperty.cpp	151	Property Image1.RequiredDataSize was changed to 460800.
 6368673	[INFO]	XnProperty.cpp	151	Property Image1.YRes was changed to 480.
 6368691	[INFO]	XnProperty.cpp	151	Property Image1.RequiredDataSize was changed to 921600.
 6368708	[INFO]	XnProperty.cpp	101	Image1.YRes was successfully set.
 6368726	[INFO]	XnProperty.cpp	74	Setting Image1.XRes to 640...
 6368742	[INFO]	XnProperty.cpp	86	Image1.XRes value did not change.
 6369803	[INFO]	XnUSBLinux-x86.cpp	1222	USB read thread was started.
 6369845	[INFO]	XnProperty.cpp	151	Property Image1.ActualReadData was changed to 1.
 6534032	[WARNING]	XnFirmwareStreams.cpp	324	Unknown packet type (0x4847)!!!
 6538047	[WARNING]	XnDepthProcessor.cpp	133	Read: Depth buffer is corrupt. Size is 555952 (!= 614400)
 6538080	[WARNING]	XnFrameStreamProcessor.cpp	132	Depth frame is corrupt!
 6570060	[WARNING]	XnDepthProcessor.cpp	133	Read: Depth buffer is corrupt. Size is 562080 (!= 614400)
 6570098	[WARNING]	XnFrameStreamProcessor.cpp	132	Depth frame is corrupt!
 9474705	[WARNING]	XnDepthProcessor.cpp	133	Read: Depth buffer is corrupt. Size is 594496 (!= 614400)
 9474760	[WARNING]	XnFrameStreamProcessor.cpp	132	Depth frame is corrupt!
 9571831	[INFO]	XnProperty.cpp	151	Property Image1.State was changed to 1.
 9571874	[INFO]	XnDeviceBase.cpp	370	Stream Image1 is open.
 9572074	[INFO]	XnProperty.cpp	74	Setting Depth1.Registration to 1...
 9610652	[WARNING]	XnDepthProcessor.cpp	133	Read: Depth buffer is corrupt. Size is 574208 (!= 614400)
 9610706	[WARNING]	XnFrameStreamProcessor.cpp	132	Depth frame is corrupt!
 9723859	[INFO]	XnProperty.cpp	151	Property Depth1.Registration was changed to 1.
 9723902	[INFO]	XnProperty.cpp	101	Depth1.Registration was successfully set.
 9723948	[INFO]	XnProperty.cpp	74	Setting Image1.Mirror to 1...
 9736378	[INFO]	XnProperty.cpp	151	Property Image1.FirmwareMirror was changed to 1.
 9736472	[INFO]	XnProperty.cpp	151	Property Image1.Mirror was changed to 1.
 9736497	[INFO]	XnProperty.cpp	101	Image1.Mirror was successfully set.
164156973	[INFO]	XnOpenNI.cpp	1459	Destroying node 'User1'
164164976	[INFO]	XnOpenNI.cpp	1459	Destroying node 'Depth1'
164165076	[INFO]	XnDeviceBase.cpp	1507	Destroying stream 'Depth1'...
164166291	[INFO]	XnOpenNI.cpp	1459	Destroying node 'Image1'
164166343	[INFO]	XnDeviceBase.cpp	1507	Destroying stream 'Image1'...
164167183	[INFO]	XnOpenNI.cpp	1459	Destroying node 'Device1'
