    1428	[INFO]	XnLog.cpp	165	OpenNI version is 1.0.0 (Build 25)-MacOSX (Jan  7 2011 14:20:18)
    1495	[INFO]	XnLog.cpp	173	Log system initialized. Console: 1, File: 1, Severity: INFO, Masks: ALL
    1518	[INFO]	XnLog.cpp	173	Log system initialized. Console: 1, File: 1, Severity: INFO, Masks: ALL
    2802	[INFO]	XnUSBLinux-x86.cpp	98	USB is initialized.
 1970832	[INFO]	XnOpenNI.cpp	1261	Creating node 'Device1' of type Device...
 1972283	[INFO]	XnDeviceModule.cpp	431	Module 'Device' configuration was loaded from file.
 2240705	[INFO]	XnDeviceSensorIO.cpp	135	Connected to USB device
 2240763	[INFO]	XnProperty.cpp	151	Property Device.USBPath was changed to 045e/02ae@250/10.
 2248439	[INFO]	XnHostProtocol.cpp	825	Hardware versions: FW=5.1.4 (7) HW=4 Chip=2 Sensor=4 SYS=7
 3767290	[INFO]	XnProperty.cpp	151	Property Device.ID was changed to 0.
 3767384	[INFO]	XnSensor.cpp	182	Device sensor initialized
 3767561	[INFO]	XnOpenNI.cpp	1261	Creating node 'Depth1' of type Depth...
 3767627	[INFO]	XnDeviceBase.cpp	1383	Creating stream 'Depth1' of type 'Depth'...
 3767660	[INFO]	XnProperty.cpp	74	Setting Device.ReadData to 1...
 3767715	[INFO]	XnDeviceSensorIO.cpp	298	Endpoints open
 3780292	[INFO]	XnProperty.cpp	151	Property Device.ReadData was changed to 1.
 3780352	[INFO]	XnProperty.cpp	101	Device.ReadData was successfully set.
 3780986	[INFO]	XnProperty.cpp	151	Property Depth1.Resolution was changed to 0.
 3781022	[INFO]	XnProperty.cpp	151	Property Depth1.XRes was changed to 320.
 3781048	[INFO]	XnProperty.cpp	151	Property Depth1.YRes was changed to 240.
 3781072	[INFO]	XnProperty.cpp	151	Property Depth1.FPS was changed to 30.
 3781095	[INFO]	XnProperty.cpp	151	Property Depth1.OutputFormat was changed to 1.
 3781122	[INFO]	XnProperty.cpp	151	Property Depth1.BytesPerPixel was changed to 2.
 3781146	[INFO]	XnProperty.cpp	151	Property Depth1.RequiredDataSize was changed to 153600.
 3781177	[INFO]	XnProperty.cpp	151	Property Depth1.ParamCoeff was changed to 4.
 3781314	[INFO]	XnProperty.cpp	151	Property Depth1.ShiftScale was changed to 10.
 3793676	[INFO]	XnProperty.cpp	151	Property Depth1.ConstShift was changed to 200.
 3793798	[INFO]	XnProperty.cpp	151	Property Depth1.ZPD was changed to 120.
 3793969	[INFO]	XnProperty.cpp	151	Property Depth1.ZPPS was changed to 0.104200.
 3793997	[INFO]	XnProperty.cpp	151	Property Depth1.LDDIS was changed to 7.500000.
 3794134	[INFO]	XnProperty.cpp	151	Property Depth1.Gain was changed to 30.
 3794173	[INFO]	XnDeviceBase.cpp	1458	Stream 'Depth1' was initialized.
 3794195	[INFO]	XnDeviceBase.cpp	1463	'Depth1' stream was created.
 3794424	[INFO]	XnProperty.cpp	74	Setting Depth1.InputFormat to 3...
 3794457	[INFO]	XnProperty.cpp	151	Property Depth1.InputFormat was changed to 3.
 3794477	[INFO]	XnProperty.cpp	101	Depth1.InputFormat was successfully set.
 3795260	[INFO]	XnProperty.cpp	74	Setting Depth1.RegistrationType to 2...
 3795291	[INFO]	XnProperty.cpp	151	Property Depth1.RegistrationType was changed to 2.
 3795319	[INFO]	XnProperty.cpp	101	Depth1.RegistrationType was successfully set.
 3796082	[INFO]	XnDeviceModule.cpp	431	Module 'Depth1' configuration was loaded from file.
 3796333	[INFO]	XnProperty.cpp	74	Setting Depth1.FPS to 30...
 3796360	[INFO]	XnProperty.cpp	86	Depth1.FPS value did not change.
 3796379	[INFO]	XnProperty.cpp	74	Setting Depth1.YRes to 480...
 3796401	[INFO]	XnProperty.cpp	151	Property Depth1.Resolution was changed to 1.
 3796423	[INFO]	XnProperty.cpp	151	Property Depth1.XRes was changed to 640.
 3796442	[INFO]	XnProperty.cpp	151	Property Depth1.RequiredDataSize was changed to 307200.
 3796465	[INFO]	XnProperty.cpp	151	Property Depth1.YRes was changed to 480.
 3796485	[INFO]	XnProperty.cpp	151	Property Depth1.RequiredDataSize was changed to 614400.
 3796514	[INFO]	XnProperty.cpp	101	Depth1.YRes was successfully set.
 3796545	[INFO]	XnProperty.cpp	74	Setting Depth1.XRes to 640...
 3796573	[INFO]	XnProperty.cpp	86	Depth1.XRes value did not change.
 3796657	[INFO]	XnProperty.cpp	74	Setting Depth1.Mirror to 1...
 3796687	[INFO]	XnProperty.cpp	151	Property Depth1.FirmwareMirror was changed to 1.
 3796759	[INFO]	XnProperty.cpp	151	Property Depth1.Mirror was changed to 1.
 3796790	[INFO]	XnProperty.cpp	101	Depth1.Mirror was successfully set.
 4887130	[INFO]	XnOpenNI.cpp	1261	Creating node 'User1' of type User...
 4912478	[WARNING]	Linux-x86Threads.cpp	173	Failed to set thread priority: Invalid argument
 4912522	[WARNING]	XnUSBLinux-x86.cpp	126	USB events thread: Failed to set thread priority to critical. This might cause loss of data...
 4913476	[INFO]	XnUSBLinux-x86.cpp	1222	USB read thread was started.
 4913514	[INFO]	XnProperty.cpp	151	Property Depth1.ActualReadData was changed to 1.
 5383544	[INFO]	XnProperty.cpp	151	Property Depth1.State was changed to 1.
 5383594	[INFO]	XnDeviceBase.cpp	370	Stream Depth1 is open.
 6473453	[INFO]	XnOpenNI.cpp	1261	Creating node 'Image1' of type Image...
 6473505	[INFO]	XnDeviceBase.cpp	1383	Creating stream 'Image1' of type 'Image'...
 6473718	[INFO]	XnProperty.cpp	151	Property Image1.Resolution was changed to 0.
 6473742	[INFO]	XnProperty.cpp	151	Property Image1.XRes was changed to 320.
 6473763	[INFO]	XnProperty.cpp	151	Property Image1.YRes was changed to 240.
 6473784	[INFO]	XnProperty.cpp	151	Property Image1.FPS was changed to 30.
 6473802	[INFO]	XnProperty.cpp	151	Property Image1.OutputFormat was changed to 5.
 6473816	[INFO]	XnProperty.cpp	151	Property Image1.BytesPerPixel was changed to 3.
 6473829	[INFO]	XnProperty.cpp	151	Property Image1.RequiredDataSize was changed to 230400.
 6473859	[INFO]	XnDeviceBase.cpp	1458	Stream 'Image1' was initialized.
 6473872	[INFO]	XnDeviceBase.cpp	1463	'Image1' stream was created.
 6474014	[INFO]	XnProperty.cpp	74	Setting Image1.InputFormat to 6...
 6474046	[INFO]	XnProperty.cpp	151	Property Image1.InputFormat was changed to 6.
 6474067	[INFO]	XnProperty.cpp	101	Image1.InputFormat was successfully set.
 6474535	[INFO]	XnDeviceModule.cpp	431	Module 'Image1' configuration was loaded from file.
 6474639	[INFO]	XnProperty.cpp	74	Setting Image1.FPS to 30...
 6474659	[INFO]	XnProperty.cpp	86	Image1.FPS value did not change.
 6474678	[INFO]	XnProperty.cpp	74	Setting Image1.YRes to 480...
 6474697	[INFO]	XnProperty.cpp	151	Property Image1.Resolution was changed to 1.
 6474715	[INFO]	XnProperty.cpp	151	Property Image1.XRes was changed to 640.
 6474733	[INFO]	XnProperty.cpp	151	Property Image1.RequiredDataSize was changed to 460800.
 6474753	[INFO]	XnProperty.cpp	151	Property Image1.YRes was changed to 480.
 6474771	[INFO]	XnProperty.cpp	151	Property Image1.RequiredDataSize was changed to 921600.
 6474789	[INFO]	XnProperty.cpp	101	Image1.YRes was successfully set.
 6474807	[INFO]	XnProperty.cpp	74	Setting Image1.XRes to 640...
 6474823	[INFO]	XnProperty.cpp	86	Image1.XRes value did not change.
 6475685	[INFO]	XnUSBLinux-x86.cpp	1222	USB read thread was started.
 6475717	[INFO]	XnProperty.cpp	151	Property Image1.ActualReadData was changed to 1.
 6549682	[WARNING]	XnDepthProcessor.cpp	133	Read: Depth buffer is corrupt. Size is 591824 (!= 614400)
 6549728	[WARNING]	XnFrameStreamProcessor.cpp	132	Depth frame is corrupt!
 6649697	[WARNING]	XnDepthProcessor.cpp	133	Read: Depth buffer is corrupt. Size is 590096 (!= 614400)
 6649744	[WARNING]	XnFrameStreamProcessor.cpp	132	Depth frame is corrupt!
 6681654	[WARNING]	XnDepthProcessor.cpp	133	Read: Depth buffer is corrupt. Size is 592288 (!= 614400)
 6681701	[WARNING]	XnFrameStreamProcessor.cpp	132	Depth frame is corrupt!
 9549666	[WARNING]	XnDepthProcessor.cpp	133	Read: Depth buffer is corrupt. Size is 590368 (!= 614400)
 9549709	[WARNING]	XnFrameStreamProcessor.cpp	132	Depth frame is corrupt!
 9676331	[INFO]	XnProperty.cpp	151	Property Image1.State was changed to 1.
 9676374	[INFO]	XnDeviceBase.cpp	370	Stream Image1 is open.
 9676574	[INFO]	XnProperty.cpp	74	Setting Depth1.Registration to 1...
 9717643	[WARNING]	XnDepthProcessor.cpp	133	Read: Depth buffer is corrupt. Size is 594192 (!= 614400)
 9717690	[WARNING]	XnFrameStreamProcessor.cpp	132	Depth frame is corrupt!
 9828679	[INFO]	XnProperty.cpp	151	Property Depth1.Registration was changed to 1.
 9828722	[INFO]	XnProperty.cpp	101	Depth1.Registration was successfully set.
 9828802	[INFO]	XnProperty.cpp	74	Setting Image1.Mirror to 1...
 9841181	[INFO]	XnProperty.cpp	151	Property Image1.FirmwareMirror was changed to 1.
 9841223	[INFO]	XnProperty.cpp	151	Property Image1.Mirror was changed to 1.
 9841236	[INFO]	XnProperty.cpp	101	Image1.Mirror was successfully set.
47289202	[INFO]	XnOpenNI.cpp	1459	Destroying node 'User1'
47296253	[INFO]	XnOpenNI.cpp	1459	Destroying node 'Depth1'
47296342	[INFO]	XnDeviceBase.cpp	1507	Destroying stream 'Depth1'...
47297938	[INFO]	XnOpenNI.cpp	1459	Destroying node 'Image1'
47298003	[INFO]	XnDeviceBase.cpp	1507	Destroying stream 'Image1'...
47298806	[INFO]	XnOpenNI.cpp	1459	Destroying node 'Device1'
