    1718	[INFO]	XnLog.cpp	165	OpenNI version is 1.0.0 (Build 25)-MacOSX (Jan  7 2011 14:20:18)
    1774	[INFO]	XnLog.cpp	173	Log system initialized. Console: 1, File: 1, Severity: INFO, Masks: ALL
    1807	[INFO]	XnLog.cpp	173	Log system initialized. Console: 1, File: 1, Severity: INFO, Masks: ALL
    3182	[INFO]	XnUSBLinux-x86.cpp	98	USB is initialized.
 2102452	[INFO]	XnOpenNI.cpp	1261	Creating node 'Device1' of type Device...
 2103930	[INFO]	XnDeviceModule.cpp	431	Module 'Device' configuration was loaded from file.
 2320736	[INFO]	XnDeviceSensorIO.cpp	135	Connected to USB device
 2320787	[INFO]	XnProperty.cpp	151	Property Device.USBPath was changed to 045e/02ae@253/8.
 2328166	[INFO]	XnHostProtocol.cpp	825	Hardware versions: FW=5.1.4 (7) HW=4 Chip=2 Sensor=4 SYS=7
 3738807	[INFO]	XnProperty.cpp	151	Property Device.ID was changed to 0.
 3738901	[INFO]	XnSensor.cpp	182	Device sensor initialized
 3739050	[INFO]	XnOpenNI.cpp	1261	Creating node 'Depth1' of type Depth...
 3739117	[INFO]	XnDeviceBase.cpp	1383	Creating stream 'Depth1' of type 'Depth'...
 3739156	[INFO]	XnProperty.cpp	74	Setting Device.ReadData to 1...
 3739216	[INFO]	XnDeviceSensorIO.cpp	298	Endpoints open
 3751659	[INFO]	XnProperty.cpp	151	Property Device.ReadData was changed to 1.
 3751711	[INFO]	XnProperty.cpp	101	Device.ReadData was successfully set.
 3752525	[INFO]	XnProperty.cpp	151	Property Depth1.Resolution was changed to 0.
 3752580	[INFO]	XnProperty.cpp	151	Property Depth1.XRes was changed to 320.
 3752621	[INFO]	XnProperty.cpp	151	Property Depth1.YRes was changed to 240.
 3752661	[INFO]	XnProperty.cpp	151	Property Depth1.FPS was changed to 30.
 3752731	[INFO]	XnProperty.cpp	151	Property Depth1.OutputFormat was changed to 1.
 3752776	[INFO]	XnProperty.cpp	151	Property Depth1.BytesPerPixel was changed to 2.
 3752819	[INFO]	XnProperty.cpp	151	Property Depth1.RequiredDataSize was changed to 153600.
 3752871	[INFO]	XnProperty.cpp	151	Property Depth1.ParamCoeff was changed to 4.
 3753020	[INFO]	XnProperty.cpp	151	Property Depth1.ShiftScale was changed to 10.
 3765376	[INFO]	XnProperty.cpp	151	Property Depth1.ConstShift was changed to 200.
 3765488	[INFO]	XnProperty.cpp	151	Property Depth1.ZPD was changed to 120.
 3765598	[INFO]	XnProperty.cpp	151	Property Depth1.ZPPS was changed to 0.104200.
 3765619	[INFO]	XnProperty.cpp	151	Property Depth1.LDDIS was changed to 7.500000.
 3765735	[INFO]	XnProperty.cpp	151	Property Depth1.Gain was changed to 30.
 3765778	[INFO]	XnDeviceBase.cpp	1458	Stream 'Depth1' was initialized.
 3765799	[INFO]	XnDeviceBase.cpp	1463	'Depth1' stream was created.
 3765961	[INFO]	XnProperty.cpp	74	Setting Depth1.InputFormat to 3...
 3765987	[INFO]	XnProperty.cpp	151	Property Depth1.InputFormat was changed to 3.
 3766007	[INFO]	XnProperty.cpp	101	Depth1.InputFormat was successfully set.
 3766459	[INFO]	XnProperty.cpp	74	Setting Depth1.RegistrationType to 2...
 3766478	[INFO]	XnProperty.cpp	151	Property Depth1.RegistrationType was changed to 2.
 3766498	[INFO]	XnProperty.cpp	101	Depth1.RegistrationType was successfully set.
 3767061	[INFO]	XnDeviceModule.cpp	431	Module 'Depth1' configuration was loaded from file.
 3767273	[INFO]	XnProperty.cpp	74	Setting Depth1.FPS to 30...
 3767294	[INFO]	XnProperty.cpp	86	Depth1.FPS value did not change.
 3767312	[INFO]	XnProperty.cpp	74	Setting Depth1.YRes to 480...
 3767335	[INFO]	XnProperty.cpp	151	Property Depth1.Resolution was changed to 1.
 3767358	[INFO]	XnProperty.cpp	151	Property Depth1.XRes was changed to 640.
 3767377	[INFO]	XnProperty.cpp	151	Property Depth1.RequiredDataSize was changed to 307200.
 3767399	[INFO]	XnProperty.cpp	151	Property Depth1.YRes was changed to 480.
 3767417	[INFO]	XnProperty.cpp	151	Property Depth1.RequiredDataSize was changed to 614400.
 3767437	[INFO]	XnProperty.cpp	101	Depth1.YRes was successfully set.
 3767456	[INFO]	XnProperty.cpp	74	Setting Depth1.XRes to 640...
 3767473	[INFO]	XnProperty.cpp	86	Depth1.XRes value did not change.
 3767530	[INFO]	XnProperty.cpp	74	Setting Depth1.Mirror to 1...
 3767550	[INFO]	XnProperty.cpp	151	Property Depth1.FirmwareMirror was changed to 1.
 3767624	[INFO]	XnProperty.cpp	151	Property Depth1.Mirror was changed to 1.
 3767644	[INFO]	XnProperty.cpp	101	Depth1.Mirror was successfully set.
 5516140	[INFO]	XnOpenNI.cpp	1261	Creating node 'User1' of type User...
 5542309	[WARNING]	Linux-x86Threads.cpp	173	Failed to set thread priority: Invalid argument
 5542357	[WARNING]	XnUSBLinux-x86.cpp	126	USB events thread: Failed to set thread priority to critical. This might cause loss of data...
 5543313	[INFO]	XnUSBLinux-x86.cpp	1222	USB read thread was started.
 5543345	[INFO]	XnProperty.cpp	151	Property Depth1.ActualReadData was changed to 1.
 6014121	[INFO]	XnProperty.cpp	151	Property Depth1.State was changed to 1.
 6014166	[INFO]	XnDeviceBase.cpp	370	Stream Depth1 is open.
 8468302	[INFO]	XnOpenNI.cpp	1261	Creating node 'Image1' of type Image...
 8468352	[INFO]	XnDeviceBase.cpp	1383	Creating stream 'Image1' of type 'Image'...
 8468540	[INFO]	XnProperty.cpp	151	Property Image1.Resolution was changed to 0.
 8468559	[INFO]	XnProperty.cpp	151	Property Image1.XRes was changed to 320.
 8468572	[INFO]	XnProperty.cpp	151	Property Image1.YRes was changed to 240.
 8468584	[INFO]	XnProperty.cpp	151	Property Image1.FPS was changed to 30.
 8468595	[INFO]	XnProperty.cpp	151	Property Image1.OutputFormat was changed to 5.
 8468607	[INFO]	XnProperty.cpp	151	Property Image1.BytesPerPixel was changed to 3.
 8468619	[INFO]	XnProperty.cpp	151	Property Image1.RequiredDataSize was changed to 230400.
 8468647	[INFO]	XnDeviceBase.cpp	1458	Stream 'Image1' was initialized.
 8468662	[INFO]	XnDeviceBase.cpp	1463	'Image1' stream was created.
 8468765	[INFO]	XnProperty.cpp	74	Setting Image1.InputFormat to 6...
 8468786	[INFO]	XnProperty.cpp	151	Property Image1.InputFormat was changed to 6.
 8468798	[INFO]	XnProperty.cpp	101	Image1.InputFormat was successfully set.
 8469207	[INFO]	XnDeviceModule.cpp	431	Module 'Image1' configuration was loaded from file.
 8469291	[INFO]	XnProperty.cpp	74	Setting Image1.FPS to 30...
 8469306	[INFO]	XnProperty.cpp	86	Image1.FPS value did not change.
 8469318	[INFO]	XnProperty.cpp	74	Setting Image1.YRes to 480...
 8469331	[INFO]	XnProperty.cpp	151	Property Image1.Resolution was changed to 1.
 8469344	[INFO]	XnProperty.cpp	151	Property Image1.XRes was changed to 640.
 8469355	[INFO]	XnProperty.cpp	151	Property Image1.RequiredDataSize was changed to 460800.
 8469369	[INFO]	XnProperty.cpp	151	Property Image1.YRes was changed to 480.
 8469381	[INFO]	XnProperty.cpp	151	Property Image1.RequiredDataSize was changed to 921600.
 8469393	[INFO]	XnProperty.cpp	101	Image1.YRes was successfully set.
 8469405	[INFO]	XnProperty.cpp	74	Setting Image1.XRes to 640...
 8469415	[INFO]	XnProperty.cpp	86	Image1.XRes value did not change.
 8470309	[INFO]	XnUSBLinux-x86.cpp	1222	USB read thread was started.
 8470346	[INFO]	XnProperty.cpp	151	Property Image1.ActualReadData was changed to 1.
 8647145	[WARNING]	XnDepthProcessor.cpp	133	Read: Depth buffer is corrupt. Size is 574624 (!= 614400)
 8647193	[WARNING]	XnFrameStreamProcessor.cpp	132	Depth frame is corrupt!
 8679165	[WARNING]	XnDepthProcessor.cpp	133	Read: Depth buffer is corrupt. Size is 594320 (!= 614400)
 8679211	[WARNING]	XnFrameStreamProcessor.cpp	132	Depth frame is corrupt!
11671194	[INFO]	XnProperty.cpp	151	Property Image1.State was changed to 1.
11671241	[INFO]	XnDeviceBase.cpp	370	Stream Image1 is open.
11671429	[INFO]	XnProperty.cpp	74	Setting Depth1.Registration to 1...
11683187	[WARNING]	XnDepthProcessor.cpp	133	Read: Depth buffer is corrupt. Size is 591680 (!= 614400)
11683234	[WARNING]	XnFrameStreamProcessor.cpp	132	Depth frame is corrupt!
11824558	[INFO]	XnProperty.cpp	151	Property Depth1.Registration was changed to 1.
11824600	[INFO]	XnProperty.cpp	101	Depth1.Registration was successfully set.
11824645	[INFO]	XnProperty.cpp	74	Setting Image1.Mirror to 1...
11837063	[INFO]	XnProperty.cpp	151	Property Image1.FirmwareMirror was changed to 1.
11837107	[INFO]	XnProperty.cpp	151	Property Image1.Mirror was changed to 1.
11837119	[INFO]	XnProperty.cpp	101	Image1.Mirror was successfully set.
59130700	[INFO]	XnOpenNI.cpp	1459	Destroying node 'User1'
59139419	[INFO]	XnOpenNI.cpp	1459	Destroying node 'Depth1'
59139522	[INFO]	XnDeviceBase.cpp	1507	Destroying stream 'Depth1'...
59140766	[INFO]	XnOpenNI.cpp	1459	Destroying node 'Image1'
59140809	[INFO]	XnDeviceBase.cpp	1507	Destroying stream 'Image1'...
59141636	[INFO]	XnOpenNI.cpp	1459	Destroying node 'Device1'
