    1547	[INFO]	XnLog.cpp	165	OpenNI version is 1.0.0 (Build 25)-MacOSX (Jan  7 2011 14:20:18)
    1587	[INFO]	XnLog.cpp	173	Log system initialized. Console: 1, File: 1, Severity: INFO, Masks: ALL
    1615	[INFO]	XnLog.cpp	173	Log system initialized. Console: 1, File: 1, Severity: INFO, Masks: ALL
    3276	[INFO]	XnUSBLinux-x86.cpp	98	USB is initialized.
 1620815	[INFO]	XnOpenNI.cpp	1261	Creating node 'Device1' of type Device...
 1621989	[INFO]	XnDeviceModule.cpp	431	Module 'Device' configuration was loaded from file.
 1732352	[INFO]	XnDeviceSensorIO.cpp	135	Connected to USB device
 1732412	[INFO]	XnProperty.cpp	151	Property Device.USBPath was changed to 045e/02ae@253/8.
 1740946	[INFO]	XnHostProtocol.cpp	825	Hardware versions: FW=5.1.4 (7) HW=4 Chip=2 Sensor=4 SYS=7
 3152040	[INFO]	XnProperty.cpp	151	Property Device.ID was changed to 0.
 3152125	[INFO]	XnSensor.cpp	182	Device sensor initialized
 3152270	[INFO]	XnOpenNI.cpp	1261	Creating node 'Depth1' of type Depth...
 3152355	[INFO]	XnDeviceBase.cpp	1383	Creating stream 'Depth1' of type 'Depth'...
 3152402	[INFO]	XnProperty.cpp	74	Setting Device.ReadData to 1...
 3152474	[INFO]	XnDeviceSensorIO.cpp	298	Endpoints open
 3164931	[INFO]	XnProperty.cpp	151	Property Device.ReadData was changed to 1.
 3164977	[INFO]	XnProperty.cpp	101	Device.ReadData was successfully set.
 3165406	[INFO]	XnProperty.cpp	151	Property Depth1.Resolution was changed to 0.
 3165435	[INFO]	XnProperty.cpp	151	Property Depth1.XRes was changed to 320.
 3165461	[INFO]	XnProperty.cpp	151	Property Depth1.YRes was changed to 240.
 3165487	[INFO]	XnProperty.cpp	151	Property Depth1.FPS was changed to 30.
 3165513	[INFO]	XnProperty.cpp	151	Property Depth1.OutputFormat was changed to 1.
 3165540	[INFO]	XnProperty.cpp	151	Property Depth1.BytesPerPixel was changed to 2.
 3165566	[INFO]	XnProperty.cpp	151	Property Depth1.RequiredDataSize was changed to 153600.
 3165598	[INFO]	XnProperty.cpp	151	Property Depth1.ParamCoeff was changed to 4.
 3165695	[INFO]	XnProperty.cpp	151	Property Depth1.ShiftScale was changed to 10.
 3178134	[INFO]	XnProperty.cpp	151	Property Depth1.ConstShift was changed to 200.
 3178246	[INFO]	XnProperty.cpp	151	Property Depth1.ZPD was changed to 120.
 3178359	[INFO]	XnProperty.cpp	151	Property Depth1.ZPPS was changed to 0.104200.
 3178378	[INFO]	XnProperty.cpp	151	Property Depth1.LDDIS was changed to 7.500000.
 3178491	[INFO]	XnProperty.cpp	151	Property Depth1.Gain was changed to 30.
 3178529	[INFO]	XnDeviceBase.cpp	1458	Stream 'Depth1' was initialized.
 3178547	[INFO]	XnDeviceBase.cpp	1463	'Depth1' stream was created.
 3178736	[INFO]	XnProperty.cpp	74	Setting Depth1.InputFormat to 3...
 3178762	[INFO]	XnProperty.cpp	151	Property Depth1.InputFormat was changed to 3.
 3178778	[INFO]	XnProperty.cpp	101	Depth1.InputFormat was successfully set.
 3179341	[INFO]	XnProperty.cpp	74	Setting Depth1.RegistrationType to 2...
 3179360	[INFO]	XnProperty.cpp	151	Property Depth1.RegistrationType was changed to 2.
 3179375	[INFO]	XnProperty.cpp	101	Depth1.RegistrationType was successfully set.
 3179967	[INFO]	XnDeviceModule.cpp	431	Module 'Depth1' configuration was loaded from file.
 3180176	[INFO]	XnProperty.cpp	74	Setting Depth1.FPS to 30...
 3180195	[INFO]	XnProperty.cpp	86	Depth1.FPS value did not change.
 3180210	[INFO]	XnProperty.cpp	74	Setting Depth1.YRes to 480...
 3180229	[INFO]	XnProperty.cpp	151	Property Depth1.Resolution was changed to 1.
 3180245	[INFO]	XnProperty.cpp	151	Property Depth1.XRes was changed to 640.
 3180261	[INFO]	XnProperty.cpp	151	Property Depth1.RequiredDataSize was changed to 307200.
 3181424	[INFO]	XnProperty.cpp	151	Property Depth1.YRes was changed to 480.
 3181452	[INFO]	XnProperty.cpp	151	Property Depth1.RequiredDataSize was changed to 614400.
 3181471	[INFO]	XnProperty.cpp	101	Depth1.YRes was successfully set.
 3181489	[INFO]	XnProperty.cpp	74	Setting Depth1.XRes to 640...
 3181502	[INFO]	XnProperty.cpp	86	Depth1.XRes value did not change.
 3181567	[INFO]	XnProperty.cpp	74	Setting Depth1.Mirror to 1...
 3181586	[INFO]	XnProperty.cpp	151	Property Depth1.FirmwareMirror was changed to 1.
 3181639	[INFO]	XnProperty.cpp	151	Property Depth1.Mirror was changed to 1.
 3181654	[INFO]	XnProperty.cpp	101	Depth1.Mirror was successfully set.
 3944310	[INFO]	XnOpenNI.cpp	1261	Creating node 'User1' of type User...
 3970651	[WARNING]	Linux-x86Threads.cpp	173	Failed to set thread priority: Invalid argument
 3970698	[WARNING]	XnUSBLinux-x86.cpp	126	USB events thread: Failed to set thread priority to critical. This might cause loss of data...
 3971686	[INFO]	XnUSBLinux-x86.cpp	1222	USB read thread was started.
 3971732	[INFO]	XnProperty.cpp	151	Property Depth1.ActualReadData was changed to 1.
 4442118	[INFO]	XnProperty.cpp	151	Property Depth1.State was changed to 1.
 4442161	[INFO]	XnDeviceBase.cpp	370	Stream Depth1 is open.
 5182324	[INFO]	XnOpenNI.cpp	1261	Creating node 'Image1' of type Image...
 5182375	[INFO]	XnDeviceBase.cpp	1383	Creating stream 'Image1' of type 'Image'...
 5182615	[INFO]	XnProperty.cpp	151	Property Image1.Resolution was changed to 0.
 5182634	[INFO]	XnProperty.cpp	151	Property Image1.XRes was changed to 320.
 5182648	[INFO]	XnProperty.cpp	151	Property Image1.YRes was changed to 240.
 5182660	[INFO]	XnProperty.cpp	151	Property Image1.FPS was changed to 30.
 5182671	[INFO]	XnProperty.cpp	151	Property Image1.OutputFormat was changed to 5.
 5182683	[INFO]	XnProperty.cpp	151	Property Image1.BytesPerPixel was changed to 3.
 5182696	[INFO]	XnProperty.cpp	151	Property Image1.RequiredDataSize was changed to 230400.
 5182724	[INFO]	XnDeviceBase.cpp	1458	Stream 'Image1' was initialized.
 5182737	[INFO]	XnDeviceBase.cpp	1463	'Image1' stream was created.
 5182844	[INFO]	XnProperty.cpp	74	Setting Image1.InputFormat to 6...
 5182865	[INFO]	XnProperty.cpp	151	Property Image1.InputFormat was changed to 6.
 5182878	[INFO]	XnProperty.cpp	101	Image1.InputFormat was successfully set.
 5183285	[INFO]	XnDeviceModule.cpp	431	Module 'Image1' configuration was loaded from file.
 5183369	[INFO]	XnProperty.cpp	74	Setting Image1.FPS to 30...
 5183385	[INFO]	XnProperty.cpp	86	Image1.FPS value did not change.
 5183410	[INFO]	XnProperty.cpp	74	Setting Image1.YRes to 480...
 5183430	[INFO]	XnProperty.cpp	151	Property Image1.Resolution was changed to 1.
 5183450	[INFO]	XnProperty.cpp	151	Property Image1.XRes was changed to 640.
 5183466	[INFO]	XnProperty.cpp	151	Property Image1.RequiredDataSize was changed to 460800.
 5183486	[INFO]	XnProperty.cpp	151	Property Image1.YRes was changed to 480.
 5183504	[INFO]	XnProperty.cpp	151	Property Image1.RequiredDataSize was changed to 921600.
 5183522	[INFO]	XnProperty.cpp	101	Image1.YRes was successfully set.
 5183540	[INFO]	XnProperty.cpp	74	Setting Image1.XRes to 640...
 5183555	[INFO]	XnProperty.cpp	86	Image1.XRes value did not change.
 5184509	[INFO]	XnUSBLinux-x86.cpp	1222	USB read thread was started.
 5184549	[INFO]	XnProperty.cpp	151	Property Image1.ActualReadData was changed to 1.
 5371576	[WARNING]	XnDepthProcessor.cpp	133	Read: Depth buffer is corrupt. Size is 530160 (!= 614400)
 5371624	[WARNING]	XnFrameStreamProcessor.cpp	132	Depth frame is corrupt!
 8385300	[INFO]	XnProperty.cpp	151	Property Image1.State was changed to 1.
 8385344	[INFO]	XnDeviceBase.cpp	370	Stream Image1 is open.
 8385529	[INFO]	XnProperty.cpp	74	Setting Depth1.Registration to 1...
 8411584	[WARNING]	XnDepthProcessor.cpp	133	Read: Depth buffer is corrupt. Size is 597504 (!= 614400)
 8411631	[WARNING]	XnFrameStreamProcessor.cpp	132	Depth frame is corrupt!
 8443595	[WARNING]	XnDepthProcessor.cpp	133	Read: Depth buffer is corrupt. Size is 598784 (!= 614400)
 8443641	[WARNING]	XnFrameStreamProcessor.cpp	132	Depth frame is corrupt!
 8538166	[INFO]	XnProperty.cpp	151	Property Depth1.Registration was changed to 1.
 8538209	[INFO]	XnProperty.cpp	101	Depth1.Registration was successfully set.
 8538256	[INFO]	XnProperty.cpp	74	Setting Image1.Mirror to 1...
 8550575	[INFO]	XnProperty.cpp	151	Property Image1.FirmwareMirror was changed to 1.
 8550618	[INFO]	XnProperty.cpp	151	Property Image1.Mirror was changed to 1.
 8550631	[INFO]	XnProperty.cpp	101	Image1.Mirror was successfully set.
20774305	[INFO]	XnOpenNI.cpp	1459	Destroying node 'User1'
20783899	[INFO]	XnOpenNI.cpp	1459	Destroying node 'Depth1'
20784014	[INFO]	XnDeviceBase.cpp	1507	Destroying stream 'Depth1'...
20785600	[INFO]	XnOpenNI.cpp	1459	Destroying node 'Image1'
20785671	[INFO]	XnDeviceBase.cpp	1507	Destroying stream 'Image1'...
20786745	[INFO]	XnOpenNI.cpp	1459	Destroying node 'Device1'
