    1945	[INFO]	XnLog.cpp	165	OpenNI version is 1.0.0 (Build 25)-MacOSX (Jan  7 2011 14:20:18)
    2002	[INFO]	XnLog.cpp	173	Log system initialized. Console: 1, File: 1, Severity: INFO, Masks: ALL
    2036	[INFO]	XnLog.cpp	173	Log system initialized. Console: 1, File: 1, Severity: INFO, Masks: ALL
    3507	[INFO]	XnUSBLinux-x86.cpp	98	USB is initialized.
10408699	[INFO]	XnOpenNI.cpp	1261	Creating node 'Device1' of type Device...
10409649	[INFO]	XnDeviceModule.cpp	431	Module 'Device' configuration was loaded from file.
11065703	[INFO]	XnDeviceSensorIO.cpp	135	Connected to USB device
11065757	[INFO]	XnProperty.cpp	151	Property Device.USBPath was changed to 045e/02ae@253/8.
11073933	[INFO]	XnHostProtocol.cpp	825	Hardware versions: FW=5.1.4 (7) HW=4 Chip=2 Sensor=4 SYS=7
12482532	[INFO]	XnProperty.cpp	151	Property Device.ID was changed to 0.
12482604	[INFO]	XnSensor.cpp	182	Device sensor initialized
12482711	[INFO]	XnOpenNI.cpp	1261	Creating node 'Depth1' of type Depth...
12482763	[INFO]	XnDeviceBase.cpp	1383	Creating stream 'Depth1' of type 'Depth'...
12482829	[INFO]	XnProperty.cpp	74	Setting Device.ReadData to 1...
12482881	[INFO]	XnDeviceSensorIO.cpp	298	Endpoints open
12495313	[INFO]	XnProperty.cpp	151	Property Device.ReadData was changed to 1.
12495357	[INFO]	XnProperty.cpp	101	Device.ReadData was successfully set.
12495770	[INFO]	XnProperty.cpp	151	Property Depth1.Resolution was changed to 0.
12495796	[INFO]	XnProperty.cpp	151	Property Depth1.XRes was changed to 320.
12495814	[INFO]	XnProperty.cpp	151	Property Depth1.YRes was changed to 240.
12495830	[INFO]	XnProperty.cpp	151	Property Depth1.FPS was changed to 30.
12495845	[INFO]	XnProperty.cpp	151	Property Depth1.OutputFormat was changed to 1.
12495860	[INFO]	XnProperty.cpp	151	Property Depth1.BytesPerPixel was changed to 2.
12495876	[INFO]	XnProperty.cpp	151	Property Depth1.RequiredDataSize was changed to 153600.
12495906	[INFO]	XnProperty.cpp	151	Property Depth1.ParamCoeff was changed to 4.
12495995	[INFO]	XnProperty.cpp	151	Property Depth1.ShiftScale was changed to 10.
12508774	[INFO]	XnProperty.cpp	151	Property Depth1.ConstShift was changed to 200.
12508859	[INFO]	XnProperty.cpp	151	Property Depth1.ZPD was changed to 120.
12508956	[INFO]	XnProperty.cpp	151	Property Depth1.ZPPS was changed to 0.104200.
12508971	[INFO]	XnProperty.cpp	151	Property Depth1.LDDIS was changed to 7.500000.
12509057	[INFO]	XnProperty.cpp	151	Property Depth1.Gain was changed to 30.
12509089	[INFO]	XnDeviceBase.cpp	1458	Stream 'Depth1' was initialized.
12509102	[INFO]	XnDeviceBase.cpp	1463	'Depth1' stream was created.
12509248	[INFO]	XnProperty.cpp	74	Setting Depth1.InputFormat to 3...
12509268	[INFO]	XnProperty.cpp	151	Property Depth1.InputFormat was changed to 3.
12509281	[INFO]	XnProperty.cpp	101	Depth1.InputFormat was successfully set.
12509719	[INFO]	XnProperty.cpp	74	Setting Depth1.RegistrationType to 2...
12509739	[INFO]	XnProperty.cpp	151	Property Depth1.RegistrationType was changed to 2.
12509757	[INFO]	XnProperty.cpp	101	Depth1.RegistrationType was successfully set.
12510217	[INFO]	XnDeviceModule.cpp	431	Module 'Depth1' configuration was loaded from file.
12510365	[INFO]	XnProperty.cpp	74	Setting Depth1.FPS to 30...
12510381	[INFO]	XnProperty.cpp	86	Depth1.FPS value did not change.
12510394	[INFO]	XnProperty.cpp	74	Setting Depth1.YRes to 480...
12510409	[INFO]	XnProperty.cpp	151	Property Depth1.Resolution was changed to 1.
12510422	[INFO]	XnProperty.cpp	151	Property Depth1.XRes was changed to 640.
12510434	[INFO]	XnProperty.cpp	151	Property Depth1.RequiredDataSize was changed to 307200.
12510448	[INFO]	XnProperty.cpp	151	Property Depth1.YRes was changed to 480.
12510460	[INFO]	XnProperty.cpp	151	Property Depth1.RequiredDataSize was changed to 614400.
12510473	[INFO]	XnProperty.cpp	101	Depth1.YRes was successfully set.
12510485	[INFO]	XnProperty.cpp	74	Setting Depth1.XRes to 640...
12510496	[INFO]	XnProperty.cpp	86	Depth1.XRes value did not change.
12510536	[INFO]	XnProperty.cpp	74	Setting Depth1.Mirror to 1...
12510550	[INFO]	XnProperty.cpp	151	Property Depth1.FirmwareMirror was changed to 1.
12510593	[INFO]	XnProperty.cpp	151	Property Depth1.Mirror was changed to 1.
12510605	[INFO]	XnProperty.cpp	101	Depth1.Mirror was successfully set.
18214733	[INFO]	XnOpenNI.cpp	1261	Creating node 'User1' of type User...
18238591	[WARNING]	Linux-x86Threads.cpp	173	Failed to set thread priority: Invalid argument
18238636	[WARNING]	XnUSBLinux-x86.cpp	126	USB events thread: Failed to set thread priority to critical. This might cause loss of data...
18239479	[INFO]	XnUSBLinux-x86.cpp	1222	USB read thread was started.
18239508	[INFO]	XnProperty.cpp	151	Property Depth1.ActualReadData was changed to 1.
18710078	[INFO]	XnProperty.cpp	151	Property Depth1.State was changed to 1.
18710120	[INFO]	XnDeviceBase.cpp	370	Stream Depth1 is open.
24698233	[INFO]	XnOpenNI.cpp	1261	Creating node 'Image1' of type Image...
24698284	[INFO]	XnDeviceBase.cpp	1383	Creating stream 'Image1' of type 'Image'...
24698526	[INFO]	XnProperty.cpp	151	Property Image1.Resolution was changed to 0.
24698552	[INFO]	XnProperty.cpp	151	Property Image1.XRes was changed to 320.
24698571	[INFO]	XnProperty.cpp	151	Property Image1.YRes was changed to 240.
24698591	[INFO]	XnProperty.cpp	151	Property Image1.FPS was changed to 30.
24698610	[INFO]	XnProperty.cpp	151	Property Image1.OutputFormat was changed to 5.
24698629	[INFO]	XnProperty.cpp	151	Property Image1.BytesPerPixel was changed to 3.
24698647	[INFO]	XnProperty.cpp	151	Property Image1.RequiredDataSize was changed to 230400.
24698688	[INFO]	XnDeviceBase.cpp	1458	Stream 'Image1' was initialized.
24698709	[INFO]	XnDeviceBase.cpp	1463	'Image1' stream was created.
24698843	[INFO]	XnProperty.cpp	74	Setting Image1.InputFormat to 6...
24698872	[INFO]	XnProperty.cpp	151	Property Image1.InputFormat was changed to 6.
24698892	[INFO]	XnProperty.cpp	101	Image1.InputFormat was successfully set.
24699510	[INFO]	XnDeviceModule.cpp	431	Module 'Image1' configuration was loaded from file.
24699615	[INFO]	XnProperty.cpp	74	Setting Image1.FPS to 30...
24699642	[INFO]	XnProperty.cpp	86	Image1.FPS value did not change.
24699662	[INFO]	XnProperty.cpp	74	Setting Image1.YRes to 480...
24699684	[INFO]	XnProperty.cpp	151	Property Image1.Resolution was changed to 1.
24699706	[INFO]	XnProperty.cpp	151	Property Image1.XRes was changed to 640.
24699728	[INFO]	XnProperty.cpp	151	Property Image1.RequiredDataSize was changed to 460800.
24699750	[INFO]	XnProperty.cpp	151	Property Image1.YRes was changed to 480.
24699771	[INFO]	XnProperty.cpp	151	Property Image1.RequiredDataSize was changed to 921600.
24699792	[INFO]	XnProperty.cpp	101	Image1.YRes was successfully set.
24699811	[INFO]	XnProperty.cpp	74	Setting Image1.XRes to 640...
24699829	[INFO]	XnProperty.cpp	86	Image1.XRes value did not change.
24700923	[INFO]	XnUSBLinux-x86.cpp	1222	USB read thread was started.
24700979	[INFO]	XnProperty.cpp	151	Property Image1.ActualReadData was changed to 1.
24880115	[WARNING]	XnDepthProcessor.cpp	133	Read: Depth buffer is corrupt. Size is 556736 (!= 614400)
24880163	[WARNING]	XnFrameStreamProcessor.cpp	132	Depth frame is corrupt!
27784459	[WARNING]	XnDepthProcessor.cpp	133	Read: Depth buffer is corrupt. Size is 595680 (!= 614400)
27784504	[WARNING]	XnFrameStreamProcessor.cpp	132	Depth frame is corrupt!
27901433	[INFO]	XnProperty.cpp	151	Property Image1.State was changed to 1.
27901479	[INFO]	XnDeviceBase.cpp	370	Stream Image1 is open.
27901667	[INFO]	XnProperty.cpp	74	Setting Depth1.Registration to 1...
27952398	[WARNING]	XnDepthProcessor.cpp	133	Read: Depth buffer is corrupt. Size is 583840 (!= 614400)
27952447	[WARNING]	XnFrameStreamProcessor.cpp	132	Depth frame is corrupt!
28053468	[INFO]	XnProperty.cpp	151	Property Depth1.Registration was changed to 1.
28053521	[INFO]	XnProperty.cpp	101	Depth1.Registration was successfully set.
28053570	[INFO]	XnProperty.cpp	74	Setting Image1.Mirror to 1...
28066007	[INFO]	XnProperty.cpp	151	Property Image1.FirmwareMirror was changed to 1.
28066062	[INFO]	XnProperty.cpp	151	Property Image1.Mirror was changed to 1.
28066084	[INFO]	XnProperty.cpp	101	Image1.Mirror was successfully set.
