    1583	[INFO]	XnLog.cpp	165	OpenNI version is 1.0.0 (Build 25)-MacOSX (Jan  7 2011 14:20:18)
    1627	[INFO]	XnLog.cpp	173	Log system initialized. Console: 1, File: 1, Severity: INFO, Masks: ALL
    1651	[INFO]	XnLog.cpp	173	Log system initialized. Console: 1, File: 1, Severity: INFO, Masks: ALL
    2769	[INFO]	XnUSBLinux-x86.cpp	98	USB is initialized.
 1955809	[INFO]	XnOpenNI.cpp	1261	Creating node 'Device1' of type Device...
 1956526	[INFO]	XnDeviceModule.cpp	431	Module 'Device' configuration was loaded from file.
 2223009	[INFO]	XnDeviceSensorIO.cpp	135	Connected to USB device
 2223065	[INFO]	XnProperty.cpp	151	Property Device.USBPath was changed to 045e/02ae@250/10.
 2231136	[INFO]	XnHostProtocol.cpp	825	Hardware versions: FW=5.1.4 (7) HW=4 Chip=2 Sensor=4 SYS=7
 3749745	[INFO]	XnProperty.cpp	151	Property Device.ID was changed to 0.
 3749812	[INFO]	XnSensor.cpp	182	Device sensor initialized
 3749918	[INFO]	XnOpenNI.cpp	1261	Creating node 'Depth1' of type Depth...
 3749969	[INFO]	XnDeviceBase.cpp	1383	Creating stream 'Depth1' of type 'Depth'...
 3749993	[INFO]	XnProperty.cpp	74	Setting Device.ReadData to 1...
 3750036	[INFO]	XnDeviceSensorIO.cpp	298	Endpoints open
 3762293	[INFO]	XnProperty.cpp	151	Property Device.ReadData was changed to 1.
 3762347	[INFO]	XnProperty.cpp	101	Device.ReadData was successfully set.
 3763085	[INFO]	XnProperty.cpp	151	Property Depth1.Resolution was changed to 0.
 3763139	[INFO]	XnProperty.cpp	151	Property Depth1.XRes was changed to 320.
 3763180	[INFO]	XnProperty.cpp	151	Property Depth1.YRes was changed to 240.
 3763219	[INFO]	XnProperty.cpp	151	Property Depth1.FPS was changed to 30.
 3763257	[INFO]	XnProperty.cpp	151	Property Depth1.OutputFormat was changed to 1.
 3763298	[INFO]	XnProperty.cpp	151	Property Depth1.BytesPerPixel was changed to 2.
 3763338	[INFO]	XnProperty.cpp	151	Property Depth1.RequiredDataSize was changed to 153600.
 3763387	[INFO]	XnProperty.cpp	151	Property Depth1.ParamCoeff was changed to 4.
 3763539	[INFO]	XnProperty.cpp	151	Property Depth1.ShiftScale was changed to 10.
 3776273	[INFO]	XnProperty.cpp	151	Property Depth1.ConstShift was changed to 200.
 3776361	[INFO]	XnProperty.cpp	151	Property Depth1.ZPD was changed to 120.
 3776491	[INFO]	XnProperty.cpp	151	Property Depth1.ZPPS was changed to 0.104200.
 3776509	[INFO]	XnProperty.cpp	151	Property Depth1.LDDIS was changed to 7.500000.
 3776621	[INFO]	XnProperty.cpp	151	Property Depth1.Gain was changed to 30.
 3776656	[INFO]	XnDeviceBase.cpp	1458	Stream 'Depth1' was initialized.
 3776674	[INFO]	XnDeviceBase.cpp	1463	'Depth1' stream was created.
 3776864	[INFO]	XnProperty.cpp	74	Setting Depth1.InputFormat to 3...
 3776892	[INFO]	XnProperty.cpp	151	Property Depth1.InputFormat was changed to 3.
 3776908	[INFO]	XnProperty.cpp	101	Depth1.InputFormat was successfully set.
 3777488	[INFO]	XnProperty.cpp	74	Setting Depth1.RegistrationType to 2...
 3777509	[INFO]	XnProperty.cpp	151	Property Depth1.RegistrationType was changed to 2.
 3777524	[INFO]	XnProperty.cpp	101	Depth1.RegistrationType was successfully set.
 3778139	[INFO]	XnDeviceModule.cpp	431	Module 'Depth1' configuration was loaded from file.
 3778391	[INFO]	XnProperty.cpp	74	Setting Depth1.FPS to 30...
 3778417	[INFO]	XnProperty.cpp	86	Depth1.FPS value did not change.
 3778441	[INFO]	XnProperty.cpp	74	Setting Depth1.YRes to 480...
 3778471	[INFO]	XnProperty.cpp	151	Property Depth1.Resolution was changed to 1.
 3778497	[INFO]	XnProperty.cpp	151	Property Depth1.XRes was changed to 640.
 3778522	[INFO]	XnProperty.cpp	151	Property Depth1.RequiredDataSize was changed to 307200.
 3778550	[INFO]	XnProperty.cpp	151	Property Depth1.YRes was changed to 480.
 3778574	[INFO]	XnProperty.cpp	151	Property Depth1.RequiredDataSize was changed to 614400.
 3778600	[INFO]	XnProperty.cpp	101	Depth1.YRes was successfully set.
 3778626	[INFO]	XnProperty.cpp	74	Setting Depth1.XRes to 640...
 3778648	[INFO]	XnProperty.cpp	86	Depth1.XRes value did not change.
 3778718	[INFO]	XnProperty.cpp	74	Setting Depth1.Mirror to 1...
 3778744	[INFO]	XnProperty.cpp	151	Property Depth1.FirmwareMirror was changed to 1.
 3778811	[INFO]	XnProperty.cpp	151	Property Depth1.Mirror was changed to 1.
 3778835	[INFO]	XnProperty.cpp	101	Depth1.Mirror was successfully set.
 4867211	[INFO]	XnOpenNI.cpp	1261	Creating node 'User1' of type User...
 4893949	[WARNING]	Linux-x86Threads.cpp	173	Failed to set thread priority: Invalid argument
 4893995	[WARNING]	XnUSBLinux-x86.cpp	126	USB events thread: Failed to set thread priority to critical. This might cause loss of data...
 4894731	[INFO]	XnUSBLinux-x86.cpp	1222	USB read thread was started.
 4894758	[INFO]	XnProperty.cpp	151	Property Depth1.ActualReadData was changed to 1.
 5366279	[INFO]	XnProperty.cpp	151	Property Depth1.State was changed to 1.
 5366334	[INFO]	XnDeviceBase.cpp	370	Stream Depth1 is open.
 6459687	[INFO]	XnOpenNI.cpp	1261	Creating node 'Image1' of type Image...
 6459739	[INFO]	XnDeviceBase.cpp	1383	Creating stream 'Image1' of type 'Image'...
 6459921	[INFO]	XnProperty.cpp	151	Property Image1.Resolution was changed to 0.
 6459941	[INFO]	XnProperty.cpp	151	Property Image1.XRes was changed to 320.
 6459954	[INFO]	XnProperty.cpp	151	Property Image1.YRes was changed to 240.
 6459967	[INFO]	XnProperty.cpp	151	Property Image1.FPS was changed to 30.
 6459978	[INFO]	XnProperty.cpp	151	Property Image1.OutputFormat was changed to 5.
 6459990	[INFO]	XnProperty.cpp	151	Property Image1.BytesPerPixel was changed to 3.
 6460002	[INFO]	XnProperty.cpp	151	Property Image1.RequiredDataSize was changed to 230400.
 6460038	[INFO]	XnDeviceBase.cpp	1458	Stream 'Image1' was initialized.
 6460060	[INFO]	XnDeviceBase.cpp	1463	'Image1' stream was created.
 6460216	[INFO]	XnProperty.cpp	74	Setting Image1.InputFormat to 6...
 6460248	[INFO]	XnProperty.cpp	151	Property Image1.InputFormat was changed to 6.
 6460267	[INFO]	XnProperty.cpp	101	Image1.InputFormat was successfully set.
 6460712	[INFO]	XnDeviceModule.cpp	431	Module 'Image1' configuration was loaded from file.
 6460809	[INFO]	XnProperty.cpp	74	Setting Image1.FPS to 30...
 6460828	[INFO]	XnProperty.cpp	86	Image1.FPS value did not change.
 6460847	[INFO]	XnProperty.cpp	74	Setting Image1.YRes to 480...
 6460866	[INFO]	XnProperty.cpp	151	Property Image1.Resolution was changed to 1.
 6460883	[INFO]	XnProperty.cpp	151	Property Image1.XRes was changed to 640.
 6460900	[INFO]	XnProperty.cpp	151	Property Image1.RequiredDataSize was changed to 460800.
 6460920	[INFO]	XnProperty.cpp	151	Property Image1.YRes was changed to 480.
 6460938	[INFO]	XnProperty.cpp	151	Property Image1.RequiredDataSize was changed to 921600.
 6460956	[INFO]	XnProperty.cpp	101	Image1.YRes was successfully set.
 6460974	[INFO]	XnProperty.cpp	74	Setting Image1.XRes to 640...
 6460990	[INFO]	XnProperty.cpp	86	Image1.XRes value did not change.
 6461890	[INFO]	XnUSBLinux-x86.cpp	1222	USB read thread was started.
 6461930	[INFO]	XnProperty.cpp	151	Property Image1.ActualReadData was changed to 1.
 6631253	[WARNING]	XnDepthProcessor.cpp	133	Read: Depth buffer is corrupt. Size is 587184 (!= 614400)
 6631307	[WARNING]	XnFrameStreamProcessor.cpp	132	Depth frame is corrupt!
 6663296	[WARNING]	XnDepthProcessor.cpp	133	Read: Depth buffer is corrupt. Size is 586784 (!= 614400)
 6663341	[WARNING]	XnFrameStreamProcessor.cpp	132	Depth frame is corrupt!
 9535931	[WARNING]	XnDepthProcessor.cpp	133	Read: Depth buffer is corrupt. Size is 591712 (!= 614400)
 9535973	[WARNING]	XnFrameStreamProcessor.cpp	132	Depth frame is corrupt!
 9663294	[INFO]	XnProperty.cpp	151	Property Image1.State was changed to 1.
 9663328	[INFO]	XnDeviceBase.cpp	370	Stream Image1 is open.
 9663527	[INFO]	XnProperty.cpp	74	Setting Depth1.Registration to 1...
 9815012	[INFO]	XnProperty.cpp	151	Property Depth1.Registration was changed to 1.
 9815055	[INFO]	XnProperty.cpp	101	Depth1.Registration was successfully set.
 9815103	[INFO]	XnProperty.cpp	74	Setting Image1.Mirror to 1...
 9827356	[INFO]	XnProperty.cpp	151	Property Image1.FirmwareMirror was changed to 1.
 9827399	[INFO]	XnProperty.cpp	151	Property Image1.Mirror was changed to 1.
 9827412	[INFO]	XnProperty.cpp	101	Image1.Mirror was successfully set.
819652559	[INFO]	XnOpenNI.cpp	1459	Destroying node 'User1'
819660246	[INFO]	XnOpenNI.cpp	1459	Destroying node 'Depth1'
819660345	[INFO]	XnDeviceBase.cpp	1507	Destroying stream 'Depth1'...
819661548	[INFO]	XnOpenNI.cpp	1459	Destroying node 'Image1'
819661598	[INFO]	XnDeviceBase.cpp	1507	Destroying stream 'Image1'...
819662436	[INFO]	XnOpenNI.cpp	1459	Destroying node 'Device1'
