   34066	[INFO]	XnLog.cpp	165	OpenNI version is 1.0.0 (Build 25)-MacOSX (Jan  7 2011 14:20:18)
   34146	[INFO]	XnLog.cpp	173	Log system initialized. Console: 1, File: 1, Severity: INFO, Masks: ALL
   34185	[INFO]	XnLog.cpp	173	Log system initialized. Console: 1, File: 1, Severity: INFO, Masks: ALL
   35701	[INFO]	XnUSBLinux-x86.cpp	98	USB is initialized.
 1645182	[INFO]	XnOpenNI.cpp	1261	Creating node 'Device1' of type Device...
 1646937	[INFO]	XnDeviceModule.cpp	431	Module 'Device' configuration was loaded from file.
 1858248	[INFO]	XnDeviceSensorIO.cpp	135	Connected to USB device
 1858309	[INFO]	XnProperty.cpp	151	Property Device.USBPath was changed to 045e/02ae@253/8.
 1894841	[INFO]	XnHostProtocol.cpp	825	Hardware versions: FW=5.1.4 (7) HW=4 Chip=2 Sensor=4 SYS=7
 3300986	[INFO]	XnProperty.cpp	151	Property Device.ID was changed to 0.
 3301046	[INFO]	XnSensor.cpp	182	Device sensor initialized
 3301128	[INFO]	XnOpenNI.cpp	1261	Creating node 'Depth1' of type Depth...
 3301178	[INFO]	XnDeviceBase.cpp	1383	Creating stream 'Depth1' of type 'Depth'...
 3301198	[INFO]	XnProperty.cpp	74	Setting Device.ReadData to 1...
 3301229	[INFO]	XnDeviceSensorIO.cpp	298	Endpoints open
 3313693	[INFO]	XnProperty.cpp	151	Property Device.ReadData was changed to 1.
 3313731	[INFO]	XnProperty.cpp	101	Device.ReadData was successfully set.
 3314084	[INFO]	XnProperty.cpp	151	Property Depth1.Resolution was changed to 0.
 3314105	[INFO]	XnProperty.cpp	151	Property Depth1.XRes was changed to 320.
 3314118	[INFO]	XnProperty.cpp	151	Property Depth1.YRes was changed to 240.
 3314130	[INFO]	XnProperty.cpp	151	Property Depth1.FPS was changed to 30.
 3314141	[INFO]	XnProperty.cpp	151	Property Depth1.OutputFormat was changed to 1.
 3314152	[INFO]	XnProperty.cpp	151	Property Depth1.BytesPerPixel was changed to 2.
 3314164	[INFO]	XnProperty.cpp	151	Property Depth1.RequiredDataSize was changed to 153600.
 3314180	[INFO]	XnProperty.cpp	151	Property Depth1.ParamCoeff was changed to 4.
 3314239	[INFO]	XnProperty.cpp	151	Property Depth1.ShiftScale was changed to 10.
 3326445	[INFO]	XnProperty.cpp	151	Property Depth1.ConstShift was changed to 200.
 3326542	[INFO]	XnProperty.cpp	151	Property Depth1.ZPD was changed to 120.
 3326676	[INFO]	XnProperty.cpp	151	Property Depth1.ZPPS was changed to 0.104200.
 3326699	[INFO]	XnProperty.cpp	151	Property Depth1.LDDIS was changed to 7.500000.
 3326813	[INFO]	XnProperty.cpp	151	Property Depth1.Gain was changed to 30.
 3326850	[INFO]	XnDeviceBase.cpp	1458	Stream 'Depth1' was initialized.
 3326871	[INFO]	XnDeviceBase.cpp	1463	'Depth1' stream was created.
 3327027	[INFO]	XnProperty.cpp	74	Setting Depth1.InputFormat to 3...
 3327052	[INFO]	XnProperty.cpp	151	Property Depth1.InputFormat was changed to 3.
 3327071	[INFO]	XnProperty.cpp	101	Depth1.InputFormat was successfully set.
 3327517	[INFO]	XnProperty.cpp	74	Setting Depth1.RegistrationType to 2...
 3327538	[INFO]	XnProperty.cpp	151	Property Depth1.RegistrationType was changed to 2.
 3327556	[INFO]	XnProperty.cpp	101	Depth1.RegistrationType was successfully set.
 3328092	[INFO]	XnDeviceModule.cpp	431	Module 'Depth1' configuration was loaded from file.
 3328308	[INFO]	XnProperty.cpp	74	Setting Depth1.FPS to 30...
 3328328	[INFO]	XnProperty.cpp	86	Depth1.FPS value did not change.
 3328344	[INFO]	XnProperty.cpp	74	Setting Depth1.YRes to 480...
 3328363	[INFO]	XnProperty.cpp	151	Property Depth1.Resolution was changed to 1.
 3328380	[INFO]	XnProperty.cpp	151	Property Depth1.XRes was changed to 640.
 3328396	[INFO]	XnProperty.cpp	151	Property Depth1.RequiredDataSize was changed to 307200.
 3328414	[INFO]	XnProperty.cpp	151	Property Depth1.YRes was changed to 480.
 3328429	[INFO]	XnProperty.cpp	151	Property Depth1.RequiredDataSize was changed to 614400.
 3328445	[INFO]	XnProperty.cpp	101	Depth1.YRes was successfully set.
 3328461	[INFO]	XnProperty.cpp	74	Setting Depth1.XRes to 640...
 3328474	[INFO]	XnProperty.cpp	86	Depth1.XRes value did not change.
 3328528	[INFO]	XnProperty.cpp	74	Setting Depth1.Mirror to 1...
 3328546	[INFO]	XnProperty.cpp	151	Property Depth1.FirmwareMirror was changed to 1.
 3328595	[INFO]	XnProperty.cpp	151	Property Depth1.Mirror was changed to 1.
 3328610	[INFO]	XnProperty.cpp	101	Depth1.Mirror was successfully set.
 4912691	[INFO]	XnOpenNI.cpp	1261	Creating node 'User1' of type User...
 4938289	[WARNING]	Linux-x86Threads.cpp	173	Failed to set thread priority: Invalid argument
 4938330	[WARNING]	XnUSBLinux-x86.cpp	126	USB events thread: Failed to set thread priority to critical. This might cause loss of data...
 4939081	[INFO]	XnUSBLinux-x86.cpp	1222	USB read thread was started.
 4939107	[INFO]	XnProperty.cpp	151	Property Depth1.ActualReadData was changed to 1.
 5409974	[INFO]	XnProperty.cpp	151	Property Depth1.State was changed to 1.
 5410017	[INFO]	XnDeviceBase.cpp	370	Stream Depth1 is open.
 6984622	[INFO]	XnOpenNI.cpp	1261	Creating node 'Image1' of type Image...
 6984676	[INFO]	XnDeviceBase.cpp	1383	Creating stream 'Image1' of type 'Image'...
 6984909	[INFO]	XnProperty.cpp	151	Property Image1.Resolution was changed to 0.
 6984936	[INFO]	XnProperty.cpp	151	Property Image1.XRes was changed to 320.
 6984954	[INFO]	XnProperty.cpp	151	Property Image1.YRes was changed to 240.
 6984974	[INFO]	XnProperty.cpp	151	Property Image1.FPS was changed to 30.
 6985003	[INFO]	XnProperty.cpp	151	Property Image1.OutputFormat was changed to 5.
 6985022	[INFO]	XnProperty.cpp	151	Property Image1.BytesPerPixel was changed to 3.
 6985042	[INFO]	XnProperty.cpp	151	Property Image1.RequiredDataSize was changed to 230400.
 6985083	[INFO]	XnDeviceBase.cpp	1458	Stream 'Image1' was initialized.
 6985104	[INFO]	XnDeviceBase.cpp	1463	'Image1' stream was created.
 6985238	[INFO]	XnProperty.cpp	74	Setting Image1.InputFormat to 6...
 6985268	[INFO]	XnProperty.cpp	151	Property Image1.InputFormat was changed to 6.
 6985286	[INFO]	XnProperty.cpp	101	Image1.InputFormat was successfully set.
 6985888	[INFO]	XnDeviceModule.cpp	431	Module 'Image1' configuration was loaded from file.
 6986011	[INFO]	XnProperty.cpp	74	Setting Image1.FPS to 30...
 6986035	[INFO]	XnProperty.cpp	86	Image1.FPS value did not change.
 6986053	[INFO]	XnProperty.cpp	74	Setting Image1.YRes to 480...
 6986072	[INFO]	XnProperty.cpp	151	Property Image1.Resolution was changed to 1.
 6986093	[INFO]	XnProperty.cpp	151	Property Image1.XRes was changed to 640.
 6986114	[INFO]	XnProperty.cpp	151	Property Image1.RequiredDataSize was changed to 460800.
 6986138	[INFO]	XnProperty.cpp	151	Property Image1.YRes was changed to 480.
 6986161	[INFO]	XnProperty.cpp	151	Property Image1.RequiredDataSize was changed to 921600.
 6986184	[INFO]	XnProperty.cpp	101	Image1.YRes was successfully set.
 6986205	[INFO]	XnProperty.cpp	74	Setting Image1.XRes to 640...
 6986223	[INFO]	XnProperty.cpp	86	Image1.XRes value did not change.
 6987365	[INFO]	XnUSBLinux-x86.cpp	1222	USB read thread was started.
 6987408	[INFO]	XnProperty.cpp	151	Property Image1.ActualReadData was changed to 1.
 7043096	[WARNING]	XnDepthProcessor.cpp	133	Read: Depth buffer is corrupt. Size is 595408 (!= 614400)
 7043152	[WARNING]	XnFrameStreamProcessor.cpp	132	Depth frame is corrupt!
 7175150	[WARNING]	XnDepthProcessor.cpp	133	Read: Depth buffer is corrupt. Size is 541792 (!= 614400)
 7175211	[WARNING]	XnFrameStreamProcessor.cpp	132	Depth frame is corrupt!
10079210	[WARNING]	XnDepthProcessor.cpp	133	Read: Depth buffer is corrupt. Size is 593008 (!= 614400)
10079294	[WARNING]	XnFrameStreamProcessor.cpp	132	Depth frame is corrupt!
10187266	[INFO]	XnProperty.cpp	151	Property Image1.State was changed to 1.
10187318	[INFO]	XnDeviceBase.cpp	370	Stream Image1 is open.
10187548	[INFO]	XnProperty.cpp	74	Setting Depth1.Registration to 1...
10211243	[WARNING]	XnDepthProcessor.cpp	133	Read: Depth buffer is corrupt. Size is 578000 (!= 614400)
10211291	[WARNING]	XnFrameStreamProcessor.cpp	132	Depth frame is corrupt!
10247201	[WARNING]	XnDepthProcessor.cpp	133	Read: Depth buffer is corrupt. Size is 593696 (!= 614400)
10247249	[WARNING]	XnFrameStreamProcessor.cpp	132	Depth frame is corrupt!
10340568	[INFO]	XnProperty.cpp	151	Property Depth1.Registration was changed to 1.
10340611	[INFO]	XnProperty.cpp	101	Depth1.Registration was successfully set.
10354580	[INFO]	XnProperty.cpp	74	Setting Image1.Mirror to 1...
10367321	[INFO]	XnProperty.cpp	151	Property Image1.FirmwareMirror was changed to 1.
10367369	[INFO]	XnProperty.cpp	151	Property Image1.Mirror was changed to 1.
10367385	[INFO]	XnProperty.cpp	101	Image1.Mirror was successfully set.
15700872	[INFO]	XnOpenNI.cpp	1459	Destroying node 'User1'
15709258	[INFO]	XnOpenNI.cpp	1459	Destroying node 'Depth1'
15709361	[INFO]	XnDeviceBase.cpp	1507	Destroying stream 'Depth1'...
15710669	[INFO]	XnOpenNI.cpp	1459	Destroying node 'Image1'
15710727	[INFO]	XnDeviceBase.cpp	1507	Destroying stream 'Image1'...
15711636	[INFO]	XnOpenNI.cpp	1459	Destroying node 'Device1'
