   40827	[INFO]	XnLog.cpp	165	OpenNI version is 1.0.0 (Build 25)-MacOSX (Jan  7 2011 14:20:18)
   40900	[INFO]	XnLog.cpp	173	Log system initialized. Console: 1, File: 1, Severity: INFO, Masks: ALL
   40935	[INFO]	XnLog.cpp	173	Log system initialized. Console: 1, File: 1, Severity: INFO, Masks: ALL
   42203	[INFO]	XnUSBLinux-x86.cpp	98	USB is initialized.
 4316631	[INFO]	XnOpenNI.cpp	1261	Creating node 'Device1' of type Device...
 4358848	[INFO]	XnDeviceModule.cpp	431	Module 'Device' configuration was loaded from file.
 4913860	[INFO]	XnDeviceSensorIO.cpp	135	Connected to USB device
 4913914	[INFO]	XnProperty.cpp	151	Property Device.USBPath was changed to 045e/02ae@250/10.
 4920923	[INFO]	XnHostProtocol.cpp	825	Hardware versions: FW=5.1.4 (7) HW=4 Chip=2 Sensor=4 SYS=7
 6329363	[INFO]	XnProperty.cpp	151	Property Device.ID was changed to 0.
 6329431	[INFO]	XnSensor.cpp	182	Device sensor initialized
 6329544	[INFO]	XnOpenNI.cpp	1261	Creating node 'Depth1' of type Depth...
 6329594	[INFO]	XnDeviceBase.cpp	1383	Creating stream 'Depth1' of type 'Depth'...
 6329618	[INFO]	XnProperty.cpp	74	Setting Device.ReadData to 1...
 6329659	[INFO]	XnDeviceSensorIO.cpp	298	Endpoints open
 6341727	[INFO]	XnProperty.cpp	151	Property Device.ReadData was changed to 1.
 6341767	[INFO]	XnProperty.cpp	101	Device.ReadData was successfully set.
 6342120	[INFO]	XnProperty.cpp	151	Property Depth1.Resolution was changed to 0.
 6342140	[INFO]	XnProperty.cpp	151	Property Depth1.XRes was changed to 320.
 6342154	[INFO]	XnProperty.cpp	151	Property Depth1.YRes was changed to 240.
 6342165	[INFO]	XnProperty.cpp	151	Property Depth1.FPS was changed to 30.
 6342176	[INFO]	XnProperty.cpp	151	Property Depth1.OutputFormat was changed to 1.
 6342189	[INFO]	XnProperty.cpp	151	Property Depth1.BytesPerPixel was changed to 2.
 6342206	[INFO]	XnProperty.cpp	151	Property Depth1.RequiredDataSize was changed to 153600.
 6342229	[INFO]	XnProperty.cpp	151	Property Depth1.ParamCoeff was changed to 4.
 6342292	[INFO]	XnProperty.cpp	151	Property Depth1.ShiftScale was changed to 10.
 6354426	[INFO]	XnProperty.cpp	151	Property Depth1.ConstShift was changed to 200.
 6354512	[INFO]	XnProperty.cpp	151	Property Depth1.ZPD was changed to 120.
 6354609	[INFO]	XnProperty.cpp	151	Property Depth1.ZPPS was changed to 0.104200.
 6354623	[INFO]	XnProperty.cpp	151	Property Depth1.LDDIS was changed to 7.500000.
 6354734	[INFO]	XnProperty.cpp	151	Property Depth1.Gain was changed to 30.
 6354768	[INFO]	XnDeviceBase.cpp	1458	Stream 'Depth1' was initialized.
 6354781	[INFO]	XnDeviceBase.cpp	1463	'Depth1' stream was created.
 6354935	[INFO]	XnProperty.cpp	74	Setting Depth1.InputFormat to 3...
 6354956	[INFO]	XnProperty.cpp	151	Property Depth1.InputFormat was changed to 3.
 6354969	[INFO]	XnProperty.cpp	101	Depth1.InputFormat was successfully set.
 6355407	[INFO]	XnProperty.cpp	74	Setting Depth1.RegistrationType to 2...
 6355423	[INFO]	XnProperty.cpp	151	Property Depth1.RegistrationType was changed to 2.
 6355434	[INFO]	XnProperty.cpp	101	Depth1.RegistrationType was successfully set.
 6355890	[INFO]	XnDeviceModule.cpp	431	Module 'Depth1' configuration was loaded from file.
 6356076	[INFO]	XnProperty.cpp	74	Setting Depth1.FPS to 30...
 6356093	[INFO]	XnProperty.cpp	86	Depth1.FPS value did not change.
 6356104	[INFO]	XnProperty.cpp	74	Setting Depth1.YRes to 480...
 6356119	[INFO]	XnProperty.cpp	151	Property Depth1.Resolution was changed to 1.
 6356132	[INFO]	XnProperty.cpp	151	Property Depth1.XRes was changed to 640.
 6356145	[INFO]	XnProperty.cpp	151	Property Depth1.RequiredDataSize was changed to 307200.
 6356160	[INFO]	XnProperty.cpp	151	Property Depth1.YRes was changed to 480.
 6356171	[INFO]	XnProperty.cpp	151	Property Depth1.RequiredDataSize was changed to 614400.
 6356189	[INFO]	XnProperty.cpp	101	Depth1.YRes was successfully set.
 6356205	[INFO]	XnProperty.cpp	74	Setting Depth1.XRes to 640...
 6356221	[INFO]	XnProperty.cpp	86	Depth1.XRes value did not change.
 6356273	[INFO]	XnProperty.cpp	74	Setting Depth1.Mirror to 1...
 6356289	[INFO]	XnProperty.cpp	151	Property Depth1.FirmwareMirror was changed to 1.
 6356338	[INFO]	XnProperty.cpp	151	Property Depth1.Mirror was changed to 1.
 6356355	[INFO]	XnProperty.cpp	101	Depth1.Mirror was successfully set.
10976867	[INFO]	XnOpenNI.cpp	1261	Creating node 'User1' of type User...
11171563	[WARNING]	Linux-x86Threads.cpp	173	Failed to set thread priority: Invalid argument
11171615	[WARNING]	XnUSBLinux-x86.cpp	126	USB events thread: Failed to set thread priority to critical. This might cause loss of data...
11172503	[INFO]	XnUSBLinux-x86.cpp	1222	USB read thread was started.
11172540	[INFO]	XnProperty.cpp	151	Property Depth1.ActualReadData was changed to 1.
11644932	[INFO]	XnProperty.cpp	151	Property Depth1.State was changed to 1.
11644976	[INFO]	XnDeviceBase.cpp	370	Stream Depth1 is open.
16445000	[INFO]	XnOpenNI.cpp	1261	Creating node 'Image1' of type Image...
16445062	[INFO]	XnDeviceBase.cpp	1383	Creating stream 'Image1' of type 'Image'...
16445330	[INFO]	XnProperty.cpp	151	Property Image1.Resolution was changed to 0.
16445361	[INFO]	XnProperty.cpp	151	Property Image1.XRes was changed to 320.
16445382	[INFO]	XnProperty.cpp	151	Property Image1.YRes was changed to 240.
16445397	[INFO]	XnProperty.cpp	151	Property Image1.FPS was changed to 30.
16445411	[INFO]	XnProperty.cpp	151	Property Image1.OutputFormat was changed to 5.
16445424	[INFO]	XnProperty.cpp	151	Property Image1.BytesPerPixel was changed to 3.
16445447	[INFO]	XnProperty.cpp	151	Property Image1.RequiredDataSize was changed to 230400.
16445483	[INFO]	XnDeviceBase.cpp	1458	Stream 'Image1' was initialized.
16445499	[INFO]	XnDeviceBase.cpp	1463	'Image1' stream was created.
16445614	[INFO]	XnProperty.cpp	74	Setting Image1.InputFormat to 6...
16445636	[INFO]	XnProperty.cpp	151	Property Image1.InputFormat was changed to 6.
16445649	[INFO]	XnProperty.cpp	101	Image1.InputFormat was successfully set.
16446105	[INFO]	XnDeviceModule.cpp	431	Module 'Image1' configuration was loaded from file.
16446217	[INFO]	XnProperty.cpp	74	Setting Image1.FPS to 30...
16446238	[INFO]	XnProperty.cpp	86	Image1.FPS value did not change.
16446255	[INFO]	XnProperty.cpp	74	Setting Image1.YRes to 480...
16446275	[INFO]	XnProperty.cpp	151	Property Image1.Resolution was changed to 1.
16446293	[INFO]	XnProperty.cpp	151	Property Image1.XRes was changed to 640.
16446311	[INFO]	XnProperty.cpp	151	Property Image1.RequiredDataSize was changed to 460800.
16446332	[INFO]	XnProperty.cpp	151	Property Image1.YRes was changed to 480.
16446349	[INFO]	XnProperty.cpp	151	Property Image1.RequiredDataSize was changed to 921600.
16446362	[INFO]	XnProperty.cpp	101	Image1.YRes was successfully set.
16446376	[INFO]	XnProperty.cpp	74	Setting Image1.XRes to 640...
16446387	[INFO]	XnProperty.cpp	86	Image1.XRes value did not change.
16447369	[INFO]	XnUSBLinux-x86.cpp	1222	USB read thread was started.
16447406	[INFO]	XnProperty.cpp	151	Property Image1.ActualReadData was changed to 1.
16612626	[WARNING]	XnDepthProcessor.cpp	133	Read: Depth buffer is corrupt. Size is 592144 (!= 614400)
16612681	[WARNING]	XnFrameStreamProcessor.cpp	132	Depth frame is corrupt!
16648577	[WARNING]	XnDepthProcessor.cpp	133	Read: Depth buffer is corrupt. Size is 569328 (!= 614400)
16648624	[WARNING]	XnFrameStreamProcessor.cpp	132	Depth frame is corrupt!
19548870	[WARNING]	XnDepthProcessor.cpp	133	Read: Depth buffer is corrupt. Size is 594112 (!= 614400)
19548918	[WARNING]	XnFrameStreamProcessor.cpp	132	Depth frame is corrupt!
19649259	[INFO]	XnProperty.cpp	151	Property Image1.State was changed to 1.
19649324	[INFO]	XnDeviceBase.cpp	370	Stream Image1 is open.
19649520	[INFO]	XnProperty.cpp	74	Setting Depth1.Registration to 1...
19684892	[WARNING]	XnDepthProcessor.cpp	133	Read: Depth buffer is corrupt. Size is 543344 (!= 614400)
19684954	[WARNING]	XnFrameStreamProcessor.cpp	132	Depth frame is corrupt!
19801904	[INFO]	XnProperty.cpp	151	Property Depth1.Registration was changed to 1.
19801950	[INFO]	XnProperty.cpp	101	Depth1.Registration was successfully set.
19802012	[INFO]	XnProperty.cpp	74	Setting Image1.Mirror to 1...
19814275	[INFO]	XnProperty.cpp	151	Property Image1.FirmwareMirror was changed to 1.
19814357	[INFO]	XnProperty.cpp	151	Property Image1.Mirror was changed to 1.
19814370	[INFO]	XnProperty.cpp	101	Image1.Mirror was successfully set.
135735164	[INFO]	XnOpenNI.cpp	1459	Destroying node 'User1'
135742495	[INFO]	XnOpenNI.cpp	1459	Destroying node 'Depth1'
135742583	[INFO]	XnDeviceBase.cpp	1507	Destroying stream 'Depth1'...
135743832	[INFO]	XnOpenNI.cpp	1459	Destroying node 'Image1'
135743879	[INFO]	XnDeviceBase.cpp	1507	Destroying stream 'Image1'...
135744676	[INFO]	XnOpenNI.cpp	1459	Destroying node 'Device1'
