    1513	[INFO]	XnLog.cpp	165	OpenNI version is 1.0.0 (Build 25)-MacOSX (Jan  7 2011 14:20:18)
    1552	[INFO]	XnLog.cpp	173	Log system initialized. Console: 1, File: 1, Severity: INFO, Masks: ALL
    1585	[INFO]	XnLog.cpp	173	Log system initialized. Console: 1, File: 1, Severity: INFO, Masks: ALL
    3283	[INFO]	XnUSBLinux-x86.cpp	98	USB is initialized.
 1112776	[INFO]	XnOpenNI.cpp	1261	Creating node 'Device1' of type Device...
 1113624	[INFO]	XnDeviceModule.cpp	431	Module 'Device' configuration was loaded from file.
 1270654	[INFO]	XnDeviceSensorIO.cpp	135	Connected to USB device
 1270707	[INFO]	XnProperty.cpp	151	Property Device.USBPath was changed to 045e/02ae@250/10.
 1278434	[INFO]	XnHostProtocol.cpp	825	Hardware versions: FW=5.1.4 (7) HW=4 Chip=2 Sensor=4 SYS=7
 2690293	[INFO]	XnProperty.cpp	151	Property Device.ID was changed to 0.
 2690352	[INFO]	XnSensor.cpp	182	Device sensor initialized
 2690439	[INFO]	XnOpenNI.cpp	1261	Creating node 'Depth1' of type Depth...
 2690479	[INFO]	XnDeviceBase.cpp	1383	Creating stream 'Depth1' of type 'Depth'...
 2690497	[INFO]	XnProperty.cpp	74	Setting Device.ReadData to 1...
 2690531	[INFO]	XnDeviceSensorIO.cpp	298	Endpoints open
 2703130	[INFO]	XnProperty.cpp	151	Property Device.ReadData was changed to 1.
 2703183	[INFO]	XnProperty.cpp	101	Device.ReadData was successfully set.
 2703532	[INFO]	XnProperty.cpp	151	Property Depth1.Resolution was changed to 0.
 2703555	[INFO]	XnProperty.cpp	151	Property Depth1.XRes was changed to 320.
 2703575	[INFO]	XnProperty.cpp	151	Property Depth1.YRes was changed to 240.
 2703594	[INFO]	XnProperty.cpp	151	Property Depth1.FPS was changed to 30.
 2703610	[INFO]	XnProperty.cpp	151	Property Depth1.OutputFormat was changed to 1.
 2703626	[INFO]	XnProperty.cpp	151	Property Depth1.BytesPerPixel was changed to 2.
 2703642	[INFO]	XnProperty.cpp	151	Property Depth1.RequiredDataSize was changed to 153600.
 2703666	[INFO]	XnProperty.cpp	151	Property Depth1.ParamCoeff was changed to 4.
 2703735	[INFO]	XnProperty.cpp	151	Property Depth1.ShiftScale was changed to 10.
 2716022	[INFO]	XnProperty.cpp	151	Property Depth1.ConstShift was changed to 200.
 2716127	[INFO]	XnProperty.cpp	151	Property Depth1.ZPD was changed to 120.
 2716240	[INFO]	XnProperty.cpp	151	Property Depth1.ZPPS was changed to 0.104200.
 2716258	[INFO]	XnProperty.cpp	151	Property Depth1.LDDIS was changed to 7.500000.
 2716378	[INFO]	XnProperty.cpp	151	Property Depth1.Gain was changed to 30.
 2716416	[INFO]	XnDeviceBase.cpp	1458	Stream 'Depth1' was initialized.
 2716433	[INFO]	XnDeviceBase.cpp	1463	'Depth1' stream was created.
 2716648	[INFO]	XnProperty.cpp	74	Setting Depth1.InputFormat to 3...
 2716677	[INFO]	XnProperty.cpp	151	Property Depth1.InputFormat was changed to 3.
 2716694	[INFO]	XnProperty.cpp	101	Depth1.InputFormat was successfully set.
 2717283	[INFO]	XnProperty.cpp	74	Setting Depth1.RegistrationType to 2...
 2717302	[INFO]	XnProperty.cpp	151	Property Depth1.RegistrationType was changed to 2.
 2717316	[INFO]	XnProperty.cpp	101	Depth1.RegistrationType was successfully set.
 2717881	[INFO]	XnDeviceModule.cpp	431	Module 'Depth1' configuration was loaded from file.
 2718065	[INFO]	XnProperty.cpp	74	Setting Depth1.FPS to 30...
 2718084	[INFO]	XnProperty.cpp	86	Depth1.FPS value did not change.
 2718099	[INFO]	XnProperty.cpp	74	Setting Depth1.YRes to 480...
 2718116	[INFO]	XnProperty.cpp	151	Property Depth1.Resolution was changed to 1.
 2718132	[INFO]	XnProperty.cpp	151	Property Depth1.XRes was changed to 640.
 2718148	[INFO]	XnProperty.cpp	151	Property Depth1.RequiredDataSize was changed to 307200.
 2718692	[INFO]	XnProperty.cpp	151	Property Depth1.YRes was changed to 480.
 2718716	[INFO]	XnProperty.cpp	151	Property Depth1.RequiredDataSize was changed to 614400.
 2718735	[INFO]	XnProperty.cpp	101	Depth1.YRes was successfully set.
 2718752	[INFO]	XnProperty.cpp	74	Setting Depth1.XRes to 640...
 2718769	[INFO]	XnProperty.cpp	101	Depth1.XRes was successfully set.
 2718831	[INFO]	XnProperty.cpp	74	Setting Depth1.Mirror to 1...
 2718853	[INFO]	XnProperty.cpp	151	Property Depth1.FirmwareMirror was changed to 1.
 2718910	[INFO]	XnProperty.cpp	151	Property Depth1.Mirror was changed to 1.
 2718926	[INFO]	XnProperty.cpp	101	Depth1.Mirror was successfully set.
 4351593	[INFO]	XnOpenNI.cpp	1261	Creating node 'User1' of type User...
 4374895	[WARNING]	Linux-x86Threads.cpp	173	Failed to set thread priority: Invalid argument
 4374939	[WARNING]	XnUSBLinux-x86.cpp	126	USB events thread: Failed to set thread priority to critical. This might cause loss of data...
 4375728	[INFO]	XnUSBLinux-x86.cpp	1222	USB read thread was started.
 4375752	[INFO]	XnProperty.cpp	151	Property Depth1.ActualReadData was changed to 1.
 4847406	[INFO]	XnProperty.cpp	151	Property Depth1.State was changed to 1.
 4847449	[INFO]	XnDeviceBase.cpp	370	Stream Depth1 is open.
 5912190	[WARNING]	XnDepthProcessor.cpp	133	Read: Depth buffer is corrupt. Size is 422032 (!= 614400)
 5912233	[WARNING]	XnFrameStreamProcessor.cpp	132	Depth frame is corrupt!
 6168468	[INFO]	XnOpenNI.cpp	1261	Creating node 'Image1' of type Image...
 6168531	[INFO]	XnDeviceBase.cpp	1383	Creating stream 'Image1' of type 'Image'...
 6168730	[INFO]	XnProperty.cpp	151	Property Image1.Resolution was changed to 0.
 6168752	[INFO]	XnProperty.cpp	151	Property Image1.XRes was changed to 320.
 6168766	[INFO]	XnProperty.cpp	151	Property Image1.YRes was changed to 240.
 6168778	[INFO]	XnProperty.cpp	151	Property Image1.FPS was changed to 30.
 6168789	[INFO]	XnProperty.cpp	151	Property Image1.OutputFormat was changed to 5.
 6168802	[INFO]	XnProperty.cpp	151	Property Image1.BytesPerPixel was changed to 3.
 6168815	[INFO]	XnProperty.cpp	151	Property Image1.RequiredDataSize was changed to 230400.
 6168843	[INFO]	XnDeviceBase.cpp	1458	Stream 'Image1' was initialized.
 6168870	[INFO]	XnDeviceBase.cpp	1463	'Image1' stream was created.
 6168985	[INFO]	XnProperty.cpp	74	Setting Image1.InputFormat to 6...
 6169006	[INFO]	XnProperty.cpp	151	Property Image1.InputFormat was changed to 6.
 6169018	[INFO]	XnProperty.cpp	101	Image1.InputFormat was successfully set.
 6169435	[INFO]	XnDeviceModule.cpp	431	Module 'Image1' configuration was loaded from file.
 6169507	[INFO]	XnProperty.cpp	74	Setting Image1.FPS to 30...
 6169525	[INFO]	XnProperty.cpp	101	Image1.FPS was successfully set.
 6169537	[INFO]	XnProperty.cpp	74	Setting Image1.YRes to 480...
 6169549	[INFO]	XnProperty.cpp	151	Property Image1.Resolution was changed to 1.
 6169561	[INFO]	XnProperty.cpp	151	Property Image1.XRes was changed to 640.
 6169573	[INFO]	XnProperty.cpp	151	Property Image1.RequiredDataSize was changed to 460800.
 6169586	[INFO]	XnProperty.cpp	151	Property Image1.YRes was changed to 480.
 6169598	[INFO]	XnProperty.cpp	151	Property Image1.RequiredDataSize was changed to 921600.
 6169610	[INFO]	XnProperty.cpp	101	Image1.YRes was successfully set.
 6169622	[INFO]	XnProperty.cpp	74	Setting Image1.XRes to 640...
 6169633	[INFO]	XnProperty.cpp	86	Image1.XRes value did not change.
 6170523	[INFO]	XnUSBLinux-x86.cpp	1222	USB read thread was started.
 6170562	[INFO]	XnProperty.cpp	151	Property Image1.ActualReadData was changed to 1.
 6244244	[WARNING]	XnDepthProcessor.cpp	133	Read: Depth buffer is corrupt. Size is 591888 (!= 614400)
 6244294	[WARNING]	XnFrameStreamProcessor.cpp	132	Depth frame is corrupt!
 6344217	[WARNING]	XnDepthProcessor.cpp	133	Read: Depth buffer is corrupt. Size is 547952 (!= 614400)
 6344266	[WARNING]	XnFrameStreamProcessor.cpp	132	Depth frame is corrupt!
 9372743	[INFO]	XnProperty.cpp	151	Property Image1.State was changed to 1.
 9372798	[INFO]	XnDeviceBase.cpp	370	Stream Image1 is open.
 9373006	[INFO]	XnProperty.cpp	74	Setting Depth1.Registration to 1...
 9384898	[WARNING]	XnDepthProcessor.cpp	133	Read: Depth buffer is corrupt. Size is 590272 (!= 614400)
 9384943	[WARNING]	XnFrameStreamProcessor.cpp	132	Depth frame is corrupt!
 9524730	[INFO]	XnProperty.cpp	151	Property Depth1.Registration was changed to 1.
 9524791	[INFO]	XnProperty.cpp	101	Depth1.Registration was successfully set.
 9524850	[INFO]	XnProperty.cpp	74	Setting Image1.Mirror to 1...
 9537467	[INFO]	XnProperty.cpp	151	Property Image1.FirmwareMirror was changed to 1.
 9537551	[INFO]	XnProperty.cpp	151	Property Image1.Mirror was changed to 1.
 9537570	[INFO]	XnProperty.cpp	101	Image1.Mirror was successfully set.
11632031	[INFO]	XnOpenNI.cpp	1459	Destroying node 'User1'
11640567	[INFO]	XnOpenNI.cpp	1459	Destroying node 'Depth1'
11640658	[INFO]	XnDeviceBase.cpp	1507	Destroying stream 'Depth1'...
11641839	[INFO]	XnOpenNI.cpp	1459	Destroying node 'Image1'
11641883	[INFO]	XnDeviceBase.cpp	1507	Destroying stream 'Image1'...
11642676	[INFO]	XnOpenNI.cpp	1459	Destroying node 'Device1'
