    1358	[INFO]	XnLog.cpp	165	OpenNI version is 1.0.0 (Build 25)-MacOSX (Jan  7 2011 14:20:18)
    1400	[INFO]	XnLog.cpp	173	Log system initialized. Console: 1, File: 1, Severity: INFO, Masks: ALL
    1424	[INFO]	XnLog.cpp	173	Log system initialized. Console: 1, File: 1, Severity: INFO, Masks: ALL
    2536	[INFO]	XnUSBLinux-x86.cpp	98	USB is initialized.
 1968750	[INFO]	XnOpenNI.cpp	1261	Creating node 'Device1' of type Device...
 1969754	[INFO]	XnDeviceModule.cpp	431	Module 'Device' configuration was loaded from file.
 2236902	[INFO]	XnDeviceSensorIO.cpp	135	Connected to USB device
 2236966	[INFO]	XnProperty.cpp	151	Property Device.USBPath was changed to 045e/02ae@250/10.
 2244556	[INFO]	XnHostProtocol.cpp	825	Hardware versions: FW=5.1.4 (7) HW=4 Chip=2 Sensor=4 SYS=7
 3757694	[INFO]	XnProperty.cpp	151	Property Device.ID was changed to 0.
 3757771	[INFO]	XnSensor.cpp	182	Device sensor initialized
 3757864	[INFO]	XnOpenNI.cpp	1261	Creating node 'Depth1' of type Depth...
 3757911	[INFO]	XnDeviceBase.cpp	1383	Creating stream 'Depth1' of type 'Depth'...
 3757943	[INFO]	XnProperty.cpp	74	Setting Device.ReadData to 1...
 3757995	[INFO]	XnDeviceSensorIO.cpp	298	Endpoints open
 3770451	[INFO]	XnProperty.cpp	151	Property Device.ReadData was changed to 1.
 3770513	[INFO]	XnProperty.cpp	101	Device.ReadData was successfully set.
 3770875	[INFO]	XnProperty.cpp	151	Property Depth1.Resolution was changed to 0.
 3770906	[INFO]	XnProperty.cpp	151	Property Depth1.XRes was changed to 320.
 3770931	[INFO]	XnProperty.cpp	151	Property Depth1.YRes was changed to 240.
 3770952	[INFO]	XnProperty.cpp	151	Property Depth1.FPS was changed to 30.
 3770972	[INFO]	XnProperty.cpp	151	Property Depth1.OutputFormat was changed to 1.
 3770992	[INFO]	XnProperty.cpp	151	Property Depth1.BytesPerPixel was changed to 2.
 3771014	[INFO]	XnProperty.cpp	151	Property Depth1.RequiredDataSize was changed to 153600.
 3771041	[INFO]	XnProperty.cpp	151	Property Depth1.ParamCoeff was changed to 4.
 3771127	[INFO]	XnProperty.cpp	151	Property Depth1.ShiftScale was changed to 10.
 3783637	[INFO]	XnProperty.cpp	151	Property Depth1.ConstShift was changed to 200.
 3783725	[INFO]	XnProperty.cpp	151	Property Depth1.ZPD was changed to 120.
 3783822	[INFO]	XnProperty.cpp	151	Property Depth1.ZPPS was changed to 0.104200.
 3783836	[INFO]	XnProperty.cpp	151	Property Depth1.LDDIS was changed to 7.500000.
 3783921	[INFO]	XnProperty.cpp	151	Property Depth1.Gain was changed to 30.
 3783951	[INFO]	XnDeviceBase.cpp	1458	Stream 'Depth1' was initialized.
 3783965	[INFO]	XnDeviceBase.cpp	1463	'Depth1' stream was created.
 3784109	[INFO]	XnProperty.cpp	74	Setting Depth1.InputFormat to 3...
 3784129	[INFO]	XnProperty.cpp	151	Property Depth1.InputFormat was changed to 3.
 3784141	[INFO]	XnProperty.cpp	101	Depth1.InputFormat was successfully set.
 3784569	[INFO]	XnProperty.cpp	74	Setting Depth1.RegistrationType to 2...
 3784584	[INFO]	XnProperty.cpp	151	Property Depth1.RegistrationType was changed to 2.
 3784596	[INFO]	XnProperty.cpp	101	Depth1.RegistrationType was successfully set.
 3785050	[INFO]	XnDeviceModule.cpp	431	Module 'Depth1' configuration was loaded from file.
 3785202	[INFO]	XnProperty.cpp	74	Setting Depth1.FPS to 30...
 3785222	[INFO]	XnProperty.cpp	101	Depth1.FPS was successfully set.
 3785234	[INFO]	XnProperty.cpp	74	Setting Depth1.YRes to 480...
 3785248	[INFO]	XnProperty.cpp	151	Property Depth1.Resolution was changed to 1.
 3785262	[INFO]	XnProperty.cpp	151	Property Depth1.XRes was changed to 640.
 3785274	[INFO]	XnProperty.cpp	151	Property Depth1.RequiredDataSize was changed to 307200.
 3785289	[INFO]	XnProperty.cpp	151	Property Depth1.YRes was changed to 480.
 3785300	[INFO]	XnProperty.cpp	151	Property Depth1.RequiredDataSize was changed to 614400.
 3785313	[INFO]	XnProperty.cpp	101	Depth1.YRes was successfully set.
 3785325	[INFO]	XnProperty.cpp	74	Setting Depth1.XRes to 640...
 3785337	[INFO]	XnProperty.cpp	101	Depth1.XRes was successfully set.
 3785378	[INFO]	XnProperty.cpp	74	Setting Depth1.Mirror to 1...
 3785392	[INFO]	XnProperty.cpp	151	Property Depth1.FirmwareMirror was changed to 1.
 3785438	[INFO]	XnProperty.cpp	151	Property Depth1.Mirror was changed to 1.
 3785449	[INFO]	XnProperty.cpp	101	Depth1.Mirror was successfully set.
 4910888	[INFO]	XnOpenNI.cpp	1261	Creating node 'User1' of type User...
 4936726	[WARNING]	Linux-x86Threads.cpp	173	Failed to set thread priority: Invalid argument
 4936776	[WARNING]	XnUSBLinux-x86.cpp	126	USB events thread: Failed to set thread priority to critical. This might cause loss of data...
 4937534	[INFO]	XnUSBLinux-x86.cpp	1222	USB read thread was started.
 4937565	[INFO]	XnProperty.cpp	151	Property Depth1.ActualReadData was changed to 1.
 5408410	[INFO]	XnProperty.cpp	151	Property Depth1.State was changed to 1.
 5408453	[INFO]	XnDeviceBase.cpp	370	Stream Depth1 is open.
 6503200	[INFO]	XnOpenNI.cpp	1261	Creating node 'Image1' of type Image...
 6503251	[INFO]	XnDeviceBase.cpp	1383	Creating stream 'Image1' of type 'Image'...
 6503436	[INFO]	XnProperty.cpp	151	Property Image1.Resolution was changed to 0.
 6503455	[INFO]	XnProperty.cpp	151	Property Image1.XRes was changed to 320.
 6503468	[INFO]	XnProperty.cpp	151	Property Image1.YRes was changed to 240.
 6503479	[INFO]	XnProperty.cpp	151	Property Image1.FPS was changed to 30.
 6503490	[INFO]	XnProperty.cpp	151	Property Image1.OutputFormat was changed to 5.
 6503502	[INFO]	XnProperty.cpp	151	Property Image1.BytesPerPixel was changed to 3.
 6503514	[INFO]	XnProperty.cpp	151	Property Image1.RequiredDataSize was changed to 230400.
 6503543	[INFO]	XnDeviceBase.cpp	1458	Stream 'Image1' was initialized.
 6503557	[INFO]	XnDeviceBase.cpp	1463	'Image1' stream was created.
 6503664	[INFO]	XnProperty.cpp	74	Setting Image1.InputFormat to 6...
 6503684	[INFO]	XnProperty.cpp	151	Property Image1.InputFormat was changed to 6.
 6503697	[INFO]	XnProperty.cpp	101	Image1.InputFormat was successfully set.
 6504103	[INFO]	XnDeviceModule.cpp	431	Module 'Image1' configuration was loaded from file.
 6504182	[INFO]	XnProperty.cpp	74	Setting Image1.FPS to 30...
 6504198	[INFO]	XnProperty.cpp	86	Image1.FPS value did not change.
 6504210	[INFO]	XnProperty.cpp	74	Setting Image1.YRes to 480...
 6504223	[INFO]	XnProperty.cpp	151	Property Image1.Resolution was changed to 1.
 6504235	[INFO]	XnProperty.cpp	151	Property Image1.XRes was changed to 640.
 6504246	[INFO]	XnProperty.cpp	151	Property Image1.RequiredDataSize was changed to 460800.
 6504260	[INFO]	XnProperty.cpp	151	Property Image1.YRes was changed to 480.
 6504272	[INFO]	XnProperty.cpp	151	Property Image1.RequiredDataSize was changed to 921600.
 6504284	[INFO]	XnProperty.cpp	101	Image1.YRes was successfully set.
 6504296	[INFO]	XnProperty.cpp	74	Setting Image1.XRes to 640...
 6504319	[INFO]	XnProperty.cpp	86	Image1.XRes value did not change.
 6505212	[INFO]	XnUSBLinux-x86.cpp	1222	USB read thread was started.
 6505249	[INFO]	XnProperty.cpp	151	Property Image1.ActualReadData was changed to 1.
 6673439	[WARNING]	XnDepthProcessor.cpp	133	Read: Depth buffer is corrupt. Size is 581776 (!= 614400)
 6673484	[WARNING]	XnFrameStreamProcessor.cpp	132	Depth frame is corrupt!
 6705466	[WARNING]	XnDepthProcessor.cpp	133	Read: Depth buffer is corrupt. Size is 571248 (!= 614400)
 6705511	[WARNING]	XnFrameStreamProcessor.cpp	132	Depth frame is corrupt!
 9706211	[INFO]	XnProperty.cpp	151	Property Image1.State was changed to 1.
 9706263	[INFO]	XnDeviceBase.cpp	370	Stream Image1 is open.
 9706461	[INFO]	XnProperty.cpp	74	Setting Depth1.Registration to 1...
 9741422	[WARNING]	XnDepthProcessor.cpp	133	Read: Depth buffer is corrupt. Size is 599952 (!= 614400)
 9741469	[WARNING]	XnFrameStreamProcessor.cpp	132	Depth frame is corrupt!
 9858460	[INFO]	XnProperty.cpp	151	Property Depth1.Registration was changed to 1.
 9858502	[INFO]	XnProperty.cpp	101	Depth1.Registration was successfully set.
 9858551	[INFO]	XnProperty.cpp	74	Setting Image1.Mirror to 1...
 9871342	[INFO]	XnProperty.cpp	151	Property Image1.FirmwareMirror was changed to 1.
 9871383	[INFO]	XnProperty.cpp	151	Property Image1.Mirror was changed to 1.
 9871396	[INFO]	XnProperty.cpp	101	Image1.Mirror was successfully set.
59917950	[INFO]	XnOpenNI.cpp	1459	Destroying node 'User1'
59925847	[INFO]	XnOpenNI.cpp	1459	Destroying node 'Depth1'
59925939	[INFO]	XnDeviceBase.cpp	1507	Destroying stream 'Depth1'...
59927325	[INFO]	XnOpenNI.cpp	1459	Destroying node 'Image1'
59927389	[INFO]	XnDeviceBase.cpp	1507	Destroying stream 'Image1'...
59928248	[INFO]	XnOpenNI.cpp	1459	Destroying node 'Device1'
