    3841	[INFO]	XnLog.cpp	165	OpenNI version is 1.0.0 (Build 25)-MacOSX (Jan  7 2011 14:20:18)
    3890	[INFO]	XnLog.cpp	173	Log system initialized. Console: 1, File: 1, Severity: INFO, Masks: ALL
    3923	[INFO]	XnLog.cpp	173	Log system initialized. Console: 1, File: 1, Severity: INFO, Masks: ALL
    5216	[INFO]	XnUSBLinux-x86.cpp	98	USB is initialized.
 1965852	[INFO]	XnOpenNI.cpp	1261	Creating node 'Device1' of type Device...
 1967329	[INFO]	XnDeviceModule.cpp	431	Module 'Device' configuration was loaded from file.
 2238017	[INFO]	XnDeviceSensorIO.cpp	135	Connected to USB device
 2238074	[INFO]	XnProperty.cpp	151	Property Device.USBPath was changed to 045e/02ae@250/10.
 2245711	[INFO]	XnHostProtocol.cpp	825	Hardware versions: FW=5.1.4 (7) HW=4 Chip=2 Sensor=4 SYS=7
 3759056	[INFO]	XnProperty.cpp	151	Property Device.ID was changed to 0.
 3759131	[INFO]	XnSensor.cpp	182	Device sensor initialized
 3759264	[INFO]	XnOpenNI.cpp	1261	Creating node 'Depth1' of type Depth...
 3759334	[INFO]	XnDeviceBase.cpp	1383	Creating stream 'Depth1' of type 'Depth'...
 3759371	[INFO]	XnProperty.cpp	74	Setting Device.ReadData to 1...
 3759434	[INFO]	XnDeviceSensorIO.cpp	298	Endpoints open
 3771844	[INFO]	XnProperty.cpp	151	Property Device.ReadData was changed to 1.
 3771891	[INFO]	XnProperty.cpp	101	Device.ReadData was successfully set.
 3772328	[INFO]	XnProperty.cpp	151	Property Depth1.Resolution was changed to 0.
 3772352	[INFO]	XnProperty.cpp	151	Property Depth1.XRes was changed to 320.
 3772369	[INFO]	XnProperty.cpp	151	Property Depth1.YRes was changed to 240.
 3772385	[INFO]	XnProperty.cpp	151	Property Depth1.FPS was changed to 30.
 3772401	[INFO]	XnProperty.cpp	151	Property Depth1.OutputFormat was changed to 1.
 3772417	[INFO]	XnProperty.cpp	151	Property Depth1.BytesPerPixel was changed to 2.
 3772433	[INFO]	XnProperty.cpp	151	Property Depth1.RequiredDataSize was changed to 153600.
 3772453	[INFO]	XnProperty.cpp	151	Property Depth1.ParamCoeff was changed to 4.
 3772531	[INFO]	XnProperty.cpp	151	Property Depth1.ShiftScale was changed to 10.
 3785019	[INFO]	XnProperty.cpp	151	Property Depth1.ConstShift was changed to 200.
 3785121	[INFO]	XnProperty.cpp	151	Property Depth1.ZPD was changed to 120.
 3785251	[INFO]	XnProperty.cpp	151	Property Depth1.ZPPS was changed to 0.104200.
 3785270	[INFO]	XnProperty.cpp	151	Property Depth1.LDDIS was changed to 7.500000.
 3785385	[INFO]	XnProperty.cpp	151	Property Depth1.Gain was changed to 30.
 3785422	[INFO]	XnDeviceBase.cpp	1458	Stream 'Depth1' was initialized.
 3785441	[INFO]	XnDeviceBase.cpp	1463	'Depth1' stream was created.
 3785632	[INFO]	XnProperty.cpp	74	Setting Depth1.InputFormat to 3...
 3785664	[INFO]	XnProperty.cpp	151	Property Depth1.InputFormat was changed to 3.
 3785689	[INFO]	XnProperty.cpp	101	Depth1.InputFormat was successfully set.
 3786283	[INFO]	XnProperty.cpp	74	Setting Depth1.RegistrationType to 2...
 3786306	[INFO]	XnProperty.cpp	151	Property Depth1.RegistrationType was changed to 2.
 3786319	[INFO]	XnProperty.cpp	101	Depth1.RegistrationType was successfully set.
 3787122	[INFO]	XnDeviceModule.cpp	431	Module 'Depth1' configuration was loaded from file.
 3787406	[INFO]	XnProperty.cpp	74	Setting Depth1.FPS to 30...
 3787434	[INFO]	XnProperty.cpp	86	Depth1.FPS value did not change.
 3787458	[INFO]	XnProperty.cpp	74	Setting Depth1.YRes to 480...
 3787484	[INFO]	XnProperty.cpp	151	Property Depth1.Resolution was changed to 1.
 3787510	[INFO]	XnProperty.cpp	151	Property Depth1.XRes was changed to 640.
 3787533	[INFO]	XnProperty.cpp	151	Property Depth1.RequiredDataSize was changed to 307200.
 3787561	[INFO]	XnProperty.cpp	151	Property Depth1.YRes was changed to 480.
 3787587	[INFO]	XnProperty.cpp	151	Property Depth1.RequiredDataSize was changed to 614400.
 3787612	[INFO]	XnProperty.cpp	101	Depth1.YRes was successfully set.
 3787639	[INFO]	XnProperty.cpp	74	Setting Depth1.XRes to 640...
 3787661	[INFO]	XnProperty.cpp	86	Depth1.XRes value did not change.
 3787731	[INFO]	XnProperty.cpp	74	Setting Depth1.Mirror to 1...
 3787760	[INFO]	XnProperty.cpp	151	Property Depth1.FirmwareMirror was changed to 1.
 3970084	[INFO]	XnProperty.cpp	151	Property Depth1.Mirror was changed to 1.
 3970142	[INFO]	XnProperty.cpp	101	Depth1.Mirror was successfully set.
 5066312	[INFO]	XnOpenNI.cpp	1261	Creating node 'User1' of type User...
 5093435	[WARNING]	Linux-x86Threads.cpp	173	Failed to set thread priority: Invalid argument
 5093484	[WARNING]	XnUSBLinux-x86.cpp	126	USB events thread: Failed to set thread priority to critical. This might cause loss of data...
 5094273	[INFO]	XnUSBLinux-x86.cpp	1222	USB read thread was started.
 5094300	[INFO]	XnProperty.cpp	151	Property Depth1.ActualReadData was changed to 1.
 5566478	[INFO]	XnProperty.cpp	151	Property Depth1.State was changed to 1.
 5566525	[INFO]	XnDeviceBase.cpp	370	Stream Depth1 is open.
 6690176	[INFO]	XnOpenNI.cpp	1261	Creating node 'Image1' of type Image...
 6690228	[INFO]	XnDeviceBase.cpp	1383	Creating stream 'Image1' of type 'Image'...
 6690456	[INFO]	XnProperty.cpp	151	Property Image1.Resolution was changed to 0.
 6690486	[INFO]	XnProperty.cpp	151	Property Image1.XRes was changed to 320.
 6690507	[INFO]	XnProperty.cpp	151	Property Image1.YRes was changed to 240.
 6690522	[INFO]	XnProperty.cpp	151	Property Image1.FPS was changed to 30.
 6690534	[INFO]	XnProperty.cpp	151	Property Image1.OutputFormat was changed to 5.
 6690546	[INFO]	XnProperty.cpp	151	Property Image1.BytesPerPixel was changed to 3.
 6690558	[INFO]	XnProperty.cpp	151	Property Image1.RequiredDataSize was changed to 230400.
 6690596	[INFO]	XnDeviceBase.cpp	1458	Stream 'Image1' was initialized.
 6690614	[INFO]	XnDeviceBase.cpp	1463	'Image1' stream was created.
 6690739	[INFO]	XnProperty.cpp	74	Setting Image1.InputFormat to 6...
 6690769	[INFO]	XnProperty.cpp	151	Property Image1.InputFormat was changed to 6.
 6690784	[INFO]	XnProperty.cpp	101	Image1.InputFormat was successfully set.
 6691338	[INFO]	XnDeviceModule.cpp	431	Module 'Image1' configuration was loaded from file.
 6691445	[INFO]	XnProperty.cpp	74	Setting Image1.FPS to 30...
 6691464	[INFO]	XnProperty.cpp	86	Image1.FPS value did not change.
 6691478	[INFO]	XnProperty.cpp	74	Setting Image1.YRes to 480...
 6691494	[INFO]	XnProperty.cpp	151	Property Image1.Resolution was changed to 1.
 6691510	[INFO]	XnProperty.cpp	151	Property Image1.XRes was changed to 640.
 6691525	[INFO]	XnProperty.cpp	151	Property Image1.RequiredDataSize was changed to 460800.
 6691542	[INFO]	XnProperty.cpp	151	Property Image1.YRes was changed to 480.
 6691557	[INFO]	XnProperty.cpp	151	Property Image1.RequiredDataSize was changed to 921600.
 6691573	[INFO]	XnProperty.cpp	101	Image1.YRes was successfully set.
 6691588	[INFO]	XnProperty.cpp	74	Setting Image1.XRes to 640...
 6691602	[INFO]	XnProperty.cpp	86	Image1.XRes value did not change.
 6692676	[INFO]	XnUSBLinux-x86.cpp	1222	USB read thread was started.
 6692723	[INFO]	XnProperty.cpp	151	Property Image1.ActualReadData was changed to 1.
 6866392	[WARNING]	XnDepthProcessor.cpp	133	Read: Depth buffer is corrupt. Size is 571232 (!= 614400)
 6866440	[WARNING]	XnFrameStreamProcessor.cpp	132	Depth frame is corrupt!
 6898413	[WARNING]	XnDepthProcessor.cpp	133	Read: Depth buffer is corrupt. Size is 598144 (!= 614400)
 6898456	[WARNING]	XnFrameStreamProcessor.cpp	132	Depth frame is corrupt!
 9802317	[WARNING]	XnDepthProcessor.cpp	133	Read: Depth buffer is corrupt. Size is 587280 (!= 614400)
 9802364	[WARNING]	XnFrameStreamProcessor.cpp	132	Depth frame is corrupt!
 9893794	[INFO]	XnProperty.cpp	151	Property Image1.State was changed to 1.
 9893835	[INFO]	XnDeviceBase.cpp	370	Stream Image1 is open.
 9894021	[INFO]	XnProperty.cpp	74	Setting Depth1.Registration to 1...
 9934347	[WARNING]	XnDepthProcessor.cpp	133	Read: Depth buffer is corrupt. Size is 589920 (!= 614400)
 9934395	[WARNING]	XnFrameStreamProcessor.cpp	132	Depth frame is corrupt!
10045170	[INFO]	XnProperty.cpp	151	Property Depth1.Registration was changed to 1.
10045221	[INFO]	XnProperty.cpp	101	Depth1.Registration was successfully set.
10045269	[INFO]	XnProperty.cpp	74	Setting Image1.Mirror to 1...
10057794	[INFO]	XnProperty.cpp	151	Property Image1.FirmwareMirror was changed to 1.
10057878	[INFO]	XnProperty.cpp	151	Property Image1.Mirror was changed to 1.
10057898	[INFO]	XnProperty.cpp	101	Image1.Mirror was successfully set.
51366418	[INFO]	XnOpenNI.cpp	1459	Destroying node 'User1'
51375362	[INFO]	XnOpenNI.cpp	1459	Destroying node 'Depth1'
51375476	[INFO]	XnDeviceBase.cpp	1507	Destroying stream 'Depth1'...
51377027	[INFO]	XnOpenNI.cpp	1459	Destroying node 'Image1'
51377119	[INFO]	XnDeviceBase.cpp	1507	Destroying stream 'Image1'...
51378377	[INFO]	XnOpenNI.cpp	1459	Destroying node 'Device1'
