   12399	[INFO]	XnLog.cpp	165	OpenNI version is 1.0.0 (Build 25)-MacOSX (Jan  7 2011 14:20:18)
   12471	[INFO]	XnLog.cpp	173	Log system initialized. Console: 1, File: 1, Severity: INFO, Masks: ALL
   12509	[INFO]	XnLog.cpp	173	Log system initialized. Console: 1, File: 1, Severity: INFO, Masks: ALL
   14073	[INFO]	XnUSBLinux-x86.cpp	98	USB is initialized.
 4298227	[INFO]	XnOpenNI.cpp	1261	Creating node 'Device1' of type Device...
 4299632	[INFO]	XnDeviceModule.cpp	431	Module 'Device' configuration was loaded from file.
 4847056	[INFO]	XnDeviceSensorIO.cpp	135	Connected to USB device
 4847110	[INFO]	XnProperty.cpp	151	Property Device.USBPath was changed to 045e/02ae@253/8.
 4854027	[INFO]	XnHostProtocol.cpp	825	Hardware versions: FW=5.1.4 (7) HW=4 Chip=2 Sensor=4 SYS=7
 6262753	[INFO]	XnProperty.cpp	151	Property Device.ID was changed to 0.
 6262851	[INFO]	XnSensor.cpp	182	Device sensor initialized
 6262994	[INFO]	XnOpenNI.cpp	1261	Creating node 'Depth1' of type Depth...
 6263071	[INFO]	XnDeviceBase.cpp	1383	Creating stream 'Depth1' of type 'Depth'...
 6263108	[INFO]	XnProperty.cpp	74	Setting Device.ReadData to 1...
 6263192	[INFO]	XnDeviceSensorIO.cpp	298	Endpoints open
 6275767	[INFO]	XnProperty.cpp	151	Property Device.ReadData was changed to 1.
 6275806	[INFO]	XnProperty.cpp	101	Device.ReadData was successfully set.
 6276124	[INFO]	XnProperty.cpp	151	Property Depth1.Resolution was changed to 0.
 6276147	[INFO]	XnProperty.cpp	151	Property Depth1.XRes was changed to 320.
 6276168	[INFO]	XnProperty.cpp	151	Property Depth1.YRes was changed to 240.
 6276188	[INFO]	XnProperty.cpp	151	Property Depth1.FPS was changed to 30.
 6276206	[INFO]	XnProperty.cpp	151	Property Depth1.OutputFormat was changed to 1.
 6276224	[INFO]	XnProperty.cpp	151	Property Depth1.BytesPerPixel was changed to 2.
 6276243	[INFO]	XnProperty.cpp	151	Property Depth1.RequiredDataSize was changed to 153600.
 6276265	[INFO]	XnProperty.cpp	151	Property Depth1.ParamCoeff was changed to 4.
 6276330	[INFO]	XnProperty.cpp	151	Property Depth1.ShiftScale was changed to 10.
 6288711	[INFO]	XnProperty.cpp	151	Property Depth1.ConstShift was changed to 200.
 6288801	[INFO]	XnProperty.cpp	151	Property Depth1.ZPD was changed to 120.
 6288916	[INFO]	XnProperty.cpp	151	Property Depth1.ZPPS was changed to 0.104200.
 6288943	[INFO]	XnProperty.cpp	151	Property Depth1.LDDIS was changed to 7.500000.
 6289061	[INFO]	XnProperty.cpp	151	Property Depth1.Gain was changed to 30.
 6289105	[INFO]	XnDeviceBase.cpp	1458	Stream 'Depth1' was initialized.
 6289128	[INFO]	XnDeviceBase.cpp	1463	'Depth1' stream was created.
 6289329	[INFO]	XnProperty.cpp	74	Setting Depth1.InputFormat to 3...
 6289361	[INFO]	XnProperty.cpp	151	Property Depth1.InputFormat was changed to 3.
 6289384	[INFO]	XnProperty.cpp	101	Depth1.InputFormat was successfully set.
 6290069	[INFO]	XnProperty.cpp	74	Setting Depth1.RegistrationType to 2...
 6290094	[INFO]	XnProperty.cpp	151	Property Depth1.RegistrationType was changed to 2.
 6290115	[INFO]	XnProperty.cpp	101	Depth1.RegistrationType was successfully set.
 6290811	[INFO]	XnDeviceModule.cpp	431	Module 'Depth1' configuration was loaded from file.
 6291062	[INFO]	XnProperty.cpp	74	Setting Depth1.FPS to 30...
 6291087	[INFO]	XnProperty.cpp	86	Depth1.FPS value did not change.
 6291109	[INFO]	XnProperty.cpp	74	Setting Depth1.YRes to 480...
 6291133	[INFO]	XnProperty.cpp	151	Property Depth1.Resolution was changed to 1.
 6291157	[INFO]	XnProperty.cpp	151	Property Depth1.XRes was changed to 640.
 6291178	[INFO]	XnProperty.cpp	151	Property Depth1.RequiredDataSize was changed to 307200.
 6291202	[INFO]	XnProperty.cpp	151	Property Depth1.YRes was changed to 480.
 6291225	[INFO]	XnProperty.cpp	151	Property Depth1.RequiredDataSize was changed to 614400.
 6291247	[INFO]	XnProperty.cpp	101	Depth1.YRes was successfully set.
 6291270	[INFO]	XnProperty.cpp	74	Setting Depth1.XRes to 640...
 6291289	[INFO]	XnProperty.cpp	86	Depth1.XRes value did not change.
 6291353	[INFO]	XnProperty.cpp	74	Setting Depth1.Mirror to 1...
 6291379	[INFO]	XnProperty.cpp	151	Property Depth1.FirmwareMirror was changed to 1.
 6291439	[INFO]	XnProperty.cpp	151	Property Depth1.Mirror was changed to 1.
 6291459	[INFO]	XnProperty.cpp	101	Depth1.Mirror was successfully set.
10574457	[INFO]	XnOpenNI.cpp	1261	Creating node 'User1' of type User...
10597095	[WARNING]	Linux-x86Threads.cpp	173	Failed to set thread priority: Invalid argument
10597139	[WARNING]	XnUSBLinux-x86.cpp	126	USB events thread: Failed to set thread priority to critical. This might cause loss of data...
10597874	[INFO]	XnUSBLinux-x86.cpp	1222	USB read thread was started.
10597898	[INFO]	XnProperty.cpp	151	Property Depth1.ActualReadData was changed to 1.
11068564	[INFO]	XnProperty.cpp	151	Property Depth1.State was changed to 1.
11068606	[INFO]	XnDeviceBase.cpp	370	Stream Depth1 is open.
15323704	[INFO]	XnOpenNI.cpp	1261	Creating node 'Image1' of type Image...
15323754	[INFO]	XnDeviceBase.cpp	1383	Creating stream 'Image1' of type 'Image'...
15324000	[INFO]	XnProperty.cpp	151	Property Image1.Resolution was changed to 0.
15324026	[INFO]	XnProperty.cpp	151	Property Image1.XRes was changed to 320.
15324045	[INFO]	XnProperty.cpp	151	Property Image1.YRes was changed to 240.
15324064	[INFO]	XnProperty.cpp	151	Property Image1.FPS was changed to 30.
15324082	[INFO]	XnProperty.cpp	151	Property Image1.OutputFormat was changed to 5.
15324100	[INFO]	XnProperty.cpp	151	Property Image1.BytesPerPixel was changed to 3.
15324119	[INFO]	XnProperty.cpp	151	Property Image1.RequiredDataSize was changed to 230400.
15324158	[INFO]	XnDeviceBase.cpp	1458	Stream 'Image1' was initialized.
15324180	[INFO]	XnDeviceBase.cpp	1463	'Image1' stream was created.
15324309	[INFO]	XnProperty.cpp	74	Setting Image1.InputFormat to 6...
15324338	[INFO]	XnProperty.cpp	151	Property Image1.InputFormat was changed to 6.
15324357	[INFO]	XnProperty.cpp	101	Image1.InputFormat was successfully set.
15324964	[INFO]	XnDeviceModule.cpp	431	Module 'Image1' configuration was loaded from file.
15325081	[INFO]	XnProperty.cpp	74	Setting Image1.FPS to 30...
15325104	[INFO]	XnProperty.cpp	86	Image1.FPS value did not change.
15325127	[INFO]	XnProperty.cpp	74	Setting Image1.YRes to 480...
15325149	[INFO]	XnProperty.cpp	151	Property Image1.Resolution was changed to 1.
15325171	[INFO]	XnProperty.cpp	151	Property Image1.XRes was changed to 640.
15325193	[INFO]	XnProperty.cpp	151	Property Image1.RequiredDataSize was changed to 460800.
15325217	[INFO]	XnProperty.cpp	151	Property Image1.YRes was changed to 480.
15325237	[INFO]	XnProperty.cpp	151	Property Image1.RequiredDataSize was changed to 921600.
15325257	[INFO]	XnProperty.cpp	101	Image1.YRes was successfully set.
15325277	[INFO]	XnProperty.cpp	74	Setting Image1.XRes to 640...
15325293	[INFO]	XnProperty.cpp	86	Image1.XRes value did not change.
15326380	[INFO]	XnUSBLinux-x86.cpp	1222	USB read thread was started.
15326428	[INFO]	XnProperty.cpp	151	Property Image1.ActualReadData was changed to 1.
15402537	[WARNING]	XnDepthProcessor.cpp	133	Read: Depth buffer is corrupt. Size is 599584 (!= 614400)
15402584	[WARNING]	XnFrameStreamProcessor.cpp	132	Depth frame is corrupt!
15502528	[WARNING]	XnDepthProcessor.cpp	133	Read: Depth buffer is corrupt. Size is 561552 (!= 614400)
15502565	[WARNING]	XnFrameStreamProcessor.cpp	132	Depth frame is corrupt!
15538474	[WARNING]	XnDepthProcessor.cpp	133	Read: Depth buffer is corrupt. Size is 599504 (!= 614400)
15538529	[WARNING]	XnFrameStreamProcessor.cpp	132	Depth frame is corrupt!
18527402	[INFO]	XnProperty.cpp	151	Property Image1.State was changed to 1.
18527445	[INFO]	XnDeviceBase.cpp	370	Stream Image1 is open.
18527645	[INFO]	XnProperty.cpp	74	Setting Depth1.Registration to 1...
18538940	[WARNING]	XnDepthProcessor.cpp	133	Read: Depth buffer is corrupt. Size is 584144 (!= 614400)
18539021	[WARNING]	XnFrameStreamProcessor.cpp	132	Depth frame is corrupt!
18574770	[WARNING]	XnDepthProcessor.cpp	133	Read: Depth buffer is corrupt. Size is 586608 (!= 614400)
18574811	[WARNING]	XnFrameStreamProcessor.cpp	132	Depth frame is corrupt!
18678992	[INFO]	XnProperty.cpp	151	Property Depth1.Registration was changed to 1.
18679035	[INFO]	XnProperty.cpp	101	Depth1.Registration was successfully set.
18724540	[INFO]	XnProperty.cpp	74	Setting Image1.Mirror to 1...
18737509	[INFO]	XnProperty.cpp	151	Property Image1.FirmwareMirror was changed to 1.
18737549	[INFO]	XnProperty.cpp	151	Property Image1.Mirror was changed to 1.
18737563	[INFO]	XnProperty.cpp	101	Image1.Mirror was successfully set.
165046343	[INFO]	XnOpenNI.cpp	1459	Destroying node 'User1'
165054363	[INFO]	XnOpenNI.cpp	1459	Destroying node 'Depth1'
165054453	[INFO]	XnDeviceBase.cpp	1507	Destroying stream 'Depth1'...
165055827	[INFO]	XnOpenNI.cpp	1459	Destroying node 'Image1'
165055897	[INFO]	XnDeviceBase.cpp	1507	Destroying stream 'Image1'...
165057951	[INFO]	XnOpenNI.cpp	1459	Destroying node 'Device1'
