    1832	[INFO]	XnLog.cpp	165	OpenNI version is 1.0.0 (Build 25)-MacOSX (Jan  7 2011 14:20:18)
    1891	[INFO]	XnLog.cpp	173	Log system initialized. Console: 1, File: 1, Severity: INFO, Masks: ALL
    1924	[INFO]	XnLog.cpp	173	Log system initialized. Console: 1, File: 1, Severity: INFO, Masks: ALL
    3536	[INFO]	XnUSBLinux-x86.cpp	98	USB is initialized.
 1957187	[INFO]	XnOpenNI.cpp	1261	Creating node 'Device1' of type Device...
 1958008	[INFO]	XnDeviceModule.cpp	431	Module 'Device' configuration was loaded from file.
 2214851	[INFO]	XnDeviceSensorIO.cpp	135	Connected to USB device
 2214901	[INFO]	XnProperty.cpp	151	Property Device.USBPath was changed to 045e/02ae@253/8.
 2221984	[INFO]	XnHostProtocol.cpp	825	Hardware versions: FW=5.1.4 (7) HW=4 Chip=2 Sensor=4 SYS=7
 3633928	[INFO]	XnProperty.cpp	151	Property Device.ID was changed to 0.
 3634024	[INFO]	XnSensor.cpp	182	Device sensor initialized
 3634197	[INFO]	XnOpenNI.cpp	1261	Creating node 'Depth1' of type Depth...
 3634265	[INFO]	XnDeviceBase.cpp	1383	Creating stream 'Depth1' of type 'Depth'...
 3634297	[INFO]	XnProperty.cpp	74	Setting Device.ReadData to 1...
 3634350	[INFO]	XnDeviceSensorIO.cpp	298	Endpoints open
 3646548	[INFO]	XnProperty.cpp	151	Property Device.ReadData was changed to 1.
 3646608	[INFO]	XnProperty.cpp	101	Device.ReadData was successfully set.
 3647163	[INFO]	XnProperty.cpp	151	Property Depth1.Resolution was changed to 0.
 3647205	[INFO]	XnProperty.cpp	151	Property Depth1.XRes was changed to 320.
 3647234	[INFO]	XnProperty.cpp	151	Property Depth1.YRes was changed to 240.
 3647254	[INFO]	XnProperty.cpp	151	Property Depth1.FPS was changed to 30.
 3647273	[INFO]	XnProperty.cpp	151	Property Depth1.OutputFormat was changed to 1.
 3647293	[INFO]	XnProperty.cpp	151	Property Depth1.BytesPerPixel was changed to 2.
 3647313	[INFO]	XnProperty.cpp	151	Property Depth1.RequiredDataSize was changed to 153600.
 3647339	[INFO]	XnProperty.cpp	151	Property Depth1.ParamCoeff was changed to 4.
 3647438	[INFO]	XnProperty.cpp	151	Property Depth1.ShiftScale was changed to 10.
 3659617	[INFO]	XnProperty.cpp	151	Property Depth1.ConstShift was changed to 200.
 3659714	[INFO]	XnProperty.cpp	151	Property Depth1.ZPD was changed to 120.
 3659843	[INFO]	XnProperty.cpp	151	Property Depth1.ZPPS was changed to 0.104200.
 3659861	[INFO]	XnProperty.cpp	151	Property Depth1.LDDIS was changed to 7.500000.
 3659975	[INFO]	XnProperty.cpp	151	Property Depth1.Gain was changed to 30.
 3660009	[INFO]	XnDeviceBase.cpp	1458	Stream 'Depth1' was initialized.
 3660027	[INFO]	XnDeviceBase.cpp	1463	'Depth1' stream was created.
 3660225	[INFO]	XnProperty.cpp	74	Setting Depth1.InputFormat to 3...
 3660255	[INFO]	XnProperty.cpp	151	Property Depth1.InputFormat was changed to 3.
 3660273	[INFO]	XnProperty.cpp	101	Depth1.InputFormat was successfully set.
 3660848	[INFO]	XnProperty.cpp	74	Setting Depth1.RegistrationType to 2...
 3660869	[INFO]	XnProperty.cpp	151	Property Depth1.RegistrationType was changed to 2.
 3660884	[INFO]	XnProperty.cpp	101	Depth1.RegistrationType was successfully set.
 3661538	[INFO]	XnDeviceModule.cpp	431	Module 'Depth1' configuration was loaded from file.
 3661757	[INFO]	XnProperty.cpp	74	Setting Depth1.FPS to 30...
 3661778	[INFO]	XnProperty.cpp	86	Depth1.FPS value did not change.
 3661794	[INFO]	XnProperty.cpp	74	Setting Depth1.YRes to 480...
 3661814	[INFO]	XnProperty.cpp	151	Property Depth1.Resolution was changed to 1.
 3661831	[INFO]	XnProperty.cpp	151	Property Depth1.XRes was changed to 640.
 3661848	[INFO]	XnProperty.cpp	151	Property Depth1.RequiredDataSize was changed to 307200.
 3661866	[INFO]	XnProperty.cpp	151	Property Depth1.YRes was changed to 480.
 3661882	[INFO]	XnProperty.cpp	151	Property Depth1.RequiredDataSize was changed to 614400.
 3661900	[INFO]	XnProperty.cpp	101	Depth1.YRes was successfully set.
 3661916	[INFO]	XnProperty.cpp	74	Setting Depth1.XRes to 640...
 3661931	[INFO]	XnProperty.cpp	86	Depth1.XRes value did not change.
 3661984	[INFO]	XnProperty.cpp	74	Setting Depth1.Mirror to 1...
 3662003	[INFO]	XnProperty.cpp	151	Property Depth1.FirmwareMirror was changed to 1.
 3662053	[INFO]	XnProperty.cpp	151	Property Depth1.Mirror was changed to 1.
 3662068	[INFO]	XnProperty.cpp	101	Depth1.Mirror was successfully set.
 4762514	[INFO]	XnOpenNI.cpp	1261	Creating node 'User1' of type User...
 4786530	[WARNING]	Linux-x86Threads.cpp	173	Failed to set thread priority: Invalid argument
 4786575	[WARNING]	XnUSBLinux-x86.cpp	126	USB events thread: Failed to set thread priority to critical. This might cause loss of data...
 4787297	[INFO]	XnUSBLinux-x86.cpp	1222	USB read thread was started.
 4787320	[INFO]	XnProperty.cpp	151	Property Depth1.ActualReadData was changed to 1.
 5258041	[INFO]	XnProperty.cpp	151	Property Depth1.State was changed to 1.
 5258083	[INFO]	XnDeviceBase.cpp	370	Stream Depth1 is open.
 6350201	[INFO]	XnOpenNI.cpp	1261	Creating node 'Image1' of type Image...
 6350253	[INFO]	XnDeviceBase.cpp	1383	Creating stream 'Image1' of type 'Image'...
 6350486	[INFO]	XnProperty.cpp	151	Property Image1.Resolution was changed to 0.
 6350514	[INFO]	XnProperty.cpp	151	Property Image1.XRes was changed to 320.
 6350533	[INFO]	XnProperty.cpp	151	Property Image1.YRes was changed to 240.
 6350550	[INFO]	XnProperty.cpp	151	Property Image1.FPS was changed to 30.
 6350577	[INFO]	XnProperty.cpp	151	Property Image1.OutputFormat was changed to 5.
 6350593	[INFO]	XnProperty.cpp	151	Property Image1.BytesPerPixel was changed to 3.
 6350610	[INFO]	XnProperty.cpp	151	Property Image1.RequiredDataSize was changed to 230400.
 6350667	[INFO]	XnDeviceBase.cpp	1458	Stream 'Image1' was initialized.
 6350689	[INFO]	XnDeviceBase.cpp	1463	'Image1' stream was created.
 6350833	[INFO]	XnProperty.cpp	74	Setting Image1.InputFormat to 6...
 6350863	[INFO]	XnProperty.cpp	151	Property Image1.InputFormat was changed to 6.
 6350898	[INFO]	XnProperty.cpp	101	Image1.InputFormat was successfully set.
 6351427	[INFO]	XnDeviceModule.cpp	431	Module 'Image1' configuration was loaded from file.
 6351525	[INFO]	XnProperty.cpp	74	Setting Image1.FPS to 30...
 6351544	[INFO]	XnProperty.cpp	86	Image1.FPS value did not change.
 6351563	[INFO]	XnProperty.cpp	74	Setting Image1.YRes to 480...
 6351582	[INFO]	XnProperty.cpp	151	Property Image1.Resolution was changed to 1.
 6351600	[INFO]	XnProperty.cpp	151	Property Image1.XRes was changed to 640.
 6351617	[INFO]	XnProperty.cpp	151	Property Image1.RequiredDataSize was changed to 460800.
 6351637	[INFO]	XnProperty.cpp	151	Property Image1.YRes was changed to 480.
 6351654	[INFO]	XnProperty.cpp	151	Property Image1.RequiredDataSize was changed to 921600.
 6351672	[INFO]	XnProperty.cpp	101	Image1.YRes was successfully set.
 6351690	[INFO]	XnProperty.cpp	74	Setting Image1.XRes to 640...
 6351706	[INFO]	XnProperty.cpp	86	Image1.XRes value did not change.
 6352872	[INFO]	XnUSBLinux-x86.cpp	1222	USB read thread was started.
 6352941	[INFO]	XnProperty.cpp	151	Property Image1.ActualReadData was changed to 1.
 6423529	[WARNING]	XnDepthProcessor.cpp	133	Read: Depth buffer is corrupt. Size is 597024 (!= 614400)
 6423575	[WARNING]	XnFrameStreamProcessor.cpp	132	Depth frame is corrupt!
 6523544	[WARNING]	XnDepthProcessor.cpp	133	Read: Depth buffer is corrupt. Size is 597328 (!= 614400)
 6523590	[WARNING]	XnFrameStreamProcessor.cpp	132	Depth frame is corrupt!
 6555596	[WARNING]	XnDepthProcessor.cpp	133	Read: Depth buffer is corrupt. Size is 594448 (!= 614400)
 6555638	[WARNING]	XnFrameStreamProcessor.cpp	132	Depth frame is corrupt!
 9553976	[INFO]	XnProperty.cpp	151	Property Image1.State was changed to 1.
 9554018	[INFO]	XnDeviceBase.cpp	370	Stream Image1 is open.
 9554193	[INFO]	XnProperty.cpp	74	Setting Depth1.Registration to 1...
 9705877	[INFO]	XnProperty.cpp	151	Property Depth1.Registration was changed to 1.
 9705919	[INFO]	XnProperty.cpp	101	Depth1.Registration was successfully set.
 9705966	[INFO]	XnProperty.cpp	74	Setting Image1.Mirror to 1...
 9718871	[INFO]	XnProperty.cpp	151	Property Image1.FirmwareMirror was changed to 1.
 9718941	[INFO]	XnProperty.cpp	151	Property Image1.Mirror was changed to 1.
 9718972	[INFO]	XnProperty.cpp	101	Image1.Mirror was successfully set.
82568232	[INFO]	XnOpenNI.cpp	1459	Destroying node 'User1'
82577028	[INFO]	XnOpenNI.cpp	1459	Destroying node 'Depth1'
82577118	[INFO]	XnDeviceBase.cpp	1507	Destroying stream 'Depth1'...
82578648	[INFO]	XnOpenNI.cpp	1459	Destroying node 'Image1'
82578704	[INFO]	XnDeviceBase.cpp	1507	Destroying stream 'Image1'...
82579681	[INFO]	XnOpenNI.cpp	1459	Destroying node 'Device1'
