    1480	[INFO]	XnLog.cpp	165	OpenNI version is 1.0.0 (Build 25)-MacOSX (Jan  7 2011 14:20:18)
    1526	[INFO]	XnLog.cpp	173	Log system initialized. Console: 1, File: 1, Severity: INFO, Masks: ALL
    1550	[INFO]	XnLog.cpp	173	Log system initialized. Console: 1, File: 1, Severity: INFO, Masks: ALL
    2712	[INFO]	XnUSBLinux-x86.cpp	98	USB is initialized.
 1956462	[INFO]	XnOpenNI.cpp	1261	Creating node 'Device1' of type Device...
 1957982	[INFO]	XnDeviceModule.cpp	431	Module 'Device' configuration was loaded from file.
 2227756	[INFO]	XnDeviceSensorIO.cpp	135	Connected to USB device
 2227808	[INFO]	XnProperty.cpp	151	Property Device.USBPath was changed to 045e/02ae@250/10.
 2235195	[INFO]	XnHostProtocol.cpp	825	Hardware versions: FW=5.1.4 (7) HW=4 Chip=2 Sensor=4 SYS=7
 3751184	[INFO]	XnProperty.cpp	151	Property Device.ID was changed to 0.
 3751243	[INFO]	XnSensor.cpp	182	Device sensor initialized
 3751360	[INFO]	XnOpenNI.cpp	1261	Creating node 'Depth1' of type Depth...
 3751415	[INFO]	XnDeviceBase.cpp	1383	Creating stream 'Depth1' of type 'Depth'...
 3751441	[INFO]	XnProperty.cpp	74	Setting Device.ReadData to 1...
 3751486	[INFO]	XnDeviceSensorIO.cpp	298	Endpoints open
 3763942	[INFO]	XnProperty.cpp	151	Property Device.ReadData was changed to 1.
 3763986	[INFO]	XnProperty.cpp	101	Device.ReadData was successfully set.
 3764542	[INFO]	XnProperty.cpp	151	Property Depth1.Resolution was changed to 0.
 3764577	[INFO]	XnProperty.cpp	151	Property Depth1.XRes was changed to 320.
 3764603	[INFO]	XnProperty.cpp	151	Property Depth1.YRes was changed to 240.
 3764630	[INFO]	XnProperty.cpp	151	Property Depth1.FPS was changed to 30.
 3764656	[INFO]	XnProperty.cpp	151	Property Depth1.OutputFormat was changed to 1.
 3764682	[INFO]	XnProperty.cpp	151	Property Depth1.BytesPerPixel was changed to 2.
 3764709	[INFO]	XnProperty.cpp	151	Property Depth1.RequiredDataSize was changed to 153600.
 3764740	[INFO]	XnProperty.cpp	151	Property Depth1.ParamCoeff was changed to 4.
 3764842	[INFO]	XnProperty.cpp	151	Property Depth1.ShiftScale was changed to 10.
 3777327	[INFO]	XnProperty.cpp	151	Property Depth1.ConstShift was changed to 200.
 3777437	[INFO]	XnProperty.cpp	151	Property Depth1.ZPD was changed to 120.
 3777563	[INFO]	XnProperty.cpp	151	Property Depth1.ZPPS was changed to 0.104200.
 3777587	[INFO]	XnProperty.cpp	151	Property Depth1.LDDIS was changed to 7.500000.
 3777711	[INFO]	XnProperty.cpp	151	Property Depth1.Gain was changed to 30.
 3777754	[INFO]	XnDeviceBase.cpp	1458	Stream 'Depth1' was initialized.
 3777778	[INFO]	XnDeviceBase.cpp	1463	'Depth1' stream was created.
 3777952	[INFO]	XnProperty.cpp	74	Setting Depth1.InputFormat to 3...
 3777981	[INFO]	XnProperty.cpp	151	Property Depth1.InputFormat was changed to 3.
 3778004	[INFO]	XnProperty.cpp	101	Depth1.InputFormat was successfully set.
 3778626	[INFO]	XnProperty.cpp	74	Setting Depth1.RegistrationType to 2...
 3778661	[INFO]	XnProperty.cpp	151	Property Depth1.RegistrationType was changed to 2.
 3778684	[INFO]	XnProperty.cpp	101	Depth1.RegistrationType was successfully set.
 3779481	[INFO]	XnDeviceModule.cpp	431	Module 'Depth1' configuration was loaded from file.
 3779755	[INFO]	XnProperty.cpp	74	Setting Depth1.FPS to 30...
 3779778	[INFO]	XnProperty.cpp	86	Depth1.FPS value did not change.
 3779801	[INFO]	XnProperty.cpp	74	Setting Depth1.YRes to 480...
 3779824	[INFO]	XnProperty.cpp	151	Property Depth1.Resolution was changed to 1.
 3779846	[INFO]	XnProperty.cpp	151	Property Depth1.XRes was changed to 640.
 3779867	[INFO]	XnProperty.cpp	151	Property Depth1.RequiredDataSize was changed to 307200.
 3779889	[INFO]	XnProperty.cpp	151	Property Depth1.YRes was changed to 480.
 3779911	[INFO]	XnProperty.cpp	151	Property Depth1.RequiredDataSize was changed to 614400.
 3779933	[INFO]	XnProperty.cpp	101	Depth1.YRes was successfully set.
 3779954	[INFO]	XnProperty.cpp	74	Setting Depth1.XRes to 640...
 3779974	[INFO]	XnProperty.cpp	86	Depth1.XRes value did not change.
 3780038	[INFO]	XnProperty.cpp	74	Setting Depth1.Mirror to 1...
 3780064	[INFO]	XnProperty.cpp	151	Property Depth1.FirmwareMirror was changed to 1.
 3780125	[INFO]	XnProperty.cpp	151	Property Depth1.Mirror was changed to 1.
 3780147	[INFO]	XnProperty.cpp	101	Depth1.Mirror was successfully set.
 4911639	[INFO]	XnOpenNI.cpp	1261	Creating node 'User1' of type User...
 4937614	[WARNING]	Linux-x86Threads.cpp	173	Failed to set thread priority: Invalid argument
 4937658	[WARNING]	XnUSBLinux-x86.cpp	126	USB events thread: Failed to set thread priority to critical. This might cause loss of data...
 4938548	[INFO]	XnUSBLinux-x86.cpp	1222	USB read thread was started.
 4938584	[INFO]	XnProperty.cpp	151	Property Depth1.ActualReadData was changed to 1.
 5409008	[INFO]	XnProperty.cpp	151	Property Depth1.State was changed to 1.
 5409051	[INFO]	XnDeviceBase.cpp	370	Stream Depth1 is open.
 6503393	[INFO]	XnOpenNI.cpp	1261	Creating node 'Image1' of type Image...
 6503443	[INFO]	XnDeviceBase.cpp	1383	Creating stream 'Image1' of type 'Image'...
 6503624	[INFO]	XnProperty.cpp	151	Property Image1.Resolution was changed to 0.
 6503643	[INFO]	XnProperty.cpp	151	Property Image1.XRes was changed to 320.
 6503656	[INFO]	XnProperty.cpp	151	Property Image1.YRes was changed to 240.
 6503668	[INFO]	XnProperty.cpp	151	Property Image1.FPS was changed to 30.
 6503679	[INFO]	XnProperty.cpp	151	Property Image1.OutputFormat was changed to 5.
 6503692	[INFO]	XnProperty.cpp	151	Property Image1.BytesPerPixel was changed to 3.
 6503704	[INFO]	XnProperty.cpp	151	Property Image1.RequiredDataSize was changed to 230400.
 6503732	[INFO]	XnDeviceBase.cpp	1458	Stream 'Image1' was initialized.
 6503746	[INFO]	XnDeviceBase.cpp	1463	'Image1' stream was created.
 6503850	[INFO]	XnProperty.cpp	74	Setting Image1.InputFormat to 6...
 6503871	[INFO]	XnProperty.cpp	151	Property Image1.InputFormat was changed to 6.
 6503884	[INFO]	XnProperty.cpp	101	Image1.InputFormat was successfully set.
 6504309	[INFO]	XnDeviceModule.cpp	431	Module 'Image1' configuration was loaded from file.
 6504397	[INFO]	XnProperty.cpp	74	Setting Image1.FPS to 30...
 6504413	[INFO]	XnProperty.cpp	86	Image1.FPS value did not change.
 6504425	[INFO]	XnProperty.cpp	74	Setting Image1.YRes to 480...
 6504439	[INFO]	XnProperty.cpp	151	Property Image1.Resolution was changed to 1.
 6504451	[INFO]	XnProperty.cpp	151	Property Image1.XRes was changed to 640.
 6504463	[INFO]	XnProperty.cpp	151	Property Image1.RequiredDataSize was changed to 460800.
 6504476	[INFO]	XnProperty.cpp	151	Property Image1.YRes was changed to 480.
 6504488	[INFO]	XnProperty.cpp	151	Property Image1.RequiredDataSize was changed to 921600.
 6504501	[INFO]	XnProperty.cpp	101	Image1.YRes was successfully set.
 6504513	[INFO]	XnProperty.cpp	74	Setting Image1.XRes to 640...
 6504524	[INFO]	XnProperty.cpp	86	Image1.XRes value did not change.
 6505343	[INFO]	XnUSBLinux-x86.cpp	1222	USB read thread was started.
 6505380	[INFO]	XnProperty.cpp	151	Property Image1.ActualReadData was changed to 1.
 6674044	[WARNING]	XnDepthProcessor.cpp	133	Read: Depth buffer is corrupt. Size is 578832 (!= 614400)
 6674090	[WARNING]	XnFrameStreamProcessor.cpp	132	Depth frame is corrupt!
 6706076	[WARNING]	XnDepthProcessor.cpp	133	Read: Depth buffer is corrupt. Size is 579904 (!= 614400)
 6706121	[WARNING]	XnFrameStreamProcessor.cpp	132	Depth frame is corrupt!
 9610002	[WARNING]	XnDepthProcessor.cpp	133	Read: Depth buffer is corrupt. Size is 594512 (!= 614400)
 9610049	[WARNING]	XnFrameStreamProcessor.cpp	132	Depth frame is corrupt!
 9706198	[INFO]	XnProperty.cpp	151	Property Image1.State was changed to 1.
 9706242	[INFO]	XnDeviceBase.cpp	370	Stream Image1 is open.
 9706429	[INFO]	XnProperty.cpp	74	Setting Depth1.Registration to 1...
 9742042	[WARNING]	XnDepthProcessor.cpp	133	Read: Depth buffer is corrupt. Size is 581728 (!= 614400)
 9742089	[WARNING]	XnFrameStreamProcessor.cpp	132	Depth frame is corrupt!
 9857599	[INFO]	XnProperty.cpp	151	Property Depth1.Registration was changed to 1.
 9857642	[INFO]	XnProperty.cpp	101	Depth1.Registration was successfully set.
 9857690	[INFO]	XnProperty.cpp	74	Setting Image1.Mirror to 1...
 9870576	[INFO]	XnProperty.cpp	151	Property Image1.FirmwareMirror was changed to 1.
 9870657	[INFO]	XnProperty.cpp	151	Property Image1.Mirror was changed to 1.
 9870670	[INFO]	XnProperty.cpp	101	Image1.Mirror was successfully set.
49247093	[INFO]	XnOpenNI.cpp	1459	Destroying node 'User1'
49254363	[INFO]	XnOpenNI.cpp	1459	Destroying node 'Depth1'
49254448	[INFO]	XnDeviceBase.cpp	1507	Destroying stream 'Depth1'...
49255764	[INFO]	XnOpenNI.cpp	1459	Destroying node 'Image1'
49255831	[INFO]	XnDeviceBase.cpp	1507	Destroying stream 'Image1'...
49256889	[INFO]	XnOpenNI.cpp	1459	Destroying node 'Device1'
