    1815	[INFO]	XnLog.cpp	165	OpenNI version is 1.0.0 (Build 25)-MacOSX (Jan  7 2011 14:20:18)
    1874	[INFO]	XnLog.cpp	173	Log system initialized. Console: 1, File: 1, Severity: INFO, Masks: ALL
    1911	[INFO]	XnLog.cpp	173	Log system initialized. Console: 1, File: 1, Severity: INFO, Masks: ALL
    3684	[INFO]	XnUSBLinux-x86.cpp	98	USB is initialized.
 1121237	[INFO]	XnOpenNI.cpp	1261	Creating node 'Device1' of type Device...
 1122035	[INFO]	XnDeviceModule.cpp	431	Module 'Device' configuration was loaded from file.
 1272772	[INFO]	XnDeviceSensorIO.cpp	135	Connected to USB device
 1272823	[INFO]	XnProperty.cpp	151	Property Device.USBPath was changed to 045e/02ae@253/8.
 1280646	[INFO]	XnHostProtocol.cpp	825	Hardware versions: FW=5.1.4 (7) HW=4 Chip=2 Sensor=4 SYS=7
 2689401	[INFO]	XnProperty.cpp	151	Property Device.ID was changed to 0.
 2689464	[INFO]	XnSensor.cpp	182	Device sensor initialized
 2689569	[INFO]	XnOpenNI.cpp	1261	Creating node 'Depth1' of type Depth...
 2689619	[INFO]	XnDeviceBase.cpp	1383	Creating stream 'Depth1' of type 'Depth'...
 2689642	[INFO]	XnProperty.cpp	74	Setting Device.ReadData to 1...
 2689683	[INFO]	XnDeviceSensorIO.cpp	298	Endpoints open
 2702002	[INFO]	XnProperty.cpp	151	Property Device.ReadData was changed to 1.
 2702045	[INFO]	XnProperty.cpp	101	Device.ReadData was successfully set.
 2702457	[INFO]	XnProperty.cpp	151	Property Depth1.Resolution was changed to 0.
 2702483	[INFO]	XnProperty.cpp	151	Property Depth1.XRes was changed to 320.
 2702503	[INFO]	XnProperty.cpp	151	Property Depth1.YRes was changed to 240.
 2702521	[INFO]	XnProperty.cpp	151	Property Depth1.FPS was changed to 30.
 2702538	[INFO]	XnProperty.cpp	151	Property Depth1.OutputFormat was changed to 1.
 2702556	[INFO]	XnProperty.cpp	151	Property Depth1.BytesPerPixel was changed to 2.
 2702574	[INFO]	XnProperty.cpp	151	Property Depth1.RequiredDataSize was changed to 153600.
 2702600	[INFO]	XnProperty.cpp	151	Property Depth1.ParamCoeff was changed to 4.
 2702670	[INFO]	XnProperty.cpp	151	Property Depth1.ShiftScale was changed to 10.
 2714803	[INFO]	XnProperty.cpp	151	Property Depth1.ConstShift was changed to 200.
 2714922	[INFO]	XnProperty.cpp	151	Property Depth1.ZPD was changed to 120.
 2715043	[INFO]	XnProperty.cpp	151	Property Depth1.ZPPS was changed to 0.104200.
 2715071	[INFO]	XnProperty.cpp	151	Property Depth1.LDDIS was changed to 7.500000.
 2715237	[INFO]	XnProperty.cpp	151	Property Depth1.Gain was changed to 30.
 2715294	[INFO]	XnDeviceBase.cpp	1458	Stream 'Depth1' was initialized.
 2715314	[INFO]	XnDeviceBase.cpp	1463	'Depth1' stream was created.
 2715487	[INFO]	XnProperty.cpp	74	Setting Depth1.InputFormat to 3...
 2715516	[INFO]	XnProperty.cpp	151	Property Depth1.InputFormat was changed to 3.
 2715534	[INFO]	XnProperty.cpp	101	Depth1.InputFormat was successfully set.
 2716009	[INFO]	XnProperty.cpp	74	Setting Depth1.RegistrationType to 2...
 2716033	[INFO]	XnProperty.cpp	151	Property Depth1.RegistrationType was changed to 2.
 2716051	[INFO]	XnProperty.cpp	101	Depth1.RegistrationType was successfully set.
 2716733	[INFO]	XnDeviceModule.cpp	431	Module 'Depth1' configuration was loaded from file.
 2717002	[INFO]	XnProperty.cpp	74	Setting Depth1.FPS to 30...
 2717027	[INFO]	XnProperty.cpp	86	Depth1.FPS value did not change.
 2717046	[INFO]	XnProperty.cpp	74	Setting Depth1.YRes to 480...
 2717068	[INFO]	XnProperty.cpp	151	Property Depth1.Resolution was changed to 1.
 2717091	[INFO]	XnProperty.cpp	151	Property Depth1.XRes was changed to 640.
 2717111	[INFO]	XnProperty.cpp	151	Property Depth1.RequiredDataSize was changed to 307200.
 2717133	[INFO]	XnProperty.cpp	151	Property Depth1.YRes was changed to 480.
 2717149	[INFO]	XnProperty.cpp	151	Property Depth1.RequiredDataSize was changed to 614400.
 2717166	[INFO]	XnProperty.cpp	101	Depth1.YRes was successfully set.
 2717185	[INFO]	XnProperty.cpp	74	Setting Depth1.XRes to 640...
 2717201	[INFO]	XnProperty.cpp	86	Depth1.XRes value did not change.
 2717260	[INFO]	XnProperty.cpp	74	Setting Depth1.Mirror to 1...
 2717283	[INFO]	XnProperty.cpp	151	Property Depth1.FirmwareMirror was changed to 1.
 2717343	[INFO]	XnProperty.cpp	151	Property Depth1.Mirror was changed to 1.
 2717362	[INFO]	XnProperty.cpp	101	Depth1.Mirror was successfully set.
 4471702	[INFO]	XnOpenNI.cpp	1261	Creating node 'User1' of type User...
 4496625	[WARNING]	Linux-x86Threads.cpp	173	Failed to set thread priority: Invalid argument
 4496670	[WARNING]	XnUSBLinux-x86.cpp	126	USB events thread: Failed to set thread priority to critical. This might cause loss of data...
 4497401	[INFO]	XnUSBLinux-x86.cpp	1222	USB read thread was started.
 4497426	[INFO]	XnProperty.cpp	151	Property Depth1.ActualReadData was changed to 1.
 4968184	[INFO]	XnProperty.cpp	151	Property Depth1.State was changed to 1.
 4968228	[INFO]	XnDeviceBase.cpp	370	Stream Depth1 is open.
 6596812	[INFO]	XnOpenNI.cpp	1261	Creating node 'Image1' of type Image...
 6596867	[INFO]	XnDeviceBase.cpp	1383	Creating stream 'Image1' of type 'Image'...
 6597079	[INFO]	XnProperty.cpp	151	Property Image1.Resolution was changed to 0.
 6597101	[INFO]	XnProperty.cpp	151	Property Image1.XRes was changed to 320.
 6597120	[INFO]	XnProperty.cpp	151	Property Image1.YRes was changed to 240.
 6597135	[INFO]	XnProperty.cpp	151	Property Image1.FPS was changed to 30.
 6597147	[INFO]	XnProperty.cpp	151	Property Image1.OutputFormat was changed to 5.
 6597158	[INFO]	XnProperty.cpp	151	Property Image1.BytesPerPixel was changed to 3.
 6597173	[INFO]	XnProperty.cpp	151	Property Image1.RequiredDataSize was changed to 230400.
 6597214	[INFO]	XnDeviceBase.cpp	1458	Stream 'Image1' was initialized.
 6597233	[INFO]	XnDeviceBase.cpp	1463	'Image1' stream was created.
 6597346	[INFO]	XnProperty.cpp	74	Setting Image1.InputFormat to 6...
 6597372	[INFO]	XnProperty.cpp	151	Property Image1.InputFormat was changed to 6.
 6597390	[INFO]	XnProperty.cpp	101	Image1.InputFormat was successfully set.
 6597902	[INFO]	XnDeviceModule.cpp	431	Module 'Image1' configuration was loaded from file.
 6598001	[INFO]	XnProperty.cpp	74	Setting Image1.FPS to 30...
 6598020	[INFO]	XnProperty.cpp	86	Image1.FPS value did not change.
 6598037	[INFO]	XnProperty.cpp	74	Setting Image1.YRes to 480...
 6598056	[INFO]	XnProperty.cpp	151	Property Image1.Resolution was changed to 1.
 6598076	[INFO]	XnProperty.cpp	151	Property Image1.XRes was changed to 640.
 6598098	[INFO]	XnProperty.cpp	151	Property Image1.RequiredDataSize was changed to 460800.
 6598122	[INFO]	XnProperty.cpp	151	Property Image1.YRes was changed to 480.
 6598146	[INFO]	XnProperty.cpp	151	Property Image1.RequiredDataSize was changed to 921600.
 6598170	[INFO]	XnProperty.cpp	101	Image1.YRes was successfully set.
 6598194	[INFO]	XnProperty.cpp	74	Setting Image1.XRes to 640...
 6598215	[INFO]	XnProperty.cpp	86	Image1.XRes value did not change.
 6599316	[INFO]	XnUSBLinux-x86.cpp	1222	USB read thread was started.
 6599370	[INFO]	XnProperty.cpp	151	Property Image1.ActualReadData was changed to 1.
 6765649	[WARNING]	XnDepthProcessor.cpp	133	Read: Depth buffer is corrupt. Size is 589024 (!= 614400)
 6765697	[WARNING]	XnFrameStreamProcessor.cpp	132	Depth frame is corrupt!
 6801596	[WARNING]	XnDepthProcessor.cpp	133	Read: Depth buffer is corrupt. Size is 573776 (!= 614400)
 6801645	[WARNING]	XnFrameStreamProcessor.cpp	132	Depth frame is corrupt!
 9800625	[INFO]	XnProperty.cpp	151	Property Image1.State was changed to 1.
 9800668	[INFO]	XnDeviceBase.cpp	370	Stream Image1 is open.
 9800901	[INFO]	XnProperty.cpp	74	Setting Depth1.Registration to 1...
 9837608	[WARNING]	XnDepthProcessor.cpp	133	Read: Depth buffer is corrupt. Size is 589760 (!= 614400)
 9837655	[WARNING]	XnFrameStreamProcessor.cpp	132	Depth frame is corrupt!
 9953251	[INFO]	XnProperty.cpp	151	Property Depth1.Registration was changed to 1.
 9953295	[INFO]	XnProperty.cpp	101	Depth1.Registration was successfully set.
 9953342	[INFO]	XnProperty.cpp	74	Setting Image1.Mirror to 1...
 9965743	[INFO]	XnProperty.cpp	151	Property Image1.FirmwareMirror was changed to 1.
 9965795	[INFO]	XnProperty.cpp	151	Property Image1.Mirror was changed to 1.
 9965815	[INFO]	XnProperty.cpp	101	Image1.Mirror was successfully set.
11797591	[INFO]	XnOpenNI.cpp	1459	Destroying node 'User1'
11806104	[INFO]	XnOpenNI.cpp	1459	Destroying node 'Depth1'
11806205	[INFO]	XnDeviceBase.cpp	1507	Destroying stream 'Depth1'...
11807584	[INFO]	XnOpenNI.cpp	1459	Destroying node 'Image1'
11807645	[INFO]	XnDeviceBase.cpp	1507	Destroying stream 'Image1'...
11808850	[INFO]	XnOpenNI.cpp	1459	Destroying node 'Device1'
