    1482	[INFO]	XnLog.cpp	165	OpenNI version is 1.0.0 (Build 25)-MacOSX (Jan  7 2011 14:20:18)
    1525	[INFO]	XnLog.cpp	173	Log system initialized. Console: 1, File: 1, Severity: INFO, Masks: ALL
    1549	[INFO]	XnLog.cpp	173	Log system initialized. Console: 1, File: 1, Severity: INFO, Masks: ALL
    2645	[INFO]	XnUSBLinux-x86.cpp	98	USB is initialized.
10535179	[INFO]	XnOpenNI.cpp	1261	Creating node 'Device1' of type Device...
10536179	[INFO]	XnDeviceModule.cpp	431	Module 'Device' configuration was loaded from file.
11195575	[INFO]	XnDeviceSensorIO.cpp	135	Connected to USB device
11195632	[INFO]	XnProperty.cpp	151	Property Device.USBPath was changed to 045e/02ae@253/8.
11203067	[INFO]	XnHostProtocol.cpp	825	Hardware versions: FW=5.1.4 (7) HW=4 Chip=2 Sensor=4 SYS=7
12615642	[INFO]	XnProperty.cpp	151	Property Device.ID was changed to 0.
12615708	[INFO]	XnSensor.cpp	182	Device sensor initialized
12615814	[INFO]	XnOpenNI.cpp	1261	Creating node 'Depth1' of type Depth...
12615861	[INFO]	XnDeviceBase.cpp	1383	Creating stream 'Depth1' of type 'Depth'...
12615882	[INFO]	XnProperty.cpp	74	Setting Device.ReadData to 1...
12615932	[INFO]	XnDeviceSensorIO.cpp	298	Endpoints open
12628420	[INFO]	XnProperty.cpp	151	Property Device.ReadData was changed to 1.
12628453	[INFO]	XnProperty.cpp	101	Device.ReadData was successfully set.
12628843	[INFO]	XnProperty.cpp	151	Property Depth1.Resolution was changed to 0.
12628868	[INFO]	XnProperty.cpp	151	Property Depth1.XRes was changed to 320.
12628884	[INFO]	XnProperty.cpp	151	Property Depth1.YRes was changed to 240.
12628900	[INFO]	XnProperty.cpp	151	Property Depth1.FPS was changed to 30.
12628915	[INFO]	XnProperty.cpp	151	Property Depth1.OutputFormat was changed to 1.
12628933	[INFO]	XnProperty.cpp	151	Property Depth1.BytesPerPixel was changed to 2.
12628949	[INFO]	XnProperty.cpp	151	Property Depth1.RequiredDataSize was changed to 153600.
12628971	[INFO]	XnProperty.cpp	151	Property Depth1.ParamCoeff was changed to 4.
12629048	[INFO]	XnProperty.cpp	151	Property Depth1.ShiftScale was changed to 10.
12641458	[INFO]	XnProperty.cpp	151	Property Depth1.ConstShift was changed to 200.
12641633	[INFO]	XnProperty.cpp	151	Property Depth1.ZPD was changed to 120.
12641879	[INFO]	XnProperty.cpp	151	Property Depth1.ZPPS was changed to 0.104200.
12641931	[INFO]	XnProperty.cpp	151	Property Depth1.LDDIS was changed to 7.500000.
12642168	[INFO]	XnProperty.cpp	151	Property Depth1.Gain was changed to 30.
12642238	[INFO]	XnDeviceBase.cpp	1458	Stream 'Depth1' was initialized.
12642282	[INFO]	XnDeviceBase.cpp	1463	'Depth1' stream was created.
12642672	[INFO]	XnProperty.cpp	74	Setting Depth1.InputFormat to 3...
12642732	[INFO]	XnProperty.cpp	151	Property Depth1.InputFormat was changed to 3.
12642774	[INFO]	XnProperty.cpp	101	Depth1.InputFormat was successfully set.
12644174	[INFO]	XnProperty.cpp	74	Setting Depth1.RegistrationType to 2...
12644216	[INFO]	XnProperty.cpp	151	Property Depth1.RegistrationType was changed to 2.
12644246	[INFO]	XnProperty.cpp	101	Depth1.RegistrationType was successfully set.
12645412	[INFO]	XnDeviceModule.cpp	431	Module 'Depth1' configuration was loaded from file.
12645754	[INFO]	XnProperty.cpp	74	Setting Depth1.FPS to 30...
12645793	[INFO]	XnProperty.cpp	86	Depth1.FPS value did not change.
12645825	[INFO]	XnProperty.cpp	74	Setting Depth1.YRes to 480...
12645862	[INFO]	XnProperty.cpp	151	Property Depth1.Resolution was changed to 1.
12645897	[INFO]	XnProperty.cpp	151	Property Depth1.XRes was changed to 640.
12645933	[INFO]	XnProperty.cpp	151	Property Depth1.RequiredDataSize was changed to 307200.
12645971	[INFO]	XnProperty.cpp	151	Property Depth1.YRes was changed to 480.
12646003	[INFO]	XnProperty.cpp	151	Property Depth1.RequiredDataSize was changed to 614400.
12646037	[INFO]	XnProperty.cpp	101	Depth1.YRes was successfully set.
12646072	[INFO]	XnProperty.cpp	74	Setting Depth1.XRes to 640...
12646105	[INFO]	XnProperty.cpp	86	Depth1.XRes value did not change.
12646196	[INFO]	XnProperty.cpp	74	Setting Depth1.Mirror to 1...
12646236	[INFO]	XnProperty.cpp	151	Property Depth1.FirmwareMirror was changed to 1.
12671771	[INFO]	XnProperty.cpp	151	Property Depth1.Mirror was changed to 1.
12671825	[INFO]	XnProperty.cpp	101	Depth1.Mirror was successfully set.
17724476	[INFO]	XnOpenNI.cpp	1261	Creating node 'User1' of type User...
17748101	[WARNING]	Linux-x86Threads.cpp	173	Failed to set thread priority: Invalid argument
17748147	[WARNING]	XnUSBLinux-x86.cpp	126	USB events thread: Failed to set thread priority to critical. This might cause loss of data...
17748848	[INFO]	XnUSBLinux-x86.cpp	1222	USB read thread was started.
17748871	[INFO]	XnProperty.cpp	151	Property Depth1.ActualReadData was changed to 1.
18219173	[INFO]	XnProperty.cpp	151	Property Depth1.State was changed to 1.
18219213	[INFO]	XnDeviceBase.cpp	370	Stream Depth1 is open.
23881634	[INFO]	XnOpenNI.cpp	1261	Creating node 'Image1' of type Image...
23881693	[INFO]	XnDeviceBase.cpp	1383	Creating stream 'Image1' of type 'Image'...
23881877	[INFO]	XnProperty.cpp	151	Property Image1.Resolution was changed to 0.
23881897	[INFO]	XnProperty.cpp	151	Property Image1.XRes was changed to 320.
23881910	[INFO]	XnProperty.cpp	151	Property Image1.YRes was changed to 240.
23881922	[INFO]	XnProperty.cpp	151	Property Image1.FPS was changed to 30.
23881933	[INFO]	XnProperty.cpp	151	Property Image1.OutputFormat was changed to 5.
23881945	[INFO]	XnProperty.cpp	151	Property Image1.BytesPerPixel was changed to 3.
23881958	[INFO]	XnProperty.cpp	151	Property Image1.RequiredDataSize was changed to 230400.
23881986	[INFO]	XnDeviceBase.cpp	1458	Stream 'Image1' was initialized.
23881999	[INFO]	XnDeviceBase.cpp	1463	'Image1' stream was created.
23882105	[INFO]	XnProperty.cpp	74	Setting Image1.InputFormat to 6...
23882126	[INFO]	XnProperty.cpp	151	Property Image1.InputFormat was changed to 6.
23882139	[INFO]	XnProperty.cpp	101	Image1.InputFormat was successfully set.
23882573	[INFO]	XnDeviceModule.cpp	431	Module 'Image1' configuration was loaded from file.
23882659	[INFO]	XnProperty.cpp	74	Setting Image1.FPS to 30...
23882675	[INFO]	XnProperty.cpp	86	Image1.FPS value did not change.
23882687	[INFO]	XnProperty.cpp	74	Setting Image1.YRes to 480...
23882700	[INFO]	XnProperty.cpp	151	Property Image1.Resolution was changed to 1.
23882712	[INFO]	XnProperty.cpp	151	Property Image1.XRes was changed to 640.
23882724	[INFO]	XnProperty.cpp	151	Property Image1.RequiredDataSize was changed to 460800.
23882737	[INFO]	XnProperty.cpp	151	Property Image1.YRes was changed to 480.
23882749	[INFO]	XnProperty.cpp	151	Property Image1.RequiredDataSize was changed to 921600.
23882762	[INFO]	XnProperty.cpp	101	Image1.YRes was successfully set.
23882774	[INFO]	XnProperty.cpp	74	Setting Image1.XRes to 640...
23882785	[INFO]	XnProperty.cpp	86	Image1.XRes value did not change.
23883665	[INFO]	XnUSBLinux-x86.cpp	1222	USB read thread was started.
23883703	[INFO]	XnProperty.cpp	151	Property Image1.ActualReadData was changed to 1.
24089535	[WARNING]	XnDepthProcessor.cpp	133	Read: Depth buffer is corrupt. Size is 598448 (!= 614400)
24089613	[WARNING]	XnFrameStreamProcessor.cpp	132	Depth frame is corrupt!
26957938	[WARNING]	XnDepthProcessor.cpp	133	Read: Depth buffer is corrupt. Size is 594736 (!= 614400)
26957982	[WARNING]	XnFrameStreamProcessor.cpp	132	Depth frame is corrupt!
27084171	[INFO]	XnProperty.cpp	151	Property Image1.State was changed to 1.
27084220	[INFO]	XnDeviceBase.cpp	370	Stream Image1 is open.
27084409	[INFO]	XnProperty.cpp	74	Setting Depth1.Registration to 1...
27125964	[WARNING]	XnDepthProcessor.cpp	133	Read: Depth buffer is corrupt. Size is 592960 (!= 614400)
27126011	[WARNING]	XnFrameStreamProcessor.cpp	132	Depth frame is corrupt!
27235889	[INFO]	XnProperty.cpp	151	Property Depth1.Registration was changed to 1.
27235942	[INFO]	XnProperty.cpp	101	Depth1.Registration was successfully set.
27236025	[INFO]	XnProperty.cpp	74	Setting Image1.Mirror to 1...
27248413	[INFO]	XnProperty.cpp	151	Property Image1.FirmwareMirror was changed to 1.
27248453	[INFO]	XnProperty.cpp	151	Property Image1.Mirror was changed to 1.
27248465	[INFO]	XnProperty.cpp	101	Image1.Mirror was successfully set.
