    1991	[INFO]	XnLog.cpp	165	OpenNI version is 1.0.0 (Build 25)-MacOSX (Jan  7 2011 14:20:18)
    2050	[INFO]	XnLog.cpp	173	Log system initialized. Console: 1, File: 1, Severity: INFO, Masks: ALL
    2085	[INFO]	XnLog.cpp	173	Log system initialized. Console: 1, File: 1, Severity: INFO, Masks: ALL
    3529	[INFO]	XnUSBLinux-x86.cpp	98	USB is initialized.
 1980986	[INFO]	XnOpenNI.cpp	1261	Creating node 'Device1' of type Device...
 1982390	[INFO]	XnDeviceModule.cpp	431	Module 'Device' configuration was loaded from file.
 2241072	[INFO]	XnDeviceSensorIO.cpp	135	Connected to USB device
 2241133	[INFO]	XnProperty.cpp	151	Property Device.USBPath was changed to 045e/02ae@253/8.
 2249006	[INFO]	XnHostProtocol.cpp	825	Hardware versions: FW=5.1.4 (7) HW=4 Chip=2 Sensor=4 SYS=7
 3660390	[INFO]	XnProperty.cpp	151	Property Device.ID was changed to 0.
 3660444	[INFO]	XnSensor.cpp	182	Device sensor initialized
 3660553	[INFO]	XnOpenNI.cpp	1261	Creating node 'Depth1' of type Depth...
 3660606	[INFO]	XnDeviceBase.cpp	1383	Creating stream 'Depth1' of type 'Depth'...
 3660629	[INFO]	XnProperty.cpp	74	Setting Device.ReadData to 1...
 3660669	[INFO]	XnDeviceSensorIO.cpp	298	Endpoints open
 3673138	[INFO]	XnProperty.cpp	151	Property Device.ReadData was changed to 1.
 3673196	[INFO]	XnProperty.cpp	101	Device.ReadData was successfully set.
 3673666	[INFO]	XnProperty.cpp	151	Property Depth1.Resolution was changed to 0.
 3673694	[INFO]	XnProperty.cpp	151	Property Depth1.XRes was changed to 320.
 3673711	[INFO]	XnProperty.cpp	151	Property Depth1.YRes was changed to 240.
 3673728	[INFO]	XnProperty.cpp	151	Property Depth1.FPS was changed to 30.
 3673743	[INFO]	XnProperty.cpp	151	Property Depth1.OutputFormat was changed to 1.
 3673759	[INFO]	XnProperty.cpp	151	Property Depth1.BytesPerPixel was changed to 2.
 3673776	[INFO]	XnProperty.cpp	151	Property Depth1.RequiredDataSize was changed to 153600.
 3673796	[INFO]	XnProperty.cpp	151	Property Depth1.ParamCoeff was changed to 4.
 3673870	[INFO]	XnProperty.cpp	151	Property Depth1.ShiftScale was changed to 10.
 3686304	[INFO]	XnProperty.cpp	151	Property Depth1.ConstShift was changed to 200.
 3686400	[INFO]	XnProperty.cpp	151	Property Depth1.ZPD was changed to 120.
 3686514	[INFO]	XnProperty.cpp	151	Property Depth1.ZPPS was changed to 0.104200.
 3686538	[INFO]	XnProperty.cpp	151	Property Depth1.LDDIS was changed to 7.500000.
 3686660	[INFO]	XnProperty.cpp	151	Property Depth1.Gain was changed to 30.
 3686704	[INFO]	XnDeviceBase.cpp	1458	Stream 'Depth1' was initialized.
 3686725	[INFO]	XnDeviceBase.cpp	1463	'Depth1' stream was created.
 3686927	[INFO]	XnProperty.cpp	74	Setting Depth1.InputFormat to 3...
 3686955	[INFO]	XnProperty.cpp	151	Property Depth1.InputFormat was changed to 3.
 3686974	[INFO]	XnProperty.cpp	101	Depth1.InputFormat was successfully set.
 3687445	[INFO]	XnProperty.cpp	74	Setting Depth1.RegistrationType to 2...
 3687465	[INFO]	XnProperty.cpp	151	Property Depth1.RegistrationType was changed to 2.
 3687484	[INFO]	XnProperty.cpp	101	Depth1.RegistrationType was successfully set.
 3688007	[INFO]	XnDeviceModule.cpp	431	Module 'Depth1' configuration was loaded from file.
 3688229	[INFO]	XnProperty.cpp	74	Setting Depth1.FPS to 30...
 3688254	[INFO]	XnProperty.cpp	86	Depth1.FPS value did not change.
 3688272	[INFO]	XnProperty.cpp	74	Setting Depth1.YRes to 480...
 3688295	[INFO]	XnProperty.cpp	151	Property Depth1.Resolution was changed to 1.
 3688315	[INFO]	XnProperty.cpp	151	Property Depth1.XRes was changed to 640.
 3688334	[INFO]	XnProperty.cpp	151	Property Depth1.RequiredDataSize was changed to 307200.
 3688355	[INFO]	XnProperty.cpp	151	Property Depth1.YRes was changed to 480.
 3688374	[INFO]	XnProperty.cpp	151	Property Depth1.RequiredDataSize was changed to 614400.
 3688393	[INFO]	XnProperty.cpp	101	Depth1.YRes was successfully set.
 3688412	[INFO]	XnProperty.cpp	74	Setting Depth1.XRes to 640...
 3688429	[INFO]	XnProperty.cpp	86	Depth1.XRes value did not change.
 3688489	[INFO]	XnProperty.cpp	74	Setting Depth1.Mirror to 1...
 3688510	[INFO]	XnProperty.cpp	151	Property Depth1.FirmwareMirror was changed to 1.
 3688566	[INFO]	XnProperty.cpp	151	Property Depth1.Mirror was changed to 1.
 3688584	[INFO]	XnProperty.cpp	101	Depth1.Mirror was successfully set.
 4678593	[INFO]	XnOpenNI.cpp	1261	Creating node 'User1' of type User...
 4703327	[WARNING]	Linux-x86Threads.cpp	173	Failed to set thread priority: Invalid argument
 4703372	[WARNING]	XnUSBLinux-x86.cpp	126	USB events thread: Failed to set thread priority to critical. This might cause loss of data...
 4704178	[INFO]	XnUSBLinux-x86.cpp	1222	USB read thread was started.
 4704204	[INFO]	XnProperty.cpp	151	Property Depth1.ActualReadData was changed to 1.
 5175097	[INFO]	XnProperty.cpp	151	Property Depth1.State was changed to 1.
 5175141	[INFO]	XnDeviceBase.cpp	370	Stream Depth1 is open.
 5414943	[INFO]	XnOpenNI.cpp	1261	Creating node 'Image1' of type Image...
 5414994	[INFO]	XnDeviceBase.cpp	1383	Creating stream 'Image1' of type 'Image'...
 5415176	[INFO]	XnProperty.cpp	151	Property Image1.Resolution was changed to 0.
 5415197	[INFO]	XnProperty.cpp	151	Property Image1.XRes was changed to 320.
 5415209	[INFO]	XnProperty.cpp	151	Property Image1.YRes was changed to 240.
 5415222	[INFO]	XnProperty.cpp	151	Property Image1.FPS was changed to 30.
 5415233	[INFO]	XnProperty.cpp	151	Property Image1.OutputFormat was changed to 5.
 5415244	[INFO]	XnProperty.cpp	151	Property Image1.BytesPerPixel was changed to 3.
 5415255	[INFO]	XnProperty.cpp	151	Property Image1.RequiredDataSize was changed to 230400.
 5415284	[INFO]	XnDeviceBase.cpp	1458	Stream 'Image1' was initialized.
 5415297	[INFO]	XnDeviceBase.cpp	1463	'Image1' stream was created.
 5415401	[INFO]	XnProperty.cpp	74	Setting Image1.InputFormat to 6...
 5415422	[INFO]	XnProperty.cpp	151	Property Image1.InputFormat was changed to 6.
 5415435	[INFO]	XnProperty.cpp	101	Image1.InputFormat was successfully set.
 5415874	[INFO]	XnDeviceModule.cpp	431	Module 'Image1' configuration was loaded from file.
 5416007	[INFO]	XnProperty.cpp	74	Setting Image1.FPS to 30...
 5416023	[INFO]	XnProperty.cpp	86	Image1.FPS value did not change.
 5416035	[INFO]	XnProperty.cpp	74	Setting Image1.YRes to 480...
 5416047	[INFO]	XnProperty.cpp	151	Property Image1.Resolution was changed to 1.
 5416059	[INFO]	XnProperty.cpp	151	Property Image1.XRes was changed to 640.
 5416070	[INFO]	XnProperty.cpp	151	Property Image1.RequiredDataSize was changed to 460800.
 5416083	[INFO]	XnProperty.cpp	151	Property Image1.YRes was changed to 480.
 5416095	[INFO]	XnProperty.cpp	151	Property Image1.RequiredDataSize was changed to 921600.
 5416108	[INFO]	XnProperty.cpp	101	Image1.YRes was successfully set.
 5416119	[INFO]	XnProperty.cpp	74	Setting Image1.XRes to 640...
 5416133	[INFO]	XnProperty.cpp	86	Image1.XRes value did not change.
 5417120	[INFO]	XnUSBLinux-x86.cpp	1222	USB read thread was started.
 5417173	[INFO]	XnProperty.cpp	151	Property Image1.ActualReadData was changed to 1.
 5603670	[WARNING]	XnDepthProcessor.cpp	133	Read: Depth buffer is corrupt. Size is 540288 (!= 614400)
 5603717	[WARNING]	XnFrameStreamProcessor.cpp	132	Depth frame is corrupt!
 8617613	[INFO]	XnProperty.cpp	151	Property Image1.State was changed to 1.
 8617659	[INFO]	XnDeviceBase.cpp	370	Stream Image1 is open.
 8617839	[INFO]	XnProperty.cpp	74	Setting Depth1.Registration to 1...
 8643675	[WARNING]	XnDepthProcessor.cpp	133	Read: Depth buffer is corrupt. Size is 591840 (!= 614400)
 8643721	[WARNING]	XnFrameStreamProcessor.cpp	132	Depth frame is corrupt!
 8769481	[INFO]	XnProperty.cpp	151	Property Depth1.Registration was changed to 1.
 8769535	[INFO]	XnProperty.cpp	101	Depth1.Registration was successfully set.
 8769583	[INFO]	XnProperty.cpp	74	Setting Image1.Mirror to 1...
 8782244	[INFO]	XnProperty.cpp	151	Property Image1.FirmwareMirror was changed to 1.
 8782288	[INFO]	XnProperty.cpp	151	Property Image1.Mirror was changed to 1.
 8782300	[INFO]	XnProperty.cpp	101	Image1.Mirror was successfully set.
27272157	[INFO]	XnOpenNI.cpp	1459	Destroying node 'User1'
27279706	[INFO]	XnOpenNI.cpp	1459	Destroying node 'Depth1'
27279805	[INFO]	XnDeviceBase.cpp	1507	Destroying stream 'Depth1'...
27281006	[INFO]	XnOpenNI.cpp	1459	Destroying node 'Image1'
27281087	[INFO]	XnDeviceBase.cpp	1507	Destroying stream 'Image1'...
27281930	[INFO]	XnOpenNI.cpp	1459	Destroying node 'Device1'
