    1554	[INFO]	XnLog.cpp	165	OpenNI version is 1.0.0 (Build 25)-MacOSX (Jan  7 2011 14:20:18)
    1599	[INFO]	XnLog.cpp	173	Log system initialized. Console: 1, File: 1, Severity: INFO, Masks: ALL
    1623	[INFO]	XnLog.cpp	173	Log system initialized. Console: 1, File: 1, Severity: INFO, Masks: ALL
    2998	[INFO]	XnUSBLinux-x86.cpp	98	USB is initialized.
 1637573	[INFO]	XnOpenNI.cpp	1261	Creating node 'Device1' of type Device...
 1638434	[INFO]	XnDeviceModule.cpp	431	Module 'Device' configuration was loaded from file.
 1902797	[INFO]	XnDeviceSensorIO.cpp	135	Connected to USB device
 1902850	[INFO]	XnProperty.cpp	151	Property Device.USBPath was changed to 045e/02ae@250/10.
 1910205	[INFO]	XnHostProtocol.cpp	825	Hardware versions: FW=5.1.4 (7) HW=4 Chip=2 Sensor=4 SYS=7
 3429524	[INFO]	XnProperty.cpp	151	Property Device.ID was changed to 0.
 3429596	[INFO]	XnSensor.cpp	182	Device sensor initialized
 3429691	[INFO]	XnOpenNI.cpp	1261	Creating node 'Depth1' of type Depth...
 3429731	[INFO]	XnDeviceBase.cpp	1383	Creating stream 'Depth1' of type 'Depth'...
 3429748	[INFO]	XnProperty.cpp	74	Setting Device.ReadData to 1...
 3429778	[INFO]	XnDeviceSensorIO.cpp	298	Endpoints open
 3441963	[INFO]	XnProperty.cpp	151	Property Device.ReadData was changed to 1.
 3442001	[INFO]	XnProperty.cpp	101	Device.ReadData was successfully set.
 3442355	[INFO]	XnProperty.cpp	151	Property Depth1.Resolution was changed to 0.
 3442376	[INFO]	XnProperty.cpp	151	Property Depth1.XRes was changed to 320.
 3442389	[INFO]	XnProperty.cpp	151	Property Depth1.YRes was changed to 240.
 3442401	[INFO]	XnProperty.cpp	151	Property Depth1.FPS was changed to 30.
 3442412	[INFO]	XnProperty.cpp	151	Property Depth1.OutputFormat was changed to 1.
 3442423	[INFO]	XnProperty.cpp	151	Property Depth1.BytesPerPixel was changed to 2.
 3442435	[INFO]	XnProperty.cpp	151	Property Depth1.RequiredDataSize was changed to 153600.
 3442451	[INFO]	XnProperty.cpp	151	Property Depth1.ParamCoeff was changed to 4.
 3442510	[INFO]	XnProperty.cpp	151	Property Depth1.ShiftScale was changed to 10.
 3454701	[INFO]	XnProperty.cpp	151	Property Depth1.ConstShift was changed to 200.
 3454785	[INFO]	XnProperty.cpp	151	Property Depth1.ZPD was changed to 120.
 3454896	[INFO]	XnProperty.cpp	151	Property Depth1.ZPPS was changed to 0.104200.
 3454921	[INFO]	XnProperty.cpp	151	Property Depth1.LDDIS was changed to 7.500000.
 3455055	[INFO]	XnProperty.cpp	151	Property Depth1.Gain was changed to 30.
 3455102	[INFO]	XnDeviceBase.cpp	1458	Stream 'Depth1' was initialized.
 3455124	[INFO]	XnDeviceBase.cpp	1463	'Depth1' stream was created.
 3455337	[INFO]	XnProperty.cpp	74	Setting Depth1.InputFormat to 3...
 3455371	[INFO]	XnProperty.cpp	151	Property Depth1.InputFormat was changed to 3.
 3455392	[INFO]	XnProperty.cpp	101	Depth1.InputFormat was successfully set.
 3456073	[INFO]	XnProperty.cpp	74	Setting Depth1.RegistrationType to 2...
 3456104	[INFO]	XnProperty.cpp	151	Property Depth1.RegistrationType was changed to 2.
 3456126	[INFO]	XnProperty.cpp	101	Depth1.RegistrationType was successfully set.
 3456834	[INFO]	XnDeviceModule.cpp	431	Module 'Depth1' configuration was loaded from file.
 3457091	[INFO]	XnProperty.cpp	74	Setting Depth1.FPS to 30...
 3457118	[INFO]	XnProperty.cpp	86	Depth1.FPS value did not change.
 3457137	[INFO]	XnProperty.cpp	74	Setting Depth1.YRes to 480...
 3457160	[INFO]	XnProperty.cpp	151	Property Depth1.Resolution was changed to 1.
 3457181	[INFO]	XnProperty.cpp	151	Property Depth1.XRes was changed to 640.
 3457198	[INFO]	XnProperty.cpp	151	Property Depth1.RequiredDataSize was changed to 307200.
 3457218	[INFO]	XnProperty.cpp	151	Property Depth1.YRes was changed to 480.
 3457237	[INFO]	XnProperty.cpp	151	Property Depth1.RequiredDataSize was changed to 614400.
 3457257	[INFO]	XnProperty.cpp	101	Depth1.YRes was successfully set.
 3457276	[INFO]	XnProperty.cpp	74	Setting Depth1.XRes to 640...
 3457292	[INFO]	XnProperty.cpp	86	Depth1.XRes value did not change.
 3457357	[INFO]	XnProperty.cpp	74	Setting Depth1.Mirror to 1...
 3457382	[INFO]	XnProperty.cpp	151	Property Depth1.FirmwareMirror was changed to 1.
 3457437	[INFO]	XnProperty.cpp	151	Property Depth1.Mirror was changed to 1.
 3457456	[INFO]	XnProperty.cpp	101	Depth1.Mirror was successfully set.
 4546888	[INFO]	XnOpenNI.cpp	1261	Creating node 'User1' of type User...
 4570346	[WARNING]	Linux-x86Threads.cpp	173	Failed to set thread priority: Invalid argument
 4570392	[WARNING]	XnUSBLinux-x86.cpp	126	USB events thread: Failed to set thread priority to critical. This might cause loss of data...
 4571162	[INFO]	XnUSBLinux-x86.cpp	1222	USB read thread was started.
 4571187	[INFO]	XnProperty.cpp	151	Property Depth1.ActualReadData was changed to 1.
 5043095	[INFO]	XnProperty.cpp	151	Property Depth1.State was changed to 1.
 5043141	[INFO]	XnDeviceBase.cpp	370	Stream Depth1 is open.
 6136749	[INFO]	XnOpenNI.cpp	1261	Creating node 'Image1' of type Image...
 6136811	[INFO]	XnDeviceBase.cpp	1383	Creating stream 'Image1' of type 'Image'...
 6137020	[INFO]	XnProperty.cpp	151	Property Image1.Resolution was changed to 0.
 6137048	[INFO]	XnProperty.cpp	151	Property Image1.XRes was changed to 320.
 6137068	[INFO]	XnProperty.cpp	151	Property Image1.YRes was changed to 240.
 6137086	[INFO]	XnProperty.cpp	151	Property Image1.FPS was changed to 30.
 6137102	[INFO]	XnProperty.cpp	151	Property Image1.OutputFormat was changed to 5.
 6137116	[INFO]	XnProperty.cpp	151	Property Image1.BytesPerPixel was changed to 3.
 6137132	[INFO]	XnProperty.cpp	151	Property Image1.RequiredDataSize was changed to 230400.
 6137170	[INFO]	XnDeviceBase.cpp	1458	Stream 'Image1' was initialized.
 6137192	[INFO]	XnDeviceBase.cpp	1463	'Image1' stream was created.
 6137326	[INFO]	XnProperty.cpp	74	Setting Image1.InputFormat to 6...
 6137356	[INFO]	XnProperty.cpp	151	Property Image1.InputFormat was changed to 6.
 6137375	[INFO]	XnProperty.cpp	101	Image1.InputFormat was successfully set.
 6137973	[INFO]	XnDeviceModule.cpp	431	Module 'Image1' configuration was loaded from file.
 6138106	[INFO]	XnProperty.cpp	74	Setting Image1.FPS to 30...
 6138133	[INFO]	XnProperty.cpp	86	Image1.FPS value did not change.
 6138155	[INFO]	XnProperty.cpp	74	Setting Image1.YRes to 480...
 6138174	[INFO]	XnProperty.cpp	151	Property Image1.Resolution was changed to 1.
 6138194	[INFO]	XnProperty.cpp	151	Property Image1.XRes was changed to 640.
 6138212	[INFO]	XnProperty.cpp	151	Property Image1.RequiredDataSize was changed to 460800.
 6138238	[INFO]	XnProperty.cpp	151	Property Image1.YRes was changed to 480.
 6138259	[INFO]	XnProperty.cpp	151	Property Image1.RequiredDataSize was changed to 921600.
 6138279	[INFO]	XnProperty.cpp	101	Image1.YRes was successfully set.
 6138301	[INFO]	XnProperty.cpp	74	Setting Image1.XRes to 640...
 6138320	[INFO]	XnProperty.cpp	86	Image1.XRes value did not change.
 6139456	[INFO]	XnUSBLinux-x86.cpp	1222	USB read thread was started.
 6139509	[INFO]	XnProperty.cpp	151	Property Image1.ActualReadData was changed to 1.
 6307233	[WARNING]	XnDepthProcessor.cpp	133	Read: Depth buffer is corrupt. Size is 599936 (!= 614400)
 6307328	[WARNING]	XnFrameStreamProcessor.cpp	132	Depth frame is corrupt!
 6343081	[WARNING]	XnDepthProcessor.cpp	133	Read: Depth buffer is corrupt. Size is 586704 (!= 614400)
 6343137	[WARNING]	XnFrameStreamProcessor.cpp	132	Depth frame is corrupt!
 9341107	[INFO]	XnProperty.cpp	151	Property Image1.State was changed to 1.
 9341150	[INFO]	XnDeviceBase.cpp	370	Stream Image1 is open.
 9341351	[INFO]	XnProperty.cpp	74	Setting Depth1.Registration to 1...
 9371810	[WARNING]	XnFirmwareStreams.cpp	324	Unknown packet type (0x4948)!!!
 9379785	[WARNING]	XnDepthProcessor.cpp	133	Read: Depth buffer is corrupt. Size is 556256 (!= 614400)
 9379824	[WARNING]	XnFrameStreamProcessor.cpp	132	Depth frame is corrupt!
 9493725	[INFO]	XnProperty.cpp	151	Property Depth1.Registration was changed to 1.
 9493768	[INFO]	XnProperty.cpp	101	Depth1.Registration was successfully set.
 9493816	[INFO]	XnProperty.cpp	74	Setting Image1.Mirror to 1...
 9506363	[INFO]	XnProperty.cpp	151	Property Image1.FirmwareMirror was changed to 1.
 9506408	[INFO]	XnProperty.cpp	151	Property Image1.Mirror was changed to 1.
 9506420	[INFO]	XnProperty.cpp	101	Image1.Mirror was successfully set.
12484539	[INFO]	XnOpenNI.cpp	1459	Destroying node 'User1'
12492053	[INFO]	XnOpenNI.cpp	1459	Destroying node 'Depth1'
12492150	[INFO]	XnDeviceBase.cpp	1507	Destroying stream 'Depth1'...
12493613	[INFO]	XnOpenNI.cpp	1459	Destroying node 'Image1'
12493673	[INFO]	XnDeviceBase.cpp	1507	Destroying stream 'Image1'...
12494535	[INFO]	XnOpenNI.cpp	1459	Destroying node 'Device1'
