    1680	[INFO]	XnLog.cpp	165	OpenNI version is 1.0.0 (Build 25)-MacOSX (Jan  7 2011 14:20:18)
    1727	[INFO]	XnLog.cpp	173	Log system initialized. Console: 1, File: 1, Severity: INFO, Masks: ALL
    1759	[INFO]	XnLog.cpp	173	Log system initialized. Console: 1, File: 1, Severity: INFO, Masks: ALL
    3023	[INFO]	XnUSBLinux-x86.cpp	98	USB is initialized.
 2015525	[INFO]	XnOpenNI.cpp	1261	Creating node 'Device1' of type Device...
 2016292	[INFO]	XnDeviceModule.cpp	431	Module 'Device' configuration was loaded from file.
 2233540	[INFO]	XnDeviceSensorIO.cpp	135	Connected to USB device
 2233596	[INFO]	XnProperty.cpp	151	Property Device.USBPath was changed to 045e/02ae@253/8.
 2241500	[INFO]	XnHostProtocol.cpp	825	Hardware versions: FW=5.1.4 (7) HW=4 Chip=2 Sensor=4 SYS=7
 3654437	[INFO]	XnProperty.cpp	151	Property Device.ID was changed to 0.
 3654530	[INFO]	XnSensor.cpp	182	Device sensor initialized
 3654685	[INFO]	XnOpenNI.cpp	1261	Creating node 'Depth1' of type Depth...
 3654751	[INFO]	XnDeviceBase.cpp	1383	Creating stream 'Depth1' of type 'Depth'...
 3654783	[INFO]	XnProperty.cpp	74	Setting Device.ReadData to 1...
 3654839	[INFO]	XnDeviceSensorIO.cpp	298	Endpoints open
 3667287	[INFO]	XnProperty.cpp	151	Property Device.ReadData was changed to 1.
 3667347	[INFO]	XnProperty.cpp	101	Device.ReadData was successfully set.
 3667973	[INFO]	XnProperty.cpp	151	Property Depth1.Resolution was changed to 0.
 3668009	[INFO]	XnProperty.cpp	151	Property Depth1.XRes was changed to 320.
 3668035	[INFO]	XnProperty.cpp	151	Property Depth1.YRes was changed to 240.
 3668059	[INFO]	XnProperty.cpp	151	Property Depth1.FPS was changed to 30.
 3668083	[INFO]	XnProperty.cpp	151	Property Depth1.OutputFormat was changed to 1.
 3668106	[INFO]	XnProperty.cpp	151	Property Depth1.BytesPerPixel was changed to 2.
 3668131	[INFO]	XnProperty.cpp	151	Property Depth1.RequiredDataSize was changed to 153600.
 3668163	[INFO]	XnProperty.cpp	151	Property Depth1.ParamCoeff was changed to 4.
 3668284	[INFO]	XnProperty.cpp	151	Property Depth1.ShiftScale was changed to 10.
 3680797	[INFO]	XnProperty.cpp	151	Property Depth1.ConstShift was changed to 200.
 3680911	[INFO]	XnProperty.cpp	151	Property Depth1.ZPD was changed to 120.
 3681038	[INFO]	XnProperty.cpp	151	Property Depth1.ZPPS was changed to 0.104200.
 3681063	[INFO]	XnProperty.cpp	151	Property Depth1.LDDIS was changed to 7.500000.
 3681185	[INFO]	XnProperty.cpp	151	Property Depth1.Gain was changed to 30.
 3681229	[INFO]	XnDeviceBase.cpp	1458	Stream 'Depth1' was initialized.
 3681256	[INFO]	XnDeviceBase.cpp	1463	'Depth1' stream was created.
 3681449	[INFO]	XnProperty.cpp	74	Setting Depth1.InputFormat to 3...
 3681479	[INFO]	XnProperty.cpp	151	Property Depth1.InputFormat was changed to 3.
 3681502	[INFO]	XnProperty.cpp	101	Depth1.InputFormat was successfully set.
 3682011	[INFO]	XnProperty.cpp	74	Setting Depth1.RegistrationType to 2...
 3682030	[INFO]	XnProperty.cpp	151	Property Depth1.RegistrationType was changed to 2.
 3682048	[INFO]	XnProperty.cpp	101	Depth1.RegistrationType was successfully set.
 3682626	[INFO]	XnDeviceModule.cpp	431	Module 'Depth1' configuration was loaded from file.
 3682850	[INFO]	XnProperty.cpp	74	Setting Depth1.FPS to 30...
 3682872	[INFO]	XnProperty.cpp	86	Depth1.FPS value did not change.
 3682888	[INFO]	XnProperty.cpp	74	Setting Depth1.YRes to 480...
 3682910	[INFO]	XnProperty.cpp	151	Property Depth1.Resolution was changed to 1.
 3682929	[INFO]	XnProperty.cpp	151	Property Depth1.XRes was changed to 640.
 3682946	[INFO]	XnProperty.cpp	151	Property Depth1.RequiredDataSize was changed to 307200.
 3682968	[INFO]	XnProperty.cpp	151	Property Depth1.YRes was changed to 480.
 3682985	[INFO]	XnProperty.cpp	151	Property Depth1.RequiredDataSize was changed to 614400.
 3683003	[INFO]	XnProperty.cpp	101	Depth1.YRes was successfully set.
 3683021	[INFO]	XnProperty.cpp	74	Setting Depth1.XRes to 640...
 3683037	[INFO]	XnProperty.cpp	86	Depth1.XRes value did not change.
 3683095	[INFO]	XnProperty.cpp	74	Setting Depth1.Mirror to 1...
 3683117	[INFO]	XnProperty.cpp	151	Property Depth1.FirmwareMirror was changed to 1.
 3683177	[INFO]	XnProperty.cpp	151	Property Depth1.Mirror was changed to 1.
 3683194	[INFO]	XnProperty.cpp	101	Depth1.Mirror was successfully set.
 4473399	[INFO]	XnOpenNI.cpp	1261	Creating node 'User1' of type User...
 4499336	[WARNING]	Linux-x86Threads.cpp	173	Failed to set thread priority: Invalid argument
 4499383	[WARNING]	XnUSBLinux-x86.cpp	126	USB events thread: Failed to set thread priority to critical. This might cause loss of data...
 4500105	[INFO]	XnUSBLinux-x86.cpp	1222	USB read thread was started.
 4500129	[INFO]	XnProperty.cpp	151	Property Depth1.ActualReadData was changed to 1.
 4970597	[INFO]	XnProperty.cpp	151	Property Depth1.State was changed to 1.
 4970642	[INFO]	XnDeviceBase.cpp	370	Stream Depth1 is open.
 5729829	[INFO]	XnOpenNI.cpp	1261	Creating node 'Image1' of type Image...
 5729881	[INFO]	XnDeviceBase.cpp	1383	Creating stream 'Image1' of type 'Image'...
 5730087	[INFO]	XnProperty.cpp	151	Property Image1.Resolution was changed to 0.
 5730114	[INFO]	XnProperty.cpp	151	Property Image1.XRes was changed to 320.
 5730144	[INFO]	XnProperty.cpp	151	Property Image1.YRes was changed to 240.
 5730163	[INFO]	XnProperty.cpp	151	Property Image1.FPS was changed to 30.
 5730180	[INFO]	XnProperty.cpp	151	Property Image1.OutputFormat was changed to 5.
 5730197	[INFO]	XnProperty.cpp	151	Property Image1.BytesPerPixel was changed to 3.
 5730216	[INFO]	XnProperty.cpp	151	Property Image1.RequiredDataSize was changed to 230400.
 5730256	[INFO]	XnDeviceBase.cpp	1458	Stream 'Image1' was initialized.
 5730278	[INFO]	XnDeviceBase.cpp	1463	'Image1' stream was created.
 5730406	[INFO]	XnProperty.cpp	74	Setting Image1.InputFormat to 6...
 5730436	[INFO]	XnProperty.cpp	151	Property Image1.InputFormat was changed to 6.
 5730456	[INFO]	XnProperty.cpp	101	Image1.InputFormat was successfully set.
 5731060	[INFO]	XnDeviceModule.cpp	431	Module 'Image1' configuration was loaded from file.
 5731188	[INFO]	XnProperty.cpp	74	Setting Image1.FPS to 30...
 5731212	[INFO]	XnProperty.cpp	86	Image1.FPS value did not change.
 5731231	[INFO]	XnProperty.cpp	74	Setting Image1.YRes to 480...
 5731250	[INFO]	XnProperty.cpp	151	Property Image1.Resolution was changed to 1.
 5731268	[INFO]	XnProperty.cpp	151	Property Image1.XRes was changed to 640.
 5731284	[INFO]	XnProperty.cpp	151	Property Image1.RequiredDataSize was changed to 460800.
 5731305	[INFO]	XnProperty.cpp	151	Property Image1.YRes was changed to 480.
 5731326	[INFO]	XnProperty.cpp	151	Property Image1.RequiredDataSize was changed to 921600.
 5731349	[INFO]	XnProperty.cpp	101	Image1.YRes was successfully set.
 5731371	[INFO]	XnProperty.cpp	74	Setting Image1.XRes to 640...
 5731391	[INFO]	XnProperty.cpp	86	Image1.XRes value did not change.
 5732558	[INFO]	XnUSBLinux-x86.cpp	1222	USB read thread was started.
 5732604	[INFO]	XnProperty.cpp	151	Property Image1.ActualReadData was changed to 1.
 5900331	[WARNING]	XnDepthProcessor.cpp	133	Read: Depth buffer is corrupt. Size is 594752 (!= 614400)
 5900382	[WARNING]	XnFrameStreamProcessor.cpp	132	Depth frame is corrupt!
 5936283	[WARNING]	XnDepthProcessor.cpp	133	Read: Depth buffer is corrupt. Size is 589312 (!= 614400)
 5936335	[WARNING]	XnFrameStreamProcessor.cpp	132	Depth frame is corrupt!
 8933440	[INFO]	XnProperty.cpp	151	Property Image1.State was changed to 1.
 8933484	[INFO]	XnDeviceBase.cpp	370	Stream Image1 is open.
 8933678	[INFO]	XnProperty.cpp	74	Setting Depth1.Registration to 1...
 9085341	[INFO]	XnProperty.cpp	151	Property Depth1.Registration was changed to 1.
 9085383	[INFO]	XnProperty.cpp	101	Depth1.Registration was successfully set.
 9085429	[INFO]	XnProperty.cpp	74	Setting Image1.Mirror to 1...
 9097728	[INFO]	XnProperty.cpp	151	Property Image1.FirmwareMirror was changed to 1.
 9097771	[INFO]	XnProperty.cpp	151	Property Image1.Mirror was changed to 1.
 9097785	[INFO]	XnProperty.cpp	101	Image1.Mirror was successfully set.
10842299	[INFO]	XnOpenNI.cpp	1459	Destroying node 'User1'
10849384	[INFO]	XnOpenNI.cpp	1459	Destroying node 'Depth1'
10849474	[INFO]	XnDeviceBase.cpp	1507	Destroying stream 'Depth1'...
10850649	[INFO]	XnOpenNI.cpp	1459	Destroying node 'Image1'
10850739	[INFO]	XnDeviceBase.cpp	1507	Destroying stream 'Image1'...
10851613	[INFO]	XnOpenNI.cpp	1459	Destroying node 'Device1'
