    1648	[INFO]	XnLog.cpp	165	OpenNI version is 1.0.0 (Build 25)-MacOSX (Jan  7 2011 14:20:18)
    1701	[INFO]	XnLog.cpp	173	Log system initialized. Console: 1, File: 1, Severity: INFO, Masks: ALL
    1733	[INFO]	XnLog.cpp	173	Log system initialized. Console: 1, File: 1, Severity: INFO, Masks: ALL
    3385	[INFO]	XnUSBLinux-x86.cpp	98	USB is initialized.
 1479902	[INFO]	XnOpenNI.cpp	1261	Creating node 'Device1' of type Device...
 1480718	[INFO]	XnDeviceModule.cpp	431	Module 'Device' configuration was loaded from file.
 1584984	[INFO]	XnDeviceSensorIO.cpp	135	Connected to USB device
 1585044	[INFO]	XnProperty.cpp	151	Property Device.USBPath was changed to 045e/02ae@253/8.
 1592377	[INFO]	XnHostProtocol.cpp	825	Hardware versions: FW=5.1.4 (7) HW=4 Chip=2 Sensor=4 SYS=7
 3001196	[INFO]	XnProperty.cpp	151	Property Device.ID was changed to 0.
 3001261	[INFO]	XnSensor.cpp	182	Device sensor initialized
 3001367	[INFO]	XnOpenNI.cpp	1261	Creating node 'Depth1' of type Depth...
 3001415	[INFO]	XnDeviceBase.cpp	1383	Creating stream 'Depth1' of type 'Depth'...
 3001437	[INFO]	XnProperty.cpp	74	Setting Device.ReadData to 1...
 3001477	[INFO]	XnDeviceSensorIO.cpp	298	Endpoints open
 3014113	[INFO]	XnProperty.cpp	151	Property Device.ReadData was changed to 1.
 3014168	[INFO]	XnProperty.cpp	101	Device.ReadData was successfully set.
 3014660	[INFO]	XnProperty.cpp	151	Property Depth1.Resolution was changed to 0.
 3014689	[INFO]	XnProperty.cpp	151	Property Depth1.XRes was changed to 320.
 3014710	[INFO]	XnProperty.cpp	151	Property Depth1.YRes was changed to 240.
 3014731	[INFO]	XnProperty.cpp	151	Property Depth1.FPS was changed to 30.
 3014750	[INFO]	XnProperty.cpp	151	Property Depth1.OutputFormat was changed to 1.
 3014770	[INFO]	XnProperty.cpp	151	Property Depth1.BytesPerPixel was changed to 2.
 3014789	[INFO]	XnProperty.cpp	151	Property Depth1.RequiredDataSize was changed to 153600.
 3014815	[INFO]	XnProperty.cpp	151	Property Depth1.ParamCoeff was changed to 4.
 3014892	[INFO]	XnProperty.cpp	151	Property Depth1.ShiftScale was changed to 10.
 3027040	[INFO]	XnProperty.cpp	151	Property Depth1.ConstShift was changed to 200.
 3027144	[INFO]	XnProperty.cpp	151	Property Depth1.ZPD was changed to 120.
 3027246	[INFO]	XnProperty.cpp	151	Property Depth1.ZPPS was changed to 0.104200.
 3027273	[INFO]	XnProperty.cpp	151	Property Depth1.LDDIS was changed to 7.500000.
 3027393	[INFO]	XnProperty.cpp	151	Property Depth1.Gain was changed to 30.
 3027438	[INFO]	XnDeviceBase.cpp	1458	Stream 'Depth1' was initialized.
 3027459	[INFO]	XnDeviceBase.cpp	1463	'Depth1' stream was created.
 3027726	[INFO]	XnProperty.cpp	74	Setting Depth1.InputFormat to 3...
 3027764	[INFO]	XnProperty.cpp	151	Property Depth1.InputFormat was changed to 3.
 3027782	[INFO]	XnProperty.cpp	101	Depth1.InputFormat was successfully set.
 3028404	[INFO]	XnProperty.cpp	74	Setting Depth1.RegistrationType to 2...
 3028433	[INFO]	XnProperty.cpp	151	Property Depth1.RegistrationType was changed to 2.
 3028451	[INFO]	XnProperty.cpp	101	Depth1.RegistrationType was successfully set.
 3029253	[INFO]	XnDeviceModule.cpp	431	Module 'Depth1' configuration was loaded from file.
 3029460	[INFO]	XnProperty.cpp	74	Setting Depth1.FPS to 30...
 3029477	[INFO]	XnProperty.cpp	86	Depth1.FPS value did not change.
 3029489	[INFO]	XnProperty.cpp	74	Setting Depth1.YRes to 480...
 3029504	[INFO]	XnProperty.cpp	151	Property Depth1.Resolution was changed to 1.
 3029518	[INFO]	XnProperty.cpp	151	Property Depth1.XRes was changed to 640.
 3029531	[INFO]	XnProperty.cpp	151	Property Depth1.RequiredDataSize was changed to 307200.
 3029546	[INFO]	XnProperty.cpp	151	Property Depth1.YRes was changed to 480.
 3029558	[INFO]	XnProperty.cpp	151	Property Depth1.RequiredDataSize was changed to 614400.
 3029571	[INFO]	XnProperty.cpp	101	Depth1.YRes was successfully set.
 3029583	[INFO]	XnProperty.cpp	74	Setting Depth1.XRes to 640...
 3029594	[INFO]	XnProperty.cpp	86	Depth1.XRes value did not change.
 3029636	[INFO]	XnProperty.cpp	74	Setting Depth1.Mirror to 1...
 3029651	[INFO]	XnProperty.cpp	151	Property Depth1.FirmwareMirror was changed to 1.
 3029714	[INFO]	XnProperty.cpp	151	Property Depth1.Mirror was changed to 1.
 3029731	[INFO]	XnProperty.cpp	101	Depth1.Mirror was successfully set.
 3759227	[INFO]	XnOpenNI.cpp	1261	Creating node 'User1' of type User...
 3785093	[WARNING]	Linux-x86Threads.cpp	173	Failed to set thread priority: Invalid argument
 3785138	[WARNING]	XnUSBLinux-x86.cpp	126	USB events thread: Failed to set thread priority to critical. This might cause loss of data...
 3786171	[INFO]	XnUSBLinux-x86.cpp	1222	USB read thread was started.
 3786212	[INFO]	XnProperty.cpp	151	Property Depth1.ActualReadData was changed to 1.
 4257161	[INFO]	XnProperty.cpp	151	Property Depth1.State was changed to 1.
 4257204	[INFO]	XnDeviceBase.cpp	370	Stream Depth1 is open.
 4981609	[INFO]	XnOpenNI.cpp	1261	Creating node 'Image1' of type Image...
 4981665	[INFO]	XnDeviceBase.cpp	1383	Creating stream 'Image1' of type 'Image'...
 4981893	[INFO]	XnProperty.cpp	151	Property Image1.Resolution was changed to 0.
 4981916	[INFO]	XnProperty.cpp	151	Property Image1.XRes was changed to 320.
 4981937	[INFO]	XnProperty.cpp	151	Property Image1.YRes was changed to 240.
 4981957	[INFO]	XnProperty.cpp	151	Property Image1.FPS was changed to 30.
 4981976	[INFO]	XnProperty.cpp	151	Property Image1.OutputFormat was changed to 5.
 4981995	[INFO]	XnProperty.cpp	151	Property Image1.BytesPerPixel was changed to 3.
 4982014	[INFO]	XnProperty.cpp	151	Property Image1.RequiredDataSize was changed to 230400.
 4982054	[INFO]	XnDeviceBase.cpp	1458	Stream 'Image1' was initialized.
 4982074	[INFO]	XnDeviceBase.cpp	1463	'Image1' stream was created.
 4982191	[INFO]	XnProperty.cpp	74	Setting Image1.InputFormat to 6...
 4982217	[INFO]	XnProperty.cpp	151	Property Image1.InputFormat was changed to 6.
 4982236	[INFO]	XnProperty.cpp	101	Image1.InputFormat was successfully set.
 4982666	[INFO]	XnDeviceModule.cpp	431	Module 'Image1' configuration was loaded from file.
 4982751	[INFO]	XnProperty.cpp	74	Setting Image1.FPS to 30...
 4982768	[INFO]	XnProperty.cpp	86	Image1.FPS value did not change.
 4982779	[INFO]	XnProperty.cpp	74	Setting Image1.YRes to 480...
 4982792	[INFO]	XnProperty.cpp	151	Property Image1.Resolution was changed to 1.
 4982803	[INFO]	XnProperty.cpp	151	Property Image1.XRes was changed to 640.
 4982814	[INFO]	XnProperty.cpp	151	Property Image1.RequiredDataSize was changed to 460800.
 4982830	[INFO]	XnProperty.cpp	151	Property Image1.YRes was changed to 480.
 4982848	[INFO]	XnProperty.cpp	151	Property Image1.RequiredDataSize was changed to 921600.
 4982863	[INFO]	XnProperty.cpp	101	Image1.YRes was successfully set.
 4982878	[INFO]	XnProperty.cpp	74	Setting Image1.XRes to 640...
 4982888	[INFO]	XnProperty.cpp	86	Image1.XRes value did not change.
 4983798	[INFO]	XnUSBLinux-x86.cpp	1222	USB read thread was started.
 4983827	[INFO]	XnProperty.cpp	151	Property Image1.ActualReadData was changed to 1.
 8057864	[WARNING]	XnDepthProcessor.cpp	133	Read: Depth buffer is corrupt. Size is 586896 (!= 614400)
 8057909	[WARNING]	XnFrameStreamProcessor.cpp	132	Depth frame is corrupt!
 8186907	[INFO]	XnProperty.cpp	151	Property Image1.State was changed to 1.
 8186950	[INFO]	XnDeviceBase.cpp	370	Stream Image1 is open.
 8187121	[INFO]	XnProperty.cpp	74	Setting Depth1.Registration to 1...
 8225832	[WARNING]	XnDepthProcessor.cpp	133	Read: Depth buffer is corrupt. Size is 591200 (!= 614400)
 8225879	[WARNING]	XnFrameStreamProcessor.cpp	132	Depth frame is corrupt!
 8339065	[INFO]	XnProperty.cpp	151	Property Depth1.Registration was changed to 1.
 8339107	[INFO]	XnProperty.cpp	101	Depth1.Registration was successfully set.
 8339154	[INFO]	XnProperty.cpp	74	Setting Image1.Mirror to 1...
 8351261	[INFO]	XnProperty.cpp	151	Property Image1.FirmwareMirror was changed to 1.
 8351310	[INFO]	XnProperty.cpp	151	Property Image1.Mirror was changed to 1.
 8351329	[INFO]	XnProperty.cpp	101	Image1.Mirror was successfully set.
131848546	[INFO]	XnOpenNI.cpp	1459	Destroying node 'User1'
131856900	[INFO]	XnOpenNI.cpp	1459	Destroying node 'Depth1'
131856995	[INFO]	XnDeviceBase.cpp	1507	Destroying stream 'Depth1'...
131858525	[INFO]	XnOpenNI.cpp	1459	Destroying node 'Image1'
131858632	[INFO]	XnDeviceBase.cpp	1507	Destroying stream 'Image1'...
131859591	[INFO]	XnOpenNI.cpp	1459	Destroying node 'Device1'
