    1460	[INFO]	XnLog.cpp	165	OpenNI version is 1.0.0 (Build 25)-MacOSX (Jan  7 2011 14:20:18)
    1503	[INFO]	XnLog.cpp	173	Log system initialized. Console: 1, File: 1, Severity: INFO, Masks: ALL
    1527	[INFO]	XnLog.cpp	173	Log system initialized. Console: 1, File: 1, Severity: INFO, Masks: ALL
    2568	[INFO]	XnUSBLinux-x86.cpp	98	USB is initialized.
 1594063	[INFO]	XnOpenNI.cpp	1261	Creating node 'Device1' of type Device...
 1594796	[INFO]	XnDeviceModule.cpp	431	Module 'Device' configuration was loaded from file.
 1805505	[INFO]	XnDeviceSensorIO.cpp	135	Connected to USB device
 1805563	[INFO]	XnProperty.cpp	151	Property Device.USBPath was changed to 045e/02ae@253/8.
 1813220	[INFO]	XnHostProtocol.cpp	825	Hardware versions: FW=5.1.4 (7) HW=4 Chip=2 Sensor=4 SYS=7
 3220215	[INFO]	XnProperty.cpp	151	Property Device.ID was changed to 0.
 3220277	[INFO]	XnSensor.cpp	182	Device sensor initialized
 3220372	[INFO]	XnOpenNI.cpp	1261	Creating node 'Depth1' of type Depth...
 3220411	[INFO]	XnDeviceBase.cpp	1383	Creating stream 'Depth1' of type 'Depth'...
 3220429	[INFO]	XnProperty.cpp	74	Setting Device.ReadData to 1...
 3220460	[INFO]	XnDeviceSensorIO.cpp	298	Endpoints open
 3232938	[INFO]	XnProperty.cpp	151	Property Device.ReadData was changed to 1.
 3232980	[INFO]	XnProperty.cpp	101	Device.ReadData was successfully set.
 3233420	[INFO]	XnProperty.cpp	151	Property Depth1.Resolution was changed to 0.
 3233449	[INFO]	XnProperty.cpp	151	Property Depth1.XRes was changed to 320.
 3233470	[INFO]	XnProperty.cpp	151	Property Depth1.YRes was changed to 240.
 3233491	[INFO]	XnProperty.cpp	151	Property Depth1.FPS was changed to 30.
 3233510	[INFO]	XnProperty.cpp	151	Property Depth1.OutputFormat was changed to 1.
 3233529	[INFO]	XnProperty.cpp	151	Property Depth1.BytesPerPixel was changed to 2.
 3233548	[INFO]	XnProperty.cpp	151	Property Depth1.RequiredDataSize was changed to 153600.
 3233573	[INFO]	XnProperty.cpp	151	Property Depth1.ParamCoeff was changed to 4.
 3233647	[INFO]	XnProperty.cpp	151	Property Depth1.ShiftScale was changed to 10.
 3245904	[INFO]	XnProperty.cpp	151	Property Depth1.ConstShift was changed to 200.
 3246014	[INFO]	XnProperty.cpp	151	Property Depth1.ZPD was changed to 120.
 3246124	[INFO]	XnProperty.cpp	151	Property Depth1.ZPPS was changed to 0.104200.
 3246147	[INFO]	XnProperty.cpp	151	Property Depth1.LDDIS was changed to 7.500000.
 3246247	[INFO]	XnProperty.cpp	151	Property Depth1.Gain was changed to 30.
 3246281	[INFO]	XnDeviceBase.cpp	1458	Stream 'Depth1' was initialized.
 3246295	[INFO]	XnDeviceBase.cpp	1463	'Depth1' stream was created.
 3246461	[INFO]	XnProperty.cpp	74	Setting Depth1.InputFormat to 3...
 3246483	[INFO]	XnProperty.cpp	151	Property Depth1.InputFormat was changed to 3.
 3246497	[INFO]	XnProperty.cpp	101	Depth1.InputFormat was successfully set.
 3247006	[INFO]	XnProperty.cpp	74	Setting Depth1.RegistrationType to 2...
 3247031	[INFO]	XnProperty.cpp	151	Property Depth1.RegistrationType was changed to 2.
 3247048	[INFO]	XnProperty.cpp	101	Depth1.RegistrationType was successfully set.
 3247534	[INFO]	XnDeviceModule.cpp	431	Module 'Depth1' configuration was loaded from file.
 3247724	[INFO]	XnProperty.cpp	74	Setting Depth1.FPS to 30...
 3247742	[INFO]	XnProperty.cpp	86	Depth1.FPS value did not change.
 3247754	[INFO]	XnProperty.cpp	74	Setting Depth1.YRes to 480...
 3247770	[INFO]	XnProperty.cpp	151	Property Depth1.Resolution was changed to 1.
 3247783	[INFO]	XnProperty.cpp	151	Property Depth1.XRes was changed to 640.
 3247795	[INFO]	XnProperty.cpp	151	Property Depth1.RequiredDataSize was changed to 307200.
 3247810	[INFO]	XnProperty.cpp	151	Property Depth1.YRes was changed to 480.
 3247822	[INFO]	XnProperty.cpp	151	Property Depth1.RequiredDataSize was changed to 614400.
 3247835	[INFO]	XnProperty.cpp	101	Depth1.YRes was successfully set.
 3247847	[INFO]	XnProperty.cpp	74	Setting Depth1.XRes to 640...
 3247858	[INFO]	XnProperty.cpp	86	Depth1.XRes value did not change.
 3247902	[INFO]	XnProperty.cpp	74	Setting Depth1.Mirror to 1...
 3247916	[INFO]	XnProperty.cpp	151	Property Depth1.FirmwareMirror was changed to 1.
 3247959	[INFO]	XnProperty.cpp	151	Property Depth1.Mirror was changed to 1.
 3247971	[INFO]	XnProperty.cpp	101	Depth1.Mirror was successfully set.
 4828719	[INFO]	XnOpenNI.cpp	1261	Creating node 'User1' of type User...
 4855368	[WARNING]	Linux-x86Threads.cpp	173	Failed to set thread priority: Invalid argument
 4855426	[WARNING]	XnUSBLinux-x86.cpp	126	USB events thread: Failed to set thread priority to critical. This might cause loss of data...
 4856572	[INFO]	XnUSBLinux-x86.cpp	1222	USB read thread was started.
 4856621	[INFO]	XnProperty.cpp	151	Property Depth1.ActualReadData was changed to 1.
 5327695	[INFO]	XnProperty.cpp	151	Property Depth1.State was changed to 1.
 5327738	[INFO]	XnDeviceBase.cpp	370	Stream Depth1 is open.
 7754347	[INFO]	XnOpenNI.cpp	1261	Creating node 'Image1' of type Image...
 7754399	[INFO]	XnDeviceBase.cpp	1383	Creating stream 'Image1' of type 'Image'...
 7754589	[INFO]	XnProperty.cpp	151	Property Image1.Resolution was changed to 0.
 7754609	[INFO]	XnProperty.cpp	151	Property Image1.XRes was changed to 320.
 7754622	[INFO]	XnProperty.cpp	151	Property Image1.YRes was changed to 240.
 7754634	[INFO]	XnProperty.cpp	151	Property Image1.FPS was changed to 30.
 7754645	[INFO]	XnProperty.cpp	151	Property Image1.OutputFormat was changed to 5.
 7754656	[INFO]	XnProperty.cpp	151	Property Image1.BytesPerPixel was changed to 3.
 7754668	[INFO]	XnProperty.cpp	151	Property Image1.RequiredDataSize was changed to 230400.
 7754697	[INFO]	XnDeviceBase.cpp	1458	Stream 'Image1' was initialized.
 7754711	[INFO]	XnDeviceBase.cpp	1463	'Image1' stream was created.
 7754815	[INFO]	XnProperty.cpp	74	Setting Image1.InputFormat to 6...
 7754836	[INFO]	XnProperty.cpp	151	Property Image1.InputFormat was changed to 6.
 7754849	[INFO]	XnProperty.cpp	101	Image1.InputFormat was successfully set.
 7755257	[INFO]	XnDeviceModule.cpp	431	Module 'Image1' configuration was loaded from file.
 7755340	[INFO]	XnProperty.cpp	74	Setting Image1.FPS to 30...
 7755356	[INFO]	XnProperty.cpp	86	Image1.FPS value did not change.
 7755367	[INFO]	XnProperty.cpp	74	Setting Image1.YRes to 480...
 7755379	[INFO]	XnProperty.cpp	151	Property Image1.Resolution was changed to 1.
 7755391	[INFO]	XnProperty.cpp	151	Property Image1.XRes was changed to 640.
 7755402	[INFO]	XnProperty.cpp	151	Property Image1.RequiredDataSize was changed to 460800.
 7755415	[INFO]	XnProperty.cpp	151	Property Image1.YRes was changed to 480.
 7755426	[INFO]	XnProperty.cpp	151	Property Image1.RequiredDataSize was changed to 921600.
 7755439	[INFO]	XnProperty.cpp	101	Image1.YRes was successfully set.
 7755451	[INFO]	XnProperty.cpp	74	Setting Image1.XRes to 640...
 7755462	[INFO]	XnProperty.cpp	86	Image1.XRes value did not change.
 7756538	[INFO]	XnUSBLinux-x86.cpp	1222	USB read thread was started.
 7756584	[INFO]	XnProperty.cpp	151	Property Image1.ActualReadData was changed to 1.
 7928176	[WARNING]	XnDepthProcessor.cpp	133	Read: Depth buffer is corrupt. Size is 581648 (!= 614400)
 7928226	[WARNING]	XnFrameStreamProcessor.cpp	132	Depth frame is corrupt!
 7960224	[WARNING]	XnDepthProcessor.cpp	133	Read: Depth buffer is corrupt. Size is 572496 (!= 614400)
 7960275	[WARNING]	XnFrameStreamProcessor.cpp	132	Depth frame is corrupt!
10957429	[INFO]	XnProperty.cpp	151	Property Image1.State was changed to 1.
10957473	[INFO]	XnDeviceBase.cpp	370	Stream Image1 is open.
10957677	[INFO]	XnProperty.cpp	74	Setting Depth1.Registration to 1...
10996326	[WARNING]	XnDepthProcessor.cpp	133	Read: Depth buffer is corrupt. Size is 595024 (!= 614400)
10996382	[WARNING]	XnFrameStreamProcessor.cpp	132	Depth frame is corrupt!
11110458	[INFO]	XnProperty.cpp	151	Property Depth1.Registration was changed to 1.
11110502	[INFO]	XnProperty.cpp	101	Depth1.Registration was successfully set.
11110549	[INFO]	XnProperty.cpp	74	Setting Image1.Mirror to 1...
11123090	[INFO]	XnProperty.cpp	151	Property Image1.FirmwareMirror was changed to 1.
11123143	[INFO]	XnProperty.cpp	151	Property Image1.Mirror was changed to 1.
11123156	[INFO]	XnProperty.cpp	101	Image1.Mirror was successfully set.
15271231	[INFO]	XnOpenNI.cpp	1459	Destroying node 'User1'
15279962	[INFO]	XnOpenNI.cpp	1459	Destroying node 'Depth1'
15280058	[INFO]	XnDeviceBase.cpp	1507	Destroying stream 'Depth1'...
15281665	[INFO]	XnOpenNI.cpp	1459	Destroying node 'Image1'
15281731	[INFO]	XnDeviceBase.cpp	1507	Destroying stream 'Image1'...
15282816	[INFO]	XnOpenNI.cpp	1459	Destroying node 'Device1'
