    1396	[INFO]	XnLog.cpp	165	OpenNI version is 1.0.0 (Build 25)-MacOSX (Jan  7 2011 14:20:18)
    1440	[INFO]	XnLog.cpp	173	Log system initialized. Console: 1, File: 1, Severity: INFO, Masks: ALL
    1465	[INFO]	XnLog.cpp	173	Log system initialized. Console: 1, File: 1, Severity: INFO, Masks: ALL
    2510	[INFO]	XnUSBLinux-x86.cpp	98	USB is initialized.
 1584766	[INFO]	XnOpenNI.cpp	1261	Creating node 'Device1' of type Device...
 1585557	[INFO]	XnDeviceModule.cpp	431	Module 'Device' configuration was loaded from file.
 1795074	[INFO]	XnDeviceSensorIO.cpp	135	Connected to USB device
 1795129	[INFO]	XnProperty.cpp	151	Property Device.USBPath was changed to 045e/02ae@253/8.
 1803097	[INFO]	XnHostProtocol.cpp	825	Hardware versions: FW=5.1.4 (7) HW=4 Chip=2 Sensor=4 SYS=7
 3209730	[INFO]	XnProperty.cpp	151	Property Device.ID was changed to 0.
 3209809	[INFO]	XnSensor.cpp	182	Device sensor initialized
 3209893	[INFO]	XnOpenNI.cpp	1261	Creating node 'Depth1' of type Depth...
 3209932	[INFO]	XnDeviceBase.cpp	1383	Creating stream 'Depth1' of type 'Depth'...
 3209948	[INFO]	XnProperty.cpp	74	Setting Device.ReadData to 1...
 3209978	[INFO]	XnDeviceSensorIO.cpp	298	Endpoints open
 3222338	[INFO]	XnProperty.cpp	151	Property Device.ReadData was changed to 1.
 3222382	[INFO]	XnProperty.cpp	101	Device.ReadData was successfully set.
 3222748	[INFO]	XnProperty.cpp	151	Property Depth1.Resolution was changed to 0.
 3222768	[INFO]	XnProperty.cpp	151	Property Depth1.XRes was changed to 320.
 3222781	[INFO]	XnProperty.cpp	151	Property Depth1.YRes was changed to 240.
 3222793	[INFO]	XnProperty.cpp	151	Property Depth1.FPS was changed to 30.
 3222804	[INFO]	XnProperty.cpp	151	Property Depth1.OutputFormat was changed to 1.
 3222815	[INFO]	XnProperty.cpp	151	Property Depth1.BytesPerPixel was changed to 2.
 3222828	[INFO]	XnProperty.cpp	151	Property Depth1.RequiredDataSize was changed to 153600.
 3222844	[INFO]	XnProperty.cpp	151	Property Depth1.ParamCoeff was changed to 4.
 3222904	[INFO]	XnProperty.cpp	151	Property Depth1.ShiftScale was changed to 10.
 3235286	[INFO]	XnProperty.cpp	151	Property Depth1.ConstShift was changed to 200.
 3235376	[INFO]	XnProperty.cpp	151	Property Depth1.ZPD was changed to 120.
 3235472	[INFO]	XnProperty.cpp	151	Property Depth1.ZPPS was changed to 0.104200.
 3235487	[INFO]	XnProperty.cpp	151	Property Depth1.LDDIS was changed to 7.500000.
 3235580	[INFO]	XnProperty.cpp	151	Property Depth1.Gain was changed to 30.
 3235613	[INFO]	XnDeviceBase.cpp	1458	Stream 'Depth1' was initialized.
 3235627	[INFO]	XnDeviceBase.cpp	1463	'Depth1' stream was created.
 3235799	[INFO]	XnProperty.cpp	74	Setting Depth1.InputFormat to 3...
 3235830	[INFO]	XnProperty.cpp	151	Property Depth1.InputFormat was changed to 3.
 3235849	[INFO]	XnProperty.cpp	101	Depth1.InputFormat was successfully set.
 3236481	[INFO]	XnProperty.cpp	74	Setting Depth1.RegistrationType to 2...
 3236512	[INFO]	XnProperty.cpp	151	Property Depth1.RegistrationType was changed to 2.
 3236535	[INFO]	XnProperty.cpp	101	Depth1.RegistrationType was successfully set.
 3237132	[INFO]	XnDeviceModule.cpp	431	Module 'Depth1' configuration was loaded from file.
 3237322	[INFO]	XnProperty.cpp	74	Setting Depth1.FPS to 30...
 3237339	[INFO]	XnProperty.cpp	86	Depth1.FPS value did not change.
 3237352	[INFO]	XnProperty.cpp	74	Setting Depth1.YRes to 480...
 3237367	[INFO]	XnProperty.cpp	151	Property Depth1.Resolution was changed to 1.
 3237381	[INFO]	XnProperty.cpp	151	Property Depth1.XRes was changed to 640.
 3237394	[INFO]	XnProperty.cpp	151	Property Depth1.RequiredDataSize was changed to 307200.
 3237409	[INFO]	XnProperty.cpp	151	Property Depth1.YRes was changed to 480.
 3237421	[INFO]	XnProperty.cpp	151	Property Depth1.RequiredDataSize was changed to 614400.
 3237433	[INFO]	XnProperty.cpp	101	Depth1.YRes was successfully set.
 3237445	[INFO]	XnProperty.cpp	74	Setting Depth1.XRes to 640...
 3237456	[INFO]	XnProperty.cpp	86	Depth1.XRes value did not change.
 3237500	[INFO]	XnProperty.cpp	74	Setting Depth1.Mirror to 1...
 3237515	[INFO]	XnProperty.cpp	151	Property Depth1.FirmwareMirror was changed to 1.
 3237560	[INFO]	XnProperty.cpp	151	Property Depth1.Mirror was changed to 1.
 3237573	[INFO]	XnProperty.cpp	101	Depth1.Mirror was successfully set.
 4814919	[INFO]	XnOpenNI.cpp	1261	Creating node 'User1' of type User...
 4840446	[WARNING]	Linux-x86Threads.cpp	173	Failed to set thread priority: Invalid argument
 4840492	[WARNING]	XnUSBLinux-x86.cpp	126	USB events thread: Failed to set thread priority to critical. This might cause loss of data...
 4841626	[INFO]	XnUSBLinux-x86.cpp	1222	USB read thread was started.
 4841670	[INFO]	XnProperty.cpp	151	Property Depth1.ActualReadData was changed to 1.
 5312209	[INFO]	XnProperty.cpp	151	Property Depth1.State was changed to 1.
 5312252	[INFO]	XnDeviceBase.cpp	370	Stream Depth1 is open.
 5441963	[WARNING]	XnDepthProcessor.cpp	133	Read: Depth buffer is corrupt. Size is 601920 (!= 614400)
 5442006	[WARNING]	XnFrameStreamProcessor.cpp	132	Depth frame is corrupt!
 6885501	[INFO]	XnOpenNI.cpp	1261	Creating node 'Image1' of type Image...
 6885555	[INFO]	XnDeviceBase.cpp	1383	Creating stream 'Image1' of type 'Image'...
 6885790	[INFO]	XnProperty.cpp	151	Property Image1.Resolution was changed to 0.
 6885816	[INFO]	XnProperty.cpp	151	Property Image1.XRes was changed to 320.
 6885834	[INFO]	XnProperty.cpp	151	Property Image1.YRes was changed to 240.
 6885850	[INFO]	XnProperty.cpp	151	Property Image1.FPS was changed to 30.
 6885866	[INFO]	XnProperty.cpp	151	Property Image1.OutputFormat was changed to 5.
 6885884	[INFO]	XnProperty.cpp	151	Property Image1.BytesPerPixel was changed to 3.
 6885904	[INFO]	XnProperty.cpp	151	Property Image1.RequiredDataSize was changed to 230400.
 6885945	[INFO]	XnDeviceBase.cpp	1458	Stream 'Image1' was initialized.
 6885969	[INFO]	XnDeviceBase.cpp	1463	'Image1' stream was created.
 6886121	[INFO]	XnProperty.cpp	74	Setting Image1.InputFormat to 6...
 6886153	[INFO]	XnProperty.cpp	151	Property Image1.InputFormat was changed to 6.
 6886172	[INFO]	XnProperty.cpp	101	Image1.InputFormat was successfully set.
 6886817	[INFO]	XnDeviceModule.cpp	431	Module 'Image1' configuration was loaded from file.
 6886933	[INFO]	XnProperty.cpp	74	Setting Image1.FPS to 30...
 6886955	[INFO]	XnProperty.cpp	86	Image1.FPS value did not change.
 6886974	[INFO]	XnProperty.cpp	74	Setting Image1.YRes to 480...
 6886994	[INFO]	XnProperty.cpp	151	Property Image1.Resolution was changed to 1.
 6887013	[INFO]	XnProperty.cpp	151	Property Image1.XRes was changed to 640.
 6887032	[INFO]	XnProperty.cpp	151	Property Image1.RequiredDataSize was changed to 460800.
 6887053	[INFO]	XnProperty.cpp	151	Property Image1.YRes was changed to 480.
 6887071	[INFO]	XnProperty.cpp	151	Property Image1.RequiredDataSize was changed to 921600.
 6887090	[INFO]	XnProperty.cpp	101	Image1.YRes was successfully set.
 6887109	[INFO]	XnProperty.cpp	74	Setting Image1.XRes to 640...
 6887126	[INFO]	XnProperty.cpp	86	Image1.XRes value did not change.
 6888179	[INFO]	XnUSBLinux-x86.cpp	1222	USB read thread was started.
 6888239	[INFO]	XnProperty.cpp	151	Property Image1.ActualReadData was changed to 1.
 6945904	[WARNING]	XnDepthProcessor.cpp	133	Read: Depth buffer is corrupt. Size is 596608 (!= 614400)
 6945949	[WARNING]	XnFrameStreamProcessor.cpp	132	Depth frame is corrupt!
 7049948	[WARNING]	XnFrameStreamProcessor.cpp	140	Depth Frame Buffer overflow! current size: 612768
 7050000	[WARNING]	XnFrameStreamProcessor.cpp	132	Depth frame is corrupt!
 7077922	[WARNING]	XnDepthProcessor.cpp	133	Read: Depth buffer is corrupt. Size is 612768 (!= 614400)
10089325	[INFO]	XnProperty.cpp	151	Property Image1.State was changed to 1.
10089374	[INFO]	XnDeviceBase.cpp	370	Stream Image1 is open.
10089613	[INFO]	XnProperty.cpp	74	Setting Depth1.Registration to 1...
10242458	[INFO]	XnProperty.cpp	151	Property Depth1.Registration was changed to 1.
10242507	[INFO]	XnProperty.cpp	101	Depth1.Registration was successfully set.
10242563	[INFO]	XnProperty.cpp	74	Setting Image1.Mirror to 1...
10254986	[INFO]	XnProperty.cpp	151	Property Image1.FirmwareMirror was changed to 1.
10255041	[INFO]	XnProperty.cpp	151	Property Image1.Mirror was changed to 1.
10255099	[INFO]	XnProperty.cpp	101	Image1.Mirror was successfully set.
63941927	[INFO]	XnOpenNI.cpp	1459	Destroying node 'User1'
63950770	[INFO]	XnOpenNI.cpp	1459	Destroying node 'Depth1'
63950885	[INFO]	XnDeviceBase.cpp	1507	Destroying stream 'Depth1'...
63952485	[INFO]	XnOpenNI.cpp	1459	Destroying node 'Image1'
63952547	[INFO]	XnDeviceBase.cpp	1507	Destroying stream 'Image1'...
63953477	[INFO]	XnOpenNI.cpp	1459	Destroying node 'Device1'
