    1571	[INFO]	XnLog.cpp	165	OpenNI version is 1.0.0 (Build 25)-MacOSX (Jan  7 2011 14:20:18)
    1614	[INFO]	XnLog.cpp	173	Log system initialized. Console: 1, File: 1, Severity: INFO, Masks: ALL
    1638	[INFO]	XnLog.cpp	173	Log system initialized. Console: 1, File: 1, Severity: INFO, Masks: ALL
    2652	[INFO]	XnUSBLinux-x86.cpp	98	USB is initialized.
 1586332	[INFO]	XnOpenNI.cpp	1261	Creating node 'Device1' of type Device...
 1587145	[INFO]	XnDeviceModule.cpp	431	Module 'Device' configuration was loaded from file.
 1797291	[INFO]	XnDeviceSensorIO.cpp	135	Connected to USB device
 1797350	[INFO]	XnProperty.cpp	151	Property Device.USBPath was changed to 045e/02ae@253/8.
 1805061	[INFO]	XnHostProtocol.cpp	825	Hardware versions: FW=5.1.4 (7) HW=4 Chip=2 Sensor=4 SYS=7
 3212836	[INFO]	XnProperty.cpp	151	Property Device.ID was changed to 0.
 3212892	[INFO]	XnSensor.cpp	182	Device sensor initialized
 3212984	[INFO]	XnOpenNI.cpp	1261	Creating node 'Depth1' of type Depth...
 3213023	[INFO]	XnDeviceBase.cpp	1383	Creating stream 'Depth1' of type 'Depth'...
 3213040	[INFO]	XnProperty.cpp	74	Setting Device.ReadData to 1...
 3213070	[INFO]	XnDeviceSensorIO.cpp	298	Endpoints open
 3225429	[INFO]	XnProperty.cpp	151	Property Device.ReadData was changed to 1.
 3225460	[INFO]	XnProperty.cpp	101	Device.ReadData was successfully set.
 3225800	[INFO]	XnProperty.cpp	151	Property Depth1.Resolution was changed to 0.
 3225819	[INFO]	XnProperty.cpp	151	Property Depth1.XRes was changed to 320.
 3225832	[INFO]	XnProperty.cpp	151	Property Depth1.YRes was changed to 240.
 3225844	[INFO]	XnProperty.cpp	151	Property Depth1.FPS was changed to 30.
 3225856	[INFO]	XnProperty.cpp	151	Property Depth1.OutputFormat was changed to 1.
 3225867	[INFO]	XnProperty.cpp	151	Property Depth1.BytesPerPixel was changed to 2.
 3225879	[INFO]	XnProperty.cpp	151	Property Depth1.RequiredDataSize was changed to 153600.
 3225895	[INFO]	XnProperty.cpp	151	Property Depth1.ParamCoeff was changed to 4.
 3225953	[INFO]	XnProperty.cpp	151	Property Depth1.ShiftScale was changed to 10.
 3238190	[INFO]	XnProperty.cpp	151	Property Depth1.ConstShift was changed to 200.
 3238287	[INFO]	XnProperty.cpp	151	Property Depth1.ZPD was changed to 120.
 3238399	[INFO]	XnProperty.cpp	151	Property Depth1.ZPPS was changed to 0.104200.
 3238425	[INFO]	XnProperty.cpp	151	Property Depth1.LDDIS was changed to 7.500000.
 3238558	[INFO]	XnProperty.cpp	151	Property Depth1.Gain was changed to 30.
 3238603	[INFO]	XnDeviceBase.cpp	1458	Stream 'Depth1' was initialized.
 3238625	[INFO]	XnDeviceBase.cpp	1463	'Depth1' stream was created.
 3238875	[INFO]	XnProperty.cpp	74	Setting Depth1.InputFormat to 3...
 3238906	[INFO]	XnProperty.cpp	151	Property Depth1.InputFormat was changed to 3.
 3238925	[INFO]	XnProperty.cpp	101	Depth1.InputFormat was successfully set.
 3239593	[INFO]	XnProperty.cpp	74	Setting Depth1.RegistrationType to 2...
 3239621	[INFO]	XnProperty.cpp	151	Property Depth1.RegistrationType was changed to 2.
 3239641	[INFO]	XnProperty.cpp	101	Depth1.RegistrationType was successfully set.
 3240392	[INFO]	XnDeviceModule.cpp	431	Module 'Depth1' configuration was loaded from file.
 3240645	[INFO]	XnProperty.cpp	74	Setting Depth1.FPS to 30...
 3240670	[INFO]	XnProperty.cpp	86	Depth1.FPS value did not change.
 3240691	[INFO]	XnProperty.cpp	74	Setting Depth1.YRes to 480...
 3240714	[INFO]	XnProperty.cpp	151	Property Depth1.Resolution was changed to 1.
 3240737	[INFO]	XnProperty.cpp	151	Property Depth1.XRes was changed to 640.
 3240755	[INFO]	XnProperty.cpp	151	Property Depth1.RequiredDataSize was changed to 307200.
 3240778	[INFO]	XnProperty.cpp	151	Property Depth1.YRes was changed to 480.
 3240797	[INFO]	XnProperty.cpp	151	Property Depth1.RequiredDataSize was changed to 614400.
 3240815	[INFO]	XnProperty.cpp	101	Depth1.YRes was successfully set.
 3240836	[INFO]	XnProperty.cpp	74	Setting Depth1.XRes to 640...
 3240855	[INFO]	XnProperty.cpp	86	Depth1.XRes value did not change.
 3240916	[INFO]	XnProperty.cpp	74	Setting Depth1.Mirror to 1...
 3240940	[INFO]	XnProperty.cpp	151	Property Depth1.FirmwareMirror was changed to 1.
 3241001	[INFO]	XnProperty.cpp	151	Property Depth1.Mirror was changed to 1.
 3241021	[INFO]	XnProperty.cpp	101	Depth1.Mirror was successfully set.
 4821883	[INFO]	XnOpenNI.cpp	1261	Creating node 'User1' of type User...
 4847396	[WARNING]	Linux-x86Threads.cpp	173	Failed to set thread priority: Invalid argument
 4847441	[WARNING]	XnUSBLinux-x86.cpp	126	USB events thread: Failed to set thread priority to critical. This might cause loss of data...
 4848231	[INFO]	XnUSBLinux-x86.cpp	1222	USB read thread was started.
 4848261	[INFO]	XnProperty.cpp	151	Property Depth1.ActualReadData was changed to 1.
 5320294	[INFO]	XnProperty.cpp	151	Property Depth1.State was changed to 1.
 5320333	[INFO]	XnDeviceBase.cpp	370	Stream Depth1 is open.
 6893326	[INFO]	XnOpenNI.cpp	1261	Creating node 'Image1' of type Image...
 6893377	[INFO]	XnDeviceBase.cpp	1383	Creating stream 'Image1' of type 'Image'...
 6893624	[INFO]	XnProperty.cpp	151	Property Image1.Resolution was changed to 0.
 6893651	[INFO]	XnProperty.cpp	151	Property Image1.XRes was changed to 320.
 6893671	[INFO]	XnProperty.cpp	151	Property Image1.YRes was changed to 240.
 6893689	[INFO]	XnProperty.cpp	151	Property Image1.FPS was changed to 30.
 6893707	[INFO]	XnProperty.cpp	151	Property Image1.OutputFormat was changed to 5.
 6893726	[INFO]	XnProperty.cpp	151	Property Image1.BytesPerPixel was changed to 3.
 6893744	[INFO]	XnProperty.cpp	151	Property Image1.RequiredDataSize was changed to 230400.
 6893784	[INFO]	XnDeviceBase.cpp	1458	Stream 'Image1' was initialized.
 6893806	[INFO]	XnDeviceBase.cpp	1463	'Image1' stream was created.
 6893943	[INFO]	XnProperty.cpp	74	Setting Image1.InputFormat to 6...
 6893972	[INFO]	XnProperty.cpp	151	Property Image1.InputFormat was changed to 6.
 6893991	[INFO]	XnProperty.cpp	101	Image1.InputFormat was successfully set.
 6894617	[INFO]	XnDeviceModule.cpp	431	Module 'Image1' configuration was loaded from file.
 6894724	[INFO]	XnProperty.cpp	74	Setting Image1.FPS to 30...
 6894749	[INFO]	XnProperty.cpp	86	Image1.FPS value did not change.
 6894770	[INFO]	XnProperty.cpp	74	Setting Image1.YRes to 480...
 6894787	[INFO]	XnProperty.cpp	151	Property Image1.Resolution was changed to 1.
 6894805	[INFO]	XnProperty.cpp	151	Property Image1.XRes was changed to 640.
 6894825	[INFO]	XnProperty.cpp	151	Property Image1.RequiredDataSize was changed to 460800.
 6894847	[INFO]	XnProperty.cpp	151	Property Image1.YRes was changed to 480.
 6894870	[INFO]	XnProperty.cpp	151	Property Image1.RequiredDataSize was changed to 921600.
 6894891	[INFO]	XnProperty.cpp	101	Image1.YRes was successfully set.
 6894912	[INFO]	XnProperty.cpp	74	Setting Image1.XRes to 640...
 6894931	[INFO]	XnProperty.cpp	86	Image1.XRes value did not change.
 6896036	[INFO]	XnUSBLinux-x86.cpp	1222	USB read thread was started.
 6896074	[INFO]	XnProperty.cpp	151	Property Image1.ActualReadData was changed to 1.
 7083638	[WARNING]	XnDepthProcessor.cpp	133	Read: Depth buffer is corrupt. Size is 549728 (!= 614400)
 7083690	[WARNING]	XnFrameStreamProcessor.cpp	132	Depth frame is corrupt!
10097280	[INFO]	XnProperty.cpp	151	Property Image1.State was changed to 1.
10097326	[INFO]	XnDeviceBase.cpp	370	Stream Image1 is open.
10097536	[INFO]	XnProperty.cpp	74	Setting Depth1.Registration to 1...
10123696	[WARNING]	XnDepthProcessor.cpp	133	Read: Depth buffer is corrupt. Size is 595920 (!= 614400)
10123748	[WARNING]	XnFrameStreamProcessor.cpp	132	Depth frame is corrupt!
10250420	[INFO]	XnProperty.cpp	151	Property Depth1.Registration was changed to 1.
10250461	[INFO]	XnProperty.cpp	101	Depth1.Registration was successfully set.
10250508	[INFO]	XnProperty.cpp	74	Setting Image1.Mirror to 1...
10262770	[INFO]	XnProperty.cpp	151	Property Image1.FirmwareMirror was changed to 1.
10262811	[INFO]	XnProperty.cpp	151	Property Image1.Mirror was changed to 1.
10262824	[INFO]	XnProperty.cpp	101	Image1.Mirror was successfully set.
244016597	[INFO]	XnOpenNI.cpp	1459	Destroying node 'User1'
244027801	[INFO]	XnOpenNI.cpp	1459	Destroying node 'Depth1'
244027913	[INFO]	XnDeviceBase.cpp	1507	Destroying stream 'Depth1'...
244030231	[INFO]	XnOpenNI.cpp	1459	Destroying node 'Image1'
244030348	[INFO]	XnDeviceBase.cpp	1507	Destroying stream 'Image1'...
244031445	[INFO]	XnOpenNI.cpp	1459	Destroying node 'Device1'
