    1932	[INFO]	XnLog.cpp	165	OpenNI version is 1.0.0 (Build 25)-MacOSX (Jan  7 2011 14:20:18)
    1980	[INFO]	XnLog.cpp	173	Log system initialized. Console: 1, File: 1, Severity: INFO, Masks: ALL
    2013	[INFO]	XnLog.cpp	173	Log system initialized. Console: 1, File: 1, Severity: INFO, Masks: ALL
    3238	[INFO]	XnUSBLinux-x86.cpp	98	USB is initialized.
 1586964	[INFO]	XnOpenNI.cpp	1261	Creating node 'Device1' of type Device...
 1587772	[INFO]	XnDeviceModule.cpp	431	Module 'Device' configuration was loaded from file.
 1799392	[INFO]	XnDeviceSensorIO.cpp	135	Connected to USB device
 1799447	[INFO]	XnProperty.cpp	151	Property Device.USBPath was changed to 045e/02ae@253/8.
 1806999	[INFO]	XnHostProtocol.cpp	825	Hardware versions: FW=5.1.4 (7) HW=4 Chip=2 Sensor=4 SYS=7
 3214293	[INFO]	XnProperty.cpp	151	Property Device.ID was changed to 0.
 3214373	[INFO]	XnSensor.cpp	182	Device sensor initialized
 3214479	[INFO]	XnOpenNI.cpp	1261	Creating node 'Depth1' of type Depth...
 3214535	[INFO]	XnDeviceBase.cpp	1383	Creating stream 'Depth1' of type 'Depth'...
 3214563	[INFO]	XnProperty.cpp	74	Setting Device.ReadData to 1...
 3214605	[INFO]	XnDeviceSensorIO.cpp	298	Endpoints open
 3226886	[INFO]	XnProperty.cpp	151	Property Device.ReadData was changed to 1.
 3227017	[INFO]	XnProperty.cpp	101	Device.ReadData was successfully set.
 3227406	[INFO]	XnProperty.cpp	151	Property Depth1.Resolution was changed to 0.
 3227428	[INFO]	XnProperty.cpp	151	Property Depth1.XRes was changed to 320.
 3227442	[INFO]	XnProperty.cpp	151	Property Depth1.YRes was changed to 240.
 3227454	[INFO]	XnProperty.cpp	151	Property Depth1.FPS was changed to 30.
 3227465	[INFO]	XnProperty.cpp	151	Property Depth1.OutputFormat was changed to 1.
 3227476	[INFO]	XnProperty.cpp	151	Property Depth1.BytesPerPixel was changed to 2.
 3227488	[INFO]	XnProperty.cpp	151	Property Depth1.RequiredDataSize was changed to 153600.
 3227508	[INFO]	XnProperty.cpp	151	Property Depth1.ParamCoeff was changed to 4.
 3227582	[INFO]	XnProperty.cpp	151	Property Depth1.ShiftScale was changed to 10.
 3240054	[INFO]	XnProperty.cpp	151	Property Depth1.ConstShift was changed to 200.
 3240145	[INFO]	XnProperty.cpp	151	Property Depth1.ZPD was changed to 120.
 3240241	[INFO]	XnProperty.cpp	151	Property Depth1.ZPPS was changed to 0.104200.
 3240255	[INFO]	XnProperty.cpp	151	Property Depth1.LDDIS was changed to 7.500000.
 3240343	[INFO]	XnProperty.cpp	151	Property Depth1.Gain was changed to 30.
 3240373	[INFO]	XnDeviceBase.cpp	1458	Stream 'Depth1' was initialized.
 3240390	[INFO]	XnDeviceBase.cpp	1463	'Depth1' stream was created.
 3240536	[INFO]	XnProperty.cpp	74	Setting Depth1.InputFormat to 3...
 3240562	[INFO]	XnProperty.cpp	151	Property Depth1.InputFormat was changed to 3.
 3240580	[INFO]	XnProperty.cpp	101	Depth1.InputFormat was successfully set.
 3241041	[INFO]	XnProperty.cpp	74	Setting Depth1.RegistrationType to 2...
 3241062	[INFO]	XnProperty.cpp	151	Property Depth1.RegistrationType was changed to 2.
 3241079	[INFO]	XnProperty.cpp	101	Depth1.RegistrationType was successfully set.
 3241668	[INFO]	XnDeviceModule.cpp	431	Module 'Depth1' configuration was loaded from file.
 3241841	[INFO]	XnProperty.cpp	74	Setting Depth1.FPS to 30...
 3241860	[INFO]	XnProperty.cpp	86	Depth1.FPS value did not change.
 3241878	[INFO]	XnProperty.cpp	74	Setting Depth1.YRes to 480...
 3241900	[INFO]	XnProperty.cpp	151	Property Depth1.Resolution was changed to 1.
 3241919	[INFO]	XnProperty.cpp	151	Property Depth1.XRes was changed to 640.
 3241937	[INFO]	XnProperty.cpp	151	Property Depth1.RequiredDataSize was changed to 307200.
 3241958	[INFO]	XnProperty.cpp	151	Property Depth1.YRes was changed to 480.
 3241975	[INFO]	XnProperty.cpp	151	Property Depth1.RequiredDataSize was changed to 614400.
 3241994	[INFO]	XnProperty.cpp	101	Depth1.YRes was successfully set.
 3242012	[INFO]	XnProperty.cpp	74	Setting Depth1.XRes to 640...
 3242027	[INFO]	XnProperty.cpp	86	Depth1.XRes value did not change.
 3242082	[INFO]	XnProperty.cpp	74	Setting Depth1.Mirror to 1...
 3242101	[INFO]	XnProperty.cpp	151	Property Depth1.FirmwareMirror was changed to 1.
 3242172	[INFO]	XnProperty.cpp	151	Property Depth1.Mirror was changed to 1.
 3242187	[INFO]	XnProperty.cpp	101	Depth1.Mirror was successfully set.
 4827846	[INFO]	XnOpenNI.cpp	1261	Creating node 'User1' of type User...
 4853743	[WARNING]	Linux-x86Threads.cpp	173	Failed to set thread priority: Invalid argument
 4853789	[WARNING]	XnUSBLinux-x86.cpp	126	USB events thread: Failed to set thread priority to critical. This might cause loss of data...
 4854716	[INFO]	XnUSBLinux-x86.cpp	1222	USB read thread was started.
 4854749	[INFO]	XnProperty.cpp	151	Property Depth1.ActualReadData was changed to 1.
 5325465	[INFO]	XnProperty.cpp	151	Property Depth1.State was changed to 1.
 5325516	[INFO]	XnDeviceBase.cpp	370	Stream Depth1 is open.
 6899504	[INFO]	XnOpenNI.cpp	1261	Creating node 'Image1' of type Image...
 6899561	[INFO]	XnDeviceBase.cpp	1383	Creating stream 'Image1' of type 'Image'...
 6899800	[INFO]	XnProperty.cpp	151	Property Image1.Resolution was changed to 0.
 6899828	[INFO]	XnProperty.cpp	151	Property Image1.XRes was changed to 320.
 6899844	[INFO]	XnProperty.cpp	151	Property Image1.YRes was changed to 240.
 6899862	[INFO]	XnProperty.cpp	151	Property Image1.FPS was changed to 30.
 6899879	[INFO]	XnProperty.cpp	151	Property Image1.OutputFormat was changed to 5.
 6899896	[INFO]	XnProperty.cpp	151	Property Image1.BytesPerPixel was changed to 3.
 6899914	[INFO]	XnProperty.cpp	151	Property Image1.RequiredDataSize was changed to 230400.
 6899951	[INFO]	XnDeviceBase.cpp	1458	Stream 'Image1' was initialized.
 6899972	[INFO]	XnDeviceBase.cpp	1463	'Image1' stream was created.
 6900106	[INFO]	XnProperty.cpp	74	Setting Image1.InputFormat to 6...
 6900135	[INFO]	XnProperty.cpp	151	Property Image1.InputFormat was changed to 6.
 6900156	[INFO]	XnProperty.cpp	101	Image1.InputFormat was successfully set.
 6900753	[INFO]	XnDeviceModule.cpp	431	Module 'Image1' configuration was loaded from file.
 6900866	[INFO]	XnProperty.cpp	74	Setting Image1.FPS to 30...
 6900892	[INFO]	XnProperty.cpp	86	Image1.FPS value did not change.
 6900914	[INFO]	XnProperty.cpp	74	Setting Image1.YRes to 480...
 6900934	[INFO]	XnProperty.cpp	151	Property Image1.Resolution was changed to 1.
 6900952	[INFO]	XnProperty.cpp	151	Property Image1.XRes was changed to 640.
 6900970	[INFO]	XnProperty.cpp	151	Property Image1.RequiredDataSize was changed to 460800.
 6900991	[INFO]	XnProperty.cpp	151	Property Image1.YRes was changed to 480.
 6901009	[INFO]	XnProperty.cpp	151	Property Image1.RequiredDataSize was changed to 921600.
 6901030	[INFO]	XnProperty.cpp	101	Image1.YRes was successfully set.
 6901051	[INFO]	XnProperty.cpp	74	Setting Image1.XRes to 640...
 6901069	[INFO]	XnProperty.cpp	86	Image1.XRes value did not change.
 6902149	[INFO]	XnUSBLinux-x86.cpp	1222	USB read thread was started.
 6902191	[INFO]	XnProperty.cpp	151	Property Image1.ActualReadData was changed to 1.
 7090227	[WARNING]	XnDepthProcessor.cpp	133	Read: Depth buffer is corrupt. Size is 504768 (!= 614400)
 7090279	[WARNING]	XnFrameStreamProcessor.cpp	132	Depth frame is corrupt!
 9994228	[WARNING]	XnDepthProcessor.cpp	133	Read: Depth buffer is corrupt. Size is 574624 (!= 614400)
 9994274	[WARNING]	XnFrameStreamProcessor.cpp	132	Depth frame is corrupt!
10102960	[INFO]	XnProperty.cpp	151	Property Image1.State was changed to 1.
10103001	[INFO]	XnDeviceBase.cpp	370	Stream Image1 is open.
10103194	[INFO]	XnProperty.cpp	74	Setting Depth1.Registration to 1...
10126273	[WARNING]	XnDepthProcessor.cpp	133	Read: Depth buffer is corrupt. Size is 585744 (!= 614400)
10126320	[WARNING]	XnFrameStreamProcessor.cpp	132	Depth frame is corrupt!
10256181	[INFO]	XnProperty.cpp	151	Property Depth1.Registration was changed to 1.
10256232	[INFO]	XnProperty.cpp	101	Depth1.Registration was successfully set.
10256289	[INFO]	XnProperty.cpp	74	Setting Image1.Mirror to 1...
10268575	[INFO]	XnProperty.cpp	151	Property Image1.FirmwareMirror was changed to 1.
10268618	[INFO]	XnProperty.cpp	151	Property Image1.Mirror was changed to 1.
10268630	[INFO]	XnProperty.cpp	101	Image1.Mirror was successfully set.
357822244	[INFO]	XnOpenNI.cpp	1459	Destroying node 'User1'
357831144	[INFO]	XnOpenNI.cpp	1459	Destroying node 'Depth1'
357831238	[INFO]	XnDeviceBase.cpp	1507	Destroying stream 'Depth1'...
357832742	[INFO]	XnOpenNI.cpp	1459	Destroying node 'Image1'
357832786	[INFO]	XnDeviceBase.cpp	1507	Destroying stream 'Image1'...
357833804	[INFO]	XnOpenNI.cpp	1459	Destroying node 'Device1'
