    1539	[INFO]	XnLog.cpp	165	OpenNI version is 1.0.0 (Build 25)-MacOSX (Jan  7 2011 14:20:18)
    1583	[INFO]	XnLog.cpp	173	Log system initialized. Console: 1, File: 1, Severity: INFO, Masks: ALL
    1617	[INFO]	XnLog.cpp	173	Log system initialized. Console: 1, File: 1, Severity: INFO, Masks: ALL
    2991	[INFO]	XnUSBLinux-x86.cpp	98	USB is initialized.
 2071659	[INFO]	XnOpenNI.cpp	1261	Creating node 'Device1' of type Device...
 2072543	[INFO]	XnDeviceModule.cpp	431	Module 'Device' configuration was loaded from file.
 2284615	[INFO]	XnDeviceSensorIO.cpp	135	Connected to USB device
 2284665	[INFO]	XnProperty.cpp	151	Property Device.USBPath was changed to 045e/02ae@253/8.
 2291863	[INFO]	XnHostProtocol.cpp	825	Hardware versions: FW=5.1.4 (7) HW=4 Chip=2 Sensor=4 SYS=7
 3697736	[INFO]	XnProperty.cpp	151	Property Device.ID was changed to 0.
 3697820	[INFO]	XnSensor.cpp	182	Device sensor initialized
 3697928	[INFO]	XnOpenNI.cpp	1261	Creating node 'Depth1' of type Depth...
 3697992	[INFO]	XnDeviceBase.cpp	1383	Creating stream 'Depth1' of type 'Depth'...
 3698033	[INFO]	XnProperty.cpp	74	Setting Device.ReadData to 1...
 3698092	[INFO]	XnDeviceSensorIO.cpp	298	Endpoints open
 3710303	[INFO]	XnProperty.cpp	151	Property Device.ReadData was changed to 1.
 3710354	[INFO]	XnProperty.cpp	101	Device.ReadData was successfully set.
 3710770	[INFO]	XnProperty.cpp	151	Property Depth1.Resolution was changed to 0.
 3710799	[INFO]	XnProperty.cpp	151	Property Depth1.XRes was changed to 320.
 3710825	[INFO]	XnProperty.cpp	151	Property Depth1.YRes was changed to 240.
 3710852	[INFO]	XnProperty.cpp	151	Property Depth1.FPS was changed to 30.
 3710876	[INFO]	XnProperty.cpp	151	Property Depth1.OutputFormat was changed to 1.
 3710902	[INFO]	XnProperty.cpp	151	Property Depth1.BytesPerPixel was changed to 2.
 3710927	[INFO]	XnProperty.cpp	151	Property Depth1.RequiredDataSize was changed to 153600.
 3710958	[INFO]	XnProperty.cpp	151	Property Depth1.ParamCoeff was changed to 4.
 3711046	[INFO]	XnProperty.cpp	151	Property Depth1.ShiftScale was changed to 10.
 3723492	[INFO]	XnProperty.cpp	151	Property Depth1.ConstShift was changed to 200.
 3723594	[INFO]	XnProperty.cpp	151	Property Depth1.ZPD was changed to 120.
 3723711	[INFO]	XnProperty.cpp	151	Property Depth1.ZPPS was changed to 0.104200.
 3723729	[INFO]	XnProperty.cpp	151	Property Depth1.LDDIS was changed to 7.500000.
 3723835	[INFO]	XnProperty.cpp	151	Property Depth1.Gain was changed to 30.
 3723870	[INFO]	XnDeviceBase.cpp	1458	Stream 'Depth1' was initialized.
 3723887	[INFO]	XnDeviceBase.cpp	1463	'Depth1' stream was created.
 3724065	[INFO]	XnProperty.cpp	74	Setting Depth1.InputFormat to 3...
 3724092	[INFO]	XnProperty.cpp	151	Property Depth1.InputFormat was changed to 3.
 3724108	[INFO]	XnProperty.cpp	101	Depth1.InputFormat was successfully set.
 3724568	[INFO]	XnProperty.cpp	74	Setting Depth1.RegistrationType to 2...
 3724586	[INFO]	XnProperty.cpp	151	Property Depth1.RegistrationType was changed to 2.
 3724597	[INFO]	XnProperty.cpp	101	Depth1.RegistrationType was successfully set.
 3725104	[INFO]	XnDeviceModule.cpp	431	Module 'Depth1' configuration was loaded from file.
 3725328	[INFO]	XnProperty.cpp	74	Setting Depth1.FPS to 30...
 3725368	[INFO]	XnProperty.cpp	86	Depth1.FPS value did not change.
 3725400	[INFO]	XnProperty.cpp	74	Setting Depth1.YRes to 480...
 3725421	[INFO]	XnProperty.cpp	151	Property Depth1.Resolution was changed to 1.
 3725440	[INFO]	XnProperty.cpp	151	Property Depth1.XRes was changed to 640.
 3725455	[INFO]	XnProperty.cpp	151	Property Depth1.RequiredDataSize was changed to 307200.
 3725476	[INFO]	XnProperty.cpp	151	Property Depth1.YRes was changed to 480.
 3725493	[INFO]	XnProperty.cpp	151	Property Depth1.RequiredDataSize was changed to 614400.
 3725510	[INFO]	XnProperty.cpp	101	Depth1.YRes was successfully set.
 3725527	[INFO]	XnProperty.cpp	74	Setting Depth1.XRes to 640...
 3725541	[INFO]	XnProperty.cpp	86	Depth1.XRes value did not change.
 3725599	[INFO]	XnProperty.cpp	74	Setting Depth1.Mirror to 1...
 3725620	[INFO]	XnProperty.cpp	151	Property Depth1.FirmwareMirror was changed to 1.
 3725672	[INFO]	XnProperty.cpp	151	Property Depth1.Mirror was changed to 1.
 3725688	[INFO]	XnProperty.cpp	101	Depth1.Mirror was successfully set.
 5340534	[INFO]	XnOpenNI.cpp	1261	Creating node 'User1' of type User...
 5364255	[WARNING]	Linux-x86Threads.cpp	173	Failed to set thread priority: Invalid argument
 5364300	[WARNING]	XnUSBLinux-x86.cpp	126	USB events thread: Failed to set thread priority to critical. This might cause loss of data...
 5365036	[INFO]	XnUSBLinux-x86.cpp	1222	USB read thread was started.
 5365060	[INFO]	XnProperty.cpp	151	Property Depth1.ActualReadData was changed to 1.
 5835817	[INFO]	XnProperty.cpp	151	Property Depth1.State was changed to 1.
 5835860	[INFO]	XnDeviceBase.cpp	370	Stream Depth1 is open.
 7434218	[INFO]	XnOpenNI.cpp	1261	Creating node 'Image1' of type Image...
 7434267	[INFO]	XnDeviceBase.cpp	1383	Creating stream 'Image1' of type 'Image'...
 7434463	[INFO]	XnProperty.cpp	151	Property Image1.Resolution was changed to 0.
 7434483	[INFO]	XnProperty.cpp	151	Property Image1.XRes was changed to 320.
 7434496	[INFO]	XnProperty.cpp	151	Property Image1.YRes was changed to 240.
 7434508	[INFO]	XnProperty.cpp	151	Property Image1.FPS was changed to 30.
 7434520	[INFO]	XnProperty.cpp	151	Property Image1.OutputFormat was changed to 5.
 7434531	[INFO]	XnProperty.cpp	151	Property Image1.BytesPerPixel was changed to 3.
 7434542	[INFO]	XnProperty.cpp	151	Property Image1.RequiredDataSize was changed to 230400.
 7434569	[INFO]	XnDeviceBase.cpp	1458	Stream 'Image1' was initialized.
 7434583	[INFO]	XnDeviceBase.cpp	1463	'Image1' stream was created.
 7434687	[INFO]	XnProperty.cpp	74	Setting Image1.InputFormat to 6...
 7434707	[INFO]	XnProperty.cpp	151	Property Image1.InputFormat was changed to 6.
 7434720	[INFO]	XnProperty.cpp	101	Image1.InputFormat was successfully set.
 7435127	[INFO]	XnDeviceModule.cpp	431	Module 'Image1' configuration was loaded from file.
 7435215	[INFO]	XnProperty.cpp	74	Setting Image1.FPS to 30...
 7435231	[INFO]	XnProperty.cpp	86	Image1.FPS value did not change.
 7435243	[INFO]	XnProperty.cpp	74	Setting Image1.YRes to 480...
 7435256	[INFO]	XnProperty.cpp	151	Property Image1.Resolution was changed to 1.
 7435267	[INFO]	XnProperty.cpp	151	Property Image1.XRes was changed to 640.
 7435279	[INFO]	XnProperty.cpp	151	Property Image1.RequiredDataSize was changed to 460800.
 7435292	[INFO]	XnProperty.cpp	151	Property Image1.YRes was changed to 480.
 7435304	[INFO]	XnProperty.cpp	151	Property Image1.RequiredDataSize was changed to 921600.
 7435317	[INFO]	XnProperty.cpp	101	Image1.YRes was successfully set.
 7435329	[INFO]	XnProperty.cpp	74	Setting Image1.XRes to 640...
 7435340	[INFO]	XnProperty.cpp	86	Image1.XRes value did not change.
 7436209	[INFO]	XnUSBLinux-x86.cpp	1222	USB read thread was started.
 7436253	[INFO]	XnProperty.cpp	151	Property Image1.ActualReadData was changed to 1.
 7600560	[WARNING]	XnDepthProcessor.cpp	133	Read: Depth buffer is corrupt. Size is 594752 (!= 614400)
 7600609	[WARNING]	XnFrameStreamProcessor.cpp	132	Depth frame is corrupt!
 7632637	[WARNING]	XnDepthProcessor.cpp	133	Read: Depth buffer is corrupt. Size is 564160 (!= 614400)
 7632695	[WARNING]	XnFrameStreamProcessor.cpp	132	Depth frame is corrupt!
10536592	[WARNING]	XnDepthProcessor.cpp	133	Read: Depth buffer is corrupt. Size is 591424 (!= 614400)
10536645	[WARNING]	XnFrameStreamProcessor.cpp	132	Depth frame is corrupt!
10637188	[INFO]	XnProperty.cpp	151	Property Image1.State was changed to 1.
10637231	[INFO]	XnDeviceBase.cpp	370	Stream Image1 is open.
10637398	[INFO]	XnProperty.cpp	74	Setting Depth1.Registration to 1...
10672537	[WARNING]	XnDepthProcessor.cpp	133	Read: Depth buffer is corrupt. Size is 567312 (!= 614400)
10672584	[WARNING]	XnFrameStreamProcessor.cpp	132	Depth frame is corrupt!
10789215	[INFO]	XnProperty.cpp	151	Property Depth1.Registration was changed to 1.
10789265	[INFO]	XnProperty.cpp	101	Depth1.Registration was successfully set.
10789321	[INFO]	XnProperty.cpp	74	Setting Image1.Mirror to 1...
10801828	[INFO]	XnProperty.cpp	151	Property Image1.FirmwareMirror was changed to 1.
10801908	[INFO]	XnProperty.cpp	151	Property Image1.Mirror was changed to 1.
10801921	[INFO]	XnProperty.cpp	101	Image1.Mirror was successfully set.
