    1518	[INFO]	XnLog.cpp	165	OpenNI version is 1.0.0 (Build 25)-MacOSX (Jan  7 2011 14:20:18)
    1556	[INFO]	XnLog.cpp	173	Log system initialized. Console: 1, File: 1, Severity: INFO, Masks: ALL
    1586	[INFO]	XnLog.cpp	173	Log system initialized. Console: 1, File: 1, Severity: INFO, Masks: ALL
    2749	[INFO]	XnUSBLinux-x86.cpp	98	USB is initialized.
 2109001	[INFO]	XnOpenNI.cpp	1261	Creating node 'Device1' of type Device...
 2110330	[INFO]	XnDeviceModule.cpp	431	Module 'Device' configuration was loaded from file.
 2327008	[INFO]	XnDeviceSensorIO.cpp	135	Connected to USB device
 2327061	[INFO]	XnProperty.cpp	151	Property Device.USBPath was changed to 045e/02ae@253/8.
 2334342	[INFO]	XnHostProtocol.cpp	825	Hardware versions: FW=5.1.4 (7) HW=4 Chip=2 Sensor=4 SYS=7
 3744012	[INFO]	XnProperty.cpp	151	Property Device.ID was changed to 0.
 3744076	[INFO]	XnSensor.cpp	182	Device sensor initialized
 3744207	[INFO]	XnOpenNI.cpp	1261	Creating node 'Depth1' of type Depth...
 3744265	[INFO]	XnDeviceBase.cpp	1383	Creating stream 'Depth1' of type 'Depth'...
 3744291	[INFO]	XnProperty.cpp	74	Setting Device.ReadData to 1...
 3744336	[INFO]	XnDeviceSensorIO.cpp	298	Endpoints open
 3756857	[INFO]	XnProperty.cpp	151	Property Device.ReadData was changed to 1.
 3756908	[INFO]	XnProperty.cpp	101	Device.ReadData was successfully set.
 3757505	[INFO]	XnProperty.cpp	151	Property Depth1.Resolution was changed to 0.
 3757541	[INFO]	XnProperty.cpp	151	Property Depth1.XRes was changed to 320.
 3757567	[INFO]	XnProperty.cpp	151	Property Depth1.YRes was changed to 240.
 3757591	[INFO]	XnProperty.cpp	151	Property Depth1.FPS was changed to 30.
 3757616	[INFO]	XnProperty.cpp	151	Property Depth1.OutputFormat was changed to 1.
 3757639	[INFO]	XnProperty.cpp	151	Property Depth1.BytesPerPixel was changed to 2.
 3757664	[INFO]	XnProperty.cpp	151	Property Depth1.RequiredDataSize was changed to 153600.
 3757741	[INFO]	XnProperty.cpp	151	Property Depth1.ParamCoeff was changed to 4.
 3757903	[INFO]	XnProperty.cpp	151	Property Depth1.ShiftScale was changed to 10.
 3770381	[INFO]	XnProperty.cpp	151	Property Depth1.ConstShift was changed to 200.
 3770514	[INFO]	XnProperty.cpp	151	Property Depth1.ZPD was changed to 120.
 3770729	[INFO]	XnProperty.cpp	151	Property Depth1.ZPPS was changed to 0.104200.
 3770771	[INFO]	XnProperty.cpp	151	Property Depth1.LDDIS was changed to 7.500000.
 3770946	[INFO]	XnProperty.cpp	151	Property Depth1.Gain was changed to 30.
 3770995	[INFO]	XnDeviceBase.cpp	1458	Stream 'Depth1' was initialized.
 3771021	[INFO]	XnDeviceBase.cpp	1463	'Depth1' stream was created.
 3771294	[INFO]	XnProperty.cpp	74	Setting Depth1.InputFormat to 3...
 3771334	[INFO]	XnProperty.cpp	151	Property Depth1.InputFormat was changed to 3.
 3771360	[INFO]	XnProperty.cpp	101	Depth1.InputFormat was successfully set.
 3772250	[INFO]	XnProperty.cpp	74	Setting Depth1.RegistrationType to 2...
 3772286	[INFO]	XnProperty.cpp	151	Property Depth1.RegistrationType was changed to 2.
 3772320	[INFO]	XnProperty.cpp	101	Depth1.RegistrationType was successfully set.
 3773144	[INFO]	XnDeviceModule.cpp	431	Module 'Depth1' configuration was loaded from file.
 3773438	[INFO]	XnProperty.cpp	74	Setting Depth1.FPS to 30...
 3773470	[INFO]	XnProperty.cpp	86	Depth1.FPS value did not change.
 3773499	[INFO]	XnProperty.cpp	74	Setting Depth1.YRes to 480...
 3773534	[INFO]	XnProperty.cpp	151	Property Depth1.Resolution was changed to 1.
 3773566	[INFO]	XnProperty.cpp	151	Property Depth1.XRes was changed to 640.
 3773596	[INFO]	XnProperty.cpp	151	Property Depth1.RequiredDataSize was changed to 307200.
 3773629	[INFO]	XnProperty.cpp	151	Property Depth1.YRes was changed to 480.
 3773660	[INFO]	XnProperty.cpp	151	Property Depth1.RequiredDataSize was changed to 614400.
 3773691	[INFO]	XnProperty.cpp	101	Depth1.YRes was successfully set.
 3773722	[INFO]	XnProperty.cpp	74	Setting Depth1.XRes to 640...
 3773749	[INFO]	XnProperty.cpp	86	Depth1.XRes value did not change.
 3773833	[INFO]	XnProperty.cpp	74	Setting Depth1.Mirror to 1...
 3773863	[INFO]	XnProperty.cpp	151	Property Depth1.FirmwareMirror was changed to 1.
 3773932	[INFO]	XnProperty.cpp	151	Property Depth1.Mirror was changed to 1.
 3773963	[INFO]	XnProperty.cpp	101	Depth1.Mirror was successfully set.
 5409437	[INFO]	XnOpenNI.cpp	1261	Creating node 'User1' of type User...
 5434105	[WARNING]	Linux-x86Threads.cpp	173	Failed to set thread priority: Invalid argument
 5434154	[WARNING]	XnUSBLinux-x86.cpp	126	USB events thread: Failed to set thread priority to critical. This might cause loss of data...
 5434991	[INFO]	XnUSBLinux-x86.cpp	1222	USB read thread was started.
 5435022	[INFO]	XnProperty.cpp	151	Property Depth1.ActualReadData was changed to 1.
 5905295	[INFO]	XnProperty.cpp	151	Property Depth1.State was changed to 1.
 5905337	[INFO]	XnDeviceBase.cpp	370	Stream Depth1 is open.
 8358428	[INFO]	XnOpenNI.cpp	1261	Creating node 'Image1' of type Image...
 8358480	[INFO]	XnDeviceBase.cpp	1383	Creating stream 'Image1' of type 'Image'...
 8358698	[INFO]	XnProperty.cpp	151	Property Image1.Resolution was changed to 0.
 8358725	[INFO]	XnProperty.cpp	151	Property Image1.XRes was changed to 320.
 8358745	[INFO]	XnProperty.cpp	151	Property Image1.YRes was changed to 240.
 8358761	[INFO]	XnProperty.cpp	151	Property Image1.FPS was changed to 30.
 8358778	[INFO]	XnProperty.cpp	151	Property Image1.OutputFormat was changed to 5.
 8358796	[INFO]	XnProperty.cpp	151	Property Image1.BytesPerPixel was changed to 3.
 8358817	[INFO]	XnProperty.cpp	151	Property Image1.RequiredDataSize was changed to 230400.
 8358856	[INFO]	XnDeviceBase.cpp	1458	Stream 'Image1' was initialized.
 8358879	[INFO]	XnDeviceBase.cpp	1463	'Image1' stream was created.
 8359009	[INFO]	XnProperty.cpp	74	Setting Image1.InputFormat to 6...
 8359062	[INFO]	XnProperty.cpp	151	Property Image1.InputFormat was changed to 6.
 8359107	[INFO]	XnProperty.cpp	101	Image1.InputFormat was successfully set.
 8359720	[INFO]	XnDeviceModule.cpp	431	Module 'Image1' configuration was loaded from file.
 8359864	[INFO]	XnProperty.cpp	74	Setting Image1.FPS to 30...
 8359907	[INFO]	XnProperty.cpp	86	Image1.FPS value did not change.
 8359944	[INFO]	XnProperty.cpp	74	Setting Image1.YRes to 480...
 8359982	[INFO]	XnProperty.cpp	151	Property Image1.Resolution was changed to 1.
 8360010	[INFO]	XnProperty.cpp	151	Property Image1.XRes was changed to 640.
 8360039	[INFO]	XnProperty.cpp	151	Property Image1.RequiredDataSize was changed to 460800.
 8360065	[INFO]	XnProperty.cpp	151	Property Image1.YRes was changed to 480.
 8360093	[INFO]	XnProperty.cpp	151	Property Image1.RequiredDataSize was changed to 921600.
 8360108	[INFO]	XnProperty.cpp	101	Image1.YRes was successfully set.
 8360123	[INFO]	XnProperty.cpp	74	Setting Image1.XRes to 640...
 8360135	[INFO]	XnProperty.cpp	86	Image1.XRes value did not change.
 8361053	[INFO]	XnUSBLinux-x86.cpp	1222	USB read thread was started.
 8361094	[INFO]	XnProperty.cpp	151	Property Image1.ActualReadData was changed to 1.
 8439148	[WARNING]	XnDepthProcessor.cpp	133	Read: Depth buffer is corrupt. Size is 589536 (!= 614400)
 8439195	[WARNING]	XnFrameStreamProcessor.cpp	132	Depth frame is corrupt!
 8539174	[WARNING]	XnDepthProcessor.cpp	133	Read: Depth buffer is corrupt. Size is 559248 (!= 614400)
 8539216	[WARNING]	XnFrameStreamProcessor.cpp	132	Depth frame is corrupt!
 8571172	[WARNING]	XnDepthProcessor.cpp	133	Read: Depth buffer is corrupt. Size is 584320 (!= 614400)
 8571217	[WARNING]	XnFrameStreamProcessor.cpp	132	Depth frame is corrupt!
11443244	[WARNING]	XnDepthProcessor.cpp	133	Read: Depth buffer is corrupt. Size is 591632 (!= 614400)
11443287	[WARNING]	XnFrameStreamProcessor.cpp	132	Depth frame is corrupt!
11561059	[INFO]	XnProperty.cpp	151	Property Image1.State was changed to 1.
11561104	[INFO]	XnDeviceBase.cpp	370	Stream Image1 is open.
11561308	[INFO]	XnProperty.cpp	74	Setting Depth1.Registration to 1...
11575288	[WARNING]	XnDepthProcessor.cpp	133	Read: Depth buffer is corrupt. Size is 584304 (!= 614400)
11575333	[WARNING]	XnFrameStreamProcessor.cpp	132	Depth frame is corrupt!
11607300	[WARNING]	XnDepthProcessor.cpp	133	Read: Depth buffer is corrupt. Size is 589920 (!= 614400)
11607347	[WARNING]	XnFrameStreamProcessor.cpp	132	Depth frame is corrupt!
11712962	[INFO]	XnProperty.cpp	151	Property Depth1.Registration was changed to 1.
11713004	[INFO]	XnProperty.cpp	101	Depth1.Registration was successfully set.
11713050	[INFO]	XnProperty.cpp	74	Setting Image1.Mirror to 1...
11725595	[INFO]	XnProperty.cpp	151	Property Image1.FirmwareMirror was changed to 1.
11725638	[INFO]	XnProperty.cpp	151	Property Image1.Mirror was changed to 1.
11725650	[INFO]	XnProperty.cpp	101	Image1.Mirror was successfully set.
72428281	[INFO]	XnOpenNI.cpp	1459	Destroying node 'User1'
72436489	[INFO]	XnOpenNI.cpp	1459	Destroying node 'Depth1'
72436584	[INFO]	XnDeviceBase.cpp	1507	Destroying stream 'Depth1'...
72438071	[INFO]	XnOpenNI.cpp	1459	Destroying node 'Image1'
72438137	[INFO]	XnDeviceBase.cpp	1507	Destroying stream 'Image1'...
72439138	[INFO]	XnOpenNI.cpp	1459	Destroying node 'Device1'
