    1935	[INFO]	XnLog.cpp	165	OpenNI version is 1.0.0 (Build 25)-MacOSX (Jan  7 2011 14:20:18)
    1989	[INFO]	XnLog.cpp	173	Log system initialized. Console: 1, File: 1, Severity: INFO, Masks: ALL
    2027	[INFO]	XnLog.cpp	173	Log system initialized. Console: 1, File: 1, Severity: INFO, Masks: ALL
    3541	[INFO]	XnUSBLinux-x86.cpp	98	USB is initialized.
 2485277	[INFO]	XnOpenNI.cpp	1261	Creating node 'Device1' of type Device...
 2517566	[INFO]	XnDeviceModule.cpp	431	Module 'Device' configuration was loaded from file.
 2845112	[INFO]	XnDeviceSensorIO.cpp	135	Connected to USB device
 2845163	[INFO]	XnProperty.cpp	151	Property Device.USBPath was changed to 045e/02ae@253/8.
 2852144	[INFO]	XnHostProtocol.cpp	825	Hardware versions: FW=5.1.4 (7) HW=4 Chip=2 Sensor=4 SYS=7
 4254687	[INFO]	XnProperty.cpp	151	Property Device.ID was changed to 0.
 4254746	[INFO]	XnSensor.cpp	182	Device sensor initialized
 4254838	[INFO]	XnOpenNI.cpp	1261	Creating node 'Depth1' of type Depth...
 4254879	[INFO]	XnDeviceBase.cpp	1383	Creating stream 'Depth1' of type 'Depth'...
 4254897	[INFO]	XnProperty.cpp	74	Setting Device.ReadData to 1...
 4254928	[INFO]	XnDeviceSensorIO.cpp	298	Endpoints open
 4266934	[INFO]	XnProperty.cpp	151	Property Device.ReadData was changed to 1.
 4266973	[INFO]	XnProperty.cpp	101	Device.ReadData was successfully set.
 4267464	[INFO]	XnProperty.cpp	151	Property Depth1.Resolution was changed to 0.
 4267494	[INFO]	XnProperty.cpp	151	Property Depth1.XRes was changed to 320.
 4267515	[INFO]	XnProperty.cpp	151	Property Depth1.YRes was changed to 240.
 4267536	[INFO]	XnProperty.cpp	151	Property Depth1.FPS was changed to 30.
 4267554	[INFO]	XnProperty.cpp	151	Property Depth1.OutputFormat was changed to 1.
 4267571	[INFO]	XnProperty.cpp	151	Property Depth1.BytesPerPixel was changed to 2.
 4267589	[INFO]	XnProperty.cpp	151	Property Depth1.RequiredDataSize was changed to 153600.
 4267613	[INFO]	XnProperty.cpp	151	Property Depth1.ParamCoeff was changed to 4.
 4267688	[INFO]	XnProperty.cpp	151	Property Depth1.ShiftScale was changed to 10.
 4281151	[INFO]	XnProperty.cpp	151	Property Depth1.ConstShift was changed to 200.
 4281235	[INFO]	XnProperty.cpp	151	Property Depth1.ZPD was changed to 120.
 4281332	[INFO]	XnProperty.cpp	151	Property Depth1.ZPPS was changed to 0.104200.
 4281346	[INFO]	XnProperty.cpp	151	Property Depth1.LDDIS was changed to 7.500000.
 4281434	[INFO]	XnProperty.cpp	151	Property Depth1.Gain was changed to 30.
 4281467	[INFO]	XnDeviceBase.cpp	1458	Stream 'Depth1' was initialized.
 4281481	[INFO]	XnDeviceBase.cpp	1463	'Depth1' stream was created.
 4281610	[INFO]	XnProperty.cpp	74	Setting Depth1.InputFormat to 3...
 4281630	[INFO]	XnProperty.cpp	151	Property Depth1.InputFormat was changed to 3.
 4281643	[INFO]	XnProperty.cpp	101	Depth1.InputFormat was successfully set.
 4282071	[INFO]	XnProperty.cpp	74	Setting Depth1.RegistrationType to 2...
 4282087	[INFO]	XnProperty.cpp	151	Property Depth1.RegistrationType was changed to 2.
 4282098	[INFO]	XnProperty.cpp	101	Depth1.RegistrationType was successfully set.
 4282548	[INFO]	XnDeviceModule.cpp	431	Module 'Depth1' configuration was loaded from file.
 4282726	[INFO]	XnProperty.cpp	74	Setting Depth1.FPS to 30...
 4282742	[INFO]	XnProperty.cpp	86	Depth1.FPS value did not change.
 4282754	[INFO]	XnProperty.cpp	74	Setting Depth1.YRes to 480...
 4282768	[INFO]	XnProperty.cpp	151	Property Depth1.Resolution was changed to 1.
 4282780	[INFO]	XnProperty.cpp	151	Property Depth1.XRes was changed to 640.
 4282793	[INFO]	XnProperty.cpp	151	Property Depth1.RequiredDataSize was changed to 307200.
 4282808	[INFO]	XnProperty.cpp	151	Property Depth1.YRes was changed to 480.
 4282820	[INFO]	XnProperty.cpp	151	Property Depth1.RequiredDataSize was changed to 614400.
 4282833	[INFO]	XnProperty.cpp	101	Depth1.YRes was successfully set.
 4282845	[INFO]	XnProperty.cpp	74	Setting Depth1.XRes to 640...
 4282856	[INFO]	XnProperty.cpp	86	Depth1.XRes value did not change.
 4282898	[INFO]	XnProperty.cpp	74	Setting Depth1.Mirror to 1...
 4282913	[INFO]	XnProperty.cpp	151	Property Depth1.FirmwareMirror was changed to 1.
 4282954	[INFO]	XnProperty.cpp	151	Property Depth1.Mirror was changed to 1.
 4282967	[INFO]	XnProperty.cpp	101	Depth1.Mirror was successfully set.
 6815657	[INFO]	XnOpenNI.cpp	1261	Creating node 'User1' of type User...
 7014233	[WARNING]	Linux-x86Threads.cpp	173	Failed to set thread priority: Invalid argument
 7014273	[WARNING]	XnUSBLinux-x86.cpp	126	USB events thread: Failed to set thread priority to critical. This might cause loss of data...
 7015058	[INFO]	XnUSBLinux-x86.cpp	1222	USB read thread was started.
 7015087	[INFO]	XnProperty.cpp	151	Property Depth1.ActualReadData was changed to 1.
 7485670	[INFO]	XnProperty.cpp	151	Property Depth1.State was changed to 1.
 7485712	[INFO]	XnDeviceBase.cpp	370	Stream Depth1 is open.
 9941683	[INFO]	XnOpenNI.cpp	1261	Creating node 'Image1' of type Image...
 9941733	[INFO]	XnDeviceBase.cpp	1383	Creating stream 'Image1' of type 'Image'...
 9941939	[INFO]	XnProperty.cpp	151	Property Image1.Resolution was changed to 0.
 9941964	[INFO]	XnProperty.cpp	151	Property Image1.XRes was changed to 320.
 9941983	[INFO]	XnProperty.cpp	151	Property Image1.YRes was changed to 240.
 9942000	[INFO]	XnProperty.cpp	151	Property Image1.FPS was changed to 30.
 9942019	[INFO]	XnProperty.cpp	151	Property Image1.OutputFormat was changed to 5.
 9942036	[INFO]	XnProperty.cpp	151	Property Image1.BytesPerPixel was changed to 3.
 9942055	[INFO]	XnProperty.cpp	151	Property Image1.RequiredDataSize was changed to 230400.
 9942094	[INFO]	XnDeviceBase.cpp	1458	Stream 'Image1' was initialized.
 9942115	[INFO]	XnDeviceBase.cpp	1463	'Image1' stream was created.
 9942244	[INFO]	XnProperty.cpp	74	Setting Image1.InputFormat to 6...
 9942284	[INFO]	XnProperty.cpp	151	Property Image1.InputFormat was changed to 6.
 9942306	[INFO]	XnProperty.cpp	101	Image1.InputFormat was successfully set.
 9942905	[INFO]	XnDeviceModule.cpp	431	Module 'Image1' configuration was loaded from file.
 9943013	[INFO]	XnProperty.cpp	74	Setting Image1.FPS to 30...
 9943035	[INFO]	XnProperty.cpp	86	Image1.FPS value did not change.
 9943054	[INFO]	XnProperty.cpp	74	Setting Image1.YRes to 480...
 9943075	[INFO]	XnProperty.cpp	151	Property Image1.Resolution was changed to 1.
 9943095	[INFO]	XnProperty.cpp	151	Property Image1.XRes was changed to 640.
 9943115	[INFO]	XnProperty.cpp	151	Property Image1.RequiredDataSize was changed to 460800.
 9943139	[INFO]	XnProperty.cpp	151	Property Image1.YRes was changed to 480.
 9943161	[INFO]	XnProperty.cpp	151	Property Image1.RequiredDataSize was changed to 921600.
 9943183	[INFO]	XnProperty.cpp	101	Image1.YRes was successfully set.
 9943204	[INFO]	XnProperty.cpp	74	Setting Image1.XRes to 640...
 9943221	[INFO]	XnProperty.cpp	86	Image1.XRes value did not change.
 9944229	[INFO]	XnUSBLinux-x86.cpp	1222	USB read thread was started.
 9944279	[INFO]	XnProperty.cpp	151	Property Image1.ActualReadData was changed to 1.
10118457	[WARNING]	XnDepthProcessor.cpp	133	Read: Depth buffer is corrupt. Size is 555936 (!= 614400)
10118495	[WARNING]	XnFrameStreamProcessor.cpp	132	Depth frame is corrupt!
13022467	[WARNING]	XnDepthProcessor.cpp	133	Read: Depth buffer is corrupt. Size is 595008 (!= 614400)
13022516	[WARNING]	XnFrameStreamProcessor.cpp	132	Depth frame is corrupt!
13144348	[INFO]	XnProperty.cpp	151	Property Image1.State was changed to 1.
13144400	[INFO]	XnDeviceBase.cpp	370	Stream Image1 is open.
13144612	[INFO]	XnProperty.cpp	74	Setting Depth1.Registration to 1...
