    1485	[INFO]	XnLog.cpp	165	OpenNI version is 1.0.0 (Build 25)-MacOSX (Jan  7 2011 14:20:18)
    1544	[INFO]	XnLog.cpp	173	Log system initialized. Console: 1, File: 1, Severity: INFO, Masks: ALL
    1579	[INFO]	XnLog.cpp	173	Log system initialized. Console: 1, File: 1, Severity: INFO, Masks: ALL
    3048	[INFO]	XnUSBLinux-x86.cpp	98	USB is initialized.
 1957995	[INFO]	XnOpenNI.cpp	1261	Creating node 'Device1' of type Device...
 1958911	[INFO]	XnDeviceModule.cpp	431	Module 'Device' configuration was loaded from file.
 2215138	[INFO]	XnDeviceSensorIO.cpp	135	Connected to USB device
 2215193	[INFO]	XnProperty.cpp	151	Property Device.USBPath was changed to 045e/02ae@253/8.
 2222480	[INFO]	XnHostProtocol.cpp	825	Hardware versions: FW=5.1.4 (7) HW=4 Chip=2 Sensor=4 SYS=7
 3634422	[INFO]	XnProperty.cpp	151	Property Device.ID was changed to 0.
 3634481	[INFO]	XnSensor.cpp	182	Device sensor initialized
 3634591	[INFO]	XnOpenNI.cpp	1261	Creating node 'Depth1' of type Depth...
 3634650	[INFO]	XnDeviceBase.cpp	1383	Creating stream 'Depth1' of type 'Depth'...
 3634675	[INFO]	XnProperty.cpp	74	Setting Device.ReadData to 1...
 3634718	[INFO]	XnDeviceSensorIO.cpp	298	Endpoints open
 3646906	[INFO]	XnProperty.cpp	151	Property Device.ReadData was changed to 1.
 3646935	[INFO]	XnProperty.cpp	101	Device.ReadData was successfully set.
 3647252	[INFO]	XnProperty.cpp	151	Property Depth1.Resolution was changed to 0.
 3647273	[INFO]	XnProperty.cpp	151	Property Depth1.XRes was changed to 320.
 3647286	[INFO]	XnProperty.cpp	151	Property Depth1.YRes was changed to 240.
 3647298	[INFO]	XnProperty.cpp	151	Property Depth1.FPS was changed to 30.
 3647309	[INFO]	XnProperty.cpp	151	Property Depth1.OutputFormat was changed to 1.
 3647320	[INFO]	XnProperty.cpp	151	Property Depth1.BytesPerPixel was changed to 2.
 3647332	[INFO]	XnProperty.cpp	151	Property Depth1.RequiredDataSize was changed to 153600.
 3647347	[INFO]	XnProperty.cpp	151	Property Depth1.ParamCoeff was changed to 4.
 3647406	[INFO]	XnProperty.cpp	151	Property Depth1.ShiftScale was changed to 10.
 3660017	[INFO]	XnProperty.cpp	151	Property Depth1.ConstShift was changed to 200.
 3660095	[INFO]	XnProperty.cpp	151	Property Depth1.ZPD was changed to 120.
 3660215	[INFO]	XnProperty.cpp	151	Property Depth1.ZPPS was changed to 0.104200.
 3660240	[INFO]	XnProperty.cpp	151	Property Depth1.LDDIS was changed to 7.500000.
 3660359	[INFO]	XnProperty.cpp	151	Property Depth1.Gain was changed to 30.
 3660400	[INFO]	XnDeviceBase.cpp	1458	Stream 'Depth1' was initialized.
 3660422	[INFO]	XnDeviceBase.cpp	1463	'Depth1' stream was created.
 3660627	[INFO]	XnProperty.cpp	74	Setting Depth1.InputFormat to 3...
 3660658	[INFO]	XnProperty.cpp	151	Property Depth1.InputFormat was changed to 3.
 3660685	[INFO]	XnProperty.cpp	101	Depth1.InputFormat was successfully set.
 3661380	[INFO]	XnProperty.cpp	74	Setting Depth1.RegistrationType to 2...
 3661407	[INFO]	XnProperty.cpp	151	Property Depth1.RegistrationType was changed to 2.
 3661426	[INFO]	XnProperty.cpp	101	Depth1.RegistrationType was successfully set.
 3662136	[INFO]	XnDeviceModule.cpp	431	Module 'Depth1' configuration was loaded from file.
 3662348	[INFO]	XnProperty.cpp	74	Setting Depth1.FPS to 30...
 3662371	[INFO]	XnProperty.cpp	86	Depth1.FPS value did not change.
 3662394	[INFO]	XnProperty.cpp	74	Setting Depth1.YRes to 480...
 3662417	[INFO]	XnProperty.cpp	151	Property Depth1.Resolution was changed to 1.
 3662437	[INFO]	XnProperty.cpp	151	Property Depth1.XRes was changed to 640.
 3662458	[INFO]	XnProperty.cpp	151	Property Depth1.RequiredDataSize was changed to 307200.
 3662481	[INFO]	XnProperty.cpp	151	Property Depth1.YRes was changed to 480.
 3662501	[INFO]	XnProperty.cpp	151	Property Depth1.RequiredDataSize was changed to 614400.
 3662522	[INFO]	XnProperty.cpp	101	Depth1.YRes was successfully set.
 3662544	[INFO]	XnProperty.cpp	74	Setting Depth1.XRes to 640...
 3662562	[INFO]	XnProperty.cpp	86	Depth1.XRes value did not change.
 3662624	[INFO]	XnProperty.cpp	74	Setting Depth1.Mirror to 1...
 3662650	[INFO]	XnProperty.cpp	151	Property Depth1.FirmwareMirror was changed to 1.
 3662711	[INFO]	XnProperty.cpp	151	Property Depth1.Mirror was changed to 1.
 3662732	[INFO]	XnProperty.cpp	101	Depth1.Mirror was successfully set.
 4751699	[INFO]	XnOpenNI.cpp	1261	Creating node 'User1' of type User...
 4777251	[WARNING]	Linux-x86Threads.cpp	173	Failed to set thread priority: Invalid argument
 4777295	[WARNING]	XnUSBLinux-x86.cpp	126	USB events thread: Failed to set thread priority to critical. This might cause loss of data...
 4778207	[INFO]	XnUSBLinux-x86.cpp	1222	USB read thread was started.
 4778238	[INFO]	XnProperty.cpp	151	Property Depth1.ActualReadData was changed to 1.
 5250020	[INFO]	XnProperty.cpp	151	Property Depth1.State was changed to 1.
 5250072	[INFO]	XnDeviceBase.cpp	370	Stream Depth1 is open.
 6865368	[INFO]	XnOpenNI.cpp	1261	Creating node 'Image1' of type Image...
 6865419	[INFO]	XnDeviceBase.cpp	1383	Creating stream 'Image1' of type 'Image'...
 6865622	[INFO]	XnProperty.cpp	151	Property Image1.Resolution was changed to 0.
 6865648	[INFO]	XnProperty.cpp	151	Property Image1.XRes was changed to 320.
 6865666	[INFO]	XnProperty.cpp	151	Property Image1.YRes was changed to 240.
 6865684	[INFO]	XnProperty.cpp	151	Property Image1.FPS was changed to 30.
 6865699	[INFO]	XnProperty.cpp	151	Property Image1.OutputFormat was changed to 5.
 6865718	[INFO]	XnProperty.cpp	151	Property Image1.BytesPerPixel was changed to 3.
 6865736	[INFO]	XnProperty.cpp	151	Property Image1.RequiredDataSize was changed to 230400.
 6865776	[INFO]	XnDeviceBase.cpp	1458	Stream 'Image1' was initialized.
 6865799	[INFO]	XnDeviceBase.cpp	1463	'Image1' stream was created.
 6865929	[INFO]	XnProperty.cpp	74	Setting Image1.InputFormat to 6...
 6865960	[INFO]	XnProperty.cpp	151	Property Image1.InputFormat was changed to 6.
 6865979	[INFO]	XnProperty.cpp	101	Image1.InputFormat was successfully set.
 6866587	[INFO]	XnDeviceModule.cpp	431	Module 'Image1' configuration was loaded from file.
 6866697	[INFO]	XnProperty.cpp	74	Setting Image1.FPS to 30...
 6866720	[INFO]	XnProperty.cpp	86	Image1.FPS value did not change.
 6866738	[INFO]	XnProperty.cpp	74	Setting Image1.YRes to 480...
 6866755	[INFO]	XnProperty.cpp	151	Property Image1.Resolution was changed to 1.
 6866772	[INFO]	XnProperty.cpp	151	Property Image1.XRes was changed to 640.
 6866792	[INFO]	XnProperty.cpp	151	Property Image1.RequiredDataSize was changed to 460800.
 6866814	[INFO]	XnProperty.cpp	151	Property Image1.YRes was changed to 480.
 6866836	[INFO]	XnProperty.cpp	151	Property Image1.RequiredDataSize was changed to 921600.
 6866858	[INFO]	XnProperty.cpp	101	Image1.YRes was successfully set.
 6866881	[INFO]	XnProperty.cpp	74	Setting Image1.XRes to 640...
 6866900	[INFO]	XnProperty.cpp	86	Image1.XRes value did not change.
 6867936	[INFO]	XnUSBLinux-x86.cpp	1222	USB read thread was started.
 6867975	[INFO]	XnProperty.cpp	151	Property Image1.ActualReadData was changed to 1.
 7050226	[WARNING]	XnDepthProcessor.cpp	133	Read: Depth buffer is corrupt. Size is 541744 (!= 614400)
 7050272	[WARNING]	XnFrameStreamProcessor.cpp	132	Depth frame is corrupt!
 7082253	[WARNING]	XnDepthProcessor.cpp	133	Read: Depth buffer is corrupt. Size is 599760 (!= 614400)
 7082297	[WARNING]	XnFrameStreamProcessor.cpp	132	Depth frame is corrupt!
 9950609	[WARNING]	XnDepthProcessor.cpp	133	Read: Depth buffer is corrupt. Size is 593360 (!= 614400)
 9950652	[WARNING]	XnFrameStreamProcessor.cpp	132	Depth frame is corrupt!
10068285	[INFO]	XnProperty.cpp	151	Property Image1.State was changed to 1.
10068327	[INFO]	XnDeviceBase.cpp	370	Stream Image1 is open.
10068533	[INFO]	XnProperty.cpp	74	Setting Depth1.Registration to 1...
10086579	[WARNING]	XnDepthProcessor.cpp	133	Read: Depth buffer is corrupt. Size is 592304 (!= 614400)
10086624	[WARNING]	XnFrameStreamProcessor.cpp	132	Depth frame is corrupt!
10118540	[WARNING]	XnDepthProcessor.cpp	133	Read: Depth buffer is corrupt. Size is 591696 (!= 614400)
10118585	[WARNING]	XnFrameStreamProcessor.cpp	132	Depth frame is corrupt!
10219599	[INFO]	XnProperty.cpp	151	Property Depth1.Registration was changed to 1.
10219643	[INFO]	XnProperty.cpp	101	Depth1.Registration was successfully set.
10219729	[INFO]	XnProperty.cpp	74	Setting Image1.Mirror to 1...
10232561	[INFO]	XnProperty.cpp	151	Property Image1.FirmwareMirror was changed to 1.
10232600	[INFO]	XnProperty.cpp	151	Property Image1.Mirror was changed to 1.
10232612	[INFO]	XnProperty.cpp	101	Image1.Mirror was successfully set.
115127897	[INFO]	XnOpenNI.cpp	1459	Destroying node 'User1'
115136140	[INFO]	XnOpenNI.cpp	1459	Destroying node 'Depth1'
115136233	[INFO]	XnDeviceBase.cpp	1507	Destroying stream 'Depth1'...
115137713	[INFO]	XnOpenNI.cpp	1459	Destroying node 'Image1'
115137772	[INFO]	XnDeviceBase.cpp	1507	Destroying stream 'Image1'...
115138776	[INFO]	XnOpenNI.cpp	1459	Destroying node 'Device1'
