    1509	[INFO]	XnLog.cpp	165	OpenNI version is 1.0.0 (Build 25)-MacOSX (Jan  7 2011 14:20:18)
    1553	[INFO]	XnLog.cpp	173	Log system initialized. Console: 1, File: 1, Severity: INFO, Masks: ALL
    1577	[INFO]	XnLog.cpp	173	Log system initialized. Console: 1, File: 1, Severity: INFO, Masks: ALL
    2725	[INFO]	XnUSBLinux-x86.cpp	98	USB is initialized.
 1591545	[INFO]	XnOpenNI.cpp	1261	Creating node 'Device1' of type Device...
 1592618	[INFO]	XnDeviceModule.cpp	431	Module 'Device' configuration was loaded from file.
 1803095	[INFO]	XnDeviceSensorIO.cpp	135	Connected to USB device
 1803162	[INFO]	XnProperty.cpp	151	Property Device.USBPath was changed to 045e/02ae@253/8.
 1811650	[INFO]	XnHostProtocol.cpp	825	Hardware versions: FW=5.1.4 (7) HW=4 Chip=2 Sensor=4 SYS=7
 3216328	[INFO]	XnProperty.cpp	151	Property Device.ID was changed to 0.
 3216404	[INFO]	XnSensor.cpp	182	Device sensor initialized
 3216518	[INFO]	XnOpenNI.cpp	1261	Creating node 'Depth1' of type Depth...
 3216572	[INFO]	XnDeviceBase.cpp	1383	Creating stream 'Depth1' of type 'Depth'...
 3216597	[INFO]	XnProperty.cpp	74	Setting Device.ReadData to 1...
 3216637	[INFO]	XnDeviceSensorIO.cpp	298	Endpoints open
 3229062	[INFO]	XnProperty.cpp	151	Property Device.ReadData was changed to 1.
 3229107	[INFO]	XnProperty.cpp	101	Device.ReadData was successfully set.
 3229471	[INFO]	XnProperty.cpp	151	Property Depth1.Resolution was changed to 0.
 3229492	[INFO]	XnProperty.cpp	151	Property Depth1.XRes was changed to 320.
 3229505	[INFO]	XnProperty.cpp	151	Property Depth1.YRes was changed to 240.
 3229517	[INFO]	XnProperty.cpp	151	Property Depth1.FPS was changed to 30.
 3229528	[INFO]	XnProperty.cpp	151	Property Depth1.OutputFormat was changed to 1.
 3229539	[INFO]	XnProperty.cpp	151	Property Depth1.BytesPerPixel was changed to 2.
 3229551	[INFO]	XnProperty.cpp	151	Property Depth1.RequiredDataSize was changed to 153600.
 3229566	[INFO]	XnProperty.cpp	151	Property Depth1.ParamCoeff was changed to 4.
 3229625	[INFO]	XnProperty.cpp	151	Property Depth1.ShiftScale was changed to 10.
 3241650	[INFO]	XnProperty.cpp	151	Property Depth1.ConstShift was changed to 200.
 3241730	[INFO]	XnProperty.cpp	151	Property Depth1.ZPD was changed to 120.
 3241826	[INFO]	XnProperty.cpp	151	Property Depth1.ZPPS was changed to 0.104200.
 3241844	[INFO]	XnProperty.cpp	151	Property Depth1.LDDIS was changed to 7.500000.
 3241949	[INFO]	XnProperty.cpp	151	Property Depth1.Gain was changed to 30.
 3241989	[INFO]	XnDeviceBase.cpp	1458	Stream 'Depth1' was initialized.
 3242012	[INFO]	XnDeviceBase.cpp	1463	'Depth1' stream was created.
 3242187	[INFO]	XnProperty.cpp	74	Setting Depth1.InputFormat to 3...
 3242214	[INFO]	XnProperty.cpp	151	Property Depth1.InputFormat was changed to 3.
 3242234	[INFO]	XnProperty.cpp	101	Depth1.InputFormat was successfully set.
 3242682	[INFO]	XnProperty.cpp	74	Setting Depth1.RegistrationType to 2...
 3242701	[INFO]	XnProperty.cpp	151	Property Depth1.RegistrationType was changed to 2.
 3242718	[INFO]	XnProperty.cpp	101	Depth1.RegistrationType was successfully set.
 3243191	[INFO]	XnDeviceModule.cpp	431	Module 'Depth1' configuration was loaded from file.
 3243371	[INFO]	XnProperty.cpp	74	Setting Depth1.FPS to 30...
 3243390	[INFO]	XnProperty.cpp	86	Depth1.FPS value did not change.
 3243405	[INFO]	XnProperty.cpp	74	Setting Depth1.YRes to 480...
 3243428	[INFO]	XnProperty.cpp	151	Property Depth1.Resolution was changed to 1.
 3243449	[INFO]	XnProperty.cpp	151	Property Depth1.XRes was changed to 640.
 3243467	[INFO]	XnProperty.cpp	151	Property Depth1.RequiredDataSize was changed to 307200.
 3243484	[INFO]	XnProperty.cpp	151	Property Depth1.YRes was changed to 480.
 3243497	[INFO]	XnProperty.cpp	151	Property Depth1.RequiredDataSize was changed to 614400.
 3243509	[INFO]	XnProperty.cpp	101	Depth1.YRes was successfully set.
 3243522	[INFO]	XnProperty.cpp	74	Setting Depth1.XRes to 640...
 3243533	[INFO]	XnProperty.cpp	86	Depth1.XRes value did not change.
 3243578	[INFO]	XnProperty.cpp	74	Setting Depth1.Mirror to 1...
 3243593	[INFO]	XnProperty.cpp	151	Property Depth1.FirmwareMirror was changed to 1.
 3243638	[INFO]	XnProperty.cpp	151	Property Depth1.Mirror was changed to 1.
 3243650	[INFO]	XnProperty.cpp	101	Depth1.Mirror was successfully set.
 4826381	[INFO]	XnOpenNI.cpp	1261	Creating node 'User1' of type User...
 4853050	[WARNING]	Linux-x86Threads.cpp	173	Failed to set thread priority: Invalid argument
 4853098	[WARNING]	XnUSBLinux-x86.cpp	126	USB events thread: Failed to set thread priority to critical. This might cause loss of data...
 4853987	[INFO]	XnUSBLinux-x86.cpp	1222	USB read thread was started.
 4854023	[INFO]	XnProperty.cpp	151	Property Depth1.ActualReadData was changed to 1.
 5324651	[INFO]	XnProperty.cpp	151	Property Depth1.State was changed to 1.
 5324695	[INFO]	XnDeviceBase.cpp	370	Stream Depth1 is open.
 7746929	[INFO]	XnOpenNI.cpp	1261	Creating node 'Image1' of type Image...
 7746986	[INFO]	XnDeviceBase.cpp	1383	Creating stream 'Image1' of type 'Image'...
 7747220	[INFO]	XnProperty.cpp	151	Property Image1.Resolution was changed to 0.
 7747244	[INFO]	XnProperty.cpp	151	Property Image1.XRes was changed to 320.
 7747266	[INFO]	XnProperty.cpp	151	Property Image1.YRes was changed to 240.
 7747286	[INFO]	XnProperty.cpp	151	Property Image1.FPS was changed to 30.
 7747311	[INFO]	XnProperty.cpp	151	Property Image1.OutputFormat was changed to 5.
 7747338	[INFO]	XnProperty.cpp	151	Property Image1.BytesPerPixel was changed to 3.
 7747370	[INFO]	XnProperty.cpp	151	Property Image1.RequiredDataSize was changed to 230400.
 7747425	[INFO]	XnDeviceBase.cpp	1458	Stream 'Image1' was initialized.
 7747460	[INFO]	XnDeviceBase.cpp	1463	'Image1' stream was created.
 7747627	[INFO]	XnProperty.cpp	74	Setting Image1.InputFormat to 6...
 7747670	[INFO]	XnProperty.cpp	151	Property Image1.InputFormat was changed to 6.
 7747694	[INFO]	XnProperty.cpp	101	Image1.InputFormat was successfully set.
 7748352	[INFO]	XnDeviceModule.cpp	431	Module 'Image1' configuration was loaded from file.
 7748455	[INFO]	XnProperty.cpp	74	Setting Image1.FPS to 30...
 7748489	[INFO]	XnProperty.cpp	86	Image1.FPS value did not change.
 7748515	[INFO]	XnProperty.cpp	74	Setting Image1.YRes to 480...
 7748534	[INFO]	XnProperty.cpp	151	Property Image1.Resolution was changed to 1.
 7748549	[INFO]	XnProperty.cpp	151	Property Image1.XRes was changed to 640.
 7748564	[INFO]	XnProperty.cpp	151	Property Image1.RequiredDataSize was changed to 460800.
 7748580	[INFO]	XnProperty.cpp	151	Property Image1.YRes was changed to 480.
 7748605	[INFO]	XnProperty.cpp	151	Property Image1.RequiredDataSize was changed to 921600.
 7748693	[INFO]	XnProperty.cpp	101	Image1.YRes was successfully set.
 7748718	[INFO]	XnProperty.cpp	74	Setting Image1.XRes to 640...
 7748737	[INFO]	XnProperty.cpp	86	Image1.XRes value did not change.
 7749717	[INFO]	XnUSBLinux-x86.cpp	1222	USB read thread was started.
 7749766	[INFO]	XnProperty.cpp	151	Property Image1.ActualReadData was changed to 1.
 7929459	[WARNING]	XnFrameStreamProcessor.cpp	140	Depth Frame Buffer overflow! current size: 612768
 7929509	[WARNING]	XnFrameStreamProcessor.cpp	132	Depth frame is corrupt!
 7957483	[WARNING]	XnDepthProcessor.cpp	133	Read: Depth buffer is corrupt. Size is 612768 (!= 614400)
10825581	[WARNING]	XnDepthProcessor.cpp	133	Read: Depth buffer is corrupt. Size is 594896 (!= 614400)
10825628	[WARNING]	XnFrameStreamProcessor.cpp	132	Depth frame is corrupt!
10950163	[INFO]	XnProperty.cpp	151	Property Image1.State was changed to 1.
10950205	[INFO]	XnDeviceBase.cpp	370	Stream Image1 is open.
10950391	[INFO]	XnProperty.cpp	74	Setting Depth1.Registration to 1...
10993585	[WARNING]	XnDepthProcessor.cpp	133	Read: Depth buffer is corrupt. Size is 598208 (!= 614400)
10993641	[WARNING]	XnFrameStreamProcessor.cpp	132	Depth frame is corrupt!
11102995	[INFO]	XnProperty.cpp	151	Property Depth1.Registration was changed to 1.
11103061	[INFO]	XnProperty.cpp	101	Depth1.Registration was successfully set.
11103128	[INFO]	XnProperty.cpp	74	Setting Image1.Mirror to 1...
11115646	[INFO]	XnProperty.cpp	151	Property Image1.FirmwareMirror was changed to 1.
11115688	[INFO]	XnProperty.cpp	151	Property Image1.Mirror was changed to 1.
11115734	[INFO]	XnProperty.cpp	101	Image1.Mirror was successfully set.
22303277	[INFO]	XnOpenNI.cpp	1459	Destroying node 'User1'
22312657	[INFO]	XnOpenNI.cpp	1459	Destroying node 'Depth1'
22312779	[INFO]	XnDeviceBase.cpp	1507	Destroying stream 'Depth1'...
22314876	[INFO]	XnOpenNI.cpp	1459	Destroying node 'Image1'
22314948	[INFO]	XnDeviceBase.cpp	1507	Destroying stream 'Image1'...
22315871	[INFO]	XnOpenNI.cpp	1459	Destroying node 'Device1'
