   32880	[INFO]	XnLog.cpp	165	OpenNI version is 1.0.0 (Build 25)-MacOSX (Jan  7 2011 14:20:18)
   32945	[INFO]	XnLog.cpp	173	Log system initialized. Console: 1, File: 1, Severity: INFO, Masks: ALL
   32975	[INFO]	XnLog.cpp	173	Log system initialized. Console: 1, File: 1, Severity: INFO, Masks: ALL
   34162	[INFO]	XnUSBLinux-x86.cpp	98	USB is initialized.
 3108592	[INFO]	XnOpenNI.cpp	1261	Creating node 'Device1' of type Device...
 3109381	[INFO]	XnDeviceModule.cpp	431	Module 'Device' configuration was loaded from file.
 3261969	[INFO]	XnDeviceSensorIO.cpp	135	Connected to USB device
 3262023	[INFO]	XnProperty.cpp	151	Property Device.USBPath was changed to 045e/02ae@250/10.
 3294022	[INFO]	XnHostProtocol.cpp	825	Hardware versions: FW=5.1.4 (7) HW=4 Chip=2 Sensor=4 SYS=7
 4699764	[INFO]	XnProperty.cpp	151	Property Device.ID was changed to 0.
 4699824	[INFO]	XnSensor.cpp	182	Device sensor initialized
 4699903	[INFO]	XnOpenNI.cpp	1261	Creating node 'Depth1' of type Depth...
 4699939	[INFO]	XnDeviceBase.cpp	1383	Creating stream 'Depth1' of type 'Depth'...
 4699956	[INFO]	XnProperty.cpp	74	Setting Device.ReadData to 1...
 4699996	[INFO]	XnDeviceSensorIO.cpp	298	Endpoints open
 4712105	[INFO]	XnProperty.cpp	151	Property Device.ReadData was changed to 1.
 4712153	[INFO]	XnProperty.cpp	101	Device.ReadData was successfully set.
 4712590	[INFO]	XnProperty.cpp	151	Property Depth1.Resolution was changed to 0.
 4712620	[INFO]	XnProperty.cpp	151	Property Depth1.XRes was changed to 320.
 4712640	[INFO]	XnProperty.cpp	151	Property Depth1.YRes was changed to 240.
 4712659	[INFO]	XnProperty.cpp	151	Property Depth1.FPS was changed to 30.
 4712675	[INFO]	XnProperty.cpp	151	Property Depth1.OutputFormat was changed to 1.
 4712691	[INFO]	XnProperty.cpp	151	Property Depth1.BytesPerPixel was changed to 2.
 4712709	[INFO]	XnProperty.cpp	151	Property Depth1.RequiredDataSize was changed to 153600.
 4712731	[INFO]	XnProperty.cpp	151	Property Depth1.ParamCoeff was changed to 4.
 4712802	[INFO]	XnProperty.cpp	151	Property Depth1.ShiftScale was changed to 10.
 4725440	[INFO]	XnProperty.cpp	151	Property Depth1.ConstShift was changed to 200.
 4725532	[INFO]	XnProperty.cpp	151	Property Depth1.ZPD was changed to 120.
 4725644	[INFO]	XnProperty.cpp	151	Property Depth1.ZPPS was changed to 0.104200.
 4725670	[INFO]	XnProperty.cpp	151	Property Depth1.LDDIS was changed to 7.500000.
 4725791	[INFO]	XnProperty.cpp	151	Property Depth1.Gain was changed to 30.
 4725839	[INFO]	XnDeviceBase.cpp	1458	Stream 'Depth1' was initialized.
 4725862	[INFO]	XnDeviceBase.cpp	1463	'Depth1' stream was created.
 4726063	[INFO]	XnProperty.cpp	74	Setting Depth1.InputFormat to 3...
 4726094	[INFO]	XnProperty.cpp	151	Property Depth1.InputFormat was changed to 3.
 4726115	[INFO]	XnProperty.cpp	101	Depth1.InputFormat was successfully set.
 4726794	[INFO]	XnProperty.cpp	74	Setting Depth1.RegistrationType to 2...
 4726819	[INFO]	XnProperty.cpp	151	Property Depth1.RegistrationType was changed to 2.
 4726842	[INFO]	XnProperty.cpp	101	Depth1.RegistrationType was successfully set.
 4727576	[INFO]	XnDeviceModule.cpp	431	Module 'Depth1' configuration was loaded from file.
 4727832	[INFO]	XnProperty.cpp	74	Setting Depth1.FPS to 30...
 4727855	[INFO]	XnProperty.cpp	86	Depth1.FPS value did not change.
 4727878	[INFO]	XnProperty.cpp	74	Setting Depth1.YRes to 480...
 4727902	[INFO]	XnProperty.cpp	151	Property Depth1.Resolution was changed to 1.
 4727925	[INFO]	XnProperty.cpp	151	Property Depth1.XRes was changed to 640.
 4727946	[INFO]	XnProperty.cpp	151	Property Depth1.RequiredDataSize was changed to 307200.
 4727971	[INFO]	XnProperty.cpp	151	Property Depth1.YRes was changed to 480.
 4727992	[INFO]	XnProperty.cpp	151	Property Depth1.RequiredDataSize was changed to 614400.
 4728014	[INFO]	XnProperty.cpp	101	Depth1.YRes was successfully set.
 4728038	[INFO]	XnProperty.cpp	74	Setting Depth1.XRes to 640...
 4728056	[INFO]	XnProperty.cpp	86	Depth1.XRes value did not change.
 4728123	[INFO]	XnProperty.cpp	74	Setting Depth1.Mirror to 1...
 4728150	[INFO]	XnProperty.cpp	151	Property Depth1.FirmwareMirror was changed to 1.
 4728212	[INFO]	XnProperty.cpp	151	Property Depth1.Mirror was changed to 1.
 4728232	[INFO]	XnProperty.cpp	101	Depth1.Mirror was successfully set.
 7180449	[INFO]	XnOpenNI.cpp	1261	Creating node 'User1' of type User...
 7204958	[WARNING]	Linux-x86Threads.cpp	173	Failed to set thread priority: Invalid argument
 7205005	[WARNING]	XnUSBLinux-x86.cpp	126	USB events thread: Failed to set thread priority to critical. This might cause loss of data...
 7205853	[INFO]	XnUSBLinux-x86.cpp	1222	USB read thread was started.
 7205878	[INFO]	XnProperty.cpp	151	Property Depth1.ActualReadData was changed to 1.
 7677333	[INFO]	XnProperty.cpp	151	Property Depth1.State was changed to 1.
 7677375	[INFO]	XnDeviceBase.cpp	370	Stream Depth1 is open.
 9270772	[INFO]	XnOpenNI.cpp	1261	Creating node 'Image1' of type Image...
 9270824	[INFO]	XnDeviceBase.cpp	1383	Creating stream 'Image1' of type 'Image'...
 9271020	[INFO]	XnProperty.cpp	151	Property Image1.Resolution was changed to 0.
 9271042	[INFO]	XnProperty.cpp	151	Property Image1.XRes was changed to 320.
 9271055	[INFO]	XnProperty.cpp	151	Property Image1.YRes was changed to 240.
 9271069	[INFO]	XnProperty.cpp	151	Property Image1.FPS was changed to 30.
 9271081	[INFO]	XnProperty.cpp	151	Property Image1.OutputFormat was changed to 5.
 9271093	[INFO]	XnProperty.cpp	151	Property Image1.BytesPerPixel was changed to 3.
 9271104	[INFO]	XnProperty.cpp	151	Property Image1.RequiredDataSize was changed to 230400.
 9271131	[INFO]	XnDeviceBase.cpp	1458	Stream 'Image1' was initialized.
 9271146	[INFO]	XnDeviceBase.cpp	1463	'Image1' stream was created.
 9271251	[INFO]	XnProperty.cpp	74	Setting Image1.InputFormat to 6...
 9271272	[INFO]	XnProperty.cpp	151	Property Image1.InputFormat was changed to 6.
 9271284	[INFO]	XnProperty.cpp	101	Image1.InputFormat was successfully set.
 9271709	[INFO]	XnDeviceModule.cpp	431	Module 'Image1' configuration was loaded from file.
 9271796	[INFO]	XnProperty.cpp	74	Setting Image1.FPS to 30...
 9271813	[INFO]	XnProperty.cpp	86	Image1.FPS value did not change.
 9271828	[INFO]	XnProperty.cpp	74	Setting Image1.YRes to 480...
 9271849	[INFO]	XnProperty.cpp	151	Property Image1.Resolution was changed to 1.
 9271869	[INFO]	XnProperty.cpp	151	Property Image1.XRes was changed to 640.
 9271889	[INFO]	XnProperty.cpp	151	Property Image1.RequiredDataSize was changed to 460800.
 9271912	[INFO]	XnProperty.cpp	151	Property Image1.YRes was changed to 480.
 9271933	[INFO]	XnProperty.cpp	151	Property Image1.RequiredDataSize was changed to 921600.
 9271955	[INFO]	XnProperty.cpp	101	Image1.YRes was successfully set.
 9271977	[INFO]	XnProperty.cpp	74	Setting Image1.XRes to 640...
 9271996	[INFO]	XnProperty.cpp	86	Image1.XRes value did not change.
 9273115	[INFO]	XnUSBLinux-x86.cpp	1222	USB read thread was started.
 9273159	[INFO]	XnProperty.cpp	151	Property Image1.ActualReadData was changed to 1.
 9341991	[WARNING]	XnDepthProcessor.cpp	133	Read: Depth buffer is corrupt. Size is 593184 (!= 614400)
 9342044	[WARNING]	XnFrameStreamProcessor.cpp	132	Depth frame is corrupt!
 9442017	[WARNING]	XnDepthProcessor.cpp	133	Read: Depth buffer is corrupt. Size is 589520 (!= 614400)
 9442068	[WARNING]	XnFrameStreamProcessor.cpp	132	Depth frame is corrupt!
12474493	[INFO]	XnProperty.cpp	151	Property Image1.State was changed to 1.
12474534	[INFO]	XnDeviceBase.cpp	370	Stream Image1 is open.
12474741	[INFO]	XnProperty.cpp	74	Setting Depth1.Registration to 1...
12514312	[WARNING]	XnDepthProcessor.cpp	133	Read: Depth buffer is corrupt. Size is 595408 (!= 614400)
12514360	[WARNING]	XnFrameStreamProcessor.cpp	132	Depth frame is corrupt!
12626333	[INFO]	XnProperty.cpp	151	Property Depth1.Registration was changed to 1.
12626374	[INFO]	XnProperty.cpp	101	Depth1.Registration was successfully set.
12626423	[INFO]	XnProperty.cpp	74	Setting Image1.Mirror to 1...
12638622	[INFO]	XnProperty.cpp	151	Property Image1.FirmwareMirror was changed to 1.
12638665	[INFO]	XnProperty.cpp	151	Property Image1.Mirror was changed to 1.
12638678	[INFO]	XnProperty.cpp	101	Image1.Mirror was successfully set.
126212691	[INFO]	XnOpenNI.cpp	1459	Destroying node 'User1'
126220922	[INFO]	XnOpenNI.cpp	1459	Destroying node 'Depth1'
126221021	[INFO]	XnDeviceBase.cpp	1507	Destroying stream 'Depth1'...
126222452	[INFO]	XnOpenNI.cpp	1459	Destroying node 'Image1'
126222495	[INFO]	XnDeviceBase.cpp	1507	Destroying stream 'Image1'...
126223323	[INFO]	XnOpenNI.cpp	1459	Destroying node 'Device1'
