    1687	[INFO]	XnLog.cpp	165	OpenNI version is 1.0.0 (Build 25)-MacOSX (Jan  7 2011 14:20:18)
    1742	[INFO]	XnLog.cpp	173	Log system initialized. Console: 1, File: 1, Severity: INFO, Masks: ALL
    1776	[INFO]	XnLog.cpp	173	Log system initialized. Console: 1, File: 1, Severity: INFO, Masks: ALL
    3224	[INFO]	XnUSBLinux-x86.cpp	98	USB is initialized.
 1596733	[INFO]	XnOpenNI.cpp	1261	Creating node 'Device1' of type Device...
 1598428	[INFO]	XnDeviceModule.cpp	431	Module 'Device' configuration was loaded from file.
 1813910	[INFO]	XnDeviceSensorIO.cpp	135	Connected to USB device
 1813971	[INFO]	XnProperty.cpp	151	Property Device.USBPath was changed to 045e/02ae@253/8.
 1821498	[INFO]	XnHostProtocol.cpp	825	Hardware versions: FW=5.1.4 (7) HW=4 Chip=2 Sensor=4 SYS=7
 3230394	[INFO]	XnProperty.cpp	151	Property Device.ID was changed to 0.
 3230453	[INFO]	XnSensor.cpp	182	Device sensor initialized
 3230542	[INFO]	XnOpenNI.cpp	1261	Creating node 'Depth1' of type Depth...
 3230581	[INFO]	XnDeviceBase.cpp	1383	Creating stream 'Depth1' of type 'Depth'...
 3230598	[INFO]	XnProperty.cpp	74	Setting Device.ReadData to 1...
 3230628	[INFO]	XnDeviceSensorIO.cpp	298	Endpoints open
 3242907	[INFO]	XnProperty.cpp	151	Property Device.ReadData was changed to 1.
 3242948	[INFO]	XnProperty.cpp	101	Device.ReadData was successfully set.
 3243321	[INFO]	XnProperty.cpp	151	Property Depth1.Resolution was changed to 0.
 3243345	[INFO]	XnProperty.cpp	151	Property Depth1.XRes was changed to 320.
 3243365	[INFO]	XnProperty.cpp	151	Property Depth1.YRes was changed to 240.
 3243385	[INFO]	XnProperty.cpp	151	Property Depth1.FPS was changed to 30.
 3243404	[INFO]	XnProperty.cpp	151	Property Depth1.OutputFormat was changed to 1.
 3243423	[INFO]	XnProperty.cpp	151	Property Depth1.BytesPerPixel was changed to 2.
 3243442	[INFO]	XnProperty.cpp	151	Property Depth1.RequiredDataSize was changed to 153600.
 3243466	[INFO]	XnProperty.cpp	151	Property Depth1.ParamCoeff was changed to 4.
 3243539	[INFO]	XnProperty.cpp	151	Property Depth1.ShiftScale was changed to 10.
 3255780	[INFO]	XnProperty.cpp	151	Property Depth1.ConstShift was changed to 200.
 3255871	[INFO]	XnProperty.cpp	151	Property Depth1.ZPD was changed to 120.
 3255967	[INFO]	XnProperty.cpp	151	Property Depth1.ZPPS was changed to 0.104200.
 3255982	[INFO]	XnProperty.cpp	151	Property Depth1.LDDIS was changed to 7.500000.
 3256073	[INFO]	XnProperty.cpp	151	Property Depth1.Gain was changed to 30.
 3256106	[INFO]	XnDeviceBase.cpp	1458	Stream 'Depth1' was initialized.
 3256120	[INFO]	XnDeviceBase.cpp	1463	'Depth1' stream was created.
 3256257	[INFO]	XnProperty.cpp	74	Setting Depth1.InputFormat to 3...
 3256278	[INFO]	XnProperty.cpp	151	Property Depth1.InputFormat was changed to 3.
 3256289	[INFO]	XnProperty.cpp	101	Depth1.InputFormat was successfully set.
 3256776	[INFO]	XnProperty.cpp	74	Setting Depth1.RegistrationType to 2...
 3256797	[INFO]	XnProperty.cpp	151	Property Depth1.RegistrationType was changed to 2.
 3256814	[INFO]	XnProperty.cpp	101	Depth1.RegistrationType was successfully set.
 3257299	[INFO]	XnDeviceModule.cpp	431	Module 'Depth1' configuration was loaded from file.
 3257487	[INFO]	XnProperty.cpp	74	Setting Depth1.FPS to 30...
 3257509	[INFO]	XnProperty.cpp	86	Depth1.FPS value did not change.
 3257524	[INFO]	XnProperty.cpp	74	Setting Depth1.YRes to 480...
 3257542	[INFO]	XnProperty.cpp	151	Property Depth1.Resolution was changed to 1.
 3257559	[INFO]	XnProperty.cpp	151	Property Depth1.XRes was changed to 640.
 3257575	[INFO]	XnProperty.cpp	151	Property Depth1.RequiredDataSize was changed to 307200.
 3257594	[INFO]	XnProperty.cpp	151	Property Depth1.YRes was changed to 480.
 3257609	[INFO]	XnProperty.cpp	151	Property Depth1.RequiredDataSize was changed to 614400.
 3257625	[INFO]	XnProperty.cpp	101	Depth1.YRes was successfully set.
 3257641	[INFO]	XnProperty.cpp	74	Setting Depth1.XRes to 640...
 3257654	[INFO]	XnProperty.cpp	86	Depth1.XRes value did not change.
 3257707	[INFO]	XnProperty.cpp	74	Setting Depth1.Mirror to 1...
 3257725	[INFO]	XnProperty.cpp	151	Property Depth1.FirmwareMirror was changed to 1.
 3257774	[INFO]	XnProperty.cpp	151	Property Depth1.Mirror was changed to 1.
 3257789	[INFO]	XnProperty.cpp	101	Depth1.Mirror was successfully set.
 4853584	[INFO]	XnOpenNI.cpp	1261	Creating node 'User1' of type User...
 4878558	[WARNING]	Linux-x86Threads.cpp	173	Failed to set thread priority: Invalid argument
 4878606	[WARNING]	XnUSBLinux-x86.cpp	126	USB events thread: Failed to set thread priority to critical. This might cause loss of data...
 4879387	[INFO]	XnUSBLinux-x86.cpp	1222	USB read thread was started.
 4879416	[INFO]	XnProperty.cpp	151	Property Depth1.ActualReadData was changed to 1.
 5349853	[INFO]	XnProperty.cpp	151	Property Depth1.State was changed to 1.
 5349896	[INFO]	XnDeviceBase.cpp	370	Stream Depth1 is open.
 7030252	[INFO]	XnOpenNI.cpp	1261	Creating node 'Image1' of type Image...
 7030303	[INFO]	XnDeviceBase.cpp	1383	Creating stream 'Image1' of type 'Image'...
 7030490	[INFO]	XnProperty.cpp	151	Property Image1.Resolution was changed to 0.
 7030509	[INFO]	XnProperty.cpp	151	Property Image1.XRes was changed to 320.
 7030523	[INFO]	XnProperty.cpp	151	Property Image1.YRes was changed to 240.
 7030535	[INFO]	XnProperty.cpp	151	Property Image1.FPS was changed to 30.
 7030546	[INFO]	XnProperty.cpp	151	Property Image1.OutputFormat was changed to 5.
 7030558	[INFO]	XnProperty.cpp	151	Property Image1.BytesPerPixel was changed to 3.
 7030570	[INFO]	XnProperty.cpp	151	Property Image1.RequiredDataSize was changed to 230400.
 7030604	[INFO]	XnDeviceBase.cpp	1458	Stream 'Image1' was initialized.
 7030625	[INFO]	XnDeviceBase.cpp	1463	'Image1' stream was created.
 7030736	[INFO]	XnProperty.cpp	74	Setting Image1.InputFormat to 6...
 7030757	[INFO]	XnProperty.cpp	151	Property Image1.InputFormat was changed to 6.
 7030770	[INFO]	XnProperty.cpp	101	Image1.InputFormat was successfully set.
 7031273	[INFO]	XnDeviceModule.cpp	431	Module 'Image1' configuration was loaded from file.
 7031361	[INFO]	XnProperty.cpp	74	Setting Image1.FPS to 30...
 7031376	[INFO]	XnProperty.cpp	86	Image1.FPS value did not change.
 7031388	[INFO]	XnProperty.cpp	74	Setting Image1.YRes to 480...
 7031402	[INFO]	XnProperty.cpp	151	Property Image1.Resolution was changed to 1.
 7031414	[INFO]	XnProperty.cpp	151	Property Image1.XRes was changed to 640.
 7031431	[INFO]	XnProperty.cpp	151	Property Image1.RequiredDataSize was changed to 460800.
 7031452	[INFO]	XnProperty.cpp	151	Property Image1.YRes was changed to 480.
 7031469	[INFO]	XnProperty.cpp	151	Property Image1.RequiredDataSize was changed to 921600.
 7031486	[INFO]	XnProperty.cpp	101	Image1.YRes was successfully set.
 7031503	[INFO]	XnProperty.cpp	74	Setting Image1.XRes to 640...
 7031519	[INFO]	XnProperty.cpp	86	Image1.XRes value did not change.
 7032453	[INFO]	XnUSBLinux-x86.cpp	1222	USB read thread was started.
 7032493	[INFO]	XnProperty.cpp	151	Property Image1.ActualReadData was changed to 1.
 7214962	[WARNING]	XnDepthProcessor.cpp	133	Read: Depth buffer is corrupt. Size is 549440 (!= 614400)
 7215008	[WARNING]	XnFrameStreamProcessor.cpp	132	Depth frame is corrupt!
 7246996	[WARNING]	XnDepthProcessor.cpp	133	Read: Depth buffer is corrupt. Size is 599968 (!= 614400)
 7247043	[WARNING]	XnFrameStreamProcessor.cpp	132	Depth frame is corrupt!
10119016	[WARNING]	XnDepthProcessor.cpp	133	Read: Depth buffer is corrupt. Size is 588496 (!= 614400)
10119061	[WARNING]	XnFrameStreamProcessor.cpp	132	Depth frame is corrupt!
10232974	[INFO]	XnProperty.cpp	151	Property Image1.State was changed to 1.
10233017	[INFO]	XnDeviceBase.cpp	370	Stream Image1 is open.
10233214	[INFO]	XnProperty.cpp	74	Setting Depth1.Registration to 1...
10287010	[WARNING]	XnDepthProcessor.cpp	133	Read: Depth buffer is corrupt. Size is 581600 (!= 614400)
10287057	[WARNING]	XnFrameStreamProcessor.cpp	132	Depth frame is corrupt!
10384608	[INFO]	XnProperty.cpp	151	Property Depth1.Registration was changed to 1.
10384688	[INFO]	XnProperty.cpp	101	Depth1.Registration was successfully set.
10384830	[INFO]	XnProperty.cpp	74	Setting Image1.Mirror to 1...
10397623	[INFO]	XnProperty.cpp	151	Property Image1.FirmwareMirror was changed to 1.
10397746	[INFO]	XnProperty.cpp	151	Property Image1.Mirror was changed to 1.
10397775	[INFO]	XnProperty.cpp	101	Image1.Mirror was successfully set.
19823895	[INFO]	XnOpenNI.cpp	1459	Destroying node 'User1'
19832723	[INFO]	XnOpenNI.cpp	1459	Destroying node 'Depth1'
19832810	[INFO]	XnDeviceBase.cpp	1507	Destroying stream 'Depth1'...
19834314	[INFO]	XnOpenNI.cpp	1459	Destroying node 'Image1'
19834368	[INFO]	XnDeviceBase.cpp	1507	Destroying stream 'Image1'...
19835318	[INFO]	XnOpenNI.cpp	1459	Destroying node 'Device1'
