  107365	[INFO]	XnLog.cpp	165	OpenNI version is 1.0.0 (Build 25)-MacOSX (Jan  7 2011 14:20:18)
  107446	[INFO]	XnLog.cpp	173	Log system initialized. Console: 1, File: 1, Severity: INFO, Masks: ALL
  107494	[INFO]	XnLog.cpp	173	Log system initialized. Console: 1, File: 1, Severity: INFO, Masks: ALL
  109401	[INFO]	XnUSBLinux-x86.cpp	98	USB is initialized.
 2783964	[INFO]	XnOpenNI.cpp	1261	Creating node 'Device1' of type Device...
 2841902	[INFO]	XnDeviceModule.cpp	431	Module 'Device' configuration was loaded from file.
 3027819	[INFO]	XnDeviceSensorIO.cpp	135	Connected to USB device
 3027870	[INFO]	XnProperty.cpp	151	Property Device.USBPath was changed to 045e/02ae@250/10.
 3035615	[INFO]	XnHostProtocol.cpp	825	Hardware versions: FW=5.1.4 (7) HW=4 Chip=2 Sensor=4 SYS=7
 4447816	[INFO]	XnProperty.cpp	151	Property Device.ID was changed to 0.
 4447896	[INFO]	XnSensor.cpp	182	Device sensor initialized
 4447985	[INFO]	XnOpenNI.cpp	1261	Creating node 'Depth1' of type Depth...
 4448024	[INFO]	XnDeviceBase.cpp	1383	Creating stream 'Depth1' of type 'Depth'...
 4448042	[INFO]	XnProperty.cpp	74	Setting Device.ReadData to 1...
 4448071	[INFO]	XnDeviceSensorIO.cpp	298	Endpoints open
 4460338	[INFO]	XnProperty.cpp	151	Property Device.ReadData was changed to 1.
 4460369	[INFO]	XnProperty.cpp	101	Device.ReadData was successfully set.
 4460695	[INFO]	XnProperty.cpp	151	Property Depth1.Resolution was changed to 0.
 4460714	[INFO]	XnProperty.cpp	151	Property Depth1.XRes was changed to 320.
 4460727	[INFO]	XnProperty.cpp	151	Property Depth1.YRes was changed to 240.
 4460739	[INFO]	XnProperty.cpp	151	Property Depth1.FPS was changed to 30.
 4460750	[INFO]	XnProperty.cpp	151	Property Depth1.OutputFormat was changed to 1.
 4460761	[INFO]	XnProperty.cpp	151	Property Depth1.BytesPerPixel was changed to 2.
 4460773	[INFO]	XnProperty.cpp	151	Property Depth1.RequiredDataSize was changed to 153600.
 4460789	[INFO]	XnProperty.cpp	151	Property Depth1.ParamCoeff was changed to 4.
 4460847	[INFO]	XnProperty.cpp	151	Property Depth1.ShiftScale was changed to 10.
 4473177	[INFO]	XnProperty.cpp	151	Property Depth1.ConstShift was changed to 200.
 4473259	[INFO]	XnProperty.cpp	151	Property Depth1.ZPD was changed to 120.
 4473365	[INFO]	XnProperty.cpp	151	Property Depth1.ZPPS was changed to 0.104200.
 4473381	[INFO]	XnProperty.cpp	151	Property Depth1.LDDIS was changed to 7.500000.
 4473466	[INFO]	XnProperty.cpp	151	Property Depth1.Gain was changed to 30.
 4473492	[INFO]	XnDeviceBase.cpp	1458	Stream 'Depth1' was initialized.
 4473507	[INFO]	XnDeviceBase.cpp	1463	'Depth1' stream was created.
 4473657	[INFO]	XnProperty.cpp	74	Setting Depth1.InputFormat to 3...
 4473679	[INFO]	XnProperty.cpp	151	Property Depth1.InputFormat was changed to 3.
 4473691	[INFO]	XnProperty.cpp	101	Depth1.InputFormat was successfully set.
 4474135	[INFO]	XnProperty.cpp	74	Setting Depth1.RegistrationType to 2...
 4474154	[INFO]	XnProperty.cpp	151	Property Depth1.RegistrationType was changed to 2.
 4474166	[INFO]	XnProperty.cpp	101	Depth1.RegistrationType was successfully set.
 4474619	[INFO]	XnDeviceModule.cpp	431	Module 'Depth1' configuration was loaded from file.
 4474805	[INFO]	XnProperty.cpp	74	Setting Depth1.FPS to 30...
 4474823	[INFO]	XnProperty.cpp	86	Depth1.FPS value did not change.
 4474836	[INFO]	XnProperty.cpp	74	Setting Depth1.YRes to 480...
 4474850	[INFO]	XnProperty.cpp	151	Property Depth1.Resolution was changed to 1.
 4474864	[INFO]	XnProperty.cpp	151	Property Depth1.XRes was changed to 640.
 4474875	[INFO]	XnProperty.cpp	151	Property Depth1.RequiredDataSize was changed to 307200.
 4474890	[INFO]	XnProperty.cpp	151	Property Depth1.YRes was changed to 480.
 4474902	[INFO]	XnProperty.cpp	151	Property Depth1.RequiredDataSize was changed to 614400.
 4474920	[INFO]	XnProperty.cpp	101	Depth1.YRes was successfully set.
 4474940	[INFO]	XnProperty.cpp	74	Setting Depth1.XRes to 640...
 4474957	[INFO]	XnProperty.cpp	86	Depth1.XRes value did not change.
 4475012	[INFO]	XnProperty.cpp	74	Setting Depth1.Mirror to 1...
 4475030	[INFO]	XnProperty.cpp	151	Property Depth1.FirmwareMirror was changed to 1.
 4475076	[INFO]	XnProperty.cpp	151	Property Depth1.Mirror was changed to 1.
 4475087	[INFO]	XnProperty.cpp	101	Depth1.Mirror was successfully set.
 5637238	[INFO]	XnOpenNI.cpp	1261	Creating node 'User1' of type User...
 5871604	[WARNING]	Linux-x86Threads.cpp	173	Failed to set thread priority: Invalid argument
 5871643	[WARNING]	XnUSBLinux-x86.cpp	126	USB events thread: Failed to set thread priority to critical. This might cause loss of data...
 5872416	[INFO]	XnUSBLinux-x86.cpp	1222	USB read thread was started.
 5872445	[INFO]	XnProperty.cpp	151	Property Depth1.ActualReadData was changed to 1.
 6343177	[INFO]	XnProperty.cpp	151	Property Depth1.State was changed to 1.
 6343218	[INFO]	XnDeviceBase.cpp	370	Stream Depth1 is open.
 7308527	[WARNING]	XnDepthProcessor.cpp	133	Read: Depth buffer is corrupt. Size is 601536 (!= 614400)
 7308575	[WARNING]	XnFrameStreamProcessor.cpp	132	Depth frame is corrupt!
 7435347	[INFO]	XnOpenNI.cpp	1261	Creating node 'Image1' of type Image...
 7435409	[INFO]	XnDeviceBase.cpp	1383	Creating stream 'Image1' of type 'Image'...
 7435618	[INFO]	XnProperty.cpp	151	Property Image1.Resolution was changed to 0.
 7435640	[INFO]	XnProperty.cpp	151	Property Image1.XRes was changed to 320.
 7435660	[INFO]	XnProperty.cpp	151	Property Image1.YRes was changed to 240.
 7435680	[INFO]	XnProperty.cpp	151	Property Image1.FPS was changed to 30.
 7435698	[INFO]	XnProperty.cpp	151	Property Image1.OutputFormat was changed to 5.
 7435716	[INFO]	XnProperty.cpp	151	Property Image1.BytesPerPixel was changed to 3.
 7435734	[INFO]	XnProperty.cpp	151	Property Image1.RequiredDataSize was changed to 230400.
 7435778	[INFO]	XnDeviceBase.cpp	1458	Stream 'Image1' was initialized.
 7435796	[INFO]	XnDeviceBase.cpp	1463	'Image1' stream was created.
 7435911	[INFO]	XnProperty.cpp	74	Setting Image1.InputFormat to 6...
 7435935	[INFO]	XnProperty.cpp	151	Property Image1.InputFormat was changed to 6.
 7435953	[INFO]	XnProperty.cpp	101	Image1.InputFormat was successfully set.
 7436383	[INFO]	XnDeviceModule.cpp	431	Module 'Image1' configuration was loaded from file.
 7436477	[INFO]	XnProperty.cpp	74	Setting Image1.FPS to 30...
 7436499	[INFO]	XnProperty.cpp	86	Image1.FPS value did not change.
 7436518	[INFO]	XnProperty.cpp	74	Setting Image1.YRes to 480...
 7436537	[INFO]	XnProperty.cpp	151	Property Image1.Resolution was changed to 1.
 7436555	[INFO]	XnProperty.cpp	151	Property Image1.XRes was changed to 640.
 7436572	[INFO]	XnProperty.cpp	151	Property Image1.RequiredDataSize was changed to 460800.
 7436592	[INFO]	XnProperty.cpp	151	Property Image1.YRes was changed to 480.
 7436609	[INFO]	XnProperty.cpp	151	Property Image1.RequiredDataSize was changed to 921600.
 7436627	[INFO]	XnProperty.cpp	101	Image1.YRes was successfully set.
 7436645	[INFO]	XnProperty.cpp	74	Setting Image1.XRes to 640...
 7436661	[INFO]	XnProperty.cpp	86	Image1.XRes value did not change.
 7437464	[INFO]	XnUSBLinux-x86.cpp	1222	USB read thread was started.
 7437499	[INFO]	XnProperty.cpp	151	Property Image1.ActualReadData was changed to 1.
 7508575	[WARNING]	XnDepthProcessor.cpp	133	Read: Depth buffer is corrupt. Size is 594736 (!= 614400)
 7508619	[WARNING]	XnFrameStreamProcessor.cpp	132	Depth frame is corrupt!
 7608587	[WARNING]	XnDepthProcessor.cpp	133	Read: Depth buffer is corrupt. Size is 572384 (!= 614400)
 7608631	[WARNING]	XnFrameStreamProcessor.cpp	132	Depth frame is corrupt!
 7640603	[WARNING]	XnDepthProcessor.cpp	133	Read: Depth buffer is corrupt. Size is 589536 (!= 614400)
 7640646	[WARNING]	XnFrameStreamProcessor.cpp	132	Depth frame is corrupt!
10512437	[WARNING]	XnDepthProcessor.cpp	133	Read: Depth buffer is corrupt. Size is 587200 (!= 614400)
10512501	[WARNING]	XnFrameStreamProcessor.cpp	132	Depth frame is corrupt!
10638677	[INFO]	XnProperty.cpp	151	Property Image1.State was changed to 1.
10638720	[INFO]	XnDeviceBase.cpp	370	Stream Image1 is open.
10638913	[INFO]	XnProperty.cpp	74	Setting Depth1.Registration to 1...
10791040	[INFO]	XnProperty.cpp	151	Property Depth1.Registration was changed to 1.
10791082	[INFO]	XnProperty.cpp	101	Depth1.Registration was successfully set.
10791164	[INFO]	XnProperty.cpp	74	Setting Image1.Mirror to 1...
10803552	[INFO]	XnProperty.cpp	151	Property Image1.FirmwareMirror was changed to 1.
10803602	[INFO]	XnProperty.cpp	151	Property Image1.Mirror was changed to 1.
10803621	[INFO]	XnProperty.cpp	101	Image1.Mirror was successfully set.
