    2035	[INFO]	XnLog.cpp	165	OpenNI version is 1.0.0 (Build 25)-MacOSX (Jan  7 2011 14:20:18)
    2093	[INFO]	XnLog.cpp	173	Log system initialized. Console: 1, File: 1, Severity: INFO, Masks: ALL
    2128	[INFO]	XnLog.cpp	173	Log system initialized. Console: 1, File: 1, Severity: INFO, Masks: ALL
    3702	[INFO]	XnUSBLinux-x86.cpp	98	USB is initialized.
 4485888	[INFO]	XnOpenNI.cpp	1261	Creating node 'Device1' of type Device...
 4487018	[INFO]	XnDeviceModule.cpp	431	Module 'Device' configuration was loaded from file.
 5147425	[INFO]	XnDeviceSensorIO.cpp	135	Connected to USB device
 5147489	[INFO]	XnProperty.cpp	151	Property Device.USBPath was changed to 045e/02ae@253/8.
 5156135	[INFO]	XnHostProtocol.cpp	825	Hardware versions: FW=5.1.4 (7) HW=4 Chip=2 Sensor=4 SYS=7
 6568075	[INFO]	XnProperty.cpp	151	Property Device.ID was changed to 0.
 6568157	[INFO]	XnSensor.cpp	182	Device sensor initialized
 6568320	[INFO]	XnOpenNI.cpp	1261	Creating node 'Depth1' of type Depth...
 6568410	[INFO]	XnDeviceBase.cpp	1383	Creating stream 'Depth1' of type 'Depth'...
 6568458	[INFO]	XnProperty.cpp	74	Setting Device.ReadData to 1...
 6568530	[INFO]	XnDeviceSensorIO.cpp	298	Endpoints open
 6581051	[INFO]	XnProperty.cpp	151	Property Device.ReadData was changed to 1.
 6581113	[INFO]	XnProperty.cpp	101	Device.ReadData was successfully set.
 6581819	[INFO]	XnProperty.cpp	151	Property Depth1.Resolution was changed to 0.
 6581859	[INFO]	XnProperty.cpp	151	Property Depth1.XRes was changed to 320.
 6581885	[INFO]	XnProperty.cpp	151	Property Depth1.YRes was changed to 240.
 6581911	[INFO]	XnProperty.cpp	151	Property Depth1.FPS was changed to 30.
 6581936	[INFO]	XnProperty.cpp	151	Property Depth1.OutputFormat was changed to 1.
 6581960	[INFO]	XnProperty.cpp	151	Property Depth1.BytesPerPixel was changed to 2.
 6581985	[INFO]	XnProperty.cpp	151	Property Depth1.RequiredDataSize was changed to 153600.
 6582017	[INFO]	XnProperty.cpp	151	Property Depth1.ParamCoeff was changed to 4.
 6582142	[INFO]	XnProperty.cpp	151	Property Depth1.ShiftScale was changed to 10.
 6594472	[INFO]	XnProperty.cpp	151	Property Depth1.ConstShift was changed to 200.
 6594576	[INFO]	XnProperty.cpp	151	Property Depth1.ZPD was changed to 120.
 6594708	[INFO]	XnProperty.cpp	151	Property Depth1.ZPPS was changed to 0.104200.
 6594726	[INFO]	XnProperty.cpp	151	Property Depth1.LDDIS was changed to 7.500000.
 6594859	[INFO]	XnProperty.cpp	151	Property Depth1.Gain was changed to 30.
 6594907	[INFO]	XnDeviceBase.cpp	1458	Stream 'Depth1' was initialized.
 6594935	[INFO]	XnDeviceBase.cpp	1463	'Depth1' stream was created.
 6595208	[INFO]	XnProperty.cpp	74	Setting Depth1.InputFormat to 3...
 6595250	[INFO]	XnProperty.cpp	151	Property Depth1.InputFormat was changed to 3.
 6595280	[INFO]	XnProperty.cpp	101	Depth1.InputFormat was successfully set.
 6595938	[INFO]	XnProperty.cpp	74	Setting Depth1.RegistrationType to 2...
 6595962	[INFO]	XnProperty.cpp	151	Property Depth1.RegistrationType was changed to 2.
 6595977	[INFO]	XnProperty.cpp	101	Depth1.RegistrationType was successfully set.
 6596595	[INFO]	XnDeviceModule.cpp	431	Module 'Depth1' configuration was loaded from file.
 6596807	[INFO]	XnProperty.cpp	74	Setting Depth1.FPS to 30...
 6596829	[INFO]	XnProperty.cpp	86	Depth1.FPS value did not change.
 6596845	[INFO]	XnProperty.cpp	74	Setting Depth1.YRes to 480...
 6596865	[INFO]	XnProperty.cpp	151	Property Depth1.Resolution was changed to 1.
 6596883	[INFO]	XnProperty.cpp	151	Property Depth1.XRes was changed to 640.
 6596899	[INFO]	XnProperty.cpp	151	Property Depth1.RequiredDataSize was changed to 307200.
 6596918	[INFO]	XnProperty.cpp	151	Property Depth1.YRes was changed to 480.
 6596934	[INFO]	XnProperty.cpp	151	Property Depth1.RequiredDataSize was changed to 614400.
 6596951	[INFO]	XnProperty.cpp	101	Depth1.YRes was successfully set.
 6596968	[INFO]	XnProperty.cpp	74	Setting Depth1.XRes to 640...
 6596982	[INFO]	XnProperty.cpp	86	Depth1.XRes value did not change.
 6597036	[INFO]	XnProperty.cpp	74	Setting Depth1.Mirror to 1...
 6597055	[INFO]	XnProperty.cpp	151	Property Depth1.FirmwareMirror was changed to 1.
 6597109	[INFO]	XnProperty.cpp	151	Property Depth1.Mirror was changed to 1.
 6597125	[INFO]	XnProperty.cpp	101	Depth1.Mirror was successfully set.
11760851	[INFO]	XnOpenNI.cpp	1261	Creating node 'User1' of type User...
11784078	[WARNING]	Linux-x86Threads.cpp	173	Failed to set thread priority: Invalid argument
11784123	[WARNING]	XnUSBLinux-x86.cpp	126	USB events thread: Failed to set thread priority to critical. This might cause loss of data...
11784953	[INFO]	XnUSBLinux-x86.cpp	1222	USB read thread was started.
11784980	[INFO]	XnProperty.cpp	151	Property Depth1.ActualReadData was changed to 1.
12255624	[INFO]	XnProperty.cpp	151	Property Depth1.State was changed to 1.
12255666	[INFO]	XnDeviceBase.cpp	370	Stream Depth1 is open.
17374870	[INFO]	XnOpenNI.cpp	1261	Creating node 'Image1' of type Image...
17374920	[INFO]	XnDeviceBase.cpp	1383	Creating stream 'Image1' of type 'Image'...
17375127	[INFO]	XnProperty.cpp	151	Property Image1.Resolution was changed to 0.
17375153	[INFO]	XnProperty.cpp	151	Property Image1.XRes was changed to 320.
17375170	[INFO]	XnProperty.cpp	151	Property Image1.YRes was changed to 240.
17375187	[INFO]	XnProperty.cpp	151	Property Image1.FPS was changed to 30.
17375201	[INFO]	XnProperty.cpp	151	Property Image1.OutputFormat was changed to 5.
17375217	[INFO]	XnProperty.cpp	151	Property Image1.BytesPerPixel was changed to 3.
17375233	[INFO]	XnProperty.cpp	151	Property Image1.RequiredDataSize was changed to 230400.
17375272	[INFO]	XnDeviceBase.cpp	1458	Stream 'Image1' was initialized.
17375294	[INFO]	XnDeviceBase.cpp	1463	'Image1' stream was created.
17375437	[INFO]	XnProperty.cpp	74	Setting Image1.InputFormat to 6...
17375466	[INFO]	XnProperty.cpp	151	Property Image1.InputFormat was changed to 6.
17375486	[INFO]	XnProperty.cpp	101	Image1.InputFormat was successfully set.
17376102	[INFO]	XnDeviceModule.cpp	431	Module 'Image1' configuration was loaded from file.
17376220	[INFO]	XnProperty.cpp	74	Setting Image1.FPS to 30...
17376243	[INFO]	XnProperty.cpp	86	Image1.FPS value did not change.
17376262	[INFO]	XnProperty.cpp	74	Setting Image1.YRes to 480...
17376280	[INFO]	XnProperty.cpp	151	Property Image1.Resolution was changed to 1.
17376298	[INFO]	XnProperty.cpp	151	Property Image1.XRes was changed to 640.
17376315	[INFO]	XnProperty.cpp	151	Property Image1.RequiredDataSize was changed to 460800.
17376334	[INFO]	XnProperty.cpp	151	Property Image1.YRes was changed to 480.
17376353	[INFO]	XnProperty.cpp	151	Property Image1.RequiredDataSize was changed to 921600.
17376372	[INFO]	XnProperty.cpp	101	Image1.YRes was successfully set.
17376405	[INFO]	XnProperty.cpp	74	Setting Image1.XRes to 640...
17376423	[INFO]	XnProperty.cpp	86	Image1.XRes value did not change.
17377521	[INFO]	XnUSBLinux-x86.cpp	1222	USB read thread was started.
17377568	[INFO]	XnProperty.cpp	151	Property Image1.ActualReadData was changed to 1.
17557578	[WARNING]	XnDepthProcessor.cpp	133	Read: Depth buffer is corrupt. Size is 548976 (!= 614400)
17557628	[WARNING]	XnFrameStreamProcessor.cpp	132	Depth frame is corrupt!
20578837	[INFO]	XnProperty.cpp	151	Property Image1.State was changed to 1.
20578880	[INFO]	XnDeviceBase.cpp	370	Stream Image1 is open.
20579086	[INFO]	XnProperty.cpp	74	Setting Depth1.Registration to 1...
20731211	[INFO]	XnProperty.cpp	151	Property Depth1.Registration was changed to 1.
20731254	[INFO]	XnProperty.cpp	101	Depth1.Registration was successfully set.
20731300	[INFO]	XnProperty.cpp	74	Setting Image1.Mirror to 1...
20743721	[INFO]	XnProperty.cpp	151	Property Image1.FirmwareMirror was changed to 1.
20743773	[INFO]	XnProperty.cpp	151	Property Image1.Mirror was changed to 1.
20743785	[INFO]	XnProperty.cpp	101	Image1.Mirror was successfully set.
106020842	[INFO]	XnOpenNI.cpp	1459	Destroying node 'User1'
106030097	[INFO]	XnOpenNI.cpp	1459	Destroying node 'Depth1'
106030197	[INFO]	XnDeviceBase.cpp	1507	Destroying stream 'Depth1'...
106031540	[INFO]	XnOpenNI.cpp	1459	Destroying node 'Image1'
106031595	[INFO]	XnDeviceBase.cpp	1507	Destroying stream 'Image1'...
106032493	[INFO]	XnOpenNI.cpp	1459	Destroying node 'Device1'
