    1552	[INFO]	XnLog.cpp	165	OpenNI version is 1.0.0 (Build 25)-MacOSX (Jan  7 2011 14:20:18)
    1592	[INFO]	XnLog.cpp	173	Log system initialized. Console: 1, File: 1, Severity: INFO, Masks: ALL
    1624	[INFO]	XnLog.cpp	173	Log system initialized. Console: 1, File: 1, Severity: INFO, Masks: ALL
    2704	[INFO]	XnUSBLinux-x86.cpp	98	USB is initialized.
 2110610	[INFO]	XnOpenNI.cpp	1261	Creating node 'Device1' of type Device...
 2111632	[INFO]	XnDeviceModule.cpp	431	Module 'Device' configuration was loaded from file.
 2329148	[INFO]	XnDeviceSensorIO.cpp	135	Connected to USB device
 2329205	[INFO]	XnProperty.cpp	151	Property Device.USBPath was changed to 045e/02ae@253/8.
 2337153	[INFO]	XnHostProtocol.cpp	825	Hardware versions: FW=5.1.4 (7) HW=4 Chip=2 Sensor=4 SYS=7
 3748534	[INFO]	XnProperty.cpp	151	Property Device.ID was changed to 0.
 3748628	[INFO]	XnSensor.cpp	182	Device sensor initialized
 3748788	[INFO]	XnOpenNI.cpp	1261	Creating node 'Depth1' of type Depth...
 3748856	[INFO]	XnDeviceBase.cpp	1383	Creating stream 'Depth1' of type 'Depth'...
 3748888	[INFO]	XnProperty.cpp	74	Setting Device.ReadData to 1...
 3748943	[INFO]	XnDeviceSensorIO.cpp	298	Endpoints open
 3761337	[INFO]	XnProperty.cpp	151	Property Device.ReadData was changed to 1.
 3761396	[INFO]	XnProperty.cpp	101	Device.ReadData was successfully set.
 3761990	[INFO]	XnProperty.cpp	151	Property Depth1.Resolution was changed to 0.
 3762032	[INFO]	XnProperty.cpp	151	Property Depth1.XRes was changed to 320.
 3762064	[INFO]	XnProperty.cpp	151	Property Depth1.YRes was changed to 240.
 3762096	[INFO]	XnProperty.cpp	151	Property Depth1.FPS was changed to 30.
 3762128	[INFO]	XnProperty.cpp	151	Property Depth1.OutputFormat was changed to 1.
 3762158	[INFO]	XnProperty.cpp	151	Property Depth1.BytesPerPixel was changed to 2.
 3762191	[INFO]	XnProperty.cpp	151	Property Depth1.RequiredDataSize was changed to 153600.
 3762231	[INFO]	XnProperty.cpp	151	Property Depth1.ParamCoeff was changed to 4.
 3762367	[INFO]	XnProperty.cpp	151	Property Depth1.ShiftScale was changed to 10.
 3774814	[INFO]	XnProperty.cpp	151	Property Depth1.ConstShift was changed to 200.
 3774942	[INFO]	XnProperty.cpp	151	Property Depth1.ZPD was changed to 120.
 3775139	[INFO]	XnProperty.cpp	151	Property Depth1.ZPPS was changed to 0.104200.
 3775167	[INFO]	XnProperty.cpp	151	Property Depth1.LDDIS was changed to 7.500000.
 3775371	[INFO]	XnProperty.cpp	151	Property Depth1.Gain was changed to 30.
 3775427	[INFO]	XnDeviceBase.cpp	1458	Stream 'Depth1' was initialized.
 3775454	[INFO]	XnDeviceBase.cpp	1463	'Depth1' stream was created.
 3775727	[INFO]	XnProperty.cpp	74	Setting Depth1.InputFormat to 3...
 3775768	[INFO]	XnProperty.cpp	151	Property Depth1.InputFormat was changed to 3.
 3775793	[INFO]	XnProperty.cpp	101	Depth1.InputFormat was successfully set.
 3776605	[INFO]	XnProperty.cpp	74	Setting Depth1.RegistrationType to 2...
 3776631	[INFO]	XnProperty.cpp	151	Property Depth1.RegistrationType was changed to 2.
 3776649	[INFO]	XnProperty.cpp	101	Depth1.RegistrationType was successfully set.
 3777391	[INFO]	XnDeviceModule.cpp	431	Module 'Depth1' configuration was loaded from file.
 3777635	[INFO]	XnProperty.cpp	74	Setting Depth1.FPS to 30...
 3777661	[INFO]	XnProperty.cpp	86	Depth1.FPS value did not change.
 3777680	[INFO]	XnProperty.cpp	74	Setting Depth1.YRes to 480...
 3777702	[INFO]	XnProperty.cpp	151	Property Depth1.Resolution was changed to 1.
 3777723	[INFO]	XnProperty.cpp	151	Property Depth1.XRes was changed to 640.
 3777743	[INFO]	XnProperty.cpp	151	Property Depth1.RequiredDataSize was changed to 307200.
 3777767	[INFO]	XnProperty.cpp	151	Property Depth1.YRes was changed to 480.
 3777786	[INFO]	XnProperty.cpp	151	Property Depth1.RequiredDataSize was changed to 614400.
 3777807	[INFO]	XnProperty.cpp	101	Depth1.YRes was successfully set.
 3777827	[INFO]	XnProperty.cpp	74	Setting Depth1.XRes to 640...
 3777846	[INFO]	XnProperty.cpp	101	Depth1.XRes was successfully set.
 3777909	[INFO]	XnProperty.cpp	74	Setting Depth1.Mirror to 1...
 3777932	[INFO]	XnProperty.cpp	151	Property Depth1.FirmwareMirror was changed to 1.
 3777989	[INFO]	XnProperty.cpp	151	Property Depth1.Mirror was changed to 1.
 3778007	[INFO]	XnProperty.cpp	101	Depth1.Mirror was successfully set.
 5410749	[INFO]	XnOpenNI.cpp	1261	Creating node 'User1' of type User...
 5435041	[WARNING]	Linux-x86Threads.cpp	173	Failed to set thread priority: Invalid argument
 5435086	[WARNING]	XnUSBLinux-x86.cpp	126	USB events thread: Failed to set thread priority to critical. This might cause loss of data...
 5435865	[INFO]	XnUSBLinux-x86.cpp	1222	USB read thread was started.
 5435889	[INFO]	XnProperty.cpp	151	Property Depth1.ActualReadData was changed to 1.
 5906391	[INFO]	XnProperty.cpp	151	Property Depth1.State was changed to 1.
 5906438	[INFO]	XnDeviceBase.cpp	370	Stream Depth1 is open.
 7722554	[INFO]	XnOpenNI.cpp	1261	Creating node 'Image1' of type Image...
 7722605	[INFO]	XnDeviceBase.cpp	1383	Creating stream 'Image1' of type 'Image'...
 7722787	[INFO]	XnProperty.cpp	151	Property Image1.Resolution was changed to 0.
 7722806	[INFO]	XnProperty.cpp	151	Property Image1.XRes was changed to 320.
 7722819	[INFO]	XnProperty.cpp	151	Property Image1.YRes was changed to 240.
 7722831	[INFO]	XnProperty.cpp	151	Property Image1.FPS was changed to 30.
 7722842	[INFO]	XnProperty.cpp	151	Property Image1.OutputFormat was changed to 5.
 7722854	[INFO]	XnProperty.cpp	151	Property Image1.BytesPerPixel was changed to 3.
 7722866	[INFO]	XnProperty.cpp	151	Property Image1.RequiredDataSize was changed to 230400.
 7722894	[INFO]	XnDeviceBase.cpp	1458	Stream 'Image1' was initialized.
 7722908	[INFO]	XnDeviceBase.cpp	1463	'Image1' stream was created.
 7723014	[INFO]	XnProperty.cpp	74	Setting Image1.InputFormat to 6...
 7723036	[INFO]	XnProperty.cpp	151	Property Image1.InputFormat was changed to 6.
 7723048	[INFO]	XnProperty.cpp	101	Image1.InputFormat was successfully set.
 7723454	[INFO]	XnDeviceModule.cpp	431	Module 'Image1' configuration was loaded from file.
 7723563	[INFO]	XnProperty.cpp	74	Setting Image1.FPS to 30...
 7723586	[INFO]	XnProperty.cpp	86	Image1.FPS value did not change.
 7723605	[INFO]	XnProperty.cpp	74	Setting Image1.YRes to 480...
 7723623	[INFO]	XnProperty.cpp	151	Property Image1.Resolution was changed to 1.
 7723640	[INFO]	XnProperty.cpp	151	Property Image1.XRes was changed to 640.
 7723657	[INFO]	XnProperty.cpp	151	Property Image1.RequiredDataSize was changed to 460800.
 7723676	[INFO]	XnProperty.cpp	151	Property Image1.YRes was changed to 480.
 7723694	[INFO]	XnProperty.cpp	151	Property Image1.RequiredDataSize was changed to 921600.
 7723714	[INFO]	XnProperty.cpp	101	Image1.YRes was successfully set.
 7723737	[INFO]	XnProperty.cpp	74	Setting Image1.XRes to 640...
 7723753	[INFO]	XnProperty.cpp	86	Image1.XRes value did not change.
 7724659	[INFO]	XnUSBLinux-x86.cpp	1222	USB read thread was started.
 7724695	[INFO]	XnProperty.cpp	151	Property Image1.ActualReadData was changed to 1.
 7803644	[WARNING]	XnDepthProcessor.cpp	133	Read: Depth buffer is corrupt. Size is 600000 (!= 614400)
 7803690	[WARNING]	XnFrameStreamProcessor.cpp	132	Depth frame is corrupt!
 7903676	[WARNING]	XnDepthProcessor.cpp	133	Read: Depth buffer is corrupt. Size is 522912 (!= 614400)
 7903723	[WARNING]	XnFrameStreamProcessor.cpp	132	Depth frame is corrupt!
 7939613	[WARNING]	XnDepthProcessor.cpp	133	Read: Depth buffer is corrupt. Size is 589648 (!= 614400)
 7939655	[WARNING]	XnFrameStreamProcessor.cpp	132	Depth frame is corrupt!
10807728	[WARNING]	XnDepthProcessor.cpp	133	Read: Depth buffer is corrupt. Size is 588960 (!= 614400)
10807774	[WARNING]	XnFrameStreamProcessor.cpp	132	Depth frame is corrupt!
10925066	[INFO]	XnProperty.cpp	151	Property Image1.State was changed to 1.
10925109	[INFO]	XnDeviceBase.cpp	370	Stream Image1 is open.
10925304	[INFO]	XnProperty.cpp	74	Setting Depth1.Registration to 1...
10943646	[WARNING]	XnDepthProcessor.cpp	133	Read: Depth buffer is corrupt. Size is 582096 (!= 614400)
10943696	[WARNING]	XnFrameStreamProcessor.cpp	132	Depth frame is corrupt!
10975660	[WARNING]	XnDepthProcessor.cpp	133	Read: Depth buffer is corrupt. Size is 582592 (!= 614400)
10975707	[WARNING]	XnFrameStreamProcessor.cpp	132	Depth frame is corrupt!
11076942	[INFO]	XnProperty.cpp	151	Property Depth1.Registration was changed to 1.
11076985	[INFO]	XnProperty.cpp	101	Depth1.Registration was successfully set.
11077031	[INFO]	XnProperty.cpp	74	Setting Image1.Mirror to 1...
11089757	[INFO]	XnProperty.cpp	151	Property Image1.FirmwareMirror was changed to 1.
11089802	[INFO]	XnProperty.cpp	151	Property Image1.Mirror was changed to 1.
11089821	[INFO]	XnProperty.cpp	101	Image1.Mirror was successfully set.
26162284	[INFO]	XnOpenNI.cpp	1459	Destroying node 'User1'
26170410	[INFO]	XnOpenNI.cpp	1459	Destroying node 'Depth1'
26170498	[INFO]	XnDeviceBase.cpp	1507	Destroying stream 'Depth1'...
26171697	[INFO]	XnOpenNI.cpp	1459	Destroying node 'Image1'
26171743	[INFO]	XnDeviceBase.cpp	1507	Destroying stream 'Image1'...
26172614	[INFO]	XnOpenNI.cpp	1459	Destroying node 'Device1'
