    1608	[INFO]	XnLog.cpp	165	OpenNI version is 1.0.0 (Build 25)-MacOSX (Jan  7 2011 14:20:18)
    1664	[INFO]	XnLog.cpp	173	Log system initialized. Console: 1, File: 1, Severity: INFO, Masks: ALL
    1695	[INFO]	XnLog.cpp	173	Log system initialized. Console: 1, File: 1, Severity: INFO, Masks: ALL
    3214	[INFO]	XnUSBLinux-x86.cpp	98	USB is initialized.
 1588710	[INFO]	XnOpenNI.cpp	1261	Creating node 'Device1' of type Device...
 1589502	[INFO]	XnDeviceModule.cpp	431	Module 'Device' configuration was loaded from file.
 1800843	[INFO]	XnDeviceSensorIO.cpp	135	Connected to USB device
 1800896	[INFO]	XnProperty.cpp	151	Property Device.USBPath was changed to 045e/02ae@253/8.
 1808199	[INFO]	XnHostProtocol.cpp	825	Hardware versions: FW=5.1.4 (7) HW=4 Chip=2 Sensor=4 SYS=7
 3215895	[INFO]	XnProperty.cpp	151	Property Device.ID was changed to 0.
 3215956	[INFO]	XnSensor.cpp	182	Device sensor initialized
 3216065	[INFO]	XnOpenNI.cpp	1261	Creating node 'Depth1' of type Depth...
 3216124	[INFO]	XnDeviceBase.cpp	1383	Creating stream 'Depth1' of type 'Depth'...
 3216154	[INFO]	XnProperty.cpp	74	Setting Device.ReadData to 1...
 3216206	[INFO]	XnDeviceSensorIO.cpp	298	Endpoints open
 3228307	[INFO]	XnProperty.cpp	151	Property Device.ReadData was changed to 1.
 3228359	[INFO]	XnProperty.cpp	101	Device.ReadData was successfully set.
 3228739	[INFO]	XnProperty.cpp	151	Property Depth1.Resolution was changed to 0.
 3228762	[INFO]	XnProperty.cpp	151	Property Depth1.XRes was changed to 320.
 3228782	[INFO]	XnProperty.cpp	151	Property Depth1.YRes was changed to 240.
 3228802	[INFO]	XnProperty.cpp	151	Property Depth1.FPS was changed to 30.
 3228822	[INFO]	XnProperty.cpp	151	Property Depth1.OutputFormat was changed to 1.
 3228837	[INFO]	XnProperty.cpp	151	Property Depth1.BytesPerPixel was changed to 2.
 3228851	[INFO]	XnProperty.cpp	151	Property Depth1.RequiredDataSize was changed to 153600.
 3228869	[INFO]	XnProperty.cpp	151	Property Depth1.ParamCoeff was changed to 4.
 3228943	[INFO]	XnProperty.cpp	151	Property Depth1.ShiftScale was changed to 10.
 3241036	[INFO]	XnProperty.cpp	151	Property Depth1.ConstShift was changed to 200.
 3241159	[INFO]	XnProperty.cpp	151	Property Depth1.ZPD was changed to 120.
 3241303	[INFO]	XnProperty.cpp	151	Property Depth1.ZPPS was changed to 0.104200.
 3241326	[INFO]	XnProperty.cpp	151	Property Depth1.LDDIS was changed to 7.500000.
 3241456	[INFO]	XnProperty.cpp	151	Property Depth1.Gain was changed to 30.
 3241504	[INFO]	XnDeviceBase.cpp	1458	Stream 'Depth1' was initialized.
 3241526	[INFO]	XnDeviceBase.cpp	1463	'Depth1' stream was created.
 3241717	[INFO]	XnProperty.cpp	74	Setting Depth1.InputFormat to 3...
 3241745	[INFO]	XnProperty.cpp	151	Property Depth1.InputFormat was changed to 3.
 3241765	[INFO]	XnProperty.cpp	101	Depth1.InputFormat was successfully set.
 3242220	[INFO]	XnProperty.cpp	74	Setting Depth1.RegistrationType to 2...
 3242242	[INFO]	XnProperty.cpp	151	Property Depth1.RegistrationType was changed to 2.
 3242260	[INFO]	XnProperty.cpp	101	Depth1.RegistrationType was successfully set.
 3242747	[INFO]	XnDeviceModule.cpp	431	Module 'Depth1' configuration was loaded from file.
 3242973	[INFO]	XnProperty.cpp	74	Setting Depth1.FPS to 30...
 3242994	[INFO]	XnProperty.cpp	86	Depth1.FPS value did not change.
 3243013	[INFO]	XnProperty.cpp	74	Setting Depth1.YRes to 480...
 3243036	[INFO]	XnProperty.cpp	151	Property Depth1.Resolution was changed to 1.
 3243055	[INFO]	XnProperty.cpp	151	Property Depth1.XRes was changed to 640.
 3243073	[INFO]	XnProperty.cpp	151	Property Depth1.RequiredDataSize was changed to 307200.
 3243095	[INFO]	XnProperty.cpp	151	Property Depth1.YRes was changed to 480.
 3243112	[INFO]	XnProperty.cpp	151	Property Depth1.RequiredDataSize was changed to 614400.
 3243131	[INFO]	XnProperty.cpp	101	Depth1.YRes was successfully set.
 3243149	[INFO]	XnProperty.cpp	74	Setting Depth1.XRes to 640...
 3243165	[INFO]	XnProperty.cpp	86	Depth1.XRes value did not change.
 3243220	[INFO]	XnProperty.cpp	74	Setting Depth1.Mirror to 1...
 3243240	[INFO]	XnProperty.cpp	151	Property Depth1.FirmwareMirror was changed to 1.
 3243296	[INFO]	XnProperty.cpp	151	Property Depth1.Mirror was changed to 1.
 3243315	[INFO]	XnProperty.cpp	101	Depth1.Mirror was successfully set.
 4829841	[INFO]	XnOpenNI.cpp	1261	Creating node 'User1' of type User...
 4854647	[WARNING]	Linux-x86Threads.cpp	173	Failed to set thread priority: Invalid argument
 4854696	[WARNING]	XnUSBLinux-x86.cpp	126	USB events thread: Failed to set thread priority to critical. This might cause loss of data...
 4855557	[INFO]	XnUSBLinux-x86.cpp	1222	USB read thread was started.
 4855589	[INFO]	XnProperty.cpp	151	Property Depth1.ActualReadData was changed to 1.
 5326571	[INFO]	XnProperty.cpp	151	Property Depth1.State was changed to 1.
 5326624	[INFO]	XnDeviceBase.cpp	370	Stream Depth1 is open.
 6900363	[INFO]	XnOpenNI.cpp	1261	Creating node 'Image1' of type Image...
 6900416	[INFO]	XnDeviceBase.cpp	1383	Creating stream 'Image1' of type 'Image'...
 6900638	[INFO]	XnProperty.cpp	151	Property Image1.Resolution was changed to 0.
 6900665	[INFO]	XnProperty.cpp	151	Property Image1.XRes was changed to 320.
 6900683	[INFO]	XnProperty.cpp	151	Property Image1.YRes was changed to 240.
 6900702	[INFO]	XnProperty.cpp	151	Property Image1.FPS was changed to 30.
 6900719	[INFO]	XnProperty.cpp	151	Property Image1.OutputFormat was changed to 5.
 6900737	[INFO]	XnProperty.cpp	151	Property Image1.BytesPerPixel was changed to 3.
 6900756	[INFO]	XnProperty.cpp	151	Property Image1.RequiredDataSize was changed to 230400.
 6900795	[INFO]	XnDeviceBase.cpp	1458	Stream 'Image1' was initialized.
 6900818	[INFO]	XnDeviceBase.cpp	1463	'Image1' stream was created.
 6900957	[INFO]	XnProperty.cpp	74	Setting Image1.InputFormat to 6...
 6900987	[INFO]	XnProperty.cpp	151	Property Image1.InputFormat was changed to 6.
 6901006	[INFO]	XnProperty.cpp	101	Image1.InputFormat was successfully set.
 6901614	[INFO]	XnDeviceModule.cpp	431	Module 'Image1' configuration was loaded from file.
 6901721	[INFO]	XnProperty.cpp	74	Setting Image1.FPS to 30...
 6901743	[INFO]	XnProperty.cpp	86	Image1.FPS value did not change.
 6901761	[INFO]	XnProperty.cpp	74	Setting Image1.YRes to 480...
 6901780	[INFO]	XnProperty.cpp	151	Property Image1.Resolution was changed to 1.
 6901798	[INFO]	XnProperty.cpp	151	Property Image1.XRes was changed to 640.
 6901814	[INFO]	XnProperty.cpp	151	Property Image1.RequiredDataSize was changed to 460800.
 6901838	[INFO]	XnProperty.cpp	151	Property Image1.YRes was changed to 480.
 6901861	[INFO]	XnProperty.cpp	151	Property Image1.RequiredDataSize was changed to 921600.
 6901884	[INFO]	XnProperty.cpp	101	Image1.YRes was successfully set.
 6901907	[INFO]	XnProperty.cpp	74	Setting Image1.XRes to 640...
 6901927	[INFO]	XnProperty.cpp	86	Image1.XRes value did not change.
 6903128	[INFO]	XnUSBLinux-x86.cpp	1222	USB read thread was started.
 6903176	[INFO]	XnProperty.cpp	151	Property Image1.ActualReadData was changed to 1.
 7091183	[WARNING]	XnDepthProcessor.cpp	133	Read: Depth buffer is corrupt. Size is 534176 (!= 614400)
 7091232	[WARNING]	XnFrameStreamProcessor.cpp	132	Depth frame is corrupt!
10103914	[INFO]	XnProperty.cpp	151	Property Image1.State was changed to 1.
10103950	[INFO]	XnDeviceBase.cpp	370	Stream Image1 is open.
10104138	[INFO]	XnProperty.cpp	74	Setting Depth1.Registration to 1...
10127298	[WARNING]	XnDepthProcessor.cpp	133	Read: Depth buffer is corrupt. Size is 595920 (!= 614400)
10127354	[WARNING]	XnFrameStreamProcessor.cpp	132	Depth frame is corrupt!
10256440	[INFO]	XnProperty.cpp	151	Property Depth1.Registration was changed to 1.
10256482	[INFO]	XnProperty.cpp	101	Depth1.Registration was successfully set.
10256529	[INFO]	XnProperty.cpp	74	Setting Image1.Mirror to 1...
10268831	[INFO]	XnProperty.cpp	151	Property Image1.FirmwareMirror was changed to 1.
10268896	[INFO]	XnProperty.cpp	151	Property Image1.Mirror was changed to 1.
10268928	[INFO]	XnProperty.cpp	101	Image1.Mirror was successfully set.
81901727	[INFO]	XnOpenNI.cpp	1459	Destroying node 'User1'
81910315	[INFO]	XnOpenNI.cpp	1459	Destroying node 'Depth1'
81910411	[INFO]	XnDeviceBase.cpp	1507	Destroying stream 'Depth1'...
81911680	[INFO]	XnOpenNI.cpp	1459	Destroying node 'Image1'
81911951	[INFO]	XnDeviceBase.cpp	1507	Destroying stream 'Image1'...
81912978	[INFO]	XnOpenNI.cpp	1459	Destroying node 'Device1'
