    1437	[INFO]	XnLog.cpp	165	OpenNI version is 1.0.0 (Build 25)-MacOSX (Jan  7 2011 14:20:18)
    1480	[INFO]	XnLog.cpp	173	Log system initialized. Console: 1, File: 1, Severity: INFO, Masks: ALL
    1504	[INFO]	XnLog.cpp	173	Log system initialized. Console: 1, File: 1, Severity: INFO, Masks: ALL
    2584	[INFO]	XnUSBLinux-x86.cpp	98	USB is initialized.
 2095158	[INFO]	XnOpenNI.cpp	1261	Creating node 'Device1' of type Device...
 2096592	[INFO]	XnDeviceModule.cpp	431	Module 'Device' configuration was loaded from file.
 2317215	[INFO]	XnDeviceSensorIO.cpp	135	Connected to USB device
 2317269	[INFO]	XnProperty.cpp	151	Property Device.USBPath was changed to 045e/02ae@250/9.
 2324453	[INFO]	XnHostProtocol.cpp	825	Hardware versions: FW=5.1.4 (7) HW=4 Chip=2 Sensor=4 SYS=7
 3736454	[INFO]	XnProperty.cpp	151	Property Device.ID was changed to 0.
 3736521	[INFO]	XnSensor.cpp	182	Device sensor initialized
 3736620	[INFO]	XnOpenNI.cpp	1261	Creating node 'Depth1' of type Depth...
 3736678	[INFO]	XnDeviceBase.cpp	1383	Creating stream 'Depth1' of type 'Depth'...
 3736706	[INFO]	XnProperty.cpp	74	Setting Device.ReadData to 1...
 3736743	[INFO]	XnDeviceSensorIO.cpp	298	Endpoints open
 3749113	[INFO]	XnProperty.cpp	151	Property Device.ReadData was changed to 1.
 3749147	[INFO]	XnProperty.cpp	101	Device.ReadData was successfully set.
 3749502	[INFO]	XnProperty.cpp	151	Property Depth1.Resolution was changed to 0.
 3749522	[INFO]	XnProperty.cpp	151	Property Depth1.XRes was changed to 320.
 3749536	[INFO]	XnProperty.cpp	151	Property Depth1.YRes was changed to 240.
 3749548	[INFO]	XnProperty.cpp	151	Property Depth1.FPS was changed to 30.
 3749559	[INFO]	XnProperty.cpp	151	Property Depth1.OutputFormat was changed to 1.
 3749572	[INFO]	XnProperty.cpp	151	Property Depth1.BytesPerPixel was changed to 2.
 3749584	[INFO]	XnProperty.cpp	151	Property Depth1.RequiredDataSize was changed to 153600.
 3749600	[INFO]	XnProperty.cpp	151	Property Depth1.ParamCoeff was changed to 4.
 3749659	[INFO]	XnProperty.cpp	151	Property Depth1.ShiftScale was changed to 10.
 3762267	[INFO]	XnProperty.cpp	151	Property Depth1.ConstShift was changed to 200.
 3762341	[INFO]	XnProperty.cpp	151	Property Depth1.ZPD was changed to 120.
 3762438	[INFO]	XnProperty.cpp	151	Property Depth1.ZPPS was changed to 0.104200.
 3762452	[INFO]	XnProperty.cpp	151	Property Depth1.LDDIS was changed to 7.500000.
 3762541	[INFO]	XnProperty.cpp	151	Property Depth1.Gain was changed to 30.
 3762570	[INFO]	XnDeviceBase.cpp	1458	Stream 'Depth1' was initialized.
 3762591	[INFO]	XnDeviceBase.cpp	1463	'Depth1' stream was created.
 3762763	[INFO]	XnProperty.cpp	74	Setting Depth1.InputFormat to 3...
 3762790	[INFO]	XnProperty.cpp	151	Property Depth1.InputFormat was changed to 3.
 3762810	[INFO]	XnProperty.cpp	101	Depth1.InputFormat was successfully set.
 3763269	[INFO]	XnProperty.cpp	74	Setting Depth1.RegistrationType to 2...
 3763290	[INFO]	XnProperty.cpp	151	Property Depth1.RegistrationType was changed to 2.
 3763308	[INFO]	XnProperty.cpp	101	Depth1.RegistrationType was successfully set.
 3763774	[INFO]	XnDeviceModule.cpp	431	Module 'Depth1' configuration was loaded from file.
 3763976	[INFO]	XnProperty.cpp	74	Setting Depth1.FPS to 30...
 3763997	[INFO]	XnProperty.cpp	86	Depth1.FPS value did not change.
 3764015	[INFO]	XnProperty.cpp	74	Setting Depth1.YRes to 480...
 3764038	[INFO]	XnProperty.cpp	151	Property Depth1.Resolution was changed to 1.
 3764059	[INFO]	XnProperty.cpp	151	Property Depth1.XRes was changed to 640.
 3764078	[INFO]	XnProperty.cpp	151	Property Depth1.RequiredDataSize was changed to 307200.
 3764099	[INFO]	XnProperty.cpp	151	Property Depth1.YRes was changed to 480.
 3764117	[INFO]	XnProperty.cpp	151	Property Depth1.RequiredDataSize was changed to 614400.
 3764146	[INFO]	XnProperty.cpp	101	Depth1.YRes was successfully set.
 3764193	[INFO]	XnProperty.cpp	74	Setting Depth1.XRes to 640...
 3764216	[INFO]	XnProperty.cpp	86	Depth1.XRes value did not change.
 3764342	[INFO]	XnProperty.cpp	74	Setting Depth1.Mirror to 1...
 3764365	[INFO]	XnProperty.cpp	151	Property Depth1.FirmwareMirror was changed to 1.
 3764433	[INFO]	XnProperty.cpp	151	Property Depth1.Mirror was changed to 1.
 3764460	[INFO]	XnProperty.cpp	101	Depth1.Mirror was successfully set.
 4951443	[INFO]	XnOpenNI.cpp	1261	Creating node 'User1' of type User...
 4977901	[WARNING]	Linux-x86Threads.cpp	173	Failed to set thread priority: Invalid argument
 4977952	[WARNING]	XnUSBLinux-x86.cpp	126	USB events thread: Failed to set thread priority to critical. This might cause loss of data...
 4978828	[INFO]	XnUSBLinux-x86.cpp	1222	USB read thread was started.
 4978862	[INFO]	XnProperty.cpp	151	Property Depth1.ActualReadData was changed to 1.
 5450165	[INFO]	XnProperty.cpp	151	Property Depth1.State was changed to 1.
 5450207	[INFO]	XnDeviceBase.cpp	370	Stream Depth1 is open.
 6191732	[INFO]	XnOpenNI.cpp	1261	Creating node 'Image1' of type Image...
 6191784	[INFO]	XnDeviceBase.cpp	1383	Creating stream 'Image1' of type 'Image'...
 6192005	[INFO]	XnProperty.cpp	151	Property Image1.Resolution was changed to 0.
 6192029	[INFO]	XnProperty.cpp	151	Property Image1.XRes was changed to 320.
 6192050	[INFO]	XnProperty.cpp	151	Property Image1.YRes was changed to 240.
 6192070	[INFO]	XnProperty.cpp	151	Property Image1.FPS was changed to 30.
 6192090	[INFO]	XnProperty.cpp	151	Property Image1.OutputFormat was changed to 5.
 6192109	[INFO]	XnProperty.cpp	151	Property Image1.BytesPerPixel was changed to 3.
 6192127	[INFO]	XnProperty.cpp	151	Property Image1.RequiredDataSize was changed to 230400.
 6192167	[INFO]	XnDeviceBase.cpp	1458	Stream 'Image1' was initialized.
 6192187	[INFO]	XnDeviceBase.cpp	1463	'Image1' stream was created.
 6192304	[INFO]	XnProperty.cpp	74	Setting Image1.InputFormat to 6...
 6192330	[INFO]	XnProperty.cpp	151	Property Image1.InputFormat was changed to 6.
 6192350	[INFO]	XnProperty.cpp	101	Image1.InputFormat was successfully set.
 6192770	[INFO]	XnDeviceModule.cpp	431	Module 'Image1' configuration was loaded from file.
 6192874	[INFO]	XnProperty.cpp	74	Setting Image1.FPS to 30...
 6192893	[INFO]	XnProperty.cpp	86	Image1.FPS value did not change.
 6192911	[INFO]	XnProperty.cpp	74	Setting Image1.YRes to 480...
 6192926	[INFO]	XnProperty.cpp	151	Property Image1.Resolution was changed to 1.
 6192940	[INFO]	XnProperty.cpp	151	Property Image1.XRes was changed to 640.
 6192957	[INFO]	XnProperty.cpp	151	Property Image1.RequiredDataSize was changed to 460800.
 6192973	[INFO]	XnProperty.cpp	151	Property Image1.YRes was changed to 480.
 6192987	[INFO]	XnProperty.cpp	151	Property Image1.RequiredDataSize was changed to 921600.
 6192999	[INFO]	XnProperty.cpp	101	Image1.YRes was successfully set.
 6193012	[INFO]	XnProperty.cpp	74	Setting Image1.XRes to 640...
 6193023	[INFO]	XnProperty.cpp	86	Image1.XRes value did not change.
 6194035	[INFO]	XnUSBLinux-x86.cpp	1222	USB read thread was started.
 6194075	[INFO]	XnProperty.cpp	151	Property Image1.ActualReadData was changed to 1.
 6382939	[WARNING]	XnDepthProcessor.cpp	133	Read: Depth buffer is corrupt. Size is 524896 (!= 614400)
 6382993	[WARNING]	XnFrameStreamProcessor.cpp	132	Depth frame is corrupt!
 9274997	[WARNING]	XnFirmwareStreams.cpp	324	Unknown packet type (0x4847)!!!
 9283057	[WARNING]	XnDepthProcessor.cpp	133	Read: Depth buffer is corrupt. Size is 582064 (!= 614400)
 9283090	[WARNING]	XnFrameStreamProcessor.cpp	132	Depth frame is corrupt!
 9395064	[INFO]	XnProperty.cpp	151	Property Image1.State was changed to 1.
 9395111	[INFO]	XnDeviceBase.cpp	370	Stream Image1 is open.
 9395306	[INFO]	XnProperty.cpp	74	Setting Depth1.Registration to 1...
 9403027	[WARNING]	XnFirmwareStreams.cpp	324	Unknown packet type (0x4847)!!!
 9418966	[WARNING]	XnDepthProcessor.cpp	133	Read: Depth buffer is corrupt. Size is 576528 (!= 614400)
 9419012	[WARNING]	XnFrameStreamProcessor.cpp	132	Depth frame is corrupt!
 9548195	[INFO]	XnProperty.cpp	151	Property Depth1.Registration was changed to 1.
 9548238	[INFO]	XnProperty.cpp	101	Depth1.Registration was successfully set.
 9548285	[INFO]	XnProperty.cpp	74	Setting Image1.Mirror to 1...
 9560720	[INFO]	XnProperty.cpp	151	Property Image1.FirmwareMirror was changed to 1.
 9560761	[INFO]	XnProperty.cpp	151	Property Image1.Mirror was changed to 1.
 9560809	[INFO]	XnProperty.cpp	101	Image1.Mirror was successfully set.
12328202	[INFO]	XnOpenNI.cpp	1459	Destroying node 'User1'
12335790	[INFO]	XnOpenNI.cpp	1459	Destroying node 'Depth1'
12335878	[INFO]	XnDeviceBase.cpp	1507	Destroying stream 'Depth1'...
12337039	[INFO]	XnOpenNI.cpp	1459	Destroying node 'Image1'
12337079	[INFO]	XnDeviceBase.cpp	1507	Destroying stream 'Image1'...
12337858	[INFO]	XnOpenNI.cpp	1459	Destroying node 'Device1'
