    2409	[INFO]	XnLog.cpp	165	OpenNI version is 1.0.0 (Build 25)-MacOSX (Jan  7 2011 14:20:18)
    2459	[INFO]	XnLog.cpp	173	Log system initialized. Console: 1, File: 1, Severity: INFO, Masks: ALL
    2491	[INFO]	XnLog.cpp	173	Log system initialized. Console: 1, File: 1, Severity: INFO, Masks: ALL
    4045	[INFO]	XnUSBLinux-x86.cpp	98	USB is initialized.
 1175792	[INFO]	XnOpenNI.cpp	1261	Creating node 'Device1' of type Device...
 1177407	[INFO]	XnDeviceModule.cpp	431	Module 'Device' configuration was loaded from file.
 1282571	[INFO]	XnDeviceSensorIO.cpp	135	Connected to USB device
 1282624	[INFO]	XnProperty.cpp	151	Property Device.USBPath was changed to 045e/02ae@253/8.
 1289720	[INFO]	XnHostProtocol.cpp	825	Hardware versions: FW=5.1.4 (7) HW=4 Chip=2 Sensor=4 SYS=7
 2700519	[INFO]	XnProperty.cpp	151	Property Device.ID was changed to 0.
 2700583	[INFO]	XnSensor.cpp	182	Device sensor initialized
 2700687	[INFO]	XnOpenNI.cpp	1261	Creating node 'Depth1' of type Depth...
 2700739	[INFO]	XnDeviceBase.cpp	1383	Creating stream 'Depth1' of type 'Depth'...
 2700763	[INFO]	XnProperty.cpp	74	Setting Device.ReadData to 1...
 2700802	[INFO]	XnDeviceSensorIO.cpp	298	Endpoints open
 2713387	[INFO]	XnProperty.cpp	151	Property Device.ReadData was changed to 1.
 2713447	[INFO]	XnProperty.cpp	101	Device.ReadData was successfully set.
 2713793	[INFO]	XnProperty.cpp	151	Property Depth1.Resolution was changed to 0.
 2713813	[INFO]	XnProperty.cpp	151	Property Depth1.XRes was changed to 320.
 2713826	[INFO]	XnProperty.cpp	151	Property Depth1.YRes was changed to 240.
 2713837	[INFO]	XnProperty.cpp	151	Property Depth1.FPS was changed to 30.
 2713848	[INFO]	XnProperty.cpp	151	Property Depth1.OutputFormat was changed to 1.
 2713861	[INFO]	XnProperty.cpp	151	Property Depth1.BytesPerPixel was changed to 2.
 2713873	[INFO]	XnProperty.cpp	151	Property Depth1.RequiredDataSize was changed to 153600.
 2713889	[INFO]	XnProperty.cpp	151	Property Depth1.ParamCoeff was changed to 4.
 2713949	[INFO]	XnProperty.cpp	151	Property Depth1.ShiftScale was changed to 10.
 2726651	[INFO]	XnProperty.cpp	151	Property Depth1.ConstShift was changed to 200.
 2726759	[INFO]	XnProperty.cpp	151	Property Depth1.ZPD was changed to 120.
 2726866	[INFO]	XnProperty.cpp	151	Property Depth1.ZPPS was changed to 0.104200.
 2726881	[INFO]	XnProperty.cpp	151	Property Depth1.LDDIS was changed to 7.500000.
 2726973	[INFO]	XnProperty.cpp	151	Property Depth1.Gain was changed to 30.
 2727006	[INFO]	XnDeviceBase.cpp	1458	Stream 'Depth1' was initialized.
 2727021	[INFO]	XnDeviceBase.cpp	1463	'Depth1' stream was created.
 2727183	[INFO]	XnProperty.cpp	74	Setting Depth1.InputFormat to 3...
 2727204	[INFO]	XnProperty.cpp	151	Property Depth1.InputFormat was changed to 3.
 2727216	[INFO]	XnProperty.cpp	101	Depth1.InputFormat was successfully set.
 2727647	[INFO]	XnProperty.cpp	74	Setting Depth1.RegistrationType to 2...
 2727664	[INFO]	XnProperty.cpp	151	Property Depth1.RegistrationType was changed to 2.
 2727675	[INFO]	XnProperty.cpp	101	Depth1.RegistrationType was successfully set.
 2728126	[INFO]	XnDeviceModule.cpp	431	Module 'Depth1' configuration was loaded from file.
 2728295	[INFO]	XnProperty.cpp	74	Setting Depth1.FPS to 30...
 2728312	[INFO]	XnProperty.cpp	86	Depth1.FPS value did not change.
 2728324	[INFO]	XnProperty.cpp	74	Setting Depth1.YRes to 480...
 2728339	[INFO]	XnProperty.cpp	151	Property Depth1.Resolution was changed to 1.
 2728352	[INFO]	XnProperty.cpp	151	Property Depth1.XRes was changed to 640.
 2728365	[INFO]	XnProperty.cpp	151	Property Depth1.RequiredDataSize was changed to 307200.
 2728379	[INFO]	XnProperty.cpp	151	Property Depth1.YRes was changed to 480.
 2728391	[INFO]	XnProperty.cpp	151	Property Depth1.RequiredDataSize was changed to 614400.
 2728404	[INFO]	XnProperty.cpp	101	Depth1.YRes was successfully set.
 2728416	[INFO]	XnProperty.cpp	74	Setting Depth1.XRes to 640...
 2728427	[INFO]	XnProperty.cpp	86	Depth1.XRes value did not change.
 2728470	[INFO]	XnProperty.cpp	74	Setting Depth1.Mirror to 1...
 2728485	[INFO]	XnProperty.cpp	151	Property Depth1.FirmwareMirror was changed to 1.
 2728532	[INFO]	XnProperty.cpp	151	Property Depth1.Mirror was changed to 1.
 2728544	[INFO]	XnProperty.cpp	101	Depth1.Mirror was successfully set.
 3470770	[INFO]	XnOpenNI.cpp	1261	Creating node 'User1' of type User...
 3495494	[WARNING]	Linux-x86Threads.cpp	173	Failed to set thread priority: Invalid argument
 3495539	[WARNING]	XnUSBLinux-x86.cpp	126	USB events thread: Failed to set thread priority to critical. This might cause loss of data...
 3496305	[INFO]	XnUSBLinux-x86.cpp	1222	USB read thread was started.
 3496333	[INFO]	XnProperty.cpp	151	Property Depth1.ActualReadData was changed to 1.
 3967334	[INFO]	XnProperty.cpp	151	Property Depth1.State was changed to 1.
 3967378	[INFO]	XnDeviceBase.cpp	370	Stream Depth1 is open.
 4686855	[INFO]	XnOpenNI.cpp	1261	Creating node 'Image1' of type Image...
 4686909	[INFO]	XnDeviceBase.cpp	1383	Creating stream 'Image1' of type 'Image'...
 4687125	[INFO]	XnProperty.cpp	151	Property Image1.Resolution was changed to 0.
 4687153	[INFO]	XnProperty.cpp	151	Property Image1.XRes was changed to 320.
 4687170	[INFO]	XnProperty.cpp	151	Property Image1.YRes was changed to 240.
 4687188	[INFO]	XnProperty.cpp	151	Property Image1.FPS was changed to 30.
 4687207	[INFO]	XnProperty.cpp	151	Property Image1.OutputFormat was changed to 5.
 4687225	[INFO]	XnProperty.cpp	151	Property Image1.BytesPerPixel was changed to 3.
 4687245	[INFO]	XnProperty.cpp	151	Property Image1.RequiredDataSize was changed to 230400.
 4687285	[INFO]	XnDeviceBase.cpp	1458	Stream 'Image1' was initialized.
 4687307	[INFO]	XnDeviceBase.cpp	1463	'Image1' stream was created.
 4687438	[INFO]	XnProperty.cpp	74	Setting Image1.InputFormat to 6...
 4687468	[INFO]	XnProperty.cpp	151	Property Image1.InputFormat was changed to 6.
 4687487	[INFO]	XnProperty.cpp	101	Image1.InputFormat was successfully set.
 4688107	[INFO]	XnDeviceModule.cpp	431	Module 'Image1' configuration was loaded from file.
 4688216	[INFO]	XnProperty.cpp	74	Setting Image1.FPS to 30...
 4688239	[INFO]	XnProperty.cpp	86	Image1.FPS value did not change.
 4688258	[INFO]	XnProperty.cpp	74	Setting Image1.YRes to 480...
 4688277	[INFO]	XnProperty.cpp	151	Property Image1.Resolution was changed to 1.
 4688293	[INFO]	XnProperty.cpp	151	Property Image1.XRes was changed to 640.
 4688311	[INFO]	XnProperty.cpp	151	Property Image1.RequiredDataSize was changed to 460800.
 4688328	[INFO]	XnProperty.cpp	151	Property Image1.YRes was changed to 480.
 4688342	[INFO]	XnProperty.cpp	151	Property Image1.RequiredDataSize was changed to 921600.
 4688354	[INFO]	XnProperty.cpp	101	Image1.YRes was successfully set.
 4688376	[INFO]	XnProperty.cpp	74	Setting Image1.XRes to 640...
 4688392	[INFO]	XnProperty.cpp	86	Image1.XRes value did not change.
 4689373	[INFO]	XnUSBLinux-x86.cpp	1222	USB read thread was started.
 4689416	[INFO]	XnProperty.cpp	151	Property Image1.ActualReadData was changed to 1.
 4763755	[WARNING]	XnDepthProcessor.cpp	133	Read: Depth buffer is corrupt. Size is 596704 (!= 614400)
 4763804	[WARNING]	XnFrameStreamProcessor.cpp	132	Depth frame is corrupt!
 4863800	[WARNING]	XnDepthProcessor.cpp	133	Read: Depth buffer is corrupt. Size is 518672 (!= 614400)
 4863845	[WARNING]	XnFrameStreamProcessor.cpp	132	Depth frame is corrupt!
 4899767	[WARNING]	XnDepthProcessor.cpp	133	Read: Depth buffer is corrupt. Size is 593872 (!= 614400)
 4899812	[WARNING]	XnFrameStreamProcessor.cpp	132	Depth frame is corrupt!
 7767829	[WARNING]	XnDepthProcessor.cpp	133	Read: Depth buffer is corrupt. Size is 595104 (!= 614400)
 7767876	[WARNING]	XnFrameStreamProcessor.cpp	132	Depth frame is corrupt!
 7890021	[INFO]	XnProperty.cpp	151	Property Image1.State was changed to 1.
 7890072	[INFO]	XnDeviceBase.cpp	370	Stream Image1 is open.
 7890266	[INFO]	XnProperty.cpp	74	Setting Depth1.Registration to 1...
 7935863	[WARNING]	XnDepthProcessor.cpp	133	Read: Depth buffer is corrupt. Size is 590896 (!= 614400)
 7935912	[WARNING]	XnFrameStreamProcessor.cpp	132	Depth frame is corrupt!
 8042891	[INFO]	XnProperty.cpp	151	Property Depth1.Registration was changed to 1.
 8042934	[INFO]	XnProperty.cpp	101	Depth1.Registration was successfully set.
 8043011	[INFO]	XnProperty.cpp	74	Setting Image1.Mirror to 1...
 8055651	[INFO]	XnProperty.cpp	151	Property Image1.FirmwareMirror was changed to 1.
 8055694	[INFO]	XnProperty.cpp	151	Property Image1.Mirror was changed to 1.
 8055716	[INFO]	XnProperty.cpp	101	Image1.Mirror was successfully set.
10444501	[INFO]	XnOpenNI.cpp	1459	Destroying node 'User1'
10453205	[INFO]	XnOpenNI.cpp	1459	Destroying node 'Depth1'
10453290	[INFO]	XnDeviceBase.cpp	1507	Destroying stream 'Depth1'...
10454400	[INFO]	XnOpenNI.cpp	1459	Destroying node 'Image1'
10454441	[INFO]	XnDeviceBase.cpp	1507	Destroying stream 'Image1'...
10455204	[INFO]	XnOpenNI.cpp	1459	Destroying node 'Device1'
