  127520	[INFO]	XnLog.cpp	165	OpenNI version is 1.0.0 (Build 25)-MacOSX (Jan  7 2011 14:20:18)
  127700	[INFO]	XnLog.cpp	173	Log system initialized. Console: 1, File: 1, Severity: INFO, Masks: ALL
  127734	[INFO]	XnLog.cpp	173	Log system initialized. Console: 1, File: 1, Severity: INFO, Masks: ALL
  129024	[INFO]	XnUSBLinux-x86.cpp	98	USB is initialized.
 2091015	[INFO]	XnOpenNI.cpp	1261	Creating node 'Device1' of type Device...
 2092192	[INFO]	XnDeviceModule.cpp	431	Module 'Device' configuration was loaded from file.
 2358180	[INFO]	XnDeviceSensorIO.cpp	135	Connected to USB device
 2358234	[INFO]	XnProperty.cpp	151	Property Device.USBPath was changed to 045e/02ae@250/10.
 2365267	[INFO]	XnHostProtocol.cpp	825	Hardware versions: FW=5.1.4 (7) HW=4 Chip=2 Sensor=4 SYS=7
 3880655	[INFO]	XnProperty.cpp	151	Property Device.ID was changed to 0.
 3880750	[INFO]	XnSensor.cpp	182	Device sensor initialized
 3880851	[INFO]	XnOpenNI.cpp	1261	Creating node 'Depth1' of type Depth...
 3880888	[INFO]	XnDeviceBase.cpp	1383	Creating stream 'Depth1' of type 'Depth'...
 3880905	[INFO]	XnProperty.cpp	74	Setting Device.ReadData to 1...
 3880936	[INFO]	XnDeviceSensorIO.cpp	298	Endpoints open
 3893243	[INFO]	XnProperty.cpp	151	Property Device.ReadData was changed to 1.
 3893287	[INFO]	XnProperty.cpp	101	Device.ReadData was successfully set.
 3893634	[INFO]	XnProperty.cpp	151	Property Depth1.Resolution was changed to 0.
 3893653	[INFO]	XnProperty.cpp	151	Property Depth1.XRes was changed to 320.
 3893667	[INFO]	XnProperty.cpp	151	Property Depth1.YRes was changed to 240.
 3893678	[INFO]	XnProperty.cpp	151	Property Depth1.FPS was changed to 30.
 3893689	[INFO]	XnProperty.cpp	151	Property Depth1.OutputFormat was changed to 1.
 3893701	[INFO]	XnProperty.cpp	151	Property Depth1.BytesPerPixel was changed to 2.
 3893713	[INFO]	XnProperty.cpp	151	Property Depth1.RequiredDataSize was changed to 153600.
 3893729	[INFO]	XnProperty.cpp	151	Property Depth1.ParamCoeff was changed to 4.
 3893788	[INFO]	XnProperty.cpp	151	Property Depth1.ShiftScale was changed to 10.
 3906274	[INFO]	XnProperty.cpp	151	Property Depth1.ConstShift was changed to 200.
 3906364	[INFO]	XnProperty.cpp	151	Property Depth1.ZPD was changed to 120.
 3906462	[INFO]	XnProperty.cpp	151	Property Depth1.ZPPS was changed to 0.104200.
 3906477	[INFO]	XnProperty.cpp	151	Property Depth1.LDDIS was changed to 7.500000.
 3906565	[INFO]	XnProperty.cpp	151	Property Depth1.Gain was changed to 30.
 3906595	[INFO]	XnDeviceBase.cpp	1458	Stream 'Depth1' was initialized.
 3906609	[INFO]	XnDeviceBase.cpp	1463	'Depth1' stream was created.
 3906769	[INFO]	XnProperty.cpp	74	Setting Depth1.InputFormat to 3...
 3906791	[INFO]	XnProperty.cpp	151	Property Depth1.InputFormat was changed to 3.
 3906804	[INFO]	XnProperty.cpp	101	Depth1.InputFormat was successfully set.
 3907235	[INFO]	XnProperty.cpp	74	Setting Depth1.RegistrationType to 2...
 3907252	[INFO]	XnProperty.cpp	151	Property Depth1.RegistrationType was changed to 2.
 3907264	[INFO]	XnProperty.cpp	101	Depth1.RegistrationType was successfully set.
 3907719	[INFO]	XnDeviceModule.cpp	431	Module 'Depth1' configuration was loaded from file.
 3907900	[INFO]	XnProperty.cpp	74	Setting Depth1.FPS to 30...
 3907917	[INFO]	XnProperty.cpp	86	Depth1.FPS value did not change.
 3907929	[INFO]	XnProperty.cpp	74	Setting Depth1.YRes to 480...
 3907943	[INFO]	XnProperty.cpp	151	Property Depth1.Resolution was changed to 1.
 3907956	[INFO]	XnProperty.cpp	151	Property Depth1.XRes was changed to 640.
 3907967	[INFO]	XnProperty.cpp	151	Property Depth1.RequiredDataSize was changed to 307200.
 3907982	[INFO]	XnProperty.cpp	151	Property Depth1.YRes was changed to 480.
 3907994	[INFO]	XnProperty.cpp	151	Property Depth1.RequiredDataSize was changed to 614400.
 3908006	[INFO]	XnProperty.cpp	101	Depth1.YRes was successfully set.
 3908019	[INFO]	XnProperty.cpp	74	Setting Depth1.XRes to 640...
 3908029	[INFO]	XnProperty.cpp	86	Depth1.XRes value did not change.
 3908071	[INFO]	XnProperty.cpp	74	Setting Depth1.Mirror to 1...
 3908086	[INFO]	XnProperty.cpp	151	Property Depth1.FirmwareMirror was changed to 1.
 3908127	[INFO]	XnProperty.cpp	151	Property Depth1.Mirror was changed to 1.
 3908138	[INFO]	XnProperty.cpp	101	Depth1.Mirror was successfully set.
 4991413	[INFO]	XnOpenNI.cpp	1261	Creating node 'User1' of type User...
 5016440	[WARNING]	Linux-x86Threads.cpp	173	Failed to set thread priority: Invalid argument
 5016484	[WARNING]	XnUSBLinux-x86.cpp	126	USB events thread: Failed to set thread priority to critical. This might cause loss of data...
 5017229	[INFO]	XnUSBLinux-x86.cpp	1222	USB read thread was started.
 5017253	[INFO]	XnProperty.cpp	151	Property Depth1.ActualReadData was changed to 1.
 5488718	[INFO]	XnProperty.cpp	151	Property Depth1.State was changed to 1.
 5488749	[INFO]	XnDeviceBase.cpp	370	Stream Depth1 is open.
 7211273	[INFO]	XnOpenNI.cpp	1261	Creating node 'Image1' of type Image...
 7211323	[INFO]	XnDeviceBase.cpp	1383	Creating stream 'Image1' of type 'Image'...
 7211548	[INFO]	XnProperty.cpp	151	Property Image1.Resolution was changed to 0.
 7211575	[INFO]	XnProperty.cpp	151	Property Image1.XRes was changed to 320.
 7211593	[INFO]	XnProperty.cpp	151	Property Image1.YRes was changed to 240.
 7211611	[INFO]	XnProperty.cpp	151	Property Image1.FPS was changed to 30.
 7211628	[INFO]	XnProperty.cpp	151	Property Image1.OutputFormat was changed to 5.
 7211646	[INFO]	XnProperty.cpp	151	Property Image1.BytesPerPixel was changed to 3.
 7211664	[INFO]	XnProperty.cpp	151	Property Image1.RequiredDataSize was changed to 230400.
 7211704	[INFO]	XnDeviceBase.cpp	1458	Stream 'Image1' was initialized.
 7211727	[INFO]	XnDeviceBase.cpp	1463	'Image1' stream was created.
 7211857	[INFO]	XnProperty.cpp	74	Setting Image1.InputFormat to 6...
 7211888	[INFO]	XnProperty.cpp	151	Property Image1.InputFormat was changed to 6.
 7211907	[INFO]	XnProperty.cpp	101	Image1.InputFormat was successfully set.
 7212511	[INFO]	XnDeviceModule.cpp	431	Module 'Image1' configuration was loaded from file.
 7212620	[INFO]	XnProperty.cpp	74	Setting Image1.FPS to 30...
 7212644	[INFO]	XnProperty.cpp	86	Image1.FPS value did not change.
 7212663	[INFO]	XnProperty.cpp	74	Setting Image1.YRes to 480...
 7212681	[INFO]	XnProperty.cpp	151	Property Image1.Resolution was changed to 1.
 7212698	[INFO]	XnProperty.cpp	151	Property Image1.XRes was changed to 640.
 7212715	[INFO]	XnProperty.cpp	151	Property Image1.RequiredDataSize was changed to 460800.
 7212734	[INFO]	XnProperty.cpp	151	Property Image1.YRes was changed to 480.
 7212755	[INFO]	XnProperty.cpp	151	Property Image1.RequiredDataSize was changed to 921600.
 7212776	[INFO]	XnProperty.cpp	101	Image1.YRes was successfully set.
 7212798	[INFO]	XnProperty.cpp	74	Setting Image1.XRes to 640...
 7212818	[INFO]	XnProperty.cpp	86	Image1.XRes value did not change.
 7213956	[INFO]	XnUSBLinux-x86.cpp	1222	USB read thread was started.
 7213999	[INFO]	XnProperty.cpp	151	Property Image1.ActualReadData was changed to 1.
 7289466	[WARNING]	XnDepthProcessor.cpp	133	Read: Depth buffer is corrupt. Size is 599024 (!= 614400)
 7289519	[WARNING]	XnFrameStreamProcessor.cpp	132	Depth frame is corrupt!
 7421728	[WARNING]	XnDepthProcessor.cpp	133	Read: Depth buffer is corrupt. Size is 591152 (!= 614400)
 7421775	[WARNING]	XnFrameStreamProcessor.cpp	132	Depth frame is corrupt!
10290218	[WARNING]	XnDepthProcessor.cpp	133	Read: Depth buffer is corrupt. Size is 592368 (!= 614400)
10290263	[WARNING]	XnFrameStreamProcessor.cpp	132	Depth frame is corrupt!
10415111	[INFO]	XnProperty.cpp	151	Property Image1.State was changed to 1.
10415154	[INFO]	XnDeviceBase.cpp	370	Stream Image1 is open.
10415369	[INFO]	XnProperty.cpp	74	Setting Depth1.Registration to 1...
10458497	[WARNING]	XnDepthProcessor.cpp	133	Read: Depth buffer is corrupt. Size is 593136 (!= 614400)
10458551	[WARNING]	XnFrameStreamProcessor.cpp	132	Depth frame is corrupt!
10567380	[INFO]	XnProperty.cpp	151	Property Depth1.Registration was changed to 1.
10567422	[INFO]	XnProperty.cpp	101	Depth1.Registration was successfully set.
10567469	[INFO]	XnProperty.cpp	74	Setting Image1.Mirror to 1...
10579917	[INFO]	XnProperty.cpp	151	Property Image1.FirmwareMirror was changed to 1.
10579994	[INFO]	XnProperty.cpp	151	Property Image1.Mirror was changed to 1.
10580008	[INFO]	XnProperty.cpp	101	Image1.Mirror was successfully set.
35907756	[INFO]	XnOpenNI.cpp	1459	Destroying node 'User1'
35915702	[INFO]	XnOpenNI.cpp	1459	Destroying node 'Depth1'
35915801	[INFO]	XnDeviceBase.cpp	1507	Destroying stream 'Depth1'...
35917167	[INFO]	XnOpenNI.cpp	1459	Destroying node 'Image1'
35917231	[INFO]	XnDeviceBase.cpp	1507	Destroying stream 'Image1'...
35919147	[INFO]	XnOpenNI.cpp	1459	Destroying node 'Device1'
