    1868	[INFO]	XnLog.cpp	165	OpenNI version is 1.0.0 (Build 25)-MacOSX (Jan  7 2011 14:20:18)
    1916	[INFO]	XnLog.cpp	173	Log system initialized. Console: 1, File: 1, Severity: INFO, Masks: ALL
    1948	[INFO]	XnLog.cpp	173	Log system initialized. Console: 1, File: 1, Severity: INFO, Masks: ALL
    3532	[INFO]	XnUSBLinux-x86.cpp	98	USB is initialized.
 2098618	[INFO]	XnOpenNI.cpp	1261	Creating node 'Device1' of type Device...
 2099737	[INFO]	XnDeviceModule.cpp	431	Module 'Device' configuration was loaded from file.
 2315154	[INFO]	XnDeviceSensorIO.cpp	135	Connected to USB device
 2315209	[INFO]	XnProperty.cpp	151	Property Device.USBPath was changed to 045e/02ae@253/8.
 2323262	[INFO]	XnHostProtocol.cpp	825	Hardware versions: FW=5.1.4 (7) HW=4 Chip=2 Sensor=4 SYS=7
 3734684	[INFO]	XnProperty.cpp	151	Property Device.ID was changed to 0.
 3734768	[INFO]	XnSensor.cpp	182	Device sensor initialized
 3734866	[INFO]	XnOpenNI.cpp	1261	Creating node 'Depth1' of type Depth...
 3734911	[INFO]	XnDeviceBase.cpp	1383	Creating stream 'Depth1' of type 'Depth'...
 3734933	[INFO]	XnProperty.cpp	74	Setting Device.ReadData to 1...
 3734972	[INFO]	XnDeviceSensorIO.cpp	298	Endpoints open
 3747535	[INFO]	XnProperty.cpp	151	Property Device.ReadData was changed to 1.
 3747593	[INFO]	XnProperty.cpp	101	Device.ReadData was successfully set.
 3748321	[INFO]	XnProperty.cpp	151	Property Depth1.Resolution was changed to 0.
 3748373	[INFO]	XnProperty.cpp	151	Property Depth1.XRes was changed to 320.
 3748408	[INFO]	XnProperty.cpp	151	Property Depth1.YRes was changed to 240.
 3748441	[INFO]	XnProperty.cpp	151	Property Depth1.FPS was changed to 30.
 3748474	[INFO]	XnProperty.cpp	151	Property Depth1.OutputFormat was changed to 1.
 3748507	[INFO]	XnProperty.cpp	151	Property Depth1.BytesPerPixel was changed to 2.
 3748540	[INFO]	XnProperty.cpp	151	Property Depth1.RequiredDataSize was changed to 153600.
 3748581	[INFO]	XnProperty.cpp	151	Property Depth1.ParamCoeff was changed to 4.
 3748742	[INFO]	XnProperty.cpp	151	Property Depth1.ShiftScale was changed to 10.
 3760952	[INFO]	XnProperty.cpp	151	Property Depth1.ConstShift was changed to 200.
 3761070	[INFO]	XnProperty.cpp	151	Property Depth1.ZPD was changed to 120.
 3761197	[INFO]	XnProperty.cpp	151	Property Depth1.ZPPS was changed to 0.104200.
 3761221	[INFO]	XnProperty.cpp	151	Property Depth1.LDDIS was changed to 7.500000.
 3761345	[INFO]	XnProperty.cpp	151	Property Depth1.Gain was changed to 30.
 3761389	[INFO]	XnDeviceBase.cpp	1458	Stream 'Depth1' was initialized.
 3761412	[INFO]	XnDeviceBase.cpp	1463	'Depth1' stream was created.
 3761606	[INFO]	XnProperty.cpp	74	Setting Depth1.InputFormat to 3...
 3761637	[INFO]	XnProperty.cpp	151	Property Depth1.InputFormat was changed to 3.
 3761660	[INFO]	XnProperty.cpp	101	Depth1.InputFormat was successfully set.
 3762187	[INFO]	XnProperty.cpp	74	Setting Depth1.RegistrationType to 2...
 3762209	[INFO]	XnProperty.cpp	151	Property Depth1.RegistrationType was changed to 2.
 3762229	[INFO]	XnProperty.cpp	101	Depth1.RegistrationType was successfully set.
 3762823	[INFO]	XnDeviceModule.cpp	431	Module 'Depth1' configuration was loaded from file.
 3763037	[INFO]	XnProperty.cpp	74	Setting Depth1.FPS to 30...
 3763059	[INFO]	XnProperty.cpp	86	Depth1.FPS value did not change.
 3763076	[INFO]	XnProperty.cpp	74	Setting Depth1.YRes to 480...
 3763099	[INFO]	XnProperty.cpp	151	Property Depth1.Resolution was changed to 1.
 3763120	[INFO]	XnProperty.cpp	151	Property Depth1.XRes was changed to 640.
 3763140	[INFO]	XnProperty.cpp	151	Property Depth1.RequiredDataSize was changed to 307200.
 3763162	[INFO]	XnProperty.cpp	151	Property Depth1.YRes was changed to 480.
 3763180	[INFO]	XnProperty.cpp	151	Property Depth1.RequiredDataSize was changed to 614400.
 3763201	[INFO]	XnProperty.cpp	101	Depth1.YRes was successfully set.
 3763221	[INFO]	XnProperty.cpp	74	Setting Depth1.XRes to 640...
 3763237	[INFO]	XnProperty.cpp	86	Depth1.XRes value did not change.
 3763296	[INFO]	XnProperty.cpp	74	Setting Depth1.Mirror to 1...
 3763316	[INFO]	XnProperty.cpp	151	Property Depth1.FirmwareMirror was changed to 1.
 3763375	[INFO]	XnProperty.cpp	151	Property Depth1.Mirror was changed to 1.
 3763394	[INFO]	XnProperty.cpp	101	Depth1.Mirror was successfully set.
 5402708	[INFO]	XnOpenNI.cpp	1261	Creating node 'User1' of type User...
 5427478	[WARNING]	Linux-x86Threads.cpp	173	Failed to set thread priority: Invalid argument
 5427525	[WARNING]	XnUSBLinux-x86.cpp	126	USB events thread: Failed to set thread priority to critical. This might cause loss of data...
 5428497	[INFO]	XnUSBLinux-x86.cpp	1222	USB read thread was started.
 5428539	[INFO]	XnProperty.cpp	151	Property Depth1.ActualReadData was changed to 1.
 5899215	[INFO]	XnProperty.cpp	151	Property Depth1.State was changed to 1.
 5899257	[INFO]	XnDeviceBase.cpp	370	Stream Depth1 is open.
 8352686	[INFO]	XnOpenNI.cpp	1261	Creating node 'Image1' of type Image...
 8352744	[INFO]	XnDeviceBase.cpp	1383	Creating stream 'Image1' of type 'Image'...
 8352987	[INFO]	XnProperty.cpp	151	Property Image1.Resolution was changed to 0.
 8353015	[INFO]	XnProperty.cpp	151	Property Image1.XRes was changed to 320.
 8353037	[INFO]	XnProperty.cpp	151	Property Image1.YRes was changed to 240.
 8353058	[INFO]	XnProperty.cpp	151	Property Image1.FPS was changed to 30.
 8353079	[INFO]	XnProperty.cpp	151	Property Image1.OutputFormat was changed to 5.
 8353100	[INFO]	XnProperty.cpp	151	Property Image1.BytesPerPixel was changed to 3.
 8353120	[INFO]	XnProperty.cpp	151	Property Image1.RequiredDataSize was changed to 230400.
 8353162	[INFO]	XnDeviceBase.cpp	1458	Stream 'Image1' was initialized.
 8353184	[INFO]	XnDeviceBase.cpp	1463	'Image1' stream was created.
 8353327	[INFO]	XnProperty.cpp	74	Setting Image1.InputFormat to 6...
 8353378	[INFO]	XnProperty.cpp	151	Property Image1.InputFormat was changed to 6.
 8353401	[INFO]	XnProperty.cpp	101	Image1.InputFormat was successfully set.
 8354025	[INFO]	XnDeviceModule.cpp	431	Module 'Image1' configuration was loaded from file.
 8354130	[INFO]	XnProperty.cpp	74	Setting Image1.FPS to 30...
 8354149	[INFO]	XnProperty.cpp	86	Image1.FPS value did not change.
 8354169	[INFO]	XnProperty.cpp	74	Setting Image1.YRes to 480...
 8354189	[INFO]	XnProperty.cpp	151	Property Image1.Resolution was changed to 1.
 8354208	[INFO]	XnProperty.cpp	151	Property Image1.XRes was changed to 640.
 8354227	[INFO]	XnProperty.cpp	151	Property Image1.RequiredDataSize was changed to 460800.
 8354248	[INFO]	XnProperty.cpp	151	Property Image1.YRes was changed to 480.
 8354267	[INFO]	XnProperty.cpp	151	Property Image1.RequiredDataSize was changed to 921600.
 8354286	[INFO]	XnProperty.cpp	101	Image1.YRes was successfully set.
 8354306	[INFO]	XnProperty.cpp	74	Setting Image1.XRes to 640...
 8354323	[INFO]	XnProperty.cpp	86	Image1.XRes value did not change.
 8355284	[INFO]	XnUSBLinux-x86.cpp	1222	USB read thread was started.
 8355323	[INFO]	XnProperty.cpp	151	Property Image1.ActualReadData was changed to 1.
 8432478	[WARNING]	XnDepthProcessor.cpp	133	Read: Depth buffer is corrupt. Size is 594640 (!= 614400)
 8432521	[WARNING]	XnFrameStreamProcessor.cpp	132	Depth frame is corrupt!
 8532503	[WARNING]	XnDepthProcessor.cpp	133	Read: Depth buffer is corrupt. Size is 572032 (!= 614400)
 8532549	[WARNING]	XnFrameStreamProcessor.cpp	132	Depth frame is corrupt!
 8568456	[WARNING]	XnDepthProcessor.cpp	133	Read: Depth buffer is corrupt. Size is 594448 (!= 614400)
 8568500	[WARNING]	XnFrameStreamProcessor.cpp	132	Depth frame is corrupt!
11556232	[INFO]	XnProperty.cpp	151	Property Image1.State was changed to 1.
11556276	[INFO]	XnDeviceBase.cpp	370	Stream Image1 is open.
11556475	[INFO]	XnProperty.cpp	74	Setting Depth1.Registration to 1...
11568594	[WARNING]	XnDepthProcessor.cpp	133	Read: Depth buffer is corrupt. Size is 588976 (!= 614400)
11568641	[WARNING]	XnFrameStreamProcessor.cpp	132	Depth frame is corrupt!
11709133	[INFO]	XnProperty.cpp	151	Property Depth1.Registration was changed to 1.
11709175	[INFO]	XnProperty.cpp	101	Depth1.Registration was successfully set.
11709222	[INFO]	XnProperty.cpp	74	Setting Image1.Mirror to 1...
11721620	[INFO]	XnProperty.cpp	151	Property Image1.FirmwareMirror was changed to 1.
11721723	[INFO]	XnProperty.cpp	151	Property Image1.Mirror was changed to 1.
11721743	[INFO]	XnProperty.cpp	101	Image1.Mirror was successfully set.
80569132	[INFO]	XnOpenNI.cpp	1459	Destroying node 'User1'
80576887	[INFO]	XnOpenNI.cpp	1459	Destroying node 'Depth1'
80576985	[INFO]	XnDeviceBase.cpp	1507	Destroying stream 'Depth1'...
80578523	[INFO]	XnOpenNI.cpp	1459	Destroying node 'Image1'
80578585	[INFO]	XnDeviceBase.cpp	1507	Destroying stream 'Image1'...
80579636	[INFO]	XnOpenNI.cpp	1459	Destroying node 'Device1'
