   22538	[INFO]	XnLog.cpp	165	OpenNI version is 1.0.0 (Build 25)-MacOSX (Jan  7 2011 14:20:18)
   22597	[INFO]	XnLog.cpp	173	Log system initialized. Console: 1, File: 1, Severity: INFO, Masks: ALL
   22638	[INFO]	XnLog.cpp	173	Log system initialized. Console: 1, File: 1, Severity: INFO, Masks: ALL
   24218	[INFO]	XnUSBLinux-x86.cpp	98	USB is initialized.
 3398877	[INFO]	XnOpenNI.cpp	1261	Creating node 'Device1' of type Device...
 3441083	[INFO]	XnDeviceModule.cpp	431	Module 'Device' configuration was loaded from file.
 3770015	[INFO]	XnDeviceSensorIO.cpp	135	Connected to USB device
 3770070	[INFO]	XnProperty.cpp	151	Property Device.USBPath was changed to 045e/02ae@253/8.
 3777933	[INFO]	XnHostProtocol.cpp	825	Hardware versions: FW=5.1.4 (7) HW=4 Chip=2 Sensor=4 SYS=7
 5192634	[INFO]	XnProperty.cpp	151	Property Device.ID was changed to 0.
 5192729	[INFO]	XnSensor.cpp	182	Device sensor initialized
 5192879	[INFO]	XnOpenNI.cpp	1261	Creating node 'Depth1' of type Depth...
 5192945	[INFO]	XnDeviceBase.cpp	1383	Creating stream 'Depth1' of type 'Depth'...
 5192978	[INFO]	XnProperty.cpp	74	Setting Device.ReadData to 1...
 5193034	[INFO]	XnDeviceSensorIO.cpp	298	Endpoints open
 5205683	[INFO]	XnProperty.cpp	151	Property Device.ReadData was changed to 1.
 5205737	[INFO]	XnProperty.cpp	101	Device.ReadData was successfully set.
 5206146	[INFO]	XnProperty.cpp	151	Property Depth1.Resolution was changed to 0.
 5206170	[INFO]	XnProperty.cpp	151	Property Depth1.XRes was changed to 320.
 5206187	[INFO]	XnProperty.cpp	151	Property Depth1.YRes was changed to 240.
 5206203	[INFO]	XnProperty.cpp	151	Property Depth1.FPS was changed to 30.
 5206218	[INFO]	XnProperty.cpp	151	Property Depth1.OutputFormat was changed to 1.
 5206234	[INFO]	XnProperty.cpp	151	Property Depth1.BytesPerPixel was changed to 2.
 5206250	[INFO]	XnProperty.cpp	151	Property Depth1.RequiredDataSize was changed to 153600.
 5206271	[INFO]	XnProperty.cpp	151	Property Depth1.ParamCoeff was changed to 4.
 5206350	[INFO]	XnProperty.cpp	151	Property Depth1.ShiftScale was changed to 10.
 5218824	[INFO]	XnProperty.cpp	151	Property Depth1.ConstShift was changed to 200.
 5218997	[INFO]	XnProperty.cpp	151	Property Depth1.ZPD was changed to 120.
 5219204	[INFO]	XnProperty.cpp	151	Property Depth1.ZPPS was changed to 0.104200.
 5219232	[INFO]	XnProperty.cpp	151	Property Depth1.LDDIS was changed to 7.500000.
 5219401	[INFO]	XnProperty.cpp	151	Property Depth1.Gain was changed to 30.
 5219449	[INFO]	XnDeviceBase.cpp	1458	Stream 'Depth1' was initialized.
 5219476	[INFO]	XnDeviceBase.cpp	1463	'Depth1' stream was created.
 5219743	[INFO]	XnProperty.cpp	74	Setting Depth1.InputFormat to 3...
 5219784	[INFO]	XnProperty.cpp	151	Property Depth1.InputFormat was changed to 3.
 5219809	[INFO]	XnProperty.cpp	101	Depth1.InputFormat was successfully set.
 5220699	[INFO]	XnProperty.cpp	74	Setting Depth1.RegistrationType to 2...
 5220732	[INFO]	XnProperty.cpp	151	Property Depth1.RegistrationType was changed to 2.
 5220755	[INFO]	XnProperty.cpp	101	Depth1.RegistrationType was successfully set.
 5221610	[INFO]	XnDeviceModule.cpp	431	Module 'Depth1' configuration was loaded from file.
 5221836	[INFO]	XnProperty.cpp	74	Setting Depth1.FPS to 30...
 5221862	[INFO]	XnProperty.cpp	86	Depth1.FPS value did not change.
 5221881	[INFO]	XnProperty.cpp	74	Setting Depth1.YRes to 480...
 5221903	[INFO]	XnProperty.cpp	151	Property Depth1.Resolution was changed to 1.
 5221924	[INFO]	XnProperty.cpp	151	Property Depth1.XRes was changed to 640.
 5221943	[INFO]	XnProperty.cpp	151	Property Depth1.RequiredDataSize was changed to 307200.
 5221966	[INFO]	XnProperty.cpp	151	Property Depth1.YRes was changed to 480.
 5221985	[INFO]	XnProperty.cpp	151	Property Depth1.RequiredDataSize was changed to 614400.
 5222006	[INFO]	XnProperty.cpp	101	Depth1.YRes was successfully set.
 5222026	[INFO]	XnProperty.cpp	74	Setting Depth1.XRes to 640...
 5222044	[INFO]	XnProperty.cpp	86	Depth1.XRes value did not change.
 5222107	[INFO]	XnProperty.cpp	74	Setting Depth1.Mirror to 1...
 5222130	[INFO]	XnProperty.cpp	151	Property Depth1.FirmwareMirror was changed to 1.
 5222189	[INFO]	XnProperty.cpp	151	Property Depth1.Mirror was changed to 1.
 5222207	[INFO]	XnProperty.cpp	101	Depth1.Mirror was successfully set.
 7744955	[INFO]	XnOpenNI.cpp	1261	Creating node 'User1' of type User...
 7931672	[WARNING]	Linux-x86Threads.cpp	173	Failed to set thread priority: Invalid argument
 7931738	[WARNING]	XnUSBLinux-x86.cpp	126	USB events thread: Failed to set thread priority to critical. This might cause loss of data...
 7932867	[INFO]	XnUSBLinux-x86.cpp	1222	USB read thread was started.
 7932914	[INFO]	XnProperty.cpp	151	Property Depth1.ActualReadData was changed to 1.
 8403336	[INFO]	XnProperty.cpp	151	Property Depth1.State was changed to 1.
 8403380	[INFO]	XnDeviceBase.cpp	370	Stream Depth1 is open.
10859476	[INFO]	XnOpenNI.cpp	1261	Creating node 'Image1' of type Image...
10859527	[INFO]	XnDeviceBase.cpp	1383	Creating stream 'Image1' of type 'Image'...
10859707	[INFO]	XnProperty.cpp	151	Property Image1.Resolution was changed to 0.
10859726	[INFO]	XnProperty.cpp	151	Property Image1.XRes was changed to 320.
10859739	[INFO]	XnProperty.cpp	151	Property Image1.YRes was changed to 240.
10859751	[INFO]	XnProperty.cpp	151	Property Image1.FPS was changed to 30.
10859762	[INFO]	XnProperty.cpp	151	Property Image1.OutputFormat was changed to 5.
10859773	[INFO]	XnProperty.cpp	151	Property Image1.BytesPerPixel was changed to 3.
10859785	[INFO]	XnProperty.cpp	151	Property Image1.RequiredDataSize was changed to 230400.
10859819	[INFO]	XnDeviceBase.cpp	1458	Stream 'Image1' was initialized.
10859840	[INFO]	XnDeviceBase.cpp	1463	'Image1' stream was created.
10859955	[INFO]	XnProperty.cpp	74	Setting Image1.InputFormat to 6...
10859980	[INFO]	XnProperty.cpp	151	Property Image1.InputFormat was changed to 6.
10860000	[INFO]	XnProperty.cpp	101	Image1.InputFormat was successfully set.
10860482	[INFO]	XnDeviceModule.cpp	431	Module 'Image1' configuration was loaded from file.
10860586	[INFO]	XnProperty.cpp	74	Setting Image1.FPS to 30...
10860605	[INFO]	XnProperty.cpp	86	Image1.FPS value did not change.
10860621	[INFO]	XnProperty.cpp	74	Setting Image1.YRes to 480...
10860637	[INFO]	XnProperty.cpp	151	Property Image1.Resolution was changed to 1.
10860652	[INFO]	XnProperty.cpp	151	Property Image1.XRes was changed to 640.
10860667	[INFO]	XnProperty.cpp	151	Property Image1.RequiredDataSize was changed to 460800.
10860684	[INFO]	XnProperty.cpp	151	Property Image1.YRes was changed to 480.
10860699	[INFO]	XnProperty.cpp	151	Property Image1.RequiredDataSize was changed to 921600.
10860715	[INFO]	XnProperty.cpp	101	Image1.YRes was successfully set.
10860730	[INFO]	XnProperty.cpp	74	Setting Image1.XRes to 640...
10860744	[INFO]	XnProperty.cpp	86	Image1.XRes value did not change.
10861771	[INFO]	XnUSBLinux-x86.cpp	1222	USB read thread was started.
10861813	[INFO]	XnProperty.cpp	151	Property Image1.ActualReadData was changed to 1.
13940531	[WARNING]	XnDepthProcessor.cpp	133	Read: Depth buffer is corrupt. Size is 587216 (!= 614400)
13940575	[WARNING]	XnFrameStreamProcessor.cpp	132	Depth frame is corrupt!
14062362	[INFO]	XnProperty.cpp	151	Property Image1.State was changed to 1.
14062417	[INFO]	XnDeviceBase.cpp	370	Stream Image1 is open.
14062593	[INFO]	XnProperty.cpp	74	Setting Depth1.Registration to 1...
14104583	[WARNING]	XnDepthProcessor.cpp	133	Read: Depth buffer is corrupt. Size is 598160 (!= 614400)
14104630	[WARNING]	XnFrameStreamProcessor.cpp	132	Depth frame is corrupt!
14213792	[INFO]	XnProperty.cpp	151	Property Depth1.Registration was changed to 1.
14213834	[INFO]	XnProperty.cpp	101	Depth1.Registration was successfully set.
14213879	[INFO]	XnProperty.cpp	74	Setting Image1.Mirror to 1...
14226527	[INFO]	XnProperty.cpp	151	Property Image1.FirmwareMirror was changed to 1.
14226567	[INFO]	XnProperty.cpp	151	Property Image1.Mirror was changed to 1.
14226580	[INFO]	XnProperty.cpp	101	Image1.Mirror was successfully set.
16778761	[INFO]	XnOpenNI.cpp	1459	Destroying node 'User1'
16787938	[INFO]	XnOpenNI.cpp	1459	Destroying node 'Depth1'
16788047	[INFO]	XnDeviceBase.cpp	1507	Destroying stream 'Depth1'...
16790030	[INFO]	XnOpenNI.cpp	1459	Destroying node 'Image1'
16790122	[INFO]	XnDeviceBase.cpp	1507	Destroying stream 'Image1'...
16791144	[INFO]	XnOpenNI.cpp	1459	Destroying node 'Device1'
