    2725	[INFO]	XnLog.cpp	165	OpenNI version is 1.0.0 (Build 25)-MacOSX (Jan  7 2011 14:20:18)
    2776	[INFO]	XnLog.cpp	173	Log system initialized. Console: 1, File: 1, Severity: INFO, Masks: ALL
    3084	[INFO]	XnLog.cpp	173	Log system initialized. Console: 1, File: 1, Severity: INFO, Masks: ALL
    4688	[INFO]	XnUSBLinux-x86.cpp	98	USB is initialized.
 2053130	[INFO]	XnOpenNI.cpp	1261	Creating node 'Device1' of type Device...
 2055023	[INFO]	XnDeviceModule.cpp	431	Module 'Device' configuration was loaded from file.
 2272296	[INFO]	XnDeviceSensorIO.cpp	135	Connected to USB device
 2272354	[INFO]	XnProperty.cpp	151	Property Device.USBPath was changed to 045e/02ae@253/8.
 2280674	[INFO]	XnHostProtocol.cpp	825	Hardware versions: FW=5.1.4 (7) HW=4 Chip=2 Sensor=4 SYS=7
 3686995	[INFO]	XnProperty.cpp	151	Property Device.ID was changed to 0.
 3687057	[INFO]	XnSensor.cpp	182	Device sensor initialized
 3687152	[INFO]	XnOpenNI.cpp	1261	Creating node 'Depth1' of type Depth...
 3687191	[INFO]	XnDeviceBase.cpp	1383	Creating stream 'Depth1' of type 'Depth'...
 3687208	[INFO]	XnProperty.cpp	74	Setting Device.ReadData to 1...
 3687240	[INFO]	XnDeviceSensorIO.cpp	298	Endpoints open
 3699396	[INFO]	XnProperty.cpp	151	Property Device.ReadData was changed to 1.
 3699462	[INFO]	XnProperty.cpp	101	Device.ReadData was successfully set.
 3699934	[INFO]	XnProperty.cpp	151	Property Depth1.Resolution was changed to 0.
 3699964	[INFO]	XnProperty.cpp	151	Property Depth1.XRes was changed to 320.
 3699985	[INFO]	XnProperty.cpp	151	Property Depth1.YRes was changed to 240.
 3700001	[INFO]	XnProperty.cpp	151	Property Depth1.FPS was changed to 30.
 3700017	[INFO]	XnProperty.cpp	151	Property Depth1.OutputFormat was changed to 1.
 3700035	[INFO]	XnProperty.cpp	151	Property Depth1.BytesPerPixel was changed to 2.
 3700056	[INFO]	XnProperty.cpp	151	Property Depth1.RequiredDataSize was changed to 153600.
 3700082	[INFO]	XnProperty.cpp	151	Property Depth1.ParamCoeff was changed to 4.
 3700167	[INFO]	XnProperty.cpp	151	Property Depth1.ShiftScale was changed to 10.
 3712622	[INFO]	XnProperty.cpp	151	Property Depth1.ConstShift was changed to 200.
 3712737	[INFO]	XnProperty.cpp	151	Property Depth1.ZPD was changed to 120.
 3712853	[INFO]	XnProperty.cpp	151	Property Depth1.ZPPS was changed to 0.104200.
 3712880	[INFO]	XnProperty.cpp	151	Property Depth1.LDDIS was changed to 7.500000.
 3713002	[INFO]	XnProperty.cpp	151	Property Depth1.Gain was changed to 30.
 3713049	[INFO]	XnDeviceBase.cpp	1458	Stream 'Depth1' was initialized.
 3713073	[INFO]	XnDeviceBase.cpp	1463	'Depth1' stream was created.
 3713278	[INFO]	XnProperty.cpp	74	Setting Depth1.InputFormat to 3...
 3713309	[INFO]	XnProperty.cpp	151	Property Depth1.InputFormat was changed to 3.
 3713325	[INFO]	XnProperty.cpp	101	Depth1.InputFormat was successfully set.
 3713995	[INFO]	XnProperty.cpp	74	Setting Depth1.RegistrationType to 2...
 3714025	[INFO]	XnProperty.cpp	151	Property Depth1.RegistrationType was changed to 2.
 3714063	[INFO]	XnProperty.cpp	101	Depth1.RegistrationType was successfully set.
 3714657	[INFO]	XnDeviceModule.cpp	431	Module 'Depth1' configuration was loaded from file.
 3714896	[INFO]	XnProperty.cpp	74	Setting Depth1.FPS to 30...
 3714921	[INFO]	XnProperty.cpp	86	Depth1.FPS value did not change.
 3714941	[INFO]	XnProperty.cpp	74	Setting Depth1.YRes to 480...
 3714965	[INFO]	XnProperty.cpp	151	Property Depth1.Resolution was changed to 1.
 3714986	[INFO]	XnProperty.cpp	151	Property Depth1.XRes was changed to 640.
 3715005	[INFO]	XnProperty.cpp	151	Property Depth1.RequiredDataSize was changed to 307200.
 3715028	[INFO]	XnProperty.cpp	151	Property Depth1.YRes was changed to 480.
 3715046	[INFO]	XnProperty.cpp	151	Property Depth1.RequiredDataSize was changed to 614400.
 3715064	[INFO]	XnProperty.cpp	101	Depth1.YRes was successfully set.
 3715082	[INFO]	XnProperty.cpp	74	Setting Depth1.XRes to 640...
 3715097	[INFO]	XnProperty.cpp	86	Depth1.XRes value did not change.
 3715155	[INFO]	XnProperty.cpp	74	Setting Depth1.Mirror to 1...
 3715173	[INFO]	XnProperty.cpp	151	Property Depth1.FirmwareMirror was changed to 1.
 3715219	[INFO]	XnProperty.cpp	151	Property Depth1.Mirror was changed to 1.
 3715231	[INFO]	XnProperty.cpp	101	Depth1.Mirror was successfully set.
 5346919	[INFO]	XnOpenNI.cpp	1261	Creating node 'User1' of type User...
 5372588	[WARNING]	Linux-x86Threads.cpp	173	Failed to set thread priority: Invalid argument
 5372634	[WARNING]	XnUSBLinux-x86.cpp	126	USB events thread: Failed to set thread priority to critical. This might cause loss of data...
 5373367	[INFO]	XnUSBLinux-x86.cpp	1222	USB read thread was started.
 5373391	[INFO]	XnProperty.cpp	151	Property Depth1.ActualReadData was changed to 1.
 5843455	[INFO]	XnProperty.cpp	151	Property Depth1.State was changed to 1.
 5843497	[INFO]	XnDeviceBase.cpp	370	Stream Depth1 is open.
 7437925	[INFO]	XnOpenNI.cpp	1261	Creating node 'Image1' of type Image...
 7437973	[INFO]	XnDeviceBase.cpp	1383	Creating stream 'Image1' of type 'Image'...
 7438129	[INFO]	XnProperty.cpp	151	Property Image1.Resolution was changed to 0.
 7438156	[INFO]	XnProperty.cpp	151	Property Image1.XRes was changed to 320.
 7438176	[INFO]	XnProperty.cpp	151	Property Image1.YRes was changed to 240.
 7438195	[INFO]	XnProperty.cpp	151	Property Image1.FPS was changed to 30.
 7438213	[INFO]	XnProperty.cpp	151	Property Image1.OutputFormat was changed to 5.
 7438229	[INFO]	XnProperty.cpp	151	Property Image1.BytesPerPixel was changed to 3.
 7438245	[INFO]	XnProperty.cpp	151	Property Image1.RequiredDataSize was changed to 230400.
 7438284	[INFO]	XnDeviceBase.cpp	1458	Stream 'Image1' was initialized.
 7438304	[INFO]	XnDeviceBase.cpp	1463	'Image1' stream was created.
 7438437	[INFO]	XnProperty.cpp	74	Setting Image1.InputFormat to 6...
 7438466	[INFO]	XnProperty.cpp	151	Property Image1.InputFormat was changed to 6.
 7438485	[INFO]	XnProperty.cpp	101	Image1.InputFormat was successfully set.
 7439095	[INFO]	XnDeviceModule.cpp	431	Module 'Image1' configuration was loaded from file.
 7439192	[INFO]	XnProperty.cpp	74	Setting Image1.FPS to 30...
 7439221	[INFO]	XnProperty.cpp	101	Image1.FPS was successfully set.
 7439244	[INFO]	XnProperty.cpp	74	Setting Image1.YRes to 480...
 7439271	[INFO]	XnProperty.cpp	151	Property Image1.Resolution was changed to 1.
 7439293	[INFO]	XnProperty.cpp	151	Property Image1.XRes was changed to 640.
 7439314	[INFO]	XnProperty.cpp	151	Property Image1.RequiredDataSize was changed to 460800.
 7439336	[INFO]	XnProperty.cpp	151	Property Image1.YRes was changed to 480.
 7439354	[INFO]	XnProperty.cpp	151	Property Image1.RequiredDataSize was changed to 921600.
 7439372	[INFO]	XnProperty.cpp	101	Image1.YRes was successfully set.
 7439404	[INFO]	XnProperty.cpp	74	Setting Image1.XRes to 640...
 7439425	[INFO]	XnProperty.cpp	101	Image1.XRes was successfully set.
 7440562	[INFO]	XnUSBLinux-x86.cpp	1222	USB read thread was started.
 7440606	[INFO]	XnProperty.cpp	151	Property Image1.ActualReadData was changed to 1.
 7609533	[WARNING]	XnDepthProcessor.cpp	133	Read: Depth buffer is corrupt. Size is 592224 (!= 614400)
 7609579	[WARNING]	XnFrameStreamProcessor.cpp	132	Depth frame is corrupt!
 7641579	[WARNING]	XnDepthProcessor.cpp	133	Read: Depth buffer is corrupt. Size is 594416 (!= 614400)
 7641624	[WARNING]	XnFrameStreamProcessor.cpp	132	Depth frame is corrupt!
10641214	[INFO]	XnProperty.cpp	151	Property Image1.State was changed to 1.
10641257	[INFO]	XnDeviceBase.cpp	370	Stream Image1 is open.
10641427	[INFO]	XnProperty.cpp	74	Setting Depth1.Registration to 1...
10793239	[INFO]	XnProperty.cpp	151	Property Depth1.Registration was changed to 1.
10793282	[INFO]	XnProperty.cpp	101	Depth1.Registration was successfully set.
10793329	[INFO]	XnProperty.cpp	74	Setting Image1.Mirror to 1...
10805658	[INFO]	XnProperty.cpp	151	Property Image1.FirmwareMirror was changed to 1.
10805702	[INFO]	XnProperty.cpp	151	Property Image1.Mirror was changed to 1.
10805714	[INFO]	XnProperty.cpp	101	Image1.Mirror was successfully set.
46050933	[INFO]	XnOpenNI.cpp	1459	Destroying node 'User1'
46059382	[INFO]	XnOpenNI.cpp	1459	Destroying node 'Depth1'
46059473	[INFO]	XnDeviceBase.cpp	1507	Destroying stream 'Depth1'...
46060946	[INFO]	XnOpenNI.cpp	1459	Destroying node 'Image1'
46061051	[INFO]	XnDeviceBase.cpp	1507	Destroying stream 'Image1'...
46062062	[INFO]	XnOpenNI.cpp	1459	Destroying node 'Device1'
