    1384	[INFO]	XnLog.cpp	165	OpenNI version is 1.0.0 (Build 25)-MacOSX (Jan  7 2011 14:20:18)
    1426	[INFO]	XnLog.cpp	173	Log system initialized. Console: 1, File: 1, Severity: INFO, Masks: ALL
    1458	[INFO]	XnLog.cpp	173	Log system initialized. Console: 1, File: 1, Severity: INFO, Masks: ALL
    3603	[INFO]	XnUSBLinux-x86.cpp	98	USB is initialized.
 1963709	[INFO]	XnOpenNI.cpp	1261	Creating node 'Device1' of type Device...
 1964519	[INFO]	XnDeviceModule.cpp	431	Module 'Device' configuration was loaded from file.
 2226108	[INFO]	XnDeviceSensorIO.cpp	135	Connected to USB device
 2226159	[INFO]	XnProperty.cpp	151	Property Device.USBPath was changed to 045e/02ae@250/10.
 2234170	[INFO]	XnHostProtocol.cpp	825	Hardware versions: FW=5.1.4 (7) HW=4 Chip=2 Sensor=4 SYS=7
 3644493	[INFO]	XnProperty.cpp	151	Property Device.ID was changed to 0.
 3644543	[INFO]	XnSensor.cpp	182	Device sensor initialized
 3644628	[INFO]	XnOpenNI.cpp	1261	Creating node 'Depth1' of type Depth...
 3644668	[INFO]	XnDeviceBase.cpp	1383	Creating stream 'Depth1' of type 'Depth'...
 3644685	[INFO]	XnProperty.cpp	74	Setting Device.ReadData to 1...
 3644715	[INFO]	XnDeviceSensorIO.cpp	298	Endpoints open
 3657117	[INFO]	XnProperty.cpp	151	Property Device.ReadData was changed to 1.
 3657167	[INFO]	XnProperty.cpp	101	Device.ReadData was successfully set.
 3657485	[INFO]	XnProperty.cpp	151	Property Depth1.Resolution was changed to 0.
 3657507	[INFO]	XnProperty.cpp	151	Property Depth1.XRes was changed to 320.
 3657527	[INFO]	XnProperty.cpp	151	Property Depth1.YRes was changed to 240.
 3657546	[INFO]	XnProperty.cpp	151	Property Depth1.FPS was changed to 30.
 3657565	[INFO]	XnProperty.cpp	151	Property Depth1.OutputFormat was changed to 1.
 3657583	[INFO]	XnProperty.cpp	151	Property Depth1.BytesPerPixel was changed to 2.
 3657602	[INFO]	XnProperty.cpp	151	Property Depth1.RequiredDataSize was changed to 153600.
 3657627	[INFO]	XnProperty.cpp	151	Property Depth1.ParamCoeff was changed to 4.
 3657695	[INFO]	XnProperty.cpp	151	Property Depth1.ShiftScale was changed to 10.
 3669933	[INFO]	XnProperty.cpp	151	Property Depth1.ConstShift was changed to 200.
 3670045	[INFO]	XnProperty.cpp	151	Property Depth1.ZPD was changed to 120.
 3670157	[INFO]	XnProperty.cpp	151	Property Depth1.ZPPS was changed to 0.104200.
 3670176	[INFO]	XnProperty.cpp	151	Property Depth1.LDDIS was changed to 7.500000.
 3670286	[INFO]	XnProperty.cpp	151	Property Depth1.Gain was changed to 30.
 3670325	[INFO]	XnDeviceBase.cpp	1458	Stream 'Depth1' was initialized.
 3670359	[INFO]	XnDeviceBase.cpp	1463	'Depth1' stream was created.
 3670560	[INFO]	XnProperty.cpp	74	Setting Depth1.InputFormat to 3...
 3670589	[INFO]	XnProperty.cpp	151	Property Depth1.InputFormat was changed to 3.
 3670606	[INFO]	XnProperty.cpp	101	Depth1.InputFormat was successfully set.
 3671230	[INFO]	XnProperty.cpp	74	Setting Depth1.RegistrationType to 2...
 3671257	[INFO]	XnProperty.cpp	151	Property Depth1.RegistrationType was changed to 2.
 3671274	[INFO]	XnProperty.cpp	101	Depth1.RegistrationType was successfully set.
 3671942	[INFO]	XnDeviceModule.cpp	431	Module 'Depth1' configuration was loaded from file.
 3672152	[INFO]	XnProperty.cpp	74	Setting Depth1.FPS to 30...
 3672175	[INFO]	XnProperty.cpp	86	Depth1.FPS value did not change.
 3672193	[INFO]	XnProperty.cpp	74	Setting Depth1.YRes to 480...
 3672216	[INFO]	XnProperty.cpp	151	Property Depth1.Resolution was changed to 1.
 3672236	[INFO]	XnProperty.cpp	151	Property Depth1.XRes was changed to 640.
 3672252	[INFO]	XnProperty.cpp	151	Property Depth1.RequiredDataSize was changed to 307200.
 3672274	[INFO]	XnProperty.cpp	151	Property Depth1.YRes was changed to 480.
 3672293	[INFO]	XnProperty.cpp	151	Property Depth1.RequiredDataSize was changed to 614400.
 3672313	[INFO]	XnProperty.cpp	101	Depth1.YRes was successfully set.
 3672333	[INFO]	XnProperty.cpp	74	Setting Depth1.XRes to 640...
 3672350	[INFO]	XnProperty.cpp	86	Depth1.XRes value did not change.
 3672411	[INFO]	XnProperty.cpp	74	Setting Depth1.Mirror to 1...
 3672434	[INFO]	XnProperty.cpp	151	Property Depth1.FirmwareMirror was changed to 1.
 3672495	[INFO]	XnProperty.cpp	151	Property Depth1.Mirror was changed to 1.
 3672513	[INFO]	XnProperty.cpp	101	Depth1.Mirror was successfully set.
 4771725	[INFO]	XnOpenNI.cpp	1261	Creating node 'User1' of type User...
 4795473	[WARNING]	Linux-x86Threads.cpp	173	Failed to set thread priority: Invalid argument
 4795519	[WARNING]	XnUSBLinux-x86.cpp	126	USB events thread: Failed to set thread priority to critical. This might cause loss of data...
 4796255	[INFO]	XnUSBLinux-x86.cpp	1222	USB read thread was started.
 4796278	[INFO]	XnProperty.cpp	151	Property Depth1.ActualReadData was changed to 1.
 5267404	[INFO]	XnProperty.cpp	151	Property Depth1.State was changed to 1.
 5267446	[INFO]	XnDeviceBase.cpp	370	Stream Depth1 is open.
 6989744	[INFO]	XnOpenNI.cpp	1261	Creating node 'Image1' of type Image...
 6989798	[INFO]	XnDeviceBase.cpp	1383	Creating stream 'Image1' of type 'Image'...
 6990043	[INFO]	XnProperty.cpp	151	Property Image1.Resolution was changed to 0.
 6990071	[INFO]	XnProperty.cpp	151	Property Image1.XRes was changed to 320.
 6990091	[INFO]	XnProperty.cpp	151	Property Image1.YRes was changed to 240.
 6990107	[INFO]	XnProperty.cpp	151	Property Image1.FPS was changed to 30.
 6990124	[INFO]	XnProperty.cpp	151	Property Image1.OutputFormat was changed to 5.
 6990141	[INFO]	XnProperty.cpp	151	Property Image1.BytesPerPixel was changed to 3.
 6990161	[INFO]	XnProperty.cpp	151	Property Image1.RequiredDataSize was changed to 230400.
 6990211	[INFO]	XnDeviceBase.cpp	1458	Stream 'Image1' was initialized.
 6990235	[INFO]	XnDeviceBase.cpp	1463	'Image1' stream was created.
 6990373	[INFO]	XnProperty.cpp	74	Setting Image1.InputFormat to 6...
 6990401	[INFO]	XnProperty.cpp	151	Property Image1.InputFormat was changed to 6.
 6990417	[INFO]	XnProperty.cpp	101	Image1.InputFormat was successfully set.
 6991051	[INFO]	XnDeviceModule.cpp	431	Module 'Image1' configuration was loaded from file.
 6991168	[INFO]	XnProperty.cpp	74	Setting Image1.FPS to 30...
 6991189	[INFO]	XnProperty.cpp	86	Image1.FPS value did not change.
 6991206	[INFO]	XnProperty.cpp	74	Setting Image1.YRes to 480...
 6991225	[INFO]	XnProperty.cpp	151	Property Image1.Resolution was changed to 1.
 6991243	[INFO]	XnProperty.cpp	151	Property Image1.XRes was changed to 640.
 6991259	[INFO]	XnProperty.cpp	151	Property Image1.RequiredDataSize was changed to 460800.
 6991278	[INFO]	XnProperty.cpp	151	Property Image1.YRes was changed to 480.
 6991295	[INFO]	XnProperty.cpp	151	Property Image1.RequiredDataSize was changed to 921600.
 6991312	[INFO]	XnProperty.cpp	101	Image1.YRes was successfully set.
 6991329	[INFO]	XnProperty.cpp	74	Setting Image1.XRes to 640...
 6991343	[INFO]	XnProperty.cpp	86	Image1.XRes value did not change.
 6992460	[INFO]	XnUSBLinux-x86.cpp	1222	USB read thread was started.
 6992515	[INFO]	XnProperty.cpp	151	Property Image1.ActualReadData was changed to 1.
 7064703	[WARNING]	XnDepthProcessor.cpp	133	Read: Depth buffer is corrupt. Size is 599168 (!= 614400)
 7064750	[WARNING]	XnFrameStreamProcessor.cpp	132	Depth frame is corrupt!
 7168643	[WARNING]	XnDepthProcessor.cpp	133	Read: Depth buffer is corrupt. Size is 548544 (!= 614400)
 7168691	[WARNING]	XnFrameStreamProcessor.cpp	132	Depth frame is corrupt!
 7200639	[WARNING]	XnDepthProcessor.cpp	133	Read: Depth buffer is corrupt. Size is 591280 (!= 614400)
 7200680	[WARNING]	XnFrameStreamProcessor.cpp	132	Depth frame is corrupt!
10069445	[WARNING]	XnDepthProcessor.cpp	133	Read: Depth buffer is corrupt. Size is 593152 (!= 614400)
10069488	[WARNING]	XnFrameStreamProcessor.cpp	132	Depth frame is corrupt!
10193832	[INFO]	XnProperty.cpp	151	Property Image1.State was changed to 1.
10193874	[INFO]	XnDeviceBase.cpp	370	Stream Image1 is open.
10194107	[INFO]	XnProperty.cpp	74	Setting Depth1.Registration to 1...
10205406	[WARNING]	XnDepthProcessor.cpp	133	Read: Depth buffer is corrupt. Size is 596528 (!= 614400)
10205453	[WARNING]	XnFrameStreamProcessor.cpp	132	Depth frame is corrupt!
10237427	[WARNING]	XnDepthProcessor.cpp	133	Read: Depth buffer is corrupt. Size is 588640 (!= 614400)
10237475	[WARNING]	XnFrameStreamProcessor.cpp	132	Depth frame is corrupt!
10346221	[INFO]	XnProperty.cpp	151	Property Depth1.Registration was changed to 1.
10346265	[INFO]	XnProperty.cpp	101	Depth1.Registration was successfully set.
10346313	[INFO]	XnProperty.cpp	74	Setting Image1.Mirror to 1...
10358780	[INFO]	XnProperty.cpp	151	Property Image1.FirmwareMirror was changed to 1.
10358826	[INFO]	XnProperty.cpp	151	Property Image1.Mirror was changed to 1.
10358845	[INFO]	XnProperty.cpp	101	Image1.Mirror was successfully set.
24190093	[INFO]	XnOpenNI.cpp	1459	Destroying node 'User1'
24197790	[INFO]	XnOpenNI.cpp	1459	Destroying node 'Depth1'
24197878	[INFO]	XnDeviceBase.cpp	1507	Destroying stream 'Depth1'...
24199028	[INFO]	XnOpenNI.cpp	1459	Destroying node 'Image1'
24199075	[INFO]	XnDeviceBase.cpp	1507	Destroying stream 'Image1'...
24199901	[INFO]	XnOpenNI.cpp	1459	Destroying node 'Device1'
