    1602	[INFO]	XnLog.cpp	165	OpenNI version is 1.0.0 (Build 25)-MacOSX (Jan  7 2011 14:20:18)
    1647	[INFO]	XnLog.cpp	173	Log system initialized. Console: 1, File: 1, Severity: INFO, Masks: ALL
    1680	[INFO]	XnLog.cpp	173	Log system initialized. Console: 1, File: 1, Severity: INFO, Masks: ALL
    2910	[INFO]	XnUSBLinux-x86.cpp	98	USB is initialized.
 2076206	[INFO]	XnOpenNI.cpp	1261	Creating node 'Device1' of type Device...
 2077465	[INFO]	XnDeviceModule.cpp	431	Module 'Device' configuration was loaded from file.
 2293998	[INFO]	XnDeviceSensorIO.cpp	135	Connected to USB device
 2294056	[INFO]	XnProperty.cpp	151	Property Device.USBPath was changed to 045e/02ae@253/8.
 2301481	[INFO]	XnHostProtocol.cpp	825	Hardware versions: FW=5.1.4 (7) HW=4 Chip=2 Sensor=4 SYS=7
 3711602	[INFO]	XnProperty.cpp	151	Property Device.ID was changed to 0.
 3711672	[INFO]	XnSensor.cpp	182	Device sensor initialized
 3711792	[INFO]	XnOpenNI.cpp	1261	Creating node 'Depth1' of type Depth...
 3711860	[INFO]	XnDeviceBase.cpp	1383	Creating stream 'Depth1' of type 'Depth'...
 3711894	[INFO]	XnProperty.cpp	74	Setting Device.ReadData to 1...
 3711949	[INFO]	XnDeviceSensorIO.cpp	298	Endpoints open
 3724603	[INFO]	XnProperty.cpp	151	Property Device.ReadData was changed to 1.
 3724638	[INFO]	XnProperty.cpp	101	Device.ReadData was successfully set.
 3724937	[INFO]	XnProperty.cpp	151	Property Depth1.Resolution was changed to 0.
 3724964	[INFO]	XnProperty.cpp	151	Property Depth1.XRes was changed to 320.
 3724984	[INFO]	XnProperty.cpp	151	Property Depth1.YRes was changed to 240.
 3725003	[INFO]	XnProperty.cpp	151	Property Depth1.FPS was changed to 30.
 3725020	[INFO]	XnProperty.cpp	151	Property Depth1.OutputFormat was changed to 1.
 3725040	[INFO]	XnProperty.cpp	151	Property Depth1.BytesPerPixel was changed to 2.
 3725060	[INFO]	XnProperty.cpp	151	Property Depth1.RequiredDataSize was changed to 153600.
 3725084	[INFO]	XnProperty.cpp	151	Property Depth1.ParamCoeff was changed to 4.
 3725156	[INFO]	XnProperty.cpp	151	Property Depth1.ShiftScale was changed to 10.
 3737827	[INFO]	XnProperty.cpp	151	Property Depth1.ConstShift was changed to 200.
 3737918	[INFO]	XnProperty.cpp	151	Property Depth1.ZPD was changed to 120.
 3738021	[INFO]	XnProperty.cpp	151	Property Depth1.ZPPS was changed to 0.104200.
 3738040	[INFO]	XnProperty.cpp	151	Property Depth1.LDDIS was changed to 7.500000.
 3738153	[INFO]	XnProperty.cpp	151	Property Depth1.Gain was changed to 30.
 3738189	[INFO]	XnDeviceBase.cpp	1458	Stream 'Depth1' was initialized.
 3738210	[INFO]	XnDeviceBase.cpp	1463	'Depth1' stream was created.
 3738384	[INFO]	XnProperty.cpp	74	Setting Depth1.InputFormat to 3...
 3738410	[INFO]	XnProperty.cpp	151	Property Depth1.InputFormat was changed to 3.
 3738430	[INFO]	XnProperty.cpp	101	Depth1.InputFormat was successfully set.
 3738895	[INFO]	XnProperty.cpp	74	Setting Depth1.RegistrationType to 2...
 3738923	[INFO]	XnProperty.cpp	151	Property Depth1.RegistrationType was changed to 2.
 3738941	[INFO]	XnProperty.cpp	101	Depth1.RegistrationType was successfully set.
 3739414	[INFO]	XnDeviceModule.cpp	431	Module 'Depth1' configuration was loaded from file.
 3739588	[INFO]	XnProperty.cpp	74	Setting Depth1.FPS to 30...
 3739612	[INFO]	XnProperty.cpp	101	Depth1.FPS was successfully set.
 3739631	[INFO]	XnProperty.cpp	74	Setting Depth1.YRes to 480...
 3739652	[INFO]	XnProperty.cpp	151	Property Depth1.Resolution was changed to 1.
 3739672	[INFO]	XnProperty.cpp	151	Property Depth1.XRes was changed to 640.
 3739689	[INFO]	XnProperty.cpp	151	Property Depth1.RequiredDataSize was changed to 307200.
 3739710	[INFO]	XnProperty.cpp	151	Property Depth1.YRes was changed to 480.
 3739728	[INFO]	XnProperty.cpp	151	Property Depth1.RequiredDataSize was changed to 614400.
 3739746	[INFO]	XnProperty.cpp	101	Depth1.YRes was successfully set.
 3739764	[INFO]	XnProperty.cpp	74	Setting Depth1.XRes to 640...
 3739780	[INFO]	XnProperty.cpp	86	Depth1.XRes value did not change.
 3739835	[INFO]	XnProperty.cpp	74	Setting Depth1.Mirror to 1...
 3739855	[INFO]	XnProperty.cpp	151	Property Depth1.FirmwareMirror was changed to 1.
 3739907	[INFO]	XnProperty.cpp	151	Property Depth1.Mirror was changed to 1.
 3739925	[INFO]	XnProperty.cpp	101	Depth1.Mirror was successfully set.
 5357298	[INFO]	XnOpenNI.cpp	1261	Creating node 'User1' of type User...
 5383487	[WARNING]	Linux-x86Threads.cpp	173	Failed to set thread priority: Invalid argument
 5383532	[WARNING]	XnUSBLinux-x86.cpp	126	USB events thread: Failed to set thread priority to critical. This might cause loss of data...
 5384241	[INFO]	XnUSBLinux-x86.cpp	1222	USB read thread was started.
 5384265	[INFO]	XnProperty.cpp	151	Property Depth1.ActualReadData was changed to 1.
 5854680	[INFO]	XnProperty.cpp	151	Property Depth1.State was changed to 1.
 5854722	[INFO]	XnDeviceBase.cpp	370	Stream Depth1 is open.
 7450169	[INFO]	XnOpenNI.cpp	1261	Creating node 'Image1' of type Image...
 7450220	[INFO]	XnDeviceBase.cpp	1383	Creating stream 'Image1' of type 'Image'...
 7450436	[INFO]	XnProperty.cpp	151	Property Image1.Resolution was changed to 0.
 7450462	[INFO]	XnProperty.cpp	151	Property Image1.XRes was changed to 320.
 7450482	[INFO]	XnProperty.cpp	151	Property Image1.YRes was changed to 240.
 7450500	[INFO]	XnProperty.cpp	151	Property Image1.FPS was changed to 30.
 7450517	[INFO]	XnProperty.cpp	151	Property Image1.OutputFormat was changed to 5.
 7450535	[INFO]	XnProperty.cpp	151	Property Image1.BytesPerPixel was changed to 3.
 7450554	[INFO]	XnProperty.cpp	151	Property Image1.RequiredDataSize was changed to 230400.
 7450595	[INFO]	XnDeviceBase.cpp	1458	Stream 'Image1' was initialized.
 7450629	[INFO]	XnDeviceBase.cpp	1463	'Image1' stream was created.
 7450764	[INFO]	XnProperty.cpp	74	Setting Image1.InputFormat to 6...
 7450794	[INFO]	XnProperty.cpp	151	Property Image1.InputFormat was changed to 6.
 7450813	[INFO]	XnProperty.cpp	101	Image1.InputFormat was successfully set.
 7451410	[INFO]	XnDeviceModule.cpp	431	Module 'Image1' configuration was loaded from file.
 7451515	[INFO]	XnProperty.cpp	74	Setting Image1.FPS to 30...
 7451538	[INFO]	XnProperty.cpp	86	Image1.FPS value did not change.
 7451558	[INFO]	XnProperty.cpp	74	Setting Image1.YRes to 480...
 7451578	[INFO]	XnProperty.cpp	151	Property Image1.Resolution was changed to 1.
 7451596	[INFO]	XnProperty.cpp	151	Property Image1.XRes was changed to 640.
 7451628	[INFO]	XnProperty.cpp	151	Property Image1.RequiredDataSize was changed to 460800.
 7451649	[INFO]	XnProperty.cpp	151	Property Image1.YRes was changed to 480.
 7451668	[INFO]	XnProperty.cpp	151	Property Image1.RequiredDataSize was changed to 921600.
 7451686	[INFO]	XnProperty.cpp	101	Image1.YRes was successfully set.
 7451706	[INFO]	XnProperty.cpp	74	Setting Image1.XRes to 640...
 7451726	[INFO]	XnProperty.cpp	86	Image1.XRes value did not change.
 7452783	[INFO]	XnUSBLinux-x86.cpp	1222	USB read thread was started.
 7452827	[INFO]	XnProperty.cpp	151	Property Image1.ActualReadData was changed to 1.
 7611777	[WARNING]	XnFirmwareStreams.cpp	324	Unknown packet type (0x4847)!!!
 7615688	[WARNING]	XnFirmwareStreams.cpp	324	Unknown packet type (0x4847)!!!
 7619769	[WARNING]	XnDepthProcessor.cpp	133	Read: Depth buffer is corrupt. Size is 576672 (!= 614400)
 7619797	[WARNING]	XnFrameStreamProcessor.cpp	132	Depth frame is corrupt!
 7651776	[WARNING]	XnDepthProcessor.cpp	133	Read: Depth buffer is corrupt. Size is 553344 (!= 614400)
 7651819	[WARNING]	XnFrameStreamProcessor.cpp	132	Depth frame is corrupt!
10653745	[INFO]	XnProperty.cpp	151	Property Image1.State was changed to 1.
10653797	[INFO]	XnDeviceBase.cpp	370	Stream Image1 is open.
10654036	[INFO]	XnProperty.cpp	74	Setting Depth1.Registration to 1...
10687891	[WARNING]	XnDepthProcessor.cpp	133	Read: Depth buffer is corrupt. Size is 592224 (!= 614400)
10687947	[WARNING]	XnFrameStreamProcessor.cpp	132	Depth frame is corrupt!
10806011	[INFO]	XnProperty.cpp	151	Property Depth1.Registration was changed to 1.
10806058	[INFO]	XnProperty.cpp	101	Depth1.Registration was successfully set.
10806115	[INFO]	XnProperty.cpp	74	Setting Image1.Mirror to 1...
10818788	[INFO]	XnProperty.cpp	151	Property Image1.FirmwareMirror was changed to 1.
10818829	[INFO]	XnProperty.cpp	151	Property Image1.Mirror was changed to 1.
10818876	[INFO]	XnProperty.cpp	101	Image1.Mirror was successfully set.
259499530	[INFO]	XnOpenNI.cpp	1459	Destroying node 'User1'
259508171	[INFO]	XnOpenNI.cpp	1459	Destroying node 'Depth1'
259508265	[INFO]	XnDeviceBase.cpp	1507	Destroying stream 'Depth1'...
259509494	[INFO]	XnOpenNI.cpp	1459	Destroying node 'Image1'
259509545	[INFO]	XnDeviceBase.cpp	1507	Destroying stream 'Image1'...
259510383	[INFO]	XnOpenNI.cpp	1459	Destroying node 'Device1'
