    4404	[INFO]	XnLog.cpp	165	OpenNI version is 1.0.0 (Build 25)-MacOSX (Jan  7 2011 14:20:18)
    4475	[INFO]	XnLog.cpp	173	Log system initialized. Console: 1, File: 1, Severity: INFO, Masks: ALL
    4999	[INFO]	XnLog.cpp	173	Log system initialized. Console: 1, File: 1, Severity: INFO, Masks: ALL
    8602	[INFO]	XnUSBLinux-x86.cpp	98	USB is initialized.
 1959412	[INFO]	XnOpenNI.cpp	1261	Creating node 'Device1' of type Device...
 1960205	[INFO]	XnDeviceModule.cpp	431	Module 'Device' configuration was loaded from file.
 2222413	[INFO]	XnDeviceSensorIO.cpp	135	Connected to USB device
 2222464	[INFO]	XnProperty.cpp	151	Property Device.USBPath was changed to 045e/02ae@250/10.
 2229625	[INFO]	XnHostProtocol.cpp	825	Hardware versions: FW=5.1.4 (7) HW=4 Chip=2 Sensor=4 SYS=7
 3750145	[INFO]	XnProperty.cpp	151	Property Device.ID was changed to 0.
 3750193	[INFO]	XnSensor.cpp	182	Device sensor initialized
 3750275	[INFO]	XnOpenNI.cpp	1261	Creating node 'Depth1' of type Depth...
 3750313	[INFO]	XnDeviceBase.cpp	1383	Creating stream 'Depth1' of type 'Depth'...
 3750338	[INFO]	XnProperty.cpp	74	Setting Device.ReadData to 1...
 3750379	[INFO]	XnDeviceSensorIO.cpp	298	Endpoints open
 3762817	[INFO]	XnProperty.cpp	151	Property Device.ReadData was changed to 1.
 3762850	[INFO]	XnProperty.cpp	101	Device.ReadData was successfully set.
 3763195	[INFO]	XnProperty.cpp	151	Property Depth1.Resolution was changed to 0.
 3763218	[INFO]	XnProperty.cpp	151	Property Depth1.XRes was changed to 320.
 3763234	[INFO]	XnProperty.cpp	151	Property Depth1.YRes was changed to 240.
 3763246	[INFO]	XnProperty.cpp	151	Property Depth1.FPS was changed to 30.
 3763257	[INFO]	XnProperty.cpp	151	Property Depth1.OutputFormat was changed to 1.
 3763269	[INFO]	XnProperty.cpp	151	Property Depth1.BytesPerPixel was changed to 2.
 3763281	[INFO]	XnProperty.cpp	151	Property Depth1.RequiredDataSize was changed to 153600.
 3763298	[INFO]	XnProperty.cpp	151	Property Depth1.ParamCoeff was changed to 4.
 3763362	[INFO]	XnProperty.cpp	151	Property Depth1.ShiftScale was changed to 10.
 3775798	[INFO]	XnProperty.cpp	151	Property Depth1.ConstShift was changed to 200.
 3775868	[INFO]	XnProperty.cpp	151	Property Depth1.ZPD was changed to 120.
 3775968	[INFO]	XnProperty.cpp	151	Property Depth1.ZPPS was changed to 0.104200.
 3775983	[INFO]	XnProperty.cpp	151	Property Depth1.LDDIS was changed to 7.500000.
 3776069	[INFO]	XnProperty.cpp	151	Property Depth1.Gain was changed to 30.
 3776098	[INFO]	XnDeviceBase.cpp	1458	Stream 'Depth1' was initialized.
 3776112	[INFO]	XnDeviceBase.cpp	1463	'Depth1' stream was created.
 3776264	[INFO]	XnProperty.cpp	74	Setting Depth1.InputFormat to 3...
 3776287	[INFO]	XnProperty.cpp	151	Property Depth1.InputFormat was changed to 3.
 3776299	[INFO]	XnProperty.cpp	101	Depth1.InputFormat was successfully set.
 3776916	[INFO]	XnProperty.cpp	74	Setting Depth1.RegistrationType to 2...
 3776943	[INFO]	XnProperty.cpp	151	Property Depth1.RegistrationType was changed to 2.
 3776959	[INFO]	XnProperty.cpp	101	Depth1.RegistrationType was successfully set.
 3777438	[INFO]	XnDeviceModule.cpp	431	Module 'Depth1' configuration was loaded from file.
 3777624	[INFO]	XnProperty.cpp	74	Setting Depth1.FPS to 30...
 3777641	[INFO]	XnProperty.cpp	86	Depth1.FPS value did not change.
 3777653	[INFO]	XnProperty.cpp	74	Setting Depth1.YRes to 480...
 3777667	[INFO]	XnProperty.cpp	151	Property Depth1.Resolution was changed to 1.
 3777680	[INFO]	XnProperty.cpp	151	Property Depth1.XRes was changed to 640.
 3777693	[INFO]	XnProperty.cpp	151	Property Depth1.RequiredDataSize was changed to 307200.
 3777707	[INFO]	XnProperty.cpp	151	Property Depth1.YRes was changed to 480.
 3777719	[INFO]	XnProperty.cpp	151	Property Depth1.RequiredDataSize was changed to 614400.
 3777732	[INFO]	XnProperty.cpp	101	Depth1.YRes was successfully set.
 3777745	[INFO]	XnProperty.cpp	74	Setting Depth1.XRes to 640...
 3777756	[INFO]	XnProperty.cpp	86	Depth1.XRes value did not change.
 3777798	[INFO]	XnProperty.cpp	74	Setting Depth1.Mirror to 1...
 3777813	[INFO]	XnProperty.cpp	151	Property Depth1.FirmwareMirror was changed to 1.
 3820606	[INFO]	XnProperty.cpp	151	Property Depth1.Mirror was changed to 1.
 3820638	[INFO]	XnProperty.cpp	101	Depth1.Mirror was successfully set.
 4905709	[INFO]	XnOpenNI.cpp	1261	Creating node 'User1' of type User...
 4990670	[WARNING]	Linux-x86Threads.cpp	173	Failed to set thread priority: Invalid argument
 4990716	[WARNING]	XnUSBLinux-x86.cpp	126	USB events thread: Failed to set thread priority to critical. This might cause loss of data...
 4991653	[INFO]	XnUSBLinux-x86.cpp	1222	USB read thread was started.
 4991687	[INFO]	XnProperty.cpp	151	Property Depth1.ActualReadData was changed to 1.
 5462933	[INFO]	XnProperty.cpp	151	Property Depth1.State was changed to 1.
 5462976	[INFO]	XnDeviceBase.cpp	370	Stream Depth1 is open.
 6556381	[INFO]	XnOpenNI.cpp	1261	Creating node 'Image1' of type Image...
 6556436	[INFO]	XnDeviceBase.cpp	1383	Creating stream 'Image1' of type 'Image'...
 6556656	[INFO]	XnProperty.cpp	151	Property Image1.Resolution was changed to 0.
 6556677	[INFO]	XnProperty.cpp	151	Property Image1.XRes was changed to 320.
 6556691	[INFO]	XnProperty.cpp	151	Property Image1.YRes was changed to 240.
 6556703	[INFO]	XnProperty.cpp	151	Property Image1.FPS was changed to 30.
 6556715	[INFO]	XnProperty.cpp	151	Property Image1.OutputFormat was changed to 5.
 6556726	[INFO]	XnProperty.cpp	151	Property Image1.BytesPerPixel was changed to 3.
 6556740	[INFO]	XnProperty.cpp	151	Property Image1.RequiredDataSize was changed to 230400.
 6556780	[INFO]	XnDeviceBase.cpp	1458	Stream 'Image1' was initialized.
 6556802	[INFO]	XnDeviceBase.cpp	1463	'Image1' stream was created.
 6556907	[INFO]	XnProperty.cpp	74	Setting Image1.InputFormat to 6...
 6556929	[INFO]	XnProperty.cpp	151	Property Image1.InputFormat was changed to 6.
 6556942	[INFO]	XnProperty.cpp	101	Image1.InputFormat was successfully set.
 6557360	[INFO]	XnDeviceModule.cpp	431	Module 'Image1' configuration was loaded from file.
 6557471	[INFO]	XnProperty.cpp	74	Setting Image1.FPS to 30...
 6557493	[INFO]	XnProperty.cpp	86	Image1.FPS value did not change.
 6557512	[INFO]	XnProperty.cpp	74	Setting Image1.YRes to 480...
 6557531	[INFO]	XnProperty.cpp	151	Property Image1.Resolution was changed to 1.
 6557549	[INFO]	XnProperty.cpp	151	Property Image1.XRes was changed to 640.
 6557566	[INFO]	XnProperty.cpp	151	Property Image1.RequiredDataSize was changed to 460800.
 6557585	[INFO]	XnProperty.cpp	151	Property Image1.YRes was changed to 480.
 6557602	[INFO]	XnProperty.cpp	151	Property Image1.RequiredDataSize was changed to 921600.
 6557621	[INFO]	XnProperty.cpp	101	Image1.YRes was successfully set.
 6557639	[INFO]	XnProperty.cpp	74	Setting Image1.XRes to 640...
 6557655	[INFO]	XnProperty.cpp	86	Image1.XRes value did not change.
 6558523	[INFO]	XnUSBLinux-x86.cpp	1222	USB read thread was started.
 6558562	[INFO]	XnProperty.cpp	151	Property Image1.ActualReadData was changed to 1.
 6731537	[WARNING]	XnDepthProcessor.cpp	133	Read: Depth buffer is corrupt. Size is 591520 (!= 614400)
 6731585	[WARNING]	XnFrameStreamProcessor.cpp	132	Depth frame is corrupt!
 6759544	[WARNING]	XnDepthProcessor.cpp	133	Read: Depth buffer is corrupt. Size is 0 (!= 614400)
 9760118	[INFO]	XnProperty.cpp	151	Property Image1.State was changed to 1.
 9760170	[INFO]	XnDeviceBase.cpp	370	Stream Image1 is open.
 9760380	[INFO]	XnProperty.cpp	74	Setting Depth1.Registration to 1...
 9800249	[WARNING]	XnDepthProcessor.cpp	133	Read: Depth buffer is corrupt. Size is 593648 (!= 614400)
 9800294	[WARNING]	XnFrameStreamProcessor.cpp	132	Depth frame is corrupt!
 9912306	[INFO]	XnProperty.cpp	151	Property Depth1.Registration was changed to 1.
 9912357	[INFO]	XnProperty.cpp	101	Depth1.Registration was successfully set.
 9912416	[INFO]	XnProperty.cpp	74	Setting Image1.Mirror to 1...
 9924895	[INFO]	XnProperty.cpp	151	Property Image1.FirmwareMirror was changed to 1.
 9924937	[INFO]	XnProperty.cpp	151	Property Image1.Mirror was changed to 1.
 9924952	[INFO]	XnProperty.cpp	101	Image1.Mirror was successfully set.
20180522	[INFO]	XnOpenNI.cpp	1459	Destroying node 'User1'
20187753	[INFO]	XnOpenNI.cpp	1459	Destroying node 'Depth1'
20187878	[INFO]	XnDeviceBase.cpp	1507	Destroying stream 'Depth1'...
20189038	[INFO]	XnOpenNI.cpp	1459	Destroying node 'Image1'
20189086	[INFO]	XnDeviceBase.cpp	1507	Destroying stream 'Image1'...
20189886	[INFO]	XnOpenNI.cpp	1459	Destroying node 'Device1'
