    1859	[INFO]	XnLog.cpp	165	OpenNI version is 1.0.0 (Build 25)-MacOSX (Jan  7 2011 14:20:18)
    1920	[INFO]	XnLog.cpp	173	Log system initialized. Console: 1, File: 1, Severity: INFO, Masks: ALL
    1952	[INFO]	XnLog.cpp	173	Log system initialized. Console: 1, File: 1, Severity: INFO, Masks: ALL
    8263	[INFO]	XnUSBLinux-x86.cpp	98	USB is initialized.
 1961137	[INFO]	XnOpenNI.cpp	1261	Creating node 'Device1' of type Device...
 1961912	[INFO]	XnDeviceModule.cpp	431	Module 'Device' configuration was loaded from file.
 2223780	[INFO]	XnDeviceSensorIO.cpp	135	Connected to USB device
 2223834	[INFO]	XnProperty.cpp	151	Property Device.USBPath was changed to 045e/02ae@250/10.
 2231629	[INFO]	XnHostProtocol.cpp	825	Hardware versions: FW=5.1.4 (7) HW=4 Chip=2 Sensor=4 SYS=7
 3743518	[INFO]	XnProperty.cpp	151	Property Device.ID was changed to 0.
 3743595	[INFO]	XnSensor.cpp	182	Device sensor initialized
 3743723	[INFO]	XnOpenNI.cpp	1261	Creating node 'Depth1' of type Depth...
 3743781	[INFO]	XnDeviceBase.cpp	1383	Creating stream 'Depth1' of type 'Depth'...
 3743807	[INFO]	XnProperty.cpp	74	Setting Device.ReadData to 1...
 3743853	[INFO]	XnDeviceSensorIO.cpp	298	Endpoints open
 3756027	[INFO]	XnProperty.cpp	151	Property Device.ReadData was changed to 1.
 3756066	[INFO]	XnProperty.cpp	101	Device.ReadData was successfully set.
 3756492	[INFO]	XnProperty.cpp	151	Property Depth1.Resolution was changed to 0.
 3756518	[INFO]	XnProperty.cpp	151	Property Depth1.XRes was changed to 320.
 3756536	[INFO]	XnProperty.cpp	151	Property Depth1.YRes was changed to 240.
 3756552	[INFO]	XnProperty.cpp	151	Property Depth1.FPS was changed to 30.
 3756567	[INFO]	XnProperty.cpp	151	Property Depth1.OutputFormat was changed to 1.
 3756582	[INFO]	XnProperty.cpp	151	Property Depth1.BytesPerPixel was changed to 2.
 3756598	[INFO]	XnProperty.cpp	151	Property Depth1.RequiredDataSize was changed to 153600.
 3756619	[INFO]	XnProperty.cpp	151	Property Depth1.ParamCoeff was changed to 4.
 3756698	[INFO]	XnProperty.cpp	151	Property Depth1.ShiftScale was changed to 10.
 3768979	[INFO]	XnProperty.cpp	151	Property Depth1.ConstShift was changed to 200.
 3769076	[INFO]	XnProperty.cpp	151	Property Depth1.ZPD was changed to 120.
 3769207	[INFO]	XnProperty.cpp	151	Property Depth1.ZPPS was changed to 0.104200.
 3769226	[INFO]	XnProperty.cpp	151	Property Depth1.LDDIS was changed to 7.500000.
 3769363	[INFO]	XnProperty.cpp	151	Property Depth1.Gain was changed to 30.
 3769414	[INFO]	XnDeviceBase.cpp	1458	Stream 'Depth1' was initialized.
 3769444	[INFO]	XnDeviceBase.cpp	1463	'Depth1' stream was created.
 3769706	[INFO]	XnProperty.cpp	74	Setting Depth1.InputFormat to 3...
 3769747	[INFO]	XnProperty.cpp	151	Property Depth1.InputFormat was changed to 3.
 3769775	[INFO]	XnProperty.cpp	101	Depth1.InputFormat was successfully set.
 3770691	[INFO]	XnProperty.cpp	74	Setting Depth1.RegistrationType to 2...
 3770724	[INFO]	XnProperty.cpp	151	Property Depth1.RegistrationType was changed to 2.
 3770746	[INFO]	XnProperty.cpp	101	Depth1.RegistrationType was successfully set.
 3771569	[INFO]	XnDeviceModule.cpp	431	Module 'Depth1' configuration was loaded from file.
 3771844	[INFO]	XnProperty.cpp	74	Setting Depth1.FPS to 30...
 3771873	[INFO]	XnProperty.cpp	86	Depth1.FPS value did not change.
 3771896	[INFO]	XnProperty.cpp	74	Setting Depth1.YRes to 480...
 3771923	[INFO]	XnProperty.cpp	151	Property Depth1.Resolution was changed to 1.
 3771950	[INFO]	XnProperty.cpp	151	Property Depth1.XRes was changed to 640.
 3771975	[INFO]	XnProperty.cpp	151	Property Depth1.RequiredDataSize was changed to 307200.
 3772001	[INFO]	XnProperty.cpp	151	Property Depth1.YRes was changed to 480.
 3772025	[INFO]	XnProperty.cpp	151	Property Depth1.RequiredDataSize was changed to 614400.
 3772058	[INFO]	XnProperty.cpp	101	Depth1.YRes was successfully set.
 3772084	[INFO]	XnProperty.cpp	74	Setting Depth1.XRes to 640...
 3772106	[INFO]	XnProperty.cpp	86	Depth1.XRes value did not change.
 3772175	[INFO]	XnProperty.cpp	74	Setting Depth1.Mirror to 1...
 3772204	[INFO]	XnProperty.cpp	151	Property Depth1.FirmwareMirror was changed to 1.
 3772268	[INFO]	XnProperty.cpp	151	Property Depth1.Mirror was changed to 1.
 3772291	[INFO]	XnProperty.cpp	101	Depth1.Mirror was successfully set.
 4860751	[INFO]	XnOpenNI.cpp	1261	Creating node 'User1' of type User...
 4890790	[WARNING]	Linux-x86Threads.cpp	173	Failed to set thread priority: Invalid argument
 4890834	[WARNING]	XnUSBLinux-x86.cpp	126	USB events thread: Failed to set thread priority to critical. This might cause loss of data...
 4891734	[INFO]	XnUSBLinux-x86.cpp	1222	USB read thread was started.
 4891765	[INFO]	XnProperty.cpp	151	Property Depth1.ActualReadData was changed to 1.
 5363334	[INFO]	XnProperty.cpp	151	Property Depth1.State was changed to 1.
 5363379	[INFO]	XnDeviceBase.cpp	370	Stream Depth1 is open.
 6457266	[INFO]	XnOpenNI.cpp	1261	Creating node 'Image1' of type Image...
 6457317	[INFO]	XnDeviceBase.cpp	1383	Creating stream 'Image1' of type 'Image'...
 6457510	[INFO]	XnProperty.cpp	151	Property Image1.Resolution was changed to 0.
 6457532	[INFO]	XnProperty.cpp	151	Property Image1.XRes was changed to 320.
 6457545	[INFO]	XnProperty.cpp	151	Property Image1.YRes was changed to 240.
 6457556	[INFO]	XnProperty.cpp	151	Property Image1.FPS was changed to 30.
 6457567	[INFO]	XnProperty.cpp	151	Property Image1.OutputFormat was changed to 5.
 6457580	[INFO]	XnProperty.cpp	151	Property Image1.BytesPerPixel was changed to 3.
 6457593	[INFO]	XnProperty.cpp	151	Property Image1.RequiredDataSize was changed to 230400.
 6457621	[INFO]	XnDeviceBase.cpp	1458	Stream 'Image1' was initialized.
 6457634	[INFO]	XnDeviceBase.cpp	1463	'Image1' stream was created.
 6457739	[INFO]	XnProperty.cpp	74	Setting Image1.InputFormat to 6...
 6457759	[INFO]	XnProperty.cpp	151	Property Image1.InputFormat was changed to 6.
 6457772	[INFO]	XnProperty.cpp	101	Image1.InputFormat was successfully set.
 6458199	[INFO]	XnDeviceModule.cpp	431	Module 'Image1' configuration was loaded from file.
 6458287	[INFO]	XnProperty.cpp	74	Setting Image1.FPS to 30...
 6458302	[INFO]	XnProperty.cpp	86	Image1.FPS value did not change.
 6458313	[INFO]	XnProperty.cpp	74	Setting Image1.YRes to 480...
 6458327	[INFO]	XnProperty.cpp	151	Property Image1.Resolution was changed to 1.
 6458339	[INFO]	XnProperty.cpp	151	Property Image1.XRes was changed to 640.
 6458351	[INFO]	XnProperty.cpp	151	Property Image1.RequiredDataSize was changed to 460800.
 6458364	[INFO]	XnProperty.cpp	151	Property Image1.YRes was changed to 480.
 6458376	[INFO]	XnProperty.cpp	151	Property Image1.RequiredDataSize was changed to 921600.
 6458388	[INFO]	XnProperty.cpp	101	Image1.YRes was successfully set.
 6458400	[INFO]	XnProperty.cpp	74	Setting Image1.XRes to 640...
 6458413	[INFO]	XnProperty.cpp	86	Image1.XRes value did not change.
 6459315	[INFO]	XnUSBLinux-x86.cpp	1222	USB read thread was started.
 6459349	[INFO]	XnProperty.cpp	151	Property Image1.ActualReadData was changed to 1.
 6623803	[WARNING]	XnFirmwareStreams.cpp	324	Unknown packet type (0x4847)!!!
 6627785	[WARNING]	XnDepthProcessor.cpp	133	Read: Depth buffer is corrupt. Size is 558480 (!= 614400)
 6627832	[WARNING]	XnFrameStreamProcessor.cpp	132	Depth frame is corrupt!
 6659830	[WARNING]	XnDepthProcessor.cpp	133	Read: Depth buffer is corrupt. Size is 567120 (!= 614400)
 6659885	[WARNING]	XnFrameStreamProcessor.cpp	132	Depth frame is corrupt!
 9564473	[WARNING]	XnDepthProcessor.cpp	133	Read: Depth buffer is corrupt. Size is 586928 (!= 614400)
 9564532	[WARNING]	XnFrameStreamProcessor.cpp	132	Depth frame is corrupt!
 9661350	[INFO]	XnProperty.cpp	151	Property Image1.State was changed to 1.
 9661401	[INFO]	XnDeviceBase.cpp	370	Stream Image1 is open.
 9661604	[INFO]	XnProperty.cpp	74	Setting Depth1.Registration to 1...
 9700495	[WARNING]	XnDepthProcessor.cpp	133	Read: Depth buffer is corrupt. Size is 587024 (!= 614400)
 9700548	[WARNING]	XnFrameStreamProcessor.cpp	132	Depth frame is corrupt!
 9813842	[INFO]	XnProperty.cpp	151	Property Depth1.Registration was changed to 1.
 9813890	[INFO]	XnProperty.cpp	101	Depth1.Registration was successfully set.
 9813951	[INFO]	XnProperty.cpp	74	Setting Image1.Mirror to 1...
 9826476	[INFO]	XnProperty.cpp	151	Property Image1.FirmwareMirror was changed to 1.
 9826753	[INFO]	XnProperty.cpp	151	Property Image1.Mirror was changed to 1.
 9826766	[INFO]	XnProperty.cpp	101	Image1.Mirror was successfully set.
23221399	[INFO]	XnOpenNI.cpp	1459	Destroying node 'User1'
23229191	[INFO]	XnOpenNI.cpp	1459	Destroying node 'Depth1'
23229279	[INFO]	XnDeviceBase.cpp	1507	Destroying stream 'Depth1'...
23230740	[INFO]	XnOpenNI.cpp	1459	Destroying node 'Image1'
23230797	[INFO]	XnDeviceBase.cpp	1507	Destroying stream 'Image1'...
23231809	[INFO]	XnOpenNI.cpp	1459	Destroying node 'Device1'
