    1413	[INFO]	XnLog.cpp	165	OpenNI version is 1.0.0 (Build 25)-MacOSX (Jan  7 2011 14:20:18)
    1458	[INFO]	XnLog.cpp	173	Log system initialized. Console: 1, File: 1, Severity: INFO, Masks: ALL
    1482	[INFO]	XnLog.cpp	173	Log system initialized. Console: 1, File: 1, Severity: INFO, Masks: ALL
    2645	[INFO]	XnUSBLinux-x86.cpp	98	USB is initialized.
 3463758	[INFO]	XnOpenNI.cpp	1261	Creating node 'Device1' of type Device...
 3465324	[INFO]	XnDeviceModule.cpp	431	Module 'Device' configuration was loaded from file.
 3681299	[INFO]	XnDeviceSensorIO.cpp	135	Connected to USB device
 3681352	[INFO]	XnProperty.cpp	151	Property Device.USBPath was changed to 045e/02ae@253/8.
 3689319	[INFO]	XnHostProtocol.cpp	825	Hardware versions: FW=5.1.4 (7) HW=4 Chip=2 Sensor=4 SYS=7
 5099600	[INFO]	XnProperty.cpp	151	Property Device.ID was changed to 0.
 5099655	[INFO]	XnSensor.cpp	182	Device sensor initialized
 5099755	[INFO]	XnOpenNI.cpp	1261	Creating node 'Depth1' of type Depth...
 5099803	[INFO]	XnDeviceBase.cpp	1383	Creating stream 'Depth1' of type 'Depth'...
 5099832	[INFO]	XnProperty.cpp	74	Setting Device.ReadData to 1...
 5099876	[INFO]	XnDeviceSensorIO.cpp	298	Endpoints open
 5112167	[INFO]	XnProperty.cpp	151	Property Device.ReadData was changed to 1.
 5112218	[INFO]	XnProperty.cpp	101	Device.ReadData was successfully set.
 5112645	[INFO]	XnProperty.cpp	151	Property Depth1.Resolution was changed to 0.
 5112667	[INFO]	XnProperty.cpp	151	Property Depth1.XRes was changed to 320.
 5112685	[INFO]	XnProperty.cpp	151	Property Depth1.YRes was changed to 240.
 5112700	[INFO]	XnProperty.cpp	151	Property Depth1.FPS was changed to 30.
 5112715	[INFO]	XnProperty.cpp	151	Property Depth1.OutputFormat was changed to 1.
 5112730	[INFO]	XnProperty.cpp	151	Property Depth1.BytesPerPixel was changed to 2.
 5112745	[INFO]	XnProperty.cpp	151	Property Depth1.RequiredDataSize was changed to 153600.
 5112764	[INFO]	XnProperty.cpp	151	Property Depth1.ParamCoeff was changed to 4.
 5112832	[INFO]	XnProperty.cpp	151	Property Depth1.ShiftScale was changed to 10.
 5125468	[INFO]	XnProperty.cpp	151	Property Depth1.ConstShift was changed to 200.
 5125585	[INFO]	XnProperty.cpp	151	Property Depth1.ZPD was changed to 120.
 5125693	[INFO]	XnProperty.cpp	151	Property Depth1.ZPPS was changed to 0.104200.
 5125718	[INFO]	XnProperty.cpp	151	Property Depth1.LDDIS was changed to 7.500000.
 5125836	[INFO]	XnProperty.cpp	151	Property Depth1.Gain was changed to 30.
 5125887	[INFO]	XnDeviceBase.cpp	1458	Stream 'Depth1' was initialized.
 5125909	[INFO]	XnDeviceBase.cpp	1463	'Depth1' stream was created.
 5126124	[INFO]	XnProperty.cpp	74	Setting Depth1.InputFormat to 3...
 5126154	[INFO]	XnProperty.cpp	151	Property Depth1.InputFormat was changed to 3.
 5126175	[INFO]	XnProperty.cpp	101	Depth1.InputFormat was successfully set.
 5126822	[INFO]	XnProperty.cpp	74	Setting Depth1.RegistrationType to 2...
 5126847	[INFO]	XnProperty.cpp	151	Property Depth1.RegistrationType was changed to 2.
 5126862	[INFO]	XnProperty.cpp	101	Depth1.RegistrationType was successfully set.
 5127469	[INFO]	XnDeviceModule.cpp	431	Module 'Depth1' configuration was loaded from file.
 5127655	[INFO]	XnProperty.cpp	74	Setting Depth1.FPS to 30...
 5127671	[INFO]	XnProperty.cpp	86	Depth1.FPS value did not change.
 5127683	[INFO]	XnProperty.cpp	74	Setting Depth1.YRes to 480...
 5127698	[INFO]	XnProperty.cpp	151	Property Depth1.Resolution was changed to 1.
 5127711	[INFO]	XnProperty.cpp	151	Property Depth1.XRes was changed to 640.
 5127725	[INFO]	XnProperty.cpp	151	Property Depth1.RequiredDataSize was changed to 307200.
 5127739	[INFO]	XnProperty.cpp	151	Property Depth1.YRes was changed to 480.
 5127751	[INFO]	XnProperty.cpp	151	Property Depth1.RequiredDataSize was changed to 614400.
 5127763	[INFO]	XnProperty.cpp	101	Depth1.YRes was successfully set.
 5127775	[INFO]	XnProperty.cpp	74	Setting Depth1.XRes to 640...
 5127785	[INFO]	XnProperty.cpp	86	Depth1.XRes value did not change.
 5127829	[INFO]	XnProperty.cpp	74	Setting Depth1.Mirror to 1...
 5127844	[INFO]	XnProperty.cpp	151	Property Depth1.FirmwareMirror was changed to 1.
 5217424	[INFO]	XnProperty.cpp	151	Property Depth1.Mirror was changed to 1.
 5217460	[INFO]	XnProperty.cpp	101	Depth1.Mirror was successfully set.
 6854574	[INFO]	XnOpenNI.cpp	1261	Creating node 'User1' of type User...
 6879162	[WARNING]	Linux-x86Threads.cpp	173	Failed to set thread priority: Invalid argument
 6879208	[WARNING]	XnUSBLinux-x86.cpp	126	USB events thread: Failed to set thread priority to critical. This might cause loss of data...
 6880119	[INFO]	XnUSBLinux-x86.cpp	1222	USB read thread was started.
 6880157	[INFO]	XnProperty.cpp	151	Property Depth1.ActualReadData was changed to 1.
 7350772	[INFO]	XnProperty.cpp	151	Property Depth1.State was changed to 1.
 7350813	[INFO]	XnDeviceBase.cpp	370	Stream Depth1 is open.
 8953256	[INFO]	XnOpenNI.cpp	1261	Creating node 'Image1' of type Image...
 8953305	[INFO]	XnDeviceBase.cpp	1383	Creating stream 'Image1' of type 'Image'...
 8953502	[INFO]	XnProperty.cpp	151	Property Image1.Resolution was changed to 0.
 8953523	[INFO]	XnProperty.cpp	151	Property Image1.XRes was changed to 320.
 8953544	[INFO]	XnProperty.cpp	151	Property Image1.YRes was changed to 240.
 8953563	[INFO]	XnProperty.cpp	151	Property Image1.FPS was changed to 30.
 8953581	[INFO]	XnProperty.cpp	151	Property Image1.OutputFormat was changed to 5.
 8953600	[INFO]	XnProperty.cpp	151	Property Image1.BytesPerPixel was changed to 3.
 8953619	[INFO]	XnProperty.cpp	151	Property Image1.RequiredDataSize was changed to 230400.
 8953663	[INFO]	XnDeviceBase.cpp	1458	Stream 'Image1' was initialized.
 8953684	[INFO]	XnDeviceBase.cpp	1463	'Image1' stream was created.
 8953805	[INFO]	XnProperty.cpp	74	Setting Image1.InputFormat to 6...
 8953831	[INFO]	XnProperty.cpp	151	Property Image1.InputFormat was changed to 6.
 8953850	[INFO]	XnProperty.cpp	101	Image1.InputFormat was successfully set.
 8954442	[INFO]	XnDeviceModule.cpp	431	Module 'Image1' configuration was loaded from file.
 8954565	[INFO]	XnProperty.cpp	74	Setting Image1.FPS to 30...
 8954587	[INFO]	XnProperty.cpp	86	Image1.FPS value did not change.
 8954607	[INFO]	XnProperty.cpp	74	Setting Image1.YRes to 480...
 8954627	[INFO]	XnProperty.cpp	151	Property Image1.Resolution was changed to 1.
 8954644	[INFO]	XnProperty.cpp	151	Property Image1.XRes was changed to 640.
 8954659	[INFO]	XnProperty.cpp	151	Property Image1.RequiredDataSize was changed to 460800.
 8954678	[INFO]	XnProperty.cpp	151	Property Image1.YRes was changed to 480.
 8954697	[INFO]	XnProperty.cpp	151	Property Image1.RequiredDataSize was changed to 921600.
 8954719	[INFO]	XnProperty.cpp	101	Image1.YRes was successfully set.
 8954737	[INFO]	XnProperty.cpp	74	Setting Image1.XRes to 640...
 8954751	[INFO]	XnProperty.cpp	86	Image1.XRes value did not change.
 8955807	[INFO]	XnUSBLinux-x86.cpp	1222	USB read thread was started.
 8955849	[INFO]	XnProperty.cpp	151	Property Image1.ActualReadData was changed to 1.
 9015540	[WARNING]	XnDepthProcessor.cpp	133	Read: Depth buffer is corrupt. Size is 589408 (!= 614400)
 9015588	[WARNING]	XnFrameStreamProcessor.cpp	132	Depth frame is corrupt!
 9147555	[WARNING]	XnDepthProcessor.cpp	133	Read: Depth buffer is corrupt. Size is 558304 (!= 614400)
 9147603	[WARNING]	XnFrameStreamProcessor.cpp	132	Depth frame is corrupt!
12156624	[INFO]	XnProperty.cpp	151	Property Image1.State was changed to 1.
12156671	[INFO]	XnDeviceBase.cpp	370	Stream Image1 is open.
12156887	[INFO]	XnProperty.cpp	74	Setting Depth1.Registration to 1...
12309158	[INFO]	XnProperty.cpp	151	Property Depth1.Registration was changed to 1.
12309199	[INFO]	XnProperty.cpp	101	Depth1.Registration was successfully set.
12309247	[INFO]	XnProperty.cpp	74	Setting Image1.Mirror to 1...
12321661	[INFO]	XnProperty.cpp	151	Property Image1.FirmwareMirror was changed to 1.
12321702	[INFO]	XnProperty.cpp	151	Property Image1.Mirror was changed to 1.
12321714	[INFO]	XnProperty.cpp	101	Image1.Mirror was successfully set.
16238640	[INFO]	XnOpenNI.cpp	1459	Destroying node 'User1'
16246712	[INFO]	XnOpenNI.cpp	1459	Destroying node 'Depth1'
16246800	[INFO]	XnDeviceBase.cpp	1507	Destroying stream 'Depth1'...
16248003	[INFO]	XnOpenNI.cpp	1459	Destroying node 'Image1'
16248088	[INFO]	XnDeviceBase.cpp	1507	Destroying stream 'Image1'...
16250347	[INFO]	XnOpenNI.cpp	1459	Destroying node 'Device1'
