   10929	[INFO]	XnLog.cpp	165	OpenNI version is 1.0.0 (Build 25)-MacOSX (Jan  7 2011 14:20:18)
   11032	[INFO]	XnLog.cpp	173	Log system initialized. Console: 1, File: 1, Severity: INFO, Masks: ALL
   11070	[INFO]	XnLog.cpp	173	Log system initialized. Console: 1, File: 1, Severity: INFO, Masks: ALL
   12615	[INFO]	XnUSBLinux-x86.cpp	98	USB is initialized.
 1130159	[INFO]	XnOpenNI.cpp	1261	Creating node 'Device1' of type Device...
 1130961	[INFO]	XnDeviceModule.cpp	431	Module 'Device' configuration was loaded from file.
 1281217	[INFO]	XnDeviceSensorIO.cpp	135	Connected to USB device
 1281277	[INFO]	XnProperty.cpp	151	Property Device.USBPath was changed to 045e/02ae@253/8.
 1289017	[INFO]	XnHostProtocol.cpp	825	Hardware versions: FW=5.1.4 (7) HW=4 Chip=2 Sensor=4 SYS=7
 2701355	[INFO]	XnProperty.cpp	151	Property Device.ID was changed to 0.
 2701408	[INFO]	XnSensor.cpp	182	Device sensor initialized
 2701483	[INFO]	XnOpenNI.cpp	1261	Creating node 'Depth1' of type Depth...
 2701521	[INFO]	XnDeviceBase.cpp	1383	Creating stream 'Depth1' of type 'Depth'...
 2701542	[INFO]	XnProperty.cpp	74	Setting Device.ReadData to 1...
 2701583	[INFO]	XnDeviceSensorIO.cpp	298	Endpoints open
 2713927	[INFO]	XnProperty.cpp	151	Property Device.ReadData was changed to 1.
 2714000	[INFO]	XnProperty.cpp	101	Device.ReadData was successfully set.
 2714628	[INFO]	XnProperty.cpp	151	Property Depth1.Resolution was changed to 0.
 2714666	[INFO]	XnProperty.cpp	151	Property Depth1.XRes was changed to 320.
 2714697	[INFO]	XnProperty.cpp	151	Property Depth1.YRes was changed to 240.
 2714733	[INFO]	XnProperty.cpp	151	Property Depth1.FPS was changed to 30.
 2714773	[INFO]	XnProperty.cpp	151	Property Depth1.OutputFormat was changed to 1.
 2714819	[INFO]	XnProperty.cpp	151	Property Depth1.BytesPerPixel was changed to 2.
 2714850	[INFO]	XnProperty.cpp	151	Property Depth1.RequiredDataSize was changed to 153600.
 2714887	[INFO]	XnProperty.cpp	151	Property Depth1.ParamCoeff was changed to 4.
 2714992	[INFO]	XnProperty.cpp	151	Property Depth1.ShiftScale was changed to 10.
 2727378	[INFO]	XnProperty.cpp	151	Property Depth1.ConstShift was changed to 200.
 2727523	[INFO]	XnProperty.cpp	151	Property Depth1.ZPD was changed to 120.
 2727678	[INFO]	XnProperty.cpp	151	Property Depth1.ZPPS was changed to 0.104200.
 2727710	[INFO]	XnProperty.cpp	151	Property Depth1.LDDIS was changed to 7.500000.
 2727863	[INFO]	XnProperty.cpp	151	Property Depth1.Gain was changed to 30.
 2727907	[INFO]	XnDeviceBase.cpp	1458	Stream 'Depth1' was initialized.
 2727929	[INFO]	XnDeviceBase.cpp	1463	'Depth1' stream was created.
 2728139	[INFO]	XnProperty.cpp	74	Setting Depth1.InputFormat to 3...
 2728165	[INFO]	XnProperty.cpp	151	Property Depth1.InputFormat was changed to 3.
 2728193	[INFO]	XnProperty.cpp	101	Depth1.InputFormat was successfully set.
 2728842	[INFO]	XnProperty.cpp	74	Setting Depth1.RegistrationType to 2...
 2728864	[INFO]	XnProperty.cpp	151	Property Depth1.RegistrationType was changed to 2.
 2728881	[INFO]	XnProperty.cpp	101	Depth1.RegistrationType was successfully set.
 2729350	[INFO]	XnDeviceModule.cpp	431	Module 'Depth1' configuration was loaded from file.
 2729503	[INFO]	XnProperty.cpp	74	Setting Depth1.FPS to 30...
 2729521	[INFO]	XnProperty.cpp	86	Depth1.FPS value did not change.
 2729538	[INFO]	XnProperty.cpp	74	Setting Depth1.YRes to 480...
 2729558	[INFO]	XnProperty.cpp	151	Property Depth1.Resolution was changed to 1.
 2729574	[INFO]	XnProperty.cpp	151	Property Depth1.XRes was changed to 640.
 2729591	[INFO]	XnProperty.cpp	151	Property Depth1.RequiredDataSize was changed to 307200.
 2729610	[INFO]	XnProperty.cpp	151	Property Depth1.YRes was changed to 480.
 2729625	[INFO]	XnProperty.cpp	151	Property Depth1.RequiredDataSize was changed to 614400.
 2729641	[INFO]	XnProperty.cpp	101	Depth1.YRes was successfully set.
 2729657	[INFO]	XnProperty.cpp	74	Setting Depth1.XRes to 640...
 2729672	[INFO]	XnProperty.cpp	86	Depth1.XRes value did not change.
 2729723	[INFO]	XnProperty.cpp	74	Setting Depth1.Mirror to 1...
 2729740	[INFO]	XnProperty.cpp	151	Property Depth1.FirmwareMirror was changed to 1.
 2729788	[INFO]	XnProperty.cpp	151	Property Depth1.Mirror was changed to 1.
 2729805	[INFO]	XnProperty.cpp	101	Depth1.Mirror was successfully set.
 3843337	[INFO]	XnOpenNI.cpp	1261	Creating node 'User1' of type User...
 3868292	[WARNING]	Linux-x86Threads.cpp	173	Failed to set thread priority: Invalid argument
 3868337	[WARNING]	XnUSBLinux-x86.cpp	126	USB events thread: Failed to set thread priority to critical. This might cause loss of data...
 3869381	[INFO]	XnUSBLinux-x86.cpp	1222	USB read thread was started.
 3869421	[INFO]	XnProperty.cpp	151	Property Depth1.ActualReadData was changed to 1.
 4339573	[INFO]	XnProperty.cpp	151	Property Depth1.State was changed to 1.
 4339616	[INFO]	XnDeviceBase.cpp	370	Stream Depth1 is open.
 5437349	[INFO]	XnOpenNI.cpp	1261	Creating node 'Image1' of type Image...
 5437405	[INFO]	XnDeviceBase.cpp	1383	Creating stream 'Image1' of type 'Image'...
 5437727	[INFO]	XnProperty.cpp	151	Property Image1.Resolution was changed to 0.
 5437754	[INFO]	XnProperty.cpp	151	Property Image1.XRes was changed to 320.
 5437986	[INFO]	XnProperty.cpp	151	Property Image1.YRes was changed to 240.
 5438003	[INFO]	XnProperty.cpp	151	Property Image1.FPS was changed to 30.
 5438019	[INFO]	XnProperty.cpp	151	Property Image1.OutputFormat was changed to 5.
 5438034	[INFO]	XnProperty.cpp	151	Property Image1.BytesPerPixel was changed to 3.
 5438049	[INFO]	XnProperty.cpp	151	Property Image1.RequiredDataSize was changed to 230400.
 5438092	[INFO]	XnDeviceBase.cpp	1458	Stream 'Image1' was initialized.
 5438109	[INFO]	XnDeviceBase.cpp	1463	'Image1' stream was created.
 5438249	[INFO]	XnProperty.cpp	74	Setting Image1.InputFormat to 6...
 5438275	[INFO]	XnProperty.cpp	151	Property Image1.InputFormat was changed to 6.
 5438291	[INFO]	XnProperty.cpp	101	Image1.InputFormat was successfully set.
 5438824	[INFO]	XnDeviceModule.cpp	431	Module 'Image1' configuration was loaded from file.
 5438941	[INFO]	XnProperty.cpp	74	Setting Image1.FPS to 30...
 5438966	[INFO]	XnProperty.cpp	86	Image1.FPS value did not change.
 5438982	[INFO]	XnProperty.cpp	74	Setting Image1.YRes to 480...
 5439000	[INFO]	XnProperty.cpp	151	Property Image1.Resolution was changed to 1.
 5439016	[INFO]	XnProperty.cpp	151	Property Image1.XRes was changed to 640.
 5439033	[INFO]	XnProperty.cpp	151	Property Image1.RequiredDataSize was changed to 460800.
 5439499	[INFO]	XnProperty.cpp	151	Property Image1.YRes was changed to 480.
 5439587	[INFO]	XnProperty.cpp	151	Property Image1.RequiredDataSize was changed to 921600.
 5439609	[INFO]	XnProperty.cpp	101	Image1.YRes was successfully set.
 5439629	[INFO]	XnProperty.cpp	74	Setting Image1.XRes to 640...
 5439646	[INFO]	XnProperty.cpp	86	Image1.XRes value did not change.
 5440806	[INFO]	XnUSBLinux-x86.cpp	1222	USB read thread was started.
 5440853	[INFO]	XnProperty.cpp	151	Property Image1.ActualReadData was changed to 1.
 5604614	[WARNING]	XnDepthProcessor.cpp	133	Read: Depth buffer is corrupt. Size is 578432 (!= 614400)
 5604671	[WARNING]	XnFrameStreamProcessor.cpp	132	Depth frame is corrupt!
 5636716	[WARNING]	XnDepthProcessor.cpp	133	Read: Depth buffer is corrupt. Size is 543952 (!= 614400)
 5636765	[WARNING]	XnFrameStreamProcessor.cpp	132	Depth frame is corrupt!
 8540725	[WARNING]	XnDepthProcessor.cpp	133	Read: Depth buffer is corrupt. Size is 596272 (!= 614400)
 8540772	[WARNING]	XnFrameStreamProcessor.cpp	132	Depth frame is corrupt!
 8641764	[INFO]	XnProperty.cpp	151	Property Image1.State was changed to 1.
 8641809	[INFO]	XnDeviceBase.cpp	370	Stream Image1 is open.
 8642020	[INFO]	XnProperty.cpp	74	Setting Depth1.Registration to 1...
 8672729	[WARNING]	XnDepthProcessor.cpp	133	Read: Depth buffer is corrupt. Size is 592016 (!= 614400)
 8672781	[WARNING]	XnFrameStreamProcessor.cpp	132	Depth frame is corrupt!
 8793746	[INFO]	XnProperty.cpp	151	Property Depth1.Registration was changed to 1.
 8793792	[INFO]	XnProperty.cpp	101	Depth1.Registration was successfully set.
 8793840	[INFO]	XnProperty.cpp	74	Setting Image1.Mirror to 1...
 8806266	[INFO]	XnProperty.cpp	151	Property Image1.FirmwareMirror was changed to 1.
 8806346	[INFO]	XnProperty.cpp	151	Property Image1.Mirror was changed to 1.
 8806366	[INFO]	XnProperty.cpp	101	Image1.Mirror was successfully set.
80711278	[INFO]	XnOpenNI.cpp	1459	Destroying node 'User1'
80719051	[INFO]	XnOpenNI.cpp	1459	Destroying node 'Depth1'
80719138	[INFO]	XnDeviceBase.cpp	1507	Destroying stream 'Depth1'...
80720124	[INFO]	XnOpenNI.cpp	1459	Destroying node 'Image1'
80720162	[INFO]	XnDeviceBase.cpp	1507	Destroying stream 'Image1'...
80721290	[INFO]	XnOpenNI.cpp	1459	Destroying node 'Device1'
