    1678	[INFO]	XnLog.cpp	165	OpenNI version is 1.0.0 (Build 25)-MacOSX (Jan  7 2011 14:20:18)
    1721	[INFO]	XnLog.cpp	173	Log system initialized. Console: 1, File: 1, Severity: INFO, Masks: ALL
    1745	[INFO]	XnLog.cpp	173	Log system initialized. Console: 1, File: 1, Severity: INFO, Masks: ALL
    2792	[INFO]	XnUSBLinux-x86.cpp	98	USB is initialized.
 1951330	[INFO]	XnOpenNI.cpp	1261	Creating node 'Device1' of type Device...
 1952157	[INFO]	XnDeviceModule.cpp	431	Module 'Device' configuration was loaded from file.
 2218215	[INFO]	XnDeviceSensorIO.cpp	135	Connected to USB device
 2218266	[INFO]	XnProperty.cpp	151	Property Device.USBPath was changed to 045e/02ae@250/10.
 2226121	[INFO]	XnHostProtocol.cpp	825	Hardware versions: FW=5.1.4 (7) HW=4 Chip=2 Sensor=4 SYS=7
 3740411	[INFO]	XnProperty.cpp	151	Property Device.ID was changed to 0.
 3740480	[INFO]	XnSensor.cpp	182	Device sensor initialized
 3740602	[INFO]	XnOpenNI.cpp	1261	Creating node 'Depth1' of type Depth...
 3740656	[INFO]	XnDeviceBase.cpp	1383	Creating stream 'Depth1' of type 'Depth'...
 3740682	[INFO]	XnProperty.cpp	74	Setting Device.ReadData to 1...
 3740734	[INFO]	XnDeviceSensorIO.cpp	298	Endpoints open
 3753095	[INFO]	XnProperty.cpp	151	Property Device.ReadData was changed to 1.
 3753138	[INFO]	XnProperty.cpp	101	Device.ReadData was successfully set.
 3753699	[INFO]	XnProperty.cpp	151	Property Depth1.Resolution was changed to 0.
 3753741	[INFO]	XnProperty.cpp	151	Property Depth1.XRes was changed to 320.
 3753769	[INFO]	XnProperty.cpp	151	Property Depth1.YRes was changed to 240.
 3753799	[INFO]	XnProperty.cpp	151	Property Depth1.FPS was changed to 30.
 3753826	[INFO]	XnProperty.cpp	151	Property Depth1.OutputFormat was changed to 1.
 3753851	[INFO]	XnProperty.cpp	151	Property Depth1.BytesPerPixel was changed to 2.
 3753878	[INFO]	XnProperty.cpp	151	Property Depth1.RequiredDataSize was changed to 153600.
 3753909	[INFO]	XnProperty.cpp	151	Property Depth1.ParamCoeff was changed to 4.
 3754010	[INFO]	XnProperty.cpp	151	Property Depth1.ShiftScale was changed to 10.
 3766470	[INFO]	XnProperty.cpp	151	Property Depth1.ConstShift was changed to 200.
 3766637	[INFO]	XnProperty.cpp	151	Property Depth1.ZPD was changed to 120.
 3766767	[INFO]	XnProperty.cpp	151	Property Depth1.ZPPS was changed to 0.104200.
 3766795	[INFO]	XnProperty.cpp	151	Property Depth1.LDDIS was changed to 7.500000.
 3766916	[INFO]	XnProperty.cpp	151	Property Depth1.Gain was changed to 30.
 3766961	[INFO]	XnDeviceBase.cpp	1458	Stream 'Depth1' was initialized.
 3766984	[INFO]	XnDeviceBase.cpp	1463	'Depth1' stream was created.
 3767220	[INFO]	XnProperty.cpp	74	Setting Depth1.InputFormat to 3...
 3767253	[INFO]	XnProperty.cpp	151	Property Depth1.InputFormat was changed to 3.
 3767276	[INFO]	XnProperty.cpp	101	Depth1.InputFormat was successfully set.
 3767959	[INFO]	XnProperty.cpp	74	Setting Depth1.RegistrationType to 2...
 3767988	[INFO]	XnProperty.cpp	151	Property Depth1.RegistrationType was changed to 2.
 3768009	[INFO]	XnProperty.cpp	101	Depth1.RegistrationType was successfully set.
 3768730	[INFO]	XnDeviceModule.cpp	431	Module 'Depth1' configuration was loaded from file.
 3768992	[INFO]	XnProperty.cpp	74	Setting Depth1.FPS to 30...
 3769017	[INFO]	XnProperty.cpp	86	Depth1.FPS value did not change.
 3769034	[INFO]	XnProperty.cpp	74	Setting Depth1.YRes to 480...
 3769054	[INFO]	XnProperty.cpp	151	Property Depth1.Resolution was changed to 1.
 3769076	[INFO]	XnProperty.cpp	151	Property Depth1.XRes was changed to 640.
 3769096	[INFO]	XnProperty.cpp	151	Property Depth1.RequiredDataSize was changed to 307200.
 3769119	[INFO]	XnProperty.cpp	151	Property Depth1.YRes was changed to 480.
 3769140	[INFO]	XnProperty.cpp	151	Property Depth1.RequiredDataSize was changed to 614400.
 3769157	[INFO]	XnProperty.cpp	101	Depth1.YRes was successfully set.
 3769176	[INFO]	XnProperty.cpp	74	Setting Depth1.XRes to 640...
 3769192	[INFO]	XnProperty.cpp	86	Depth1.XRes value did not change.
 3769253	[INFO]	XnProperty.cpp	74	Setting Depth1.Mirror to 1...
 3769277	[INFO]	XnProperty.cpp	151	Property Depth1.FirmwareMirror was changed to 1.
 3769339	[INFO]	XnProperty.cpp	151	Property Depth1.Mirror was changed to 1.
 3769360	[INFO]	XnProperty.cpp	101	Depth1.Mirror was successfully set.
 4852482	[INFO]	XnOpenNI.cpp	1261	Creating node 'User1' of type User...
 4880637	[WARNING]	Linux-x86Threads.cpp	173	Failed to set thread priority: Invalid argument
 4880672	[WARNING]	XnUSBLinux-x86.cpp	126	USB events thread: Failed to set thread priority to critical. This might cause loss of data...
 4881396	[INFO]	XnUSBLinux-x86.cpp	1222	USB read thread was started.
 4881424	[INFO]	XnProperty.cpp	151	Property Depth1.ActualReadData was changed to 1.
 5353696	[INFO]	XnProperty.cpp	151	Property Depth1.State was changed to 1.
 5353747	[INFO]	XnDeviceBase.cpp	370	Stream Depth1 is open.
 6448884	[INFO]	XnOpenNI.cpp	1261	Creating node 'Image1' of type Image...
 6448934	[INFO]	XnDeviceBase.cpp	1383	Creating stream 'Image1' of type 'Image'...
 6449151	[INFO]	XnProperty.cpp	151	Property Image1.Resolution was changed to 0.
 6449179	[INFO]	XnProperty.cpp	151	Property Image1.XRes was changed to 320.
 6449198	[INFO]	XnProperty.cpp	151	Property Image1.YRes was changed to 240.
 6449216	[INFO]	XnProperty.cpp	151	Property Image1.FPS was changed to 30.
 6449233	[INFO]	XnProperty.cpp	151	Property Image1.OutputFormat was changed to 5.
 6449255	[INFO]	XnProperty.cpp	151	Property Image1.BytesPerPixel was changed to 3.
 6449273	[INFO]	XnProperty.cpp	151	Property Image1.RequiredDataSize was changed to 230400.
 6449314	[INFO]	XnDeviceBase.cpp	1458	Stream 'Image1' was initialized.
 6449336	[INFO]	XnDeviceBase.cpp	1463	'Image1' stream was created.
 6449468	[INFO]	XnProperty.cpp	74	Setting Image1.InputFormat to 6...
 6449497	[INFO]	XnProperty.cpp	151	Property Image1.InputFormat was changed to 6.
 6449516	[INFO]	XnProperty.cpp	101	Image1.InputFormat was successfully set.
 6450125	[INFO]	XnDeviceModule.cpp	431	Module 'Image1' configuration was loaded from file.
 6450234	[INFO]	XnProperty.cpp	74	Setting Image1.FPS to 30...
 6450260	[INFO]	XnProperty.cpp	86	Image1.FPS value did not change.
 6450280	[INFO]	XnProperty.cpp	74	Setting Image1.YRes to 480...
 6450299	[INFO]	XnProperty.cpp	151	Property Image1.Resolution was changed to 1.
 6450317	[INFO]	XnProperty.cpp	151	Property Image1.XRes was changed to 640.
 6450334	[INFO]	XnProperty.cpp	151	Property Image1.RequiredDataSize was changed to 460800.
 6450355	[INFO]	XnProperty.cpp	151	Property Image1.YRes was changed to 480.
 6450373	[INFO]	XnProperty.cpp	151	Property Image1.RequiredDataSize was changed to 921600.
 6450391	[INFO]	XnProperty.cpp	101	Image1.YRes was successfully set.
 6450410	[INFO]	XnProperty.cpp	74	Setting Image1.XRes to 640...
 6450426	[INFO]	XnProperty.cpp	86	Image1.XRes value did not change.
 6451488	[INFO]	XnUSBLinux-x86.cpp	1222	USB read thread was started.
 6451531	[INFO]	XnProperty.cpp	151	Property Image1.ActualReadData was changed to 1.
 6621114	[WARNING]	XnFrameStreamProcessor.cpp	140	Depth Frame Buffer overflow! current size: 612768
 6621160	[WARNING]	XnFrameStreamProcessor.cpp	132	Depth frame is corrupt!
 6653058	[WARNING]	XnDepthProcessor.cpp	133	Read: Depth buffer is corrupt. Size is 612768 (!= 614400)
 9553870	[WARNING]	XnDepthProcessor.cpp	133	Read: Depth buffer is corrupt. Size is 573968 (!= 614400)
 9553917	[WARNING]	XnFrameStreamProcessor.cpp	132	Depth frame is corrupt!
 9653359	[INFO]	XnProperty.cpp	151	Property Image1.State was changed to 1.
 9653403	[INFO]	XnDeviceBase.cpp	370	Stream Image1 is open.
 9653582	[INFO]	XnProperty.cpp	74	Setting Depth1.Registration to 1...
 9689792	[WARNING]	XnDepthProcessor.cpp	133	Read: Depth buffer is corrupt. Size is 575168 (!= 614400)
 9689839	[WARNING]	XnFrameStreamProcessor.cpp	132	Depth frame is corrupt!
 9806095	[INFO]	XnProperty.cpp	151	Property Depth1.Registration was changed to 1.
 9806139	[INFO]	XnProperty.cpp	101	Depth1.Registration was successfully set.
 9806188	[INFO]	XnProperty.cpp	74	Setting Image1.Mirror to 1...
 9819006	[INFO]	XnProperty.cpp	151	Property Image1.FirmwareMirror was changed to 1.
 9819049	[INFO]	XnProperty.cpp	151	Property Image1.Mirror was changed to 1.
 9819096	[INFO]	XnProperty.cpp	101	Image1.Mirror was successfully set.
46415806	[INFO]	XnOpenNI.cpp	1459	Destroying node 'User1'
46423437	[INFO]	XnOpenNI.cpp	1459	Destroying node 'Depth1'
46423525	[INFO]	XnDeviceBase.cpp	1507	Destroying stream 'Depth1'...
46425272	[INFO]	XnOpenNI.cpp	1459	Destroying node 'Image1'
46425345	[INFO]	XnDeviceBase.cpp	1507	Destroying stream 'Image1'...
46426989	[INFO]	XnOpenNI.cpp	1459	Destroying node 'Device1'
