    1505	[INFO]	XnLog.cpp	165	OpenNI version is 1.0.0 (Build 25)-MacOSX (Jan  7 2011 14:20:18)
    1547	[INFO]	XnLog.cpp	173	Log system initialized. Console: 1, File: 1, Severity: INFO, Masks: ALL
    1571	[INFO]	XnLog.cpp	173	Log system initialized. Console: 1, File: 1, Severity: INFO, Masks: ALL
    2616	[INFO]	XnUSBLinux-x86.cpp	98	USB is initialized.
 1954685	[INFO]	XnOpenNI.cpp	1261	Creating node 'Device1' of type Device...
 1955391	[INFO]	XnDeviceModule.cpp	431	Module 'Device' configuration was loaded from file.
 2218357	[INFO]	XnDeviceSensorIO.cpp	135	Connected to USB device
 2218412	[INFO]	XnProperty.cpp	151	Property Device.USBPath was changed to 045e/02ae@250/10.
 2225929	[INFO]	XnHostProtocol.cpp	825	Hardware versions: FW=5.1.4 (7) HW=4 Chip=2 Sensor=4 SYS=7
 3636191	[INFO]	XnProperty.cpp	151	Property Device.ID was changed to 0.
 3636252	[INFO]	XnSensor.cpp	182	Device sensor initialized
 3636336	[INFO]	XnOpenNI.cpp	1261	Creating node 'Depth1' of type Depth...
 3636388	[INFO]	XnDeviceBase.cpp	1383	Creating stream 'Depth1' of type 'Depth'...
 3636412	[INFO]	XnProperty.cpp	74	Setting Device.ReadData to 1...
 3636453	[INFO]	XnDeviceSensorIO.cpp	298	Endpoints open
 3648544	[INFO]	XnProperty.cpp	151	Property Device.ReadData was changed to 1.
 3648593	[INFO]	XnProperty.cpp	101	Device.ReadData was successfully set.
 3649066	[INFO]	XnProperty.cpp	151	Property Depth1.Resolution was changed to 0.
 3649089	[INFO]	XnProperty.cpp	151	Property Depth1.XRes was changed to 320.
 3649106	[INFO]	XnProperty.cpp	151	Property Depth1.YRes was changed to 240.
 3649122	[INFO]	XnProperty.cpp	151	Property Depth1.FPS was changed to 30.
 3649137	[INFO]	XnProperty.cpp	151	Property Depth1.OutputFormat was changed to 1.
 3649152	[INFO]	XnProperty.cpp	151	Property Depth1.BytesPerPixel was changed to 2.
 3649167	[INFO]	XnProperty.cpp	151	Property Depth1.RequiredDataSize was changed to 153600.
 3649187	[INFO]	XnProperty.cpp	151	Property Depth1.ParamCoeff was changed to 4.
 3649254	[INFO]	XnProperty.cpp	151	Property Depth1.ShiftScale was changed to 10.
 3661667	[INFO]	XnProperty.cpp	151	Property Depth1.ConstShift was changed to 200.
 3661761	[INFO]	XnProperty.cpp	151	Property Depth1.ZPD was changed to 120.
 3661858	[INFO]	XnProperty.cpp	151	Property Depth1.ZPPS was changed to 0.104200.
 3661872	[INFO]	XnProperty.cpp	151	Property Depth1.LDDIS was changed to 7.500000.
 3661967	[INFO]	XnProperty.cpp	151	Property Depth1.Gain was changed to 30.
 3662001	[INFO]	XnDeviceBase.cpp	1458	Stream 'Depth1' was initialized.
 3662019	[INFO]	XnDeviceBase.cpp	1463	'Depth1' stream was created.
 3662183	[INFO]	XnProperty.cpp	74	Setting Depth1.InputFormat to 3...
 3662246	[INFO]	XnProperty.cpp	151	Property Depth1.InputFormat was changed to 3.
 3662269	[INFO]	XnProperty.cpp	101	Depth1.InputFormat was successfully set.
 3662954	[INFO]	XnProperty.cpp	74	Setting Depth1.RegistrationType to 2...
 3662980	[INFO]	XnProperty.cpp	151	Property Depth1.RegistrationType was changed to 2.
 3662998	[INFO]	XnProperty.cpp	101	Depth1.RegistrationType was successfully set.
 3663723	[INFO]	XnDeviceModule.cpp	431	Module 'Depth1' configuration was loaded from file.
 3663964	[INFO]	XnProperty.cpp	74	Setting Depth1.FPS to 30...
 3663987	[INFO]	XnProperty.cpp	86	Depth1.FPS value did not change.
 3664009	[INFO]	XnProperty.cpp	74	Setting Depth1.YRes to 480...
 3664031	[INFO]	XnProperty.cpp	151	Property Depth1.Resolution was changed to 1.
 3664052	[INFO]	XnProperty.cpp	151	Property Depth1.XRes was changed to 640.
 3664070	[INFO]	XnProperty.cpp	151	Property Depth1.RequiredDataSize was changed to 307200.
 3664093	[INFO]	XnProperty.cpp	151	Property Depth1.YRes was changed to 480.
 3664113	[INFO]	XnProperty.cpp	151	Property Depth1.RequiredDataSize was changed to 614400.
 3664131	[INFO]	XnProperty.cpp	101	Depth1.YRes was successfully set.
 3664151	[INFO]	XnProperty.cpp	74	Setting Depth1.XRes to 640...
 3664170	[INFO]	XnProperty.cpp	86	Depth1.XRes value did not change.
 3664231	[INFO]	XnProperty.cpp	74	Setting Depth1.Mirror to 1...
 3664255	[INFO]	XnProperty.cpp	151	Property Depth1.FirmwareMirror was changed to 1.
 3664312	[INFO]	XnProperty.cpp	151	Property Depth1.Mirror was changed to 1.
 3664332	[INFO]	XnProperty.cpp	101	Depth1.Mirror was successfully set.
 4760572	[INFO]	XnOpenNI.cpp	1261	Creating node 'User1' of type User...
 4786521	[WARNING]	Linux-x86Threads.cpp	173	Failed to set thread priority: Invalid argument
 4786570	[WARNING]	XnUSBLinux-x86.cpp	126	USB events thread: Failed to set thread priority to critical. This might cause loss of data...
 4787426	[INFO]	XnUSBLinux-x86.cpp	1222	USB read thread was started.
 4787456	[INFO]	XnProperty.cpp	151	Property Depth1.ActualReadData was changed to 1.
 5259153	[INFO]	XnProperty.cpp	151	Property Depth1.State was changed to 1.
 5259194	[INFO]	XnDeviceBase.cpp	370	Stream Depth1 is open.
 7197216	[INFO]	XnOpenNI.cpp	1261	Creating node 'Image1' of type Image...
 7197269	[INFO]	XnDeviceBase.cpp	1383	Creating stream 'Image1' of type 'Image'...
 7197438	[INFO]	XnProperty.cpp	151	Property Image1.Resolution was changed to 0.
 7197457	[INFO]	XnProperty.cpp	151	Property Image1.XRes was changed to 320.
 7197471	[INFO]	XnProperty.cpp	151	Property Image1.YRes was changed to 240.
 7197483	[INFO]	XnProperty.cpp	151	Property Image1.FPS was changed to 30.
 7197495	[INFO]	XnProperty.cpp	151	Property Image1.OutputFormat was changed to 5.
 7197507	[INFO]	XnProperty.cpp	151	Property Image1.BytesPerPixel was changed to 3.
 7197519	[INFO]	XnProperty.cpp	151	Property Image1.RequiredDataSize was changed to 230400.
 7197546	[INFO]	XnDeviceBase.cpp	1458	Stream 'Image1' was initialized.
 7197559	[INFO]	XnDeviceBase.cpp	1463	'Image1' stream was created.
 7197666	[INFO]	XnProperty.cpp	74	Setting Image1.InputFormat to 6...
 7197687	[INFO]	XnProperty.cpp	151	Property Image1.InputFormat was changed to 6.
 7197700	[INFO]	XnProperty.cpp	101	Image1.InputFormat was successfully set.
 7198107	[INFO]	XnDeviceModule.cpp	431	Module 'Image1' configuration was loaded from file.
 7198190	[INFO]	XnProperty.cpp	74	Setting Image1.FPS to 30...
 7198206	[INFO]	XnProperty.cpp	86	Image1.FPS value did not change.
 7198217	[INFO]	XnProperty.cpp	74	Setting Image1.YRes to 480...
 7198229	[INFO]	XnProperty.cpp	151	Property Image1.Resolution was changed to 1.
 7198241	[INFO]	XnProperty.cpp	151	Property Image1.XRes was changed to 640.
 7198253	[INFO]	XnProperty.cpp	151	Property Image1.RequiredDataSize was changed to 460800.
 7198266	[INFO]	XnProperty.cpp	151	Property Image1.YRes was changed to 480.
 7198277	[INFO]	XnProperty.cpp	151	Property Image1.RequiredDataSize was changed to 921600.
 7198295	[INFO]	XnProperty.cpp	101	Image1.YRes was successfully set.
 7198313	[INFO]	XnProperty.cpp	74	Setting Image1.XRes to 640...
 7198328	[INFO]	XnProperty.cpp	86	Image1.XRes value did not change.
 7199141	[INFO]	XnUSBLinux-x86.cpp	1222	USB read thread was started.
 7199174	[INFO]	XnProperty.cpp	151	Property Image1.ActualReadData was changed to 1.
 7359411	[WARNING]	XnDepthProcessor.cpp	133	Read: Depth buffer is corrupt. Size is 594048 (!= 614400)
 7359456	[WARNING]	XnFrameStreamProcessor.cpp	132	Depth frame is corrupt!
 7391387	[WARNING]	XnDepthProcessor.cpp	133	Read: Depth buffer is corrupt. Size is 573168 (!= 614400)
 7391433	[WARNING]	XnFrameStreamProcessor.cpp	132	Depth frame is corrupt!
10296074	[WARNING]	XnDepthProcessor.cpp	133	Read: Depth buffer is corrupt. Size is 596320 (!= 614400)
10296121	[WARNING]	XnFrameStreamProcessor.cpp	132	Depth frame is corrupt!
10400746	[INFO]	XnProperty.cpp	151	Property Image1.State was changed to 1.
10400794	[INFO]	XnDeviceBase.cpp	370	Stream Image1 is open.
10400998	[INFO]	XnProperty.cpp	74	Setting Depth1.Registration to 1...
10428110	[WARNING]	XnDepthProcessor.cpp	133	Read: Depth buffer is corrupt. Size is 591712 (!= 614400)
10428166	[WARNING]	XnFrameStreamProcessor.cpp	132	Depth frame is corrupt!
10553149	[INFO]	XnProperty.cpp	151	Property Depth1.Registration was changed to 1.
10553191	[INFO]	XnProperty.cpp	101	Depth1.Registration was successfully set.
10553239	[INFO]	XnProperty.cpp	74	Setting Image1.Mirror to 1...
10565502	[INFO]	XnProperty.cpp	151	Property Image1.FirmwareMirror was changed to 1.
10565589	[INFO]	XnProperty.cpp	151	Property Image1.Mirror was changed to 1.
10565606	[INFO]	XnProperty.cpp	101	Image1.Mirror was successfully set.
70136518	[INFO]	XnOpenNI.cpp	1459	Destroying node 'User1'
70144345	[INFO]	XnOpenNI.cpp	1459	Destroying node 'Depth1'
70144436	[INFO]	XnDeviceBase.cpp	1507	Destroying stream 'Depth1'...
70146068	[INFO]	XnOpenNI.cpp	1459	Destroying node 'Image1'
70146130	[INFO]	XnDeviceBase.cpp	1507	Destroying stream 'Image1'...
70147197	[INFO]	XnOpenNI.cpp	1459	Destroying node 'Device1'
