    1721	[INFO]	XnLog.cpp	165	OpenNI version is 1.0.0 (Build 25)-MacOSX (Jan  7 2011 14:20:18)
    1775	[INFO]	XnLog.cpp	173	Log system initialized. Console: 1, File: 1, Severity: INFO, Masks: ALL
    1810	[INFO]	XnLog.cpp	173	Log system initialized. Console: 1, File: 1, Severity: INFO, Masks: ALL
    3127	[INFO]	XnUSBLinux-x86.cpp	98	USB is initialized.
 1954712	[INFO]	XnOpenNI.cpp	1261	Creating node 'Device1' of type Device...
 1955488	[INFO]	XnDeviceModule.cpp	431	Module 'Device' configuration was loaded from file.
 2219511	[INFO]	XnDeviceSensorIO.cpp	135	Connected to USB device
 2219564	[INFO]	XnProperty.cpp	151	Property Device.USBPath was changed to 045e/02ae@250/10.
 2227003	[INFO]	XnHostProtocol.cpp	825	Hardware versions: FW=5.1.4 (7) HW=4 Chip=2 Sensor=4 SYS=7
 3741665	[INFO]	XnProperty.cpp	151	Property Device.ID was changed to 0.
 3741719	[INFO]	XnSensor.cpp	182	Device sensor initialized
 3741799	[INFO]	XnOpenNI.cpp	1261	Creating node 'Depth1' of type Depth...
 3741837	[INFO]	XnDeviceBase.cpp	1383	Creating stream 'Depth1' of type 'Depth'...
 3741854	[INFO]	XnProperty.cpp	74	Setting Device.ReadData to 1...
 3741885	[INFO]	XnDeviceSensorIO.cpp	298	Endpoints open
 3754378	[INFO]	XnProperty.cpp	151	Property Device.ReadData was changed to 1.
 3754416	[INFO]	XnProperty.cpp	101	Device.ReadData was successfully set.
 3754762	[INFO]	XnProperty.cpp	151	Property Depth1.Resolution was changed to 0.
 3754782	[INFO]	XnProperty.cpp	151	Property Depth1.XRes was changed to 320.
 3754795	[INFO]	XnProperty.cpp	151	Property Depth1.YRes was changed to 240.
 3754807	[INFO]	XnProperty.cpp	151	Property Depth1.FPS was changed to 30.
 3754818	[INFO]	XnProperty.cpp	151	Property Depth1.OutputFormat was changed to 1.
 3754830	[INFO]	XnProperty.cpp	151	Property Depth1.BytesPerPixel was changed to 2.
 3754846	[INFO]	XnProperty.cpp	151	Property Depth1.RequiredDataSize was changed to 153600.
 3754885	[INFO]	XnProperty.cpp	151	Property Depth1.ParamCoeff was changed to 4.
 3754952	[INFO]	XnProperty.cpp	151	Property Depth1.ShiftScale was changed to 10.
 3767163	[INFO]	XnProperty.cpp	151	Property Depth1.ConstShift was changed to 200.
 3767271	[INFO]	XnProperty.cpp	151	Property Depth1.ZPD was changed to 120.
 3767388	[INFO]	XnProperty.cpp	151	Property Depth1.ZPPS was changed to 0.104200.
 3767411	[INFO]	XnProperty.cpp	151	Property Depth1.LDDIS was changed to 7.500000.
 3767635	[INFO]	XnProperty.cpp	151	Property Depth1.Gain was changed to 30.
 3767683	[INFO]	XnDeviceBase.cpp	1458	Stream 'Depth1' was initialized.
 3767704	[INFO]	XnDeviceBase.cpp	1463	'Depth1' stream was created.
 3767910	[INFO]	XnProperty.cpp	74	Setting Depth1.InputFormat to 3...
 3767941	[INFO]	XnProperty.cpp	151	Property Depth1.InputFormat was changed to 3.
 3767959	[INFO]	XnProperty.cpp	101	Depth1.InputFormat was successfully set.
 3768624	[INFO]	XnProperty.cpp	74	Setting Depth1.RegistrationType to 2...
 3768653	[INFO]	XnProperty.cpp	151	Property Depth1.RegistrationType was changed to 2.
 3768672	[INFO]	XnProperty.cpp	101	Depth1.RegistrationType was successfully set.
 3769372	[INFO]	XnDeviceModule.cpp	431	Module 'Depth1' configuration was loaded from file.
 3769626	[INFO]	XnProperty.cpp	74	Setting Depth1.FPS to 30...
 3769649	[INFO]	XnProperty.cpp	86	Depth1.FPS value did not change.
 3769672	[INFO]	XnProperty.cpp	74	Setting Depth1.YRes to 480...
 3769694	[INFO]	XnProperty.cpp	151	Property Depth1.Resolution was changed to 1.
 3769715	[INFO]	XnProperty.cpp	151	Property Depth1.XRes was changed to 640.
 3769735	[INFO]	XnProperty.cpp	151	Property Depth1.RequiredDataSize was changed to 307200.
 3769759	[INFO]	XnProperty.cpp	151	Property Depth1.YRes was changed to 480.
 3769780	[INFO]	XnProperty.cpp	151	Property Depth1.RequiredDataSize was changed to 614400.
 3769802	[INFO]	XnProperty.cpp	101	Depth1.YRes was successfully set.
 3769823	[INFO]	XnProperty.cpp	74	Setting Depth1.XRes to 640...
 3769842	[INFO]	XnProperty.cpp	86	Depth1.XRes value did not change.
 3769905	[INFO]	XnProperty.cpp	74	Setting Depth1.Mirror to 1...
 3769931	[INFO]	XnProperty.cpp	151	Property Depth1.FirmwareMirror was changed to 1.
 3769991	[INFO]	XnProperty.cpp	151	Property Depth1.Mirror was changed to 1.
 3770013	[INFO]	XnProperty.cpp	101	Depth1.Mirror was successfully set.
 4857466	[INFO]	XnOpenNI.cpp	1261	Creating node 'User1' of type User...
 4881156	[WARNING]	Linux-x86Threads.cpp	173	Failed to set thread priority: Invalid argument
 4881202	[WARNING]	XnUSBLinux-x86.cpp	126	USB events thread: Failed to set thread priority to critical. This might cause loss of data...
 4881966	[INFO]	XnUSBLinux-x86.cpp	1222	USB read thread was started.
 4881990	[INFO]	XnProperty.cpp	151	Property Depth1.ActualReadData was changed to 1.
 5352960	[INFO]	XnProperty.cpp	151	Property Depth1.State was changed to 1.
 5352992	[INFO]	XnDeviceBase.cpp	370	Stream Depth1 is open.
 7288826	[INFO]	XnOpenNI.cpp	1261	Creating node 'Image1' of type Image...
 7288878	[INFO]	XnDeviceBase.cpp	1383	Creating stream 'Image1' of type 'Image'...
 7289102	[INFO]	XnProperty.cpp	151	Property Image1.Resolution was changed to 0.
 7289128	[INFO]	XnProperty.cpp	151	Property Image1.XRes was changed to 320.
 7289148	[INFO]	XnProperty.cpp	151	Property Image1.YRes was changed to 240.
 7289168	[INFO]	XnProperty.cpp	151	Property Image1.FPS was changed to 30.
 7289185	[INFO]	XnProperty.cpp	151	Property Image1.OutputFormat was changed to 5.
 7289201	[INFO]	XnProperty.cpp	151	Property Image1.BytesPerPixel was changed to 3.
 7289219	[INFO]	XnProperty.cpp	151	Property Image1.RequiredDataSize was changed to 230400.
 7289257	[INFO]	XnDeviceBase.cpp	1458	Stream 'Image1' was initialized.
 7289278	[INFO]	XnDeviceBase.cpp	1463	'Image1' stream was created.
 7289411	[INFO]	XnProperty.cpp	74	Setting Image1.InputFormat to 6...
 7289441	[INFO]	XnProperty.cpp	151	Property Image1.InputFormat was changed to 6.
 7289462	[INFO]	XnProperty.cpp	101	Image1.InputFormat was successfully set.
 7290055	[INFO]	XnDeviceModule.cpp	431	Module 'Image1' configuration was loaded from file.
 7290176	[INFO]	XnProperty.cpp	74	Setting Image1.FPS to 30...
 7290202	[INFO]	XnProperty.cpp	86	Image1.FPS value did not change.
 7290224	[INFO]	XnProperty.cpp	74	Setting Image1.YRes to 480...
 7290244	[INFO]	XnProperty.cpp	151	Property Image1.Resolution was changed to 1.
 7290266	[INFO]	XnProperty.cpp	151	Property Image1.XRes was changed to 640.
 7290285	[INFO]	XnProperty.cpp	151	Property Image1.RequiredDataSize was changed to 460800.
 7290308	[INFO]	XnProperty.cpp	151	Property Image1.YRes was changed to 480.
 7290328	[INFO]	XnProperty.cpp	151	Property Image1.RequiredDataSize was changed to 921600.
 7290349	[INFO]	XnProperty.cpp	101	Image1.YRes was successfully set.
 7290371	[INFO]	XnProperty.cpp	74	Setting Image1.XRes to 640...
 7290389	[INFO]	XnProperty.cpp	86	Image1.XRes value did not change.
 7291443	[INFO]	XnUSBLinux-x86.cpp	1222	USB read thread was started.
 7291488	[INFO]	XnProperty.cpp	151	Property Image1.ActualReadData was changed to 1.
 7350193	[WARNING]	XnDepthProcessor.cpp	133	Read: Depth buffer is corrupt. Size is 593280 (!= 614400)
 7350239	[WARNING]	XnFrameStreamProcessor.cpp	132	Depth frame is corrupt!
 7486154	[WARNING]	XnDepthProcessor.cpp	133	Read: Depth buffer is corrupt. Size is 562704 (!= 614400)
 7486201	[WARNING]	XnFrameStreamProcessor.cpp	132	Depth frame is corrupt!
10492667	[INFO]	XnProperty.cpp	151	Property Image1.State was changed to 1.
10492719	[INFO]	XnDeviceBase.cpp	370	Stream Image1 is open.
10492881	[INFO]	XnProperty.cpp	74	Setting Depth1.Registration to 1...
10526823	[WARNING]	XnDepthProcessor.cpp	133	Read: Depth buffer is corrupt. Size is 601696 (!= 614400)
10526871	[WARNING]	XnFrameStreamProcessor.cpp	132	Depth frame is corrupt!
10554830	[WARNING]	XnDepthProcessor.cpp	133	Read: Depth buffer is corrupt. Size is 0 (!= 614400)
10644162	[INFO]	XnProperty.cpp	151	Property Depth1.Registration was changed to 1.
10644216	[INFO]	XnProperty.cpp	101	Depth1.Registration was successfully set.
10644278	[INFO]	XnProperty.cpp	74	Setting Image1.Mirror to 1...
10656668	[INFO]	XnProperty.cpp	151	Property Image1.FirmwareMirror was changed to 1.
10656710	[INFO]	XnProperty.cpp	151	Property Image1.Mirror was changed to 1.
10656722	[INFO]	XnProperty.cpp	101	Image1.Mirror was successfully set.
24317365	[INFO]	XnOpenNI.cpp	1459	Destroying node 'User1'
24326411	[INFO]	XnOpenNI.cpp	1459	Destroying node 'Depth1'
24326501	[INFO]	XnDeviceBase.cpp	1507	Destroying stream 'Depth1'...
24328040	[INFO]	XnOpenNI.cpp	1459	Destroying node 'Image1'
24328098	[INFO]	XnDeviceBase.cpp	1507	Destroying stream 'Image1'...
24329126	[INFO]	XnOpenNI.cpp	1459	Destroying node 'Device1'
