    2321	[INFO]	XnLog.cpp	165	OpenNI version is 1.0.0 (Build 25)-MacOSX (Jan  7 2011 14:20:18)
    2404	[INFO]	XnLog.cpp	173	Log system initialized. Console: 1, File: 1, Severity: INFO, Masks: ALL
    2445	[INFO]	XnLog.cpp	173	Log system initialized. Console: 1, File: 1, Severity: INFO, Masks: ALL
    3983	[INFO]	XnUSBLinux-x86.cpp	98	USB is initialized.
 1597452	[INFO]	XnOpenNI.cpp	1261	Creating node 'Device1' of type Device...
 1598230	[INFO]	XnDeviceModule.cpp	431	Module 'Device' configuration was loaded from file.
 1809288	[INFO]	XnDeviceSensorIO.cpp	135	Connected to USB device
 1809346	[INFO]	XnProperty.cpp	151	Property Device.USBPath was changed to 045e/02ae@253/8.
 1817383	[INFO]	XnHostProtocol.cpp	825	Hardware versions: FW=5.1.4 (7) HW=4 Chip=2 Sensor=4 SYS=7
 3223390	[INFO]	XnProperty.cpp	151	Property Device.ID was changed to 0.
 3223458	[INFO]	XnSensor.cpp	182	Device sensor initialized
 3223564	[INFO]	XnOpenNI.cpp	1261	Creating node 'Depth1' of type Depth...
 3223636	[INFO]	XnDeviceBase.cpp	1383	Creating stream 'Depth1' of type 'Depth'...
 3223660	[INFO]	XnProperty.cpp	74	Setting Device.ReadData to 1...
 3223702	[INFO]	XnDeviceSensorIO.cpp	298	Endpoints open
 3236138	[INFO]	XnProperty.cpp	151	Property Device.ReadData was changed to 1.
 3236185	[INFO]	XnProperty.cpp	101	Device.ReadData was successfully set.
 3236542	[INFO]	XnProperty.cpp	151	Property Depth1.Resolution was changed to 0.
 3236564	[INFO]	XnProperty.cpp	151	Property Depth1.XRes was changed to 320.
 3236585	[INFO]	XnProperty.cpp	151	Property Depth1.YRes was changed to 240.
 3236606	[INFO]	XnProperty.cpp	151	Property Depth1.FPS was changed to 30.
 3236625	[INFO]	XnProperty.cpp	151	Property Depth1.OutputFormat was changed to 1.
 3236643	[INFO]	XnProperty.cpp	151	Property Depth1.BytesPerPixel was changed to 2.
 3236661	[INFO]	XnProperty.cpp	151	Property Depth1.RequiredDataSize was changed to 153600.
 3236684	[INFO]	XnProperty.cpp	151	Property Depth1.ParamCoeff was changed to 4.
 3236750	[INFO]	XnProperty.cpp	151	Property Depth1.ShiftScale was changed to 10.
 3249035	[INFO]	XnProperty.cpp	151	Property Depth1.ConstShift was changed to 200.
 3249118	[INFO]	XnProperty.cpp	151	Property Depth1.ZPD was changed to 120.
 3249226	[INFO]	XnProperty.cpp	151	Property Depth1.ZPPS was changed to 0.104200.
 3249244	[INFO]	XnProperty.cpp	151	Property Depth1.LDDIS was changed to 7.500000.
 3249329	[INFO]	XnProperty.cpp	151	Property Depth1.Gain was changed to 30.
 3249355	[INFO]	XnDeviceBase.cpp	1458	Stream 'Depth1' was initialized.
 3249369	[INFO]	XnDeviceBase.cpp	1463	'Depth1' stream was created.
 3249513	[INFO]	XnProperty.cpp	74	Setting Depth1.InputFormat to 3...
 3249534	[INFO]	XnProperty.cpp	151	Property Depth1.InputFormat was changed to 3.
 3249546	[INFO]	XnProperty.cpp	101	Depth1.InputFormat was successfully set.
 3250003	[INFO]	XnProperty.cpp	74	Setting Depth1.RegistrationType to 2...
 3250021	[INFO]	XnProperty.cpp	151	Property Depth1.RegistrationType was changed to 2.
 3250033	[INFO]	XnProperty.cpp	101	Depth1.RegistrationType was successfully set.
 3250486	[INFO]	XnDeviceModule.cpp	431	Module 'Depth1' configuration was loaded from file.
 3250665	[INFO]	XnProperty.cpp	74	Setting Depth1.FPS to 30...
 3250681	[INFO]	XnProperty.cpp	86	Depth1.FPS value did not change.
 3250693	[INFO]	XnProperty.cpp	74	Setting Depth1.YRes to 480...
 3250707	[INFO]	XnProperty.cpp	151	Property Depth1.Resolution was changed to 1.
 3250720	[INFO]	XnProperty.cpp	151	Property Depth1.XRes was changed to 640.
 3250732	[INFO]	XnProperty.cpp	151	Property Depth1.RequiredDataSize was changed to 307200.
 3250746	[INFO]	XnProperty.cpp	151	Property Depth1.YRes was changed to 480.
 3250758	[INFO]	XnProperty.cpp	151	Property Depth1.RequiredDataSize was changed to 614400.
 3250771	[INFO]	XnProperty.cpp	101	Depth1.YRes was successfully set.
 3250783	[INFO]	XnProperty.cpp	74	Setting Depth1.XRes to 640...
 3250794	[INFO]	XnProperty.cpp	86	Depth1.XRes value did not change.
 3250836	[INFO]	XnProperty.cpp	74	Setting Depth1.Mirror to 1...
 3250854	[INFO]	XnProperty.cpp	151	Property Depth1.FirmwareMirror was changed to 1.
 3250910	[INFO]	XnProperty.cpp	151	Property Depth1.Mirror was changed to 1.
 3250927	[INFO]	XnProperty.cpp	101	Depth1.Mirror was successfully set.
 4845220	[INFO]	XnOpenNI.cpp	1261	Creating node 'User1' of type User...
 4870855	[WARNING]	Linux-x86Threads.cpp	173	Failed to set thread priority: Invalid argument
 4870900	[WARNING]	XnUSBLinux-x86.cpp	126	USB events thread: Failed to set thread priority to critical. This might cause loss of data...
 4871795	[INFO]	XnUSBLinux-x86.cpp	1222	USB read thread was started.
 4871824	[INFO]	XnProperty.cpp	151	Property Depth1.ActualReadData was changed to 1.
 5342223	[INFO]	XnProperty.cpp	151	Property Depth1.State was changed to 1.
 5342268	[INFO]	XnDeviceBase.cpp	370	Stream Depth1 is open.
 6917493	[INFO]	XnOpenNI.cpp	1261	Creating node 'Image1' of type Image...
 6917544	[INFO]	XnDeviceBase.cpp	1383	Creating stream 'Image1' of type 'Image'...
 6917736	[INFO]	XnProperty.cpp	151	Property Image1.Resolution was changed to 0.
 6917756	[INFO]	XnProperty.cpp	151	Property Image1.XRes was changed to 320.
 6917774	[INFO]	XnProperty.cpp	151	Property Image1.YRes was changed to 240.
 6917794	[INFO]	XnProperty.cpp	151	Property Image1.FPS was changed to 30.
 6917812	[INFO]	XnProperty.cpp	151	Property Image1.OutputFormat was changed to 5.
 6917830	[INFO]	XnProperty.cpp	151	Property Image1.BytesPerPixel was changed to 3.
 6917845	[INFO]	XnProperty.cpp	151	Property Image1.RequiredDataSize was changed to 230400.
 6917881	[INFO]	XnDeviceBase.cpp	1458	Stream 'Image1' was initialized.
 6917896	[INFO]	XnDeviceBase.cpp	1463	'Image1' stream was created.
 6918020	[INFO]	XnProperty.cpp	74	Setting Image1.InputFormat to 6...
 6918046	[INFO]	XnProperty.cpp	151	Property Image1.InputFormat was changed to 6.
 6918066	[INFO]	XnProperty.cpp	101	Image1.InputFormat was successfully set.
 6918488	[INFO]	XnDeviceModule.cpp	431	Module 'Image1' configuration was loaded from file.
 6918579	[INFO]	XnProperty.cpp	74	Setting Image1.FPS to 30...
 6918597	[INFO]	XnProperty.cpp	86	Image1.FPS value did not change.
 6918609	[INFO]	XnProperty.cpp	74	Setting Image1.YRes to 480...
 6918621	[INFO]	XnProperty.cpp	151	Property Image1.Resolution was changed to 1.
 6918633	[INFO]	XnProperty.cpp	151	Property Image1.XRes was changed to 640.
 6918645	[INFO]	XnProperty.cpp	151	Property Image1.RequiredDataSize was changed to 460800.
 6918658	[INFO]	XnProperty.cpp	151	Property Image1.YRes was changed to 480.
 6918670	[INFO]	XnProperty.cpp	151	Property Image1.RequiredDataSize was changed to 921600.
 6918682	[INFO]	XnProperty.cpp	101	Image1.YRes was successfully set.
 6918695	[INFO]	XnProperty.cpp	74	Setting Image1.XRes to 640...
 6918706	[INFO]	XnProperty.cpp	86	Image1.XRes value did not change.
 6919731	[INFO]	XnUSBLinux-x86.cpp	1222	USB read thread was started.
 6919765	[INFO]	XnProperty.cpp	151	Property Image1.ActualReadData was changed to 1.
 7107107	[WARNING]	XnDepthProcessor.cpp	133	Read: Depth buffer is corrupt. Size is 554976 (!= 614400)
 7107151	[WARNING]	XnFrameStreamProcessor.cpp	132	Depth frame is corrupt!
10120337	[INFO]	XnProperty.cpp	151	Property Image1.State was changed to 1.
10120379	[INFO]	XnDeviceBase.cpp	370	Stream Image1 is open.
10120563	[INFO]	XnProperty.cpp	74	Setting Depth1.Registration to 1...
10272466	[INFO]	XnProperty.cpp	151	Property Depth1.Registration was changed to 1.
10272512	[INFO]	XnProperty.cpp	101	Depth1.Registration was successfully set.
10272575	[INFO]	XnProperty.cpp	74	Setting Image1.Mirror to 1...
10285226	[INFO]	XnProperty.cpp	151	Property Image1.FirmwareMirror was changed to 1.
10285269	[INFO]	XnProperty.cpp	151	Property Image1.Mirror was changed to 1.
10285282	[INFO]	XnProperty.cpp	101	Image1.Mirror was successfully set.
110805076	[INFO]	XnOpenNI.cpp	1459	Destroying node 'User1'
110812742	[INFO]	XnOpenNI.cpp	1459	Destroying node 'Depth1'
110812837	[INFO]	XnDeviceBase.cpp	1507	Destroying stream 'Depth1'...
110814245	[INFO]	XnOpenNI.cpp	1459	Destroying node 'Image1'
110814296	[INFO]	XnDeviceBase.cpp	1507	Destroying stream 'Image1'...
110815344	[INFO]	XnOpenNI.cpp	1459	Destroying node 'Device1'
