    1507	[INFO]	XnLog.cpp	165	OpenNI version is 1.0.0 (Build 25)-MacOSX (Jan  7 2011 14:20:18)
    1545	[INFO]	XnLog.cpp	173	Log system initialized. Console: 1, File: 1, Severity: INFO, Masks: ALL
    1569	[INFO]	XnLog.cpp	173	Log system initialized. Console: 1, File: 1, Severity: INFO, Masks: ALL
    2619	[INFO]	XnUSBLinux-x86.cpp	98	USB is initialized.
 1951156	[INFO]	XnOpenNI.cpp	1261	Creating node 'Device1' of type Device...
 1951944	[INFO]	XnDeviceModule.cpp	431	Module 'Device' configuration was loaded from file.
 2216499	[INFO]	XnDeviceSensorIO.cpp	135	Connected to USB device
 2216550	[INFO]	XnProperty.cpp	151	Property Device.USBPath was changed to 045e/02ae@250/10.
 2223988	[INFO]	XnHostProtocol.cpp	825	Hardware versions: FW=5.1.4 (7) HW=4 Chip=2 Sensor=4 SYS=7
 3730895	[INFO]	XnProperty.cpp	151	Property Device.ID was changed to 0.
 3730984	[INFO]	XnSensor.cpp	182	Device sensor initialized
 3731146	[INFO]	XnOpenNI.cpp	1261	Creating node 'Depth1' of type Depth...
 3731218	[INFO]	XnDeviceBase.cpp	1383	Creating stream 'Depth1' of type 'Depth'...
 3731251	[INFO]	XnProperty.cpp	74	Setting Device.ReadData to 1...
 3731303	[INFO]	XnDeviceSensorIO.cpp	298	Endpoints open
 3743718	[INFO]	XnProperty.cpp	151	Property Device.ReadData was changed to 1.
 3743759	[INFO]	XnProperty.cpp	101	Device.ReadData was successfully set.
 3744205	[INFO]	XnProperty.cpp	151	Property Depth1.Resolution was changed to 0.
 3744234	[INFO]	XnProperty.cpp	151	Property Depth1.XRes was changed to 320.
 3744260	[INFO]	XnProperty.cpp	151	Property Depth1.YRes was changed to 240.
 3744286	[INFO]	XnProperty.cpp	151	Property Depth1.FPS was changed to 30.
 3744312	[INFO]	XnProperty.cpp	151	Property Depth1.OutputFormat was changed to 1.
 3744340	[INFO]	XnProperty.cpp	151	Property Depth1.BytesPerPixel was changed to 2.
 3744362	[INFO]	XnProperty.cpp	151	Property Depth1.RequiredDataSize was changed to 153600.
 3744389	[INFO]	XnProperty.cpp	151	Property Depth1.ParamCoeff was changed to 4.
 3744472	[INFO]	XnProperty.cpp	151	Property Depth1.ShiftScale was changed to 10.
 3756945	[INFO]	XnProperty.cpp	151	Property Depth1.ConstShift was changed to 200.
 3757053	[INFO]	XnProperty.cpp	151	Property Depth1.ZPD was changed to 120.
 3757162	[INFO]	XnProperty.cpp	151	Property Depth1.ZPPS was changed to 0.104200.
 3757182	[INFO]	XnProperty.cpp	151	Property Depth1.LDDIS was changed to 7.500000.
 3757273	[INFO]	XnProperty.cpp	151	Property Depth1.Gain was changed to 30.
 3757305	[INFO]	XnDeviceBase.cpp	1458	Stream 'Depth1' was initialized.
 3757319	[INFO]	XnDeviceBase.cpp	1463	'Depth1' stream was created.
 3757482	[INFO]	XnProperty.cpp	74	Setting Depth1.InputFormat to 3...
 3757505	[INFO]	XnProperty.cpp	151	Property Depth1.InputFormat was changed to 3.
 3757518	[INFO]	XnProperty.cpp	101	Depth1.InputFormat was successfully set.
 3757952	[INFO]	XnProperty.cpp	74	Setting Depth1.RegistrationType to 2...
 3757968	[INFO]	XnProperty.cpp	151	Property Depth1.RegistrationType was changed to 2.
 3757980	[INFO]	XnProperty.cpp	101	Depth1.RegistrationType was successfully set.
 3758438	[INFO]	XnDeviceModule.cpp	431	Module 'Depth1' configuration was loaded from file.
 3758616	[INFO]	XnProperty.cpp	74	Setting Depth1.FPS to 30...
 3758633	[INFO]	XnProperty.cpp	86	Depth1.FPS value did not change.
 3758645	[INFO]	XnProperty.cpp	74	Setting Depth1.YRes to 480...
 3758659	[INFO]	XnProperty.cpp	151	Property Depth1.Resolution was changed to 1.
 3758672	[INFO]	XnProperty.cpp	151	Property Depth1.XRes was changed to 640.
 3758683	[INFO]	XnProperty.cpp	151	Property Depth1.RequiredDataSize was changed to 307200.
 3758698	[INFO]	XnProperty.cpp	151	Property Depth1.YRes was changed to 480.
 3758710	[INFO]	XnProperty.cpp	151	Property Depth1.RequiredDataSize was changed to 614400.
 3758723	[INFO]	XnProperty.cpp	101	Depth1.YRes was successfully set.
 3758736	[INFO]	XnProperty.cpp	74	Setting Depth1.XRes to 640...
 3758747	[INFO]	XnProperty.cpp	86	Depth1.XRes value did not change.
 3758789	[INFO]	XnProperty.cpp	74	Setting Depth1.Mirror to 1...
 3758804	[INFO]	XnProperty.cpp	151	Property Depth1.FirmwareMirror was changed to 1.
 3758847	[INFO]	XnProperty.cpp	151	Property Depth1.Mirror was changed to 1.
 3758858	[INFO]	XnProperty.cpp	101	Depth1.Mirror was successfully set.
 4838606	[INFO]	XnOpenNI.cpp	1261	Creating node 'User1' of type User...
 4866630	[WARNING]	Linux-x86Threads.cpp	173	Failed to set thread priority: Invalid argument
 4866681	[WARNING]	XnUSBLinux-x86.cpp	126	USB events thread: Failed to set thread priority to critical. This might cause loss of data...
 4867610	[INFO]	XnUSBLinux-x86.cpp	1222	USB read thread was started.
 4867650	[INFO]	XnProperty.cpp	151	Property Depth1.ActualReadData was changed to 1.
 5339213	[INFO]	XnProperty.cpp	151	Property Depth1.State was changed to 1.
 5339254	[INFO]	XnDeviceBase.cpp	370	Stream Depth1 is open.
 6431928	[INFO]	XnOpenNI.cpp	1261	Creating node 'Image1' of type Image...
 6431979	[INFO]	XnDeviceBase.cpp	1383	Creating stream 'Image1' of type 'Image'...
 6432236	[INFO]	XnProperty.cpp	151	Property Image1.Resolution was changed to 0.
 6432259	[INFO]	XnProperty.cpp	151	Property Image1.XRes was changed to 320.
 6432273	[INFO]	XnProperty.cpp	151	Property Image1.YRes was changed to 240.
 6432285	[INFO]	XnProperty.cpp	151	Property Image1.FPS was changed to 30.
 6432296	[INFO]	XnProperty.cpp	151	Property Image1.OutputFormat was changed to 5.
 6432307	[INFO]	XnProperty.cpp	151	Property Image1.BytesPerPixel was changed to 3.
 6432320	[INFO]	XnProperty.cpp	151	Property Image1.RequiredDataSize was changed to 230400.
 6432348	[INFO]	XnDeviceBase.cpp	1458	Stream 'Image1' was initialized.
 6432362	[INFO]	XnDeviceBase.cpp	1463	'Image1' stream was created.
 6432466	[INFO]	XnProperty.cpp	74	Setting Image1.InputFormat to 6...
 6432487	[INFO]	XnProperty.cpp	151	Property Image1.InputFormat was changed to 6.
 6432500	[INFO]	XnProperty.cpp	101	Image1.InputFormat was successfully set.
 6433068	[INFO]	XnDeviceModule.cpp	431	Module 'Image1' configuration was loaded from file.
 6433181	[INFO]	XnProperty.cpp	74	Setting Image1.FPS to 30...
 6433201	[INFO]	XnProperty.cpp	86	Image1.FPS value did not change.
 6433216	[INFO]	XnProperty.cpp	74	Setting Image1.YRes to 480...
 6433234	[INFO]	XnProperty.cpp	151	Property Image1.Resolution was changed to 1.
 6433252	[INFO]	XnProperty.cpp	151	Property Image1.XRes was changed to 640.
 6433269	[INFO]	XnProperty.cpp	151	Property Image1.RequiredDataSize was changed to 460800.
 6433289	[INFO]	XnProperty.cpp	151	Property Image1.YRes was changed to 480.
 6433307	[INFO]	XnProperty.cpp	151	Property Image1.RequiredDataSize was changed to 921600.
 6433325	[INFO]	XnProperty.cpp	101	Image1.YRes was successfully set.
 6433343	[INFO]	XnProperty.cpp	74	Setting Image1.XRes to 640...
 6433360	[INFO]	XnProperty.cpp	86	Image1.XRes value did not change.
 6434278	[INFO]	XnUSBLinux-x86.cpp	1222	USB read thread was started.
 6434317	[INFO]	XnProperty.cpp	151	Property Image1.ActualReadData was changed to 1.
 6604145	[WARNING]	XnDepthProcessor.cpp	133	Read: Depth buffer is corrupt. Size is 576288 (!= 614400)
 6604191	[WARNING]	XnFrameStreamProcessor.cpp	132	Depth frame is corrupt!
 6636186	[WARNING]	XnDepthProcessor.cpp	133	Read: Depth buffer is corrupt. Size is 549456 (!= 614400)
 6636233	[WARNING]	XnFrameStreamProcessor.cpp	132	Depth frame is corrupt!
 9508856	[WARNING]	XnDepthProcessor.cpp	133	Read: Depth buffer is corrupt. Size is 594176 (!= 614400)
 9508899	[WARNING]	XnFrameStreamProcessor.cpp	132	Depth frame is corrupt!
 9540851	[WARNING]	XnDepthProcessor.cpp	133	Read: Depth buffer is corrupt. Size is 589568 (!= 614400)
 9540900	[WARNING]	XnFrameStreamProcessor.cpp	132	Depth frame is corrupt!
 9636877	[INFO]	XnProperty.cpp	151	Property Image1.State was changed to 1.
 9636927	[INFO]	XnDeviceBase.cpp	370	Stream Image1 is open.
 9637132	[INFO]	XnProperty.cpp	74	Setting Depth1.Registration to 1...
 9672885	[WARNING]	XnDepthProcessor.cpp	133	Read: Depth buffer is corrupt. Size is 589648 (!= 614400)
 9672939	[WARNING]	XnFrameStreamProcessor.cpp	132	Depth frame is corrupt!
 9789235	[INFO]	XnProperty.cpp	151	Property Depth1.Registration was changed to 1.
 9789269	[INFO]	XnProperty.cpp	101	Depth1.Registration was successfully set.
 9789340	[INFO]	XnProperty.cpp	74	Setting Image1.Mirror to 1...
 9801967	[INFO]	XnProperty.cpp	151	Property Image1.FirmwareMirror was changed to 1.
 9802011	[INFO]	XnProperty.cpp	151	Property Image1.Mirror was changed to 1.
 9802023	[INFO]	XnProperty.cpp	101	Image1.Mirror was successfully set.
32944194	[INFO]	XnOpenNI.cpp	1459	Destroying node 'User1'
32951996	[INFO]	XnOpenNI.cpp	1459	Destroying node 'Depth1'
32952086	[INFO]	XnDeviceBase.cpp	1507	Destroying stream 'Depth1'...
32953551	[INFO]	XnOpenNI.cpp	1459	Destroying node 'Image1'
32953612	[INFO]	XnDeviceBase.cpp	1507	Destroying stream 'Image1'...
32954638	[INFO]	XnOpenNI.cpp	1459	Destroying node 'Device1'
