    1687	[INFO]	XnLog.cpp	165	OpenNI version is 1.0.0 (Build 25)-MacOSX (Jan  7 2011 14:20:18)
    1740	[INFO]	XnLog.cpp	173	Log system initialized. Console: 1, File: 1, Severity: INFO, Masks: ALL
    1773	[INFO]	XnLog.cpp	173	Log system initialized. Console: 1, File: 1, Severity: INFO, Masks: ALL
    2962	[INFO]	XnUSBLinux-x86.cpp	98	USB is initialized.
 1592818	[INFO]	XnOpenNI.cpp	1261	Creating node 'Device1' of type Device...
 1594107	[INFO]	XnDeviceModule.cpp	431	Module 'Device' configuration was loaded from file.
 1807935	[INFO]	XnDeviceSensorIO.cpp	135	Connected to USB device
 1807989	[INFO]	XnProperty.cpp	151	Property Device.USBPath was changed to 045e/02ae@253/8.
 1815797	[INFO]	XnHostProtocol.cpp	825	Hardware versions: FW=5.1.4 (7) HW=4 Chip=2 Sensor=4 SYS=7
 3220835	[INFO]	XnProperty.cpp	151	Property Device.ID was changed to 0.
 3220912	[INFO]	XnSensor.cpp	182	Device sensor initialized
 3221019	[INFO]	XnOpenNI.cpp	1261	Creating node 'Depth1' of type Depth...
 3221073	[INFO]	XnDeviceBase.cpp	1383	Creating stream 'Depth1' of type 'Depth'...
 3221097	[INFO]	XnProperty.cpp	74	Setting Device.ReadData to 1...
 3221137	[INFO]	XnDeviceSensorIO.cpp	298	Endpoints open
 3233554	[INFO]	XnProperty.cpp	151	Property Device.ReadData was changed to 1.
 3233596	[INFO]	XnProperty.cpp	101	Device.ReadData was successfully set.
 3233962	[INFO]	XnProperty.cpp	151	Property Depth1.Resolution was changed to 0.
 3233986	[INFO]	XnProperty.cpp	151	Property Depth1.XRes was changed to 320.
 3234006	[INFO]	XnProperty.cpp	151	Property Depth1.YRes was changed to 240.
 3234027	[INFO]	XnProperty.cpp	151	Property Depth1.FPS was changed to 30.
 3234046	[INFO]	XnProperty.cpp	151	Property Depth1.OutputFormat was changed to 1.
 3234066	[INFO]	XnProperty.cpp	151	Property Depth1.BytesPerPixel was changed to 2.
 3234085	[INFO]	XnProperty.cpp	151	Property Depth1.RequiredDataSize was changed to 153600.
 3234110	[INFO]	XnProperty.cpp	151	Property Depth1.ParamCoeff was changed to 4.
 3234177	[INFO]	XnProperty.cpp	151	Property Depth1.ShiftScale was changed to 10.
 3246614	[INFO]	XnProperty.cpp	151	Property Depth1.ConstShift was changed to 200.
 3246726	[INFO]	XnProperty.cpp	151	Property Depth1.ZPD was changed to 120.
 3246841	[INFO]	XnProperty.cpp	151	Property Depth1.ZPPS was changed to 0.104200.
 3246867	[INFO]	XnProperty.cpp	151	Property Depth1.LDDIS was changed to 7.500000.
 3246997	[INFO]	XnProperty.cpp	151	Property Depth1.Gain was changed to 30.
 3247057	[INFO]	XnDeviceBase.cpp	1458	Stream 'Depth1' was initialized.
 3247081	[INFO]	XnDeviceBase.cpp	1463	'Depth1' stream was created.
 3247286	[INFO]	XnProperty.cpp	74	Setting Depth1.InputFormat to 3...
 3247319	[INFO]	XnProperty.cpp	151	Property Depth1.InputFormat was changed to 3.
 3247340	[INFO]	XnProperty.cpp	101	Depth1.InputFormat was successfully set.
 3248193	[INFO]	XnProperty.cpp	74	Setting Depth1.RegistrationType to 2...
 3248238	[INFO]	XnProperty.cpp	151	Property Depth1.RegistrationType was changed to 2.
 3248272	[INFO]	XnProperty.cpp	101	Depth1.RegistrationType was successfully set.
 3248840	[INFO]	XnDeviceModule.cpp	431	Module 'Depth1' configuration was loaded from file.
 3249011	[INFO]	XnProperty.cpp	74	Setting Depth1.FPS to 30...
 3249031	[INFO]	XnProperty.cpp	86	Depth1.FPS value did not change.
 3249043	[INFO]	XnProperty.cpp	74	Setting Depth1.YRes to 480...
 3249058	[INFO]	XnProperty.cpp	151	Property Depth1.Resolution was changed to 1.
 3249071	[INFO]	XnProperty.cpp	151	Property Depth1.XRes was changed to 640.
 3249084	[INFO]	XnProperty.cpp	151	Property Depth1.RequiredDataSize was changed to 307200.
 3249099	[INFO]	XnProperty.cpp	151	Property Depth1.YRes was changed to 480.
 3249111	[INFO]	XnProperty.cpp	151	Property Depth1.RequiredDataSize was changed to 614400.
 3249124	[INFO]	XnProperty.cpp	101	Depth1.YRes was successfully set.
 3249136	[INFO]	XnProperty.cpp	74	Setting Depth1.XRes to 640...
 3249148	[INFO]	XnProperty.cpp	86	Depth1.XRes value did not change.
 3249193	[INFO]	XnProperty.cpp	74	Setting Depth1.Mirror to 1...
 3249208	[INFO]	XnProperty.cpp	151	Property Depth1.FirmwareMirror was changed to 1.
 3249257	[INFO]	XnProperty.cpp	151	Property Depth1.Mirror was changed to 1.
 3249269	[INFO]	XnProperty.cpp	101	Depth1.Mirror was successfully set.
 5261617	[INFO]	XnOpenNI.cpp	1261	Creating node 'User1' of type User...
 5288477	[WARNING]	Linux-x86Threads.cpp	173	Failed to set thread priority: Invalid argument
 5288532	[WARNING]	XnUSBLinux-x86.cpp	126	USB events thread: Failed to set thread priority to critical. This might cause loss of data...
 5289445	[INFO]	XnUSBLinux-x86.cpp	1222	USB read thread was started.
 5289507	[INFO]	XnProperty.cpp	151	Property Depth1.ActualReadData was changed to 1.
 5759969	[INFO]	XnProperty.cpp	151	Property Depth1.State was changed to 1.
 5760012	[INFO]	XnDeviceBase.cpp	370	Stream Depth1 is open.
 8183390	[INFO]	XnOpenNI.cpp	1261	Creating node 'Image1' of type Image...
 8183456	[INFO]	XnDeviceBase.cpp	1383	Creating stream 'Image1' of type 'Image'...
 8183681	[INFO]	XnProperty.cpp	151	Property Image1.Resolution was changed to 0.
 8183702	[INFO]	XnProperty.cpp	151	Property Image1.XRes was changed to 320.
 8183716	[INFO]	XnProperty.cpp	151	Property Image1.YRes was changed to 240.
 8183728	[INFO]	XnProperty.cpp	151	Property Image1.FPS was changed to 30.
 8183739	[INFO]	XnProperty.cpp	151	Property Image1.OutputFormat was changed to 5.
 8183750	[INFO]	XnProperty.cpp	151	Property Image1.BytesPerPixel was changed to 3.
 8183763	[INFO]	XnProperty.cpp	151	Property Image1.RequiredDataSize was changed to 230400.
 8183791	[INFO]	XnDeviceBase.cpp	1458	Stream 'Image1' was initialized.
 8183805	[INFO]	XnDeviceBase.cpp	1463	'Image1' stream was created.
 8183917	[INFO]	XnProperty.cpp	74	Setting Image1.InputFormat to 6...
 8183938	[INFO]	XnProperty.cpp	151	Property Image1.InputFormat was changed to 6.
 8183950	[INFO]	XnProperty.cpp	101	Image1.InputFormat was successfully set.
 8184360	[INFO]	XnDeviceModule.cpp	431	Module 'Image1' configuration was loaded from file.
 8184455	[INFO]	XnProperty.cpp	74	Setting Image1.FPS to 30...
 8184472	[INFO]	XnProperty.cpp	86	Image1.FPS value did not change.
 8184483	[INFO]	XnProperty.cpp	74	Setting Image1.YRes to 480...
 8184495	[INFO]	XnProperty.cpp	151	Property Image1.Resolution was changed to 1.
 8184507	[INFO]	XnProperty.cpp	151	Property Image1.XRes was changed to 640.
 8184520	[INFO]	XnProperty.cpp	151	Property Image1.RequiredDataSize was changed to 460800.
 8184533	[INFO]	XnProperty.cpp	151	Property Image1.YRes was changed to 480.
 8184545	[INFO]	XnProperty.cpp	151	Property Image1.RequiredDataSize was changed to 921600.
 8184557	[INFO]	XnProperty.cpp	101	Image1.YRes was successfully set.
 8184570	[INFO]	XnProperty.cpp	74	Setting Image1.XRes to 640...
 8184580	[INFO]	XnProperty.cpp	86	Image1.XRes value did not change.
 8185540	[INFO]	XnUSBLinux-x86.cpp	1222	USB read thread was started.
 8185588	[INFO]	XnProperty.cpp	151	Property Image1.ActualReadData was changed to 1.
 8361583	[WARNING]	XnDepthProcessor.cpp	133	Read: Depth buffer is corrupt. Size is 548304 (!= 614400)
 8361634	[WARNING]	XnFrameStreamProcessor.cpp	132	Depth frame is corrupt!
 8393586	[WARNING]	XnDepthProcessor.cpp	133	Read: Depth buffer is corrupt. Size is 0 (!= 614400)
11261714	[WARNING]	XnDepthProcessor.cpp	133	Read: Depth buffer is corrupt. Size is 595008 (!= 614400)
11261753	[WARNING]	XnFrameStreamProcessor.cpp	132	Depth frame is corrupt!
11385689	[INFO]	XnProperty.cpp	151	Property Image1.State was changed to 1.
11385735	[INFO]	XnDeviceBase.cpp	370	Stream Image1 is open.
11385936	[INFO]	XnProperty.cpp	74	Setting Depth1.Registration to 1...
11429706	[WARNING]	XnDepthProcessor.cpp	133	Read: Depth buffer is corrupt. Size is 590688 (!= 614400)
11429763	[WARNING]	XnFrameStreamProcessor.cpp	132	Depth frame is corrupt!
11537099	[INFO]	XnProperty.cpp	151	Property Depth1.Registration was changed to 1.
11537142	[INFO]	XnProperty.cpp	101	Depth1.Registration was successfully set.
11537187	[INFO]	XnProperty.cpp	74	Setting Image1.Mirror to 1...
11549725	[INFO]	XnProperty.cpp	151	Property Image1.FirmwareMirror was changed to 1.
11549773	[INFO]	XnProperty.cpp	151	Property Image1.Mirror was changed to 1.
11549786	[INFO]	XnProperty.cpp	101	Image1.Mirror was successfully set.
157732561	[INFO]	XnOpenNI.cpp	1459	Destroying node 'User1'
157741817	[INFO]	XnOpenNI.cpp	1459	Destroying node 'Depth1'
157741917	[INFO]	XnDeviceBase.cpp	1507	Destroying stream 'Depth1'...
157743265	[INFO]	XnOpenNI.cpp	1459	Destroying node 'Image1'
157743332	[INFO]	XnDeviceBase.cpp	1507	Destroying stream 'Image1'...
157744430	[INFO]	XnOpenNI.cpp	1459	Destroying node 'Device1'
