    2065	[INFO]	XnLog.cpp	165	OpenNI version is 1.0.0 (Build 25)-MacOSX (Jan  7 2011 14:20:18)
    2166	[INFO]	XnLog.cpp	173	Log system initialized. Console: 1, File: 1, Severity: INFO, Masks: ALL
    2200	[INFO]	XnLog.cpp	173	Log system initialized. Console: 1, File: 1, Severity: INFO, Masks: ALL
    3551	[INFO]	XnUSBLinux-x86.cpp	98	USB is initialized.
 1618084	[INFO]	XnOpenNI.cpp	1261	Creating node 'Device1' of type Device...
 1619614	[INFO]	XnDeviceModule.cpp	431	Module 'Device' configuration was loaded from file.
 1830095	[INFO]	XnDeviceSensorIO.cpp	135	Connected to USB device
 1830149	[INFO]	XnProperty.cpp	151	Property Device.USBPath was changed to 045e/02ae@253/8.
 1837450	[INFO]	XnHostProtocol.cpp	825	Hardware versions: FW=5.1.4 (7) HW=4 Chip=2 Sensor=4 SYS=7
 3243393	[INFO]	XnProperty.cpp	151	Property Device.ID was changed to 0.
 3243473	[INFO]	XnSensor.cpp	182	Device sensor initialized
 3243614	[INFO]	XnOpenNI.cpp	1261	Creating node 'Depth1' of type Depth...
 3243692	[INFO]	XnDeviceBase.cpp	1383	Creating stream 'Depth1' of type 'Depth'...
 3243749	[INFO]	XnProperty.cpp	74	Setting Device.ReadData to 1...
 3243812	[INFO]	XnDeviceSensorIO.cpp	298	Endpoints open
 3256174	[INFO]	XnProperty.cpp	151	Property Device.ReadData was changed to 1.
 3256232	[INFO]	XnProperty.cpp	101	Device.ReadData was successfully set.
 3256817	[INFO]	XnProperty.cpp	151	Property Depth1.Resolution was changed to 0.
 3256852	[INFO]	XnProperty.cpp	151	Property Depth1.XRes was changed to 320.
 3256880	[INFO]	XnProperty.cpp	151	Property Depth1.YRes was changed to 240.
 3256911	[INFO]	XnProperty.cpp	151	Property Depth1.FPS was changed to 30.
 3256940	[INFO]	XnProperty.cpp	151	Property Depth1.OutputFormat was changed to 1.
 3256965	[INFO]	XnProperty.cpp	151	Property Depth1.BytesPerPixel was changed to 2.
 3256992	[INFO]	XnProperty.cpp	151	Property Depth1.RequiredDataSize was changed to 153600.
 3257028	[INFO]	XnProperty.cpp	151	Property Depth1.ParamCoeff was changed to 4.
 3257130	[INFO]	XnProperty.cpp	151	Property Depth1.ShiftScale was changed to 10.
 3269414	[INFO]	XnProperty.cpp	151	Property Depth1.ConstShift was changed to 200.
 3269516	[INFO]	XnProperty.cpp	151	Property Depth1.ZPD was changed to 120.
 3269644	[INFO]	XnProperty.cpp	151	Property Depth1.ZPPS was changed to 0.104200.
 3269668	[INFO]	XnProperty.cpp	151	Property Depth1.LDDIS was changed to 7.500000.
 3269787	[INFO]	XnProperty.cpp	151	Property Depth1.Gain was changed to 30.
 3269834	[INFO]	XnDeviceBase.cpp	1458	Stream 'Depth1' was initialized.
 3269856	[INFO]	XnDeviceBase.cpp	1463	'Depth1' stream was created.
 3270031	[INFO]	XnProperty.cpp	74	Setting Depth1.InputFormat to 3...
 3270054	[INFO]	XnProperty.cpp	151	Property Depth1.InputFormat was changed to 3.
 3270071	[INFO]	XnProperty.cpp	101	Depth1.InputFormat was successfully set.
 3270516	[INFO]	XnProperty.cpp	74	Setting Depth1.RegistrationType to 2...
 3270534	[INFO]	XnProperty.cpp	151	Property Depth1.RegistrationType was changed to 2.
 3270545	[INFO]	XnProperty.cpp	101	Depth1.RegistrationType was successfully set.
 3271053	[INFO]	XnDeviceModule.cpp	431	Module 'Depth1' configuration was loaded from file.
 3271241	[INFO]	XnProperty.cpp	74	Setting Depth1.FPS to 30...
 3271265	[INFO]	XnProperty.cpp	86	Depth1.FPS value did not change.
 3271288	[INFO]	XnProperty.cpp	74	Setting Depth1.YRes to 480...
 3271332	[INFO]	XnProperty.cpp	151	Property Depth1.Resolution was changed to 1.
 3271355	[INFO]	XnProperty.cpp	151	Property Depth1.XRes was changed to 640.
 3271371	[INFO]	XnProperty.cpp	151	Property Depth1.RequiredDataSize was changed to 307200.
 3271388	[INFO]	XnProperty.cpp	151	Property Depth1.YRes was changed to 480.
 3271402	[INFO]	XnProperty.cpp	151	Property Depth1.RequiredDataSize was changed to 614400.
 3271417	[INFO]	XnProperty.cpp	101	Depth1.YRes was successfully set.
 3271433	[INFO]	XnProperty.cpp	74	Setting Depth1.XRes to 640...
 3271446	[INFO]	XnProperty.cpp	86	Depth1.XRes value did not change.
 3271504	[INFO]	XnProperty.cpp	74	Setting Depth1.Mirror to 1...
 3271522	[INFO]	XnProperty.cpp	151	Property Depth1.FirmwareMirror was changed to 1.
 3271579	[INFO]	XnProperty.cpp	151	Property Depth1.Mirror was changed to 1.
 3271595	[INFO]	XnProperty.cpp	101	Depth1.Mirror was successfully set.
 4015872	[INFO]	XnOpenNI.cpp	1261	Creating node 'User1' of type User...
 4040931	[WARNING]	Linux-x86Threads.cpp	173	Failed to set thread priority: Invalid argument
 4040976	[WARNING]	XnUSBLinux-x86.cpp	126	USB events thread: Failed to set thread priority to critical. This might cause loss of data...
 4041793	[INFO]	XnUSBLinux-x86.cpp	1222	USB read thread was started.
 4041820	[INFO]	XnProperty.cpp	151	Property Depth1.ActualReadData was changed to 1.
 4512223	[INFO]	XnProperty.cpp	151	Property Depth1.State was changed to 1.
 4512266	[INFO]	XnDeviceBase.cpp	370	Stream Depth1 is open.
 5077794	[WARNING]	XnDepthProcessor.cpp	133	Read: Depth buffer is corrupt. Size is 602912 (!= 614400)
 5077836	[WARNING]	XnFrameStreamProcessor.cpp	132	Depth frame is corrupt!
 5233777	[INFO]	XnOpenNI.cpp	1261	Creating node 'Image1' of type Image...
 5233838	[INFO]	XnDeviceBase.cpp	1383	Creating stream 'Image1' of type 'Image'...
 5234067	[INFO]	XnProperty.cpp	151	Property Image1.Resolution was changed to 0.
 5234095	[INFO]	XnProperty.cpp	151	Property Image1.XRes was changed to 320.
 5234114	[INFO]	XnProperty.cpp	151	Property Image1.YRes was changed to 240.
 5234132	[INFO]	XnProperty.cpp	151	Property Image1.FPS was changed to 30.
 5234151	[INFO]	XnProperty.cpp	151	Property Image1.OutputFormat was changed to 5.
 5234172	[INFO]	XnProperty.cpp	151	Property Image1.BytesPerPixel was changed to 3.
 5234191	[INFO]	XnProperty.cpp	151	Property Image1.RequiredDataSize was changed to 230400.
 5234233	[INFO]	XnDeviceBase.cpp	1458	Stream 'Image1' was initialized.
 5234255	[INFO]	XnDeviceBase.cpp	1463	'Image1' stream was created.
 5234393	[INFO]	XnProperty.cpp	74	Setting Image1.InputFormat to 6...
 5234423	[INFO]	XnProperty.cpp	151	Property Image1.InputFormat was changed to 6.
 5234444	[INFO]	XnProperty.cpp	101	Image1.InputFormat was successfully set.
 5235060	[INFO]	XnDeviceModule.cpp	431	Module 'Image1' configuration was loaded from file.
 5235164	[INFO]	XnProperty.cpp	74	Setting Image1.FPS to 30...
 5235187	[INFO]	XnProperty.cpp	86	Image1.FPS value did not change.
 5235206	[INFO]	XnProperty.cpp	74	Setting Image1.YRes to 480...
 5235225	[INFO]	XnProperty.cpp	151	Property Image1.Resolution was changed to 1.
 5235242	[INFO]	XnProperty.cpp	151	Property Image1.XRes was changed to 640.
 5235257	[INFO]	XnProperty.cpp	151	Property Image1.RequiredDataSize was changed to 460800.
 5235273	[INFO]	XnProperty.cpp	151	Property Image1.YRes was changed to 480.
 5235287	[INFO]	XnProperty.cpp	151	Property Image1.RequiredDataSize was changed to 921600.
 5235307	[INFO]	XnProperty.cpp	101	Image1.YRes was successfully set.
 5235327	[INFO]	XnProperty.cpp	74	Setting Image1.XRes to 640...
 5235344	[INFO]	XnProperty.cpp	86	Image1.XRes value did not change.
 5236434	[INFO]	XnUSBLinux-x86.cpp	1222	USB read thread was started.
 5236478	[INFO]	XnProperty.cpp	151	Property Image1.ActualReadData was changed to 1.
 5409822	[WARNING]	XnDepthProcessor.cpp	133	Read: Depth buffer is corrupt. Size is 593040 (!= 614400)
 5409869	[WARNING]	XnFrameStreamProcessor.cpp	132	Depth frame is corrupt!
 8436822	[INFO]	XnProperty.cpp	151	Property Image1.State was changed to 1.
 8436864	[INFO]	XnDeviceBase.cpp	370	Stream Image1 is open.
 8437068	[INFO]	XnProperty.cpp	74	Setting Depth1.Registration to 1...
 8589063	[INFO]	XnProperty.cpp	151	Property Depth1.Registration was changed to 1.
 8589102	[INFO]	XnProperty.cpp	101	Depth1.Registration was successfully set.
 8589147	[INFO]	XnProperty.cpp	74	Setting Image1.Mirror to 1...
 8601577	[INFO]	XnProperty.cpp	151	Property Image1.FirmwareMirror was changed to 1.
 8601642	[INFO]	XnProperty.cpp	151	Property Image1.Mirror was changed to 1.
 8601662	[INFO]	XnProperty.cpp	101	Image1.Mirror was successfully set.
22896673	[INFO]	XnOpenNI.cpp	1459	Destroying node 'User1'
22905481	[INFO]	XnOpenNI.cpp	1459	Destroying node 'Depth1'
22905613	[INFO]	XnDeviceBase.cpp	1507	Destroying stream 'Depth1'...
22907299	[INFO]	XnOpenNI.cpp	1459	Destroying node 'Image1'
22907391	[INFO]	XnDeviceBase.cpp	1507	Destroying stream 'Image1'...
22908192	[INFO]	XnOpenNI.cpp	1459	Destroying node 'Device1'
