    1857	[INFO]	XnLog.cpp	165	OpenNI version is 1.0.0 (Build 25)-MacOSX (Jan  7 2011 14:20:18)
    1915	[INFO]	XnLog.cpp	173	Log system initialized. Console: 1, File: 1, Severity: INFO, Masks: ALL
    1952	[INFO]	XnLog.cpp	173	Log system initialized. Console: 1, File: 1, Severity: INFO, Masks: ALL
    3542	[INFO]	XnUSBLinux-x86.cpp	98	USB is initialized.
 2916586	[INFO]	XnOpenNI.cpp	1261	Creating node 'Device1' of type Device...
 2917966	[INFO]	XnDeviceModule.cpp	431	Module 'Device' configuration was loaded from file.
 3241360	[INFO]	XnDeviceSensorIO.cpp	135	Connected to USB device
 3241419	[INFO]	XnProperty.cpp	151	Property Device.USBPath was changed to 045e/02ae@253/8.
 3249216	[INFO]	XnHostProtocol.cpp	825	Hardware versions: FW=5.1.4 (7) HW=4 Chip=2 Sensor=4 SYS=7
 4660342	[INFO]	XnProperty.cpp	151	Property Device.ID was changed to 0.
 4660435	[INFO]	XnSensor.cpp	182	Device sensor initialized
 4660634	[INFO]	XnOpenNI.cpp	1261	Creating node 'Depth1' of type Depth...
 4660716	[INFO]	XnDeviceBase.cpp	1383	Creating stream 'Depth1' of type 'Depth'...
 4660760	[INFO]	XnProperty.cpp	74	Setting Device.ReadData to 1...
 4660838	[INFO]	XnDeviceSensorIO.cpp	298	Endpoints open
 4673210	[INFO]	XnProperty.cpp	151	Property Device.ReadData was changed to 1.
 4673269	[INFO]	XnProperty.cpp	101	Device.ReadData was successfully set.
 4673930	[INFO]	XnProperty.cpp	151	Property Depth1.Resolution was changed to 0.
 4673966	[INFO]	XnProperty.cpp	151	Property Depth1.XRes was changed to 320.
 4673988	[INFO]	XnProperty.cpp	151	Property Depth1.YRes was changed to 240.
 4674008	[INFO]	XnProperty.cpp	151	Property Depth1.FPS was changed to 30.
 4674028	[INFO]	XnProperty.cpp	151	Property Depth1.OutputFormat was changed to 1.
 4674047	[INFO]	XnProperty.cpp	151	Property Depth1.BytesPerPixel was changed to 2.
 4674068	[INFO]	XnProperty.cpp	151	Property Depth1.RequiredDataSize was changed to 153600.
 4674093	[INFO]	XnProperty.cpp	151	Property Depth1.ParamCoeff was changed to 4.
 4674186	[INFO]	XnProperty.cpp	151	Property Depth1.ShiftScale was changed to 10.
 4686666	[INFO]	XnProperty.cpp	151	Property Depth1.ConstShift was changed to 200.
 4686780	[INFO]	XnProperty.cpp	151	Property Depth1.ZPD was changed to 120.
 4686917	[INFO]	XnProperty.cpp	151	Property Depth1.ZPPS was changed to 0.104200.
 4686947	[INFO]	XnProperty.cpp	151	Property Depth1.LDDIS was changed to 7.500000.
 4687088	[INFO]	XnProperty.cpp	151	Property Depth1.Gain was changed to 30.
 4687136	[INFO]	XnDeviceBase.cpp	1458	Stream 'Depth1' was initialized.
 4687161	[INFO]	XnDeviceBase.cpp	1463	'Depth1' stream was created.
 4687399	[INFO]	XnProperty.cpp	74	Setting Depth1.InputFormat to 3...
 4687435	[INFO]	XnProperty.cpp	151	Property Depth1.InputFormat was changed to 3.
 4687458	[INFO]	XnProperty.cpp	101	Depth1.InputFormat was successfully set.
 4688222	[INFO]	XnProperty.cpp	74	Setting Depth1.RegistrationType to 2...
 4688250	[INFO]	XnProperty.cpp	151	Property Depth1.RegistrationType was changed to 2.
 4688271	[INFO]	XnProperty.cpp	101	Depth1.RegistrationType was successfully set.
 4688876	[INFO]	XnDeviceModule.cpp	431	Module 'Depth1' configuration was loaded from file.
 4689070	[INFO]	XnProperty.cpp	74	Setting Depth1.FPS to 30...
 4689089	[INFO]	XnProperty.cpp	86	Depth1.FPS value did not change.
 4689103	[INFO]	XnProperty.cpp	74	Setting Depth1.YRes to 480...
 4689118	[INFO]	XnProperty.cpp	151	Property Depth1.Resolution was changed to 1.
 4689133	[INFO]	XnProperty.cpp	151	Property Depth1.XRes was changed to 640.
 4689146	[INFO]	XnProperty.cpp	151	Property Depth1.RequiredDataSize was changed to 307200.
 4689161	[INFO]	XnProperty.cpp	151	Property Depth1.YRes was changed to 480.
 4689177	[INFO]	XnProperty.cpp	151	Property Depth1.RequiredDataSize was changed to 614400.
 4689189	[INFO]	XnProperty.cpp	101	Depth1.YRes was successfully set.
 4689201	[INFO]	XnProperty.cpp	74	Setting Depth1.XRes to 640...
 4689212	[INFO]	XnProperty.cpp	86	Depth1.XRes value did not change.
 4689254	[INFO]	XnProperty.cpp	74	Setting Depth1.Mirror to 1...
 4689269	[INFO]	XnProperty.cpp	151	Property Depth1.FirmwareMirror was changed to 1.
 4689312	[INFO]	XnProperty.cpp	151	Property Depth1.Mirror was changed to 1.
 4689324	[INFO]	XnProperty.cpp	101	Depth1.Mirror was successfully set.
 7183705	[INFO]	XnOpenNI.cpp	1261	Creating node 'User1' of type User...
 7208831	[WARNING]	Linux-x86Threads.cpp	173	Failed to set thread priority: Invalid argument
 7208877	[WARNING]	XnUSBLinux-x86.cpp	126	USB events thread: Failed to set thread priority to critical. This might cause loss of data...
 7209599	[INFO]	XnUSBLinux-x86.cpp	1222	USB read thread was started.
 7209622	[INFO]	XnProperty.cpp	151	Property Depth1.ActualReadData was changed to 1.
 7679827	[INFO]	XnProperty.cpp	151	Property Depth1.State was changed to 1.
 7679878	[INFO]	XnDeviceBase.cpp	370	Stream Depth1 is open.
10982326	[INFO]	XnOpenNI.cpp	1261	Creating node 'Image1' of type Image...
10982377	[INFO]	XnDeviceBase.cpp	1383	Creating stream 'Image1' of type 'Image'...
10982560	[INFO]	XnProperty.cpp	151	Property Image1.Resolution was changed to 0.
10982578	[INFO]	XnProperty.cpp	151	Property Image1.XRes was changed to 320.
10982592	[INFO]	XnProperty.cpp	151	Property Image1.YRes was changed to 240.
10982603	[INFO]	XnProperty.cpp	151	Property Image1.FPS was changed to 30.
10982614	[INFO]	XnProperty.cpp	151	Property Image1.OutputFormat was changed to 5.
10982626	[INFO]	XnProperty.cpp	151	Property Image1.BytesPerPixel was changed to 3.
10982640	[INFO]	XnProperty.cpp	151	Property Image1.RequiredDataSize was changed to 230400.
10982678	[INFO]	XnDeviceBase.cpp	1458	Stream 'Image1' was initialized.
10982698	[INFO]	XnDeviceBase.cpp	1463	'Image1' stream was created.
10982814	[INFO]	XnProperty.cpp	74	Setting Image1.InputFormat to 6...
10982841	[INFO]	XnProperty.cpp	151	Property Image1.InputFormat was changed to 6.
10982857	[INFO]	XnProperty.cpp	101	Image1.InputFormat was successfully set.
10983418	[INFO]	XnDeviceModule.cpp	431	Module 'Image1' configuration was loaded from file.
10983520	[INFO]	XnProperty.cpp	74	Setting Image1.FPS to 30...
10983539	[INFO]	XnProperty.cpp	86	Image1.FPS value did not change.
10983553	[INFO]	XnProperty.cpp	74	Setting Image1.YRes to 480...
10983569	[INFO]	XnProperty.cpp	151	Property Image1.Resolution was changed to 1.
10983584	[INFO]	XnProperty.cpp	151	Property Image1.XRes was changed to 640.
10983599	[INFO]	XnProperty.cpp	151	Property Image1.RequiredDataSize was changed to 460800.
10983616	[INFO]	XnProperty.cpp	151	Property Image1.YRes was changed to 480.
10983632	[INFO]	XnProperty.cpp	151	Property Image1.RequiredDataSize was changed to 921600.
10983649	[INFO]	XnProperty.cpp	101	Image1.YRes was successfully set.
10983664	[INFO]	XnProperty.cpp	74	Setting Image1.XRes to 640...
10983677	[INFO]	XnProperty.cpp	86	Image1.XRes value did not change.
10984698	[INFO]	XnUSBLinux-x86.cpp	1222	USB read thread was started.
10984739	[INFO]	XnProperty.cpp	151	Property Image1.ActualReadData was changed to 1.
11181085	[WARNING]	XnDepthProcessor.cpp	133	Read: Depth buffer is corrupt. Size is 548608 (!= 614400)
11181134	[WARNING]	XnFrameStreamProcessor.cpp	132	Depth frame is corrupt!
14085182	[WARNING]	XnDepthProcessor.cpp	133	Read: Depth buffer is corrupt. Size is 596400 (!= 614400)
14085228	[WARNING]	XnFrameStreamProcessor.cpp	132	Depth frame is corrupt!
14185417	[INFO]	XnProperty.cpp	151	Property Image1.State was changed to 1.
14185460	[INFO]	XnDeviceBase.cpp	370	Stream Image1 is open.
14185650	[INFO]	XnProperty.cpp	74	Setting Depth1.Registration to 1...
14337678	[INFO]	XnProperty.cpp	151	Property Depth1.Registration was changed to 1.
14337720	[INFO]	XnProperty.cpp	101	Depth1.Registration was successfully set.
14337768	[INFO]	XnProperty.cpp	74	Setting Image1.Mirror to 1...
14350099	[INFO]	XnProperty.cpp	151	Property Image1.FirmwareMirror was changed to 1.
14350141	[INFO]	XnProperty.cpp	151	Property Image1.Mirror was changed to 1.
14350154	[INFO]	XnProperty.cpp	101	Image1.Mirror was successfully set.
