    1613	[INFO]	XnLog.cpp	165	OpenNI version is 1.0.0 (Build 25)-MacOSX (Jan  7 2011 14:20:18)
    1670	[INFO]	XnLog.cpp	173	Log system initialized. Console: 1, File: 1, Severity: INFO, Masks: ALL
    1703	[INFO]	XnLog.cpp	173	Log system initialized. Console: 1, File: 1, Severity: INFO, Masks: ALL
    2969	[INFO]	XnUSBLinux-x86.cpp	98	USB is initialized.
 4648152	[INFO]	XnOpenNI.cpp	1261	Creating node 'Device1' of type Device...
 4649097	[INFO]	XnDeviceModule.cpp	431	Module 'Device' configuration was loaded from file.
 5306011	[INFO]	XnDeviceSensorIO.cpp	135	Connected to USB device
 5306064	[INFO]	XnProperty.cpp	151	Property Device.USBPath was changed to 045e/02ae@253/8.
 5313242	[INFO]	XnHostProtocol.cpp	825	Hardware versions: FW=5.1.4 (7) HW=4 Chip=2 Sensor=4 SYS=7
 6722254	[INFO]	XnProperty.cpp	151	Property Device.ID was changed to 0.
 6722308	[INFO]	XnSensor.cpp	182	Device sensor initialized
 6722392	[INFO]	XnOpenNI.cpp	1261	Creating node 'Depth1' of type Depth...
 6722432	[INFO]	XnDeviceBase.cpp	1383	Creating stream 'Depth1' of type 'Depth'...
 6722449	[INFO]	XnProperty.cpp	74	Setting Device.ReadData to 1...
 6722479	[INFO]	XnDeviceSensorIO.cpp	298	Endpoints open
 6734896	[INFO]	XnProperty.cpp	151	Property Device.ReadData was changed to 1.
 6734938	[INFO]	XnProperty.cpp	101	Device.ReadData was successfully set.
 6735380	[INFO]	XnProperty.cpp	151	Property Depth1.Resolution was changed to 0.
 6735407	[INFO]	XnProperty.cpp	151	Property Depth1.XRes was changed to 320.
 6735427	[INFO]	XnProperty.cpp	151	Property Depth1.YRes was changed to 240.
 6735447	[INFO]	XnProperty.cpp	151	Property Depth1.FPS was changed to 30.
 6735466	[INFO]	XnProperty.cpp	151	Property Depth1.OutputFormat was changed to 1.
 6735485	[INFO]	XnProperty.cpp	151	Property Depth1.BytesPerPixel was changed to 2.
 6735502	[INFO]	XnProperty.cpp	151	Property Depth1.RequiredDataSize was changed to 153600.
 6735525	[INFO]	XnProperty.cpp	151	Property Depth1.ParamCoeff was changed to 4.
 6735602	[INFO]	XnProperty.cpp	151	Property Depth1.ShiftScale was changed to 10.
 6748061	[INFO]	XnProperty.cpp	151	Property Depth1.ConstShift was changed to 200.
 6748133	[INFO]	XnProperty.cpp	151	Property Depth1.ZPD was changed to 120.
 6748231	[INFO]	XnProperty.cpp	151	Property Depth1.ZPPS was changed to 0.104200.
 6748245	[INFO]	XnProperty.cpp	151	Property Depth1.LDDIS was changed to 7.500000.
 6748335	[INFO]	XnProperty.cpp	151	Property Depth1.Gain was changed to 30.
 6748365	[INFO]	XnDeviceBase.cpp	1458	Stream 'Depth1' was initialized.
 6748380	[INFO]	XnDeviceBase.cpp	1463	'Depth1' stream was created.
 6748530	[INFO]	XnProperty.cpp	74	Setting Depth1.InputFormat to 3...
 6748551	[INFO]	XnProperty.cpp	151	Property Depth1.InputFormat was changed to 3.
 6748563	[INFO]	XnProperty.cpp	101	Depth1.InputFormat was successfully set.
 6748995	[INFO]	XnProperty.cpp	74	Setting Depth1.RegistrationType to 2...
 6749011	[INFO]	XnProperty.cpp	151	Property Depth1.RegistrationType was changed to 2.
 6749022	[INFO]	XnProperty.cpp	101	Depth1.RegistrationType was successfully set.
 6749479	[INFO]	XnDeviceModule.cpp	431	Module 'Depth1' configuration was loaded from file.
 6749654	[INFO]	XnProperty.cpp	74	Setting Depth1.FPS to 30...
 6749670	[INFO]	XnProperty.cpp	86	Depth1.FPS value did not change.
 6749682	[INFO]	XnProperty.cpp	74	Setting Depth1.YRes to 480...
 6749697	[INFO]	XnProperty.cpp	151	Property Depth1.Resolution was changed to 1.
 6749710	[INFO]	XnProperty.cpp	151	Property Depth1.XRes was changed to 640.
 6749722	[INFO]	XnProperty.cpp	151	Property Depth1.RequiredDataSize was changed to 307200.
 6749737	[INFO]	XnProperty.cpp	151	Property Depth1.YRes was changed to 480.
 6749749	[INFO]	XnProperty.cpp	151	Property Depth1.RequiredDataSize was changed to 614400.
 6749761	[INFO]	XnProperty.cpp	101	Depth1.YRes was successfully set.
 6749774	[INFO]	XnProperty.cpp	74	Setting Depth1.XRes to 640...
 6749784	[INFO]	XnProperty.cpp	86	Depth1.XRes value did not change.
 6749826	[INFO]	XnProperty.cpp	74	Setting Depth1.Mirror to 1...
 6749841	[INFO]	XnProperty.cpp	151	Property Depth1.FirmwareMirror was changed to 1.
 6850547	[INFO]	XnProperty.cpp	151	Property Depth1.Mirror was changed to 1.
 6850572	[INFO]	XnProperty.cpp	101	Depth1.Mirror was successfully set.
11994587	[INFO]	XnOpenNI.cpp	1261	Creating node 'User1' of type User...
12021053	[WARNING]	Linux-x86Threads.cpp	173	Failed to set thread priority: Invalid argument
12021098	[WARNING]	XnUSBLinux-x86.cpp	126	USB events thread: Failed to set thread priority to critical. This might cause loss of data...
12022038	[INFO]	XnUSBLinux-x86.cpp	1222	USB read thread was started.
12022070	[INFO]	XnProperty.cpp	151	Property Depth1.ActualReadData was changed to 1.
12492510	[INFO]	XnProperty.cpp	151	Property Depth1.State was changed to 1.
12492552	[INFO]	XnDeviceBase.cpp	370	Stream Depth1 is open.
17615573	[INFO]	XnOpenNI.cpp	1261	Creating node 'Image1' of type Image...
17615623	[INFO]	XnDeviceBase.cpp	1383	Creating stream 'Image1' of type 'Image'...
17615830	[INFO]	XnProperty.cpp	151	Property Image1.Resolution was changed to 0.
17615857	[INFO]	XnProperty.cpp	151	Property Image1.XRes was changed to 320.
17615876	[INFO]	XnProperty.cpp	151	Property Image1.YRes was changed to 240.
17615893	[INFO]	XnProperty.cpp	151	Property Image1.FPS was changed to 30.
17615911	[INFO]	XnProperty.cpp	151	Property Image1.OutputFormat was changed to 5.
17615930	[INFO]	XnProperty.cpp	151	Property Image1.BytesPerPixel was changed to 3.
17615948	[INFO]	XnProperty.cpp	151	Property Image1.RequiredDataSize was changed to 230400.
17615986	[INFO]	XnDeviceBase.cpp	1458	Stream 'Image1' was initialized.
17616007	[INFO]	XnDeviceBase.cpp	1463	'Image1' stream was created.
17616128	[INFO]	XnProperty.cpp	74	Setting Image1.InputFormat to 6...
17616155	[INFO]	XnProperty.cpp	151	Property Image1.InputFormat was changed to 6.
17616173	[INFO]	XnProperty.cpp	101	Image1.InputFormat was successfully set.
17616779	[INFO]	XnDeviceModule.cpp	431	Module 'Image1' configuration was loaded from file.
17616891	[INFO]	XnProperty.cpp	74	Setting Image1.FPS to 30...
17616913	[INFO]	XnProperty.cpp	86	Image1.FPS value did not change.
17616931	[INFO]	XnProperty.cpp	74	Setting Image1.YRes to 480...
17616948	[INFO]	XnProperty.cpp	151	Property Image1.Resolution was changed to 1.
17616966	[INFO]	XnProperty.cpp	151	Property Image1.XRes was changed to 640.
17616984	[INFO]	XnProperty.cpp	151	Property Image1.RequiredDataSize was changed to 460800.
17617007	[INFO]	XnProperty.cpp	151	Property Image1.YRes was changed to 480.
17617030	[INFO]	XnProperty.cpp	151	Property Image1.RequiredDataSize was changed to 921600.
17617053	[INFO]	XnProperty.cpp	101	Image1.YRes was successfully set.
17617076	[INFO]	XnProperty.cpp	74	Setting Image1.XRes to 640...
17617095	[INFO]	XnProperty.cpp	86	Image1.XRes value did not change.
17618005	[INFO]	XnUSBLinux-x86.cpp	1222	USB read thread was started.
17618040	[INFO]	XnProperty.cpp	151	Property Image1.ActualReadData was changed to 1.
17794531	[WARNING]	XnDepthProcessor.cpp	133	Read: Depth buffer is corrupt. Size is 546256 (!= 614400)
17794578	[WARNING]	XnFrameStreamProcessor.cpp	132	Depth frame is corrupt!
20818905	[INFO]	XnProperty.cpp	151	Property Image1.State was changed to 1.
20818948	[INFO]	XnDeviceBase.cpp	370	Stream Image1 is open.
20819127	[INFO]	XnProperty.cpp	74	Setting Depth1.Registration to 1...
20866920	[WARNING]	XnDepthProcessor.cpp	133	Read: Depth buffer is corrupt. Size is 583568 (!= 614400)
20866964	[WARNING]	XnFrameStreamProcessor.cpp	132	Depth frame is corrupt!
20971617	[INFO]	XnProperty.cpp	151	Property Depth1.Registration was changed to 1.
20971659	[INFO]	XnProperty.cpp	101	Depth1.Registration was successfully set.
20971704	[INFO]	XnProperty.cpp	74	Setting Image1.Mirror to 1...
20984125	[INFO]	XnProperty.cpp	151	Property Image1.FirmwareMirror was changed to 1.
20984167	[INFO]	XnProperty.cpp	151	Property Image1.Mirror was changed to 1.
20984179	[INFO]	XnProperty.cpp	101	Image1.Mirror was successfully set.
163442936	[INFO]	XnOpenNI.cpp	1459	Destroying node 'User1'
163450969	[INFO]	XnOpenNI.cpp	1459	Destroying node 'Depth1'
163451059	[INFO]	XnDeviceBase.cpp	1507	Destroying stream 'Depth1'...
163452219	[INFO]	XnOpenNI.cpp	1459	Destroying node 'Image1'
163452304	[INFO]	XnDeviceBase.cpp	1507	Destroying stream 'Image1'...
163453054	[INFO]	XnOpenNI.cpp	1459	Destroying node 'Device1'
