    1931	[INFO]	XnLog.cpp	165	OpenNI version is 1.0.0 (Build 25)-MacOSX (Jan  7 2011 14:20:18)
    1989	[INFO]	XnLog.cpp	173	Log system initialized. Console: 1, File: 1, Severity: INFO, Masks: ALL
    2021	[INFO]	XnLog.cpp	173	Log system initialized. Console: 1, File: 1, Severity: INFO, Masks: ALL
    3407	[INFO]	XnUSBLinux-x86.cpp	98	USB is initialized.
 4471287	[INFO]	XnOpenNI.cpp	1261	Creating node 'Device1' of type Device...
 4472821	[INFO]	XnDeviceModule.cpp	431	Module 'Device' configuration was loaded from file.
 5130586	[INFO]	XnDeviceSensorIO.cpp	135	Connected to USB device
 5130648	[INFO]	XnProperty.cpp	151	Property Device.USBPath was changed to 045e/02ae@253/8.
 5138763	[INFO]	XnHostProtocol.cpp	825	Hardware versions: FW=5.1.4 (7) HW=4 Chip=2 Sensor=4 SYS=7
 6548522	[INFO]	XnProperty.cpp	151	Property Device.ID was changed to 0.
 6548615	[INFO]	XnSensor.cpp	182	Device sensor initialized
 6548794	[INFO]	XnOpenNI.cpp	1261	Creating node 'Depth1' of type Depth...
 6548858	[INFO]	XnDeviceBase.cpp	1383	Creating stream 'Depth1' of type 'Depth'...
 6548893	[INFO]	XnProperty.cpp	74	Setting Device.ReadData to 1...
 6548950	[INFO]	XnDeviceSensorIO.cpp	298	Endpoints open
 6561376	[INFO]	XnProperty.cpp	151	Property Device.ReadData was changed to 1.
 6561430	[INFO]	XnProperty.cpp	101	Device.ReadData was successfully set.
 6562253	[INFO]	XnProperty.cpp	151	Property Depth1.Resolution was changed to 0.
 6562305	[INFO]	XnProperty.cpp	151	Property Depth1.XRes was changed to 320.
 6562346	[INFO]	XnProperty.cpp	151	Property Depth1.YRes was changed to 240.
 6562388	[INFO]	XnProperty.cpp	151	Property Depth1.FPS was changed to 30.
 6562426	[INFO]	XnProperty.cpp	151	Property Depth1.OutputFormat was changed to 1.
 6562465	[INFO]	XnProperty.cpp	151	Property Depth1.BytesPerPixel was changed to 2.
 6562507	[INFO]	XnProperty.cpp	151	Property Depth1.RequiredDataSize was changed to 153600.
 6562557	[INFO]	XnProperty.cpp	151	Property Depth1.ParamCoeff was changed to 4.
 6562713	[INFO]	XnProperty.cpp	151	Property Depth1.ShiftScale was changed to 10.
 6575160	[INFO]	XnProperty.cpp	151	Property Depth1.ConstShift was changed to 200.
 6575273	[INFO]	XnProperty.cpp	151	Property Depth1.ZPD was changed to 120.
 6575395	[INFO]	XnProperty.cpp	151	Property Depth1.ZPPS was changed to 0.104200.
 6575417	[INFO]	XnProperty.cpp	151	Property Depth1.LDDIS was changed to 7.500000.
 6575550	[INFO]	XnProperty.cpp	151	Property Depth1.Gain was changed to 30.
 6575591	[INFO]	XnDeviceBase.cpp	1458	Stream 'Depth1' was initialized.
 6575611	[INFO]	XnDeviceBase.cpp	1463	'Depth1' stream was created.
 6575825	[INFO]	XnProperty.cpp	74	Setting Depth1.InputFormat to 3...
 6575853	[INFO]	XnProperty.cpp	151	Property Depth1.InputFormat was changed to 3.
 6575872	[INFO]	XnProperty.cpp	101	Depth1.InputFormat was successfully set.
 6576503	[INFO]	XnProperty.cpp	74	Setting Depth1.RegistrationType to 2...
 6576523	[INFO]	XnProperty.cpp	151	Property Depth1.RegistrationType was changed to 2.
 6576540	[INFO]	XnProperty.cpp	101	Depth1.RegistrationType was successfully set.
 6577209	[INFO]	XnDeviceModule.cpp	431	Module 'Depth1' configuration was loaded from file.
 6577429	[INFO]	XnProperty.cpp	74	Setting Depth1.FPS to 30...
 6577451	[INFO]	XnProperty.cpp	86	Depth1.FPS value did not change.
 6577469	[INFO]	XnProperty.cpp	74	Setting Depth1.YRes to 480...
 6577489	[INFO]	XnProperty.cpp	151	Property Depth1.Resolution was changed to 1.
 6577507	[INFO]	XnProperty.cpp	151	Property Depth1.XRes was changed to 640.
 6577525	[INFO]	XnProperty.cpp	151	Property Depth1.RequiredDataSize was changed to 307200.
 6580148	[INFO]	XnProperty.cpp	151	Property Depth1.YRes was changed to 480.
 6580171	[INFO]	XnProperty.cpp	151	Property Depth1.RequiredDataSize was changed to 614400.
 6580190	[INFO]	XnProperty.cpp	101	Depth1.YRes was successfully set.
 6580210	[INFO]	XnProperty.cpp	74	Setting Depth1.XRes to 640...
 6580226	[INFO]	XnProperty.cpp	86	Depth1.XRes value did not change.
 6580283	[INFO]	XnProperty.cpp	74	Setting Depth1.Mirror to 1...
 6580302	[INFO]	XnProperty.cpp	151	Property Depth1.FirmwareMirror was changed to 1.
 6640226	[INFO]	XnProperty.cpp	151	Property Depth1.Mirror was changed to 1.
 6640251	[INFO]	XnProperty.cpp	101	Depth1.Mirror was successfully set.
11797315	[INFO]	XnOpenNI.cpp	1261	Creating node 'User1' of type User...
11820070	[WARNING]	Linux-x86Threads.cpp	173	Failed to set thread priority: Invalid argument
11820111	[WARNING]	XnUSBLinux-x86.cpp	126	USB events thread: Failed to set thread priority to critical. This might cause loss of data...
11821059	[INFO]	XnUSBLinux-x86.cpp	1222	USB read thread was started.
11821156	[INFO]	XnProperty.cpp	151	Property Depth1.ActualReadData was changed to 1.
12291698	[INFO]	XnProperty.cpp	151	Property Depth1.State was changed to 1.
12291753	[INFO]	XnDeviceBase.cpp	370	Stream Depth1 is open.
17414443	[INFO]	XnOpenNI.cpp	1261	Creating node 'Image1' of type Image...
17414493	[INFO]	XnDeviceBase.cpp	1383	Creating stream 'Image1' of type 'Image'...
17414702	[INFO]	XnProperty.cpp	151	Property Image1.Resolution was changed to 0.
17414729	[INFO]	XnProperty.cpp	151	Property Image1.XRes was changed to 320.
17414749	[INFO]	XnProperty.cpp	151	Property Image1.YRes was changed to 240.
17414766	[INFO]	XnProperty.cpp	151	Property Image1.FPS was changed to 30.
17414783	[INFO]	XnProperty.cpp	151	Property Image1.OutputFormat was changed to 5.
17414801	[INFO]	XnProperty.cpp	151	Property Image1.BytesPerPixel was changed to 3.
17414819	[INFO]	XnProperty.cpp	151	Property Image1.RequiredDataSize was changed to 230400.
17414873	[INFO]	XnDeviceBase.cpp	1458	Stream 'Image1' was initialized.
17414901	[INFO]	XnDeviceBase.cpp	1463	'Image1' stream was created.
17415029	[INFO]	XnProperty.cpp	74	Setting Image1.InputFormat to 6...
17415075	[INFO]	XnProperty.cpp	151	Property Image1.InputFormat was changed to 6.
17415128	[INFO]	XnProperty.cpp	101	Image1.InputFormat was successfully set.
17415735	[INFO]	XnDeviceModule.cpp	431	Module 'Image1' configuration was loaded from file.
17415830	[INFO]	XnProperty.cpp	74	Setting Image1.FPS to 30...
17415850	[INFO]	XnProperty.cpp	86	Image1.FPS value did not change.
17415868	[INFO]	XnProperty.cpp	74	Setting Image1.YRes to 480...
17415886	[INFO]	XnProperty.cpp	151	Property Image1.Resolution was changed to 1.
17415904	[INFO]	XnProperty.cpp	151	Property Image1.XRes was changed to 640.
17415921	[INFO]	XnProperty.cpp	151	Property Image1.RequiredDataSize was changed to 460800.
17415946	[INFO]	XnProperty.cpp	151	Property Image1.YRes was changed to 480.
17415964	[INFO]	XnProperty.cpp	151	Property Image1.RequiredDataSize was changed to 921600.
17415985	[INFO]	XnProperty.cpp	101	Image1.YRes was successfully set.
17416004	[INFO]	XnProperty.cpp	74	Setting Image1.XRes to 640...
17416020	[INFO]	XnProperty.cpp	86	Image1.XRes value did not change.
17416857	[INFO]	XnUSBLinux-x86.cpp	1222	USB read thread was started.
17416894	[INFO]	XnProperty.cpp	151	Property Image1.ActualReadData was changed to 1.
17593234	[WARNING]	XnDepthProcessor.cpp	133	Read: Depth buffer is corrupt. Size is 538192 (!= 614400)
17593270	[WARNING]	XnFrameStreamProcessor.cpp	132	Depth frame is corrupt!
17629193	[WARNING]	XnDepthProcessor.cpp	133	Read: Depth buffer is corrupt. Size is 598304 (!= 614400)
17629239	[WARNING]	XnFrameStreamProcessor.cpp	132	Depth frame is corrupt!
20617526	[INFO]	XnProperty.cpp	151	Property Image1.State was changed to 1.
20617573	[INFO]	XnDeviceBase.cpp	370	Stream Image1 is open.
20617783	[INFO]	XnProperty.cpp	74	Setting Depth1.Registration to 1...
20769996	[INFO]	XnProperty.cpp	151	Property Depth1.Registration was changed to 1.
20770041	[INFO]	XnProperty.cpp	101	Depth1.Registration was successfully set.
20770095	[INFO]	XnProperty.cpp	74	Setting Image1.Mirror to 1...
20782512	[INFO]	XnProperty.cpp	151	Property Image1.FirmwareMirror was changed to 1.
20782555	[INFO]	XnProperty.cpp	151	Property Image1.Mirror was changed to 1.
20782572	[INFO]	XnProperty.cpp	101	Image1.Mirror was successfully set.
