    2093	[INFO]	XnLog.cpp	165	OpenNI version is 1.0.0 (Build 25)-MacOSX (Jan  7 2011 14:20:18)
    2154	[INFO]	XnLog.cpp	173	Log system initialized. Console: 1, File: 1, Severity: INFO, Masks: ALL
    2189	[INFO]	XnLog.cpp	173	Log system initialized. Console: 1, File: 1, Severity: INFO, Masks: ALL
    3828	[INFO]	XnUSBLinux-x86.cpp	98	USB is initialized.
 1948692	[INFO]	XnOpenNI.cpp	1261	Creating node 'Device1' of type Device...
 1949428	[INFO]	XnDeviceModule.cpp	431	Module 'Device' configuration was loaded from file.
 2212392	[INFO]	XnDeviceSensorIO.cpp	135	Connected to USB device
 2212445	[INFO]	XnProperty.cpp	151	Property Device.USBPath was changed to 045e/02ae@250/10.
 2219860	[INFO]	XnHostProtocol.cpp	825	Hardware versions: FW=5.1.4 (7) HW=4 Chip=2 Sensor=4 SYS=7
 3734416	[INFO]	XnProperty.cpp	151	Property Device.ID was changed to 0.
 3734482	[INFO]	XnSensor.cpp	182	Device sensor initialized
 3734593	[INFO]	XnOpenNI.cpp	1261	Creating node 'Depth1' of type Depth...
 3734646	[INFO]	XnDeviceBase.cpp	1383	Creating stream 'Depth1' of type 'Depth'...
 3734673	[INFO]	XnProperty.cpp	74	Setting Device.ReadData to 1...
 3734718	[INFO]	XnDeviceSensorIO.cpp	298	Endpoints open
 3747033	[INFO]	XnProperty.cpp	151	Property Device.ReadData was changed to 1.
 3747066	[INFO]	XnProperty.cpp	101	Device.ReadData was successfully set.
 3747471	[INFO]	XnProperty.cpp	151	Property Depth1.Resolution was changed to 0.
 3747499	[INFO]	XnProperty.cpp	151	Property Depth1.XRes was changed to 320.
 3747516	[INFO]	XnProperty.cpp	151	Property Depth1.YRes was changed to 240.
 3747532	[INFO]	XnProperty.cpp	151	Property Depth1.FPS was changed to 30.
 3747547	[INFO]	XnProperty.cpp	151	Property Depth1.OutputFormat was changed to 1.
 3747564	[INFO]	XnProperty.cpp	151	Property Depth1.BytesPerPixel was changed to 2.
 3747580	[INFO]	XnProperty.cpp	151	Property Depth1.RequiredDataSize was changed to 153600.
 3747600	[INFO]	XnProperty.cpp	151	Property Depth1.ParamCoeff was changed to 4.
 3747678	[INFO]	XnProperty.cpp	151	Property Depth1.ShiftScale was changed to 10.
 3760076	[INFO]	XnProperty.cpp	151	Property Depth1.ConstShift was changed to 200.
 3760154	[INFO]	XnProperty.cpp	151	Property Depth1.ZPD was changed to 120.
 3760250	[INFO]	XnProperty.cpp	151	Property Depth1.ZPPS was changed to 0.104200.
 3760264	[INFO]	XnProperty.cpp	151	Property Depth1.LDDIS was changed to 7.500000.
 3760350	[INFO]	XnProperty.cpp	151	Property Depth1.Gain was changed to 30.
 3760378	[INFO]	XnDeviceBase.cpp	1458	Stream 'Depth1' was initialized.
 3760392	[INFO]	XnDeviceBase.cpp	1463	'Depth1' stream was created.
 3760546	[INFO]	XnProperty.cpp	74	Setting Depth1.InputFormat to 3...
 3760567	[INFO]	XnProperty.cpp	151	Property Depth1.InputFormat was changed to 3.
 3760580	[INFO]	XnProperty.cpp	101	Depth1.InputFormat was successfully set.
 3761014	[INFO]	XnProperty.cpp	74	Setting Depth1.RegistrationType to 2...
 3761031	[INFO]	XnProperty.cpp	151	Property Depth1.RegistrationType was changed to 2.
 3761042	[INFO]	XnProperty.cpp	101	Depth1.RegistrationType was successfully set.
 3761499	[INFO]	XnDeviceModule.cpp	431	Module 'Depth1' configuration was loaded from file.
 3761657	[INFO]	XnProperty.cpp	74	Setting Depth1.FPS to 30...
 3761674	[INFO]	XnProperty.cpp	86	Depth1.FPS value did not change.
 3761686	[INFO]	XnProperty.cpp	74	Setting Depth1.YRes to 480...
 3761701	[INFO]	XnProperty.cpp	151	Property Depth1.Resolution was changed to 1.
 3761713	[INFO]	XnProperty.cpp	151	Property Depth1.XRes was changed to 640.
 3761724	[INFO]	XnProperty.cpp	151	Property Depth1.RequiredDataSize was changed to 307200.
 3761739	[INFO]	XnProperty.cpp	151	Property Depth1.YRes was changed to 480.
 3761750	[INFO]	XnProperty.cpp	151	Property Depth1.RequiredDataSize was changed to 614400.
 3761763	[INFO]	XnProperty.cpp	101	Depth1.YRes was successfully set.
 3761775	[INFO]	XnProperty.cpp	74	Setting Depth1.XRes to 640...
 3761786	[INFO]	XnProperty.cpp	86	Depth1.XRes value did not change.
 3761837	[INFO]	XnProperty.cpp	74	Setting Depth1.Mirror to 1...
 3761857	[INFO]	XnProperty.cpp	151	Property Depth1.FirmwareMirror was changed to 1.
 3761901	[INFO]	XnProperty.cpp	151	Property Depth1.Mirror was changed to 1.
 3761913	[INFO]	XnProperty.cpp	101	Depth1.Mirror was successfully set.
 4848979	[INFO]	XnOpenNI.cpp	1261	Creating node 'User1' of type User...
 4876707	[WARNING]	Linux-x86Threads.cpp	173	Failed to set thread priority: Invalid argument
 4876749	[WARNING]	XnUSBLinux-x86.cpp	126	USB events thread: Failed to set thread priority to critical. This might cause loss of data...
 4877641	[INFO]	XnUSBLinux-x86.cpp	1222	USB read thread was started.
 4877673	[INFO]	XnProperty.cpp	151	Property Depth1.ActualReadData was changed to 1.
 5349862	[INFO]	XnProperty.cpp	151	Property Depth1.State was changed to 1.
 5349906	[INFO]	XnDeviceBase.cpp	370	Stream Depth1 is open.
 6443526	[INFO]	XnOpenNI.cpp	1261	Creating node 'Image1' of type Image...
 6443576	[INFO]	XnDeviceBase.cpp	1383	Creating stream 'Image1' of type 'Image'...
 6443785	[INFO]	XnProperty.cpp	151	Property Image1.Resolution was changed to 0.
 6443813	[INFO]	XnProperty.cpp	151	Property Image1.XRes was changed to 320.
 6443831	[INFO]	XnProperty.cpp	151	Property Image1.YRes was changed to 240.
 6443849	[INFO]	XnProperty.cpp	151	Property Image1.FPS was changed to 30.
 6443866	[INFO]	XnProperty.cpp	151	Property Image1.OutputFormat was changed to 5.
 6443883	[INFO]	XnProperty.cpp	151	Property Image1.BytesPerPixel was changed to 3.
 6443901	[INFO]	XnProperty.cpp	151	Property Image1.RequiredDataSize was changed to 230400.
 6443941	[INFO]	XnDeviceBase.cpp	1458	Stream 'Image1' was initialized.
 6443963	[INFO]	XnDeviceBase.cpp	1463	'Image1' stream was created.
 6444096	[INFO]	XnProperty.cpp	74	Setting Image1.InputFormat to 6...
 6444125	[INFO]	XnProperty.cpp	151	Property Image1.InputFormat was changed to 6.
 6444144	[INFO]	XnProperty.cpp	101	Image1.InputFormat was successfully set.
 6444754	[INFO]	XnDeviceModule.cpp	431	Module 'Image1' configuration was loaded from file.
 6444870	[INFO]	XnProperty.cpp	74	Setting Image1.FPS to 30...
 6444895	[INFO]	XnProperty.cpp	86	Image1.FPS value did not change.
 6444914	[INFO]	XnProperty.cpp	74	Setting Image1.YRes to 480...
 6444932	[INFO]	XnProperty.cpp	151	Property Image1.Resolution was changed to 1.
 6444950	[INFO]	XnProperty.cpp	151	Property Image1.XRes was changed to 640.
 6444969	[INFO]	XnProperty.cpp	151	Property Image1.RequiredDataSize was changed to 460800.
 6444989	[INFO]	XnProperty.cpp	151	Property Image1.YRes was changed to 480.
 6445008	[INFO]	XnProperty.cpp	151	Property Image1.RequiredDataSize was changed to 921600.
 6445026	[INFO]	XnProperty.cpp	101	Image1.YRes was successfully set.
 6445042	[INFO]	XnProperty.cpp	74	Setting Image1.XRes to 640...
 6445060	[INFO]	XnProperty.cpp	86	Image1.XRes value did not change.
 6446147	[INFO]	XnUSBLinux-x86.cpp	1222	USB read thread was started.
 6446191	[INFO]	XnProperty.cpp	151	Property Image1.ActualReadData was changed to 1.
 6613850	[WARNING]	XnDepthProcessor.cpp	133	Read: Depth buffer is corrupt. Size is 594432 (!= 614400)
 6613886	[WARNING]	XnFrameStreamProcessor.cpp	132	Depth frame is corrupt!
 6649741	[WARNING]	XnDepthProcessor.cpp	133	Read: Depth buffer is corrupt. Size is 579952 (!= 614400)
 6649793	[WARNING]	XnFrameStreamProcessor.cpp	132	Depth frame is corrupt!
 9518556	[WARNING]	XnDepthProcessor.cpp	133	Read: Depth buffer is corrupt. Size is 586512 (!= 614400)
 9518604	[WARNING]	XnFrameStreamProcessor.cpp	132	Depth frame is corrupt!
 9550608	[WARNING]	XnDepthProcessor.cpp	133	Read: Depth buffer is corrupt. Size is 598320 (!= 614400)
 9550659	[WARNING]	XnFrameStreamProcessor.cpp	132	Depth frame is corrupt!
 9647698	[INFO]	XnProperty.cpp	151	Property Image1.State was changed to 1.
 9647743	[INFO]	XnDeviceBase.cpp	370	Stream Image1 is open.
 9647961	[INFO]	XnProperty.cpp	74	Setting Depth1.Registration to 1...
 9678540	[WARNING]	XnFirmwareStreams.cpp	324	Unknown packet type (0x4948)!!!
 9686546	[WARNING]	XnDepthProcessor.cpp	133	Read: Depth buffer is corrupt. Size is 584544 (!= 614400)
 9686597	[WARNING]	XnFrameStreamProcessor.cpp	132	Depth frame is corrupt!
 9799472	[INFO]	XnProperty.cpp	151	Property Depth1.Registration was changed to 1.
 9799546	[INFO]	XnProperty.cpp	101	Depth1.Registration was successfully set.
 9799592	[INFO]	XnProperty.cpp	74	Setting Image1.Mirror to 1...
 9812106	[INFO]	XnProperty.cpp	151	Property Image1.FirmwareMirror was changed to 1.
 9812149	[INFO]	XnProperty.cpp	151	Property Image1.Mirror was changed to 1.
 9812161	[INFO]	XnProperty.cpp	101	Image1.Mirror was successfully set.
16368380	[INFO]	XnOpenNI.cpp	1459	Destroying node 'User1'
16376055	[INFO]	XnOpenNI.cpp	1459	Destroying node 'Depth1'
16376163	[INFO]	XnDeviceBase.cpp	1507	Destroying stream 'Depth1'...
16378157	[INFO]	XnOpenNI.cpp	1459	Destroying node 'Image1'
16378230	[INFO]	XnDeviceBase.cpp	1507	Destroying stream 'Image1'...
16379593	[INFO]	XnOpenNI.cpp	1459	Destroying node 'Device1'
