    1790	[INFO]	XnLog.cpp	165	OpenNI version is 1.0.0 (Build 25)-MacOSX (Jan  7 2011 14:20:18)
    1836	[INFO]	XnLog.cpp	173	Log system initialized. Console: 1, File: 1, Severity: INFO, Masks: ALL
    1869	[INFO]	XnLog.cpp	173	Log system initialized. Console: 1, File: 1, Severity: INFO, Masks: ALL
    3161	[INFO]	XnUSBLinux-x86.cpp	98	USB is initialized.
 2087352	[INFO]	XnOpenNI.cpp	1261	Creating node 'Device1' of type Device...
 2088764	[INFO]	XnDeviceModule.cpp	431	Module 'Device' configuration was loaded from file.
 2304465	[INFO]	XnDeviceSensorIO.cpp	135	Connected to USB device
 2304525	[INFO]	XnProperty.cpp	151	Property Device.USBPath was changed to 045e/02ae@253/8.
 2312144	[INFO]	XnHostProtocol.cpp	825	Hardware versions: FW=5.1.4 (7) HW=4 Chip=2 Sensor=4 SYS=7
 3720642	[INFO]	XnProperty.cpp	151	Property Device.ID was changed to 0.
 3720728	[INFO]	XnSensor.cpp	182	Device sensor initialized
 3720908	[INFO]	XnOpenNI.cpp	1261	Creating node 'Depth1' of type Depth...
 3720986	[INFO]	XnDeviceBase.cpp	1383	Creating stream 'Depth1' of type 'Depth'...
 3721035	[INFO]	XnProperty.cpp	74	Setting Device.ReadData to 1...
 3721111	[INFO]	XnDeviceSensorIO.cpp	298	Endpoints open
 3733483	[INFO]	XnProperty.cpp	151	Property Device.ReadData was changed to 1.
 3733536	[INFO]	XnProperty.cpp	101	Device.ReadData was successfully set.
 3734099	[INFO]	XnProperty.cpp	151	Property Depth1.Resolution was changed to 0.
 3734126	[INFO]	XnProperty.cpp	151	Property Depth1.XRes was changed to 320.
 3734149	[INFO]	XnProperty.cpp	151	Property Depth1.YRes was changed to 240.
 3734172	[INFO]	XnProperty.cpp	151	Property Depth1.FPS was changed to 30.
 3734194	[INFO]	XnProperty.cpp	151	Property Depth1.OutputFormat was changed to 1.
 3734216	[INFO]	XnProperty.cpp	151	Property Depth1.BytesPerPixel was changed to 2.
 3734238	[INFO]	XnProperty.cpp	151	Property Depth1.RequiredDataSize was changed to 153600.
 3734265	[INFO]	XnProperty.cpp	151	Property Depth1.ParamCoeff was changed to 4.
 3734347	[INFO]	XnProperty.cpp	151	Property Depth1.ShiftScale was changed to 10.
 3746767	[INFO]	XnProperty.cpp	151	Property Depth1.ConstShift was changed to 200.
 3746859	[INFO]	XnProperty.cpp	151	Property Depth1.ZPD was changed to 120.
 3746957	[INFO]	XnProperty.cpp	151	Property Depth1.ZPPS was changed to 0.104200.
 3746971	[INFO]	XnProperty.cpp	151	Property Depth1.LDDIS was changed to 7.500000.
 3747059	[INFO]	XnProperty.cpp	151	Property Depth1.Gain was changed to 30.
 3747093	[INFO]	XnDeviceBase.cpp	1458	Stream 'Depth1' was initialized.
 3747107	[INFO]	XnDeviceBase.cpp	1463	'Depth1' stream was created.
 3747268	[INFO]	XnProperty.cpp	74	Setting Depth1.InputFormat to 3...
 3747290	[INFO]	XnProperty.cpp	151	Property Depth1.InputFormat was changed to 3.
 3747302	[INFO]	XnProperty.cpp	101	Depth1.InputFormat was successfully set.
 3747736	[INFO]	XnProperty.cpp	74	Setting Depth1.RegistrationType to 2...
 3747751	[INFO]	XnProperty.cpp	151	Property Depth1.RegistrationType was changed to 2.
 3747763	[INFO]	XnProperty.cpp	101	Depth1.RegistrationType was successfully set.
 3748219	[INFO]	XnDeviceModule.cpp	431	Module 'Depth1' configuration was loaded from file.
 3748392	[INFO]	XnProperty.cpp	74	Setting Depth1.FPS to 30...
 3748409	[INFO]	XnProperty.cpp	86	Depth1.FPS value did not change.
 3748421	[INFO]	XnProperty.cpp	74	Setting Depth1.YRes to 480...
 3748436	[INFO]	XnProperty.cpp	151	Property Depth1.Resolution was changed to 1.
 3748449	[INFO]	XnProperty.cpp	151	Property Depth1.XRes was changed to 640.
 3748462	[INFO]	XnProperty.cpp	151	Property Depth1.RequiredDataSize was changed to 307200.
 3748477	[INFO]	XnProperty.cpp	151	Property Depth1.YRes was changed to 480.
 3748489	[INFO]	XnProperty.cpp	151	Property Depth1.RequiredDataSize was changed to 614400.
 3748502	[INFO]	XnProperty.cpp	101	Depth1.YRes was successfully set.
 3748514	[INFO]	XnProperty.cpp	74	Setting Depth1.XRes to 640...
 3748525	[INFO]	XnProperty.cpp	86	Depth1.XRes value did not change.
 3748567	[INFO]	XnProperty.cpp	74	Setting Depth1.Mirror to 1...
 3748581	[INFO]	XnProperty.cpp	151	Property Depth1.FirmwareMirror was changed to 1.
 3748630	[INFO]	XnProperty.cpp	151	Property Depth1.Mirror was changed to 1.
 3748642	[INFO]	XnProperty.cpp	101	Depth1.Mirror was successfully set.
 4835881	[INFO]	XnOpenNI.cpp	1261	Creating node 'User1' of type User...
 4862268	[WARNING]	Linux-x86Threads.cpp	173	Failed to set thread priority: Invalid argument
 4862324	[WARNING]	XnUSBLinux-x86.cpp	126	USB events thread: Failed to set thread priority to critical. This might cause loss of data...
 4864211	[INFO]	XnUSBLinux-x86.cpp	1222	USB read thread was started.
 4864253	[INFO]	XnProperty.cpp	151	Property Depth1.ActualReadData was changed to 1.
 5067853	[WARNING]	XnFirmwareStreams.cpp	324	Unknown packet type (0xfade)!!!
 5067907	[WARNING]	XnFirmwareStreams.cpp	324	Unknown packet type (0xfade)!!!
 5067926	[WARNING]	XnFirmwareStreams.cpp	324	Unknown packet type (0xfade)!!!
 5067943	[WARNING]	XnFirmwareStreams.cpp	324	Unknown packet type (0xfade)!!!
 5067957	[WARNING]	XnFirmwareStreams.cpp	324	Unknown packet type (0xfade)!!!
 5067969	[WARNING]	XnFirmwareStreams.cpp	324	Unknown packet type (0xfade)!!!
 5067979	[WARNING]	XnFirmwareStreams.cpp	324	Unknown packet type (0xfade)!!!
 5067989	[WARNING]	XnFirmwareStreams.cpp	324	Unknown packet type (0xfade)!!!
 5068000	[WARNING]	XnFirmwareStreams.cpp	324	Unknown packet type (0xfade)!!!
 5068010	[WARNING]	XnFirmwareStreams.cpp	324	Unknown packet type (0xfade)!!!
 5068031	[WARNING]	XnFirmwareStreams.cpp	324	Unknown packet type (0xfade)!!!
 5068053	[WARNING]	XnFirmwareStreams.cpp	324	Unknown packet type (0xfade)!!!
 5068073	[WARNING]	XnFirmwareStreams.cpp	324	Unknown packet type (0xfade)!!!
 5068092	[WARNING]	XnFirmwareStreams.cpp	324	Unknown packet type (0xfade)!!!
 5068109	[WARNING]	XnFirmwareStreams.cpp	324	Unknown packet type (0xfade)!!!
 5068126	[WARNING]	XnFirmwareStreams.cpp	324	Unknown packet type (0xfade)!!!
 5068143	[WARNING]	XnFirmwareStreams.cpp	324	Unknown packet type (0xfade)!!!
 5068160	[WARNING]	XnFirmwareStreams.cpp	324	Unknown packet type (0xfade)!!!
 5068177	[WARNING]	XnFirmwareStreams.cpp	324	Unknown packet type (0xfade)!!!
 5071856	[WARNING]	XnFirmwareStreams.cpp	324	Unknown packet type (0xfade)!!!
 5071900	[WARNING]	XnFirmwareStreams.cpp	324	Unknown packet type (0xfade)!!!
 5071918	[WARNING]	XnFirmwareStreams.cpp	324	Unknown packet type (0xfade)!!!
 5071933	[WARNING]	XnFirmwareStreams.cpp	324	Unknown packet type (0xfade)!!!
 5071950	[WARNING]	XnFirmwareStreams.cpp	324	Unknown packet type (0xfade)!!!
 5071966	[WARNING]	XnFirmwareStreams.cpp	324	Unknown packet type (0xfade)!!!
 5071983	[WARNING]	XnFirmwareStreams.cpp	324	Unknown packet type (0xfade)!!!
 5071999	[WARNING]	XnFirmwareStreams.cpp	324	Unknown packet type (0xfade)!!!
 5072015	[WARNING]	XnFirmwareStreams.cpp	324	Unknown packet type (0xfade)!!!
 5072031	[WARNING]	XnFirmwareStreams.cpp	324	Unknown packet type (0xfade)!!!
 5072047	[WARNING]	XnFirmwareStreams.cpp	324	Unknown packet type (0xfade)!!!
 5072064	[WARNING]	XnFirmwareStreams.cpp	324	Unknown packet type (0xfade)!!!
 5072081	[WARNING]	XnFirmwareStreams.cpp	324	Unknown packet type (0xfade)!!!
 5072098	[WARNING]	XnFirmwareStreams.cpp	324	Unknown packet type (0xfade)!!!
 5072114	[WARNING]	XnFirmwareStreams.cpp	324	Unknown packet type (0xfade)!!!
 5072130	[WARNING]	XnFirmwareStreams.cpp	324	Unknown packet type (0xfade)!!!
 5072146	[WARNING]	XnFirmwareStreams.cpp	324	Unknown packet type (0xfade)!!!
 5072162	[WARNING]	XnFirmwareStreams.cpp	324	Unknown packet type (0xfade)!!!
 5072178	[WARNING]	XnFirmwareStreams.cpp	324	Unknown packet type (0xfade)!!!
 5072194	[WARNING]	XnFirmwareStreams.cpp	324	Unknown packet type (0xfade)!!!
 5072210	[WARNING]	XnFirmwareStreams.cpp	324	Unknown packet type (0xfade)!!!
 5072226	[WARNING]	XnFirmwareStreams.cpp	324	Unknown packet type (0xfade)!!!
 5072242	[WARNING]	XnFirmwareStreams.cpp	324	Unknown packet type (0xfade)!!!
 5072258	[WARNING]	XnFirmwareStreams.cpp	324	Unknown packet type (0xfade)!!!
 5072274	[WARNING]	XnFirmwareStreams.cpp	324	Unknown packet type (0xfade)!!!
 5072290	[WARNING]	XnFirmwareStreams.cpp	324	Unknown packet type (0xfade)!!!
 5072306	[WARNING]	XnFirmwareStreams.cpp	324	Unknown packet type (0xfade)!!!
 5072351	[WARNING]	XnFirmwareStreams.cpp	324	Unknown packet type (0xfade)!!!
 5072368	[WARNING]	XnFirmwareStreams.cpp	324	Unknown packet type (0xfade)!!!
 5072385	[WARNING]	XnFirmwareStreams.cpp	324	Unknown packet type (0xfade)!!!
 5072401	[WARNING]	XnFirmwareStreams.cpp	324	Unknown packet type (0xfade)!!!
 5076113	[WARNING]	XnFirmwareStreams.cpp	324	Unknown packet type (0xfade)!!!
 5076145	[WARNING]	XnFirmwareStreams.cpp	324	Unknown packet type (0xfade)!!!
 5076160	[WARNING]	XnFirmwareStreams.cpp	324	Unknown packet type (0xfade)!!!
 5076174	[WARNING]	XnFirmwareStreams.cpp	324	Unknown packet type (0xfade)!!!
 5076188	[WARNING]	XnFirmwareStreams.cpp	324	Unknown packet type (0xfade)!!!
 5076201	[WARNING]	XnFirmwareStreams.cpp	324	Unknown packet type (0xfade)!!!
 5076215	[WARNING]	XnFirmwareStreams.cpp	324	Unknown packet type (0xfade)!!!
 5076228	[WARNING]	XnFirmwareStreams.cpp	324	Unknown packet type (0xfade)!!!
 5076242	[WARNING]	XnFirmwareStreams.cpp	324	Unknown packet type (0xfade)!!!
 5076256	[WARNING]	XnFirmwareStreams.cpp	324	Unknown packet type (0xfade)!!!
 5076268	[WARNING]	XnFirmwareStreams.cpp	324	Unknown packet type (0xfade)!!!
 5076282	[WARNING]	XnFirmwareStreams.cpp	324	Unknown packet type (0xfade)!!!
 5076295	[WARNING]	XnFirmwareStreams.cpp	324	Unknown packet type (0xfade)!!!
 5076309	[WARNING]	XnFirmwareStreams.cpp	324	Unknown packet type (0xfade)!!!
 5076323	[WARNING]	XnFirmwareStreams.cpp	324	Unknown packet type (0xfade)!!!
 5076337	[WARNING]	XnFirmwareStreams.cpp	324	Unknown packet type (0xfade)!!!
 5076350	[WARNING]	XnFirmwareStreams.cpp	324	Unknown packet type (0xfade)!!!
 5076364	[WARNING]	XnFirmwareStreams.cpp	324	Unknown packet type (0xfade)!!!
 5076378	[WARNING]	XnFirmwareStreams.cpp	324	Unknown packet type (0xfade)!!!
 5076391	[WARNING]	XnFirmwareStreams.cpp	324	Unknown packet type (0xfade)!!!
 5076404	[WARNING]	XnFirmwareStreams.cpp	324	Unknown packet type (0xfade)!!!
 5076479	[WARNING]	XnFirmwareStreams.cpp	324	Unknown packet type (0xfade)!!!
 5076498	[WARNING]	XnFirmwareStreams.cpp	324	Unknown packet type (0xfade)!!!
 5076515	[WARNING]	XnFirmwareStreams.cpp	324	Unknown packet type (0xfade)!!!
 5076532	[WARNING]	XnFirmwareStreams.cpp	324	Unknown packet type (0xfade)!!!
 5076548	[WARNING]	XnFirmwareStreams.cpp	324	Unknown packet type (0xfade)!!!
 5076565	[WARNING]	XnFirmwareStreams.cpp	324	Unknown packet type (0xfade)!!!
 5076581	[WARNING]	XnFirmwareStreams.cpp	324	Unknown packet type (0xfade)!!!
 5076597	[WARNING]	XnFirmwareStreams.cpp	324	Unknown packet type (0xfade)!!!
 5076613	[WARNING]	XnFirmwareStreams.cpp	324	Unknown packet type (0xfade)!!!
 5076629	[WARNING]	XnFirmwareStreams.cpp	324	Unknown packet type (0xfade)!!!
 5076645	[WARNING]	XnFirmwareStreams.cpp	324	Unknown packet type (0xfade)!!!
 5079849	[WARNING]	XnFirmwareStreams.cpp	324	Unknown packet type (0xfade)!!!
 5079885	[WARNING]	XnFirmwareStreams.cpp	324	Unknown packet type (0xfade)!!!
 5079909	[WARNING]	XnFirmwareStreams.cpp	324	Unknown packet type (0xfade)!!!
 5079935	[WARNING]	XnFirmwareStreams.cpp	324	Unknown packet type (0xfade)!!!
 5079987	[WARNING]	XnFirmwareStreams.cpp	324	Unknown packet type (0xfade)!!!
 5080018	[WARNING]	XnFirmwareStreams.cpp	324	Unknown packet type (0xfade)!!!
 5080048	[WARNING]	XnFirmwareStreams.cpp	324	Unknown packet type (0xfade)!!!
 5080086	[WARNING]	XnFirmwareStreams.cpp	324	Unknown packet type (0xfade)!!!
 5080118	[WARNING]	XnFirmwareStreams.cpp	324	Unknown packet type (0xfade)!!!
 5080147	[WARNING]	XnFirmwareStreams.cpp	324	Unknown packet type (0xfade)!!!
 5080176	[WARNING]	XnFirmwareStreams.cpp	324	Unknown packet type (0xfade)!!!
 5080209	[WARNING]	XnFirmwareStreams.cpp	324	Unknown packet type (0xfade)!!!
 5080238	[WARNING]	XnFirmwareStreams.cpp	324	Unknown packet type (0xfade)!!!
 5080269	[WARNING]	XnFirmwareStreams.cpp	324	Unknown packet type (0xfade)!!!
 5080300	[WARNING]	XnFirmwareStreams.cpp	324	Unknown packet type (0xfade)!!!
 5080330	[WARNING]	XnFirmwareStreams.cpp	324	Unknown packet type (0xfade)!!!
 5080358	[WARNING]	XnFirmwareStreams.cpp	324	Unknown packet type (0xfade)!!!
 5080421	[WARNING]	XnFirmwareStreams.cpp	324	Unknown packet type (0xfade)!!!
 5080452	[WARNING]	XnFirmwareStreams.cpp	324	Unknown packet type (0xfade)!!!
 5080476	[WARNING]	XnFirmwareStreams.cpp	324	Unknown packet type (0xfade)!!!
 5080496	[WARNING]	XnFirmwareStreams.cpp	324	Unknown packet type (0xfade)!!!
 5080515	[WARNING]	XnFirmwareStreams.cpp	324	Unknown packet type (0xfade)!!!
 5080530	[WARNING]	XnFirmwareStreams.cpp	324	Unknown packet type (0xfade)!!!
 5080544	[WARNING]	XnFirmwareStreams.cpp	324	Unknown packet type (0xfade)!!!
 5080568	[WARNING]	XnFirmwareStreams.cpp	324	Unknown packet type (0xfade)!!!
 5080587	[WARNING]	XnFirmwareStreams.cpp	324	Unknown packet type (0xfade)!!!
 5080602	[WARNING]	XnFirmwareStreams.cpp	324	Unknown packet type (0xfade)!!!
 5080615	[WARNING]	XnFirmwareStreams.cpp	324	Unknown packet type (0xfade)!!!
 5080629	[WARNING]	XnFirmwareStreams.cpp	324	Unknown packet type (0xfade)!!!
 5080643	[WARNING]	XnFirmwareStreams.cpp	324	Unknown packet type (0xfade)!!!
 5080658	[WARNING]	XnFirmwareStreams.cpp	324	Unknown packet type (0xfade)!!!
 5080672	[WARNING]	XnFirmwareStreams.cpp	324	Unknown packet type (0xfade)!!!
 5083889	[WARNING]	XnFirmwareStreams.cpp	324	Unknown packet type (0xfade)!!!
 5083936	[WARNING]	XnFirmwareStreams.cpp	324	Unknown packet type (0xfade)!!!
 5083967	[WARNING]	XnFirmwareStreams.cpp	324	Unknown packet type (0xfade)!!!
 5084000	[WARNING]	XnFirmwareStreams.cpp	324	Unknown packet type (0xfade)!!!
 5084032	[WARNING]	XnFirmwareStreams.cpp	324	Unknown packet type (0xfade)!!!
 5084056	[WARNING]	XnFirmwareStreams.cpp	324	Unknown packet type (0xfade)!!!
 5084082	[WARNING]	XnFirmwareStreams.cpp	324	Unknown packet type (0xfade)!!!
 5084114	[WARNING]	XnFirmwareStreams.cpp	324	Unknown packet type (0xfade)!!!
 5084145	[WARNING]	XnFirmwareStreams.cpp	324	Unknown packet type (0xfade)!!!
 5084164	[WARNING]	XnFirmwareStreams.cpp	324	Unknown packet type (0xfade)!!!
 5084186	[WARNING]	XnFirmwareStreams.cpp	324	Unknown packet type (0xfade)!!!
 5084200	[WARNING]	XnFirmwareStreams.cpp	324	Unknown packet type (0xfade)!!!
 5084213	[WARNING]	XnFirmwareStreams.cpp	324	Unknown packet type (0xfade)!!!
 5084224	[WARNING]	XnFirmwareStreams.cpp	324	Unknown packet type (0xfade)!!!
 5084235	[WARNING]	XnFirmwareStreams.cpp	324	Unknown packet type (0xfade)!!!
 5084246	[WARNING]	XnFirmwareStreams.cpp	324	Unknown packet type (0xfade)!!!
 5084257	[WARNING]	XnFirmwareStreams.cpp	324	Unknown packet type (0xfade)!!!
 5084269	[WARNING]	XnFirmwareStreams.cpp	324	Unknown packet type (0xfade)!!!
 5084280	[WARNING]	XnFirmwareStreams.cpp	324	Unknown packet type (0xfade)!!!
 5084291	[WARNING]	XnFirmwareStreams.cpp	324	Unknown packet type (0xfade)!!!
 5084302	[WARNING]	XnFirmwareStreams.cpp	324	Unknown packet type (0xfade)!!!
 5084313	[WARNING]	XnFirmwareStreams.cpp	324	Unknown packet type (0xfade)!!!
 5084324	[WARNING]	XnFirmwareStreams.cpp	324	Unknown packet type (0xfade)!!!
 5084335	[WARNING]	XnFirmwareStreams.cpp	324	Unknown packet type (0xfade)!!!
 5084346	[WARNING]	XnFirmwareStreams.cpp	324	Unknown packet type (0xfade)!!!
 5084357	[WARNING]	XnFirmwareStreams.cpp	324	Unknown packet type (0xfade)!!!
 5084368	[WARNING]	XnFirmwareStreams.cpp	324	Unknown packet type (0xfade)!!!
 5084379	[WARNING]	XnFirmwareStreams.cpp	324	Unknown packet type (0xfade)!!!
 5084390	[WARNING]	XnFirmwareStreams.cpp	324	Unknown packet type (0xfade)!!!
 5084401	[WARNING]	XnFirmwareStreams.cpp	324	Unknown packet type (0xfade)!!!
 5084412	[WARNING]	XnFirmwareStreams.cpp	324	Unknown packet type (0xfade)!!!
 5087851	[WARNING]	XnFirmwareStreams.cpp	324	Unknown packet type (0xfade)!!!
 5087884	[WARNING]	XnFirmwareStreams.cpp	324	Unknown packet type (0xfade)!!!
 5087900	[WARNING]	XnFirmwareStreams.cpp	324	Unknown packet type (0xfade)!!!
 5087917	[WARNING]	XnFirmwareStreams.cpp	324	Unknown packet type (0xfade)!!!
 5087933	[WARNING]	XnFirmwareStreams.cpp	324	Unknown packet type (0xfade)!!!
 5087950	[WARNING]	XnFirmwareStreams.cpp	324	Unknown packet type (0xfade)!!!
 5087966	[WARNING]	XnFirmwareStreams.cpp	324	Unknown packet type (0xfade)!!!
 5088011	[WARNING]	XnFirmwareStreams.cpp	324	Unknown packet type (0xfade)!!!
 5088029	[WARNING]	XnFirmwareStreams.cpp	324	Unknown packet type (0xfade)!!!
 5088045	[WARNING]	XnFirmwareStreams.cpp	324	Unknown packet type (0xfade)!!!
 5088062	[WARNING]	XnFirmwareStreams.cpp	324	Unknown packet type (0xfade)!!!
 5088078	[WARNING]	XnFirmwareStreams.cpp	324	Unknown packet type (0xfade)!!!
 5088095	[WARNING]	XnFirmwareStreams.cpp	324	Unknown packet type (0xfade)!!!
 5088111	[WARNING]	XnFirmwareStreams.cpp	324	Unknown packet type (0xfade)!!!
 5088127	[WARNING]	XnFirmwareStreams.cpp	324	Unknown packet type (0xfade)!!!
 5088143	[WARNING]	XnFirmwareStreams.cpp	324	Unknown packet type (0xfade)!!!
 5088158	[WARNING]	XnFirmwareStreams.cpp	324	Unknown packet type (0xfade)!!!
 5088174	[WARNING]	XnFirmwareStreams.cpp	324	Unknown packet type (0xfade)!!!
 5088190	[WARNING]	XnFirmwareStreams.cpp	324	Unknown packet type (0xfade)!!!
 5088206	[WARNING]	XnFirmwareStreams.cpp	324	Unknown packet type (0xfade)!!!
 5088222	[WARNING]	XnFirmwareStreams.cpp	324	Unknown packet type (0xfade)!!!
 5088237	[WARNING]	XnFirmwareStreams.cpp	324	Unknown packet type (0xfade)!!!
 5088254	[WARNING]	XnFirmwareStreams.cpp	324	Unknown packet type (0xfade)!!!
 5088270	[WARNING]	XnFirmwareStreams.cpp	324	Unknown packet type (0xfade)!!!
 5088286	[WARNING]	XnFirmwareStreams.cpp	324	Unknown packet type (0xfade)!!!
 5088302	[WARNING]	XnFirmwareStreams.cpp	324	Unknown packet type (0xfade)!!!
 5088317	[WARNING]	XnFirmwareStreams.cpp	324	Unknown packet type (0xfade)!!!
 5088334	[WARNING]	XnFirmwareStreams.cpp	324	Unknown packet type (0xfade)!!!
 5088349	[WARNING]	XnFirmwareStreams.cpp	324	Unknown packet type (0xfade)!!!
 5088365	[WARNING]	XnFirmwareStreams.cpp	324	Unknown packet type (0xfade)!!!
 5088381	[WARNING]	XnFirmwareStreams.cpp	324	Unknown packet type (0xfade)!!!
 5088397	[WARNING]	XnFirmwareStreams.cpp	324	Unknown packet type (0xfade)!!!
 5091840	[WARNING]	XnFirmwareStreams.cpp	324	Unknown packet type (0xfade)!!!
 5091866	[WARNING]	XnFirmwareStreams.cpp	324	Unknown packet type (0xfade)!!!
 5091882	[WARNING]	XnFirmwareStreams.cpp	324	Unknown packet type (0xfade)!!!
 5091899	[WARNING]	XnFirmwareStreams.cpp	324	Unknown packet type (0xfade)!!!
 5091914	[WARNING]	XnFirmwareStreams.cpp	324	Unknown packet type (0xfade)!!!
 5091929	[WARNING]	XnFirmwareStreams.cpp	324	Unknown packet type (0xfade)!!!
 5091943	[WARNING]	XnFirmwareStreams.cpp	324	Unknown packet type (0xfade)!!!
 5091958	[WARNING]	XnFirmwareStreams.cpp	324	Unknown packet type (0xfade)!!!
 5091972	[WARNING]	XnFirmwareStreams.cpp	324	Unknown packet type (0xfade)!!!
 5091990	[WARNING]	XnFirmwareStreams.cpp	324	Unknown packet type (0xfade)!!!
 5092008	[WARNING]	XnFirmwareStreams.cpp	324	Unknown packet type (0xfade)!!!
 5092023	[WARNING]	XnFirmwareStreams.cpp	324	Unknown packet type (0xfade)!!!
 5092038	[WARNING]	XnFirmwareStreams.cpp	324	Unknown packet type (0xfade)!!!
 5092053	[WARNING]	XnFirmwareStreams.cpp	324	Unknown packet type (0xfade)!!!
 5092067	[WARNING]	XnFirmwareStreams.cpp	324	Unknown packet type (0xfade)!!!
 5092081	[WARNING]	XnFirmwareStreams.cpp	324	Unknown packet type (0xfade)!!!
 5092095	[WARNING]	XnFirmwareStreams.cpp	324	Unknown packet type (0xfade)!!!
 5092109	[WARNING]	XnFirmwareStreams.cpp	324	Unknown packet type (0xfade)!!!
 5092124	[WARNING]	XnFirmwareStreams.cpp	324	Unknown packet type (0xfade)!!!
 5092138	[WARNING]	XnFirmwareStreams.cpp	324	Unknown packet type (0xfade)!!!
 5092152	[WARNING]	XnFirmwareStreams.cpp	324	Unknown packet type (0xfade)!!!
 5092227	[WARNING]	XnFirmwareStreams.cpp	324	Unknown packet type (0xfade)!!!
 5092247	[WARNING]	XnFirmwareStreams.cpp	324	Unknown packet type (0xfade)!!!
 5092264	[WARNING]	XnFirmwareStreams.cpp	324	Unknown packet type (0xfade)!!!
 5092282	[WARNING]	XnFirmwareStreams.cpp	324	Unknown packet type (0xfade)!!!
 5092299	[WARNING]	XnFirmwareStreams.cpp	324	Unknown packet type (0xfade)!!!
 5092317	[WARNING]	XnFirmwareStreams.cpp	324	Unknown packet type (0xfade)!!!
 5092335	[WARNING]	XnFirmwareStreams.cpp	324	Unknown packet type (0xfade)!!!
 5092370	[WARNING]	XnFirmwareStreams.cpp	324	Unknown packet type (0xfade)!!!
 5092386	[WARNING]	XnFirmwareStreams.cpp	324	Unknown packet type (0xfade)!!!
 5092400	[WARNING]	XnFirmwareStreams.cpp	324	Unknown packet type (0xfade)!!!
 5092414	[WARNING]	XnFirmwareStreams.cpp	324	Unknown packet type (0xfade)!!!
 5095979	[WARNING]	XnFirmwareStreams.cpp	324	Unknown packet type (0xfade)!!!
 5096113	[WARNING]	XnFirmwareStreams.cpp	324	Unknown packet type (0xfade)!!!
 5096207	[WARNING]	XnFirmwareStreams.cpp	324	Unknown packet type (0xfade)!!!
 5096295	[WARNING]	XnFirmwareStreams.cpp	324	Unknown packet type (0xfade)!!!
 5096384	[WARNING]	XnFirmwareStreams.cpp	324	Unknown packet type (0xfade)!!!
 5096466	[WARNING]	XnFirmwareStreams.cpp	324	Unknown packet type (0xfade)!!!
 5096549	[WARNING]	XnFirmwareStreams.cpp	324	Unknown packet type (0xfade)!!!
 5096640	[WARNING]	XnFirmwareStreams.cpp	324	Unknown packet type (0xfade)!!!
 5096715	[WARNING]	XnFirmwareStreams.cpp	324	Unknown packet type (0xfade)!!!
 5096832	[WARNING]	XnFirmwareStreams.cpp	324	Unknown packet type (0xfade)!!!
 5096853	[WARNING]	XnFirmwareStreams.cpp	324	Unknown packet type (0xfade)!!!
 5096870	[WARNING]	XnFirmwareStreams.cpp	324	Unknown packet type (0xfade)!!!
 5096886	[WARNING]	XnFirmwareStreams.cpp	324	Unknown packet type (0xfade)!!!
 5096903	[WARNING]	XnFirmwareStreams.cpp	324	Unknown packet type (0xfade)!!!
 5096919	[WARNING]	XnFirmwareStreams.cpp	324	Unknown packet type (0xfade)!!!
 5096935	[WARNING]	XnFirmwareStreams.cpp	324	Unknown packet type (0xfade)!!!
 5096951	[WARNING]	XnFirmwareStreams.cpp	324	Unknown packet type (0xfade)!!!
 5096968	[WARNING]	XnFirmwareStreams.cpp	324	Unknown packet type (0xfade)!!!
 5096984	[WARNING]	XnFirmwareStreams.cpp	324	Unknown packet type (0xfade)!!!
 5097000	[WARNING]	XnFirmwareStreams.cpp	324	Unknown packet type (0xfade)!!!
 5097016	[WARNING]	XnFirmwareStreams.cpp	324	Unknown packet type (0xfade)!!!
 5097033	[WARNING]	XnFirmwareStreams.cpp	324	Unknown packet type (0xfade)!!!
 5097049	[WARNING]	XnFirmwareStreams.cpp	324	Unknown packet type (0xfade)!!!
 5097065	[WARNING]	XnFirmwareStreams.cpp	324	Unknown packet type (0xfade)!!!
 5097081	[WARNING]	XnFirmwareStreams.cpp	324	Unknown packet type (0xfade)!!!
 5097097	[WARNING]	XnFirmwareStreams.cpp	324	Unknown packet type (0xfade)!!!
 5097113	[WARNING]	XnFirmwareStreams.cpp	324	Unknown packet type (0xfade)!!!
 5097129	[WARNING]	XnFirmwareStreams.cpp	324	Unknown packet type (0xfade)!!!
 5097145	[WARNING]	XnFirmwareStreams.cpp	324	Unknown packet type (0xfade)!!!
 5097161	[WARNING]	XnFirmwareStreams.cpp	324	Unknown packet type (0xfade)!!!
 5099866	[WARNING]	XnFirmwareStreams.cpp	324	Unknown packet type (0xfade)!!!
 5099901	[WARNING]	XnFirmwareStreams.cpp	324	Unknown packet type (0xfade)!!!
 5099916	[WARNING]	XnFirmwareStreams.cpp	324	Unknown packet type (0xfade)!!!
 5099931	[WARNING]	XnFirmwareStreams.cpp	324	Unknown packet type (0xfade)!!!
 5099946	[WARNING]	XnFirmwareStreams.cpp	324	Unknown packet type (0xfade)!!!
 5099961	[WARNING]	XnFirmwareStreams.cpp	324	Unknown packet type (0xfade)!!!
 5099976	[WARNING]	XnFirmwareStreams.cpp	324	Unknown packet type (0xfade)!!!
 5099991	[WARNING]	XnFirmwareStreams.cpp	324	Unknown packet type (0xfade)!!!
 5100005	[WARNING]	XnFirmwareStreams.cpp	324	Unknown packet type (0xfade)!!!
 5100020	[WARNING]	XnFirmwareStreams.cpp	324	Unknown packet type (0xfade)!!!
 5100035	[WARNING]	XnFirmwareStreams.cpp	324	Unknown packet type (0xfade)!!!
 5103867	[WARNING]	XnFirmwareStreams.cpp	324	Unknown packet type (0xfade)!!!
 5103898	[WARNING]	XnFirmwareStreams.cpp	324	Unknown packet type (0xfade)!!!
 5103914	[WARNING]	XnFirmwareStreams.cpp	324	Unknown packet type (0xfade)!!!
 5103930	[WARNING]	XnFirmwareStreams.cpp	324	Unknown packet type (0xfade)!!!
 5103947	[WARNING]	XnFirmwareStreams.cpp	324	Unknown packet type (0xfade)!!!
 5103963	[WARNING]	XnFirmwareStreams.cpp	324	Unknown packet type (0xfade)!!!
 5103981	[WARNING]	XnFirmwareStreams.cpp	324	Unknown packet type (0xfade)!!!
 5104000	[WARNING]	XnFirmwareStreams.cpp	324	Unknown packet type (0xfade)!!!
 5104018	[WARNING]	XnFirmwareStreams.cpp	324	Unknown packet type (0xfade)!!!
 5104075	[WARNING]	XnFirmwareStreams.cpp	324	Unknown packet type (0xfade)!!!
 5104094	[WARNING]	XnFirmwareStreams.cpp	324	Unknown packet type (0xfade)!!!
 5104111	[WARNING]	XnFirmwareStreams.cpp	324	Unknown packet type (0xfade)!!!
 5104128	[WARNING]	XnFirmwareStreams.cpp	324	Unknown packet type (0xfade)!!!
 5104145	[WARNING]	XnFirmwareStreams.cpp	324	Unknown packet type (0xfade)!!!
 5104162	[WARNING]	XnFirmwareStreams.cpp	324	Unknown packet type (0xfade)!!!
 5104180	[WARNING]	XnFirmwareStreams.cpp	324	Unknown packet type (0xfade)!!!
 5104197	[WARNING]	XnFirmwareStreams.cpp	324	Unknown packet type (0xfade)!!!
 5104214	[WARNING]	XnFirmwareStreams.cpp	324	Unknown packet type (0xfade)!!!
 5104232	[WARNING]	XnFirmwareStreams.cpp	324	Unknown packet type (0xfade)!!!
 5104250	[WARNING]	XnFirmwareStreams.cpp	324	Unknown packet type (0xfade)!!!
 5104266	[WARNING]	XnFirmwareStreams.cpp	324	Unknown packet type (0xfade)!!!
 5104284	[WARNING]	XnFirmwareStreams.cpp	324	Unknown packet type (0xfade)!!!
 5104302	[WARNING]	XnFirmwareStreams.cpp	324	Unknown packet type (0xfade)!!!
 5104318	[WARNING]	XnFirmwareStreams.cpp	324	Unknown packet type (0xfade)!!!
 5104336	[WARNING]	XnFirmwareStreams.cpp	324	Unknown packet type (0xfade)!!!
 5104354	[WARNING]	XnFirmwareStreams.cpp	324	Unknown packet type (0xfade)!!!
 5104371	[WARNING]	XnFirmwareStreams.cpp	324	Unknown packet type (0xfade)!!!
 5104389	[WARNING]	XnFirmwareStreams.cpp	324	Unknown packet type (0xfade)!!!
 5104406	[WARNING]	XnFirmwareStreams.cpp	324	Unknown packet type (0xfade)!!!
 5104423	[WARNING]	XnFirmwareStreams.cpp	324	Unknown packet type (0xfade)!!!
 5104441	[WARNING]	XnFirmwareStreams.cpp	324	Unknown packet type (0xfade)!!!
 5104458	[WARNING]	XnFirmwareStreams.cpp	324	Unknown packet type (0xfade)!!!
 5107947	[WARNING]	XnFirmwareStreams.cpp	324	Unknown packet type (0xfade)!!!
 5108002	[WARNING]	XnFirmwareStreams.cpp	324	Unknown packet type (0xfade)!!!
 5108020	[WARNING]	XnFirmwareStreams.cpp	324	Unknown packet type (0xfade)!!!
 5108036	[WARNING]	XnFirmwareStreams.cpp	324	Unknown packet type (0xfade)!!!
 5108052	[WARNING]	XnFirmwareStreams.cpp	324	Unknown packet type (0xfade)!!!
 5108068	[WARNING]	XnFirmwareStreams.cpp	324	Unknown packet type (0xfade)!!!
 5108085	[WARNING]	XnFirmwareStreams.cpp	324	Unknown packet type (0xfade)!!!
 5108102	[WARNING]	XnFirmwareStreams.cpp	324	Unknown packet type (0xfade)!!!
 5108119	[WARNING]	XnFirmwareStreams.cpp	324	Unknown packet type (0xfade)!!!
 5108136	[WARNING]	XnFirmwareStreams.cpp	324	Unknown packet type (0xfade)!!!
 5108154	[WARNING]	XnFirmwareStreams.cpp	324	Unknown packet type (0xfade)!!!
 5108170	[WARNING]	XnFirmwareStreams.cpp	324	Unknown packet type (0xfade)!!!
 5108187	[WARNING]	XnFirmwareStreams.cpp	324	Unknown packet type (0xfade)!!!
 5108204	[WARNING]	XnFirmwareStreams.cpp	324	Unknown packet type (0xfade)!!!
 5108221	[WARNING]	XnFirmwareStreams.cpp	324	Unknown packet type (0xfade)!!!
 5108238	[WARNING]	XnFirmwareStreams.cpp	324	Unknown packet type (0xfade)!!!
 5108255	[WARNING]	XnFirmwareStreams.cpp	324	Unknown packet type (0xfade)!!!
 5108272	[WARNING]	XnFirmwareStreams.cpp	324	Unknown packet type (0xfade)!!!
 5108289	[WARNING]	XnFirmwareStreams.cpp	324	Unknown packet type (0xfade)!!!
 5108307	[WARNING]	XnFirmwareStreams.cpp	324	Unknown packet type (0xfade)!!!
 5108324	[WARNING]	XnFirmwareStreams.cpp	324	Unknown packet type (0xfade)!!!
 5108387	[WARNING]	XnFirmwareStreams.cpp	324	Unknown packet type (0xfade)!!!
 5108407	[WARNING]	XnFirmwareStreams.cpp	324	Unknown packet type (0xfade)!!!
 5108424	[WARNING]	XnFirmwareStreams.cpp	324	Unknown packet type (0xfade)!!!
 5108441	[WARNING]	XnFirmwareStreams.cpp	324	Unknown packet type (0xfade)!!!
 5108458	[WARNING]	XnFirmwareStreams.cpp	324	Unknown packet type (0xfade)!!!
 5108476	[WARNING]	XnFirmwareStreams.cpp	324	Unknown packet type (0xfade)!!!
 5108492	[WARNING]	XnFirmwareStreams.cpp	324	Unknown packet type (0xfade)!!!
 5108509	[WARNING]	XnFirmwareStreams.cpp	324	Unknown packet type (0xfade)!!!
 5108527	[WARNING]	XnFirmwareStreams.cpp	324	Unknown packet type (0xfade)!!!
 5108582	[WARNING]	XnFirmwareStreams.cpp	324	Unknown packet type (0xfade)!!!
 5111878	[WARNING]	XnFirmwareStreams.cpp	324	Unknown packet type (0xfade)!!!
 5111904	[WARNING]	XnFirmwareStreams.cpp	324	Unknown packet type (0xfade)!!!
 5111922	[WARNING]	XnFirmwareStreams.cpp	324	Unknown packet type (0xfade)!!!
 5111936	[WARNING]	XnFirmwareStreams.cpp	324	Unknown packet type (0xfade)!!!
 5111948	[WARNING]	XnFirmwareStreams.cpp	324	Unknown packet type (0xfade)!!!
 5111959	[WARNING]	XnFirmwareStreams.cpp	324	Unknown packet type (0xfade)!!!
 5111976	[WARNING]	XnFirmwareStreams.cpp	324	Unknown packet type (0xfade)!!!
 5111993	[WARNING]	XnFirmwareStreams.cpp	324	Unknown packet type (0xfade)!!!
 5112010	[WARNING]	XnFirmwareStreams.cpp	324	Unknown packet type (0xfade)!!!
 5112027	[WARNING]	XnFirmwareStreams.cpp	324	Unknown packet type (0xfade)!!!
 5112045	[WARNING]	XnFirmwareStreams.cpp	324	Unknown packet type (0xfade)!!!
 5112062	[WARNING]	XnFirmwareStreams.cpp	324	Unknown packet type (0xfade)!!!
 5112079	[WARNING]	XnFirmwareStreams.cpp	324	Unknown packet type (0xfade)!!!
 5112096	[WARNING]	XnFirmwareStreams.cpp	324	Unknown packet type (0xfade)!!!
 5112114	[WARNING]	XnFirmwareStreams.cpp	324	Unknown packet type (0xfade)!!!
 5112132	[WARNING]	XnFirmwareStreams.cpp	324	Unknown packet type (0xfade)!!!
 5112149	[WARNING]	XnFirmwareStreams.cpp	324	Unknown packet type (0xfade)!!!
 5112166	[WARNING]	XnFirmwareStreams.cpp	324	Unknown packet type (0xfade)!!!
 5112183	[WARNING]	XnFirmwareStreams.cpp	324	Unknown packet type (0xfade)!!!
 5112201	[WARNING]	XnFirmwareStreams.cpp	324	Unknown packet type (0xfade)!!!
 5112218	[WARNING]	XnFirmwareStreams.cpp	324	Unknown packet type (0xfade)!!!
 5112235	[WARNING]	XnFirmwareStreams.cpp	324	Unknown packet type (0xfade)!!!
 5112252	[WARNING]	XnFirmwareStreams.cpp	324	Unknown packet type (0xfade)!!!
 5112269	[WARNING]	XnFirmwareStreams.cpp	324	Unknown packet type (0xfade)!!!
 5112287	[WARNING]	XnFirmwareStreams.cpp	324	Unknown packet type (0xfade)!!!
 5112304	[WARNING]	XnFirmwareStreams.cpp	324	Unknown packet type (0xfade)!!!
 5112320	[WARNING]	XnFirmwareStreams.cpp	324	Unknown packet type (0xfade)!!!
 5112337	[WARNING]	XnFirmwareStreams.cpp	324	Unknown packet type (0xfade)!!!
 5112351	[WARNING]	XnFirmwareStreams.cpp	324	Unknown packet type (0xfade)!!!
 5112362	[WARNING]	XnFirmwareStreams.cpp	324	Unknown packet type (0xfade)!!!
 5112373	[WARNING]	XnFirmwareStreams.cpp	324	Unknown packet type (0xfade)!!!
 5112384	[WARNING]	XnFirmwareStreams.cpp	324	Unknown packet type (0xfade)!!!
 5115856	[WARNING]	XnFirmwareStreams.cpp	324	Unknown packet type (0xfade)!!!
 5115892	[WARNING]	XnFirmwareStreams.cpp	324	Unknown packet type (0xfade)!!!
 5115908	[WARNING]	XnFirmwareStreams.cpp	324	Unknown packet type (0xfade)!!!
 5115925	[WARNING]	XnFirmwareStreams.cpp	324	Unknown packet type (0xfade)!!!
 5115941	[WARNING]	XnFirmwareStreams.cpp	324	Unknown packet type (0xfade)!!!
 5115958	[WARNING]	XnFirmwareStreams.cpp	324	Unknown packet type (0xfade)!!!
 5115974	[WARNING]	XnFirmwareStreams.cpp	324	Unknown packet type (0xfade)!!!
 5115990	[WARNING]	XnFirmwareStreams.cpp	324	Unknown packet type (0xfade)!!!
 5116006	[WARNING]	XnFirmwareStreams.cpp	324	Unknown packet type (0xfade)!!!
 5116022	[WARNING]	XnFirmwareStreams.cpp	324	Unknown packet type (0xfade)!!!
 5116038	[WARNING]	XnFirmwareStreams.cpp	324	Unknown packet type (0xfade)!!!
 5116053	[WARNING]	XnFirmwareStreams.cpp	324	Unknown packet type (0xfade)!!!
 5116069	[WARNING]	XnFirmwareStreams.cpp	324	Unknown packet type (0xfade)!!!
 5116085	[WARNING]	XnFirmwareStreams.cpp	324	Unknown packet type (0xfade)!!!
 5116101	[WARNING]	XnFirmwareStreams.cpp	324	Unknown packet type (0xfade)!!!
 5116117	[WARNING]	XnFirmwareStreams.cpp	324	Unknown packet type (0xfade)!!!
 5116133	[WARNING]	XnFirmwareStreams.cpp	324	Unknown packet type (0xfade)!!!
 5116149	[WARNING]	XnFirmwareStreams.cpp	324	Unknown packet type (0xfade)!!!
 5116165	[WARNING]	XnFirmwareStreams.cpp	324	Unknown packet type (0xfade)!!!
 5116181	[WARNING]	XnFirmwareStreams.cpp	324	Unknown packet type (0xfade)!!!
 5116223	[WARNING]	XnFirmwareStreams.cpp	324	Unknown packet type (0xfade)!!!
 5116241	[WARNING]	XnFirmwareStreams.cpp	324	Unknown packet type (0xfade)!!!
 5116257	[WARNING]	XnFirmwareStreams.cpp	324	Unknown packet type (0xfade)!!!
 5116273	[WARNING]	XnFirmwareStreams.cpp	324	Unknown packet type (0xfade)!!!
 5116289	[WARNING]	XnFirmwareStreams.cpp	324	Unknown packet type (0xfade)!!!
 5116305	[WARNING]	XnFirmwareStreams.cpp	324	Unknown packet type (0xfade)!!!
 5116322	[WARNING]	XnFirmwareStreams.cpp	324	Unknown packet type (0xfade)!!!
 5116337	[WARNING]	XnFirmwareStreams.cpp	324	Unknown packet type (0xfade)!!!
 5116353	[WARNING]	XnFirmwareStreams.cpp	324	Unknown packet type (0xfade)!!!
 5116369	[WARNING]	XnFirmwareStreams.cpp	324	Unknown packet type (0xfade)!!!
 5116385	[WARNING]	XnFirmwareStreams.cpp	324	Unknown packet type (0xfade)!!!
 5116401	[WARNING]	XnFirmwareStreams.cpp	324	Unknown packet type (0xfade)!!!
 5119843	[WARNING]	XnFirmwareStreams.cpp	324	Unknown packet type (0xfade)!!!
 5119867	[WARNING]	XnFirmwareStreams.cpp	324	Unknown packet type (0xfade)!!!
 5119885	[WARNING]	XnFirmwareStreams.cpp	324	Unknown packet type (0xfade)!!!
 5119902	[WARNING]	XnFirmwareStreams.cpp	324	Unknown packet type (0xfade)!!!
 5119918	[WARNING]	XnFirmwareStreams.cpp	324	Unknown packet type (0xfade)!!!
 5119934	[WARNING]	XnFirmwareStreams.cpp	324	Unknown packet type (0xfade)!!!
 5119950	[WARNING]	XnFirmwareStreams.cpp	324	Unknown packet type (0xfade)!!!
 5119966	[WARNING]	XnFirmwareStreams.cpp	324	Unknown packet type (0xfade)!!!
 5119982	[WARNING]	XnFirmwareStreams.cpp	324	Unknown packet type (0xfade)!!!
 5119998	[WARNING]	XnFirmwareStreams.cpp	324	Unknown packet type (0xfade)!!!
 5120015	[WARNING]	XnFirmwareStreams.cpp	324	Unknown packet type (0xfade)!!!
 5120031	[WARNING]	XnFirmwareStreams.cpp	324	Unknown packet type (0xfade)!!!
 5120047	[WARNING]	XnFirmwareStreams.cpp	324	Unknown packet type (0xfade)!!!
 5120063	[WARNING]	XnFirmwareStreams.cpp	324	Unknown packet type (0xfade)!!!
 5120079	[WARNING]	XnFirmwareStreams.cpp	324	Unknown packet type (0xfade)!!!
 5120095	[WARNING]	XnFirmwareStreams.cpp	324	Unknown packet type (0xfade)!!!
 5120111	[WARNING]	XnFirmwareStreams.cpp	324	Unknown packet type (0xfade)!!!
 5120127	[WARNING]	XnFirmwareStreams.cpp	324	Unknown packet type (0xfade)!!!
 5120142	[WARNING]	XnFirmwareStreams.cpp	324	Unknown packet type (0xfade)!!!
 5120158	[WARNING]	XnFirmwareStreams.cpp	324	Unknown packet type (0xfade)!!!
 5120177	[WARNING]	XnFirmwareStreams.cpp	324	Unknown packet type (0xfade)!!!
 5120197	[WARNING]	XnFirmwareStreams.cpp	324	Unknown packet type (0xfade)!!!
 5120214	[WARNING]	XnFirmwareStreams.cpp	324	Unknown packet type (0xfade)!!!
 5120231	[WARNING]	XnFirmwareStreams.cpp	324	Unknown packet type (0xfade)!!!
 5120248	[WARNING]	XnFirmwareStreams.cpp	324	Unknown packet type (0xfade)!!!
 5120264	[WARNING]	XnFirmwareStreams.cpp	324	Unknown packet type (0xfade)!!!
 5120280	[WARNING]	XnFirmwareStreams.cpp	324	Unknown packet type (0xfade)!!!
 5120296	[WARNING]	XnFirmwareStreams.cpp	324	Unknown packet type (0xfade)!!!
 5120312	[WARNING]	XnFirmwareStreams.cpp	324	Unknown packet type (0xfade)!!!
 5120328	[WARNING]	XnFirmwareStreams.cpp	324	Unknown packet type (0xfade)!!!
 5120344	[WARNING]	XnFirmwareStreams.cpp	324	Unknown packet type (0xfade)!!!
 5123901	[WARNING]	XnFirmwareStreams.cpp	324	Unknown packet type (0xfade)!!!
 5123921	[WARNING]	XnFirmwareStreams.cpp	324	Unknown packet type (0xfade)!!!
 5123932	[WARNING]	XnFirmwareStreams.cpp	324	Unknown packet type (0xfade)!!!
 5123943	[WARNING]	XnFirmwareStreams.cpp	324	Unknown packet type (0xfade)!!!
 5123954	[WARNING]	XnFirmwareStreams.cpp	324	Unknown packet type (0xfade)!!!
 5123965	[WARNING]	XnFirmwareStreams.cpp	324	Unknown packet type (0xfade)!!!
 5123976	[WARNING]	XnFirmwareStreams.cpp	324	Unknown packet type (0xfade)!!!
 5123987	[WARNING]	XnFirmwareStreams.cpp	324	Unknown packet type (0xfade)!!!
 5123997	[WARNING]	XnFirmwareStreams.cpp	324	Unknown packet type (0xfade)!!!
 5124008	[WARNING]	XnFirmwareStreams.cpp	324	Unknown packet type (0xfade)!!!
 5124037	[WARNING]	XnFirmwareStreams.cpp	324	Unknown packet type (0xfade)!!!
 5124048	[WARNING]	XnFirmwareStreams.cpp	324	Unknown packet type (0xfade)!!!
 5124058	[WARNING]	XnFirmwareStreams.cpp	324	Unknown packet type (0xfade)!!!
 5124069	[WARNING]	XnFirmwareStreams.cpp	324	Unknown packet type (0xfade)!!!
 5124080	[WARNING]	XnFirmwareStreams.cpp	324	Unknown packet type (0xfade)!!!
 5124091	[WARNING]	XnFirmwareStreams.cpp	324	Unknown packet type (0xfade)!!!
 5124102	[WARNING]	XnFirmwareStreams.cpp	324	Unknown packet type (0xfade)!!!
 5124113	[WARNING]	XnFirmwareStreams.cpp	324	Unknown packet type (0xfade)!!!
 5124123	[WARNING]	XnFirmwareStreams.cpp	324	Unknown packet type (0xfade)!!!
 5124134	[WARNING]	XnFirmwareStreams.cpp	324	Unknown packet type (0xfade)!!!
 5124145	[WARNING]	XnFirmwareStreams.cpp	324	Unknown packet type (0xfade)!!!
 5124156	[WARNING]	XnFirmwareStreams.cpp	324	Unknown packet type (0xfade)!!!
 5124166	[WARNING]	XnFirmwareStreams.cpp	324	Unknown packet type (0xfade)!!!
 5124177	[WARNING]	XnFirmwareStreams.cpp	324	Unknown packet type (0xfade)!!!
 5124188	[WARNING]	XnFirmwareStreams.cpp	324	Unknown packet type (0xfade)!!!
 5124198	[WARNING]	XnFirmwareStreams.cpp	324	Unknown packet type (0xfade)!!!
 5124209	[WARNING]	XnFirmwareStreams.cpp	324	Unknown packet type (0xfade)!!!
 5124220	[WARNING]	XnFirmwareStreams.cpp	324	Unknown packet type (0xfade)!!!
 5124231	[WARNING]	XnFirmwareStreams.cpp	324	Unknown packet type (0xfade)!!!
 5124241	[WARNING]	XnFirmwareStreams.cpp	324	Unknown packet type (0xfade)!!!
 5124252	[WARNING]	XnFirmwareStreams.cpp	324	Unknown packet type (0xfade)!!!
 5124263	[WARNING]	XnFirmwareStreams.cpp	324	Unknown packet type (0xfade)!!!
 5127903	[WARNING]	XnFirmwareStreams.cpp	324	Unknown packet type (0xfade)!!!
 5127927	[WARNING]	XnFirmwareStreams.cpp	324	Unknown packet type (0xfade)!!!
 5127938	[WARNING]	XnFirmwareStreams.cpp	324	Unknown packet type (0xfade)!!!
 5127949	[WARNING]	XnFirmwareStreams.cpp	324	Unknown packet type (0xfade)!!!
 5127960	[WARNING]	XnFirmwareStreams.cpp	324	Unknown packet type (0xfade)!!!
 5127971	[WARNING]	XnFirmwareStreams.cpp	324	Unknown packet type (0xfade)!!!
 5127982	[WARNING]	XnFirmwareStreams.cpp	324	Unknown packet type (0xfade)!!!
 5127993	[WARNING]	XnFirmwareStreams.cpp	324	Unknown packet type (0xfade)!!!
 5128004	[WARNING]	XnFirmwareStreams.cpp	324	Unknown packet type (0xfade)!!!
 5128015	[WARNING]	XnFirmwareStreams.cpp	324	Unknown packet type (0xfade)!!!
 5128026	[WARNING]	XnFirmwareStreams.cpp	324	Unknown packet type (0xfade)!!!
 5128037	[WARNING]	XnFirmwareStreams.cpp	324	Unknown packet type (0xfade)!!!
 5128048	[WARNING]	XnFirmwareStreams.cpp	324	Unknown packet type (0xfade)!!!
 5128058	[WARNING]	XnFirmwareStreams.cpp	324	Unknown packet type (0xfade)!!!
 5128069	[WARNING]	XnFirmwareStreams.cpp	324	Unknown packet type (0xfade)!!!
 5128080	[WARNING]	XnFirmwareStreams.cpp	324	Unknown packet type (0xfade)!!!
 5128091	[WARNING]	XnFirmwareStreams.cpp	324	Unknown packet type (0xfade)!!!
 5128102	[WARNING]	XnFirmwareStreams.cpp	324	Unknown packet type (0xfade)!!!
 5128113	[WARNING]	XnFirmwareStreams.cpp	324	Unknown packet type (0xfade)!!!
 5128127	[WARNING]	XnFirmwareStreams.cpp	324	Unknown packet type (0xfade)!!!
 5128138	[WARNING]	XnFirmwareStreams.cpp	324	Unknown packet type (0xfade)!!!
 5128149	[WARNING]	XnFirmwareStreams.cpp	324	Unknown packet type (0xfade)!!!
 5128160	[WARNING]	XnFirmwareStreams.cpp	324	Unknown packet type (0xfade)!!!
 5128171	[WARNING]	XnFirmwareStreams.cpp	324	Unknown packet type (0xfade)!!!
 5128182	[WARNING]	XnFirmwareStreams.cpp	324	Unknown packet type (0xfade)!!!
 5128193	[WARNING]	XnFirmwareStreams.cpp	324	Unknown packet type (0xfade)!!!
 5128204	[WARNING]	XnFirmwareStreams.cpp	324	Unknown packet type (0xfade)!!!
 5128215	[WARNING]	XnFirmwareStreams.cpp	324	Unknown packet type (0xfade)!!!
 5128226	[WARNING]	XnFirmwareStreams.cpp	324	Unknown packet type (0xfade)!!!
 5128237	[WARNING]	XnFirmwareStreams.cpp	324	Unknown packet type (0xfade)!!!
 5128248	[WARNING]	XnFirmwareStreams.cpp	324	Unknown packet type (0xfade)!!!
 5131847	[WARNING]	XnFirmwareStreams.cpp	324	Unknown packet type (0xfade)!!!
 5131883	[WARNING]	XnFirmwareStreams.cpp	324	Unknown packet type (0xfade)!!!
 5131903	[WARNING]	XnFirmwareStreams.cpp	324	Unknown packet type (0xfade)!!!
 5131922	[WARNING]	XnFirmwareStreams.cpp	324	Unknown packet type (0xfade)!!!
 5131940	[WARNING]	XnFirmwareStreams.cpp	324	Unknown packet type (0xfade)!!!
 5131957	[WARNING]	XnFirmwareStreams.cpp	324	Unknown packet type (0xfade)!!!
 5131974	[WARNING]	XnFirmwareStreams.cpp	324	Unknown packet type (0xfade)!!!
 5131991	[WARNING]	XnFirmwareStreams.cpp	324	Unknown packet type (0xfade)!!!
 5132008	[WARNING]	XnFirmwareStreams.cpp	324	Unknown packet type (0xfade)!!!
 5132026	[WARNING]	XnFirmwareStreams.cpp	324	Unknown packet type (0xfade)!!!
 5132045	[WARNING]	XnFirmwareStreams.cpp	324	Unknown packet type (0xfade)!!!
 5132064	[WARNING]	XnFirmwareStreams.cpp	324	Unknown packet type (0xfade)!!!
 5132083	[WARNING]	XnFirmwareStreams.cpp	324	Unknown packet type (0xfade)!!!
 5135847	[WARNING]	XnFirmwareStreams.cpp	324	Unknown packet type (0xfade)!!!
 5135868	[WARNING]	XnFirmwareStreams.cpp	324	Unknown packet type (0xfade)!!!
 5135879	[WARNING]	XnFirmwareStreams.cpp	324	Unknown packet type (0xfade)!!!
 5135889	[WARNING]	XnFirmwareStreams.cpp	324	Unknown packet type (0xfade)!!!
 5135900	[WARNING]	XnFirmwareStreams.cpp	324	Unknown packet type (0xfade)!!!
 5135911	[WARNING]	XnFirmwareStreams.cpp	324	Unknown packet type (0xfade)!!!
 5135921	[WARNING]	XnFirmwareStreams.cpp	324	Unknown packet type (0xfade)!!!
 5135932	[WARNING]	XnFirmwareStreams.cpp	324	Unknown packet type (0xfade)!!!
 5135943	[WARNING]	XnFirmwareStreams.cpp	324	Unknown packet type (0xfade)!!!
 5135954	[WARNING]	XnFirmwareStreams.cpp	324	Unknown packet type (0xfade)!!!
 5135965	[WARNING]	XnFirmwareStreams.cpp	324	Unknown packet type (0xfade)!!!
 5135976	[WARNING]	XnFirmwareStreams.cpp	324	Unknown packet type (0xfade)!!!
 5135987	[WARNING]	XnFirmwareStreams.cpp	324	Unknown packet type (0xfade)!!!
 5135998	[WARNING]	XnFirmwareStreams.cpp	324	Unknown packet type (0xfade)!!!
 5136008	[WARNING]	XnFirmwareStreams.cpp	324	Unknown packet type (0xfade)!!!
 5136018	[WARNING]	XnFirmwareStreams.cpp	324	Unknown packet type (0xfade)!!!
 5136028	[WARNING]	XnFirmwareStreams.cpp	324	Unknown packet type (0xfade)!!!
 5136039	[WARNING]	XnFirmwareStreams.cpp	324	Unknown packet type (0xfade)!!!
 5136050	[WARNING]	XnFirmwareStreams.cpp	324	Unknown packet type (0xfade)!!!
 5136060	[WARNING]	XnFirmwareStreams.cpp	324	Unknown packet type (0xfade)!!!
 5136071	[WARNING]	XnFirmwareStreams.cpp	324	Unknown packet type (0xfade)!!!
 5136082	[WARNING]	XnFirmwareStreams.cpp	324	Unknown packet type (0xfade)!!!
 5136092	[WARNING]	XnFirmwareStreams.cpp	324	Unknown packet type (0xfade)!!!
 5136103	[WARNING]	XnFirmwareStreams.cpp	324	Unknown packet type (0xfade)!!!
 5136114	[WARNING]	XnFirmwareStreams.cpp	324	Unknown packet type (0xfade)!!!
 5136125	[WARNING]	XnFirmwareStreams.cpp	324	Unknown packet type (0xfade)!!!
 5136135	[WARNING]	XnFirmwareStreams.cpp	324	Unknown packet type (0xfade)!!!
 5136146	[WARNING]	XnFirmwareStreams.cpp	324	Unknown packet type (0xfade)!!!
 5136158	[WARNING]	XnFirmwareStreams.cpp	324	Unknown packet type (0xfade)!!!
 5139931	[WARNING]	XnFirmwareStreams.cpp	324	Unknown packet type (0xfade)!!!
 5139961	[WARNING]	XnFirmwareStreams.cpp	324	Unknown packet type (0xfade)!!!
 5139979	[WARNING]	XnFirmwareStreams.cpp	324	Unknown packet type (0xfade)!!!
 5139996	[WARNING]	XnFirmwareStreams.cpp	324	Unknown packet type (0xfade)!!!
 5140012	[WARNING]	XnFirmwareStreams.cpp	324	Unknown packet type (0xfade)!!!
 5140029	[WARNING]	XnFirmwareStreams.cpp	324	Unknown packet type (0xfade)!!!
 5140045	[WARNING]	XnFirmwareStreams.cpp	324	Unknown packet type (0xfade)!!!
 5140062	[WARNING]	XnFirmwareStreams.cpp	324	Unknown packet type (0xfade)!!!
 5140078	[WARNING]	XnFirmwareStreams.cpp	324	Unknown packet type (0xfade)!!!
 5140094	[WARNING]	XnFirmwareStreams.cpp	324	Unknown packet type (0xfade)!!!
 5140111	[WARNING]	XnFirmwareStreams.cpp	324	Unknown packet type (0xfade)!!!
 5140156	[WARNING]	XnFirmwareStreams.cpp	324	Unknown packet type (0xfade)!!!
 5140174	[WARNING]	XnFirmwareStreams.cpp	324	Unknown packet type (0xfade)!!!
 5140191	[WARNING]	XnFirmwareStreams.cpp	324	Unknown packet type (0xfade)!!!
 5140207	[WARNING]	XnFirmwareStreams.cpp	324	Unknown packet type (0xfade)!!!
 5140225	[WARNING]	XnFirmwareStreams.cpp	324	Unknown packet type (0xfade)!!!
 5140241	[WARNING]	XnFirmwareStreams.cpp	324	Unknown packet type (0xfade)!!!
 5140258	[WARNING]	XnFirmwareStreams.cpp	324	Unknown packet type (0xfade)!!!
 5140274	[WARNING]	XnFirmwareStreams.cpp	324	Unknown packet type (0xfade)!!!
 5140290	[WARNING]	XnFirmwareStreams.cpp	324	Unknown packet type (0xfade)!!!
 5140306	[WARNING]	XnFirmwareStreams.cpp	324	Unknown packet type (0xfade)!!!
 5140322	[WARNING]	XnFirmwareStreams.cpp	324	Unknown packet type (0xfade)!!!
 5140338	[WARNING]	XnFirmwareStreams.cpp	324	Unknown packet type (0xfade)!!!
 5140354	[WARNING]	XnFirmwareStreams.cpp	324	Unknown packet type (0xfade)!!!
 5140370	[WARNING]	XnFirmwareStreams.cpp	324	Unknown packet type (0xfade)!!!
 5140386	[WARNING]	XnFirmwareStreams.cpp	324	Unknown packet type (0xfade)!!!
 5140401	[WARNING]	XnFirmwareStreams.cpp	324	Unknown packet type (0xfade)!!!
 5140416	[WARNING]	XnFirmwareStreams.cpp	324	Unknown packet type (0xfade)!!!
 5140431	[WARNING]	XnFirmwareStreams.cpp	324	Unknown packet type (0xfade)!!!
 5140447	[WARNING]	XnFirmwareStreams.cpp	324	Unknown packet type (0xfade)!!!
 5140463	[WARNING]	XnFirmwareStreams.cpp	324	Unknown packet type (0xfade)!!!
 5143904	[WARNING]	XnFirmwareStreams.cpp	324	Unknown packet type (0xfade)!!!
 5143929	[WARNING]	XnFirmwareStreams.cpp	324	Unknown packet type (0xfade)!!!
 5143941	[WARNING]	XnFirmwareStreams.cpp	324	Unknown packet type (0xfade)!!!
 5143952	[WARNING]	XnFirmwareStreams.cpp	324	Unknown packet type (0xfade)!!!
 5143963	[WARNING]	XnFirmwareStreams.cpp	324	Unknown packet type (0xfade)!!!
 5143975	[WARNING]	XnFirmwareStreams.cpp	324	Unknown packet type (0xfade)!!!
 5143986	[WARNING]	XnFirmwareStreams.cpp	324	Unknown packet type (0xfade)!!!
 5143997	[WARNING]	XnFirmwareStreams.cpp	324	Unknown packet type (0xfade)!!!
 5144008	[WARNING]	XnFirmwareStreams.cpp	324	Unknown packet type (0xfade)!!!
 5144019	[WARNING]	XnFirmwareStreams.cpp	324	Unknown packet type (0xfade)!!!
 5144030	[WARNING]	XnFirmwareStreams.cpp	324	Unknown packet type (0xfade)!!!
 5144041	[WARNING]	XnFirmwareStreams.cpp	324	Unknown packet type (0xfade)!!!
 5144052	[WARNING]	XnFirmwareStreams.cpp	324	Unknown packet type (0xfade)!!!
 5144063	[WARNING]	XnFirmwareStreams.cpp	324	Unknown packet type (0xfade)!!!
 5144074	[WARNING]	XnFirmwareStreams.cpp	324	Unknown packet type (0xfade)!!!
 5144085	[WARNING]	XnFirmwareStreams.cpp	324	Unknown packet type (0xfade)!!!
 5144096	[WARNING]	XnFirmwareStreams.cpp	324	Unknown packet type (0xfade)!!!
 5144107	[WARNING]	XnFirmwareStreams.cpp	324	Unknown packet type (0xfade)!!!
 5144118	[WARNING]	XnFirmwareStreams.cpp	324	Unknown packet type (0xfade)!!!
 5144129	[WARNING]	XnFirmwareStreams.cpp	324	Unknown packet type (0xfade)!!!
 5144140	[WARNING]	XnFirmwareStreams.cpp	324	Unknown packet type (0xfade)!!!
 5144151	[WARNING]	XnFirmwareStreams.cpp	324	Unknown packet type (0xfade)!!!
 5144162	[WARNING]	XnFirmwareStreams.cpp	324	Unknown packet type (0xfade)!!!
 5144173	[WARNING]	XnFirmwareStreams.cpp	324	Unknown packet type (0xfade)!!!
 5144183	[WARNING]	XnFirmwareStreams.cpp	324	Unknown packet type (0xfade)!!!
 5144194	[WARNING]	XnFirmwareStreams.cpp	324	Unknown packet type (0xfade)!!!
 5144205	[WARNING]	XnFirmwareStreams.cpp	324	Unknown packet type (0xfade)!!!
 5144216	[WARNING]	XnFirmwareStreams.cpp	324	Unknown packet type (0xfade)!!!
 5144227	[WARNING]	XnFirmwareStreams.cpp	324	Unknown packet type (0xfade)!!!
 5144238	[WARNING]	XnFirmwareStreams.cpp	324	Unknown packet type (0xfade)!!!
 5144249	[WARNING]	XnFirmwareStreams.cpp	324	Unknown packet type (0xfade)!!!
 5144260	[WARNING]	XnFirmwareStreams.cpp	324	Unknown packet type (0xfade)!!!
 5147860	[WARNING]	XnFirmwareStreams.cpp	324	Unknown packet type (0xfade)!!!
 5147887	[WARNING]	XnFirmwareStreams.cpp	324	Unknown packet type (0xfade)!!!
 5147927	[WARNING]	XnFirmwareStreams.cpp	324	Unknown packet type (0xfade)!!!
 5147939	[WARNING]	XnFirmwareStreams.cpp	324	Unknown packet type (0xfade)!!!
 5147949	[WARNING]	XnFirmwareStreams.cpp	324	Unknown packet type (0xfade)!!!
 5147960	[WARNING]	XnFirmwareStreams.cpp	324	Unknown packet type (0xfade)!!!
 5147972	[WARNING]	XnFirmwareStreams.cpp	324	Unknown packet type (0xfade)!!!
 5147982	[WARNING]	XnFirmwareStreams.cpp	324	Unknown packet type (0xfade)!!!
 5147993	[WARNING]	XnFirmwareStreams.cpp	324	Unknown packet type (0xfade)!!!
 5148003	[WARNING]	XnFirmwareStreams.cpp	324	Unknown packet type (0xfade)!!!
 5148014	[WARNING]	XnFirmwareStreams.cpp	324	Unknown packet type (0xfade)!!!
 5148024	[WARNING]	XnFirmwareStreams.cpp	324	Unknown packet type (0xfade)!!!
 5148035	[WARNING]	XnFirmwareStreams.cpp	324	Unknown packet type (0xfade)!!!
 5148045	[WARNING]	XnFirmwareStreams.cpp	324	Unknown packet type (0xfade)!!!
 5148056	[WARNING]	XnFirmwareStreams.cpp	324	Unknown packet type (0xfade)!!!
 5148066	[WARNING]	XnFirmwareStreams.cpp	324	Unknown packet type (0xfade)!!!
 5148077	[WARNING]	XnFirmwareStreams.cpp	324	Unknown packet type (0xfade)!!!
 5148087	[WARNING]	XnFirmwareStreams.cpp	324	Unknown packet type (0xfade)!!!
 5148098	[WARNING]	XnFirmwareStreams.cpp	324	Unknown packet type (0xfade)!!!
 5148108	[WARNING]	XnFirmwareStreams.cpp	324	Unknown packet type (0xfade)!!!
 5148119	[WARNING]	XnFirmwareStreams.cpp	324	Unknown packet type (0xfade)!!!
 5148129	[WARNING]	XnFirmwareStreams.cpp	324	Unknown packet type (0xfade)!!!
 5148140	[WARNING]	XnFirmwareStreams.cpp	324	Unknown packet type (0xfade)!!!
 5148150	[WARNING]	XnFirmwareStreams.cpp	324	Unknown packet type (0xfade)!!!
 5148161	[WARNING]	XnFirmwareStreams.cpp	324	Unknown packet type (0xfade)!!!
 5148171	[WARNING]	XnFirmwareStreams.cpp	324	Unknown packet type (0xfade)!!!
 5148181	[WARNING]	XnFirmwareStreams.cpp	324	Unknown packet type (0xfade)!!!
 5148192	[WARNING]	XnFirmwareStreams.cpp	324	Unknown packet type (0xfade)!!!
 5148202	[WARNING]	XnFirmwareStreams.cpp	324	Unknown packet type (0xfade)!!!
 5148213	[WARNING]	XnFirmwareStreams.cpp	324	Unknown packet type (0xfade)!!!
 5148223	[WARNING]	XnFirmwareStreams.cpp	324	Unknown packet type (0xfade)!!!
 5148233	[WARNING]	XnFirmwareStreams.cpp	324	Unknown packet type (0xfade)!!!
 5151840	[WARNING]	XnFirmwareStreams.cpp	324	Unknown packet type (0xfade)!!!
 5151865	[WARNING]	XnFirmwareStreams.cpp	324	Unknown packet type (0xfade)!!!
 5151882	[WARNING]	XnFirmwareStreams.cpp	324	Unknown packet type (0xfade)!!!
 5151899	[WARNING]	XnFirmwareStreams.cpp	324	Unknown packet type (0xfade)!!!
 5151915	[WARNING]	XnFirmwareStreams.cpp	324	Unknown packet type (0xfade)!!!
 5151931	[WARNING]	XnFirmwareStreams.cpp	324	Unknown packet type (0xfade)!!!
 5151948	[WARNING]	XnFirmwareStreams.cpp	324	Unknown packet type (0xfade)!!!
 5151964	[WARNING]	XnFirmwareStreams.cpp	324	Unknown packet type (0xfade)!!!
 5151980	[WARNING]	XnFirmwareStreams.cpp	324	Unknown packet type (0xfade)!!!
 5151996	[WARNING]	XnFirmwareStreams.cpp	324	Unknown packet type (0xfade)!!!
 5152012	[WARNING]	XnFirmwareStreams.cpp	324	Unknown packet type (0xfade)!!!
 5152028	[WARNING]	XnFirmwareStreams.cpp	324	Unknown packet type (0xfade)!!!
 5152044	[WARNING]	XnFirmwareStreams.cpp	324	Unknown packet type (0xfade)!!!
 5152060	[WARNING]	XnFirmwareStreams.cpp	324	Unknown packet type (0xfade)!!!
 5152076	[WARNING]	XnFirmwareStreams.cpp	324	Unknown packet type (0xfade)!!!
 5152092	[WARNING]	XnFirmwareStreams.cpp	324	Unknown packet type (0xfade)!!!
 5152108	[WARNING]	XnFirmwareStreams.cpp	324	Unknown packet type (0xfade)!!!
 5152124	[WARNING]	XnFirmwareStreams.cpp	324	Unknown packet type (0xfade)!!!
 5152140	[WARNING]	XnFirmwareStreams.cpp	324	Unknown packet type (0xfade)!!!
 5152155	[WARNING]	XnFirmwareStreams.cpp	324	Unknown packet type (0xfade)!!!
 5152171	[WARNING]	XnFirmwareStreams.cpp	324	Unknown packet type (0xfade)!!!
 5152187	[WARNING]	XnFirmwareStreams.cpp	324	Unknown packet type (0xfade)!!!
 5152203	[WARNING]	XnFirmwareStreams.cpp	324	Unknown packet type (0xfade)!!!
 5152235	[WARNING]	XnFirmwareStreams.cpp	324	Unknown packet type (0xfade)!!!
 5152253	[WARNING]	XnFirmwareStreams.cpp	324	Unknown packet type (0xfade)!!!
 5152269	[WARNING]	XnFirmwareStreams.cpp	324	Unknown packet type (0xfade)!!!
 5152285	[WARNING]	XnFirmwareStreams.cpp	324	Unknown packet type (0xfade)!!!
 5152301	[WARNING]	XnFirmwareStreams.cpp	324	Unknown packet type (0xfade)!!!
 5152317	[WARNING]	XnFirmwareStreams.cpp	324	Unknown packet type (0xfade)!!!
 5152333	[WARNING]	XnFirmwareStreams.cpp	324	Unknown packet type (0xfade)!!!
 5152349	[WARNING]	XnFirmwareStreams.cpp	324	Unknown packet type (0xfade)!!!
 5155843	[WARNING]	XnFirmwareStreams.cpp	324	Unknown packet type (0xfade)!!!
 5155871	[WARNING]	XnFirmwareStreams.cpp	324	Unknown packet type (0xfade)!!!
 5155887	[WARNING]	XnFirmwareStreams.cpp	324	Unknown packet type (0xfade)!!!
 5155902	[WARNING]	XnFirmwareStreams.cpp	324	Unknown packet type (0xfade)!!!
 5155916	[WARNING]	XnFirmwareStreams.cpp	324	Unknown packet type (0xfade)!!!
 5155931	[WARNING]	XnFirmwareStreams.cpp	324	Unknown packet type (0xfade)!!!
 5155945	[WARNING]	XnFirmwareStreams.cpp	324	Unknown packet type (0xfade)!!!
 5155959	[WARNING]	XnFirmwareStreams.cpp	324	Unknown packet type (0xfade)!!!
 5155973	[WARNING]	XnFirmwareStreams.cpp	324	Unknown packet type (0xfade)!!!
 5155987	[WARNING]	XnFirmwareStreams.cpp	324	Unknown packet type (0xfade)!!!
 5156002	[WARNING]	XnFirmwareStreams.cpp	324	Unknown packet type (0xfade)!!!
 5156016	[WARNING]	XnFirmwareStreams.cpp	324	Unknown packet type (0xfade)!!!
 5156030	[WARNING]	XnFirmwareStreams.cpp	324	Unknown packet type (0xfade)!!!
 5156044	[WARNING]	XnFirmwareStreams.cpp	324	Unknown packet type (0xfade)!!!
 5156058	[WARNING]	XnFirmwareStreams.cpp	324	Unknown packet type (0xfade)!!!
 5156072	[WARNING]	XnFirmwareStreams.cpp	324	Unknown packet type (0xfade)!!!
 5156087	[WARNING]	XnFirmwareStreams.cpp	324	Unknown packet type (0xfade)!!!
 5156101	[WARNING]	XnFirmwareStreams.cpp	324	Unknown packet type (0xfade)!!!
 5156115	[WARNING]	XnFirmwareStreams.cpp	324	Unknown packet type (0xfade)!!!
 5156128	[WARNING]	XnFirmwareStreams.cpp	324	Unknown packet type (0xfade)!!!
 5156142	[WARNING]	XnFirmwareStreams.cpp	324	Unknown packet type (0xfade)!!!
 5156156	[WARNING]	XnFirmwareStreams.cpp	324	Unknown packet type (0xfade)!!!
 5156170	[WARNING]	XnFirmwareStreams.cpp	324	Unknown packet type (0xfade)!!!
 5156184	[WARNING]	XnFirmwareStreams.cpp	324	Unknown packet type (0xfade)!!!
 5156198	[WARNING]	XnFirmwareStreams.cpp	324	Unknown packet type (0xfade)!!!
 5156212	[WARNING]	XnFirmwareStreams.cpp	324	Unknown packet type (0xfade)!!!
 5156226	[WARNING]	XnFirmwareStreams.cpp	324	Unknown packet type (0xfade)!!!
 5156240	[WARNING]	XnFirmwareStreams.cpp	324	Unknown packet type (0xfade)!!!
 5156254	[WARNING]	XnFirmwareStreams.cpp	324	Unknown packet type (0xfade)!!!
 5156268	[WARNING]	XnFirmwareStreams.cpp	324	Unknown packet type (0xfade)!!!
 5156282	[WARNING]	XnFirmwareStreams.cpp	324	Unknown packet type (0xfade)!!!
 5156296	[WARNING]	XnFirmwareStreams.cpp	324	Unknown packet type (0xfade)!!!
 5159888	[WARNING]	XnFirmwareStreams.cpp	324	Unknown packet type (0xfade)!!!
 5159924	[WARNING]	XnFirmwareStreams.cpp	324	Unknown packet type (0xfade)!!!
 5159939	[WARNING]	XnFirmwareStreams.cpp	324	Unknown packet type (0xfade)!!!
 5159954	[WARNING]	XnFirmwareStreams.cpp	324	Unknown packet type (0xfade)!!!
 5159968	[WARNING]	XnFirmwareStreams.cpp	324	Unknown packet type (0xfade)!!!
 5159983	[WARNING]	XnFirmwareStreams.cpp	324	Unknown packet type (0xfade)!!!
 5159998	[WARNING]	XnFirmwareStreams.cpp	324	Unknown packet type (0xfade)!!!
 5160012	[WARNING]	XnFirmwareStreams.cpp	324	Unknown packet type (0xfade)!!!
 5160027	[WARNING]	XnFirmwareStreams.cpp	324	Unknown packet type (0xfade)!!!
 5160042	[WARNING]	XnFirmwareStreams.cpp	324	Unknown packet type (0xfade)!!!
 5160057	[WARNING]	XnFirmwareStreams.cpp	324	Unknown packet type (0xfade)!!!
 5160072	[WARNING]	XnFirmwareStreams.cpp	324	Unknown packet type (0xfade)!!!
 5160086	[WARNING]	XnFirmwareStreams.cpp	324	Unknown packet type (0xfade)!!!
 5160136	[WARNING]	XnFirmwareStreams.cpp	324	Unknown packet type (0xfade)!!!
 5160151	[WARNING]	XnFirmwareStreams.cpp	324	Unknown packet type (0xfade)!!!
 5160166	[WARNING]	XnFirmwareStreams.cpp	324	Unknown packet type (0xfade)!!!
 5160181	[WARNING]	XnFirmwareStreams.cpp	324	Unknown packet type (0xfade)!!!
 5160195	[WARNING]	XnFirmwareStreams.cpp	324	Unknown packet type (0xfade)!!!
 5160210	[WARNING]	XnFirmwareStreams.cpp	324	Unknown packet type (0xfade)!!!
 5160225	[WARNING]	XnFirmwareStreams.cpp	324	Unknown packet type (0xfade)!!!
 5160240	[WARNING]	XnFirmwareStreams.cpp	324	Unknown packet type (0xfade)!!!
 5160255	[WARNING]	XnFirmwareStreams.cpp	324	Unknown packet type (0xfade)!!!
 5160270	[WARNING]	XnFirmwareStreams.cpp	324	Unknown packet type (0xfade)!!!
 5160284	[WARNING]	XnFirmwareStreams.cpp	324	Unknown packet type (0xfade)!!!
 5160299	[WARNING]	XnFirmwareStreams.cpp	324	Unknown packet type (0xfade)!!!
 5160312	[WARNING]	XnFirmwareStreams.cpp	324	Unknown packet type (0xfade)!!!
 5160327	[WARNING]	XnFirmwareStreams.cpp	324	Unknown packet type (0xfade)!!!
 5160341	[WARNING]	XnFirmwareStreams.cpp	324	Unknown packet type (0xfade)!!!
 5160356	[WARNING]	XnFirmwareStreams.cpp	324	Unknown packet type (0xfade)!!!
 5160372	[WARNING]	XnFirmwareStreams.cpp	324	Unknown packet type (0xfade)!!!
 5160386	[WARNING]	XnFirmwareStreams.cpp	324	Unknown packet type (0xfade)!!!
 5160401	[WARNING]	XnFirmwareStreams.cpp	324	Unknown packet type (0xfade)!!!
 5163868	[WARNING]	XnFirmwareStreams.cpp	324	Unknown packet type (0xfade)!!!
 5163909	[WARNING]	XnFirmwareStreams.cpp	324	Unknown packet type (0xfade)!!!
 5163926	[WARNING]	XnFirmwareStreams.cpp	324	Unknown packet type (0xfade)!!!
 5163944	[WARNING]	XnFirmwareStreams.cpp	324	Unknown packet type (0xfade)!!!
 5163962	[WARNING]	XnFirmwareStreams.cpp	324	Unknown packet type (0xfade)!!!
 5163979	[WARNING]	XnFirmwareStreams.cpp	324	Unknown packet type (0xfade)!!!
 5163995	[WARNING]	XnFirmwareStreams.cpp	324	Unknown packet type (0xfade)!!!
 5164009	[WARNING]	XnFirmwareStreams.cpp	324	Unknown packet type (0xfade)!!!
 5164025	[WARNING]	XnFirmwareStreams.cpp	324	Unknown packet type (0xfade)!!!
 5164041	[WARNING]	XnFirmwareStreams.cpp	324	Unknown packet type (0xfade)!!!
 5164058	[WARNING]	XnFirmwareStreams.cpp	324	Unknown packet type (0xfade)!!!
 5164075	[WARNING]	XnFirmwareStreams.cpp	324	Unknown packet type (0xfade)!!!
 5164092	[WARNING]	XnFirmwareStreams.cpp	324	Unknown packet type (0xfade)!!!
 5164110	[WARNING]	XnFirmwareStreams.cpp	324	Unknown packet type (0xfade)!!!
 5164127	[WARNING]	XnFirmwareStreams.cpp	324	Unknown packet type (0xfade)!!!
 5164156	[WARNING]	XnFirmwareStreams.cpp	324	Unknown packet type (0xfade)!!!
 5164178	[WARNING]	XnFirmwareStreams.cpp	324	Unknown packet type (0xfade)!!!
 5164194	[WARNING]	XnFirmwareStreams.cpp	324	Unknown packet type (0xfade)!!!
 5164209	[WARNING]	XnFirmwareStreams.cpp	324	Unknown packet type (0xfade)!!!
 5164224	[WARNING]	XnFirmwareStreams.cpp	324	Unknown packet type (0xfade)!!!
 5164239	[WARNING]	XnFirmwareStreams.cpp	324	Unknown packet type (0xfade)!!!
 5164254	[WARNING]	XnFirmwareStreams.cpp	324	Unknown packet type (0xfade)!!!
 5164269	[WARNING]	XnFirmwareStreams.cpp	324	Unknown packet type (0xfade)!!!
 5167881	[WARNING]	XnFirmwareStreams.cpp	324	Unknown packet type (0xfade)!!!
 5167923	[WARNING]	XnFirmwareStreams.cpp	324	Unknown packet type (0xfade)!!!
 5167940	[WARNING]	XnFirmwareStreams.cpp	324	Unknown packet type (0xfade)!!!
 5167956	[WARNING]	XnFirmwareStreams.cpp	324	Unknown packet type (0xfade)!!!
 5167971	[WARNING]	XnFirmwareStreams.cpp	324	Unknown packet type (0xfade)!!!
 5167989	[WARNING]	XnFirmwareStreams.cpp	324	Unknown packet type (0xfade)!!!
 5168007	[WARNING]	XnFirmwareStreams.cpp	324	Unknown packet type (0xfade)!!!
 5168024	[WARNING]	XnFirmwareStreams.cpp	324	Unknown packet type (0xfade)!!!
 5168041	[WARNING]	XnFirmwareStreams.cpp	324	Unknown packet type (0xfade)!!!
 5168058	[WARNING]	XnFirmwareStreams.cpp	324	Unknown packet type (0xfade)!!!
 5168075	[WARNING]	XnFirmwareStreams.cpp	324	Unknown packet type (0xfade)!!!
 5168128	[WARNING]	XnFirmwareStreams.cpp	324	Unknown packet type (0xfade)!!!
 5168146	[WARNING]	XnFirmwareStreams.cpp	324	Unknown packet type (0xfade)!!!
 5168161	[WARNING]	XnFirmwareStreams.cpp	324	Unknown packet type (0xfade)!!!
 5168178	[WARNING]	XnFirmwareStreams.cpp	324	Unknown packet type (0xfade)!!!
 5168195	[WARNING]	XnFirmwareStreams.cpp	324	Unknown packet type (0xfade)!!!
 5168212	[WARNING]	XnFirmwareStreams.cpp	324	Unknown packet type (0xfade)!!!
 5168229	[WARNING]	XnFirmwareStreams.cpp	324	Unknown packet type (0xfade)!!!
 5171861	[WARNING]	XnFirmwareStreams.cpp	324	Unknown packet type (0xfade)!!!
 5171903	[WARNING]	XnFirmwareStreams.cpp	324	Unknown packet type (0xfade)!!!
 5171925	[WARNING]	XnFirmwareStreams.cpp	324	Unknown packet type (0xfade)!!!
 5171945	[WARNING]	XnFirmwareStreams.cpp	324	Unknown packet type (0xfade)!!!
 5171965	[WARNING]	XnFirmwareStreams.cpp	324	Unknown packet type (0xfade)!!!
 5171986	[WARNING]	XnFirmwareStreams.cpp	324	Unknown packet type (0xfade)!!!
 5172007	[WARNING]	XnFirmwareStreams.cpp	324	Unknown packet type (0xfade)!!!
 5172027	[WARNING]	XnFirmwareStreams.cpp	324	Unknown packet type (0xfade)!!!
 5172047	[WARNING]	XnFirmwareStreams.cpp	324	Unknown packet type (0xfade)!!!
 5172067	[WARNING]	XnFirmwareStreams.cpp	324	Unknown packet type (0xfade)!!!
 5172088	[WARNING]	XnFirmwareStreams.cpp	324	Unknown packet type (0xfade)!!!
 5172108	[WARNING]	XnFirmwareStreams.cpp	324	Unknown packet type (0xfade)!!!
 5172129	[WARNING]	XnFirmwareStreams.cpp	324	Unknown packet type (0xfade)!!!
 5172149	[WARNING]	XnFirmwareStreams.cpp	324	Unknown packet type (0xfade)!!!
 5172169	[WARNING]	XnFirmwareStreams.cpp	324	Unknown packet type (0xfade)!!!
 5172189	[WARNING]	XnFirmwareStreams.cpp	324	Unknown packet type (0xfade)!!!
 5172209	[WARNING]	XnFirmwareStreams.cpp	324	Unknown packet type (0xfade)!!!
 5172229	[WARNING]	XnFirmwareStreams.cpp	324	Unknown packet type (0xfade)!!!
 5172250	[WARNING]	XnFirmwareStreams.cpp	324	Unknown packet type (0xfade)!!!
 5172269	[WARNING]	XnFirmwareStreams.cpp	324	Unknown packet type (0xfade)!!!
 5172290	[WARNING]	XnFirmwareStreams.cpp	324	Unknown packet type (0xfade)!!!
 5172310	[WARNING]	XnFirmwareStreams.cpp	324	Unknown packet type (0xfade)!!!
 5172330	[WARNING]	XnFirmwareStreams.cpp	324	Unknown packet type (0xfade)!!!
 5172350	[WARNING]	XnFirmwareStreams.cpp	324	Unknown packet type (0xfade)!!!
 5172371	[WARNING]	XnFirmwareStreams.cpp	324	Unknown packet type (0xfade)!!!
 5172391	[WARNING]	XnFirmwareStreams.cpp	324	Unknown packet type (0xfade)!!!
 5172411	[WARNING]	XnFirmwareStreams.cpp	324	Unknown packet type (0xfade)!!!
 5172431	[WARNING]	XnFirmwareStreams.cpp	324	Unknown packet type (0xfade)!!!
 5172451	[WARNING]	XnFirmwareStreams.cpp	324	Unknown packet type (0xfade)!!!
 5172471	[WARNING]	XnFirmwareStreams.cpp	324	Unknown packet type (0xfade)!!!
 5172490	[WARNING]	XnFirmwareStreams.cpp	324	Unknown packet type (0xfade)!!!
 5172509	[WARNING]	XnFirmwareStreams.cpp	324	Unknown packet type (0xfade)!!!
 5175850	[WARNING]	XnFirmwareStreams.cpp	324	Unknown packet type (0xfade)!!!
 5175880	[WARNING]	XnFirmwareStreams.cpp	324	Unknown packet type (0xfade)!!!
 5175897	[WARNING]	XnFirmwareStreams.cpp	324	Unknown packet type (0xfade)!!!
 5175913	[WARNING]	XnFirmwareStreams.cpp	324	Unknown packet type (0xfade)!!!
 5175930	[WARNING]	XnFirmwareStreams.cpp	324	Unknown packet type (0xfade)!!!
 5175947	[WARNING]	XnFirmwareStreams.cpp	324	Unknown packet type (0xfade)!!!
 5175963	[WARNING]	XnFirmwareStreams.cpp	324	Unknown packet type (0xfade)!!!
 5175979	[WARNING]	XnFirmwareStreams.cpp	324	Unknown packet type (0xfade)!!!
 5175995	[WARNING]	XnFirmwareStreams.cpp	324	Unknown packet type (0xfade)!!!
 5176011	[WARNING]	XnFirmwareStreams.cpp	324	Unknown packet type (0xfade)!!!
 5176027	[WARNING]	XnFirmwareStreams.cpp	324	Unknown packet type (0xfade)!!!
 5176043	[WARNING]	XnFirmwareStreams.cpp	324	Unknown packet type (0xfade)!!!
 5176059	[WARNING]	XnFirmwareStreams.cpp	324	Unknown packet type (0xfade)!!!
 5176076	[WARNING]	XnFirmwareStreams.cpp	324	Unknown packet type (0xfade)!!!
 5176123	[WARNING]	XnFirmwareStreams.cpp	324	Unknown packet type (0xfade)!!!
 5176140	[WARNING]	XnFirmwareStreams.cpp	324	Unknown packet type (0xfade)!!!
 5176157	[WARNING]	XnFirmwareStreams.cpp	324	Unknown packet type (0xfade)!!!
 5176173	[WARNING]	XnFirmwareStreams.cpp	324	Unknown packet type (0xfade)!!!
 5176189	[WARNING]	XnFirmwareStreams.cpp	324	Unknown packet type (0xfade)!!!
 5176205	[WARNING]	XnFirmwareStreams.cpp	324	Unknown packet type (0xfade)!!!
 5176221	[WARNING]	XnFirmwareStreams.cpp	324	Unknown packet type (0xfade)!!!
 5176238	[WARNING]	XnFirmwareStreams.cpp	324	Unknown packet type (0xfade)!!!
 5176254	[WARNING]	XnFirmwareStreams.cpp	324	Unknown packet type (0xfade)!!!
 5176270	[WARNING]	XnFirmwareStreams.cpp	324	Unknown packet type (0xfade)!!!
 5176286	[WARNING]	XnFirmwareStreams.cpp	324	Unknown packet type (0xfade)!!!
 5176302	[WARNING]	XnFirmwareStreams.cpp	324	Unknown packet type (0xfade)!!!
 5176318	[WARNING]	XnFirmwareStreams.cpp	324	Unknown packet type (0xfade)!!!
 5176335	[WARNING]	XnFirmwareStreams.cpp	324	Unknown packet type (0xfade)!!!
 5176350	[WARNING]	XnFirmwareStreams.cpp	324	Unknown packet type (0xfade)!!!
 5176366	[WARNING]	XnFirmwareStreams.cpp	324	Unknown packet type (0xfade)!!!
 5176382	[WARNING]	XnFirmwareStreams.cpp	324	Unknown packet type (0xfade)!!!
 5179858	[WARNING]	XnFirmwareStreams.cpp	324	Unknown packet type (0xfade)!!!
 5179888	[WARNING]	XnFirmwareStreams.cpp	324	Unknown packet type (0xfade)!!!
 5179908	[WARNING]	XnFirmwareStreams.cpp	324	Unknown packet type (0xfade)!!!
 5179926	[WARNING]	XnFirmwareStreams.cpp	324	Unknown packet type (0xfade)!!!
 5179945	[WARNING]	XnFirmwareStreams.cpp	324	Unknown packet type (0xfade)!!!
 5179964	[WARNING]	XnFirmwareStreams.cpp	324	Unknown packet type (0xfade)!!!
 5179983	[WARNING]	XnFirmwareStreams.cpp	324	Unknown packet type (0xfade)!!!
 5180001	[WARNING]	XnFirmwareStreams.cpp	324	Unknown packet type (0xfade)!!!
 5180019	[WARNING]	XnFirmwareStreams.cpp	324	Unknown packet type (0xfade)!!!
 5180038	[WARNING]	XnFirmwareStreams.cpp	324	Unknown packet type (0xfade)!!!
 5180055	[WARNING]	XnFirmwareStreams.cpp	324	Unknown packet type (0xfade)!!!
 5180072	[WARNING]	XnFirmwareStreams.cpp	324	Unknown packet type (0xfade)!!!
 5180088	[WARNING]	XnFirmwareStreams.cpp	324	Unknown packet type (0xfade)!!!
 5180103	[WARNING]	XnFirmwareStreams.cpp	324	Unknown packet type (0xfade)!!!
 5180119	[WARNING]	XnFirmwareStreams.cpp	324	Unknown packet type (0xfade)!!!
 5180133	[WARNING]	XnFirmwareStreams.cpp	324	Unknown packet type (0xfade)!!!
 5180147	[WARNING]	XnFirmwareStreams.cpp	324	Unknown packet type (0xfade)!!!
 5180161	[WARNING]	XnFirmwareStreams.cpp	324	Unknown packet type (0xfade)!!!
 5180177	[WARNING]	XnFirmwareStreams.cpp	324	Unknown packet type (0xfade)!!!
 5180193	[WARNING]	XnFirmwareStreams.cpp	324	Unknown packet type (0xfade)!!!
 5180208	[WARNING]	XnFirmwareStreams.cpp	324	Unknown packet type (0xfade)!!!
 5180223	[WARNING]	XnFirmwareStreams.cpp	324	Unknown packet type (0xfade)!!!
 5180238	[WARNING]	XnFirmwareStreams.cpp	324	Unknown packet type (0xfade)!!!
 5180254	[WARNING]	XnFirmwareStreams.cpp	324	Unknown packet type (0xfade)!!!
 5180270	[WARNING]	XnFirmwareStreams.cpp	324	Unknown packet type (0xfade)!!!
 5180288	[WARNING]	XnFirmwareStreams.cpp	324	Unknown packet type (0xfade)!!!
 5180305	[WARNING]	XnFirmwareStreams.cpp	324	Unknown packet type (0xfade)!!!
 5180322	[WARNING]	XnFirmwareStreams.cpp	324	Unknown packet type (0xfade)!!!
 5180339	[WARNING]	XnFirmwareStreams.cpp	324	Unknown packet type (0xfade)!!!
 5180355	[WARNING]	XnFirmwareStreams.cpp	324	Unknown packet type (0xfade)!!!
 5180370	[WARNING]	XnFirmwareStreams.cpp	324	Unknown packet type (0xfade)!!!
 5180385	[WARNING]	XnFirmwareStreams.cpp	324	Unknown packet type (0xfade)!!!
 5183845	[WARNING]	XnFirmwareStreams.cpp	324	Unknown packet type (0xfade)!!!
 5183870	[WARNING]	XnFirmwareStreams.cpp	324	Unknown packet type (0xfade)!!!
 5183882	[WARNING]	XnFirmwareStreams.cpp	324	Unknown packet type (0xfade)!!!
 5183893	[WARNING]	XnFirmwareStreams.cpp	324	Unknown packet type (0xfade)!!!
 5183904	[WARNING]	XnFirmwareStreams.cpp	324	Unknown packet type (0xfade)!!!
 5183940	[WARNING]	XnFirmwareStreams.cpp	324	Unknown packet type (0xfade)!!!
 5183951	[WARNING]	XnFirmwareStreams.cpp	324	Unknown packet type (0xfade)!!!
 5183962	[WARNING]	XnFirmwareStreams.cpp	324	Unknown packet type (0xfade)!!!
 5183973	[WARNING]	XnFirmwareStreams.cpp	324	Unknown packet type (0xfade)!!!
 5183984	[WARNING]	XnFirmwareStreams.cpp	324	Unknown packet type (0xfade)!!!
 5183995	[WARNING]	XnFirmwareStreams.cpp	324	Unknown packet type (0xfade)!!!
 5184006	[WARNING]	XnFirmwareStreams.cpp	324	Unknown packet type (0xfade)!!!
 5184017	[WARNING]	XnFirmwareStreams.cpp	324	Unknown packet type (0xfade)!!!
 5184027	[WARNING]	XnFirmwareStreams.cpp	324	Unknown packet type (0xfade)!!!
 5184038	[WARNING]	XnFirmwareStreams.cpp	324	Unknown packet type (0xfade)!!!
 5184049	[WARNING]	XnFirmwareStreams.cpp	324	Unknown packet type (0xfade)!!!
 5184060	[WARNING]	XnFirmwareStreams.cpp	324	Unknown packet type (0xfade)!!!
 5184071	[WARNING]	XnFirmwareStreams.cpp	324	Unknown packet type (0xfade)!!!
 5184081	[WARNING]	XnFirmwareStreams.cpp	324	Unknown packet type (0xfade)!!!
 5184092	[WARNING]	XnFirmwareStreams.cpp	324	Unknown packet type (0xfade)!!!
 5184103	[WARNING]	XnFirmwareStreams.cpp	324	Unknown packet type (0xfade)!!!
 5184114	[WARNING]	XnFirmwareStreams.cpp	324	Unknown packet type (0xfade)!!!
 5184124	[WARNING]	XnFirmwareStreams.cpp	324	Unknown packet type (0xfade)!!!
 5184135	[WARNING]	XnFirmwareStreams.cpp	324	Unknown packet type (0xfade)!!!
 5184145	[WARNING]	XnFirmwareStreams.cpp	324	Unknown packet type (0xfade)!!!
 5184156	[WARNING]	XnFirmwareStreams.cpp	324	Unknown packet type (0xfade)!!!
 5184167	[WARNING]	XnFirmwareStreams.cpp	324	Unknown packet type (0xfade)!!!
 5184178	[WARNING]	XnFirmwareStreams.cpp	324	Unknown packet type (0xfade)!!!
 5184188	[WARNING]	XnFirmwareStreams.cpp	324	Unknown packet type (0xfade)!!!
 5184199	[WARNING]	XnFirmwareStreams.cpp	324	Unknown packet type (0xfade)!!!
 5184210	[WARNING]	XnFirmwareStreams.cpp	324	Unknown packet type (0xfade)!!!
 5184221	[WARNING]	XnFirmwareStreams.cpp	324	Unknown packet type (0xfade)!!!
 5187904	[WARNING]	XnFirmwareStreams.cpp	324	Unknown packet type (0xfade)!!!
 5187926	[WARNING]	XnFirmwareStreams.cpp	324	Unknown packet type (0xfade)!!!
 5187938	[WARNING]	XnFirmwareStreams.cpp	324	Unknown packet type (0xfade)!!!
 5187949	[WARNING]	XnFirmwareStreams.cpp	324	Unknown packet type (0xfade)!!!
 5187960	[WARNING]	XnFirmwareStreams.cpp	324	Unknown packet type (0xfade)!!!
 5187970	[WARNING]	XnFirmwareStreams.cpp	324	Unknown packet type (0xfade)!!!
 5187981	[WARNING]	XnFirmwareStreams.cpp	324	Unknown packet type (0xfade)!!!
 5187992	[WARNING]	XnFirmwareStreams.cpp	324	Unknown packet type (0xfade)!!!
 5188003	[WARNING]	XnFirmwareStreams.cpp	324	Unknown packet type (0xfade)!!!
 5188014	[WARNING]	XnFirmwareStreams.cpp	324	Unknown packet type (0xfade)!!!
 5188025	[WARNING]	XnFirmwareStreams.cpp	324	Unknown packet type (0xfade)!!!
 5188035	[WARNING]	XnFirmwareStreams.cpp	324	Unknown packet type (0xfade)!!!
 5188046	[WARNING]	XnFirmwareStreams.cpp	324	Unknown packet type (0xfade)!!!
 5188057	[WARNING]	XnFirmwareStreams.cpp	324	Unknown packet type (0xfade)!!!
 5188068	[WARNING]	XnFirmwareStreams.cpp	324	Unknown packet type (0xfade)!!!
 5188078	[WARNING]	XnFirmwareStreams.cpp	324	Unknown packet type (0xfade)!!!
 5188089	[WARNING]	XnFirmwareStreams.cpp	324	Unknown packet type (0xfade)!!!
 5188100	[WARNING]	XnFirmwareStreams.cpp	324	Unknown packet type (0xfade)!!!
 5188111	[WARNING]	XnFirmwareStreams.cpp	324	Unknown packet type (0xfade)!!!
 5188122	[WARNING]	XnFirmwareStreams.cpp	324	Unknown packet type (0xfade)!!!
 5188133	[WARNING]	XnFirmwareStreams.cpp	324	Unknown packet type (0xfade)!!!
 5188143	[WARNING]	XnFirmwareStreams.cpp	324	Unknown packet type (0xfade)!!!
 5188154	[WARNING]	XnFirmwareStreams.cpp	324	Unknown packet type (0xfade)!!!
 5188165	[WARNING]	XnFirmwareStreams.cpp	324	Unknown packet type (0xfade)!!!
 5188176	[WARNING]	XnFirmwareStreams.cpp	324	Unknown packet type (0xfade)!!!
 5188186	[WARNING]	XnFirmwareStreams.cpp	324	Unknown packet type (0xfade)!!!
 5188213	[WARNING]	XnFirmwareStreams.cpp	324	Unknown packet type (0xfade)!!!
 5188224	[WARNING]	XnFirmwareStreams.cpp	324	Unknown packet type (0xfade)!!!
 5188235	[WARNING]	XnFirmwareStreams.cpp	324	Unknown packet type (0xfade)!!!
 5188246	[WARNING]	XnFirmwareStreams.cpp	324	Unknown packet type (0xfade)!!!
 5188256	[WARNING]	XnFirmwareStreams.cpp	324	Unknown packet type (0xfade)!!!
 5188267	[WARNING]	XnFirmwareStreams.cpp	324	Unknown packet type (0xfade)!!!
 5191867	[WARNING]	XnFirmwareStreams.cpp	324	Unknown packet type (0xfade)!!!
 5191887	[WARNING]	XnFirmwareStreams.cpp	324	Unknown packet type (0xfade)!!!
 5191898	[WARNING]	XnFirmwareStreams.cpp	324	Unknown packet type (0xfade)!!!
 5191909	[WARNING]	XnFirmwareStreams.cpp	324	Unknown packet type (0xfade)!!!
 5191920	[WARNING]	XnFirmwareStreams.cpp	324	Unknown packet type (0xfade)!!!
 5191931	[WARNING]	XnFirmwareStreams.cpp	324	Unknown packet type (0xfade)!!!
 5191942	[WARNING]	XnFirmwareStreams.cpp	324	Unknown packet type (0xfade)!!!
 5191953	[WARNING]	XnFirmwareStreams.cpp	324	Unknown packet type (0xfade)!!!
 5191964	[WARNING]	XnFirmwareStreams.cpp	324	Unknown packet type (0xfade)!!!
 5191974	[WARNING]	XnFirmwareStreams.cpp	324	Unknown packet type (0xfade)!!!
 5191985	[WARNING]	XnFirmwareStreams.cpp	324	Unknown packet type (0xfade)!!!
 5191996	[WARNING]	XnFirmwareStreams.cpp	324	Unknown packet type (0xfade)!!!
 5192007	[WARNING]	XnFirmwareStreams.cpp	324	Unknown packet type (0xfade)!!!
 5192018	[WARNING]	XnFirmwareStreams.cpp	324	Unknown packet type (0xfade)!!!
 5192029	[WARNING]	XnFirmwareStreams.cpp	324	Unknown packet type (0xfade)!!!
 5192040	[WARNING]	XnFirmwareStreams.cpp	324	Unknown packet type (0xfade)!!!
 5192051	[WARNING]	XnFirmwareStreams.cpp	324	Unknown packet type (0xfade)!!!
 5192061	[WARNING]	XnFirmwareStreams.cpp	324	Unknown packet type (0xfade)!!!
 5192077	[WARNING]	XnFirmwareStreams.cpp	324	Unknown packet type (0xfade)!!!
 5192088	[WARNING]	XnFirmwareStreams.cpp	324	Unknown packet type (0xfade)!!!
 5192099	[WARNING]	XnFirmwareStreams.cpp	324	Unknown packet type (0xfade)!!!
 5192110	[WARNING]	XnFirmwareStreams.cpp	324	Unknown packet type (0xfade)!!!
 5192121	[WARNING]	XnFirmwareStreams.cpp	324	Unknown packet type (0xfade)!!!
 5192131	[WARNING]	XnFirmwareStreams.cpp	324	Unknown packet type (0xfade)!!!
 5192142	[WARNING]	XnFirmwareStreams.cpp	324	Unknown packet type (0xfade)!!!
 5192154	[WARNING]	XnFirmwareStreams.cpp	324	Unknown packet type (0xfade)!!!
 5192165	[WARNING]	XnFirmwareStreams.cpp	324	Unknown packet type (0xfade)!!!
 5192176	[WARNING]	XnFirmwareStreams.cpp	324	Unknown packet type (0xfade)!!!
 5192187	[WARNING]	XnFirmwareStreams.cpp	324	Unknown packet type (0xfade)!!!
 5192200	[WARNING]	XnFirmwareStreams.cpp	324	Unknown packet type (0xfade)!!!
 5192214	[WARNING]	XnFirmwareStreams.cpp	324	Unknown packet type (0xfade)!!!
 5195849	[WARNING]	XnFirmwareStreams.cpp	324	Unknown packet type (0xfade)!!!
 5195875	[WARNING]	XnFirmwareStreams.cpp	324	Unknown packet type (0xfade)!!!
 5195892	[WARNING]	XnFirmwareStreams.cpp	324	Unknown packet type (0xfade)!!!
 5195909	[WARNING]	XnFirmwareStreams.cpp	324	Unknown packet type (0xfade)!!!
 5195925	[WARNING]	XnFirmwareStreams.cpp	324	Unknown packet type (0xfade)!!!
 5195949	[WARNING]	XnFirmwareStreams.cpp	324	Unknown packet type (0xfade)!!!
 5195985	[WARNING]	XnFirmwareStreams.cpp	324	Unknown packet type (0xfade)!!!
 5196019	[WARNING]	XnFirmwareStreams.cpp	324	Unknown packet type (0xfade)!!!
 5196039	[WARNING]	XnFirmwareStreams.cpp	324	Unknown packet type (0xfade)!!!
 5196055	[WARNING]	XnFirmwareStreams.cpp	324	Unknown packet type (0xfade)!!!
 5196072	[WARNING]	XnFirmwareStreams.cpp	324	Unknown packet type (0xfade)!!!
 5196088	[WARNING]	XnFirmwareStreams.cpp	324	Unknown packet type (0xfade)!!!
 5196106	[WARNING]	XnFirmwareStreams.cpp	324	Unknown packet type (0xfade)!!!
 5196123	[WARNING]	XnFirmwareStreams.cpp	324	Unknown packet type (0xfade)!!!
 5196140	[WARNING]	XnFirmwareStreams.cpp	324	Unknown packet type (0xfade)!!!
 5196156	[WARNING]	XnFirmwareStreams.cpp	324	Unknown packet type (0xfade)!!!
 5196201	[WARNING]	XnFirmwareStreams.cpp	324	Unknown packet type (0xfade)!!!
 5196218	[WARNING]	XnFirmwareStreams.cpp	324	Unknown packet type (0xfade)!!!
 5196237	[WARNING]	XnFirmwareStreams.cpp	324	Unknown packet type (0xfade)!!!
 5196254	[WARNING]	XnFirmwareStreams.cpp	324	Unknown packet type (0xfade)!!!
 5196270	[WARNING]	XnFirmwareStreams.cpp	324	Unknown packet type (0xfade)!!!
 5196286	[WARNING]	XnFirmwareStreams.cpp	324	Unknown packet type (0xfade)!!!
 5196303	[WARNING]	XnFirmwareStreams.cpp	324	Unknown packet type (0xfade)!!!
 5196320	[WARNING]	XnFirmwareStreams.cpp	324	Unknown packet type (0xfade)!!!
 5196336	[WARNING]	XnFirmwareStreams.cpp	324	Unknown packet type (0xfade)!!!
 5196353	[WARNING]	XnFirmwareStreams.cpp	324	Unknown packet type (0xfade)!!!
 5196369	[WARNING]	XnFirmwareStreams.cpp	324	Unknown packet type (0xfade)!!!
 5196386	[WARNING]	XnFirmwareStreams.cpp	324	Unknown packet type (0xfade)!!!
 5196402	[WARNING]	XnFirmwareStreams.cpp	324	Unknown packet type (0xfade)!!!
 5196419	[WARNING]	XnFirmwareStreams.cpp	324	Unknown packet type (0xfade)!!!
 5199841	[WARNING]	XnFirmwareStreams.cpp	324	Unknown packet type (0xfade)!!!
 5199872	[WARNING]	XnFirmwareStreams.cpp	324	Unknown packet type (0xfade)!!!
 5199891	[WARNING]	XnFirmwareStreams.cpp	324	Unknown packet type (0xfade)!!!
 5199909	[WARNING]	XnFirmwareStreams.cpp	324	Unknown packet type (0xfade)!!!
 5199930	[WARNING]	XnFirmwareStreams.cpp	324	Unknown packet type (0xfade)!!!
 5199949	[WARNING]	XnFirmwareStreams.cpp	324	Unknown packet type (0xfade)!!!
 5199968	[WARNING]	XnFirmwareStreams.cpp	324	Unknown packet type (0xfade)!!!
 5199986	[WARNING]	XnFirmwareStreams.cpp	324	Unknown packet type (0xfade)!!!
 5200005	[WARNING]	XnFirmwareStreams.cpp	324	Unknown packet type (0xfade)!!!
 5200024	[WARNING]	XnFirmwareStreams.cpp	324	Unknown packet type (0xfade)!!!
 5200043	[WARNING]	XnFirmwareStreams.cpp	324	Unknown packet type (0xfade)!!!
 5203914	[WARNING]	XnFirmwareStreams.cpp	324	Unknown packet type (0xfade)!!!
 5203942	[WARNING]	XnFirmwareStreams.cpp	324	Unknown packet type (0xfade)!!!
 5203956	[WARNING]	XnFirmwareStreams.cpp	324	Unknown packet type (0xfade)!!!
 5203973	[WARNING]	XnFirmwareStreams.cpp	324	Unknown packet type (0xfade)!!!
 5203987	[WARNING]	XnFirmwareStreams.cpp	324	Unknown packet type (0xfade)!!!
 5204001	[WARNING]	XnFirmwareStreams.cpp	324	Unknown packet type (0xfade)!!!
 5204014	[WARNING]	XnFirmwareStreams.cpp	324	Unknown packet type (0xfade)!!!
 5204029	[WARNING]	XnFirmwareStreams.cpp	324	Unknown packet type (0xfade)!!!
 5204042	[WARNING]	XnFirmwareStreams.cpp	324	Unknown packet type (0xfade)!!!
 5204056	[WARNING]	XnFirmwareStreams.cpp	324	Unknown packet type (0xfade)!!!
 5204071	[WARNING]	XnFirmwareStreams.cpp	324	Unknown packet type (0xfade)!!!
 5204086	[WARNING]	XnFirmwareStreams.cpp	324	Unknown packet type (0xfade)!!!
 5204100	[WARNING]	XnFirmwareStreams.cpp	324	Unknown packet type (0xfade)!!!
 5204114	[WARNING]	XnFirmwareStreams.cpp	324	Unknown packet type (0xfade)!!!
 5204129	[WARNING]	XnFirmwareStreams.cpp	324	Unknown packet type (0xfade)!!!
 5204143	[WARNING]	XnFirmwareStreams.cpp	324	Unknown packet type (0xfade)!!!
 5204158	[WARNING]	XnFirmwareStreams.cpp	324	Unknown packet type (0xfade)!!!
 5204173	[WARNING]	XnFirmwareStreams.cpp	324	Unknown packet type (0xfade)!!!
 5204187	[WARNING]	XnFirmwareStreams.cpp	324	Unknown packet type (0xfade)!!!
 5204202	[WARNING]	XnFirmwareStreams.cpp	324	Unknown packet type (0xfade)!!!
 5204216	[WARNING]	XnFirmwareStreams.cpp	324	Unknown packet type (0xfade)!!!
 5204231	[WARNING]	XnFirmwareStreams.cpp	324	Unknown packet type (0xfade)!!!
 5204245	[WARNING]	XnFirmwareStreams.cpp	324	Unknown packet type (0xfade)!!!
 5204260	[WARNING]	XnFirmwareStreams.cpp	324	Unknown packet type (0xfade)!!!
 5204275	[WARNING]	XnFirmwareStreams.cpp	324	Unknown packet type (0xfade)!!!
 5204290	[WARNING]	XnFirmwareStreams.cpp	324	Unknown packet type (0xfade)!!!
 5204305	[WARNING]	XnFirmwareStreams.cpp	324	Unknown packet type (0xfade)!!!
 5204320	[WARNING]	XnFirmwareStreams.cpp	324	Unknown packet type (0xfade)!!!
 5204361	[WARNING]	XnFirmwareStreams.cpp	324	Unknown packet type (0xfade)!!!
 5204376	[WARNING]	XnFirmwareStreams.cpp	324	Unknown packet type (0xfade)!!!
 5204391	[WARNING]	XnFirmwareStreams.cpp	324	Unknown packet type (0xfade)!!!
 5204407	[WARNING]	XnFirmwareStreams.cpp	324	Unknown packet type (0xfade)!!!
 5207901	[WARNING]	XnFirmwareStreams.cpp	324	Unknown packet type (0xfade)!!!
 5207923	[WARNING]	XnFirmwareStreams.cpp	324	Unknown packet type (0xfade)!!!
 5207935	[WARNING]	XnFirmwareStreams.cpp	324	Unknown packet type (0xfade)!!!
 5207946	[WARNING]	XnFirmwareStreams.cpp	324	Unknown packet type (0xfade)!!!
 5207957	[WARNING]	XnFirmwareStreams.cpp	324	Unknown packet type (0xfade)!!!
 5207968	[WARNING]	XnFirmwareStreams.cpp	324	Unknown packet type (0xfade)!!!
 5207979	[WARNING]	XnFirmwareStreams.cpp	324	Unknown packet type (0xfade)!!!
 5207990	[WARNING]	XnFirmwareStreams.cpp	324	Unknown packet type (0xfade)!!!
 5208001	[WARNING]	XnFirmwareStreams.cpp	324	Unknown packet type (0xfade)!!!
 5208012	[WARNING]	XnFirmwareStreams.cpp	324	Unknown packet type (0xfade)!!!
 5208023	[WARNING]	XnFirmwareStreams.cpp	324	Unknown packet type (0xfade)!!!
 5208034	[WARNING]	XnFirmwareStreams.cpp	324	Unknown packet type (0xfade)!!!
 5208045	[WARNING]	XnFirmwareStreams.cpp	324	Unknown packet type (0xfade)!!!
 5208056	[WARNING]	XnFirmwareStreams.cpp	324	Unknown packet type (0xfade)!!!
 5231918	[WARNING]	XnDepthProcessor.cpp	133	Read: Depth buffer is corrupt. Size is 479632 (!= 614400)
 5231966	[WARNING]	XnFrameStreamProcessor.cpp	132	Depth frame is corrupt!
 5334996	[INFO]	XnProperty.cpp	151	Property Depth1.State was changed to 1.
 5335039	[INFO]	XnDeviceBase.cpp	370	Stream Depth1 is open.
 6074731	[INFO]	XnOpenNI.cpp	1261	Creating node 'Image1' of type Image...
 6074782	[INFO]	XnDeviceBase.cpp	1383	Creating stream 'Image1' of type 'Image'...
 6075022	[INFO]	XnProperty.cpp	151	Property Image1.Resolution was changed to 0.
 6075041	[INFO]	XnProperty.cpp	151	Property Image1.XRes was changed to 320.
 6075054	[INFO]	XnProperty.cpp	151	Property Image1.YRes was changed to 240.
 6075066	[INFO]	XnProperty.cpp	151	Property Image1.FPS was changed to 30.
 6075077	[INFO]	XnProperty.cpp	151	Property Image1.OutputFormat was changed to 5.
 6075088	[INFO]	XnProperty.cpp	151	Property Image1.BytesPerPixel was changed to 3.
 6075100	[INFO]	XnProperty.cpp	151	Property Image1.RequiredDataSize was changed to 230400.
 6075129	[INFO]	XnDeviceBase.cpp	1458	Stream 'Image1' was initialized.
 6075142	[INFO]	XnDeviceBase.cpp	1463	'Image1' stream was created.
 6075249	[INFO]	XnProperty.cpp	74	Setting Image1.InputFormat to 6...
 6075271	[INFO]	XnProperty.cpp	151	Property Image1.InputFormat was changed to 6.
 6075283	[INFO]	XnProperty.cpp	101	Image1.InputFormat was successfully set.
 6075694	[INFO]	XnDeviceModule.cpp	431	Module 'Image1' configuration was loaded from file.
 6075782	[INFO]	XnProperty.cpp	74	Setting Image1.FPS to 30...
 6075810	[INFO]	XnProperty.cpp	86	Image1.FPS value did not change.
 6075828	[INFO]	XnProperty.cpp	74	Setting Image1.YRes to 480...
 6075848	[INFO]	XnProperty.cpp	151	Property Image1.Resolution was changed to 1.
 6075865	[INFO]	XnProperty.cpp	151	Property Image1.XRes was changed to 640.
 6075882	[INFO]	XnProperty.cpp	151	Property Image1.RequiredDataSize was changed to 460800.
 6075904	[INFO]	XnProperty.cpp	151	Property Image1.YRes was changed to 480.
 6075921	[INFO]	XnProperty.cpp	151	Property Image1.RequiredDataSize was changed to 921600.
 6075939	[INFO]	XnProperty.cpp	101	Image1.YRes was successfully set.
 6075957	[INFO]	XnProperty.cpp	74	Setting Image1.XRes to 640...
 6075972	[INFO]	XnProperty.cpp	86	Image1.XRes value did not change.
 6077062	[INFO]	XnUSBLinux-x86.cpp	1222	USB read thread was started.
 6077108	[INFO]	XnProperty.cpp	151	Property Image1.ActualReadData was changed to 1.
 6267865	[WARNING]	XnDepthProcessor.cpp	133	Read: Depth buffer is corrupt. Size is 552640 (!= 614400)
 6267914	[WARNING]	XnFrameStreamProcessor.cpp	132	Depth frame is corrupt!
 9277295	[INFO]	XnProperty.cpp	151	Property Image1.State was changed to 1.
 9277356	[INFO]	XnDeviceBase.cpp	370	Stream Image1 is open.
 9277558	[INFO]	XnProperty.cpp	74	Setting Depth1.Registration to 1...
 9303995	[WARNING]	XnDepthProcessor.cpp	133	Read: Depth buffer is corrupt. Size is 594768 (!= 614400)
 9304041	[WARNING]	XnFrameStreamProcessor.cpp	132	Depth frame is corrupt!
 9429406	[INFO]	XnProperty.cpp	151	Property Depth1.Registration was changed to 1.
 9429449	[INFO]	XnProperty.cpp	101	Depth1.Registration was successfully set.
 9429496	[INFO]	XnProperty.cpp	74	Setting Image1.Mirror to 1...
 9442202	[INFO]	XnProperty.cpp	151	Property Image1.FirmwareMirror was changed to 1.
 9442245	[INFO]	XnProperty.cpp	151	Property Image1.Mirror was changed to 1.
 9442257	[INFO]	XnProperty.cpp	101	Image1.Mirror was successfully set.
43764285	[INFO]	XnOpenNI.cpp	1459	Destroying node 'User1'
43771851	[INFO]	XnOpenNI.cpp	1459	Destroying node 'Depth1'
43771934	[INFO]	XnDeviceBase.cpp	1507	Destroying stream 'Depth1'...
43773147	[INFO]	XnOpenNI.cpp	1459	Destroying node 'Image1'
43773190	[INFO]	XnDeviceBase.cpp	1507	Destroying stream 'Image1'...
43773979	[INFO]	XnOpenNI.cpp	1459	Destroying node 'Device1'
