    1768	[INFO]	XnLog.cpp	165	OpenNI version is 1.0.0 (Build 25)-MacOSX (Jan  7 2011 14:20:18)
    1805	[INFO]	XnLog.cpp	173	Log system initialized. Console: 1, File: 1, Severity: INFO, Masks: ALL
    1837	[INFO]	XnLog.cpp	173	Log system initialized. Console: 1, File: 1, Severity: INFO, Masks: ALL
    3036	[INFO]	XnUSBLinux-x86.cpp	98	USB is initialized.
 1978262	[INFO]	XnOpenNI.cpp	1261	Creating node 'Device1' of type Device...
 1979652	[INFO]	XnDeviceModule.cpp	431	Module 'Device' configuration was loaded from file.
 2248666	[INFO]	XnDeviceSensorIO.cpp	135	Connected to USB device
 2248722	[INFO]	XnProperty.cpp	151	Property Device.USBPath was changed to 045e/02ae@250/10.
 2256294	[INFO]	XnHostProtocol.cpp	825	Hardware versions: FW=5.1.4 (7) HW=4 Chip=2 Sensor=4 SYS=7
 3778361	[INFO]	XnProperty.cpp	151	Property Device.ID was changed to 0.
 3778456	[INFO]	XnSensor.cpp	182	Device sensor initialized
 3778621	[INFO]	XnOpenNI.cpp	1261	Creating node 'Depth1' of type Depth...
 3778688	[INFO]	XnDeviceBase.cpp	1383	Creating stream 'Depth1' of type 'Depth'...
 3778720	[INFO]	XnProperty.cpp	74	Setting Device.ReadData to 1...
 3778775	[INFO]	XnDeviceSensorIO.cpp	298	Endpoints open
 3791248	[INFO]	XnProperty.cpp	151	Property Device.ReadData was changed to 1.
 3791295	[INFO]	XnProperty.cpp	101	Device.ReadData was successfully set.
 3791788	[INFO]	XnProperty.cpp	151	Property Depth1.Resolution was changed to 0.
 3791821	[INFO]	XnProperty.cpp	151	Property Depth1.XRes was changed to 320.
 3791852	[INFO]	XnProperty.cpp	151	Property Depth1.YRes was changed to 240.
 3791880	[INFO]	XnProperty.cpp	151	Property Depth1.FPS was changed to 30.
 3791908	[INFO]	XnProperty.cpp	151	Property Depth1.OutputFormat was changed to 1.
 3791938	[INFO]	XnProperty.cpp	151	Property Depth1.BytesPerPixel was changed to 2.
 3791970	[INFO]	XnProperty.cpp	151	Property Depth1.RequiredDataSize was changed to 153600.
 3792008	[INFO]	XnProperty.cpp	151	Property Depth1.ParamCoeff was changed to 4.
 3792114	[INFO]	XnProperty.cpp	151	Property Depth1.ShiftScale was changed to 10.
 3804313	[INFO]	XnProperty.cpp	151	Property Depth1.ConstShift was changed to 200.
 3804424	[INFO]	XnProperty.cpp	151	Property Depth1.ZPD was changed to 120.
 3804535	[INFO]	XnProperty.cpp	151	Property Depth1.ZPPS was changed to 0.104200.
 3804555	[INFO]	XnProperty.cpp	151	Property Depth1.LDDIS was changed to 7.500000.
 3804668	[INFO]	XnProperty.cpp	151	Property Depth1.Gain was changed to 30.
 3804709	[INFO]	XnDeviceBase.cpp	1458	Stream 'Depth1' was initialized.
 3804730	[INFO]	XnDeviceBase.cpp	1463	'Depth1' stream was created.
 3804909	[INFO]	XnProperty.cpp	74	Setting Depth1.InputFormat to 3...
 3804935	[INFO]	XnProperty.cpp	151	Property Depth1.InputFormat was changed to 3.
 3804955	[INFO]	XnProperty.cpp	101	Depth1.InputFormat was successfully set.
 3805402	[INFO]	XnProperty.cpp	74	Setting Depth1.RegistrationType to 2...
 3805423	[INFO]	XnProperty.cpp	151	Property Depth1.RegistrationType was changed to 2.
 3805441	[INFO]	XnProperty.cpp	101	Depth1.RegistrationType was successfully set.
 3806029	[INFO]	XnDeviceModule.cpp	431	Module 'Depth1' configuration was loaded from file.
 3806241	[INFO]	XnProperty.cpp	74	Setting Depth1.FPS to 30...
 3806262	[INFO]	XnProperty.cpp	86	Depth1.FPS value did not change.
 3806280	[INFO]	XnProperty.cpp	74	Setting Depth1.YRes to 480...
 3806302	[INFO]	XnProperty.cpp	151	Property Depth1.Resolution was changed to 1.
 3806324	[INFO]	XnProperty.cpp	151	Property Depth1.XRes was changed to 640.
 3806343	[INFO]	XnProperty.cpp	151	Property Depth1.RequiredDataSize was changed to 307200.
 3806369	[INFO]	XnProperty.cpp	151	Property Depth1.YRes was changed to 480.
 3806387	[INFO]	XnProperty.cpp	151	Property Depth1.RequiredDataSize was changed to 614400.
 3806402	[INFO]	XnProperty.cpp	101	Depth1.YRes was successfully set.
 3806415	[INFO]	XnProperty.cpp	74	Setting Depth1.XRes to 640...
 3806426	[INFO]	XnProperty.cpp	86	Depth1.XRes value did not change.
 3806471	[INFO]	XnProperty.cpp	74	Setting Depth1.Mirror to 1...
 3806486	[INFO]	XnProperty.cpp	151	Property Depth1.FirmwareMirror was changed to 1.
 3806532	[INFO]	XnProperty.cpp	151	Property Depth1.Mirror was changed to 1.
 3806543	[INFO]	XnProperty.cpp	101	Depth1.Mirror was successfully set.
 4907759	[INFO]	XnOpenNI.cpp	1261	Creating node 'User1' of type User...
 4935393	[WARNING]	Linux-x86Threads.cpp	173	Failed to set thread priority: Invalid argument
 4935442	[WARNING]	XnUSBLinux-x86.cpp	126	USB events thread: Failed to set thread priority to critical. This might cause loss of data...
 4936237	[INFO]	XnUSBLinux-x86.cpp	1222	USB read thread was started.
 4936269	[INFO]	XnProperty.cpp	151	Property Depth1.ActualReadData was changed to 1.
 5406600	[INFO]	XnProperty.cpp	151	Property Depth1.State was changed to 1.
 5406643	[INFO]	XnDeviceBase.cpp	370	Stream Depth1 is open.
 6499969	[INFO]	XnOpenNI.cpp	1261	Creating node 'Image1' of type Image...
 6500019	[INFO]	XnDeviceBase.cpp	1383	Creating stream 'Image1' of type 'Image'...
 6500239	[INFO]	XnProperty.cpp	151	Property Image1.Resolution was changed to 0.
 6500266	[INFO]	XnProperty.cpp	151	Property Image1.XRes was changed to 320.
 6500285	[INFO]	XnProperty.cpp	151	Property Image1.YRes was changed to 240.
 6500304	[INFO]	XnProperty.cpp	151	Property Image1.FPS was changed to 30.
 6500322	[INFO]	XnProperty.cpp	151	Property Image1.OutputFormat was changed to 5.
 6500341	[INFO]	XnProperty.cpp	151	Property Image1.BytesPerPixel was changed to 3.
 6500358	[INFO]	XnProperty.cpp	151	Property Image1.RequiredDataSize was changed to 230400.
 6500390	[INFO]	XnDeviceBase.cpp	1458	Stream 'Image1' was initialized.
 6500403	[INFO]	XnDeviceBase.cpp	1463	'Image1' stream was created.
 6500509	[INFO]	XnProperty.cpp	74	Setting Image1.InputFormat to 6...
 6500530	[INFO]	XnProperty.cpp	151	Property Image1.InputFormat was changed to 6.
 6500542	[INFO]	XnProperty.cpp	101	Image1.InputFormat was successfully set.
 6500949	[INFO]	XnDeviceModule.cpp	431	Module 'Image1' configuration was loaded from file.
 6501044	[INFO]	XnProperty.cpp	74	Setting Image1.FPS to 30...
 6501060	[INFO]	XnProperty.cpp	86	Image1.FPS value did not change.
 6501071	[INFO]	XnProperty.cpp	74	Setting Image1.YRes to 480...
 6501084	[INFO]	XnProperty.cpp	151	Property Image1.Resolution was changed to 1.
 6501096	[INFO]	XnProperty.cpp	151	Property Image1.XRes was changed to 640.
 6501118	[INFO]	XnProperty.cpp	151	Property Image1.RequiredDataSize was changed to 460800.
 6501137	[INFO]	XnProperty.cpp	151	Property Image1.YRes was changed to 480.
 6501156	[INFO]	XnProperty.cpp	151	Property Image1.RequiredDataSize was changed to 921600.
 6501171	[INFO]	XnProperty.cpp	101	Image1.YRes was successfully set.
 6501185	[INFO]	XnProperty.cpp	74	Setting Image1.XRes to 640...
 6501196	[INFO]	XnProperty.cpp	86	Image1.XRes value did not change.
 6502117	[INFO]	XnUSBLinux-x86.cpp	1222	USB read thread was started.
 6502157	[INFO]	XnProperty.cpp	151	Property Image1.ActualReadData was changed to 1.
 6672232	[WARNING]	XnDepthProcessor.cpp	133	Read: Depth buffer is corrupt. Size is 561360 (!= 614400)
 6672280	[WARNING]	XnFrameStreamProcessor.cpp	132	Depth frame is corrupt!
 6704264	[WARNING]	XnDepthProcessor.cpp	133	Read: Depth buffer is corrupt. Size is 579872 (!= 614400)
 6704312	[WARNING]	XnFrameStreamProcessor.cpp	132	Depth frame is corrupt!
 9608184	[WARNING]	XnDepthProcessor.cpp	133	Read: Depth buffer is corrupt. Size is 589504 (!= 614400)
 9608230	[WARNING]	XnFrameStreamProcessor.cpp	132	Depth frame is corrupt!
 9703141	[INFO]	XnProperty.cpp	151	Property Image1.State was changed to 1.
 9703184	[INFO]	XnDeviceBase.cpp	370	Stream Image1 is open.
 9703374	[INFO]	XnProperty.cpp	74	Setting Depth1.Registration to 1...
 9740220	[WARNING]	XnDepthProcessor.cpp	133	Read: Depth buffer is corrupt. Size is 584496 (!= 614400)
 9740267	[WARNING]	XnFrameStreamProcessor.cpp	132	Depth frame is corrupt!
 9855349	[INFO]	XnProperty.cpp	151	Property Depth1.Registration was changed to 1.
 9855393	[INFO]	XnProperty.cpp	101	Depth1.Registration was successfully set.
 9855441	[INFO]	XnProperty.cpp	74	Setting Image1.Mirror to 1...
 9867749	[INFO]	XnProperty.cpp	151	Property Image1.FirmwareMirror was changed to 1.
 9868039	[INFO]	XnProperty.cpp	151	Property Image1.Mirror was changed to 1.
 9868058	[INFO]	XnProperty.cpp	101	Image1.Mirror was successfully set.
34418332	[INFO]	XnOpenNI.cpp	1459	Destroying node 'User1'
34425296	[INFO]	XnOpenNI.cpp	1459	Destroying node 'Depth1'
34425396	[INFO]	XnDeviceBase.cpp	1507	Destroying stream 'Depth1'...
34427050	[INFO]	XnOpenNI.cpp	1459	Destroying node 'Image1'
34427132	[INFO]	XnDeviceBase.cpp	1507	Destroying stream 'Image1'...
34428398	[INFO]	XnOpenNI.cpp	1459	Destroying node 'Device1'
