    6486	[INFO]	XnLog.cpp	165	OpenNI version is 1.0.0 (Build 25)-MacOSX (Jan  7 2011 14:20:18)
    6533	[INFO]	XnLog.cpp	173	Log system initialized. Console: 1, File: 1, Severity: INFO, Masks: ALL
    6558	[INFO]	XnLog.cpp	173	Log system initialized. Console: 1, File: 1, Severity: INFO, Masks: ALL
    7799	[INFO]	XnUSBLinux-x86.cpp	98	USB is initialized.
 1604862	[INFO]	XnOpenNI.cpp	1261	Creating node 'Device1' of type Device...
 1605629	[INFO]	XnDeviceModule.cpp	431	Module 'Device' configuration was loaded from file.
 1817818	[INFO]	XnDeviceSensorIO.cpp	135	Connected to USB device
 1817870	[INFO]	XnProperty.cpp	151	Property Device.USBPath was changed to 045e/02ae@253/8.
 1825634	[INFO]	XnHostProtocol.cpp	825	Hardware versions: FW=5.1.4 (7) HW=4 Chip=2 Sensor=4 SYS=7
 3232904	[INFO]	XnProperty.cpp	151	Property Device.ID was changed to 0.
 3232963	[INFO]	XnSensor.cpp	182	Device sensor initialized
 3233062	[INFO]	XnOpenNI.cpp	1261	Creating node 'Depth1' of type Depth...
 3233104	[INFO]	XnDeviceBase.cpp	1383	Creating stream 'Depth1' of type 'Depth'...
 3233122	[INFO]	XnProperty.cpp	74	Setting Device.ReadData to 1...
 3233158	[INFO]	XnDeviceSensorIO.cpp	298	Endpoints open
 3245669	[INFO]	XnProperty.cpp	151	Property Device.ReadData was changed to 1.
 3245709	[INFO]	XnProperty.cpp	101	Device.ReadData was successfully set.
 3246067	[INFO]	XnProperty.cpp	151	Property Depth1.Resolution was changed to 0.
 3246087	[INFO]	XnProperty.cpp	151	Property Depth1.XRes was changed to 320.
 3246100	[INFO]	XnProperty.cpp	151	Property Depth1.YRes was changed to 240.
 3246112	[INFO]	XnProperty.cpp	151	Property Depth1.FPS was changed to 30.
 3246123	[INFO]	XnProperty.cpp	151	Property Depth1.OutputFormat was changed to 1.
 3246135	[INFO]	XnProperty.cpp	151	Property Depth1.BytesPerPixel was changed to 2.
 3246147	[INFO]	XnProperty.cpp	151	Property Depth1.RequiredDataSize was changed to 153600.
 3246163	[INFO]	XnProperty.cpp	151	Property Depth1.ParamCoeff was changed to 4.
 3246277	[INFO]	XnProperty.cpp	151	Property Depth1.ShiftScale was changed to 10.
 3258685	[INFO]	XnProperty.cpp	151	Property Depth1.ConstShift was changed to 200.
 3258775	[INFO]	XnProperty.cpp	151	Property Depth1.ZPD was changed to 120.
 3258888	[INFO]	XnProperty.cpp	151	Property Depth1.ZPPS was changed to 0.104200.
 3258913	[INFO]	XnProperty.cpp	151	Property Depth1.LDDIS was changed to 7.500000.
 3259031	[INFO]	XnProperty.cpp	151	Property Depth1.Gain was changed to 30.
 3259076	[INFO]	XnDeviceBase.cpp	1458	Stream 'Depth1' was initialized.
 3259100	[INFO]	XnDeviceBase.cpp	1463	'Depth1' stream was created.
 3259323	[INFO]	XnProperty.cpp	74	Setting Depth1.InputFormat to 3...
 3259357	[INFO]	XnProperty.cpp	151	Property Depth1.InputFormat was changed to 3.
 3259378	[INFO]	XnProperty.cpp	101	Depth1.InputFormat was successfully set.
 3260038	[INFO]	XnProperty.cpp	74	Setting Depth1.RegistrationType to 2...
 3260071	[INFO]	XnProperty.cpp	151	Property Depth1.RegistrationType was changed to 2.
 3260092	[INFO]	XnProperty.cpp	101	Depth1.RegistrationType was successfully set.
 3260815	[INFO]	XnDeviceModule.cpp	431	Module 'Depth1' configuration was loaded from file.
 3261074	[INFO]	XnProperty.cpp	74	Setting Depth1.FPS to 30...
 3261099	[INFO]	XnProperty.cpp	86	Depth1.FPS value did not change.
 3261119	[INFO]	XnProperty.cpp	74	Setting Depth1.YRes to 480...
 3261143	[INFO]	XnProperty.cpp	151	Property Depth1.Resolution was changed to 1.
 3261165	[INFO]	XnProperty.cpp	151	Property Depth1.XRes was changed to 640.
 3261184	[INFO]	XnProperty.cpp	151	Property Depth1.RequiredDataSize was changed to 307200.
 3261206	[INFO]	XnProperty.cpp	151	Property Depth1.YRes was changed to 480.
 3261226	[INFO]	XnProperty.cpp	151	Property Depth1.RequiredDataSize was changed to 614400.
 3261247	[INFO]	XnProperty.cpp	101	Depth1.YRes was successfully set.
 3261268	[INFO]	XnProperty.cpp	74	Setting Depth1.XRes to 640...
 3261286	[INFO]	XnProperty.cpp	86	Depth1.XRes value did not change.
 3261349	[INFO]	XnProperty.cpp	74	Setting Depth1.Mirror to 1...
 3261373	[INFO]	XnProperty.cpp	151	Property Depth1.FirmwareMirror was changed to 1.
 3261427	[INFO]	XnProperty.cpp	151	Property Depth1.Mirror was changed to 1.
 3261447	[INFO]	XnProperty.cpp	101	Depth1.Mirror was successfully set.
 4842447	[INFO]	XnOpenNI.cpp	1261	Creating node 'User1' of type User...
 4868098	[WARNING]	Linux-x86Threads.cpp	173	Failed to set thread priority: Invalid argument
 4868145	[WARNING]	XnUSBLinux-x86.cpp	126	USB events thread: Failed to set thread priority to critical. This might cause loss of data...
 4869205	[INFO]	XnUSBLinux-x86.cpp	1222	USB read thread was started.
 4869234	[INFO]	XnProperty.cpp	151	Property Depth1.ActualReadData was changed to 1.
 5339600	[INFO]	XnProperty.cpp	151	Property Depth1.State was changed to 1.
 5339644	[INFO]	XnDeviceBase.cpp	370	Stream Depth1 is open.
 7767513	[INFO]	XnOpenNI.cpp	1261	Creating node 'Image1' of type Image...
 7767566	[INFO]	XnDeviceBase.cpp	1383	Creating stream 'Image1' of type 'Image'...
 7767807	[INFO]	XnProperty.cpp	151	Property Image1.Resolution was changed to 0.
 7767835	[INFO]	XnProperty.cpp	151	Property Image1.XRes was changed to 320.
 7767854	[INFO]	XnProperty.cpp	151	Property Image1.YRes was changed to 240.
 7767872	[INFO]	XnProperty.cpp	151	Property Image1.FPS was changed to 30.
 7767888	[INFO]	XnProperty.cpp	151	Property Image1.OutputFormat was changed to 5.
 7767921	[INFO]	XnProperty.cpp	151	Property Image1.BytesPerPixel was changed to 3.
 7767943	[INFO]	XnProperty.cpp	151	Property Image1.RequiredDataSize was changed to 230400.
 7767984	[INFO]	XnDeviceBase.cpp	1458	Stream 'Image1' was initialized.
 7768005	[INFO]	XnDeviceBase.cpp	1463	'Image1' stream was created.
 7768139	[INFO]	XnProperty.cpp	74	Setting Image1.InputFormat to 6...
 7768170	[INFO]	XnProperty.cpp	151	Property Image1.InputFormat was changed to 6.
 7768189	[INFO]	XnProperty.cpp	101	Image1.InputFormat was successfully set.
 7768775	[INFO]	XnDeviceModule.cpp	431	Module 'Image1' configuration was loaded from file.
 7768909	[INFO]	XnProperty.cpp	74	Setting Image1.FPS to 30...
 7768933	[INFO]	XnProperty.cpp	86	Image1.FPS value did not change.
 7769012	[INFO]	XnProperty.cpp	74	Setting Image1.YRes to 480...
 7769032	[INFO]	XnProperty.cpp	151	Property Image1.Resolution was changed to 1.
 7769050	[INFO]	XnProperty.cpp	151	Property Image1.XRes was changed to 640.
 7769066	[INFO]	XnProperty.cpp	151	Property Image1.RequiredDataSize was changed to 460800.
 7769085	[INFO]	XnProperty.cpp	151	Property Image1.YRes was changed to 480.
 7769101	[INFO]	XnProperty.cpp	151	Property Image1.RequiredDataSize was changed to 921600.
 7769117	[INFO]	XnProperty.cpp	101	Image1.YRes was successfully set.
 7769135	[INFO]	XnProperty.cpp	74	Setting Image1.XRes to 640...
 7769150	[INFO]	XnProperty.cpp	86	Image1.XRes value did not change.
 7770293	[INFO]	XnUSBLinux-x86.cpp	1222	USB read thread was started.
 7770340	[INFO]	XnProperty.cpp	151	Property Image1.ActualReadData was changed to 1.
 7941014	[WARNING]	XnDepthProcessor.cpp	133	Read: Depth buffer is corrupt. Size is 595360 (!= 614400)
 7941061	[WARNING]	XnFrameStreamProcessor.cpp	132	Depth frame is corrupt!
 7973024	[WARNING]	XnDepthProcessor.cpp	133	Read: Depth buffer is corrupt. Size is 594512 (!= 614400)
 7973070	[WARNING]	XnFrameStreamProcessor.cpp	132	Depth frame is corrupt!
10971048	[INFO]	XnProperty.cpp	151	Property Image1.State was changed to 1.
10971092	[INFO]	XnDeviceBase.cpp	370	Stream Image1 is open.
10971299	[INFO]	XnProperty.cpp	74	Setting Depth1.Registration to 1...
11123305	[INFO]	XnProperty.cpp	151	Property Depth1.Registration was changed to 1.
11123350	[INFO]	XnProperty.cpp	101	Depth1.Registration was successfully set.
11123397	[INFO]	XnProperty.cpp	74	Setting Image1.Mirror to 1...
11136316	[INFO]	XnProperty.cpp	151	Property Image1.FirmwareMirror was changed to 1.
11136360	[INFO]	XnProperty.cpp	151	Property Image1.Mirror was changed to 1.
11136372	[INFO]	XnProperty.cpp	101	Image1.Mirror was successfully set.
302247832	[INFO]	XnOpenNI.cpp	1459	Destroying node 'User1'
302256975	[INFO]	XnOpenNI.cpp	1459	Destroying node 'Depth1'
302257092	[INFO]	XnDeviceBase.cpp	1507	Destroying stream 'Depth1'...
302258820	[INFO]	XnOpenNI.cpp	1459	Destroying node 'Image1'
302258938	[INFO]	XnDeviceBase.cpp	1507	Destroying stream 'Image1'...
302260067	[INFO]	XnOpenNI.cpp	1459	Destroying node 'Device1'
