  106824	[INFO]	XnLog.cpp	165	OpenNI version is 1.0.0 (Build 25)-MacOSX (Jan  7 2011 14:20:18)
  107091	[INFO]	XnLog.cpp	173	Log system initialized. Console: 1, File: 1, Severity: INFO, Masks: ALL
  107157	[INFO]	XnLog.cpp	173	Log system initialized. Console: 1, File: 1, Severity: INFO, Masks: ALL
  111658	[INFO]	XnUSBLinux-x86.cpp	98	USB is initialized.
 2061641	[INFO]	XnOpenNI.cpp	1261	Creating node 'Device1' of type Device...
 2062476	[INFO]	XnDeviceModule.cpp	431	Module 'Device' configuration was loaded from file.
 2328888	[INFO]	XnDeviceSensorIO.cpp	135	Connected to USB device
 2328932	[INFO]	XnProperty.cpp	151	Property Device.USBPath was changed to 045e/02ae@250/10.
 2370378	[INFO]	XnHostProtocol.cpp	825	Hardware versions: FW=5.1.4 (7) HW=4 Chip=2 Sensor=4 SYS=7
 3780389	[INFO]	XnProperty.cpp	151	Property Device.ID was changed to 0.
 3780442	[INFO]	XnSensor.cpp	182	Device sensor initialized
 3780525	[INFO]	XnOpenNI.cpp	1261	Creating node 'Depth1' of type Depth...
 3780563	[INFO]	XnDeviceBase.cpp	1383	Creating stream 'Depth1' of type 'Depth'...
 3780579	[INFO]	XnProperty.cpp	74	Setting Device.ReadData to 1...
 3780609	[INFO]	XnDeviceSensorIO.cpp	298	Endpoints open
 3792983	[INFO]	XnProperty.cpp	151	Property Device.ReadData was changed to 1.
 3793020	[INFO]	XnProperty.cpp	101	Device.ReadData was successfully set.
 3793416	[INFO]	XnProperty.cpp	151	Property Depth1.Resolution was changed to 0.
 3793444	[INFO]	XnProperty.cpp	151	Property Depth1.XRes was changed to 320.
 3793465	[INFO]	XnProperty.cpp	151	Property Depth1.YRes was changed to 240.
 3793484	[INFO]	XnProperty.cpp	151	Property Depth1.FPS was changed to 30.
 3793503	[INFO]	XnProperty.cpp	151	Property Depth1.OutputFormat was changed to 1.
 3793522	[INFO]	XnProperty.cpp	151	Property Depth1.BytesPerPixel was changed to 2.
 3793539	[INFO]	XnProperty.cpp	151	Property Depth1.RequiredDataSize was changed to 153600.
 3793564	[INFO]	XnProperty.cpp	151	Property Depth1.ParamCoeff was changed to 4.
 3793640	[INFO]	XnProperty.cpp	151	Property Depth1.ShiftScale was changed to 10.
 3806167	[INFO]	XnProperty.cpp	151	Property Depth1.ConstShift was changed to 200.
 3806245	[INFO]	XnProperty.cpp	151	Property Depth1.ZPD was changed to 120.
 3806350	[INFO]	XnProperty.cpp	151	Property Depth1.ZPPS was changed to 0.104200.
 3806364	[INFO]	XnProperty.cpp	151	Property Depth1.LDDIS was changed to 7.500000.
 3806449	[INFO]	XnProperty.cpp	151	Property Depth1.Gain was changed to 30.
 3806477	[INFO]	XnDeviceBase.cpp	1458	Stream 'Depth1' was initialized.
 3806491	[INFO]	XnDeviceBase.cpp	1463	'Depth1' stream was created.
 3806638	[INFO]	XnProperty.cpp	74	Setting Depth1.InputFormat to 3...
 3806660	[INFO]	XnProperty.cpp	151	Property Depth1.InputFormat was changed to 3.
 3806672	[INFO]	XnProperty.cpp	101	Depth1.InputFormat was successfully set.
 3807102	[INFO]	XnProperty.cpp	74	Setting Depth1.RegistrationType to 2...
 3807118	[INFO]	XnProperty.cpp	151	Property Depth1.RegistrationType was changed to 2.
 3807129	[INFO]	XnProperty.cpp	101	Depth1.RegistrationType was successfully set.
 3807595	[INFO]	XnDeviceModule.cpp	431	Module 'Depth1' configuration was loaded from file.
 3807754	[INFO]	XnProperty.cpp	74	Setting Depth1.FPS to 30...
 3807774	[INFO]	XnProperty.cpp	101	Depth1.FPS was successfully set.
 3807786	[INFO]	XnProperty.cpp	74	Setting Depth1.YRes to 480...
 3807800	[INFO]	XnProperty.cpp	151	Property Depth1.Resolution was changed to 1.
 3807813	[INFO]	XnProperty.cpp	151	Property Depth1.XRes was changed to 640.
 3807825	[INFO]	XnProperty.cpp	151	Property Depth1.RequiredDataSize was changed to 307200.
 3807839	[INFO]	XnProperty.cpp	151	Property Depth1.YRes was changed to 480.
 3807851	[INFO]	XnProperty.cpp	151	Property Depth1.RequiredDataSize was changed to 614400.
 3807864	[INFO]	XnProperty.cpp	101	Depth1.YRes was successfully set.
 3807876	[INFO]	XnProperty.cpp	74	Setting Depth1.XRes to 640...
 3807887	[INFO]	XnProperty.cpp	101	Depth1.XRes was successfully set.
 3807930	[INFO]	XnProperty.cpp	74	Setting Depth1.Mirror to 1...
 3807944	[INFO]	XnProperty.cpp	151	Property Depth1.FirmwareMirror was changed to 1.
 3807994	[INFO]	XnProperty.cpp	151	Property Depth1.Mirror was changed to 1.
 3808005	[INFO]	XnProperty.cpp	101	Depth1.Mirror was successfully set.
 4905897	[INFO]	XnOpenNI.cpp	1261	Creating node 'User1' of type User...
 4929899	[WARNING]	Linux-x86Threads.cpp	173	Failed to set thread priority: Invalid argument
 4929945	[WARNING]	XnUSBLinux-x86.cpp	126	USB events thread: Failed to set thread priority to critical. This might cause loss of data...
 4930864	[INFO]	XnUSBLinux-x86.cpp	1222	USB read thread was started.
 4930898	[INFO]	XnProperty.cpp	151	Property Depth1.ActualReadData was changed to 1.
 5401764	[INFO]	XnProperty.cpp	151	Property Depth1.State was changed to 1.
 5401807	[INFO]	XnDeviceBase.cpp	370	Stream Depth1 is open.
 6708616	[INFO]	XnOpenNI.cpp	1261	Creating node 'Image1' of type Image...
 6708672	[INFO]	XnDeviceBase.cpp	1383	Creating stream 'Image1' of type 'Image'...
 6708864	[INFO]	XnProperty.cpp	151	Property Image1.Resolution was changed to 0.
 6708892	[INFO]	XnProperty.cpp	151	Property Image1.XRes was changed to 320.
 6708912	[INFO]	XnProperty.cpp	151	Property Image1.YRes was changed to 240.
 6708930	[INFO]	XnProperty.cpp	151	Property Image1.FPS was changed to 30.
 6708945	[INFO]	XnProperty.cpp	151	Property Image1.OutputFormat was changed to 5.
 6708960	[INFO]	XnProperty.cpp	151	Property Image1.BytesPerPixel was changed to 3.
 6708976	[INFO]	XnProperty.cpp	151	Property Image1.RequiredDataSize was changed to 230400.
 6709023	[INFO]	XnDeviceBase.cpp	1458	Stream 'Image1' was initialized.
 6709044	[INFO]	XnDeviceBase.cpp	1463	'Image1' stream was created.
 6709170	[INFO]	XnProperty.cpp	74	Setting Image1.InputFormat to 6...
 6709200	[INFO]	XnProperty.cpp	151	Property Image1.InputFormat was changed to 6.
 6709220	[INFO]	XnProperty.cpp	101	Image1.InputFormat was successfully set.
 6709842	[INFO]	XnDeviceModule.cpp	431	Module 'Image1' configuration was loaded from file.
 6709938	[INFO]	XnProperty.cpp	74	Setting Image1.FPS to 30...
 6709962	[INFO]	XnProperty.cpp	101	Image1.FPS was successfully set.
 6709983	[INFO]	XnProperty.cpp	74	Setting Image1.YRes to 480...
 6710003	[INFO]	XnProperty.cpp	151	Property Image1.Resolution was changed to 1.
 6710023	[INFO]	XnProperty.cpp	151	Property Image1.XRes was changed to 640.
 6710040	[INFO]	XnProperty.cpp	151	Property Image1.RequiredDataSize was changed to 460800.
 6710059	[INFO]	XnProperty.cpp	151	Property Image1.YRes was changed to 480.
 6710079	[INFO]	XnProperty.cpp	151	Property Image1.RequiredDataSize was changed to 921600.
 6710100	[INFO]	XnProperty.cpp	101	Image1.YRes was successfully set.
 6710119	[INFO]	XnProperty.cpp	74	Setting Image1.XRes to 640...
 6710136	[INFO]	XnProperty.cpp	101	Image1.XRes was successfully set.
 6711243	[INFO]	XnUSBLinux-x86.cpp	1222	USB read thread was started.
 6711288	[INFO]	XnProperty.cpp	151	Property Image1.ActualReadData was changed to 1.
 6886644	[WARNING]	XnFirmwareStreams.cpp	324	Unknown packet type (0x4847)!!!
 6898644	[WARNING]	XnDepthProcessor.cpp	133	Read: Depth buffer is corrupt. Size is 538288 (!= 614400)
 6898695	[WARNING]	XnFrameStreamProcessor.cpp	132	Depth frame is corrupt!
 9803287	[WARNING]	XnDepthProcessor.cpp	133	Read: Depth buffer is corrupt. Size is 569440 (!= 614400)
 9803336	[WARNING]	XnFrameStreamProcessor.cpp	132	Depth frame is corrupt!
 9912896	[INFO]	XnProperty.cpp	151	Property Image1.State was changed to 1.
 9912941	[INFO]	XnDeviceBase.cpp	370	Stream Image1 is open.
 9913167	[INFO]	XnProperty.cpp	74	Setting Depth1.Registration to 1...
 9971332	[WARNING]	XnDepthProcessor.cpp	133	Read: Depth buffer is corrupt. Size is 593248 (!= 614400)
 9971379	[WARNING]	XnFrameStreamProcessor.cpp	132	Depth frame is corrupt!
10065469	[INFO]	XnProperty.cpp	151	Property Depth1.Registration was changed to 1.
10065511	[INFO]	XnProperty.cpp	101	Depth1.Registration was successfully set.
10065559	[INFO]	XnProperty.cpp	74	Setting Image1.Mirror to 1...
10077857	[INFO]	XnProperty.cpp	151	Property Image1.FirmwareMirror was changed to 1.
10077899	[INFO]	XnProperty.cpp	151	Property Image1.Mirror was changed to 1.
10077911	[INFO]	XnProperty.cpp	101	Image1.Mirror was successfully set.
54144931	[INFO]	XnOpenNI.cpp	1459	Destroying node 'User1'
54153026	[INFO]	XnOpenNI.cpp	1459	Destroying node 'Depth1'
54153137	[INFO]	XnDeviceBase.cpp	1507	Destroying stream 'Depth1'...
54155216	[INFO]	XnOpenNI.cpp	1459	Destroying node 'Image1'
54155290	[INFO]	XnDeviceBase.cpp	1507	Destroying stream 'Image1'...
54156467	[INFO]	XnOpenNI.cpp	1459	Destroying node 'Device1'
