    1534	[INFO]	XnLog.cpp	165	OpenNI version is 1.0.0 (Build 25)-MacOSX (Jan  7 2011 14:20:18)
    1571	[INFO]	XnLog.cpp	173	Log system initialized. Console: 1, File: 1, Severity: INFO, Masks: ALL
    1598	[INFO]	XnLog.cpp	173	Log system initialized. Console: 1, File: 1, Severity: INFO, Masks: ALL
    2947	[INFO]	XnUSBLinux-x86.cpp	98	USB is initialized.
 2106292	[INFO]	XnOpenNI.cpp	1261	Creating node 'Device1' of type Device...
 2107725	[INFO]	XnDeviceModule.cpp	431	Module 'Device' configuration was loaded from file.
 2322399	[INFO]	XnDeviceSensorIO.cpp	135	Connected to USB device
 2322448	[INFO]	XnProperty.cpp	151	Property Device.USBPath was changed to 045e/02ae@253/8.
 2330078	[INFO]	XnHostProtocol.cpp	825	Hardware versions: FW=5.1.4 (7) HW=4 Chip=2 Sensor=4 SYS=7
 3741030	[INFO]	XnProperty.cpp	151	Property Device.ID was changed to 0.
 3741122	[INFO]	XnSensor.cpp	182	Device sensor initialized
 3741301	[INFO]	XnOpenNI.cpp	1261	Creating node 'Depth1' of type Depth...
 3741395	[INFO]	XnDeviceBase.cpp	1383	Creating stream 'Depth1' of type 'Depth'...
 3741443	[INFO]	XnProperty.cpp	74	Setting Device.ReadData to 1...
 3741523	[INFO]	XnDeviceSensorIO.cpp	298	Endpoints open
 3754036	[INFO]	XnProperty.cpp	151	Property Device.ReadData was changed to 1.
 3754096	[INFO]	XnProperty.cpp	101	Device.ReadData was successfully set.
 3754771	[INFO]	XnProperty.cpp	151	Property Depth1.Resolution was changed to 0.
 3754809	[INFO]	XnProperty.cpp	151	Property Depth1.XRes was changed to 320.
 3754835	[INFO]	XnProperty.cpp	151	Property Depth1.YRes was changed to 240.
 3754859	[INFO]	XnProperty.cpp	151	Property Depth1.FPS was changed to 30.
 3754882	[INFO]	XnProperty.cpp	151	Property Depth1.OutputFormat was changed to 1.
 3754906	[INFO]	XnProperty.cpp	151	Property Depth1.BytesPerPixel was changed to 2.
 3754931	[INFO]	XnProperty.cpp	151	Property Depth1.RequiredDataSize was changed to 153600.
 3754963	[INFO]	XnProperty.cpp	151	Property Depth1.ParamCoeff was changed to 4.
 3755082	[INFO]	XnProperty.cpp	151	Property Depth1.ShiftScale was changed to 10.
 3767617	[INFO]	XnProperty.cpp	151	Property Depth1.ConstShift was changed to 200.
 3767726	[INFO]	XnProperty.cpp	151	Property Depth1.ZPD was changed to 120.
 3767882	[INFO]	XnProperty.cpp	151	Property Depth1.ZPPS was changed to 0.104200.
 3767904	[INFO]	XnProperty.cpp	151	Property Depth1.LDDIS was changed to 7.500000.
 3768049	[INFO]	XnProperty.cpp	151	Property Depth1.Gain was changed to 30.
 3768087	[INFO]	XnDeviceBase.cpp	1458	Stream 'Depth1' was initialized.
 3768109	[INFO]	XnDeviceBase.cpp	1463	'Depth1' stream was created.
 3768324	[INFO]	XnProperty.cpp	74	Setting Depth1.InputFormat to 3...
 3768358	[INFO]	XnProperty.cpp	151	Property Depth1.InputFormat was changed to 3.
 3768377	[INFO]	XnProperty.cpp	101	Depth1.InputFormat was successfully set.
 3769079	[INFO]	XnProperty.cpp	74	Setting Depth1.RegistrationType to 2...
 3769104	[INFO]	XnProperty.cpp	151	Property Depth1.RegistrationType was changed to 2.
 3769122	[INFO]	XnProperty.cpp	101	Depth1.RegistrationType was successfully set.
 3769864	[INFO]	XnDeviceModule.cpp	431	Module 'Depth1' configuration was loaded from file.
 3770092	[INFO]	XnProperty.cpp	74	Setting Depth1.FPS to 30...
 3770116	[INFO]	XnProperty.cpp	86	Depth1.FPS value did not change.
 3770135	[INFO]	XnProperty.cpp	74	Setting Depth1.YRes to 480...
 3770157	[INFO]	XnProperty.cpp	151	Property Depth1.Resolution was changed to 1.
 3770177	[INFO]	XnProperty.cpp	151	Property Depth1.XRes was changed to 640.
 3770197	[INFO]	XnProperty.cpp	151	Property Depth1.RequiredDataSize was changed to 307200.
 3770218	[INFO]	XnProperty.cpp	151	Property Depth1.YRes was changed to 480.
 3770238	[INFO]	XnProperty.cpp	151	Property Depth1.RequiredDataSize was changed to 614400.
 3770257	[INFO]	XnProperty.cpp	101	Depth1.YRes was successfully set.
 3770277	[INFO]	XnProperty.cpp	74	Setting Depth1.XRes to 640...
 3770295	[INFO]	XnProperty.cpp	86	Depth1.XRes value did not change.
 3770356	[INFO]	XnProperty.cpp	74	Setting Depth1.Mirror to 1...
 3770379	[INFO]	XnProperty.cpp	151	Property Depth1.FirmwareMirror was changed to 1.
 3770436	[INFO]	XnProperty.cpp	151	Property Depth1.Mirror was changed to 1.
 3770454	[INFO]	XnProperty.cpp	101	Depth1.Mirror was successfully set.
 5399425	[INFO]	XnOpenNI.cpp	1261	Creating node 'User1' of type User...
 5426482	[WARNING]	Linux-x86Threads.cpp	173	Failed to set thread priority: Invalid argument
 5426527	[WARNING]	XnUSBLinux-x86.cpp	126	USB events thread: Failed to set thread priority to critical. This might cause loss of data...
 5427451	[INFO]	XnUSBLinux-x86.cpp	1222	USB read thread was started.
 5427482	[INFO]	XnProperty.cpp	151	Property Depth1.ActualReadData was changed to 1.
 5897883	[INFO]	XnProperty.cpp	151	Property Depth1.State was changed to 1.
 5897925	[INFO]	XnDeviceBase.cpp	370	Stream Depth1 is open.
 7486651	[INFO]	XnOpenNI.cpp	1261	Creating node 'Image1' of type Image...
 7486732	[INFO]	XnDeviceBase.cpp	1383	Creating stream 'Image1' of type 'Image'...
 7487029	[INFO]	XnProperty.cpp	151	Property Image1.Resolution was changed to 0.
 7487054	[INFO]	XnProperty.cpp	151	Property Image1.XRes was changed to 320.
 7487071	[INFO]	XnProperty.cpp	151	Property Image1.YRes was changed to 240.
 7487087	[INFO]	XnProperty.cpp	151	Property Image1.FPS was changed to 30.
 7487103	[INFO]	XnProperty.cpp	151	Property Image1.OutputFormat was changed to 5.
 7487124	[INFO]	XnProperty.cpp	151	Property Image1.BytesPerPixel was changed to 3.
 7487156	[INFO]	XnProperty.cpp	151	Property Image1.RequiredDataSize was changed to 230400.
 7487200	[INFO]	XnDeviceBase.cpp	1458	Stream 'Image1' was initialized.
 7487219	[INFO]	XnDeviceBase.cpp	1463	'Image1' stream was created.
 7487342	[INFO]	XnProperty.cpp	74	Setting Image1.InputFormat to 6...
 7487367	[INFO]	XnProperty.cpp	151	Property Image1.InputFormat was changed to 6.
 7487393	[INFO]	XnProperty.cpp	101	Image1.InputFormat was successfully set.
 7487929	[INFO]	XnDeviceModule.cpp	431	Module 'Image1' configuration was loaded from file.
 7488022	[INFO]	XnProperty.cpp	74	Setting Image1.FPS to 30...
 7488040	[INFO]	XnProperty.cpp	86	Image1.FPS value did not change.
 7488060	[INFO]	XnProperty.cpp	74	Setting Image1.YRes to 480...
 7488078	[INFO]	XnProperty.cpp	151	Property Image1.Resolution was changed to 1.
 7488096	[INFO]	XnProperty.cpp	151	Property Image1.XRes was changed to 640.
 7488114	[INFO]	XnProperty.cpp	151	Property Image1.RequiredDataSize was changed to 460800.
 7488134	[INFO]	XnProperty.cpp	151	Property Image1.YRes was changed to 480.
 7488152	[INFO]	XnProperty.cpp	151	Property Image1.RequiredDataSize was changed to 921600.
 7488170	[INFO]	XnProperty.cpp	101	Image1.YRes was successfully set.
 7488187	[INFO]	XnProperty.cpp	74	Setting Image1.XRes to 640...
 7488203	[INFO]	XnProperty.cpp	86	Image1.XRes value did not change.
 7489456	[INFO]	XnUSBLinux-x86.cpp	1222	USB read thread was started.
 7489513	[INFO]	XnProperty.cpp	151	Property Image1.ActualReadData was changed to 1.
 7663356	[WARNING]	XnDepthProcessor.cpp	133	Read: Depth buffer is corrupt. Size is 579328 (!= 614400)
 7663402	[WARNING]	XnFrameStreamProcessor.cpp	132	Depth frame is corrupt!
10689674	[INFO]	XnProperty.cpp	151	Property Image1.State was changed to 1.
10689716	[INFO]	XnDeviceBase.cpp	370	Stream Image1 is open.
10689886	[INFO]	XnProperty.cpp	74	Setting Depth1.Registration to 1...
10699465	[WARNING]	XnDepthProcessor.cpp	133	Read: Depth buffer is corrupt. Size is 596608 (!= 614400)
10699508	[WARNING]	XnFrameStreamProcessor.cpp	132	Depth frame is corrupt!
10840888	[INFO]	XnProperty.cpp	151	Property Depth1.Registration was changed to 1.
10840930	[INFO]	XnProperty.cpp	101	Depth1.Registration was successfully set.
10840976	[INFO]	XnProperty.cpp	74	Setting Image1.Mirror to 1...
10853414	[INFO]	XnProperty.cpp	151	Property Image1.FirmwareMirror was changed to 1.
10853459	[INFO]	XnProperty.cpp	151	Property Image1.Mirror was changed to 1.
10853472	[INFO]	XnProperty.cpp	101	Image1.Mirror was successfully set.
16247168	[INFO]	XnOpenNI.cpp	1459	Destroying node 'User1'
16255103	[INFO]	XnOpenNI.cpp	1459	Destroying node 'Depth1'
16255191	[INFO]	XnDeviceBase.cpp	1507	Destroying stream 'Depth1'...
16256674	[INFO]	XnOpenNI.cpp	1459	Destroying node 'Image1'
16256784	[INFO]	XnDeviceBase.cpp	1507	Destroying stream 'Image1'...
16257708	[INFO]	XnOpenNI.cpp	1459	Destroying node 'Device1'
