    1624	[INFO]	XnLog.cpp	165	OpenNI version is 1.0.0 (Build 25)-MacOSX (Jan  7 2011 14:20:18)
    1716	[INFO]	XnLog.cpp	173	Log system initialized. Console: 1, File: 1, Severity: INFO, Masks: ALL
    1746	[INFO]	XnLog.cpp	173	Log system initialized. Console: 1, File: 1, Severity: INFO, Masks: ALL
    2969	[INFO]	XnUSBLinux-x86.cpp	98	USB is initialized.
 2084018	[INFO]	XnOpenNI.cpp	1261	Creating node 'Device1' of type Device...
 2085209	[INFO]	XnDeviceModule.cpp	431	Module 'Device' configuration was loaded from file.
 2300606	[INFO]	XnDeviceSensorIO.cpp	135	Connected to USB device
 2300663	[INFO]	XnProperty.cpp	151	Property Device.USBPath was changed to 045e/02ae@253/8.
 2411387	[INFO]	XnHostProtocol.cpp	825	Hardware versions: FW=5.1.4 (7) HW=4 Chip=2 Sensor=4 SYS=7
 3822611	[INFO]	XnProperty.cpp	151	Property Device.ID was changed to 0.
 3822688	[INFO]	XnSensor.cpp	182	Device sensor initialized
 3822799	[INFO]	XnOpenNI.cpp	1261	Creating node 'Depth1' of type Depth...
 3822854	[INFO]	XnDeviceBase.cpp	1383	Creating stream 'Depth1' of type 'Depth'...
 3822881	[INFO]	XnProperty.cpp	74	Setting Device.ReadData to 1...
 3822924	[INFO]	XnDeviceSensorIO.cpp	298	Endpoints open
 3835365	[INFO]	XnProperty.cpp	151	Property Device.ReadData was changed to 1.
 3835410	[INFO]	XnProperty.cpp	101	Device.ReadData was successfully set.
 3835902	[INFO]	XnProperty.cpp	151	Property Depth1.Resolution was changed to 0.
 3835929	[INFO]	XnProperty.cpp	151	Property Depth1.XRes was changed to 320.
 3835949	[INFO]	XnProperty.cpp	151	Property Depth1.YRes was changed to 240.
 3835966	[INFO]	XnProperty.cpp	151	Property Depth1.FPS was changed to 30.
 3835983	[INFO]	XnProperty.cpp	151	Property Depth1.OutputFormat was changed to 1.
 3835999	[INFO]	XnProperty.cpp	151	Property Depth1.BytesPerPixel was changed to 2.
 3836016	[INFO]	XnProperty.cpp	151	Property Depth1.RequiredDataSize was changed to 153600.
 3836036	[INFO]	XnProperty.cpp	151	Property Depth1.ParamCoeff was changed to 4.
 3836112	[INFO]	XnProperty.cpp	151	Property Depth1.ShiftScale was changed to 10.
 3848402	[INFO]	XnProperty.cpp	151	Property Depth1.ConstShift was changed to 200.
 3848523	[INFO]	XnProperty.cpp	151	Property Depth1.ZPD was changed to 120.
 3848632	[INFO]	XnProperty.cpp	151	Property Depth1.ZPPS was changed to 0.104200.
 3848653	[INFO]	XnProperty.cpp	151	Property Depth1.LDDIS was changed to 7.500000.
 3848760	[INFO]	XnProperty.cpp	151	Property Depth1.Gain was changed to 30.
 3848799	[INFO]	XnDeviceBase.cpp	1458	Stream 'Depth1' was initialized.
 3848820	[INFO]	XnDeviceBase.cpp	1463	'Depth1' stream was created.
 3848992	[INFO]	XnProperty.cpp	74	Setting Depth1.InputFormat to 3...
 3849020	[INFO]	XnProperty.cpp	151	Property Depth1.InputFormat was changed to 3.
 3849040	[INFO]	XnProperty.cpp	101	Depth1.InputFormat was successfully set.
 3849487	[INFO]	XnProperty.cpp	74	Setting Depth1.RegistrationType to 2...
 3849506	[INFO]	XnProperty.cpp	151	Property Depth1.RegistrationType was changed to 2.
 3849522	[INFO]	XnProperty.cpp	101	Depth1.RegistrationType was successfully set.
 3849991	[INFO]	XnDeviceModule.cpp	431	Module 'Depth1' configuration was loaded from file.
 3850185	[INFO]	XnProperty.cpp	74	Setting Depth1.FPS to 30...
 3850205	[INFO]	XnProperty.cpp	86	Depth1.FPS value did not change.
 3850223	[INFO]	XnProperty.cpp	74	Setting Depth1.YRes to 480...
 3850245	[INFO]	XnProperty.cpp	151	Property Depth1.Resolution was changed to 1.
 3850265	[INFO]	XnProperty.cpp	151	Property Depth1.XRes was changed to 640.
 3850284	[INFO]	XnProperty.cpp	151	Property Depth1.RequiredDataSize was changed to 307200.
 3850305	[INFO]	XnProperty.cpp	151	Property Depth1.YRes was changed to 480.
 3850323	[INFO]	XnProperty.cpp	151	Property Depth1.RequiredDataSize was changed to 614400.
 3850342	[INFO]	XnProperty.cpp	101	Depth1.YRes was successfully set.
 3850361	[INFO]	XnProperty.cpp	74	Setting Depth1.XRes to 640...
 3850378	[INFO]	XnProperty.cpp	86	Depth1.XRes value did not change.
 3850434	[INFO]	XnProperty.cpp	74	Setting Depth1.Mirror to 1...
 3850453	[INFO]	XnProperty.cpp	151	Property Depth1.FirmwareMirror was changed to 1.
 3918765	[INFO]	XnProperty.cpp	151	Property Depth1.Mirror was changed to 1.
 3918783	[INFO]	XnProperty.cpp	101	Depth1.Mirror was successfully set.
 5532449	[INFO]	XnOpenNI.cpp	1261	Creating node 'User1' of type User...
 5557754	[WARNING]	Linux-x86Threads.cpp	173	Failed to set thread priority: Invalid argument
 5557803	[WARNING]	XnUSBLinux-x86.cpp	126	USB events thread: Failed to set thread priority to critical. This might cause loss of data...
 5558654	[INFO]	XnUSBLinux-x86.cpp	1222	USB read thread was started.
 5558680	[INFO]	XnProperty.cpp	151	Property Depth1.ActualReadData was changed to 1.
 6028892	[INFO]	XnProperty.cpp	151	Property Depth1.State was changed to 1.
 6028939	[INFO]	XnDeviceBase.cpp	370	Stream Depth1 is open.
 7622932	[INFO]	XnOpenNI.cpp	1261	Creating node 'Image1' of type Image...
 7622983	[INFO]	XnDeviceBase.cpp	1383	Creating stream 'Image1' of type 'Image'...
 7623195	[INFO]	XnProperty.cpp	151	Property Image1.Resolution was changed to 0.
 7623223	[INFO]	XnProperty.cpp	151	Property Image1.XRes was changed to 320.
 7623243	[INFO]	XnProperty.cpp	151	Property Image1.YRes was changed to 240.
 7623261	[INFO]	XnProperty.cpp	151	Property Image1.FPS was changed to 30.
 7623276	[INFO]	XnProperty.cpp	151	Property Image1.OutputFormat was changed to 5.
 7623295	[INFO]	XnProperty.cpp	151	Property Image1.BytesPerPixel was changed to 3.
 7623317	[INFO]	XnProperty.cpp	151	Property Image1.RequiredDataSize was changed to 230400.
 7623358	[INFO]	XnDeviceBase.cpp	1458	Stream 'Image1' was initialized.
 7623380	[INFO]	XnDeviceBase.cpp	1463	'Image1' stream was created.
 7623515	[INFO]	XnProperty.cpp	74	Setting Image1.InputFormat to 6...
 7623546	[INFO]	XnProperty.cpp	151	Property Image1.InputFormat was changed to 6.
 7623565	[INFO]	XnProperty.cpp	101	Image1.InputFormat was successfully set.
 7624175	[INFO]	XnDeviceModule.cpp	431	Module 'Image1' configuration was loaded from file.
 7624294	[INFO]	XnProperty.cpp	74	Setting Image1.FPS to 30...
 7624318	[INFO]	XnProperty.cpp	86	Image1.FPS value did not change.
 7624337	[INFO]	XnProperty.cpp	74	Setting Image1.YRes to 480...
 7624356	[INFO]	XnProperty.cpp	151	Property Image1.Resolution was changed to 1.
 7624373	[INFO]	XnProperty.cpp	151	Property Image1.XRes was changed to 640.
 7624394	[INFO]	XnProperty.cpp	151	Property Image1.RequiredDataSize was changed to 460800.
 7624415	[INFO]	XnProperty.cpp	151	Property Image1.YRes was changed to 480.
 7624435	[INFO]	XnProperty.cpp	151	Property Image1.RequiredDataSize was changed to 921600.
 7624453	[INFO]	XnProperty.cpp	101	Image1.YRes was successfully set.
 7624472	[INFO]	XnProperty.cpp	74	Setting Image1.XRes to 640...
 7624487	[INFO]	XnProperty.cpp	86	Image1.XRes value did not change.
 7625389	[INFO]	XnUSBLinux-x86.cpp	1222	USB read thread was started.
 7625432	[INFO]	XnProperty.cpp	151	Property Image1.ActualReadData was changed to 1.
 7794511	[WARNING]	XnDepthProcessor.cpp	133	Read: Depth buffer is corrupt. Size is 592096 (!= 614400)
 7794557	[WARNING]	XnFrameStreamProcessor.cpp	132	Depth frame is corrupt!
 7826541	[WARNING]	XnDepthProcessor.cpp	133	Read: Depth buffer is corrupt. Size is 598288 (!= 614400)
 7826586	[WARNING]	XnFrameStreamProcessor.cpp	132	Depth frame is corrupt!
10698524	[WARNING]	XnDepthProcessor.cpp	133	Read: Depth buffer is corrupt. Size is 591744 (!= 614400)
10698572	[WARNING]	XnFrameStreamProcessor.cpp	132	Depth frame is corrupt!
10826009	[INFO]	XnProperty.cpp	151	Property Image1.State was changed to 1.
10826053	[INFO]	XnDeviceBase.cpp	370	Stream Image1 is open.
10826244	[INFO]	XnProperty.cpp	74	Setting Depth1.Registration to 1...
10862612	[WARNING]	XnDepthProcessor.cpp	133	Read: Depth buffer is corrupt. Size is 598592 (!= 614400)
10862659	[WARNING]	XnFrameStreamProcessor.cpp	132	Depth frame is corrupt!
10978609	[INFO]	XnProperty.cpp	151	Property Depth1.Registration was changed to 1.
10978650	[INFO]	XnProperty.cpp	101	Depth1.Registration was successfully set.
10978711	[INFO]	XnProperty.cpp	74	Setting Image1.Mirror to 1...
10991520	[INFO]	XnProperty.cpp	151	Property Image1.FirmwareMirror was changed to 1.
10991598	[INFO]	XnProperty.cpp	151	Property Image1.Mirror was changed to 1.
10991611	[INFO]	XnProperty.cpp	101	Image1.Mirror was successfully set.
65857383	[INFO]	XnOpenNI.cpp	1459	Destroying node 'User1'
65867402	[INFO]	XnOpenNI.cpp	1459	Destroying node 'Depth1'
65867505	[INFO]	XnDeviceBase.cpp	1507	Destroying stream 'Depth1'...
65869216	[INFO]	XnOpenNI.cpp	1459	Destroying node 'Image1'
65869271	[INFO]	XnDeviceBase.cpp	1507	Destroying stream 'Image1'...
65870126	[INFO]	XnOpenNI.cpp	1459	Destroying node 'Device1'
