    1508	[INFO]	XnLog.cpp	165	OpenNI version is 1.0.0 (Build 25)-MacOSX (Jan  7 2011 14:20:18)
    1564	[INFO]	XnLog.cpp	173	Log system initialized. Console: 1, File: 1, Severity: INFO, Masks: ALL
    1598	[INFO]	XnLog.cpp	173	Log system initialized. Console: 1, File: 1, Severity: INFO, Masks: ALL
    2912	[INFO]	XnUSBLinux-x86.cpp	98	USB is initialized.
 2370323	[INFO]	XnOpenNI.cpp	1261	Creating node 'Device1' of type Device...
 2371336	[INFO]	XnDeviceModule.cpp	431	Module 'Device' configuration was loaded from file.
 2630362	[INFO]	XnDeviceSensorIO.cpp	135	Connected to USB device
 2630411	[INFO]	XnProperty.cpp	151	Property Device.USBPath was changed to 045e/02ae@253/8.
 2637904	[INFO]	XnHostProtocol.cpp	825	Hardware versions: FW=5.1.4 (7) HW=4 Chip=2 Sensor=4 SYS=7
 4049524	[INFO]	XnProperty.cpp	151	Property Device.ID was changed to 0.
 4049612	[INFO]	XnSensor.cpp	182	Device sensor initialized
 4049700	[INFO]	XnOpenNI.cpp	1261	Creating node 'Depth1' of type Depth...
 4049750	[INFO]	XnDeviceBase.cpp	1383	Creating stream 'Depth1' of type 'Depth'...
 4049775	[INFO]	XnProperty.cpp	74	Setting Device.ReadData to 1...
 4049815	[INFO]	XnDeviceSensorIO.cpp	298	Endpoints open
 4062165	[INFO]	XnProperty.cpp	151	Property Device.ReadData was changed to 1.
 4062224	[INFO]	XnProperty.cpp	101	Device.ReadData was successfully set.
 4062625	[INFO]	XnProperty.cpp	151	Property Depth1.Resolution was changed to 0.
 4062651	[INFO]	XnProperty.cpp	151	Property Depth1.XRes was changed to 320.
 4062667	[INFO]	XnProperty.cpp	151	Property Depth1.YRes was changed to 240.
 4062683	[INFO]	XnProperty.cpp	151	Property Depth1.FPS was changed to 30.
 4062697	[INFO]	XnProperty.cpp	151	Property Depth1.OutputFormat was changed to 1.
 4062714	[INFO]	XnProperty.cpp	151	Property Depth1.BytesPerPixel was changed to 2.
 4062730	[INFO]	XnProperty.cpp	151	Property Depth1.RequiredDataSize was changed to 153600.
 4062750	[INFO]	XnProperty.cpp	151	Property Depth1.ParamCoeff was changed to 4.
 4062828	[INFO]	XnProperty.cpp	151	Property Depth1.ShiftScale was changed to 10.
 4075272	[INFO]	XnProperty.cpp	151	Property Depth1.ConstShift was changed to 200.
 4075363	[INFO]	XnProperty.cpp	151	Property Depth1.ZPD was changed to 120.
 4075460	[INFO]	XnProperty.cpp	151	Property Depth1.ZPPS was changed to 0.104200.
 4075477	[INFO]	XnProperty.cpp	151	Property Depth1.LDDIS was changed to 7.500000.
 4075591	[INFO]	XnProperty.cpp	151	Property Depth1.Gain was changed to 30.
 4075626	[INFO]	XnDeviceBase.cpp	1458	Stream 'Depth1' was initialized.
 4075640	[INFO]	XnDeviceBase.cpp	1463	'Depth1' stream was created.
 4075802	[INFO]	XnProperty.cpp	74	Setting Depth1.InputFormat to 3...
 4075824	[INFO]	XnProperty.cpp	151	Property Depth1.InputFormat was changed to 3.
 4075836	[INFO]	XnProperty.cpp	101	Depth1.InputFormat was successfully set.
 4076272	[INFO]	XnProperty.cpp	74	Setting Depth1.RegistrationType to 2...
 4076291	[INFO]	XnProperty.cpp	151	Property Depth1.RegistrationType was changed to 2.
 4076302	[INFO]	XnProperty.cpp	101	Depth1.RegistrationType was successfully set.
 4076760	[INFO]	XnDeviceModule.cpp	431	Module 'Depth1' configuration was loaded from file.
 4076933	[INFO]	XnProperty.cpp	74	Setting Depth1.FPS to 30...
 4076951	[INFO]	XnProperty.cpp	86	Depth1.FPS value did not change.
 4076962	[INFO]	XnProperty.cpp	74	Setting Depth1.YRes to 480...
 4076977	[INFO]	XnProperty.cpp	151	Property Depth1.Resolution was changed to 1.
 4076989	[INFO]	XnProperty.cpp	151	Property Depth1.XRes was changed to 640.
 4077000	[INFO]	XnProperty.cpp	151	Property Depth1.RequiredDataSize was changed to 307200.
 4077016	[INFO]	XnProperty.cpp	151	Property Depth1.YRes was changed to 480.
 4077033	[INFO]	XnProperty.cpp	151	Property Depth1.RequiredDataSize was changed to 614400.
 4077053	[INFO]	XnProperty.cpp	101	Depth1.YRes was successfully set.
 4077071	[INFO]	XnProperty.cpp	74	Setting Depth1.XRes to 640...
 4077082	[INFO]	XnProperty.cpp	86	Depth1.XRes value did not change.
 4077125	[INFO]	XnProperty.cpp	74	Setting Depth1.Mirror to 1...
 4077141	[INFO]	XnProperty.cpp	151	Property Depth1.FirmwareMirror was changed to 1.
 4077183	[INFO]	XnProperty.cpp	151	Property Depth1.Mirror was changed to 1.
 4077194	[INFO]	XnProperty.cpp	101	Depth1.Mirror was successfully set.
 6700169	[INFO]	XnOpenNI.cpp	1261	Creating node 'User1' of type User...
 6722848	[WARNING]	Linux-x86Threads.cpp	173	Failed to set thread priority: Invalid argument
 6722892	[WARNING]	XnUSBLinux-x86.cpp	126	USB events thread: Failed to set thread priority to critical. This might cause loss of data...
 6723675	[INFO]	XnUSBLinux-x86.cpp	1222	USB read thread was started.
 6723701	[INFO]	XnProperty.cpp	151	Property Depth1.ActualReadData was changed to 1.
 7194118	[INFO]	XnProperty.cpp	151	Property Depth1.State was changed to 1.
 7194160	[INFO]	XnDeviceBase.cpp	370	Stream Depth1 is open.
10004533	[INFO]	XnOpenNI.cpp	1261	Creating node 'Image1' of type Image...
10004585	[INFO]	XnDeviceBase.cpp	1383	Creating stream 'Image1' of type 'Image'...
10004799	[INFO]	XnProperty.cpp	151	Property Image1.Resolution was changed to 0.
10004821	[INFO]	XnProperty.cpp	151	Property Image1.XRes was changed to 320.
10004841	[INFO]	XnProperty.cpp	151	Property Image1.YRes was changed to 240.
10004861	[INFO]	XnProperty.cpp	151	Property Image1.FPS was changed to 30.
10004880	[INFO]	XnProperty.cpp	151	Property Image1.OutputFormat was changed to 5.
10004899	[INFO]	XnProperty.cpp	151	Property Image1.BytesPerPixel was changed to 3.
10004918	[INFO]	XnProperty.cpp	151	Property Image1.RequiredDataSize was changed to 230400.
10004957	[INFO]	XnDeviceBase.cpp	1458	Stream 'Image1' was initialized.
10004977	[INFO]	XnDeviceBase.cpp	1463	'Image1' stream was created.
10005091	[INFO]	XnProperty.cpp	74	Setting Image1.InputFormat to 6...
10005116	[INFO]	XnProperty.cpp	151	Property Image1.InputFormat was changed to 6.
10005136	[INFO]	XnProperty.cpp	101	Image1.InputFormat was successfully set.
10005698	[INFO]	XnDeviceModule.cpp	431	Module 'Image1' configuration was loaded from file.
10005809	[INFO]	XnProperty.cpp	74	Setting Image1.FPS to 30...
10005832	[INFO]	XnProperty.cpp	86	Image1.FPS value did not change.
10005849	[INFO]	XnProperty.cpp	74	Setting Image1.YRes to 480...
10005868	[INFO]	XnProperty.cpp	151	Property Image1.Resolution was changed to 1.
10005889	[INFO]	XnProperty.cpp	151	Property Image1.XRes was changed to 640.
10005909	[INFO]	XnProperty.cpp	151	Property Image1.RequiredDataSize was changed to 460800.
10005949	[INFO]	XnProperty.cpp	151	Property Image1.YRes was changed to 480.
10005969	[INFO]	XnProperty.cpp	151	Property Image1.RequiredDataSize was changed to 921600.
10005990	[INFO]	XnProperty.cpp	101	Image1.YRes was successfully set.
10006013	[INFO]	XnProperty.cpp	74	Setting Image1.XRes to 640...
10006033	[INFO]	XnProperty.cpp	86	Image1.XRes value did not change.
10007130	[INFO]	XnUSBLinux-x86.cpp	1222	USB read thread was started.
10007176	[INFO]	XnProperty.cpp	151	Property Image1.ActualReadData was changed to 1.
10059602	[WARNING]	XnDepthProcessor.cpp	133	Read: Depth buffer is corrupt. Size is 605536 (!= 614400)
10059646	[WARNING]	XnFrameStreamProcessor.cpp	132	Depth frame is corrupt!
10195548	[WARNING]	XnDepthProcessor.cpp	133	Read: Depth buffer is corrupt. Size is 528688 (!= 614400)
10195593	[WARNING]	XnFrameStreamProcessor.cpp	132	Depth frame is corrupt!
13095645	[WARNING]	XnDepthProcessor.cpp	133	Read: Depth buffer is corrupt. Size is 566720 (!= 614400)
13095688	[WARNING]	XnFrameStreamProcessor.cpp	132	Depth frame is corrupt!
13207301	[INFO]	XnProperty.cpp	151	Property Image1.State was changed to 1.
13207343	[INFO]	XnDeviceBase.cpp	370	Stream Image1 is open.
13207534	[INFO]	XnProperty.cpp	74	Setting Depth1.Registration to 1...
13231557	[WARNING]	XnDepthProcessor.cpp	133	Read: Depth buffer is corrupt. Size is 592320 (!= 614400)
13231611	[WARNING]	XnFrameStreamProcessor.cpp	132	Depth frame is corrupt!
13263621	[WARNING]	XnDepthProcessor.cpp	133	Read: Depth buffer is corrupt. Size is 585056 (!= 614400)
13263667	[WARNING]	XnFrameStreamProcessor.cpp	132	Depth frame is corrupt!
13358626	[INFO]	XnProperty.cpp	151	Property Depth1.Registration was changed to 1.
13358669	[INFO]	XnProperty.cpp	101	Depth1.Registration was successfully set.
13358748	[INFO]	XnProperty.cpp	74	Setting Image1.Mirror to 1...
13371065	[INFO]	XnProperty.cpp	151	Property Image1.FirmwareMirror was changed to 1.
13371108	[INFO]	XnProperty.cpp	151	Property Image1.Mirror was changed to 1.
13371121	[INFO]	XnProperty.cpp	101	Image1.Mirror was successfully set.
66520159	[INFO]	XnOpenNI.cpp	1459	Destroying node 'User1'
66528894	[INFO]	XnOpenNI.cpp	1459	Destroying node 'Depth1'
66528985	[INFO]	XnDeviceBase.cpp	1507	Destroying stream 'Depth1'...
66530392	[INFO]	XnOpenNI.cpp	1459	Destroying node 'Image1'
66530474	[INFO]	XnDeviceBase.cpp	1507	Destroying stream 'Image1'...
66531419	[INFO]	XnOpenNI.cpp	1459	Destroying node 'Device1'
