   54480	[INFO]	XnLog.cpp	165	OpenNI version is 1.0.0 (Build 25)-MacOSX (Jan  7 2011 14:20:18)
  210706	[INFO]	XnLog.cpp	173	Log system initialized. Console: 1, File: 1, Severity: INFO, Masks: ALL
  210757	[INFO]	XnLog.cpp	173	Log system initialized. Console: 1, File: 1, Severity: INFO, Masks: ALL
  212849	[INFO]	XnUSBLinux-x86.cpp	98	USB is initialized.
 2074450	[INFO]	XnOpenNI.cpp	1261	Creating node 'Device1' of type Device...
 2075226	[INFO]	XnDeviceModule.cpp	431	Module 'Device' configuration was loaded from file.
 2235652	[INFO]	XnDeviceSensorIO.cpp	135	Connected to USB device
 2235729	[INFO]	XnProperty.cpp	151	Property Device.USBPath was changed to 045e/02ae@250/10.
 2260361	[INFO]	XnHostProtocol.cpp	825	Hardware versions: FW=5.1.4 (7) HW=4 Chip=2 Sensor=4 SYS=7
 3668129	[INFO]	XnProperty.cpp	151	Property Device.ID was changed to 0.
 3668208	[INFO]	XnSensor.cpp	182	Device sensor initialized
 3668294	[INFO]	XnOpenNI.cpp	1261	Creating node 'Depth1' of type Depth...
 3668330	[INFO]	XnDeviceBase.cpp	1383	Creating stream 'Depth1' of type 'Depth'...
 3668347	[INFO]	XnProperty.cpp	74	Setting Device.ReadData to 1...
 3668377	[INFO]	XnDeviceSensorIO.cpp	298	Endpoints open
 3680857	[INFO]	XnProperty.cpp	151	Property Device.ReadData was changed to 1.
 3680903	[INFO]	XnProperty.cpp	101	Device.ReadData was successfully set.
 3681208	[INFO]	XnProperty.cpp	151	Property Depth1.Resolution was changed to 0.
 3681231	[INFO]	XnProperty.cpp	151	Property Depth1.XRes was changed to 320.
 3681252	[INFO]	XnProperty.cpp	151	Property Depth1.YRes was changed to 240.
 3681273	[INFO]	XnProperty.cpp	151	Property Depth1.FPS was changed to 30.
 3681291	[INFO]	XnProperty.cpp	151	Property Depth1.OutputFormat was changed to 1.
 3681310	[INFO]	XnProperty.cpp	151	Property Depth1.BytesPerPixel was changed to 2.
 3681328	[INFO]	XnProperty.cpp	151	Property Depth1.RequiredDataSize was changed to 153600.
 3681352	[INFO]	XnProperty.cpp	151	Property Depth1.ParamCoeff was changed to 4.
 3681416	[INFO]	XnProperty.cpp	151	Property Depth1.ShiftScale was changed to 10.
 3693519	[INFO]	XnProperty.cpp	151	Property Depth1.ConstShift was changed to 200.
 3693614	[INFO]	XnProperty.cpp	151	Property Depth1.ZPD was changed to 120.
 3693712	[INFO]	XnProperty.cpp	151	Property Depth1.ZPPS was changed to 0.104200.
 3693726	[INFO]	XnProperty.cpp	151	Property Depth1.LDDIS was changed to 7.500000.
 3693818	[INFO]	XnProperty.cpp	151	Property Depth1.Gain was changed to 30.
 3693850	[INFO]	XnDeviceBase.cpp	1458	Stream 'Depth1' was initialized.
 3693864	[INFO]	XnDeviceBase.cpp	1463	'Depth1' stream was created.
 3694012	[INFO]	XnProperty.cpp	74	Setting Depth1.InputFormat to 3...
 3694033	[INFO]	XnProperty.cpp	151	Property Depth1.InputFormat was changed to 3.
 3694046	[INFO]	XnProperty.cpp	101	Depth1.InputFormat was successfully set.
 3694570	[INFO]	XnProperty.cpp	74	Setting Depth1.RegistrationType to 2...
 3694601	[INFO]	XnProperty.cpp	151	Property Depth1.RegistrationType was changed to 2.
 3694620	[INFO]	XnProperty.cpp	101	Depth1.RegistrationType was successfully set.
 3695394	[INFO]	XnDeviceModule.cpp	431	Module 'Depth1' configuration was loaded from file.
 3695684	[INFO]	XnProperty.cpp	74	Setting Depth1.FPS to 30...
 3695708	[INFO]	XnProperty.cpp	86	Depth1.FPS value did not change.
 3695727	[INFO]	XnProperty.cpp	74	Setting Depth1.YRes to 480...
 3695751	[INFO]	XnProperty.cpp	151	Property Depth1.Resolution was changed to 1.
 3695774	[INFO]	XnProperty.cpp	151	Property Depth1.XRes was changed to 640.
 3695795	[INFO]	XnProperty.cpp	151	Property Depth1.RequiredDataSize was changed to 307200.
 3695819	[INFO]	XnProperty.cpp	151	Property Depth1.YRes was changed to 480.
 3695838	[INFO]	XnProperty.cpp	151	Property Depth1.RequiredDataSize was changed to 614400.
 3695857	[INFO]	XnProperty.cpp	101	Depth1.YRes was successfully set.
 3695876	[INFO]	XnProperty.cpp	74	Setting Depth1.XRes to 640...
 3695893	[INFO]	XnProperty.cpp	101	Depth1.XRes was successfully set.
 3695951	[INFO]	XnProperty.cpp	74	Setting Depth1.Mirror to 1...
 3695974	[INFO]	XnProperty.cpp	151	Property Depth1.FirmwareMirror was changed to 1.
 3696005	[INFO]	XnProperty.cpp	151	Property Depth1.Mirror was changed to 1.
 3696018	[INFO]	XnProperty.cpp	101	Depth1.Mirror was successfully set.
 3933119	[INFO]	XnOpenNI.cpp	1261	Creating node 'User1' of type User...
 3958113	[WARNING]	Linux-x86Threads.cpp	173	Failed to set thread priority: Invalid argument
 3958159	[WARNING]	XnUSBLinux-x86.cpp	126	USB events thread: Failed to set thread priority to critical. This might cause loss of data...
 3958956	[INFO]	XnUSBLinux-x86.cpp	1222	USB read thread was started.
 3958985	[INFO]	XnProperty.cpp	151	Property Depth1.ActualReadData was changed to 1.
 4429204	[INFO]	XnProperty.cpp	151	Property Depth1.State was changed to 1.
 4429251	[INFO]	XnDeviceBase.cpp	370	Stream Depth1 is open.
 4677855	[INFO]	XnOpenNI.cpp	1261	Creating node 'Image1' of type Image...
 4677908	[INFO]	XnDeviceBase.cpp	1383	Creating stream 'Image1' of type 'Image'...
 4678163	[INFO]	XnProperty.cpp	151	Property Image1.Resolution was changed to 0.
 4678183	[INFO]	XnProperty.cpp	151	Property Image1.XRes was changed to 320.
 4678196	[INFO]	XnProperty.cpp	151	Property Image1.YRes was changed to 240.
 4678208	[INFO]	XnProperty.cpp	151	Property Image1.FPS was changed to 30.
 4678219	[INFO]	XnProperty.cpp	151	Property Image1.OutputFormat was changed to 5.
 4678237	[INFO]	XnProperty.cpp	151	Property Image1.BytesPerPixel was changed to 3.
 4678256	[INFO]	XnProperty.cpp	151	Property Image1.RequiredDataSize was changed to 230400.
 4678292	[INFO]	XnDeviceBase.cpp	1458	Stream 'Image1' was initialized.
 4678307	[INFO]	XnDeviceBase.cpp	1463	'Image1' stream was created.
 4678414	[INFO]	XnProperty.cpp	74	Setting Image1.InputFormat to 6...
 4678433	[INFO]	XnProperty.cpp	151	Property Image1.InputFormat was changed to 6.
 4678446	[INFO]	XnProperty.cpp	101	Image1.InputFormat was successfully set.
 4678992	[INFO]	XnDeviceModule.cpp	431	Module 'Image1' configuration was loaded from file.
 4679088	[INFO]	XnProperty.cpp	74	Setting Image1.FPS to 30...
 4679104	[INFO]	XnProperty.cpp	86	Image1.FPS value did not change.
 4679117	[INFO]	XnProperty.cpp	74	Setting Image1.YRes to 480...
 4679130	[INFO]	XnProperty.cpp	151	Property Image1.Resolution was changed to 1.
 4679142	[INFO]	XnProperty.cpp	151	Property Image1.XRes was changed to 640.
 4679154	[INFO]	XnProperty.cpp	151	Property Image1.RequiredDataSize was changed to 460800.
 4679168	[INFO]	XnProperty.cpp	151	Property Image1.YRes was changed to 480.
 4679180	[INFO]	XnProperty.cpp	151	Property Image1.RequiredDataSize was changed to 921600.
 4679193	[INFO]	XnProperty.cpp	101	Image1.YRes was successfully set.
 4679206	[INFO]	XnProperty.cpp	74	Setting Image1.XRes to 640...
 4679217	[INFO]	XnProperty.cpp	86	Image1.XRes value did not change.
 4680108	[INFO]	XnUSBLinux-x86.cpp	1222	USB read thread was started.
 4680159	[INFO]	XnProperty.cpp	151	Property Image1.ActualReadData was changed to 1.
 4858581	[WARNING]	XnDepthProcessor.cpp	133	Read: Depth buffer is corrupt. Size is 508880 (!= 614400)
 4858629	[WARNING]	XnFrameStreamProcessor.cpp	132	Depth frame is corrupt!
 7880576	[INFO]	XnProperty.cpp	151	Property Image1.State was changed to 1.
 7880630	[INFO]	XnDeviceBase.cpp	370	Stream Image1 is open.
 7880875	[INFO]	XnProperty.cpp	74	Setting Depth1.Registration to 1...
 7894700	[WARNING]	XnDepthProcessor.cpp	133	Read: Depth buffer is corrupt. Size is 593376 (!= 614400)
 7894756	[WARNING]	XnFrameStreamProcessor.cpp	132	Depth frame is corrupt!
 8032480	[INFO]	XnProperty.cpp	151	Property Depth1.Registration was changed to 1.
 8032524	[INFO]	XnProperty.cpp	101	Depth1.Registration was successfully set.
 8032571	[INFO]	XnProperty.cpp	74	Setting Image1.Mirror to 1...
 8044820	[INFO]	XnProperty.cpp	151	Property Image1.FirmwareMirror was changed to 1.
 8044868	[INFO]	XnProperty.cpp	151	Property Image1.Mirror was changed to 1.
 8044887	[INFO]	XnProperty.cpp	101	Image1.Mirror was successfully set.
18444041	[INFO]	XnOpenNI.cpp	1459	Destroying node 'User1'
18452362	[INFO]	XnOpenNI.cpp	1459	Destroying node 'Depth1'
18452452	[INFO]	XnDeviceBase.cpp	1507	Destroying stream 'Depth1'...
18453678	[INFO]	XnOpenNI.cpp	1459	Destroying node 'Image1'
18453788	[INFO]	XnDeviceBase.cpp	1507	Destroying stream 'Image1'...
18454667	[INFO]	XnOpenNI.cpp	1459	Destroying node 'Device1'
