   27937	[INFO]	XnLog.cpp	165	OpenNI version is 1.0.0 (Build 25)-MacOSX (Jan  7 2011 14:20:18)
   28010	[INFO]	XnLog.cpp	173	Log system initialized. Console: 1, File: 1, Severity: INFO, Masks: ALL
   28044	[INFO]	XnLog.cpp	173	Log system initialized. Console: 1, File: 1, Severity: INFO, Masks: ALL
   29654	[INFO]	XnUSBLinux-x86.cpp	98	USB is initialized.
 3365289	[INFO]	XnOpenNI.cpp	1261	Creating node 'Device1' of type Device...
 3366104	[INFO]	XnDeviceModule.cpp	431	Module 'Device' configuration was loaded from file.
 3795563	[INFO]	XnDeviceSensorIO.cpp	135	Connected to USB device
 3795616	[INFO]	XnProperty.cpp	151	Property Device.USBPath was changed to 045e/02ae@253/8.
 3803543	[INFO]	XnHostProtocol.cpp	825	Hardware versions: FW=5.1.4 (7) HW=4 Chip=2 Sensor=4 SYS=7
 5209498	[INFO]	XnProperty.cpp	151	Property Device.ID was changed to 0.
 5209569	[INFO]	XnSensor.cpp	182	Device sensor initialized
 5209681	[INFO]	XnOpenNI.cpp	1261	Creating node 'Depth1' of type Depth...
 5209733	[INFO]	XnDeviceBase.cpp	1383	Creating stream 'Depth1' of type 'Depth'...
 5209756	[INFO]	XnProperty.cpp	74	Setting Device.ReadData to 1...
 5209796	[INFO]	XnDeviceSensorIO.cpp	298	Endpoints open
 5221941	[INFO]	XnProperty.cpp	151	Property Device.ReadData was changed to 1.
 5221990	[INFO]	XnProperty.cpp	101	Device.ReadData was successfully set.
 5222431	[INFO]	XnProperty.cpp	151	Property Depth1.Resolution was changed to 0.
 5222454	[INFO]	XnProperty.cpp	151	Property Depth1.XRes was changed to 320.
 5222475	[INFO]	XnProperty.cpp	151	Property Depth1.YRes was changed to 240.
 5222495	[INFO]	XnProperty.cpp	151	Property Depth1.FPS was changed to 30.
 5222516	[INFO]	XnProperty.cpp	151	Property Depth1.OutputFormat was changed to 1.
 5222535	[INFO]	XnProperty.cpp	151	Property Depth1.BytesPerPixel was changed to 2.
 5222554	[INFO]	XnProperty.cpp	151	Property Depth1.RequiredDataSize was changed to 153600.
 5222578	[INFO]	XnProperty.cpp	151	Property Depth1.ParamCoeff was changed to 4.
 5222652	[INFO]	XnProperty.cpp	151	Property Depth1.ShiftScale was changed to 10.
 5234935	[INFO]	XnProperty.cpp	151	Property Depth1.ConstShift was changed to 200.
 5235039	[INFO]	XnProperty.cpp	151	Property Depth1.ZPD was changed to 120.
 5235150	[INFO]	XnProperty.cpp	151	Property Depth1.ZPPS was changed to 0.104200.
 5235172	[INFO]	XnProperty.cpp	151	Property Depth1.LDDIS was changed to 7.500000.
 5235282	[INFO]	XnProperty.cpp	151	Property Depth1.Gain was changed to 30.
 5235325	[INFO]	XnDeviceBase.cpp	1458	Stream 'Depth1' was initialized.
 5235350	[INFO]	XnDeviceBase.cpp	1463	'Depth1' stream was created.
 5235514	[INFO]	XnProperty.cpp	74	Setting Depth1.InputFormat to 3...
 5235540	[INFO]	XnProperty.cpp	151	Property Depth1.InputFormat was changed to 3.
 5235560	[INFO]	XnProperty.cpp	101	Depth1.InputFormat was successfully set.
 5236009	[INFO]	XnProperty.cpp	74	Setting Depth1.RegistrationType to 2...
 5236029	[INFO]	XnProperty.cpp	151	Property Depth1.RegistrationType was changed to 2.
 5236047	[INFO]	XnProperty.cpp	101	Depth1.RegistrationType was successfully set.
 5236522	[INFO]	XnDeviceModule.cpp	431	Module 'Depth1' configuration was loaded from file.
 5236703	[INFO]	XnProperty.cpp	74	Setting Depth1.FPS to 30...
 5236727	[INFO]	XnProperty.cpp	86	Depth1.FPS value did not change.
 5236744	[INFO]	XnProperty.cpp	74	Setting Depth1.YRes to 480...
 5236768	[INFO]	XnProperty.cpp	151	Property Depth1.Resolution was changed to 1.
 5236790	[INFO]	XnProperty.cpp	151	Property Depth1.XRes was changed to 640.
 5236810	[INFO]	XnProperty.cpp	151	Property Depth1.RequiredDataSize was changed to 307200.
 5236834	[INFO]	XnProperty.cpp	151	Property Depth1.YRes was changed to 480.
 5236852	[INFO]	XnProperty.cpp	151	Property Depth1.RequiredDataSize was changed to 614400.
 5236874	[INFO]	XnProperty.cpp	101	Depth1.YRes was successfully set.
 5236894	[INFO]	XnProperty.cpp	74	Setting Depth1.XRes to 640...
 5236911	[INFO]	XnProperty.cpp	86	Depth1.XRes value did not change.
 5236971	[INFO]	XnProperty.cpp	74	Setting Depth1.Mirror to 1...
 5236991	[INFO]	XnProperty.cpp	151	Property Depth1.FirmwareMirror was changed to 1.
 5237049	[INFO]	XnProperty.cpp	151	Property Depth1.Mirror was changed to 1.
 5237069	[INFO]	XnProperty.cpp	101	Depth1.Mirror was successfully set.
 8559903	[INFO]	XnOpenNI.cpp	1261	Creating node 'User1' of type User...
 8607319	[WARNING]	Linux-x86Threads.cpp	173	Failed to set thread priority: Invalid argument
 8607369	[WARNING]	XnUSBLinux-x86.cpp	126	USB events thread: Failed to set thread priority to critical. This might cause loss of data...
 8608668	[INFO]	XnUSBLinux-x86.cpp	1222	USB read thread was started.
 8608706	[INFO]	XnProperty.cpp	151	Property Depth1.ActualReadData was changed to 1.
 9079390	[INFO]	XnProperty.cpp	151	Property Depth1.State was changed to 1.
 9079434	[INFO]	XnDeviceBase.cpp	370	Stream Depth1 is open.
12390229	[INFO]	XnOpenNI.cpp	1261	Creating node 'Image1' of type Image...
12390285	[INFO]	XnDeviceBase.cpp	1383	Creating stream 'Image1' of type 'Image'...
12390483	[INFO]	XnProperty.cpp	151	Property Image1.Resolution was changed to 0.
12390502	[INFO]	XnProperty.cpp	151	Property Image1.XRes was changed to 320.
12390516	[INFO]	XnProperty.cpp	151	Property Image1.YRes was changed to 240.
12390527	[INFO]	XnProperty.cpp	151	Property Image1.FPS was changed to 30.
12390539	[INFO]	XnProperty.cpp	151	Property Image1.OutputFormat was changed to 5.
12390551	[INFO]	XnProperty.cpp	151	Property Image1.BytesPerPixel was changed to 3.
12390563	[INFO]	XnProperty.cpp	151	Property Image1.RequiredDataSize was changed to 230400.
12390592	[INFO]	XnDeviceBase.cpp	1458	Stream 'Image1' was initialized.
12390606	[INFO]	XnDeviceBase.cpp	1463	'Image1' stream was created.
12390715	[INFO]	XnProperty.cpp	74	Setting Image1.InputFormat to 6...
12390739	[INFO]	XnProperty.cpp	151	Property Image1.InputFormat was changed to 6.
12390760	[INFO]	XnProperty.cpp	101	Image1.InputFormat was successfully set.
12391317	[INFO]	XnDeviceModule.cpp	431	Module 'Image1' configuration was loaded from file.
12391424	[INFO]	XnProperty.cpp	74	Setting Image1.FPS to 30...
12391444	[INFO]	XnProperty.cpp	86	Image1.FPS value did not change.
12391459	[INFO]	XnProperty.cpp	74	Setting Image1.YRes to 480...
12391475	[INFO]	XnProperty.cpp	151	Property Image1.Resolution was changed to 1.
12391490	[INFO]	XnProperty.cpp	151	Property Image1.XRes was changed to 640.
12391505	[INFO]	XnProperty.cpp	151	Property Image1.RequiredDataSize was changed to 460800.
12391522	[INFO]	XnProperty.cpp	151	Property Image1.YRes was changed to 480.
12391538	[INFO]	XnProperty.cpp	151	Property Image1.RequiredDataSize was changed to 921600.
12391553	[INFO]	XnProperty.cpp	101	Image1.YRes was successfully set.
12391568	[INFO]	XnProperty.cpp	74	Setting Image1.XRes to 640...
12391582	[INFO]	XnProperty.cpp	86	Image1.XRes value did not change.
12392562	[INFO]	XnUSBLinux-x86.cpp	1222	USB read thread was started.
12392603	[INFO]	XnProperty.cpp	151	Property Image1.ActualReadData was changed to 1.
12580371	[WARNING]	XnDepthProcessor.cpp	133	Read: Depth buffer is corrupt. Size is 547152 (!= 614400)
12580421	[WARNING]	XnFrameStreamProcessor.cpp	132	Depth frame is corrupt!
15484393	[WARNING]	XnDepthProcessor.cpp	133	Read: Depth buffer is corrupt. Size is 599968 (!= 614400)
15484444	[WARNING]	XnFrameStreamProcessor.cpp	132	Depth frame is corrupt!
15592420	[INFO]	XnProperty.cpp	151	Property Image1.State was changed to 1.
15592475	[INFO]	XnDeviceBase.cpp	370	Stream Image1 is open.
15592668	[INFO]	XnProperty.cpp	74	Setting Depth1.Registration to 1...
15600425	[WARNING]	XnFirmwareStreams.cpp	324	Unknown packet type (0x4452)!!!
15604427	[WARNING]	XnFirmwareStreams.cpp	324	Unknown packet type (0x4452)!!!
15616432	[WARNING]	XnDepthProcessor.cpp	133	Read: Depth buffer is corrupt. Size is 587904 (!= 614400)
15616483	[WARNING]	XnFrameStreamProcessor.cpp	132	Depth frame is corrupt!
15748111	[INFO]	XnProperty.cpp	151	Property Depth1.Registration was changed to 1.
15748155	[INFO]	XnProperty.cpp	101	Depth1.Registration was successfully set.
15748208	[INFO]	XnProperty.cpp	74	Setting Image1.Mirror to 1...
15760486	[INFO]	XnProperty.cpp	151	Property Image1.FirmwareMirror was changed to 1.
15760544	[INFO]	XnProperty.cpp	151	Property Image1.Mirror was changed to 1.
15760606	[INFO]	XnProperty.cpp	101	Image1.Mirror was successfully set.
