    1736	[INFO]	XnLog.cpp	165	OpenNI version is 1.0.0 (Build 25)-MacOSX (Jan  7 2011 14:20:18)
    1785	[INFO]	XnLog.cpp	173	Log system initialized. Console: 1, File: 1, Severity: INFO, Masks: ALL
    1819	[INFO]	XnLog.cpp	173	Log system initialized. Console: 1, File: 1, Severity: INFO, Masks: ALL
    3338	[INFO]	XnUSBLinux-x86.cpp	98	USB is initialized.
 1969309	[INFO]	XnOpenNI.cpp	1261	Creating node 'Device1' of type Device...
 1970116	[INFO]	XnDeviceModule.cpp	431	Module 'Device' configuration was loaded from file.
 2236160	[INFO]	XnDeviceSensorIO.cpp	135	Connected to USB device
 2236222	[INFO]	XnProperty.cpp	151	Property Device.USBPath was changed to 045e/02ae@250/10.
 2244261	[INFO]	XnHostProtocol.cpp	825	Hardware versions: FW=5.1.4 (7) HW=4 Chip=2 Sensor=4 SYS=7
 3751074	[INFO]	XnProperty.cpp	151	Property Device.ID was changed to 0.
 3751137	[INFO]	XnSensor.cpp	182	Device sensor initialized
 3751250	[INFO]	XnOpenNI.cpp	1261	Creating node 'Depth1' of type Depth...
 3751304	[INFO]	XnDeviceBase.cpp	1383	Creating stream 'Depth1' of type 'Depth'...
 3751330	[INFO]	XnProperty.cpp	74	Setting Device.ReadData to 1...
 3751375	[INFO]	XnDeviceSensorIO.cpp	298	Endpoints open
 3763631	[INFO]	XnProperty.cpp	151	Property Device.ReadData was changed to 1.
 3763685	[INFO]	XnProperty.cpp	101	Device.ReadData was successfully set.
 3764082	[INFO]	XnProperty.cpp	151	Property Depth1.Resolution was changed to 0.
 3764108	[INFO]	XnProperty.cpp	151	Property Depth1.XRes was changed to 320.
 3764128	[INFO]	XnProperty.cpp	151	Property Depth1.YRes was changed to 240.
 3764145	[INFO]	XnProperty.cpp	151	Property Depth1.FPS was changed to 30.
 3764158	[INFO]	XnProperty.cpp	151	Property Depth1.OutputFormat was changed to 1.
 3764170	[INFO]	XnProperty.cpp	151	Property Depth1.BytesPerPixel was changed to 2.
 3764183	[INFO]	XnProperty.cpp	151	Property Depth1.RequiredDataSize was changed to 153600.
 3764199	[INFO]	XnProperty.cpp	151	Property Depth1.ParamCoeff was changed to 4.
 3764260	[INFO]	XnProperty.cpp	151	Property Depth1.ShiftScale was changed to 10.
 3776580	[INFO]	XnProperty.cpp	151	Property Depth1.ConstShift was changed to 200.
 3776680	[INFO]	XnProperty.cpp	151	Property Depth1.ZPD was changed to 120.
 3776787	[INFO]	XnProperty.cpp	151	Property Depth1.ZPPS was changed to 0.104200.
 3776809	[INFO]	XnProperty.cpp	151	Property Depth1.LDDIS was changed to 7.500000.
 3776918	[INFO]	XnProperty.cpp	151	Property Depth1.Gain was changed to 30.
 3776956	[INFO]	XnDeviceBase.cpp	1458	Stream 'Depth1' was initialized.
 3776977	[INFO]	XnDeviceBase.cpp	1463	'Depth1' stream was created.
 3777132	[INFO]	XnProperty.cpp	74	Setting Depth1.InputFormat to 3...
 3777155	[INFO]	XnProperty.cpp	151	Property Depth1.InputFormat was changed to 3.
 3777173	[INFO]	XnProperty.cpp	101	Depth1.InputFormat was successfully set.
 3777614	[INFO]	XnProperty.cpp	74	Setting Depth1.RegistrationType to 2...
 3777634	[INFO]	XnProperty.cpp	151	Property Depth1.RegistrationType was changed to 2.
 3777653	[INFO]	XnProperty.cpp	101	Depth1.RegistrationType was successfully set.
 3778114	[INFO]	XnDeviceModule.cpp	431	Module 'Depth1' configuration was loaded from file.
 3778297	[INFO]	XnProperty.cpp	74	Setting Depth1.FPS to 30...
 3778322	[INFO]	XnProperty.cpp	86	Depth1.FPS value did not change.
 3778341	[INFO]	XnProperty.cpp	74	Setting Depth1.YRes to 480...
 3778361	[INFO]	XnProperty.cpp	151	Property Depth1.Resolution was changed to 1.
 3778379	[INFO]	XnProperty.cpp	151	Property Depth1.XRes was changed to 640.
 3778397	[INFO]	XnProperty.cpp	151	Property Depth1.RequiredDataSize was changed to 307200.
 3778418	[INFO]	XnProperty.cpp	151	Property Depth1.YRes was changed to 480.
 3778439	[INFO]	XnProperty.cpp	151	Property Depth1.RequiredDataSize was changed to 614400.
 3778457	[INFO]	XnProperty.cpp	101	Depth1.YRes was successfully set.
 3778475	[INFO]	XnProperty.cpp	74	Setting Depth1.XRes to 640...
 3778490	[INFO]	XnProperty.cpp	86	Depth1.XRes value did not change.
 3778542	[INFO]	XnProperty.cpp	74	Setting Depth1.Mirror to 1...
 3778559	[INFO]	XnProperty.cpp	151	Property Depth1.FirmwareMirror was changed to 1.
 3778609	[INFO]	XnProperty.cpp	151	Property Depth1.Mirror was changed to 1.
 3778626	[INFO]	XnProperty.cpp	101	Depth1.Mirror was successfully set.
 4879270	[INFO]	XnOpenNI.cpp	1261	Creating node 'User1' of type User...
 4905402	[WARNING]	Linux-x86Threads.cpp	173	Failed to set thread priority: Invalid argument
 4905450	[WARNING]	XnUSBLinux-x86.cpp	126	USB events thread: Failed to set thread priority to critical. This might cause loss of data...
 4906402	[INFO]	XnUSBLinux-x86.cpp	1222	USB read thread was started.
 4906444	[INFO]	XnProperty.cpp	151	Property Depth1.ActualReadData was changed to 1.
 5378322	[INFO]	XnProperty.cpp	151	Property Depth1.State was changed to 1.
 5378366	[INFO]	XnDeviceBase.cpp	370	Stream Depth1 is open.
 6478757	[INFO]	XnOpenNI.cpp	1261	Creating node 'Image1' of type Image...
 6478809	[INFO]	XnDeviceBase.cpp	1383	Creating stream 'Image1' of type 'Image'...
 6479025	[INFO]	XnProperty.cpp	151	Property Image1.Resolution was changed to 0.
 6479052	[INFO]	XnProperty.cpp	151	Property Image1.XRes was changed to 320.
 6479071	[INFO]	XnProperty.cpp	151	Property Image1.YRes was changed to 240.
 6479089	[INFO]	XnProperty.cpp	151	Property Image1.FPS was changed to 30.
 6479105	[INFO]	XnProperty.cpp	151	Property Image1.OutputFormat was changed to 5.
 6479123	[INFO]	XnProperty.cpp	151	Property Image1.BytesPerPixel was changed to 3.
 6479141	[INFO]	XnProperty.cpp	151	Property Image1.RequiredDataSize was changed to 230400.
 6479182	[INFO]	XnDeviceBase.cpp	1458	Stream 'Image1' was initialized.
 6479204	[INFO]	XnDeviceBase.cpp	1463	'Image1' stream was created.
 6479326	[INFO]	XnProperty.cpp	74	Setting Image1.InputFormat to 6...
 6479353	[INFO]	XnProperty.cpp	151	Property Image1.InputFormat was changed to 6.
 6479374	[INFO]	XnProperty.cpp	101	Image1.InputFormat was successfully set.
 6479990	[INFO]	XnDeviceModule.cpp	431	Module 'Image1' configuration was loaded from file.
 6480110	[INFO]	XnProperty.cpp	74	Setting Image1.FPS to 30...
 6480133	[INFO]	XnProperty.cpp	86	Image1.FPS value did not change.
 6480152	[INFO]	XnProperty.cpp	74	Setting Image1.YRes to 480...
 6480170	[INFO]	XnProperty.cpp	151	Property Image1.Resolution was changed to 1.
 6480188	[INFO]	XnProperty.cpp	151	Property Image1.XRes was changed to 640.
 6480205	[INFO]	XnProperty.cpp	151	Property Image1.RequiredDataSize was changed to 460800.
 6480224	[INFO]	XnProperty.cpp	151	Property Image1.YRes was changed to 480.
 6480255	[INFO]	XnProperty.cpp	151	Property Image1.RequiredDataSize was changed to 921600.
 6480279	[INFO]	XnProperty.cpp	101	Image1.YRes was successfully set.
 6480300	[INFO]	XnProperty.cpp	74	Setting Image1.XRes to 640...
 6480314	[INFO]	XnProperty.cpp	86	Image1.XRes value did not change.
 6481432	[INFO]	XnUSBLinux-x86.cpp	1222	USB read thread was started.
 6481485	[INFO]	XnProperty.cpp	151	Property Image1.ActualReadData was changed to 1.
 6646583	[WARNING]	XnFrameStreamProcessor.cpp	140	Depth Frame Buffer overflow! current size: 612768
 6646630	[WARNING]	XnFrameStreamProcessor.cpp	132	Depth frame is corrupt!
 6650624	[WARNING]	XnFirmwareStreams.cpp	324	Unknown packet type (0x4845)!!!
 6658578	[WARNING]	XnFirmwareStreams.cpp	324	Unknown packet type (0x4948)!!!
 6674557	[WARNING]	XnDepthProcessor.cpp	133	Read: Depth buffer is corrupt. Size is 612768 (!= 614400)
 9683101	[INFO]	XnProperty.cpp	151	Property Image1.State was changed to 1.
 9683152	[INFO]	XnDeviceBase.cpp	370	Stream Image1 is open.
 9683349	[INFO]	XnProperty.cpp	74	Setting Depth1.Registration to 1...
 9689644	[WARNING]	XnFirmwareStreams.cpp	324	Unknown packet type (0x4850)!!!
 9693595	[WARNING]	XnFirmwareStreams.cpp	324	Unknown packet type (0x4850)!!!
 9714644	[WARNING]	XnDepthProcessor.cpp	133	Read: Depth buffer is corrupt. Size is 583904 (!= 614400)
 9714692	[WARNING]	XnFrameStreamProcessor.cpp	132	Depth frame is corrupt!
 9835852	[INFO]	XnProperty.cpp	151	Property Depth1.Registration was changed to 1.
 9835895	[INFO]	XnProperty.cpp	101	Depth1.Registration was successfully set.
 9835942	[INFO]	XnProperty.cpp	74	Setting Image1.Mirror to 1...
 9848215	[INFO]	XnProperty.cpp	151	Property Image1.FirmwareMirror was changed to 1.
 9848291	[INFO]	XnProperty.cpp	151	Property Image1.Mirror was changed to 1.
 9848304	[INFO]	XnProperty.cpp	101	Image1.Mirror was successfully set.
