    1376	[INFO]	XnLog.cpp	165	OpenNI version is 1.0.0 (Build 25)-MacOSX (Jan  7 2011 14:20:18)
    1420	[INFO]	XnLog.cpp	173	Log system initialized. Console: 1, File: 1, Severity: INFO, Masks: ALL
    1442	[INFO]	XnLog.cpp	173	Log system initialized. Console: 1, File: 1, Severity: INFO, Masks: ALL
    2527	[INFO]	XnUSBLinux-x86.cpp	98	USB is initialized.
 2372467	[INFO]	XnOpenNI.cpp	1261	Creating node 'Device1' of type Device...
 2373543	[INFO]	XnDeviceModule.cpp	431	Module 'Device' configuration was loaded from file.
 2634144	[INFO]	XnDeviceSensorIO.cpp	135	Connected to USB device
 2634200	[INFO]	XnProperty.cpp	151	Property Device.USBPath was changed to 045e/02ae@253/8.
 2805396	[INFO]	XnHostProtocol.cpp	825	Hardware versions: FW=5.1.4 (7) HW=4 Chip=2 Sensor=4 SYS=7
 4215469	[INFO]	XnProperty.cpp	151	Property Device.ID was changed to 0.
 4215563	[INFO]	XnSensor.cpp	182	Device sensor initialized
 4215676	[INFO]	XnOpenNI.cpp	1261	Creating node 'Depth1' of type Depth...
 4215712	[INFO]	XnDeviceBase.cpp	1383	Creating stream 'Depth1' of type 'Depth'...
 4215729	[INFO]	XnProperty.cpp	74	Setting Device.ReadData to 1...
 4215759	[INFO]	XnDeviceSensorIO.cpp	298	Endpoints open
 4227973	[INFO]	XnProperty.cpp	151	Property Device.ReadData was changed to 1.
 4228014	[INFO]	XnProperty.cpp	101	Device.ReadData was successfully set.
 4228387	[INFO]	XnProperty.cpp	151	Property Depth1.Resolution was changed to 0.
 4228412	[INFO]	XnProperty.cpp	151	Property Depth1.XRes was changed to 320.
 4228432	[INFO]	XnProperty.cpp	151	Property Depth1.YRes was changed to 240.
 4228452	[INFO]	XnProperty.cpp	151	Property Depth1.FPS was changed to 30.
 4228471	[INFO]	XnProperty.cpp	151	Property Depth1.OutputFormat was changed to 1.
 4228489	[INFO]	XnProperty.cpp	151	Property Depth1.BytesPerPixel was changed to 2.
 4228507	[INFO]	XnProperty.cpp	151	Property Depth1.RequiredDataSize was changed to 153600.
 4228530	[INFO]	XnProperty.cpp	151	Property Depth1.ParamCoeff was changed to 4.
 4228594	[INFO]	XnProperty.cpp	151	Property Depth1.ShiftScale was changed to 10.
 4241231	[INFO]	XnProperty.cpp	151	Property Depth1.ConstShift was changed to 200.
 4241323	[INFO]	XnProperty.cpp	151	Property Depth1.ZPD was changed to 120.
 4241431	[INFO]	XnProperty.cpp	151	Property Depth1.ZPPS was changed to 0.104200.
 4241457	[INFO]	XnProperty.cpp	151	Property Depth1.LDDIS was changed to 7.500000.
 4241579	[INFO]	XnProperty.cpp	151	Property Depth1.Gain was changed to 30.
 4241623	[INFO]	XnDeviceBase.cpp	1458	Stream 'Depth1' was initialized.
 4241645	[INFO]	XnDeviceBase.cpp	1463	'Depth1' stream was created.
 4241846	[INFO]	XnProperty.cpp	74	Setting Depth1.InputFormat to 3...
 4241877	[INFO]	XnProperty.cpp	151	Property Depth1.InputFormat was changed to 3.
 4241898	[INFO]	XnProperty.cpp	101	Depth1.InputFormat was successfully set.
 4242547	[INFO]	XnProperty.cpp	74	Setting Depth1.RegistrationType to 2...
 4242578	[INFO]	XnProperty.cpp	151	Property Depth1.RegistrationType was changed to 2.
 4242600	[INFO]	XnProperty.cpp	101	Depth1.RegistrationType was successfully set.
 4243342	[INFO]	XnDeviceModule.cpp	431	Module 'Depth1' configuration was loaded from file.
 4243579	[INFO]	XnProperty.cpp	74	Setting Depth1.FPS to 30...
 4243607	[INFO]	XnProperty.cpp	86	Depth1.FPS value did not change.
 4243626	[INFO]	XnProperty.cpp	74	Setting Depth1.YRes to 480...
 4243650	[INFO]	XnProperty.cpp	151	Property Depth1.Resolution was changed to 1.
 4243673	[INFO]	XnProperty.cpp	151	Property Depth1.XRes was changed to 640.
 4243692	[INFO]	XnProperty.cpp	151	Property Depth1.RequiredDataSize was changed to 307200.
 4243715	[INFO]	XnProperty.cpp	151	Property Depth1.YRes was changed to 480.
 4243731	[INFO]	XnProperty.cpp	151	Property Depth1.RequiredDataSize was changed to 614400.
 4243749	[INFO]	XnProperty.cpp	101	Depth1.YRes was successfully set.
 4243768	[INFO]	XnProperty.cpp	74	Setting Depth1.XRes to 640...
 4243784	[INFO]	XnProperty.cpp	86	Depth1.XRes value did not change.
 4243844	[INFO]	XnProperty.cpp	74	Setting Depth1.Mirror to 1...
 4243869	[INFO]	XnProperty.cpp	151	Property Depth1.FirmwareMirror was changed to 1.
 4243932	[INFO]	XnProperty.cpp	151	Property Depth1.Mirror was changed to 1.
 4243952	[INFO]	XnProperty.cpp	101	Depth1.Mirror was successfully set.
 6550763	[INFO]	XnOpenNI.cpp	1261	Creating node 'User1' of type User...
 6573780	[WARNING]	Linux-x86Threads.cpp	173	Failed to set thread priority: Invalid argument
 6573824	[WARNING]	XnUSBLinux-x86.cpp	126	USB events thread: Failed to set thread priority to critical. This might cause loss of data...
 6574670	[INFO]	XnUSBLinux-x86.cpp	1222	USB read thread was started.
 6574697	[INFO]	XnProperty.cpp	151	Property Depth1.ActualReadData was changed to 1.
 7045083	[INFO]	XnProperty.cpp	151	Property Depth1.State was changed to 1.
 7045117	[INFO]	XnDeviceBase.cpp	370	Stream Depth1 is open.
 9857117	[INFO]	XnOpenNI.cpp	1261	Creating node 'Image1' of type Image...
 9857167	[INFO]	XnDeviceBase.cpp	1383	Creating stream 'Image1' of type 'Image'...
 9857331	[INFO]	XnProperty.cpp	151	Property Image1.Resolution was changed to 0.
 9857350	[INFO]	XnProperty.cpp	151	Property Image1.XRes was changed to 320.
 9857363	[INFO]	XnProperty.cpp	151	Property Image1.YRes was changed to 240.
 9857375	[INFO]	XnProperty.cpp	151	Property Image1.FPS was changed to 30.
 9857386	[INFO]	XnProperty.cpp	151	Property Image1.OutputFormat was changed to 5.
 9857397	[INFO]	XnProperty.cpp	151	Property Image1.BytesPerPixel was changed to 3.
 9857408	[INFO]	XnProperty.cpp	151	Property Image1.RequiredDataSize was changed to 230400.
 9857447	[INFO]	XnDeviceBase.cpp	1458	Stream 'Image1' was initialized.
 9857466	[INFO]	XnDeviceBase.cpp	1463	'Image1' stream was created.
 9857576	[INFO]	XnProperty.cpp	74	Setting Image1.InputFormat to 6...
 9857596	[INFO]	XnProperty.cpp	151	Property Image1.InputFormat was changed to 6.
 9857609	[INFO]	XnProperty.cpp	101	Image1.InputFormat was successfully set.
 9858024	[INFO]	XnDeviceModule.cpp	431	Module 'Image1' configuration was loaded from file.
 9858101	[INFO]	XnProperty.cpp	74	Setting Image1.FPS to 30...
 9858117	[INFO]	XnProperty.cpp	86	Image1.FPS value did not change.
 9858128	[INFO]	XnProperty.cpp	74	Setting Image1.YRes to 480...
 9858140	[INFO]	XnProperty.cpp	151	Property Image1.Resolution was changed to 1.
 9858152	[INFO]	XnProperty.cpp	151	Property Image1.XRes was changed to 640.
 9858164	[INFO]	XnProperty.cpp	151	Property Image1.RequiredDataSize was changed to 460800.
 9858177	[INFO]	XnProperty.cpp	151	Property Image1.YRes was changed to 480.
 9858188	[INFO]	XnProperty.cpp	151	Property Image1.RequiredDataSize was changed to 921600.
 9858201	[INFO]	XnProperty.cpp	101	Image1.YRes was successfully set.
 9858213	[INFO]	XnProperty.cpp	74	Setting Image1.XRes to 640...
 9858224	[INFO]	XnProperty.cpp	86	Image1.XRes value did not change.
 9859163	[INFO]	XnUSBLinux-x86.cpp	1222	USB read thread was started.
 9859213	[INFO]	XnProperty.cpp	151	Property Image1.ActualReadData was changed to 1.
10022581	[WARNING]	XnFirmwareStreams.cpp	324	Unknown packet type (0x4948)!!!
10026550	[WARNING]	XnFirmwareStreams.cpp	324	Unknown packet type (0x4948)!!!
10038506	[WARNING]	XnFirmwareStreams.cpp	324	Unknown packet type (0x4748)!!!
10046555	[WARNING]	XnDepthProcessor.cpp	133	Read: Depth buffer is corrupt. Size is 432000 (!= 614400)
10046591	[WARNING]	XnFrameStreamProcessor.cpp	132	Depth frame is corrupt!
12946662	[WARNING]	XnDepthProcessor.cpp	133	Read: Depth buffer is corrupt. Size is 569072 (!= 614400)
12946707	[WARNING]	XnFrameStreamProcessor.cpp	132	Depth frame is corrupt!
13059790	[INFO]	XnProperty.cpp	151	Property Image1.State was changed to 1.
13059832	[INFO]	XnDeviceBase.cpp	370	Stream Image1 is open.
13060018	[INFO]	XnProperty.cpp	74	Setting Depth1.Registration to 1...
13114645	[WARNING]	XnDepthProcessor.cpp	133	Read: Depth buffer is corrupt. Size is 594864 (!= 614400)
13114700	[WARNING]	XnFrameStreamProcessor.cpp	132	Depth frame is corrupt!
13211918	[INFO]	XnProperty.cpp	151	Property Depth1.Registration was changed to 1.
13211959	[INFO]	XnProperty.cpp	101	Depth1.Registration was successfully set.
13212007	[INFO]	XnProperty.cpp	74	Setting Image1.Mirror to 1...
13224185	[INFO]	XnProperty.cpp	151	Property Image1.FirmwareMirror was changed to 1.
13224258	[INFO]	XnProperty.cpp	151	Property Image1.Mirror was changed to 1.
13224270	[INFO]	XnProperty.cpp	101	Image1.Mirror was successfully set.
50157601	[INFO]	XnOpenNI.cpp	1459	Destroying node 'User1'
50164793	[INFO]	XnOpenNI.cpp	1459	Destroying node 'Depth1'
50164885	[INFO]	XnDeviceBase.cpp	1507	Destroying stream 'Depth1'...
50166315	[INFO]	XnOpenNI.cpp	1459	Destroying node 'Image1'
50166389	[INFO]	XnDeviceBase.cpp	1507	Destroying stream 'Image1'...
50167344	[INFO]	XnOpenNI.cpp	1459	Destroying node 'Device1'
