    1596	[INFO]	XnLog.cpp	165	OpenNI version is 1.0.0 (Build 25)-MacOSX (Jan  7 2011 14:20:18)
    1643	[INFO]	XnLog.cpp	173	Log system initialized. Console: 1, File: 1, Severity: INFO, Masks: ALL
    1675	[INFO]	XnLog.cpp	173	Log system initialized. Console: 1, File: 1, Severity: INFO, Masks: ALL
    2929	[INFO]	XnUSBLinux-x86.cpp	98	USB is initialized.
 2618394	[INFO]	XnOpenNI.cpp	1261	Creating node 'Device1' of type Device...
 2619370	[INFO]	XnDeviceModule.cpp	431	Module 'Device' configuration was loaded from file.
 2774566	[INFO]	XnDeviceSensorIO.cpp	135	Connected to USB device
 2774622	[INFO]	XnProperty.cpp	151	Property Device.USBPath was changed to 045e/02ae@250/10.
 2782098	[INFO]	XnHostProtocol.cpp	825	Hardware versions: FW=5.1.4 (7) HW=4 Chip=2 Sensor=4 SYS=7
 4191912	[INFO]	XnProperty.cpp	151	Property Device.ID was changed to 0.
 4191976	[INFO]	XnSensor.cpp	182	Device sensor initialized
 4192059	[INFO]	XnOpenNI.cpp	1261	Creating node 'Depth1' of type Depth...
 4192097	[INFO]	XnDeviceBase.cpp	1383	Creating stream 'Depth1' of type 'Depth'...
 4192114	[INFO]	XnProperty.cpp	74	Setting Device.ReadData to 1...
 4192144	[INFO]	XnDeviceSensorIO.cpp	298	Endpoints open
 4204513	[INFO]	XnProperty.cpp	151	Property Device.ReadData was changed to 1.
 4204566	[INFO]	XnProperty.cpp	101	Device.ReadData was successfully set.
 4205043	[INFO]	XnProperty.cpp	151	Property Depth1.Resolution was changed to 0.
 4205073	[INFO]	XnProperty.cpp	151	Property Depth1.XRes was changed to 320.
 4205095	[INFO]	XnProperty.cpp	151	Property Depth1.YRes was changed to 240.
 4205115	[INFO]	XnProperty.cpp	151	Property Depth1.FPS was changed to 30.
 4205133	[INFO]	XnProperty.cpp	151	Property Depth1.OutputFormat was changed to 1.
 4205152	[INFO]	XnProperty.cpp	151	Property Depth1.BytesPerPixel was changed to 2.
 4205171	[INFO]	XnProperty.cpp	151	Property Depth1.RequiredDataSize was changed to 153600.
 4205193	[INFO]	XnProperty.cpp	151	Property Depth1.ParamCoeff was changed to 4.
 4205271	[INFO]	XnProperty.cpp	151	Property Depth1.ShiftScale was changed to 10.
 4217619	[INFO]	XnProperty.cpp	151	Property Depth1.ConstShift was changed to 200.
 4217706	[INFO]	XnProperty.cpp	151	Property Depth1.ZPD was changed to 120.
 4217805	[INFO]	XnProperty.cpp	151	Property Depth1.ZPPS was changed to 0.104200.
 4217819	[INFO]	XnProperty.cpp	151	Property Depth1.LDDIS was changed to 7.500000.
 4217907	[INFO]	XnProperty.cpp	151	Property Depth1.Gain was changed to 30.
 4217939	[INFO]	XnDeviceBase.cpp	1458	Stream 'Depth1' was initialized.
 4217953	[INFO]	XnDeviceBase.cpp	1463	'Depth1' stream was created.
 4218103	[INFO]	XnProperty.cpp	74	Setting Depth1.InputFormat to 3...
 4218125	[INFO]	XnProperty.cpp	151	Property Depth1.InputFormat was changed to 3.
 4218138	[INFO]	XnProperty.cpp	101	Depth1.InputFormat was successfully set.
 4218568	[INFO]	XnProperty.cpp	74	Setting Depth1.RegistrationType to 2...
 4218587	[INFO]	XnProperty.cpp	151	Property Depth1.RegistrationType was changed to 2.
 4218599	[INFO]	XnProperty.cpp	101	Depth1.RegistrationType was successfully set.
 4219056	[INFO]	XnDeviceModule.cpp	431	Module 'Depth1' configuration was loaded from file.
 4219240	[INFO]	XnProperty.cpp	74	Setting Depth1.FPS to 30...
 4219260	[INFO]	XnProperty.cpp	86	Depth1.FPS value did not change.
 4219272	[INFO]	XnProperty.cpp	74	Setting Depth1.YRes to 480...
 4219286	[INFO]	XnProperty.cpp	151	Property Depth1.Resolution was changed to 1.
 4219299	[INFO]	XnProperty.cpp	151	Property Depth1.XRes was changed to 640.
 4219311	[INFO]	XnProperty.cpp	151	Property Depth1.RequiredDataSize was changed to 307200.
 4219326	[INFO]	XnProperty.cpp	151	Property Depth1.YRes was changed to 480.
 4219338	[INFO]	XnProperty.cpp	151	Property Depth1.RequiredDataSize was changed to 614400.
 4219351	[INFO]	XnProperty.cpp	101	Depth1.YRes was successfully set.
 4219363	[INFO]	XnProperty.cpp	74	Setting Depth1.XRes to 640...
 4219373	[INFO]	XnProperty.cpp	86	Depth1.XRes value did not change.
 4219427	[INFO]	XnProperty.cpp	74	Setting Depth1.Mirror to 1...
 4219446	[INFO]	XnProperty.cpp	151	Property Depth1.FirmwareMirror was changed to 1.
 4219498	[INFO]	XnProperty.cpp	151	Property Depth1.Mirror was changed to 1.
 4219509	[INFO]	XnProperty.cpp	101	Depth1.Mirror was successfully set.
 5326460	[INFO]	XnOpenNI.cpp	1261	Creating node 'User1' of type User...
 5350346	[WARNING]	Linux-x86Threads.cpp	173	Failed to set thread priority: Invalid argument
 5350391	[WARNING]	XnUSBLinux-x86.cpp	126	USB events thread: Failed to set thread priority to critical. This might cause loss of data...
 5351295	[INFO]	XnUSBLinux-x86.cpp	1222	USB read thread was started.
 5351324	[INFO]	XnProperty.cpp	151	Property Depth1.ActualReadData was changed to 1.
 5822875	[INFO]	XnProperty.cpp	151	Property Depth1.State was changed to 1.
 5822936	[INFO]	XnDeviceBase.cpp	370	Stream Depth1 is open.
 6920652	[INFO]	XnOpenNI.cpp	1261	Creating node 'Image1' of type Image...
 6920702	[INFO]	XnDeviceBase.cpp	1383	Creating stream 'Image1' of type 'Image'...
 6920905	[INFO]	XnProperty.cpp	151	Property Image1.Resolution was changed to 0.
 6920924	[INFO]	XnProperty.cpp	151	Property Image1.XRes was changed to 320.
 6920942	[INFO]	XnProperty.cpp	151	Property Image1.YRes was changed to 240.
 6920960	[INFO]	XnProperty.cpp	151	Property Image1.FPS was changed to 30.
 6920977	[INFO]	XnProperty.cpp	151	Property Image1.OutputFormat was changed to 5.
 6920995	[INFO]	XnProperty.cpp	151	Property Image1.BytesPerPixel was changed to 3.
 6921014	[INFO]	XnProperty.cpp	151	Property Image1.RequiredDataSize was changed to 230400.
 6921056	[INFO]	XnDeviceBase.cpp	1458	Stream 'Image1' was initialized.
 6921076	[INFO]	XnDeviceBase.cpp	1463	'Image1' stream was created.
 6921213	[INFO]	XnProperty.cpp	74	Setting Image1.InputFormat to 6...
 6921238	[INFO]	XnProperty.cpp	151	Property Image1.InputFormat was changed to 6.
 6921253	[INFO]	XnProperty.cpp	101	Image1.InputFormat was successfully set.
 6922785	[INFO]	XnDeviceModule.cpp	431	Module 'Image1' configuration was loaded from file.
 6922989	[INFO]	XnProperty.cpp	74	Setting Image1.FPS to 30...
 6923013	[INFO]	XnProperty.cpp	86	Image1.FPS value did not change.
 6923032	[INFO]	XnProperty.cpp	74	Setting Image1.YRes to 480...
 6923051	[INFO]	XnProperty.cpp	151	Property Image1.Resolution was changed to 1.
 6923115	[INFO]	XnProperty.cpp	151	Property Image1.XRes was changed to 640.
 6923135	[INFO]	XnProperty.cpp	151	Property Image1.RequiredDataSize was changed to 460800.
 6923154	[INFO]	XnProperty.cpp	151	Property Image1.YRes was changed to 480.
 6923168	[INFO]	XnProperty.cpp	151	Property Image1.RequiredDataSize was changed to 921600.
 6923183	[INFO]	XnProperty.cpp	101	Image1.YRes was successfully set.
 6923198	[INFO]	XnProperty.cpp	74	Setting Image1.XRes to 640...
 6923211	[INFO]	XnProperty.cpp	86	Image1.XRes value did not change.
 6924282	[INFO]	XnUSBLinux-x86.cpp	1222	USB read thread was started.
 6924316	[INFO]	XnProperty.cpp	151	Property Image1.ActualReadData was changed to 1.
 6987083	[WARNING]	XnDepthProcessor.cpp	133	Read: Depth buffer is corrupt. Size is 599168 (!= 614400)
 6987128	[WARNING]	XnFrameStreamProcessor.cpp	132	Depth frame is corrupt!
 7087043	[WARNING]	XnDepthProcessor.cpp	133	Read: Depth buffer is corrupt. Size is 599360 (!= 614400)
 7087089	[WARNING]	XnFrameStreamProcessor.cpp	132	Depth frame is corrupt!
 7123039	[WARNING]	XnDepthProcessor.cpp	133	Read: Depth buffer is corrupt. Size is 547904 (!= 614400)
 7123086	[WARNING]	XnFrameStreamProcessor.cpp	132	Depth frame is corrupt!
10125057	[INFO]	XnProperty.cpp	151	Property Image1.State was changed to 1.
10125100	[INFO]	XnDeviceBase.cpp	370	Stream Image1 is open.
10125288	[INFO]	XnProperty.cpp	74	Setting Depth1.Registration to 1...
10159093	[WARNING]	XnDepthProcessor.cpp	133	Read: Depth buffer is corrupt. Size is 584288 (!= 614400)
10159139	[WARNING]	XnFrameStreamProcessor.cpp	132	Depth frame is corrupt!
10276924	[INFO]	XnProperty.cpp	151	Property Depth1.Registration was changed to 1.
10276977	[INFO]	XnProperty.cpp	101	Depth1.Registration was successfully set.
10277025	[INFO]	XnProperty.cpp	74	Setting Image1.Mirror to 1...
10289188	[INFO]	XnProperty.cpp	151	Property Image1.FirmwareMirror was changed to 1.
10289272	[INFO]	XnProperty.cpp	151	Property Image1.Mirror was changed to 1.
10289285	[INFO]	XnProperty.cpp	101	Image1.Mirror was successfully set.
77714660	[INFO]	XnOpenNI.cpp	1459	Destroying node 'User1'
77721592	[INFO]	XnOpenNI.cpp	1459	Destroying node 'Depth1'
77721682	[INFO]	XnDeviceBase.cpp	1507	Destroying stream 'Depth1'...
77722856	[INFO]	XnOpenNI.cpp	1459	Destroying node 'Image1'
77722916	[INFO]	XnDeviceBase.cpp	1507	Destroying stream 'Image1'...
77723743	[INFO]	XnOpenNI.cpp	1459	Destroying node 'Device1'
