    2065	[INFO]	XnLog.cpp	165	OpenNI version is 1.0.0 (Build 25)-MacOSX (Jan  7 2011 14:20:18)
    2123	[INFO]	XnLog.cpp	173	Log system initialized. Console: 1, File: 1, Severity: INFO, Masks: ALL
    2157	[INFO]	XnLog.cpp	173	Log system initialized. Console: 1, File: 1, Severity: INFO, Masks: ALL
    3540	[INFO]	XnUSBLinux-x86.cpp	98	USB is initialized.
 2381613	[INFO]	XnOpenNI.cpp	1261	Creating node 'Device1' of type Device...
 2382512	[INFO]	XnDeviceModule.cpp	431	Module 'Device' configuration was loaded from file.
 2644373	[INFO]	XnDeviceSensorIO.cpp	135	Connected to USB device
 2644425	[INFO]	XnProperty.cpp	151	Property Device.USBPath was changed to 045e/02ae@253/8.
 2651800	[INFO]	XnHostProtocol.cpp	825	Hardware versions: FW=5.1.4 (7) HW=4 Chip=2 Sensor=4 SYS=7
 4062804	[INFO]	XnProperty.cpp	151	Property Device.ID was changed to 0.
 4062886	[INFO]	XnSensor.cpp	182	Device sensor initialized
 4062987	[INFO]	XnOpenNI.cpp	1261	Creating node 'Depth1' of type Depth...
 4063032	[INFO]	XnDeviceBase.cpp	1383	Creating stream 'Depth1' of type 'Depth'...
 4063054	[INFO]	XnProperty.cpp	74	Setting Device.ReadData to 1...
 4063092	[INFO]	XnDeviceSensorIO.cpp	298	Endpoints open
 4075526	[INFO]	XnProperty.cpp	151	Property Device.ReadData was changed to 1.
 4075564	[INFO]	XnProperty.cpp	101	Device.ReadData was successfully set.
 4075942	[INFO]	XnProperty.cpp	151	Property Depth1.Resolution was changed to 0.
 4075967	[INFO]	XnProperty.cpp	151	Property Depth1.XRes was changed to 320.
 4075981	[INFO]	XnProperty.cpp	151	Property Depth1.YRes was changed to 240.
 4075992	[INFO]	XnProperty.cpp	151	Property Depth1.FPS was changed to 30.
 4076003	[INFO]	XnProperty.cpp	151	Property Depth1.OutputFormat was changed to 1.
 4076015	[INFO]	XnProperty.cpp	151	Property Depth1.BytesPerPixel was changed to 2.
 4076027	[INFO]	XnProperty.cpp	151	Property Depth1.RequiredDataSize was changed to 153600.
 4076043	[INFO]	XnProperty.cpp	151	Property Depth1.ParamCoeff was changed to 4.
 4076102	[INFO]	XnProperty.cpp	151	Property Depth1.ShiftScale was changed to 10.
 4088488	[INFO]	XnProperty.cpp	151	Property Depth1.ConstShift was changed to 200.
 4088576	[INFO]	XnProperty.cpp	151	Property Depth1.ZPD was changed to 120.
 4088677	[INFO]	XnProperty.cpp	151	Property Depth1.ZPPS was changed to 0.104200.
 4088691	[INFO]	XnProperty.cpp	151	Property Depth1.LDDIS was changed to 7.500000.
 4088778	[INFO]	XnProperty.cpp	151	Property Depth1.Gain was changed to 30.
 4088858	[INFO]	XnDeviceBase.cpp	1458	Stream 'Depth1' was initialized.
 4088883	[INFO]	XnDeviceBase.cpp	1463	'Depth1' stream was created.
 4089040	[INFO]	XnProperty.cpp	74	Setting Depth1.InputFormat to 3...
 4089065	[INFO]	XnProperty.cpp	151	Property Depth1.InputFormat was changed to 3.
 4089085	[INFO]	XnProperty.cpp	101	Depth1.InputFormat was successfully set.
 4089542	[INFO]	XnProperty.cpp	74	Setting Depth1.RegistrationType to 2...
 4089562	[INFO]	XnProperty.cpp	151	Property Depth1.RegistrationType was changed to 2.
 4089579	[INFO]	XnProperty.cpp	101	Depth1.RegistrationType was successfully set.
 4090051	[INFO]	XnDeviceModule.cpp	431	Module 'Depth1' configuration was loaded from file.
 4090241	[INFO]	XnProperty.cpp	74	Setting Depth1.FPS to 30...
 4090261	[INFO]	XnProperty.cpp	86	Depth1.FPS value did not change.
 4090279	[INFO]	XnProperty.cpp	74	Setting Depth1.YRes to 480...
 4090301	[INFO]	XnProperty.cpp	151	Property Depth1.Resolution was changed to 1.
 4090321	[INFO]	XnProperty.cpp	151	Property Depth1.XRes was changed to 640.
 4090340	[INFO]	XnProperty.cpp	151	Property Depth1.RequiredDataSize was changed to 307200.
 4090362	[INFO]	XnProperty.cpp	151	Property Depth1.YRes was changed to 480.
 4090380	[INFO]	XnProperty.cpp	151	Property Depth1.RequiredDataSize was changed to 614400.
 4090400	[INFO]	XnProperty.cpp	101	Depth1.YRes was successfully set.
 4090420	[INFO]	XnProperty.cpp	74	Setting Depth1.XRes to 640...
 4090436	[INFO]	XnProperty.cpp	86	Depth1.XRes value did not change.
 4090493	[INFO]	XnProperty.cpp	74	Setting Depth1.Mirror to 1...
 4090513	[INFO]	XnProperty.cpp	151	Property Depth1.FirmwareMirror was changed to 1.
 4090571	[INFO]	XnProperty.cpp	151	Property Depth1.Mirror was changed to 1.
 4090590	[INFO]	XnProperty.cpp	101	Depth1.Mirror was successfully set.
 6090232	[INFO]	XnOpenNI.cpp	1261	Creating node 'User1' of type User...
 6113289	[WARNING]	Linux-x86Threads.cpp	173	Failed to set thread priority: Invalid argument
 6113334	[WARNING]	XnUSBLinux-x86.cpp	126	USB events thread: Failed to set thread priority to critical. This might cause loss of data...
 6114129	[INFO]	XnUSBLinux-x86.cpp	1222	USB read thread was started.
 6114154	[INFO]	XnProperty.cpp	151	Property Depth1.ActualReadData was changed to 1.
 6584661	[INFO]	XnProperty.cpp	151	Property Depth1.State was changed to 1.
 6584703	[INFO]	XnDeviceBase.cpp	370	Stream Depth1 is open.
 8562815	[INFO]	XnOpenNI.cpp	1261	Creating node 'Image1' of type Image...
 8562871	[INFO]	XnDeviceBase.cpp	1383	Creating stream 'Image1' of type 'Image'...
 8563061	[INFO]	XnProperty.cpp	151	Property Image1.Resolution was changed to 0.
 8563081	[INFO]	XnProperty.cpp	151	Property Image1.XRes was changed to 320.
 8563094	[INFO]	XnProperty.cpp	151	Property Image1.YRes was changed to 240.
 8563106	[INFO]	XnProperty.cpp	151	Property Image1.FPS was changed to 30.
 8563117	[INFO]	XnProperty.cpp	151	Property Image1.OutputFormat was changed to 5.
 8563129	[INFO]	XnProperty.cpp	151	Property Image1.BytesPerPixel was changed to 3.
 8563141	[INFO]	XnProperty.cpp	151	Property Image1.RequiredDataSize was changed to 230400.
 8563169	[INFO]	XnDeviceBase.cpp	1458	Stream 'Image1' was initialized.
 8563184	[INFO]	XnDeviceBase.cpp	1463	'Image1' stream was created.
 8563298	[INFO]	XnProperty.cpp	74	Setting Image1.InputFormat to 6...
 8563323	[INFO]	XnProperty.cpp	151	Property Image1.InputFormat was changed to 6.
 8563343	[INFO]	XnProperty.cpp	101	Image1.InputFormat was successfully set.
 8563773	[INFO]	XnDeviceModule.cpp	431	Module 'Image1' configuration was loaded from file.
 8563869	[INFO]	XnProperty.cpp	74	Setting Image1.FPS to 30...
 8563888	[INFO]	XnProperty.cpp	86	Image1.FPS value did not change.
 8563907	[INFO]	XnProperty.cpp	74	Setting Image1.YRes to 480...
 8563926	[INFO]	XnProperty.cpp	151	Property Image1.Resolution was changed to 1.
 8563943	[INFO]	XnProperty.cpp	151	Property Image1.XRes was changed to 640.
 8563961	[INFO]	XnProperty.cpp	151	Property Image1.RequiredDataSize was changed to 460800.
 8563981	[INFO]	XnProperty.cpp	151	Property Image1.YRes was changed to 480.
 8563999	[INFO]	XnProperty.cpp	151	Property Image1.RequiredDataSize was changed to 921600.
 8564019	[INFO]	XnProperty.cpp	101	Image1.YRes was successfully set.
 8564038	[INFO]	XnProperty.cpp	74	Setting Image1.XRes to 640...
 8564054	[INFO]	XnProperty.cpp	86	Image1.XRes value did not change.
 8564940	[INFO]	XnUSBLinux-x86.cpp	1222	USB read thread was started.
 8564972	[INFO]	XnProperty.cpp	151	Property Image1.ActualReadData was changed to 1.
 8750357	[WARNING]	XnDepthProcessor.cpp	133	Read: Depth buffer is corrupt. Size is 524720 (!= 614400)
 8750405	[WARNING]	XnFrameStreamProcessor.cpp	132	Depth frame is corrupt!
11654380	[WARNING]	XnDepthProcessor.cpp	133	Read: Depth buffer is corrupt. Size is 594592 (!= 614400)
11654425	[WARNING]	XnFrameStreamProcessor.cpp	132	Depth frame is corrupt!
11766064	[INFO]	XnProperty.cpp	151	Property Image1.State was changed to 1.
11766110	[INFO]	XnDeviceBase.cpp	370	Stream Image1 is open.
11766332	[INFO]	XnProperty.cpp	74	Setting Depth1.Registration to 1...
11786409	[WARNING]	XnDepthProcessor.cpp	133	Read: Depth buffer is corrupt. Size is 591616 (!= 614400)
11786454	[WARNING]	XnFrameStreamProcessor.cpp	132	Depth frame is corrupt!
11918555	[INFO]	XnProperty.cpp	151	Property Depth1.Registration was changed to 1.
11918598	[INFO]	XnProperty.cpp	101	Depth1.Registration was successfully set.
11918653	[INFO]	XnProperty.cpp	74	Setting Image1.Mirror to 1...
11930813	[INFO]	XnProperty.cpp	151	Property Image1.FirmwareMirror was changed to 1.
11930858	[INFO]	XnProperty.cpp	151	Property Image1.Mirror was changed to 1.
11930877	[INFO]	XnProperty.cpp	101	Image1.Mirror was successfully set.
