   39560	[INFO]	XnLog.cpp	165	OpenNI version is 1.0.0 (Build 25)-MacOSX (Jan  7 2011 14:20:18)
   39607	[INFO]	XnLog.cpp	173	Log system initialized. Console: 1, File: 1, Severity: INFO, Masks: ALL
   39641	[INFO]	XnLog.cpp	173	Log system initialized. Console: 1, File: 1, Severity: INFO, Masks: ALL
   40808	[INFO]	XnUSBLinux-x86.cpp	98	USB is initialized.
 4985721	[INFO]	XnOpenNI.cpp	1261	Creating node 'Device1' of type Device...
 5014605	[INFO]	XnDeviceModule.cpp	431	Module 'Device' configuration was loaded from file.
 5788908	[INFO]	XnDeviceSensorIO.cpp	135	Connected to USB device
 5788961	[INFO]	XnProperty.cpp	151	Property Device.USBPath was changed to 045e/02ae@253/8.
 5795872	[INFO]	XnHostProtocol.cpp	825	Hardware versions: FW=5.1.4 (7) HW=4 Chip=2 Sensor=4 SYS=7
 7204326	[INFO]	XnProperty.cpp	151	Property Device.ID was changed to 0.
 7204404	[INFO]	XnSensor.cpp	182	Device sensor initialized
 7204491	[INFO]	XnOpenNI.cpp	1261	Creating node 'Depth1' of type Depth...
 7204529	[INFO]	XnDeviceBase.cpp	1383	Creating stream 'Depth1' of type 'Depth'...
 7204545	[INFO]	XnProperty.cpp	74	Setting Device.ReadData to 1...
 7204576	[INFO]	XnDeviceSensorIO.cpp	298	Endpoints open
 7217067	[INFO]	XnProperty.cpp	151	Property Device.ReadData was changed to 1.
 7217110	[INFO]	XnProperty.cpp	101	Device.ReadData was successfully set.
 7217462	[INFO]	XnProperty.cpp	151	Property Depth1.Resolution was changed to 0.
 7217486	[INFO]	XnProperty.cpp	151	Property Depth1.XRes was changed to 320.
 7217506	[INFO]	XnProperty.cpp	151	Property Depth1.YRes was changed to 240.
 7217526	[INFO]	XnProperty.cpp	151	Property Depth1.FPS was changed to 30.
 7217546	[INFO]	XnProperty.cpp	151	Property Depth1.OutputFormat was changed to 1.
 7217565	[INFO]	XnProperty.cpp	151	Property Depth1.BytesPerPixel was changed to 2.
 7217585	[INFO]	XnProperty.cpp	151	Property Depth1.RequiredDataSize was changed to 153600.
 7217609	[INFO]	XnProperty.cpp	151	Property Depth1.ParamCoeff was changed to 4.
 7217682	[INFO]	XnProperty.cpp	151	Property Depth1.ShiftScale was changed to 10.
 7230045	[INFO]	XnProperty.cpp	151	Property Depth1.ConstShift was changed to 200.
 7230144	[INFO]	XnProperty.cpp	151	Property Depth1.ZPD was changed to 120.
 7230262	[INFO]	XnProperty.cpp	151	Property Depth1.ZPPS was changed to 0.104200.
 7230288	[INFO]	XnProperty.cpp	151	Property Depth1.LDDIS was changed to 7.500000.
 7230413	[INFO]	XnProperty.cpp	151	Property Depth1.Gain was changed to 30.
 7230459	[INFO]	XnDeviceBase.cpp	1458	Stream 'Depth1' was initialized.
 7230482	[INFO]	XnDeviceBase.cpp	1463	'Depth1' stream was created.
 7230715	[INFO]	XnProperty.cpp	74	Setting Depth1.InputFormat to 3...
 7230748	[INFO]	XnProperty.cpp	151	Property Depth1.InputFormat was changed to 3.
 7230771	[INFO]	XnProperty.cpp	101	Depth1.InputFormat was successfully set.
 7231489	[INFO]	XnProperty.cpp	74	Setting Depth1.RegistrationType to 2...
 7231527	[INFO]	XnProperty.cpp	151	Property Depth1.RegistrationType was changed to 2.
 7231561	[INFO]	XnProperty.cpp	101	Depth1.RegistrationType was successfully set.
 7232271	[INFO]	XnDeviceModule.cpp	431	Module 'Depth1' configuration was loaded from file.
 7232810	[INFO]	XnProperty.cpp	74	Setting Depth1.FPS to 30...
 7232847	[INFO]	XnProperty.cpp	86	Depth1.FPS value did not change.
 7232871	[INFO]	XnProperty.cpp	74	Setting Depth1.YRes to 480...
 7232892	[INFO]	XnProperty.cpp	151	Property Depth1.Resolution was changed to 1.
 7232910	[INFO]	XnProperty.cpp	151	Property Depth1.XRes was changed to 640.
 7232933	[INFO]	XnProperty.cpp	151	Property Depth1.RequiredDataSize was changed to 307200.
 7232953	[INFO]	XnProperty.cpp	151	Property Depth1.YRes was changed to 480.
 7232975	[INFO]	XnProperty.cpp	151	Property Depth1.RequiredDataSize was changed to 614400.
 7232993	[INFO]	XnProperty.cpp	101	Depth1.YRes was successfully set.
 7233012	[INFO]	XnProperty.cpp	74	Setting Depth1.XRes to 640...
 7233027	[INFO]	XnProperty.cpp	86	Depth1.XRes value did not change.
 7233084	[INFO]	XnProperty.cpp	74	Setting Depth1.Mirror to 1...
 7233103	[INFO]	XnProperty.cpp	151	Property Depth1.FirmwareMirror was changed to 1.
 7233154	[INFO]	XnProperty.cpp	151	Property Depth1.Mirror was changed to 1.
 7233166	[INFO]	XnProperty.cpp	101	Depth1.Mirror was successfully set.
13299188	[INFO]	XnOpenNI.cpp	1261	Creating node 'User1' of type User...
13493623	[WARNING]	Linux-x86Threads.cpp	173	Failed to set thread priority: Invalid argument
13493663	[WARNING]	XnUSBLinux-x86.cpp	126	USB events thread: Failed to set thread priority to critical. This might cause loss of data...
13494525	[INFO]	XnUSBLinux-x86.cpp	1222	USB read thread was started.
13494566	[INFO]	XnProperty.cpp	151	Property Depth1.ActualReadData was changed to 1.
13964705	[INFO]	XnProperty.cpp	151	Property Depth1.State was changed to 1.
13964747	[INFO]	XnDeviceBase.cpp	370	Stream Depth1 is open.
19966098	[INFO]	XnOpenNI.cpp	1261	Creating node 'Image1' of type Image...
19966149	[INFO]	XnDeviceBase.cpp	1383	Creating stream 'Image1' of type 'Image'...
19966322	[INFO]	XnProperty.cpp	151	Property Image1.Resolution was changed to 0.
19966341	[INFO]	XnProperty.cpp	151	Property Image1.XRes was changed to 320.
19966353	[INFO]	XnProperty.cpp	151	Property Image1.YRes was changed to 240.
19966365	[INFO]	XnProperty.cpp	151	Property Image1.FPS was changed to 30.
19966381	[INFO]	XnProperty.cpp	151	Property Image1.OutputFormat was changed to 5.
19966397	[INFO]	XnProperty.cpp	151	Property Image1.BytesPerPixel was changed to 3.
19966414	[INFO]	XnProperty.cpp	151	Property Image1.RequiredDataSize was changed to 230400.
19966449	[INFO]	XnDeviceBase.cpp	1458	Stream 'Image1' was initialized.
19966471	[INFO]	XnDeviceBase.cpp	1463	'Image1' stream was created.
19966602	[INFO]	XnProperty.cpp	74	Setting Image1.InputFormat to 6...
19966632	[INFO]	XnProperty.cpp	151	Property Image1.InputFormat was changed to 6.
19966652	[INFO]	XnProperty.cpp	101	Image1.InputFormat was successfully set.
19967273	[INFO]	XnDeviceModule.cpp	431	Module 'Image1' configuration was loaded from file.
19967383	[INFO]	XnProperty.cpp	74	Setting Image1.FPS to 30...
19967408	[INFO]	XnProperty.cpp	86	Image1.FPS value did not change.
19967427	[INFO]	XnProperty.cpp	74	Setting Image1.YRes to 480...
19967446	[INFO]	XnProperty.cpp	151	Property Image1.Resolution was changed to 1.
19967465	[INFO]	XnProperty.cpp	151	Property Image1.XRes was changed to 640.
19967483	[INFO]	XnProperty.cpp	151	Property Image1.RequiredDataSize was changed to 460800.
19967501	[INFO]	XnProperty.cpp	151	Property Image1.YRes was changed to 480.
19967522	[INFO]	XnProperty.cpp	151	Property Image1.RequiredDataSize was changed to 921600.
19967546	[INFO]	XnProperty.cpp	101	Image1.YRes was successfully set.
19967579	[INFO]	XnProperty.cpp	74	Setting Image1.XRes to 640...
19967601	[INFO]	XnProperty.cpp	86	Image1.XRes value did not change.
19968643	[INFO]	XnUSBLinux-x86.cpp	1222	USB read thread was started.
19968702	[INFO]	XnProperty.cpp	151	Property Image1.ActualReadData was changed to 1.
20034846	[WARNING]	XnDepthProcessor.cpp	133	Read: Depth buffer is corrupt. Size is 595280 (!= 614400)
20034890	[WARNING]	XnFrameStreamProcessor.cpp	132	Depth frame is corrupt!
20134841	[WARNING]	XnDepthProcessor.cpp	133	Read: Depth buffer is corrupt. Size is 583936 (!= 614400)
20134889	[WARNING]	XnFrameStreamProcessor.cpp	132	Depth frame is corrupt!
20166879	[WARNING]	XnDepthProcessor.cpp	133	Read: Depth buffer is corrupt. Size is 597280 (!= 614400)
20166924	[WARNING]	XnFrameStreamProcessor.cpp	132	Depth frame is corrupt!
23169603	[INFO]	XnProperty.cpp	151	Property Image1.State was changed to 1.
23169654	[INFO]	XnDeviceBase.cpp	370	Stream Image1 is open.
23169868	[INFO]	XnProperty.cpp	74	Setting Depth1.Registration to 1...
23322083	[INFO]	XnProperty.cpp	151	Property Depth1.Registration was changed to 1.
23322126	[INFO]	XnProperty.cpp	101	Depth1.Registration was successfully set.
23322173	[INFO]	XnProperty.cpp	74	Setting Image1.Mirror to 1...
23334595	[INFO]	XnProperty.cpp	151	Property Image1.FirmwareMirror was changed to 1.
23334640	[INFO]	XnProperty.cpp	151	Property Image1.Mirror was changed to 1.
23334653	[INFO]	XnProperty.cpp	101	Image1.Mirror was successfully set.
30214580	[INFO]	XnOpenNI.cpp	1459	Destroying node 'User1'
30221449	[INFO]	XnOpenNI.cpp	1459	Destroying node 'Depth1'
30221536	[INFO]	XnDeviceBase.cpp	1507	Destroying stream 'Depth1'...
30222413	[INFO]	XnOpenNI.cpp	1459	Destroying node 'Image1'
30222460	[INFO]	XnDeviceBase.cpp	1507	Destroying stream 'Image1'...
30223060	[INFO]	XnOpenNI.cpp	1459	Destroying node 'Device1'
