    1573	[INFO]	XnLog.cpp	165	OpenNI version is 1.0.0 (Build 25)-MacOSX (Jan  7 2011 14:20:18)
    1620	[INFO]	XnLog.cpp	173	Log system initialized. Console: 1, File: 1, Severity: INFO, Masks: ALL
    1643	[INFO]	XnLog.cpp	173	Log system initialized. Console: 1, File: 1, Severity: INFO, Masks: ALL
    2832	[INFO]	XnUSBLinux-x86.cpp	98	USB is initialized.
 1864520	[INFO]	XnOpenNI.cpp	1261	Creating node 'Device1' of type Device...
 1865457	[INFO]	XnDeviceModule.cpp	431	Module 'Device' configuration was loaded from file.
 2013526	[INFO]	XnDeviceSensorIO.cpp	135	Connected to USB device
 2013580	[INFO]	XnProperty.cpp	151	Property Device.USBPath was changed to 045e/02ae@253/8.
 2021226	[INFO]	XnHostProtocol.cpp	825	Hardware versions: FW=5.1.4 (7) HW=4 Chip=2 Sensor=4 SYS=7
 3427653	[INFO]	XnProperty.cpp	151	Property Device.ID was changed to 0.
 3427715	[INFO]	XnSensor.cpp	182	Device sensor initialized
 3427802	[INFO]	XnOpenNI.cpp	1261	Creating node 'Depth1' of type Depth...
 3427854	[INFO]	XnDeviceBase.cpp	1383	Creating stream 'Depth1' of type 'Depth'...
 3427879	[INFO]	XnProperty.cpp	74	Setting Device.ReadData to 1...
 3427920	[INFO]	XnDeviceSensorIO.cpp	298	Endpoints open
 3440244	[INFO]	XnProperty.cpp	151	Property Device.ReadData was changed to 1.
 3440284	[INFO]	XnProperty.cpp	101	Device.ReadData was successfully set.
 3440709	[INFO]	XnProperty.cpp	151	Property Depth1.Resolution was changed to 0.
 3440738	[INFO]	XnProperty.cpp	151	Property Depth1.XRes was changed to 320.
 3440759	[INFO]	XnProperty.cpp	151	Property Depth1.YRes was changed to 240.
 3440779	[INFO]	XnProperty.cpp	151	Property Depth1.FPS was changed to 30.
 3440799	[INFO]	XnProperty.cpp	151	Property Depth1.OutputFormat was changed to 1.
 3440818	[INFO]	XnProperty.cpp	151	Property Depth1.BytesPerPixel was changed to 2.
 3440837	[INFO]	XnProperty.cpp	151	Property Depth1.RequiredDataSize was changed to 153600.
 3440863	[INFO]	XnProperty.cpp	151	Property Depth1.ParamCoeff was changed to 4.
 3440942	[INFO]	XnProperty.cpp	151	Property Depth1.ShiftScale was changed to 10.
 3453247	[INFO]	XnProperty.cpp	151	Property Depth1.ConstShift was changed to 200.
 3453343	[INFO]	XnProperty.cpp	151	Property Depth1.ZPD was changed to 120.
 3453451	[INFO]	XnProperty.cpp	151	Property Depth1.ZPPS was changed to 0.104200.
 3453472	[INFO]	XnProperty.cpp	151	Property Depth1.LDDIS was changed to 7.500000.
 3453589	[INFO]	XnProperty.cpp	151	Property Depth1.Gain was changed to 30.
 3453630	[INFO]	XnDeviceBase.cpp	1458	Stream 'Depth1' was initialized.
 3453650	[INFO]	XnDeviceBase.cpp	1463	'Depth1' stream was created.
 3453830	[INFO]	XnProperty.cpp	74	Setting Depth1.InputFormat to 3...
 3453858	[INFO]	XnProperty.cpp	151	Property Depth1.InputFormat was changed to 3.
 3453878	[INFO]	XnProperty.cpp	101	Depth1.InputFormat was successfully set.
 3454332	[INFO]	XnProperty.cpp	74	Setting Depth1.RegistrationType to 2...
 3454349	[INFO]	XnProperty.cpp	151	Property Depth1.RegistrationType was changed to 2.
 3454361	[INFO]	XnProperty.cpp	101	Depth1.RegistrationType was successfully set.
 3454825	[INFO]	XnDeviceModule.cpp	431	Module 'Depth1' configuration was loaded from file.
 3455016	[INFO]	XnProperty.cpp	74	Setting Depth1.FPS to 30...
 3455033	[INFO]	XnProperty.cpp	86	Depth1.FPS value did not change.
 3455045	[INFO]	XnProperty.cpp	74	Setting Depth1.YRes to 480...
 3455060	[INFO]	XnProperty.cpp	151	Property Depth1.Resolution was changed to 1.
 3455098	[INFO]	XnProperty.cpp	151	Property Depth1.XRes was changed to 640.
 3455123	[INFO]	XnProperty.cpp	151	Property Depth1.RequiredDataSize was changed to 307200.
 3455144	[INFO]	XnProperty.cpp	151	Property Depth1.YRes was changed to 480.
 3455159	[INFO]	XnProperty.cpp	151	Property Depth1.RequiredDataSize was changed to 614400.
 3455176	[INFO]	XnProperty.cpp	101	Depth1.YRes was successfully set.
 3455192	[INFO]	XnProperty.cpp	74	Setting Depth1.XRes to 640...
 3455208	[INFO]	XnProperty.cpp	86	Depth1.XRes value did not change.
 3455263	[INFO]	XnProperty.cpp	74	Setting Depth1.Mirror to 1...
 3455282	[INFO]	XnProperty.cpp	151	Property Depth1.FirmwareMirror was changed to 1.
 3455333	[INFO]	XnProperty.cpp	151	Property Depth1.Mirror was changed to 1.
 3455349	[INFO]	XnProperty.cpp	101	Depth1.Mirror was successfully set.
 4559755	[INFO]	XnOpenNI.cpp	1261	Creating node 'User1' of type User...
 4582398	[WARNING]	Linux-x86Threads.cpp	173	Failed to set thread priority: Invalid argument
 4582442	[WARNING]	XnUSBLinux-x86.cpp	126	USB events thread: Failed to set thread priority to critical. This might cause loss of data...
 4583231	[INFO]	XnUSBLinux-x86.cpp	1222	USB read thread was started.
 4583255	[INFO]	XnProperty.cpp	151	Property Depth1.ActualReadData was changed to 1.
 5053907	[INFO]	XnProperty.cpp	151	Property Depth1.State was changed to 1.
 5053951	[INFO]	XnDeviceBase.cpp	370	Stream Depth1 is open.
 6147090	[INFO]	XnOpenNI.cpp	1261	Creating node 'Image1' of type Image...
 6147140	[INFO]	XnDeviceBase.cpp	1383	Creating stream 'Image1' of type 'Image'...
 6147331	[INFO]	XnProperty.cpp	151	Property Image1.Resolution was changed to 0.
 6147352	[INFO]	XnProperty.cpp	151	Property Image1.XRes was changed to 320.
 6147364	[INFO]	XnProperty.cpp	151	Property Image1.YRes was changed to 240.
 6147376	[INFO]	XnProperty.cpp	151	Property Image1.FPS was changed to 30.
 6147387	[INFO]	XnProperty.cpp	151	Property Image1.OutputFormat was changed to 5.
 6147399	[INFO]	XnProperty.cpp	151	Property Image1.BytesPerPixel was changed to 3.
 6147411	[INFO]	XnProperty.cpp	151	Property Image1.RequiredDataSize was changed to 230400.
 6147439	[INFO]	XnDeviceBase.cpp	1458	Stream 'Image1' was initialized.
 6147454	[INFO]	XnDeviceBase.cpp	1463	'Image1' stream was created.
 6147560	[INFO]	XnProperty.cpp	74	Setting Image1.InputFormat to 6...
 6147580	[INFO]	XnProperty.cpp	151	Property Image1.InputFormat was changed to 6.
 6147593	[INFO]	XnProperty.cpp	101	Image1.InputFormat was successfully set.
 6148011	[INFO]	XnDeviceModule.cpp	431	Module 'Image1' configuration was loaded from file.
 6148097	[INFO]	XnProperty.cpp	74	Setting Image1.FPS to 30...
 6148112	[INFO]	XnProperty.cpp	86	Image1.FPS value did not change.
 6148123	[INFO]	XnProperty.cpp	74	Setting Image1.YRes to 480...
 6148136	[INFO]	XnProperty.cpp	151	Property Image1.Resolution was changed to 1.
 6148148	[INFO]	XnProperty.cpp	151	Property Image1.XRes was changed to 640.
 6148159	[INFO]	XnProperty.cpp	151	Property Image1.RequiredDataSize was changed to 460800.
 6148172	[INFO]	XnProperty.cpp	151	Property Image1.YRes was changed to 480.
 6148184	[INFO]	XnProperty.cpp	151	Property Image1.RequiredDataSize was changed to 921600.
 6148196	[INFO]	XnProperty.cpp	101	Image1.YRes was successfully set.
 6148208	[INFO]	XnProperty.cpp	74	Setting Image1.XRes to 640...
 6148219	[INFO]	XnProperty.cpp	86	Image1.XRes value did not change.
 6149125	[INFO]	XnUSBLinux-x86.cpp	1222	USB read thread was started.
 6149165	[INFO]	XnProperty.cpp	151	Property Image1.ActualReadData was changed to 1.
 6318501	[WARNING]	XnDepthProcessor.cpp	133	Read: Depth buffer is corrupt. Size is 568784 (!= 614400)
 6318547	[WARNING]	XnFrameStreamProcessor.cpp	132	Depth frame is corrupt!
 6350528	[WARNING]	XnDepthProcessor.cpp	133	Read: Depth buffer is corrupt. Size is 575040 (!= 614400)
 6350574	[WARNING]	XnFrameStreamProcessor.cpp	132	Depth frame is corrupt!
 9222535	[WARNING]	XnDepthProcessor.cpp	133	Read: Depth buffer is corrupt. Size is 594208 (!= 614400)
 9222578	[WARNING]	XnFrameStreamProcessor.cpp	132	Depth frame is corrupt!
 9254550	[WARNING]	XnDepthProcessor.cpp	133	Read: Depth buffer is corrupt. Size is 597248 (!= 614400)
 9254596	[WARNING]	XnFrameStreamProcessor.cpp	132	Depth frame is corrupt!
 9349847	[INFO]	XnProperty.cpp	151	Property Image1.State was changed to 1.
 9349890	[INFO]	XnDeviceBase.cpp	370	Stream Image1 is open.
 9350077	[INFO]	XnProperty.cpp	74	Setting Depth1.Registration to 1...
 9390511	[WARNING]	XnDepthProcessor.cpp	133	Read: Depth buffer is corrupt. Size is 589728 (!= 614400)
 9390556	[WARNING]	XnFrameStreamProcessor.cpp	132	Depth frame is corrupt!
 9502102	[INFO]	XnProperty.cpp	151	Property Depth1.Registration was changed to 1.
 9502146	[INFO]	XnProperty.cpp	101	Depth1.Registration was successfully set.
 9502223	[INFO]	XnProperty.cpp	74	Setting Image1.Mirror to 1...
 9515232	[INFO]	XnProperty.cpp	151	Property Image1.FirmwareMirror was changed to 1.
 9515275	[INFO]	XnProperty.cpp	151	Property Image1.Mirror was changed to 1.
 9515287	[INFO]	XnProperty.cpp	101	Image1.Mirror was successfully set.
48931278	[INFO]	XnOpenNI.cpp	1459	Destroying node 'User1'
48938461	[INFO]	XnOpenNI.cpp	1459	Destroying node 'Depth1'
48938551	[INFO]	XnDeviceBase.cpp	1507	Destroying stream 'Depth1'...
48940137	[INFO]	XnOpenNI.cpp	1459	Destroying node 'Image1'
48940205	[INFO]	XnDeviceBase.cpp	1507	Destroying stream 'Image1'...
48941162	[INFO]	XnOpenNI.cpp	1459	Destroying node 'Device1'
