    1396	[INFO]	XnLog.cpp	165	OpenNI version is 1.0.0 (Build 25)-MacOSX (Jan  7 2011 14:20:18)
    1440	[INFO]	XnLog.cpp	173	Log system initialized. Console: 1, File: 1, Severity: INFO, Masks: ALL
    1464	[INFO]	XnLog.cpp	173	Log system initialized. Console: 1, File: 1, Severity: INFO, Masks: ALL
    2577	[INFO]	XnUSBLinux-x86.cpp	98	USB is initialized.
 4481479	[INFO]	XnOpenNI.cpp	1261	Creating node 'Device1' of type Device...
 4482245	[INFO]	XnDeviceModule.cpp	431	Module 'Device' configuration was loaded from file.
 5248594	[INFO]	XnDeviceSensorIO.cpp	135	Connected to USB device
 5248648	[INFO]	XnProperty.cpp	151	Property Device.USBPath was changed to 045e/02ae@253/8.
 5255668	[INFO]	XnHostProtocol.cpp	825	Hardware versions: FW=5.1.4 (7) HW=4 Chip=2 Sensor=4 SYS=7
 6666144	[INFO]	XnProperty.cpp	151	Property Device.ID was changed to 0.
 6666204	[INFO]	XnSensor.cpp	182	Device sensor initialized
 6666300	[INFO]	XnOpenNI.cpp	1261	Creating node 'Depth1' of type Depth...
 6666347	[INFO]	XnDeviceBase.cpp	1383	Creating stream 'Depth1' of type 'Depth'...
 6666367	[INFO]	XnProperty.cpp	74	Setting Device.ReadData to 1...
 6666404	[INFO]	XnDeviceSensorIO.cpp	298	Endpoints open
 6678768	[INFO]	XnProperty.cpp	151	Property Device.ReadData was changed to 1.
 6678844	[INFO]	XnProperty.cpp	101	Device.ReadData was successfully set.
 6679471	[INFO]	XnProperty.cpp	151	Property Depth1.Resolution was changed to 0.
 6679515	[INFO]	XnProperty.cpp	151	Property Depth1.XRes was changed to 320.
 6679547	[INFO]	XnProperty.cpp	151	Property Depth1.YRes was changed to 240.
 6679577	[INFO]	XnProperty.cpp	151	Property Depth1.FPS was changed to 30.
 6679609	[INFO]	XnProperty.cpp	151	Property Depth1.OutputFormat was changed to 1.
 6679648	[INFO]	XnProperty.cpp	151	Property Depth1.BytesPerPixel was changed to 2.
 6679682	[INFO]	XnProperty.cpp	151	Property Depth1.RequiredDataSize was changed to 153600.
 6679723	[INFO]	XnProperty.cpp	151	Property Depth1.ParamCoeff was changed to 4.
 6679825	[INFO]	XnProperty.cpp	151	Property Depth1.ShiftScale was changed to 10.
 6692423	[INFO]	XnProperty.cpp	151	Property Depth1.ConstShift was changed to 200.
 6692506	[INFO]	XnProperty.cpp	151	Property Depth1.ZPD was changed to 120.
 6692617	[INFO]	XnProperty.cpp	151	Property Depth1.ZPPS was changed to 0.104200.
 6692643	[INFO]	XnProperty.cpp	151	Property Depth1.LDDIS was changed to 7.500000.
 6692767	[INFO]	XnProperty.cpp	151	Property Depth1.Gain was changed to 30.
 6692812	[INFO]	XnDeviceBase.cpp	1458	Stream 'Depth1' was initialized.
 6692835	[INFO]	XnDeviceBase.cpp	1463	'Depth1' stream was created.
 6693039	[INFO]	XnProperty.cpp	74	Setting Depth1.InputFormat to 3...
 6693071	[INFO]	XnProperty.cpp	151	Property Depth1.InputFormat was changed to 3.
 6693091	[INFO]	XnProperty.cpp	101	Depth1.InputFormat was successfully set.
 6693799	[INFO]	XnProperty.cpp	74	Setting Depth1.RegistrationType to 2...
 6693839	[INFO]	XnProperty.cpp	151	Property Depth1.RegistrationType was changed to 2.
 6693859	[INFO]	XnProperty.cpp	101	Depth1.RegistrationType was successfully set.
 6694569	[INFO]	XnDeviceModule.cpp	431	Module 'Depth1' configuration was loaded from file.
 6694836	[INFO]	XnProperty.cpp	74	Setting Depth1.FPS to 30...
 6694862	[INFO]	XnProperty.cpp	86	Depth1.FPS value did not change.
 6694881	[INFO]	XnProperty.cpp	74	Setting Depth1.YRes to 480...
 6694902	[INFO]	XnProperty.cpp	151	Property Depth1.Resolution was changed to 1.
 6694923	[INFO]	XnProperty.cpp	151	Property Depth1.XRes was changed to 640.
 6694941	[INFO]	XnProperty.cpp	151	Property Depth1.RequiredDataSize was changed to 307200.
 6694964	[INFO]	XnProperty.cpp	151	Property Depth1.YRes was changed to 480.
 6694983	[INFO]	XnProperty.cpp	151	Property Depth1.RequiredDataSize was changed to 614400.
 6695001	[INFO]	XnProperty.cpp	101	Depth1.YRes was successfully set.
 6695020	[INFO]	XnProperty.cpp	74	Setting Depth1.XRes to 640...
 6695035	[INFO]	XnProperty.cpp	86	Depth1.XRes value did not change.
 6695091	[INFO]	XnProperty.cpp	74	Setting Depth1.Mirror to 1...
 6695114	[INFO]	XnProperty.cpp	151	Property Depth1.FirmwareMirror was changed to 1.
 6695172	[INFO]	XnProperty.cpp	151	Property Depth1.Mirror was changed to 1.
 6695191	[INFO]	XnProperty.cpp	101	Depth1.Mirror was successfully set.
12729693	[INFO]	XnOpenNI.cpp	1261	Creating node 'User1' of type User...
12751943	[WARNING]	Linux-x86Threads.cpp	173	Failed to set thread priority: Invalid argument
12751985	[WARNING]	XnUSBLinux-x86.cpp	126	USB events thread: Failed to set thread priority to critical. This might cause loss of data...
12752751	[INFO]	XnUSBLinux-x86.cpp	1222	USB read thread was started.
12752774	[INFO]	XnProperty.cpp	151	Property Depth1.ActualReadData was changed to 1.
13223104	[INFO]	XnProperty.cpp	151	Property Depth1.State was changed to 1.
13223146	[INFO]	XnDeviceBase.cpp	370	Stream Depth1 is open.
18573762	[INFO]	XnOpenNI.cpp	1261	Creating node 'Image1' of type Image...
18573813	[INFO]	XnDeviceBase.cpp	1383	Creating stream 'Image1' of type 'Image'...
18574035	[INFO]	XnProperty.cpp	151	Property Image1.Resolution was changed to 0.
18574062	[INFO]	XnProperty.cpp	151	Property Image1.XRes was changed to 320.
18574079	[INFO]	XnProperty.cpp	151	Property Image1.YRes was changed to 240.
18574098	[INFO]	XnProperty.cpp	151	Property Image1.FPS was changed to 30.
18574115	[INFO]	XnProperty.cpp	151	Property Image1.OutputFormat was changed to 5.
18574133	[INFO]	XnProperty.cpp	151	Property Image1.BytesPerPixel was changed to 3.
18574151	[INFO]	XnProperty.cpp	151	Property Image1.RequiredDataSize was changed to 230400.
18574196	[INFO]	XnDeviceBase.cpp	1458	Stream 'Image1' was initialized.
18574218	[INFO]	XnDeviceBase.cpp	1463	'Image1' stream was created.
18574348	[INFO]	XnProperty.cpp	74	Setting Image1.InputFormat to 6...
18574377	[INFO]	XnProperty.cpp	151	Property Image1.InputFormat was changed to 6.
18574397	[INFO]	XnProperty.cpp	101	Image1.InputFormat was successfully set.
18575030	[INFO]	XnDeviceModule.cpp	431	Module 'Image1' configuration was loaded from file.
18575158	[INFO]	XnProperty.cpp	74	Setting Image1.FPS to 30...
18575187	[INFO]	XnProperty.cpp	86	Image1.FPS value did not change.
18575210	[INFO]	XnProperty.cpp	74	Setting Image1.YRes to 480...
18575233	[INFO]	XnProperty.cpp	151	Property Image1.Resolution was changed to 1.
18575255	[INFO]	XnProperty.cpp	151	Property Image1.XRes was changed to 640.
18575277	[INFO]	XnProperty.cpp	151	Property Image1.RequiredDataSize was changed to 460800.
18575302	[INFO]	XnProperty.cpp	151	Property Image1.YRes was changed to 480.
18575324	[INFO]	XnProperty.cpp	151	Property Image1.RequiredDataSize was changed to 921600.
18575346	[INFO]	XnProperty.cpp	101	Image1.YRes was successfully set.
18575369	[INFO]	XnProperty.cpp	74	Setting Image1.XRes to 640...
18575389	[INFO]	XnProperty.cpp	86	Image1.XRes value did not change.
18576432	[INFO]	XnUSBLinux-x86.cpp	1222	USB read thread was started.
18576475	[INFO]	XnProperty.cpp	151	Property Image1.ActualReadData was changed to 1.
18760970	[WARNING]	XnDepthProcessor.cpp	133	Read: Depth buffer is corrupt. Size is 557040 (!= 614400)
18761017	[WARNING]	XnFrameStreamProcessor.cpp	132	Depth frame is corrupt!
21661053	[WARNING]	XnDepthProcessor.cpp	133	Read: Depth buffer is corrupt. Size is 588448 (!= 614400)
21661096	[WARNING]	XnFrameStreamProcessor.cpp	132	Depth frame is corrupt!
21776729	[INFO]	XnProperty.cpp	151	Property Image1.State was changed to 1.
21776770	[INFO]	XnDeviceBase.cpp	370	Stream Image1 is open.
21776975	[INFO]	XnProperty.cpp	74	Setting Depth1.Registration to 1...
21829055	[WARNING]	XnDepthProcessor.cpp	133	Read: Depth buffer is corrupt. Size is 584224 (!= 614400)
21829103	[WARNING]	XnFrameStreamProcessor.cpp	132	Depth frame is corrupt!
21929073	[INFO]	XnProperty.cpp	151	Property Depth1.Registration was changed to 1.
21929119	[INFO]	XnProperty.cpp	101	Depth1.Registration was successfully set.
21929173	[INFO]	XnProperty.cpp	74	Setting Image1.Mirror to 1...
21941841	[INFO]	XnProperty.cpp	151	Property Image1.FirmwareMirror was changed to 1.
21941885	[INFO]	XnProperty.cpp	151	Property Image1.Mirror was changed to 1.
21941910	[INFO]	XnProperty.cpp	101	Image1.Mirror was successfully set.
85861204	[INFO]	XnOpenNI.cpp	1459	Destroying node 'User1'
85869346	[INFO]	XnOpenNI.cpp	1459	Destroying node 'Depth1'
85869443	[INFO]	XnDeviceBase.cpp	1507	Destroying stream 'Depth1'...
85870861	[INFO]	XnOpenNI.cpp	1459	Destroying node 'Image1'
85870922	[INFO]	XnDeviceBase.cpp	1507	Destroying stream 'Image1'...
85871698	[INFO]	XnOpenNI.cpp	1459	Destroying node 'Device1'
