    1525	[INFO]	XnLog.cpp	165	OpenNI version is 1.0.0 (Build 25)-MacOSX (Jan  7 2011 14:20:18)
    1569	[INFO]	XnLog.cpp	173	Log system initialized. Console: 1, File: 1, Severity: INFO, Masks: ALL
    1593	[INFO]	XnLog.cpp	173	Log system initialized. Console: 1, File: 1, Severity: INFO, Masks: ALL
    2781	[INFO]	XnUSBLinux-x86.cpp	98	USB is initialized.
 2368664	[INFO]	XnOpenNI.cpp	1261	Creating node 'Device1' of type Device...
 2369418	[INFO]	XnDeviceModule.cpp	431	Module 'Device' configuration was loaded from file.
 2628499	[INFO]	XnDeviceSensorIO.cpp	135	Connected to USB device
 2628549	[INFO]	XnProperty.cpp	151	Property Device.USBPath was changed to 045e/02ae@253/8.
 2636142	[INFO]	XnHostProtocol.cpp	825	Hardware versions: FW=5.1.4 (7) HW=4 Chip=2 Sensor=4 SYS=7
 4045080	[INFO]	XnProperty.cpp	151	Property Device.ID was changed to 0.
 4045132	[INFO]	XnSensor.cpp	182	Device sensor initialized
 4045206	[INFO]	XnOpenNI.cpp	1261	Creating node 'Depth1' of type Depth...
 4045243	[INFO]	XnDeviceBase.cpp	1383	Creating stream 'Depth1' of type 'Depth'...
 4045259	[INFO]	XnProperty.cpp	74	Setting Device.ReadData to 1...
 4045289	[INFO]	XnDeviceSensorIO.cpp	298	Endpoints open
 4057731	[INFO]	XnProperty.cpp	151	Property Device.ReadData was changed to 1.
 4057779	[INFO]	XnProperty.cpp	101	Device.ReadData was successfully set.
 4058131	[INFO]	XnProperty.cpp	151	Property Depth1.Resolution was changed to 0.
 4058150	[INFO]	XnProperty.cpp	151	Property Depth1.XRes was changed to 320.
 4058163	[INFO]	XnProperty.cpp	151	Property Depth1.YRes was changed to 240.
 4058175	[INFO]	XnProperty.cpp	151	Property Depth1.FPS was changed to 30.
 4058186	[INFO]	XnProperty.cpp	151	Property Depth1.OutputFormat was changed to 1.
 4058197	[INFO]	XnProperty.cpp	151	Property Depth1.BytesPerPixel was changed to 2.
 4058209	[INFO]	XnProperty.cpp	151	Property Depth1.RequiredDataSize was changed to 153600.
 4058226	[INFO]	XnProperty.cpp	151	Property Depth1.ParamCoeff was changed to 4.
 4058284	[INFO]	XnProperty.cpp	151	Property Depth1.ShiftScale was changed to 10.
 4070846	[INFO]	XnProperty.cpp	151	Property Depth1.ConstShift was changed to 200.
 4070935	[INFO]	XnProperty.cpp	151	Property Depth1.ZPD was changed to 120.
 4071031	[INFO]	XnProperty.cpp	151	Property Depth1.ZPPS was changed to 0.104200.
 4071046	[INFO]	XnProperty.cpp	151	Property Depth1.LDDIS was changed to 7.500000.
 4071135	[INFO]	XnProperty.cpp	151	Property Depth1.Gain was changed to 30.
 4071165	[INFO]	XnDeviceBase.cpp	1458	Stream 'Depth1' was initialized.
 4071179	[INFO]	XnDeviceBase.cpp	1463	'Depth1' stream was created.
 4071338	[INFO]	XnProperty.cpp	74	Setting Depth1.InputFormat to 3...
 4071359	[INFO]	XnProperty.cpp	151	Property Depth1.InputFormat was changed to 3.
 4071372	[INFO]	XnProperty.cpp	101	Depth1.InputFormat was successfully set.
 4071805	[INFO]	XnProperty.cpp	74	Setting Depth1.RegistrationType to 2...
 4071822	[INFO]	XnProperty.cpp	151	Property Depth1.RegistrationType was changed to 2.
 4071842	[INFO]	XnProperty.cpp	101	Depth1.RegistrationType was successfully set.
 4072400	[INFO]	XnDeviceModule.cpp	431	Module 'Depth1' configuration was loaded from file.
 4072621	[INFO]	XnProperty.cpp	74	Setting Depth1.FPS to 30...
 4072643	[INFO]	XnProperty.cpp	86	Depth1.FPS value did not change.
 4072658	[INFO]	XnProperty.cpp	74	Setting Depth1.YRes to 480...
 4072677	[INFO]	XnProperty.cpp	151	Property Depth1.Resolution was changed to 1.
 4072695	[INFO]	XnProperty.cpp	151	Property Depth1.XRes was changed to 640.
 4072711	[INFO]	XnProperty.cpp	151	Property Depth1.RequiredDataSize was changed to 307200.
 4072730	[INFO]	XnProperty.cpp	151	Property Depth1.YRes was changed to 480.
 4072746	[INFO]	XnProperty.cpp	151	Property Depth1.RequiredDataSize was changed to 614400.
 4072764	[INFO]	XnProperty.cpp	101	Depth1.YRes was successfully set.
 4072780	[INFO]	XnProperty.cpp	74	Setting Depth1.XRes to 640...
 4072794	[INFO]	XnProperty.cpp	86	Depth1.XRes value did not change.
 4072848	[INFO]	XnProperty.cpp	74	Setting Depth1.Mirror to 1...
 4072867	[INFO]	XnProperty.cpp	151	Property Depth1.FirmwareMirror was changed to 1.
 4072910	[INFO]	XnProperty.cpp	151	Property Depth1.Mirror was changed to 1.
 4072922	[INFO]	XnProperty.cpp	101	Depth1.Mirror was successfully set.
 6061591	[INFO]	XnOpenNI.cpp	1261	Creating node 'User1' of type User...
 6084723	[WARNING]	Linux-x86Threads.cpp	173	Failed to set thread priority: Invalid argument
 6084767	[WARNING]	XnUSBLinux-x86.cpp	126	USB events thread: Failed to set thread priority to critical. This might cause loss of data...
 6085546	[INFO]	XnUSBLinux-x86.cpp	1222	USB read thread was started.
 6085570	[INFO]	XnProperty.cpp	151	Property Depth1.ActualReadData was changed to 1.
 6555842	[INFO]	XnProperty.cpp	151	Property Depth1.State was changed to 1.
 6555884	[INFO]	XnDeviceBase.cpp	370	Stream Depth1 is open.
 8532859	[INFO]	XnOpenNI.cpp	1261	Creating node 'Image1' of type Image...
 8532913	[INFO]	XnDeviceBase.cpp	1383	Creating stream 'Image1' of type 'Image'...
 8533129	[INFO]	XnProperty.cpp	151	Property Image1.Resolution was changed to 0.
 8533153	[INFO]	XnProperty.cpp	151	Property Image1.XRes was changed to 320.
 8533174	[INFO]	XnProperty.cpp	151	Property Image1.YRes was changed to 240.
 8533192	[INFO]	XnProperty.cpp	151	Property Image1.FPS was changed to 30.
 8533211	[INFO]	XnProperty.cpp	151	Property Image1.OutputFormat was changed to 5.
 8533229	[INFO]	XnProperty.cpp	151	Property Image1.BytesPerPixel was changed to 3.
 8533248	[INFO]	XnProperty.cpp	151	Property Image1.RequiredDataSize was changed to 230400.
 8533287	[INFO]	XnDeviceBase.cpp	1458	Stream 'Image1' was initialized.
 8533307	[INFO]	XnDeviceBase.cpp	1463	'Image1' stream was created.
 8533422	[INFO]	XnProperty.cpp	74	Setting Image1.InputFormat to 6...
 8533447	[INFO]	XnProperty.cpp	151	Property Image1.InputFormat was changed to 6.
 8533466	[INFO]	XnProperty.cpp	101	Image1.InputFormat was successfully set.
 8533900	[INFO]	XnDeviceModule.cpp	431	Module 'Image1' configuration was loaded from file.
 8533994	[INFO]	XnProperty.cpp	74	Setting Image1.FPS to 30...
 8534013	[INFO]	XnProperty.cpp	86	Image1.FPS value did not change.
 8534029	[INFO]	XnProperty.cpp	74	Setting Image1.YRes to 480...
 8534044	[INFO]	XnProperty.cpp	151	Property Image1.Resolution was changed to 1.
 8534059	[INFO]	XnProperty.cpp	151	Property Image1.XRes was changed to 640.
 8534077	[INFO]	XnProperty.cpp	151	Property Image1.RequiredDataSize was changed to 460800.
 8534097	[INFO]	XnProperty.cpp	151	Property Image1.YRes was changed to 480.
 8534114	[INFO]	XnProperty.cpp	151	Property Image1.RequiredDataSize was changed to 921600.
 8534133	[INFO]	XnProperty.cpp	101	Image1.YRes was successfully set.
 8534152	[INFO]	XnProperty.cpp	74	Setting Image1.XRes to 640...
 8534168	[INFO]	XnProperty.cpp	86	Image1.XRes value did not change.
 8535124	[INFO]	XnUSBLinux-x86.cpp	1222	USB read thread was started.
 8535183	[INFO]	XnProperty.cpp	151	Property Image1.ActualReadData was changed to 1.
 8720890	[WARNING]	XnDepthProcessor.cpp	133	Read: Depth buffer is corrupt. Size is 570176 (!= 614400)
 8720944	[WARNING]	XnFrameStreamProcessor.cpp	132	Depth frame is corrupt!
11624983	[WARNING]	XnDepthProcessor.cpp	133	Read: Depth buffer is corrupt. Size is 586352 (!= 614400)
11625027	[WARNING]	XnFrameStreamProcessor.cpp	132	Depth frame is corrupt!
11735784	[INFO]	XnProperty.cpp	151	Property Image1.State was changed to 1.
11735835	[INFO]	XnDeviceBase.cpp	370	Stream Image1 is open.
11736029	[INFO]	XnProperty.cpp	74	Setting Depth1.Registration to 1...
11792919	[WARNING]	XnDepthProcessor.cpp	133	Read: Depth buffer is corrupt. Size is 584560 (!= 614400)
11792965	[WARNING]	XnFrameStreamProcessor.cpp	132	Depth frame is corrupt!
11888405	[INFO]	XnProperty.cpp	151	Property Depth1.Registration was changed to 1.
11888447	[INFO]	XnProperty.cpp	101	Depth1.Registration was successfully set.
11888494	[INFO]	XnProperty.cpp	74	Setting Image1.Mirror to 1...
11900804	[INFO]	XnProperty.cpp	151	Property Image1.FirmwareMirror was changed to 1.
11900860	[INFO]	XnProperty.cpp	151	Property Image1.Mirror was changed to 1.
11900881	[INFO]	XnProperty.cpp	101	Image1.Mirror was successfully set.
28913750	[INFO]	XnOpenNI.cpp	1459	Destroying node 'User1'
28922065	[INFO]	XnOpenNI.cpp	1459	Destroying node 'Depth1'
28922166	[INFO]	XnDeviceBase.cpp	1507	Destroying stream 'Depth1'...
28923324	[INFO]	XnOpenNI.cpp	1459	Destroying node 'Image1'
28923387	[INFO]	XnDeviceBase.cpp	1507	Destroying stream 'Image1'...
28924202	[INFO]	XnOpenNI.cpp	1459	Destroying node 'Device1'
