    1342	[INFO]	XnLog.cpp	165	OpenNI version is 1.0.0 (Build 25)-MacOSX (Jan  7 2011 14:20:18)
    1385	[INFO]	XnLog.cpp	173	Log system initialized. Console: 1, File: 1, Severity: INFO, Masks: ALL
    1409	[INFO]	XnLog.cpp	173	Log system initialized. Console: 1, File: 1, Severity: INFO, Masks: ALL
    2487	[INFO]	XnUSBLinux-x86.cpp	98	USB is initialized.
 2374765	[INFO]	XnOpenNI.cpp	1261	Creating node 'Device1' of type Device...
 2375719	[INFO]	XnDeviceModule.cpp	431	Module 'Device' configuration was loaded from file.
 2636428	[INFO]	XnDeviceSensorIO.cpp	135	Connected to USB device
 2636479	[INFO]	XnProperty.cpp	151	Property Device.USBPath was changed to 045e/02ae@253/8.
 2644310	[INFO]	XnHostProtocol.cpp	825	Hardware versions: FW=5.1.4 (7) HW=4 Chip=2 Sensor=4 SYS=7
 4059513	[INFO]	XnProperty.cpp	151	Property Device.ID was changed to 0.
 4059605	[INFO]	XnSensor.cpp	182	Device sensor initialized
 4059711	[INFO]	XnOpenNI.cpp	1261	Creating node 'Depth1' of type Depth...
 4059747	[INFO]	XnDeviceBase.cpp	1383	Creating stream 'Depth1' of type 'Depth'...
 4059763	[INFO]	XnProperty.cpp	74	Setting Device.ReadData to 1...
 4059794	[INFO]	XnDeviceSensorIO.cpp	298	Endpoints open
 4071970	[INFO]	XnProperty.cpp	151	Property Device.ReadData was changed to 1.
 4072011	[INFO]	XnProperty.cpp	101	Device.ReadData was successfully set.
 4072367	[INFO]	XnProperty.cpp	151	Property Depth1.Resolution was changed to 0.
 4072388	[INFO]	XnProperty.cpp	151	Property Depth1.XRes was changed to 320.
 4072402	[INFO]	XnProperty.cpp	151	Property Depth1.YRes was changed to 240.
 4072413	[INFO]	XnProperty.cpp	151	Property Depth1.FPS was changed to 30.
 4072424	[INFO]	XnProperty.cpp	151	Property Depth1.OutputFormat was changed to 1.
 4072435	[INFO]	XnProperty.cpp	151	Property Depth1.BytesPerPixel was changed to 2.
 4072448	[INFO]	XnProperty.cpp	151	Property Depth1.RequiredDataSize was changed to 153600.
 4072469	[INFO]	XnProperty.cpp	151	Property Depth1.ParamCoeff was changed to 4.
 4072542	[INFO]	XnProperty.cpp	151	Property Depth1.ShiftScale was changed to 10.
 4084952	[INFO]	XnProperty.cpp	151	Property Depth1.ConstShift was changed to 200.
 4085047	[INFO]	XnProperty.cpp	151	Property Depth1.ZPD was changed to 120.
 4085144	[INFO]	XnProperty.cpp	151	Property Depth1.ZPPS was changed to 0.104200.
 4085158	[INFO]	XnProperty.cpp	151	Property Depth1.LDDIS was changed to 7.500000.
 4085246	[INFO]	XnProperty.cpp	151	Property Depth1.Gain was changed to 30.
 4085278	[INFO]	XnDeviceBase.cpp	1458	Stream 'Depth1' was initialized.
 4085291	[INFO]	XnDeviceBase.cpp	1463	'Depth1' stream was created.
 4085440	[INFO]	XnProperty.cpp	74	Setting Depth1.InputFormat to 3...
 4085460	[INFO]	XnProperty.cpp	151	Property Depth1.InputFormat was changed to 3.
 4085472	[INFO]	XnProperty.cpp	101	Depth1.InputFormat was successfully set.
 4085903	[INFO]	XnProperty.cpp	74	Setting Depth1.RegistrationType to 2...
 4085918	[INFO]	XnProperty.cpp	151	Property Depth1.RegistrationType was changed to 2.
 4085929	[INFO]	XnProperty.cpp	101	Depth1.RegistrationType was successfully set.
 4086412	[INFO]	XnDeviceModule.cpp	431	Module 'Depth1' configuration was loaded from file.
 4086607	[INFO]	XnProperty.cpp	74	Setting Depth1.FPS to 30...
 4086627	[INFO]	XnProperty.cpp	86	Depth1.FPS value did not change.
 4086639	[INFO]	XnProperty.cpp	74	Setting Depth1.YRes to 480...
 4086654	[INFO]	XnProperty.cpp	151	Property Depth1.Resolution was changed to 1.
 4086667	[INFO]	XnProperty.cpp	151	Property Depth1.XRes was changed to 640.
 4086680	[INFO]	XnProperty.cpp	151	Property Depth1.RequiredDataSize was changed to 307200.
 4086695	[INFO]	XnProperty.cpp	151	Property Depth1.YRes was changed to 480.
 4086707	[INFO]	XnProperty.cpp	151	Property Depth1.RequiredDataSize was changed to 614400.
 4086720	[INFO]	XnProperty.cpp	101	Depth1.YRes was successfully set.
 4086732	[INFO]	XnProperty.cpp	74	Setting Depth1.XRes to 640...
 4086744	[INFO]	XnProperty.cpp	86	Depth1.XRes value did not change.
 4086786	[INFO]	XnProperty.cpp	74	Setting Depth1.Mirror to 1...
 4086801	[INFO]	XnProperty.cpp	151	Property Depth1.FirmwareMirror was changed to 1.
 4131440	[INFO]	XnProperty.cpp	151	Property Depth1.Mirror was changed to 1.
 4131465	[INFO]	XnProperty.cpp	101	Depth1.Mirror was successfully set.
 6543022	[INFO]	XnOpenNI.cpp	1261	Creating node 'User1' of type User...
 6566038	[WARNING]	Linux-x86Threads.cpp	173	Failed to set thread priority: Invalid argument
 6566082	[WARNING]	XnUSBLinux-x86.cpp	126	USB events thread: Failed to set thread priority to critical. This might cause loss of data...
 6566805	[INFO]	XnUSBLinux-x86.cpp	1222	USB read thread was started.
 6566849	[INFO]	XnProperty.cpp	151	Property Depth1.ActualReadData was changed to 1.
 7037020	[INFO]	XnProperty.cpp	151	Property Depth1.State was changed to 1.
 7037072	[INFO]	XnDeviceBase.cpp	370	Stream Depth1 is open.
 8979392	[INFO]	XnOpenNI.cpp	1261	Creating node 'Image1' of type Image...
 8979442	[INFO]	XnDeviceBase.cpp	1383	Creating stream 'Image1' of type 'Image'...
 8979639	[INFO]	XnProperty.cpp	151	Property Image1.Resolution was changed to 0.
 8979666	[INFO]	XnProperty.cpp	151	Property Image1.XRes was changed to 320.
 8979685	[INFO]	XnProperty.cpp	151	Property Image1.YRes was changed to 240.
 8979703	[INFO]	XnProperty.cpp	151	Property Image1.FPS was changed to 30.
 8979719	[INFO]	XnProperty.cpp	151	Property Image1.OutputFormat was changed to 5.
 8979736	[INFO]	XnProperty.cpp	151	Property Image1.BytesPerPixel was changed to 3.
 8979754	[INFO]	XnProperty.cpp	151	Property Image1.RequiredDataSize was changed to 230400.
 8979793	[INFO]	XnDeviceBase.cpp	1458	Stream 'Image1' was initialized.
 8979823	[INFO]	XnDeviceBase.cpp	1463	'Image1' stream was created.
 8979954	[INFO]	XnProperty.cpp	74	Setting Image1.InputFormat to 6...
 8979986	[INFO]	XnProperty.cpp	151	Property Image1.InputFormat was changed to 6.
 8980005	[INFO]	XnProperty.cpp	101	Image1.InputFormat was successfully set.
 8980636	[INFO]	XnDeviceModule.cpp	431	Module 'Image1' configuration was loaded from file.
 8980739	[INFO]	XnProperty.cpp	74	Setting Image1.FPS to 30...
 8980763	[INFO]	XnProperty.cpp	86	Image1.FPS value did not change.
 8980782	[INFO]	XnProperty.cpp	74	Setting Image1.YRes to 480...
 8980801	[INFO]	XnProperty.cpp	151	Property Image1.Resolution was changed to 1.
 8980820	[INFO]	XnProperty.cpp	151	Property Image1.XRes was changed to 640.
 8980838	[INFO]	XnProperty.cpp	151	Property Image1.RequiredDataSize was changed to 460800.
 8980858	[INFO]	XnProperty.cpp	151	Property Image1.YRes was changed to 480.
 8980876	[INFO]	XnProperty.cpp	151	Property Image1.RequiredDataSize was changed to 921600.
 8980894	[INFO]	XnProperty.cpp	101	Image1.YRes was successfully set.
 8980913	[INFO]	XnProperty.cpp	74	Setting Image1.XRes to 640...
 8980929	[INFO]	XnProperty.cpp	86	Image1.XRes value did not change.
 8982028	[INFO]	XnUSBLinux-x86.cpp	1222	USB read thread was started.
 8982087	[INFO]	XnProperty.cpp	151	Property Image1.ActualReadData was changed to 1.
 9170222	[WARNING]	XnDepthProcessor.cpp	133	Read: Depth buffer is corrupt. Size is 527168 (!= 614400)
 9170279	[WARNING]	XnFrameStreamProcessor.cpp	132	Depth frame is corrupt!
12074249	[WARNING]	XnDepthProcessor.cpp	133	Read: Depth buffer is corrupt. Size is 564304 (!= 614400)
12074302	[WARNING]	XnFrameStreamProcessor.cpp	132	Depth frame is corrupt!
12182708	[INFO]	XnProperty.cpp	151	Property Image1.State was changed to 1.
12182750	[INFO]	XnDeviceBase.cpp	370	Stream Image1 is open.
12182923	[INFO]	XnProperty.cpp	74	Setting Depth1.Registration to 1...
12206279	[WARNING]	XnDepthProcessor.cpp	133	Read: Depth buffer is corrupt. Size is 582640 (!= 614400)
12206327	[WARNING]	XnFrameStreamProcessor.cpp	132	Depth frame is corrupt!
12334713	[INFO]	XnProperty.cpp	151	Property Depth1.Registration was changed to 1.
12334757	[INFO]	XnProperty.cpp	101	Depth1.Registration was successfully set.
12334803	[INFO]	XnProperty.cpp	74	Setting Image1.Mirror to 1...
12347303	[INFO]	XnProperty.cpp	151	Property Image1.FirmwareMirror was changed to 1.
12347350	[INFO]	XnProperty.cpp	151	Property Image1.Mirror was changed to 1.
12347368	[INFO]	XnProperty.cpp	101	Image1.Mirror was successfully set.
64476091	[INFO]	XnOpenNI.cpp	1459	Destroying node 'User1'
64487247	[INFO]	XnOpenNI.cpp	1459	Destroying node 'Depth1'
64487351	[INFO]	XnDeviceBase.cpp	1507	Destroying stream 'Depth1'...
64488783	[INFO]	XnOpenNI.cpp	1459	Destroying node 'Image1'
64488839	[INFO]	XnDeviceBase.cpp	1507	Destroying stream 'Image1'...
64489862	[INFO]	XnOpenNI.cpp	1459	Destroying node 'Device1'
