    1939	[INFO]	XnLog.cpp	165	OpenNI version is 1.0.0 (Build 25)-MacOSX (Jan  7 2011 14:20:18)
    1998	[INFO]	XnLog.cpp	173	Log system initialized. Console: 1, File: 1, Severity: INFO, Masks: ALL
    2031	[INFO]	XnLog.cpp	173	Log system initialized. Console: 1, File: 1, Severity: INFO, Masks: ALL
    3573	[INFO]	XnUSBLinux-x86.cpp	98	USB is initialized.
 1998230	[INFO]	XnOpenNI.cpp	1261	Creating node 'Device1' of type Device...
 1998996	[INFO]	XnDeviceModule.cpp	431	Module 'Device' configuration was loaded from file.
 2260197	[INFO]	XnDeviceSensorIO.cpp	135	Connected to USB device
 2260248	[INFO]	XnProperty.cpp	151	Property Device.USBPath was changed to 045e/02ae@253/8.
 2267552	[INFO]	XnHostProtocol.cpp	825	Hardware versions: FW=5.1.4 (7) HW=4 Chip=2 Sensor=4 SYS=7
 3677614	[INFO]	XnProperty.cpp	151	Property Device.ID was changed to 0.
 3677681	[INFO]	XnSensor.cpp	182	Device sensor initialized
 3677801	[INFO]	XnOpenNI.cpp	1261	Creating node 'Depth1' of type Depth...
 3677853	[INFO]	XnDeviceBase.cpp	1383	Creating stream 'Depth1' of type 'Depth'...
 3677878	[INFO]	XnProperty.cpp	74	Setting Device.ReadData to 1...
 3677918	[INFO]	XnDeviceSensorIO.cpp	298	Endpoints open
 3690386	[INFO]	XnProperty.cpp	151	Property Device.ReadData was changed to 1.
 3690426	[INFO]	XnProperty.cpp	101	Device.ReadData was successfully set.
 3690903	[INFO]	XnProperty.cpp	151	Property Depth1.Resolution was changed to 0.
 3690932	[INFO]	XnProperty.cpp	151	Property Depth1.XRes was changed to 320.
 3690953	[INFO]	XnProperty.cpp	151	Property Depth1.YRes was changed to 240.
 3690972	[INFO]	XnProperty.cpp	151	Property Depth1.FPS was changed to 30.
 3690993	[INFO]	XnProperty.cpp	151	Property Depth1.OutputFormat was changed to 1.
 3691011	[INFO]	XnProperty.cpp	151	Property Depth1.BytesPerPixel was changed to 2.
 3691031	[INFO]	XnProperty.cpp	151	Property Depth1.RequiredDataSize was changed to 153600.
 3691056	[INFO]	XnProperty.cpp	151	Property Depth1.ParamCoeff was changed to 4.
 3691135	[INFO]	XnProperty.cpp	151	Property Depth1.ShiftScale was changed to 10.
 3703622	[INFO]	XnProperty.cpp	151	Property Depth1.ConstShift was changed to 200.
 3703711	[INFO]	XnProperty.cpp	151	Property Depth1.ZPD was changed to 120.
 3703807	[INFO]	XnProperty.cpp	151	Property Depth1.ZPPS was changed to 0.104200.
 3703821	[INFO]	XnProperty.cpp	151	Property Depth1.LDDIS was changed to 7.500000.
 3703912	[INFO]	XnProperty.cpp	151	Property Depth1.Gain was changed to 30.
 3703943	[INFO]	XnDeviceBase.cpp	1458	Stream 'Depth1' was initialized.
 3703956	[INFO]	XnDeviceBase.cpp	1463	'Depth1' stream was created.
 3704117	[INFO]	XnProperty.cpp	74	Setting Depth1.InputFormat to 3...
 3704139	[INFO]	XnProperty.cpp	151	Property Depth1.InputFormat was changed to 3.
 3704152	[INFO]	XnProperty.cpp	101	Depth1.InputFormat was successfully set.
 3704590	[INFO]	XnProperty.cpp	74	Setting Depth1.RegistrationType to 2...
 3704608	[INFO]	XnProperty.cpp	151	Property Depth1.RegistrationType was changed to 2.
 3704625	[INFO]	XnProperty.cpp	101	Depth1.RegistrationType was successfully set.
 3705110	[INFO]	XnDeviceModule.cpp	431	Module 'Depth1' configuration was loaded from file.
 3705291	[INFO]	XnProperty.cpp	74	Setting Depth1.FPS to 30...
 3705309	[INFO]	XnProperty.cpp	86	Depth1.FPS value did not change.
 3705320	[INFO]	XnProperty.cpp	74	Setting Depth1.YRes to 480...
 3705336	[INFO]	XnProperty.cpp	151	Property Depth1.Resolution was changed to 1.
 3705349	[INFO]	XnProperty.cpp	151	Property Depth1.XRes was changed to 640.
 3705361	[INFO]	XnProperty.cpp	151	Property Depth1.RequiredDataSize was changed to 307200.
 3705376	[INFO]	XnProperty.cpp	151	Property Depth1.YRes was changed to 480.
 3705388	[INFO]	XnProperty.cpp	151	Property Depth1.RequiredDataSize was changed to 614400.
 3705402	[INFO]	XnProperty.cpp	101	Depth1.YRes was successfully set.
 3705414	[INFO]	XnProperty.cpp	74	Setting Depth1.XRes to 640...
 3705425	[INFO]	XnProperty.cpp	86	Depth1.XRes value did not change.
 3705466	[INFO]	XnProperty.cpp	74	Setting Depth1.Mirror to 1...
 3705480	[INFO]	XnProperty.cpp	151	Property Depth1.FirmwareMirror was changed to 1.
 3725727	[INFO]	XnProperty.cpp	151	Property Depth1.Mirror was changed to 1.
 3725751	[INFO]	XnProperty.cpp	101	Depth1.Mirror was successfully set.
 5926175	[INFO]	XnOpenNI.cpp	1261	Creating node 'User1' of type User...
 5949005	[WARNING]	Linux-x86Threads.cpp	173	Failed to set thread priority: Invalid argument
 5949049	[WARNING]	XnUSBLinux-x86.cpp	126	USB events thread: Failed to set thread priority to critical. This might cause loss of data...
 5949999	[INFO]	XnUSBLinux-x86.cpp	1222	USB read thread was started.
 5950032	[INFO]	XnProperty.cpp	151	Property Depth1.ActualReadData was changed to 1.
 6420754	[INFO]	XnProperty.cpp	151	Property Depth1.State was changed to 1.
 6420795	[INFO]	XnDeviceBase.cpp	370	Stream Depth1 is open.
 9232403	[INFO]	XnOpenNI.cpp	1261	Creating node 'Image1' of type Image...
 9232452	[INFO]	XnDeviceBase.cpp	1383	Creating stream 'Image1' of type 'Image'...
 9232629	[INFO]	XnProperty.cpp	151	Property Image1.Resolution was changed to 0.
 9232648	[INFO]	XnProperty.cpp	151	Property Image1.XRes was changed to 320.
 9232661	[INFO]	XnProperty.cpp	151	Property Image1.YRes was changed to 240.
 9232672	[INFO]	XnProperty.cpp	151	Property Image1.FPS was changed to 30.
 9232683	[INFO]	XnProperty.cpp	151	Property Image1.OutputFormat was changed to 5.
 9232694	[INFO]	XnProperty.cpp	151	Property Image1.BytesPerPixel was changed to 3.
 9232705	[INFO]	XnProperty.cpp	151	Property Image1.RequiredDataSize was changed to 230400.
 9232733	[INFO]	XnDeviceBase.cpp	1458	Stream 'Image1' was initialized.
 9232749	[INFO]	XnDeviceBase.cpp	1463	'Image1' stream was created.
 9232855	[INFO]	XnProperty.cpp	74	Setting Image1.InputFormat to 6...
 9232879	[INFO]	XnProperty.cpp	151	Property Image1.InputFormat was changed to 6.
 9232899	[INFO]	XnProperty.cpp	101	Image1.InputFormat was successfully set.
 9233423	[INFO]	XnDeviceModule.cpp	431	Module 'Image1' configuration was loaded from file.
 9233536	[INFO]	XnProperty.cpp	74	Setting Image1.FPS to 30...
 9233555	[INFO]	XnProperty.cpp	86	Image1.FPS value did not change.
 9233569	[INFO]	XnProperty.cpp	74	Setting Image1.YRes to 480...
 9233585	[INFO]	XnProperty.cpp	151	Property Image1.Resolution was changed to 1.
 9233600	[INFO]	XnProperty.cpp	151	Property Image1.XRes was changed to 640.
 9233615	[INFO]	XnProperty.cpp	151	Property Image1.RequiredDataSize was changed to 460800.
 9233632	[INFO]	XnProperty.cpp	151	Property Image1.YRes was changed to 480.
 9233647	[INFO]	XnProperty.cpp	151	Property Image1.RequiredDataSize was changed to 921600.
 9233663	[INFO]	XnProperty.cpp	101	Image1.YRes was successfully set.
 9233679	[INFO]	XnProperty.cpp	74	Setting Image1.XRes to 640...
 9233692	[INFO]	XnProperty.cpp	86	Image1.XRes value did not change.
 9234745	[INFO]	XnUSBLinux-x86.cpp	1222	USB read thread was started.
 9234796	[INFO]	XnProperty.cpp	151	Property Image1.ActualReadData was changed to 1.
 9422184	[WARNING]	XnDepthProcessor.cpp	133	Read: Depth buffer is corrupt. Size is 506832 (!= 614400)
 9422234	[WARNING]	XnFrameStreamProcessor.cpp	132	Depth frame is corrupt!
12322317	[WARNING]	XnDepthProcessor.cpp	133	Read: Depth buffer is corrupt. Size is 564016 (!= 614400)
12322361	[WARNING]	XnFrameStreamProcessor.cpp	132	Depth frame is corrupt!
12435677	[INFO]	XnProperty.cpp	151	Property Image1.State was changed to 1.
12435721	[INFO]	XnDeviceBase.cpp	370	Stream Image1 is open.
12435910	[INFO]	XnProperty.cpp	74	Setting Depth1.Registration to 1...
12458230	[WARNING]	XnDepthProcessor.cpp	133	Read: Depth buffer is corrupt. Size is 585296 (!= 614400)
12458293	[WARNING]	XnFrameStreamProcessor.cpp	132	Depth frame is corrupt!
12587459	[INFO]	XnProperty.cpp	151	Property Depth1.Registration was changed to 1.
12587504	[INFO]	XnProperty.cpp	101	Depth1.Registration was successfully set.
12587559	[INFO]	XnProperty.cpp	74	Setting Image1.Mirror to 1...
12599839	[INFO]	XnProperty.cpp	151	Property Image1.FirmwareMirror was changed to 1.
12599883	[INFO]	XnProperty.cpp	151	Property Image1.Mirror was changed to 1.
12599896	[INFO]	XnProperty.cpp	101	Image1.Mirror was successfully set.
35260320	[INFO]	XnOpenNI.cpp	1459	Destroying node 'User1'
35268158	[INFO]	XnOpenNI.cpp	1459	Destroying node 'Depth1'
35268253	[INFO]	XnDeviceBase.cpp	1507	Destroying stream 'Depth1'...
35269520	[INFO]	XnOpenNI.cpp	1459	Destroying node 'Image1'
35269582	[INFO]	XnDeviceBase.cpp	1507	Destroying stream 'Image1'...
35270365	[INFO]	XnOpenNI.cpp	1459	Destroying node 'Device1'
