    1336	[INFO]	XnLog.cpp	165	OpenNI version is 1.0.0 (Build 25)-MacOSX (Jan  7 2011 14:20:18)
    1368	[INFO]	XnLog.cpp	173	Log system initialized. Console: 1, File: 1, Severity: INFO, Masks: ALL
    1392	[INFO]	XnLog.cpp	173	Log system initialized. Console: 1, File: 1, Severity: INFO, Masks: ALL
    2525	[INFO]	XnUSBLinux-x86.cpp	98	USB is initialized.
 1969357	[INFO]	XnOpenNI.cpp	1261	Creating node 'Device1' of type Device...
 1970121	[INFO]	XnDeviceModule.cpp	431	Module 'Device' configuration was loaded from file.
 2234645	[INFO]	XnDeviceSensorIO.cpp	135	Connected to USB device
 2234698	[INFO]	XnProperty.cpp	151	Property Device.USBPath was changed to 045e/02ae@250/10.
 2242026	[INFO]	XnHostProtocol.cpp	825	Hardware versions: FW=5.1.4 (7) HW=4 Chip=2 Sensor=4 SYS=7
 3757297	[INFO]	XnProperty.cpp	151	Property Device.ID was changed to 0.
 3757357	[INFO]	XnSensor.cpp	182	Device sensor initialized
 3757447	[INFO]	XnOpenNI.cpp	1261	Creating node 'Depth1' of type Depth...
 3757499	[INFO]	XnDeviceBase.cpp	1383	Creating stream 'Depth1' of type 'Depth'...
 3757525	[INFO]	XnProperty.cpp	74	Setting Device.ReadData to 1...
 3757567	[INFO]	XnDeviceSensorIO.cpp	298	Endpoints open
 3769566	[INFO]	XnProperty.cpp	151	Property Device.ReadData was changed to 1.
 3769604	[INFO]	XnProperty.cpp	101	Device.ReadData was successfully set.
 3770064	[INFO]	XnProperty.cpp	151	Property Depth1.Resolution was changed to 0.
 3770093	[INFO]	XnProperty.cpp	151	Property Depth1.XRes was changed to 320.
 3770114	[INFO]	XnProperty.cpp	151	Property Depth1.YRes was changed to 240.
 3770135	[INFO]	XnProperty.cpp	151	Property Depth1.FPS was changed to 30.
 3770155	[INFO]	XnProperty.cpp	151	Property Depth1.OutputFormat was changed to 1.
 3770175	[INFO]	XnProperty.cpp	151	Property Depth1.BytesPerPixel was changed to 2.
 3770196	[INFO]	XnProperty.cpp	151	Property Depth1.RequiredDataSize was changed to 153600.
 3770221	[INFO]	XnProperty.cpp	151	Property Depth1.ParamCoeff was changed to 4.
 3770298	[INFO]	XnProperty.cpp	151	Property Depth1.ShiftScale was changed to 10.
 3782614	[INFO]	XnProperty.cpp	151	Property Depth1.ConstShift was changed to 200.
 3782748	[INFO]	XnProperty.cpp	151	Property Depth1.ZPD was changed to 120.
 3782848	[INFO]	XnProperty.cpp	151	Property Depth1.ZPPS was changed to 0.104200.
 3782863	[INFO]	XnProperty.cpp	151	Property Depth1.LDDIS was changed to 7.500000.
 3782950	[INFO]	XnProperty.cpp	151	Property Depth1.Gain was changed to 30.
 3782981	[INFO]	XnDeviceBase.cpp	1458	Stream 'Depth1' was initialized.
 3782995	[INFO]	XnDeviceBase.cpp	1463	'Depth1' stream was created.
 3783155	[INFO]	XnProperty.cpp	74	Setting Depth1.InputFormat to 3...
 3783177	[INFO]	XnProperty.cpp	151	Property Depth1.InputFormat was changed to 3.
 3783190	[INFO]	XnProperty.cpp	101	Depth1.InputFormat was successfully set.
 3783619	[INFO]	XnProperty.cpp	74	Setting Depth1.RegistrationType to 2...
 3783636	[INFO]	XnProperty.cpp	151	Property Depth1.RegistrationType was changed to 2.
 3783648	[INFO]	XnProperty.cpp	101	Depth1.RegistrationType was successfully set.
 3784113	[INFO]	XnDeviceModule.cpp	431	Module 'Depth1' configuration was loaded from file.
 3784293	[INFO]	XnProperty.cpp	74	Setting Depth1.FPS to 30...
 3784310	[INFO]	XnProperty.cpp	86	Depth1.FPS value did not change.
 3784322	[INFO]	XnProperty.cpp	74	Setting Depth1.YRes to 480...
 3784337	[INFO]	XnProperty.cpp	151	Property Depth1.Resolution was changed to 1.
 3784350	[INFO]	XnProperty.cpp	151	Property Depth1.XRes was changed to 640.
 3784362	[INFO]	XnProperty.cpp	151	Property Depth1.RequiredDataSize was changed to 307200.
 3784376	[INFO]	XnProperty.cpp	151	Property Depth1.YRes was changed to 480.
 3784387	[INFO]	XnProperty.cpp	151	Property Depth1.RequiredDataSize was changed to 614400.
 3784399	[INFO]	XnProperty.cpp	101	Depth1.YRes was successfully set.
 3784412	[INFO]	XnProperty.cpp	74	Setting Depth1.XRes to 640...
 3784423	[INFO]	XnProperty.cpp	86	Depth1.XRes value did not change.
 3784465	[INFO]	XnProperty.cpp	74	Setting Depth1.Mirror to 1...
 3784480	[INFO]	XnProperty.cpp	151	Property Depth1.FirmwareMirror was changed to 1.
 3784524	[INFO]	XnProperty.cpp	151	Property Depth1.Mirror was changed to 1.
 3784535	[INFO]	XnProperty.cpp	101	Depth1.Mirror was successfully set.
 4883452	[INFO]	XnOpenNI.cpp	1261	Creating node 'User1' of type User...
 4909262	[WARNING]	Linux-x86Threads.cpp	173	Failed to set thread priority: Invalid argument
 4909308	[WARNING]	XnUSBLinux-x86.cpp	126	USB events thread: Failed to set thread priority to critical. This might cause loss of data...
 4910117	[INFO]	XnUSBLinux-x86.cpp	1222	USB read thread was started.
 4910144	[INFO]	XnProperty.cpp	151	Property Depth1.ActualReadData was changed to 1.
 5381664	[INFO]	XnProperty.cpp	151	Property Depth1.State was changed to 1.
 5381712	[INFO]	XnDeviceBase.cpp	370	Stream Depth1 is open.
 6482162	[INFO]	XnOpenNI.cpp	1261	Creating node 'Image1' of type Image...
 6482218	[INFO]	XnDeviceBase.cpp	1383	Creating stream 'Image1' of type 'Image'...
 6482505	[INFO]	XnProperty.cpp	151	Property Image1.Resolution was changed to 0.
 6482550	[INFO]	XnProperty.cpp	151	Property Image1.XRes was changed to 320.
 6482586	[INFO]	XnProperty.cpp	151	Property Image1.YRes was changed to 240.
 6482622	[INFO]	XnProperty.cpp	151	Property Image1.FPS was changed to 30.
 6482654	[INFO]	XnProperty.cpp	151	Property Image1.OutputFormat was changed to 5.
 6482688	[INFO]	XnProperty.cpp	151	Property Image1.BytesPerPixel was changed to 3.
 6482723	[INFO]	XnProperty.cpp	151	Property Image1.RequiredDataSize was changed to 230400.
 6482779	[INFO]	XnDeviceBase.cpp	1458	Stream 'Image1' was initialized.
 6482798	[INFO]	XnDeviceBase.cpp	1463	'Image1' stream was created.
 6482918	[INFO]	XnProperty.cpp	74	Setting Image1.InputFormat to 6...
 6482943	[INFO]	XnProperty.cpp	151	Property Image1.InputFormat was changed to 6.
 6482961	[INFO]	XnProperty.cpp	101	Image1.InputFormat was successfully set.
 6483399	[INFO]	XnDeviceModule.cpp	431	Module 'Image1' configuration was loaded from file.
 6483490	[INFO]	XnProperty.cpp	74	Setting Image1.FPS to 30...
 6483506	[INFO]	XnProperty.cpp	86	Image1.FPS value did not change.
 6483518	[INFO]	XnProperty.cpp	74	Setting Image1.YRes to 480...
 6483530	[INFO]	XnProperty.cpp	151	Property Image1.Resolution was changed to 1.
 6483542	[INFO]	XnProperty.cpp	151	Property Image1.XRes was changed to 640.
 6483554	[INFO]	XnProperty.cpp	151	Property Image1.RequiredDataSize was changed to 460800.
 6483567	[INFO]	XnProperty.cpp	151	Property Image1.YRes was changed to 480.
 6483579	[INFO]	XnProperty.cpp	151	Property Image1.RequiredDataSize was changed to 921600.
 6483592	[INFO]	XnProperty.cpp	101	Image1.YRes was successfully set.
 6483605	[INFO]	XnProperty.cpp	74	Setting Image1.XRes to 640...
 6483615	[INFO]	XnProperty.cpp	86	Image1.XRes value did not change.
 6484483	[INFO]	XnUSBLinux-x86.cpp	1222	USB read thread was started.
 6484526	[INFO]	XnProperty.cpp	151	Property Image1.ActualReadData was changed to 1.
 6650123	[WARNING]	XnFrameStreamProcessor.cpp	140	Depth Frame Buffer overflow! current size: 612768
 6650175	[WARNING]	XnFrameStreamProcessor.cpp	132	Depth frame is corrupt!
 6678099	[WARNING]	XnDepthProcessor.cpp	133	Read: Depth buffer is corrupt. Size is 612768 (!= 614400)
 9684979	[INFO]	XnProperty.cpp	151	Property Image1.State was changed to 1.
 9685023	[INFO]	XnDeviceBase.cpp	370	Stream Image1 is open.
 9685191	[INFO]	XnProperty.cpp	74	Setting Depth1.Registration to 1...
 9836993	[INFO]	XnProperty.cpp	151	Property Depth1.Registration was changed to 1.
 9837045	[INFO]	XnProperty.cpp	101	Depth1.Registration was successfully set.
 9837093	[INFO]	XnProperty.cpp	74	Setting Image1.Mirror to 1...
 9849643	[INFO]	XnProperty.cpp	151	Property Image1.FirmwareMirror was changed to 1.
 9849688	[INFO]	XnProperty.cpp	151	Property Image1.Mirror was changed to 1.
 9849701	[INFO]	XnProperty.cpp	101	Image1.Mirror was successfully set.
117378043	[INFO]	XnOpenNI.cpp	1459	Destroying node 'User1'
117385284	[INFO]	XnOpenNI.cpp	1459	Destroying node 'Depth1'
117385375	[INFO]	XnDeviceBase.cpp	1507	Destroying stream 'Depth1'...
117386986	[INFO]	XnOpenNI.cpp	1459	Destroying node 'Image1'
117387059	[INFO]	XnDeviceBase.cpp	1507	Destroying stream 'Image1'...
117388144	[INFO]	XnOpenNI.cpp	1459	Destroying node 'Device1'
