    1467	[INFO]	XnLog.cpp	165	OpenNI version is 1.0.0 (Build 25)-MacOSX (Jan  7 2011 14:20:18)
    1512	[INFO]	XnLog.cpp	173	Log system initialized. Console: 1, File: 1, Severity: INFO, Masks: ALL
    1536	[INFO]	XnLog.cpp	173	Log system initialized. Console: 1, File: 1, Severity: INFO, Masks: ALL
    2648	[INFO]	XnUSBLinux-x86.cpp	98	USB is initialized.
 2362749	[INFO]	XnOpenNI.cpp	1261	Creating node 'Device1' of type Device...
 2363529	[INFO]	XnDeviceModule.cpp	431	Module 'Device' configuration was loaded from file.
 2623748	[INFO]	XnDeviceSensorIO.cpp	135	Connected to USB device
 2623792	[INFO]	XnProperty.cpp	151	Property Device.USBPath was changed to 045e/02ae@253/8.
 2630989	[INFO]	XnHostProtocol.cpp	825	Hardware versions: FW=5.1.4 (7) HW=4 Chip=2 Sensor=4 SYS=7
 4041658	[INFO]	XnProperty.cpp	151	Property Device.ID was changed to 0.
 4041712	[INFO]	XnSensor.cpp	182	Device sensor initialized
 4041794	[INFO]	XnOpenNI.cpp	1261	Creating node 'Depth1' of type Depth...
 4041835	[INFO]	XnDeviceBase.cpp	1383	Creating stream 'Depth1' of type 'Depth'...
 4041861	[INFO]	XnProperty.cpp	74	Setting Device.ReadData to 1...
 4041902	[INFO]	XnDeviceSensorIO.cpp	298	Endpoints open
 4054320	[INFO]	XnProperty.cpp	151	Property Device.ReadData was changed to 1.
 4054359	[INFO]	XnProperty.cpp	101	Device.ReadData was successfully set.
 4054758	[INFO]	XnProperty.cpp	151	Property Depth1.Resolution was changed to 0.
 4054783	[INFO]	XnProperty.cpp	151	Property Depth1.XRes was changed to 320.
 4054806	[INFO]	XnProperty.cpp	151	Property Depth1.YRes was changed to 240.
 4054824	[INFO]	XnProperty.cpp	151	Property Depth1.FPS was changed to 30.
 4054840	[INFO]	XnProperty.cpp	151	Property Depth1.OutputFormat was changed to 1.
 4054857	[INFO]	XnProperty.cpp	151	Property Depth1.BytesPerPixel was changed to 2.
 4054875	[INFO]	XnProperty.cpp	151	Property Depth1.RequiredDataSize was changed to 153600.
 4054897	[INFO]	XnProperty.cpp	151	Property Depth1.ParamCoeff was changed to 4.
 4054972	[INFO]	XnProperty.cpp	151	Property Depth1.ShiftScale was changed to 10.
 4067171	[INFO]	XnProperty.cpp	151	Property Depth1.ConstShift was changed to 200.
 4067269	[INFO]	XnProperty.cpp	151	Property Depth1.ZPD was changed to 120.
 4067382	[INFO]	XnProperty.cpp	151	Property Depth1.ZPPS was changed to 0.104200.
 4067408	[INFO]	XnProperty.cpp	151	Property Depth1.LDDIS was changed to 7.500000.
 4067526	[INFO]	XnProperty.cpp	151	Property Depth1.Gain was changed to 30.
 4067574	[INFO]	XnDeviceBase.cpp	1458	Stream 'Depth1' was initialized.
 4067599	[INFO]	XnDeviceBase.cpp	1463	'Depth1' stream was created.
 4067800	[INFO]	XnProperty.cpp	74	Setting Depth1.InputFormat to 3...
 4067831	[INFO]	XnProperty.cpp	151	Property Depth1.InputFormat was changed to 3.
 4067852	[INFO]	XnProperty.cpp	101	Depth1.InputFormat was successfully set.
 4068543	[INFO]	XnProperty.cpp	74	Setting Depth1.RegistrationType to 2...
 4068573	[INFO]	XnProperty.cpp	151	Property Depth1.RegistrationType was changed to 2.
 4068595	[INFO]	XnProperty.cpp	101	Depth1.RegistrationType was successfully set.
 4069263	[INFO]	XnDeviceModule.cpp	431	Module 'Depth1' configuration was loaded from file.
 4069517	[INFO]	XnProperty.cpp	74	Setting Depth1.FPS to 30...
 4069545	[INFO]	XnProperty.cpp	86	Depth1.FPS value did not change.
 4069565	[INFO]	XnProperty.cpp	74	Setting Depth1.YRes to 480...
 4069587	[INFO]	XnProperty.cpp	151	Property Depth1.Resolution was changed to 1.
 4069607	[INFO]	XnProperty.cpp	151	Property Depth1.XRes was changed to 640.
 4069625	[INFO]	XnProperty.cpp	151	Property Depth1.RequiredDataSize was changed to 307200.
 4069648	[INFO]	XnProperty.cpp	151	Property Depth1.YRes was changed to 480.
 4069668	[INFO]	XnProperty.cpp	151	Property Depth1.RequiredDataSize was changed to 614400.
 4069687	[INFO]	XnProperty.cpp	101	Depth1.YRes was successfully set.
 4069706	[INFO]	XnProperty.cpp	74	Setting Depth1.XRes to 640...
 4069721	[INFO]	XnProperty.cpp	86	Depth1.XRes value did not change.
 4069777	[INFO]	XnProperty.cpp	74	Setting Depth1.Mirror to 1...
 4069801	[INFO]	XnProperty.cpp	151	Property Depth1.FirmwareMirror was changed to 1.
 4069861	[INFO]	XnProperty.cpp	151	Property Depth1.Mirror was changed to 1.
 4069882	[INFO]	XnProperty.cpp	101	Depth1.Mirror was successfully set.
 6276506	[INFO]	XnOpenNI.cpp	1261	Creating node 'User1' of type User...
 6300779	[WARNING]	Linux-x86Threads.cpp	173	Failed to set thread priority: Invalid argument
 6300824	[WARNING]	XnUSBLinux-x86.cpp	126	USB events thread: Failed to set thread priority to critical. This might cause loss of data...
 6301633	[INFO]	XnUSBLinux-x86.cpp	1222	USB read thread was started.
 6301717	[INFO]	XnProperty.cpp	151	Property Depth1.ActualReadData was changed to 1.
 6772016	[INFO]	XnProperty.cpp	151	Property Depth1.State was changed to 1.
 6772048	[INFO]	XnDeviceBase.cpp	370	Stream Depth1 is open.
 8069155	[WARNING]	XnDepthProcessor.cpp	133	Read: Depth buffer is corrupt. Size is 601616 (!= 614400)
 8069198	[WARNING]	XnFrameStreamProcessor.cpp	132	Depth frame is corrupt!
 9269983	[INFO]	XnOpenNI.cpp	1261	Creating node 'Image1' of type Image...
 9270037	[INFO]	XnDeviceBase.cpp	1383	Creating stream 'Image1' of type 'Image'...
 9270205	[INFO]	XnProperty.cpp	151	Property Image1.Resolution was changed to 0.
 9270232	[INFO]	XnProperty.cpp	151	Property Image1.XRes was changed to 320.
 9270252	[INFO]	XnProperty.cpp	151	Property Image1.YRes was changed to 240.
 9270273	[INFO]	XnProperty.cpp	151	Property Image1.FPS was changed to 30.
 9270292	[INFO]	XnProperty.cpp	151	Property Image1.OutputFormat was changed to 5.
 9270310	[INFO]	XnProperty.cpp	151	Property Image1.BytesPerPixel was changed to 3.
 9270329	[INFO]	XnProperty.cpp	151	Property Image1.RequiredDataSize was changed to 230400.
 9270367	[INFO]	XnDeviceBase.cpp	1458	Stream 'Image1' was initialized.
 9270387	[INFO]	XnDeviceBase.cpp	1463	'Image1' stream was created.
 9270496	[INFO]	XnProperty.cpp	74	Setting Image1.InputFormat to 6...
 9270521	[INFO]	XnProperty.cpp	151	Property Image1.InputFormat was changed to 6.
 9270540	[INFO]	XnProperty.cpp	101	Image1.InputFormat was successfully set.
 9270963	[INFO]	XnDeviceModule.cpp	431	Module 'Image1' configuration was loaded from file.
 9271056	[INFO]	XnProperty.cpp	74	Setting Image1.FPS to 30...
 9271079	[INFO]	XnProperty.cpp	101	Image1.FPS was successfully set.
 9271098	[INFO]	XnProperty.cpp	74	Setting Image1.YRes to 480...
 9271116	[INFO]	XnProperty.cpp	151	Property Image1.Resolution was changed to 1.
 9271134	[INFO]	XnProperty.cpp	151	Property Image1.XRes was changed to 640.
 9271151	[INFO]	XnProperty.cpp	151	Property Image1.RequiredDataSize was changed to 460800.
 9271171	[INFO]	XnProperty.cpp	151	Property Image1.YRes was changed to 480.
 9271188	[INFO]	XnProperty.cpp	151	Property Image1.RequiredDataSize was changed to 921600.
 9271206	[INFO]	XnProperty.cpp	101	Image1.YRes was successfully set.
 9271225	[INFO]	XnProperty.cpp	74	Setting Image1.XRes to 640...
 9271242	[INFO]	XnProperty.cpp	101	Image1.XRes was successfully set.
 9272124	[INFO]	XnUSBLinux-x86.cpp	1222	USB read thread was started.
 9272164	[INFO]	XnProperty.cpp	151	Property Image1.ActualReadData was changed to 1.
 9337175	[WARNING]	XnDepthProcessor.cpp	133	Read: Depth buffer is corrupt. Size is 594320 (!= 614400)
 9337217	[WARNING]	XnFrameStreamProcessor.cpp	132	Depth frame is corrupt!
 9437176	[WARNING]	XnDepthProcessor.cpp	133	Read: Depth buffer is corrupt. Size is 589392 (!= 614400)
 9437223	[WARNING]	XnFrameStreamProcessor.cpp	132	Depth frame is corrupt!
 9473132	[WARNING]	XnDepthProcessor.cpp	133	Read: Depth buffer is corrupt. Size is 571200 (!= 614400)
 9473178	[WARNING]	XnFrameStreamProcessor.cpp	132	Depth frame is corrupt!
12473218	[INFO]	XnProperty.cpp	151	Property Image1.State was changed to 1.
12473264	[INFO]	XnDeviceBase.cpp	370	Stream Image1 is open.
12473469	[INFO]	XnProperty.cpp	74	Setting Depth1.Registration to 1...
12480166	[WARNING]	XnFirmwareStreams.cpp	324	Unknown packet type (0x435f)!!!
12484156	[WARNING]	XnFirmwareStreams.cpp	324	Unknown packet type (0x435f)!!!
12509176	[WARNING]	XnDepthProcessor.cpp	133	Read: Depth buffer is corrupt. Size is 579648 (!= 614400)
12509220	[WARNING]	XnFrameStreamProcessor.cpp	132	Depth frame is corrupt!
12625005	[INFO]	XnProperty.cpp	151	Property Depth1.Registration was changed to 1.
12625058	[INFO]	XnProperty.cpp	101	Depth1.Registration was successfully set.
12625119	[INFO]	XnProperty.cpp	74	Setting Image1.Mirror to 1...
12637660	[INFO]	XnProperty.cpp	151	Property Image1.FirmwareMirror was changed to 1.
12637706	[INFO]	XnProperty.cpp	151	Property Image1.Mirror was changed to 1.
12637724	[INFO]	XnProperty.cpp	101	Image1.Mirror was successfully set.
62635932	[INFO]	XnOpenNI.cpp	1459	Destroying node 'User1'
62643652	[INFO]	XnOpenNI.cpp	1459	Destroying node 'Depth1'
62643741	[INFO]	XnDeviceBase.cpp	1507	Destroying stream 'Depth1'...
62645173	[INFO]	XnOpenNI.cpp	1459	Destroying node 'Image1'
62645236	[INFO]	XnDeviceBase.cpp	1507	Destroying stream 'Image1'...
62646214	[INFO]	XnOpenNI.cpp	1459	Destroying node 'Device1'
