    1378	[INFO]	XnLog.cpp	165	OpenNI version is 1.0.0 (Build 25)-MacOSX (Jan  7 2011 14:20:18)
    1421	[INFO]	XnLog.cpp	173	Log system initialized. Console: 1, File: 1, Severity: INFO, Masks: ALL
    1445	[INFO]	XnLog.cpp	173	Log system initialized. Console: 1, File: 1, Severity: INFO, Masks: ALL
    2550	[INFO]	XnUSBLinux-x86.cpp	98	USB is initialized.
 2367213	[INFO]	XnOpenNI.cpp	1261	Creating node 'Device1' of type Device...
 2368234	[INFO]	XnDeviceModule.cpp	431	Module 'Device' configuration was loaded from file.
 2628681	[INFO]	XnDeviceSensorIO.cpp	135	Connected to USB device
 2628727	[INFO]	XnProperty.cpp	151	Property Device.USBPath was changed to 045e/02ae@253/8.
 2635907	[INFO]	XnHostProtocol.cpp	825	Hardware versions: FW=5.1.4 (7) HW=4 Chip=2 Sensor=4 SYS=7
 4048948	[INFO]	XnProperty.cpp	151	Property Device.ID was changed to 0.
 4049010	[INFO]	XnSensor.cpp	182	Device sensor initialized
 4049109	[INFO]	XnOpenNI.cpp	1261	Creating node 'Depth1' of type Depth...
 4049160	[INFO]	XnDeviceBase.cpp	1383	Creating stream 'Depth1' of type 'Depth'...
 4049181	[INFO]	XnProperty.cpp	74	Setting Device.ReadData to 1...
 4049212	[INFO]	XnDeviceSensorIO.cpp	298	Endpoints open
 4061817	[INFO]	XnProperty.cpp	151	Property Device.ReadData was changed to 1.
 4061855	[INFO]	XnProperty.cpp	101	Device.ReadData was successfully set.
 4062201	[INFO]	XnProperty.cpp	151	Property Depth1.Resolution was changed to 0.
 4062221	[INFO]	XnProperty.cpp	151	Property Depth1.XRes was changed to 320.
 4062233	[INFO]	XnProperty.cpp	151	Property Depth1.YRes was changed to 240.
 4062245	[INFO]	XnProperty.cpp	151	Property Depth1.FPS was changed to 30.
 4062256	[INFO]	XnProperty.cpp	151	Property Depth1.OutputFormat was changed to 1.
 4062267	[INFO]	XnProperty.cpp	151	Property Depth1.BytesPerPixel was changed to 2.
 4062279	[INFO]	XnProperty.cpp	151	Property Depth1.RequiredDataSize was changed to 153600.
 4062294	[INFO]	XnProperty.cpp	151	Property Depth1.ParamCoeff was changed to 4.
 4062353	[INFO]	XnProperty.cpp	151	Property Depth1.ShiftScale was changed to 10.
 4074406	[INFO]	XnProperty.cpp	151	Property Depth1.ConstShift was changed to 200.
 4074490	[INFO]	XnProperty.cpp	151	Property Depth1.ZPD was changed to 120.
 4074599	[INFO]	XnProperty.cpp	151	Property Depth1.ZPPS was changed to 0.104200.
 4074626	[INFO]	XnProperty.cpp	151	Property Depth1.LDDIS was changed to 7.500000.
 4074759	[INFO]	XnProperty.cpp	151	Property Depth1.Gain was changed to 30.
 4074803	[INFO]	XnDeviceBase.cpp	1458	Stream 'Depth1' was initialized.
 4074827	[INFO]	XnDeviceBase.cpp	1463	'Depth1' stream was created.
 4075034	[INFO]	XnProperty.cpp	74	Setting Depth1.InputFormat to 3...
 4075066	[INFO]	XnProperty.cpp	151	Property Depth1.InputFormat was changed to 3.
 4075087	[INFO]	XnProperty.cpp	101	Depth1.InputFormat was successfully set.
 4075781	[INFO]	XnProperty.cpp	74	Setting Depth1.RegistrationType to 2...
 4075807	[INFO]	XnProperty.cpp	151	Property Depth1.RegistrationType was changed to 2.
 4075830	[INFO]	XnProperty.cpp	101	Depth1.RegistrationType was successfully set.
 4076553	[INFO]	XnDeviceModule.cpp	431	Module 'Depth1' configuration was loaded from file.
 4076784	[INFO]	XnProperty.cpp	74	Setting Depth1.FPS to 30...
 4076809	[INFO]	XnProperty.cpp	86	Depth1.FPS value did not change.
 4076829	[INFO]	XnProperty.cpp	74	Setting Depth1.YRes to 480...
 4076852	[INFO]	XnProperty.cpp	151	Property Depth1.Resolution was changed to 1.
 4076876	[INFO]	XnProperty.cpp	151	Property Depth1.XRes was changed to 640.
 4076897	[INFO]	XnProperty.cpp	151	Property Depth1.RequiredDataSize was changed to 307200.
 4076919	[INFO]	XnProperty.cpp	151	Property Depth1.YRes was changed to 480.
 4076942	[INFO]	XnProperty.cpp	151	Property Depth1.RequiredDataSize was changed to 614400.
 4076964	[INFO]	XnProperty.cpp	101	Depth1.YRes was successfully set.
 4076985	[INFO]	XnProperty.cpp	74	Setting Depth1.XRes to 640...
 4077004	[INFO]	XnProperty.cpp	86	Depth1.XRes value did not change.
 4077076	[INFO]	XnProperty.cpp	74	Setting Depth1.Mirror to 1...
 4077103	[INFO]	XnProperty.cpp	151	Property Depth1.FirmwareMirror was changed to 1.
 4077167	[INFO]	XnProperty.cpp	151	Property Depth1.Mirror was changed to 1.
 4077190	[INFO]	XnProperty.cpp	101	Depth1.Mirror was successfully set.
 6488735	[INFO]	XnOpenNI.cpp	1261	Creating node 'User1' of type User...
 6512160	[WARNING]	Linux-x86Threads.cpp	173	Failed to set thread priority: Invalid argument
 6512202	[WARNING]	XnUSBLinux-x86.cpp	126	USB events thread: Failed to set thread priority to critical. This might cause loss of data...
 6512926	[INFO]	XnUSBLinux-x86.cpp	1222	USB read thread was started.
 6512950	[INFO]	XnProperty.cpp	151	Property Depth1.ActualReadData was changed to 1.
 6983563	[INFO]	XnProperty.cpp	151	Property Depth1.State was changed to 1.
 6983604	[INFO]	XnDeviceBase.cpp	370	Stream Depth1 is open.
 9797506	[INFO]	XnOpenNI.cpp	1261	Creating node 'Image1' of type Image...
 9797555	[INFO]	XnDeviceBase.cpp	1383	Creating stream 'Image1' of type 'Image'...
 9797737	[INFO]	XnProperty.cpp	151	Property Image1.Resolution was changed to 0.
 9797757	[INFO]	XnProperty.cpp	151	Property Image1.XRes was changed to 320.
 9797769	[INFO]	XnProperty.cpp	151	Property Image1.YRes was changed to 240.
 9797781	[INFO]	XnProperty.cpp	151	Property Image1.FPS was changed to 30.
 9797792	[INFO]	XnProperty.cpp	151	Property Image1.OutputFormat was changed to 5.
 9797803	[INFO]	XnProperty.cpp	151	Property Image1.BytesPerPixel was changed to 3.
 9797814	[INFO]	XnProperty.cpp	151	Property Image1.RequiredDataSize was changed to 230400.
 9797841	[INFO]	XnDeviceBase.cpp	1458	Stream 'Image1' was initialized.
 9797854	[INFO]	XnDeviceBase.cpp	1463	'Image1' stream was created.
 9797957	[INFO]	XnProperty.cpp	74	Setting Image1.InputFormat to 6...
 9797977	[INFO]	XnProperty.cpp	151	Property Image1.InputFormat was changed to 6.
 9797990	[INFO]	XnProperty.cpp	101	Image1.InputFormat was successfully set.
 9798403	[INFO]	XnDeviceModule.cpp	431	Module 'Image1' configuration was loaded from file.
 9798490	[INFO]	XnProperty.cpp	74	Setting Image1.FPS to 30...
 9798506	[INFO]	XnProperty.cpp	86	Image1.FPS value did not change.
 9798518	[INFO]	XnProperty.cpp	74	Setting Image1.YRes to 480...
 9798536	[INFO]	XnProperty.cpp	151	Property Image1.Resolution was changed to 1.
 9798555	[INFO]	XnProperty.cpp	151	Property Image1.XRes was changed to 640.
 9798570	[INFO]	XnProperty.cpp	151	Property Image1.RequiredDataSize was changed to 460800.
 9798584	[INFO]	XnProperty.cpp	151	Property Image1.YRes was changed to 480.
 9798596	[INFO]	XnProperty.cpp	151	Property Image1.RequiredDataSize was changed to 921600.
 9798608	[INFO]	XnProperty.cpp	101	Image1.YRes was successfully set.
 9798620	[INFO]	XnProperty.cpp	74	Setting Image1.XRes to 640...
 9798631	[INFO]	XnProperty.cpp	86	Image1.XRes value did not change.
 9799511	[INFO]	XnUSBLinux-x86.cpp	1222	USB read thread was started.
 9799557	[INFO]	XnProperty.cpp	151	Property Image1.ActualReadData was changed to 1.
 9984603	[WARNING]	XnDepthProcessor.cpp	133	Read: Depth buffer is corrupt. Size is 540928 (!= 614400)
 9984680	[WARNING]	XnFrameStreamProcessor.cpp	132	Depth frame is corrupt!
10016631	[WARNING]	XnDepthProcessor.cpp	133	Read: Depth buffer is corrupt. Size is 600032 (!= 614400)
10016677	[WARNING]	XnFrameStreamProcessor.cpp	132	Depth frame is corrupt!
12884756	[WARNING]	XnDepthProcessor.cpp	133	Read: Depth buffer is corrupt. Size is 591200 (!= 614400)
12884807	[WARNING]	XnFrameStreamProcessor.cpp	132	Depth frame is corrupt!
13000143	[INFO]	XnProperty.cpp	151	Property Image1.State was changed to 1.
13000185	[INFO]	XnDeviceBase.cpp	370	Stream Image1 is open.
13000353	[INFO]	XnProperty.cpp	74	Setting Depth1.Registration to 1...
13052728	[WARNING]	XnDepthProcessor.cpp	133	Read: Depth buffer is corrupt. Size is 586848 (!= 614400)
13052775	[WARNING]	XnFrameStreamProcessor.cpp	132	Depth frame is corrupt!
13151642	[INFO]	XnProperty.cpp	151	Property Depth1.Registration was changed to 1.
13151688	[INFO]	XnProperty.cpp	101	Depth1.Registration was successfully set.
13151747	[INFO]	XnProperty.cpp	74	Setting Image1.Mirror to 1...
13163924	[INFO]	XnProperty.cpp	151	Property Image1.FirmwareMirror was changed to 1.
13164005	[INFO]	XnProperty.cpp	151	Property Image1.Mirror was changed to 1.
13164018	[INFO]	XnProperty.cpp	101	Image1.Mirror was successfully set.
20347668	[INFO]	XnOpenNI.cpp	1459	Destroying node 'User1'
20357329	[INFO]	XnOpenNI.cpp	1459	Destroying node 'Depth1'
20357425	[INFO]	XnDeviceBase.cpp	1507	Destroying stream 'Depth1'...
20358866	[INFO]	XnOpenNI.cpp	1459	Destroying node 'Image1'
20358931	[INFO]	XnDeviceBase.cpp	1507	Destroying stream 'Image1'...
20359918	[INFO]	XnOpenNI.cpp	1459	Destroying node 'Device1'
