    1345	[INFO]	XnLog.cpp	165	OpenNI version is 1.0.0 (Build 25)-MacOSX (Jan  7 2011 14:20:18)
    1388	[INFO]	XnLog.cpp	173	Log system initialized. Console: 1, File: 1, Severity: INFO, Masks: ALL
    1411	[INFO]	XnLog.cpp	173	Log system initialized. Console: 1, File: 1, Severity: INFO, Masks: ALL
    2526	[INFO]	XnUSBLinux-x86.cpp	98	USB is initialized.
 2365800	[INFO]	XnOpenNI.cpp	1261	Creating node 'Device1' of type Device...
 2366731	[INFO]	XnDeviceModule.cpp	431	Module 'Device' configuration was loaded from file.
 2625666	[INFO]	XnDeviceSensorIO.cpp	135	Connected to USB device
 2625715	[INFO]	XnProperty.cpp	151	Property Device.USBPath was changed to 045e/02ae@253/8.
 2632894	[INFO]	XnHostProtocol.cpp	825	Hardware versions: FW=5.1.4 (7) HW=4 Chip=2 Sensor=4 SYS=7
 4045679	[INFO]	XnProperty.cpp	151	Property Device.ID was changed to 0.
 4045731	[INFO]	XnSensor.cpp	182	Device sensor initialized
 4045815	[INFO]	XnOpenNI.cpp	1261	Creating node 'Depth1' of type Depth...
 4045852	[INFO]	XnDeviceBase.cpp	1383	Creating stream 'Depth1' of type 'Depth'...
 4045869	[INFO]	XnProperty.cpp	74	Setting Device.ReadData to 1...
 4045899	[INFO]	XnDeviceSensorIO.cpp	298	Endpoints open
 4058208	[INFO]	XnProperty.cpp	151	Property Device.ReadData was changed to 1.
 4058247	[INFO]	XnProperty.cpp	101	Device.ReadData was successfully set.
 4058584	[INFO]	XnProperty.cpp	151	Property Depth1.Resolution was changed to 0.
 4058603	[INFO]	XnProperty.cpp	151	Property Depth1.XRes was changed to 320.
 4058616	[INFO]	XnProperty.cpp	151	Property Depth1.YRes was changed to 240.
 4058627	[INFO]	XnProperty.cpp	151	Property Depth1.FPS was changed to 30.
 4058638	[INFO]	XnProperty.cpp	151	Property Depth1.OutputFormat was changed to 1.
 4058650	[INFO]	XnProperty.cpp	151	Property Depth1.BytesPerPixel was changed to 2.
 4058662	[INFO]	XnProperty.cpp	151	Property Depth1.RequiredDataSize was changed to 153600.
 4058678	[INFO]	XnProperty.cpp	151	Property Depth1.ParamCoeff was changed to 4.
 4058736	[INFO]	XnProperty.cpp	151	Property Depth1.ShiftScale was changed to 10.
 4071205	[INFO]	XnProperty.cpp	151	Property Depth1.ConstShift was changed to 200.
 4071300	[INFO]	XnProperty.cpp	151	Property Depth1.ZPD was changed to 120.
 4071406	[INFO]	XnProperty.cpp	151	Property Depth1.ZPPS was changed to 0.104200.
 4071425	[INFO]	XnProperty.cpp	151	Property Depth1.LDDIS was changed to 7.500000.
 4071535	[INFO]	XnProperty.cpp	151	Property Depth1.Gain was changed to 30.
 4071574	[INFO]	XnDeviceBase.cpp	1458	Stream 'Depth1' was initialized.
 4071594	[INFO]	XnDeviceBase.cpp	1463	'Depth1' stream was created.
 4071752	[INFO]	XnProperty.cpp	74	Setting Depth1.InputFormat to 3...
 4071776	[INFO]	XnProperty.cpp	151	Property Depth1.InputFormat was changed to 3.
 4071795	[INFO]	XnProperty.cpp	101	Depth1.InputFormat was successfully set.
 4072247	[INFO]	XnProperty.cpp	74	Setting Depth1.RegistrationType to 2...
 4072268	[INFO]	XnProperty.cpp	151	Property Depth1.RegistrationType was changed to 2.
 4072286	[INFO]	XnProperty.cpp	101	Depth1.RegistrationType was successfully set.
 4072795	[INFO]	XnDeviceModule.cpp	431	Module 'Depth1' configuration was loaded from file.
 4072994	[INFO]	XnProperty.cpp	74	Setting Depth1.FPS to 30...
 4073016	[INFO]	XnProperty.cpp	86	Depth1.FPS value did not change.
 4073031	[INFO]	XnProperty.cpp	74	Setting Depth1.YRes to 480...
 4073052	[INFO]	XnProperty.cpp	151	Property Depth1.Resolution was changed to 1.
 4073070	[INFO]	XnProperty.cpp	151	Property Depth1.XRes was changed to 640.
 4073087	[INFO]	XnProperty.cpp	151	Property Depth1.RequiredDataSize was changed to 307200.
 4073105	[INFO]	XnProperty.cpp	151	Property Depth1.YRes was changed to 480.
 4073122	[INFO]	XnProperty.cpp	151	Property Depth1.RequiredDataSize was changed to 614400.
 4073139	[INFO]	XnProperty.cpp	101	Depth1.YRes was successfully set.
 4073155	[INFO]	XnProperty.cpp	74	Setting Depth1.XRes to 640...
 4073170	[INFO]	XnProperty.cpp	86	Depth1.XRes value did not change.
 4073225	[INFO]	XnProperty.cpp	74	Setting Depth1.Mirror to 1...
 4073245	[INFO]	XnProperty.cpp	151	Property Depth1.FirmwareMirror was changed to 1.
 4073299	[INFO]	XnProperty.cpp	151	Property Depth1.Mirror was changed to 1.
 4073311	[INFO]	XnProperty.cpp	101	Depth1.Mirror was successfully set.
 6069444	[INFO]	XnOpenNI.cpp	1261	Creating node 'User1' of type User...
 6092312	[WARNING]	Linux-x86Threads.cpp	173	Failed to set thread priority: Invalid argument
 6092356	[WARNING]	XnUSBLinux-x86.cpp	126	USB events thread: Failed to set thread priority to critical. This might cause loss of data...
 6093103	[INFO]	XnUSBLinux-x86.cpp	1222	USB read thread was started.
 6093131	[INFO]	XnProperty.cpp	151	Property Depth1.ActualReadData was changed to 1.
 6563435	[INFO]	XnProperty.cpp	151	Property Depth1.State was changed to 1.
 6563478	[INFO]	XnDeviceBase.cpp	370	Stream Depth1 is open.
 9376548	[INFO]	XnOpenNI.cpp	1261	Creating node 'Image1' of type Image...
 9376599	[INFO]	XnDeviceBase.cpp	1383	Creating stream 'Image1' of type 'Image'...
 9376774	[INFO]	XnProperty.cpp	151	Property Image1.Resolution was changed to 0.
 9376793	[INFO]	XnProperty.cpp	151	Property Image1.XRes was changed to 320.
 9376805	[INFO]	XnProperty.cpp	151	Property Image1.YRes was changed to 240.
 9376817	[INFO]	XnProperty.cpp	151	Property Image1.FPS was changed to 30.
 9376828	[INFO]	XnProperty.cpp	151	Property Image1.OutputFormat was changed to 5.
 9376839	[INFO]	XnProperty.cpp	151	Property Image1.BytesPerPixel was changed to 3.
 9376850	[INFO]	XnProperty.cpp	151	Property Image1.RequiredDataSize was changed to 230400.
 9376877	[INFO]	XnDeviceBase.cpp	1458	Stream 'Image1' was initialized.
 9376891	[INFO]	XnDeviceBase.cpp	1463	'Image1' stream was created.
 9376995	[INFO]	XnProperty.cpp	74	Setting Image1.InputFormat to 6...
 9377025	[INFO]	XnProperty.cpp	151	Property Image1.InputFormat was changed to 6.
 9377045	[INFO]	XnProperty.cpp	101	Image1.InputFormat was successfully set.
 9377550	[INFO]	XnDeviceModule.cpp	431	Module 'Image1' configuration was loaded from file.
 9377638	[INFO]	XnProperty.cpp	74	Setting Image1.FPS to 30...
 9377653	[INFO]	XnProperty.cpp	86	Image1.FPS value did not change.
 9377665	[INFO]	XnProperty.cpp	74	Setting Image1.YRes to 480...
 9377678	[INFO]	XnProperty.cpp	151	Property Image1.Resolution was changed to 1.
 9377690	[INFO]	XnProperty.cpp	151	Property Image1.XRes was changed to 640.
 9377702	[INFO]	XnProperty.cpp	151	Property Image1.RequiredDataSize was changed to 460800.
 9377716	[INFO]	XnProperty.cpp	151	Property Image1.YRes was changed to 480.
 9377728	[INFO]	XnProperty.cpp	151	Property Image1.RequiredDataSize was changed to 921600.
 9377740	[INFO]	XnProperty.cpp	101	Image1.YRes was successfully set.
 9377760	[INFO]	XnProperty.cpp	74	Setting Image1.XRes to 640...
 9377773	[INFO]	XnProperty.cpp	86	Image1.XRes value did not change.
 9378675	[INFO]	XnUSBLinux-x86.cpp	1222	USB read thread was started.
 9378716	[INFO]	XnProperty.cpp	151	Property Image1.ActualReadData was changed to 1.
 9565131	[WARNING]	XnDepthProcessor.cpp	133	Read: Depth buffer is corrupt. Size is 533856 (!= 614400)
 9565177	[WARNING]	XnFrameStreamProcessor.cpp	132	Depth frame is corrupt!
12465230	[WARNING]	XnDepthProcessor.cpp	133	Read: Depth buffer is corrupt. Size is 594560 (!= 614400)
12465274	[WARNING]	XnFrameStreamProcessor.cpp	132	Depth frame is corrupt!
12578873	[INFO]	XnProperty.cpp	151	Property Image1.State was changed to 1.
12578916	[INFO]	XnDeviceBase.cpp	370	Stream Image1 is open.
12579090	[INFO]	XnProperty.cpp	74	Setting Depth1.Registration to 1...
12601188	[WARNING]	XnDepthProcessor.cpp	133	Read: Depth buffer is corrupt. Size is 587920 (!= 614400)
12601243	[WARNING]	XnFrameStreamProcessor.cpp	132	Depth frame is corrupt!
12730237	[INFO]	XnProperty.cpp	151	Property Depth1.Registration was changed to 1.
12730282	[INFO]	XnProperty.cpp	101	Depth1.Registration was successfully set.
12730338	[INFO]	XnProperty.cpp	74	Setting Image1.Mirror to 1...
12742657	[INFO]	XnProperty.cpp	151	Property Image1.FirmwareMirror was changed to 1.
12742701	[INFO]	XnProperty.cpp	151	Property Image1.Mirror was changed to 1.
12742714	[INFO]	XnProperty.cpp	101	Image1.Mirror was successfully set.
22067139	[INFO]	XnOpenNI.cpp	1459	Destroying node 'User1'
22075075	[INFO]	XnOpenNI.cpp	1459	Destroying node 'Depth1'
22075161	[INFO]	XnDeviceBase.cpp	1507	Destroying stream 'Depth1'...
22076299	[INFO]	XnOpenNI.cpp	1459	Destroying node 'Image1'
22076348	[INFO]	XnDeviceBase.cpp	1507	Destroying stream 'Image1'...
22077134	[INFO]	XnOpenNI.cpp	1459	Destroying node 'Device1'
