    1362	[INFO]	XnLog.cpp	165	OpenNI version is 1.0.0 (Build 25)-MacOSX (Jan  7 2011 14:20:18)
    1405	[INFO]	XnLog.cpp	173	Log system initialized. Console: 1, File: 1, Severity: INFO, Masks: ALL
    1429	[INFO]	XnLog.cpp	173	Log system initialized. Console: 1, File: 1, Severity: INFO, Masks: ALL
    2572	[INFO]	XnUSBLinux-x86.cpp	98	USB is initialized.
 1966564	[INFO]	XnOpenNI.cpp	1261	Creating node 'Device1' of type Device...
 1967327	[INFO]	XnDeviceModule.cpp	431	Module 'Device' configuration was loaded from file.
 2224556	[INFO]	XnDeviceSensorIO.cpp	135	Connected to USB device
 2224610	[INFO]	XnProperty.cpp	151	Property Device.USBPath was changed to 045e/02ae@253/8.
 2232543	[INFO]	XnHostProtocol.cpp	825	Hardware versions: FW=5.1.4 (7) HW=4 Chip=2 Sensor=4 SYS=7
 3640983	[INFO]	XnProperty.cpp	151	Property Device.ID was changed to 0.
 3641045	[INFO]	XnSensor.cpp	182	Device sensor initialized
 3641133	[INFO]	XnOpenNI.cpp	1261	Creating node 'Depth1' of type Depth...
 3641176	[INFO]	XnDeviceBase.cpp	1383	Creating stream 'Depth1' of type 'Depth'...
 3641192	[INFO]	XnProperty.cpp	74	Setting Device.ReadData to 1...
 3641223	[INFO]	XnDeviceSensorIO.cpp	298	Endpoints open
 3653666	[INFO]	XnProperty.cpp	151	Property Device.ReadData was changed to 1.
 3653704	[INFO]	XnProperty.cpp	101	Device.ReadData was successfully set.
 3654055	[INFO]	XnProperty.cpp	151	Property Depth1.Resolution was changed to 0.
 3654074	[INFO]	XnProperty.cpp	151	Property Depth1.XRes was changed to 320.
 3654088	[INFO]	XnProperty.cpp	151	Property Depth1.YRes was changed to 240.
 3654099	[INFO]	XnProperty.cpp	151	Property Depth1.FPS was changed to 30.
 3654110	[INFO]	XnProperty.cpp	151	Property Depth1.OutputFormat was changed to 1.
 3654121	[INFO]	XnProperty.cpp	151	Property Depth1.BytesPerPixel was changed to 2.
 3654133	[INFO]	XnProperty.cpp	151	Property Depth1.RequiredDataSize was changed to 153600.
 3654153	[INFO]	XnProperty.cpp	151	Property Depth1.ParamCoeff was changed to 4.
 3654227	[INFO]	XnProperty.cpp	151	Property Depth1.ShiftScale was changed to 10.
 3666478	[INFO]	XnProperty.cpp	151	Property Depth1.ConstShift was changed to 200.
 3666581	[INFO]	XnProperty.cpp	151	Property Depth1.ZPD was changed to 120.
 3666689	[INFO]	XnProperty.cpp	151	Property Depth1.ZPPS was changed to 0.104200.
 3666718	[INFO]	XnProperty.cpp	151	Property Depth1.LDDIS was changed to 7.500000.
 3666841	[INFO]	XnProperty.cpp	151	Property Depth1.Gain was changed to 30.
 3666886	[INFO]	XnDeviceBase.cpp	1458	Stream 'Depth1' was initialized.
 3666909	[INFO]	XnDeviceBase.cpp	1463	'Depth1' stream was created.
 3667159	[INFO]	XnProperty.cpp	74	Setting Depth1.InputFormat to 3...
 3667193	[INFO]	XnProperty.cpp	151	Property Depth1.InputFormat was changed to 3.
 3667214	[INFO]	XnProperty.cpp	101	Depth1.InputFormat was successfully set.
 3667908	[INFO]	XnProperty.cpp	74	Setting Depth1.RegistrationType to 2...
 3667940	[INFO]	XnProperty.cpp	151	Property Depth1.RegistrationType was changed to 2.
 3667962	[INFO]	XnProperty.cpp	101	Depth1.RegistrationType was successfully set.
 3668679	[INFO]	XnDeviceModule.cpp	431	Module 'Depth1' configuration was loaded from file.
 3668927	[INFO]	XnProperty.cpp	74	Setting Depth1.FPS to 30...
 3668949	[INFO]	XnProperty.cpp	86	Depth1.FPS value did not change.
 3668971	[INFO]	XnProperty.cpp	74	Setting Depth1.YRes to 480...
 3668993	[INFO]	XnProperty.cpp	151	Property Depth1.Resolution was changed to 1.
 3669014	[INFO]	XnProperty.cpp	151	Property Depth1.XRes was changed to 640.
 3669033	[INFO]	XnProperty.cpp	151	Property Depth1.RequiredDataSize was changed to 307200.
 3669055	[INFO]	XnProperty.cpp	151	Property Depth1.YRes was changed to 480.
 3669075	[INFO]	XnProperty.cpp	151	Property Depth1.RequiredDataSize was changed to 614400.
 3669096	[INFO]	XnProperty.cpp	101	Depth1.YRes was successfully set.
 3669114	[INFO]	XnProperty.cpp	74	Setting Depth1.XRes to 640...
 3669131	[INFO]	XnProperty.cpp	86	Depth1.XRes value did not change.
 3669192	[INFO]	XnProperty.cpp	74	Setting Depth1.Mirror to 1...
 3669217	[INFO]	XnProperty.cpp	151	Property Depth1.FirmwareMirror was changed to 1.
 3669269	[INFO]	XnProperty.cpp	151	Property Depth1.Mirror was changed to 1.
 3669286	[INFO]	XnProperty.cpp	101	Depth1.Mirror was successfully set.
 4772326	[INFO]	XnOpenNI.cpp	1261	Creating node 'User1' of type User...
 4799069	[WARNING]	Linux-x86Threads.cpp	173	Failed to set thread priority: Invalid argument
 4799138	[WARNING]	XnUSBLinux-x86.cpp	126	USB events thread: Failed to set thread priority to critical. This might cause loss of data...
 4800347	[INFO]	XnUSBLinux-x86.cpp	1222	USB read thread was started.
 4800389	[INFO]	XnProperty.cpp	151	Property Depth1.ActualReadData was changed to 1.
 5271242	[INFO]	XnProperty.cpp	151	Property Depth1.State was changed to 1.
 5271284	[INFO]	XnDeviceBase.cpp	370	Stream Depth1 is open.
 7115444	[INFO]	XnOpenNI.cpp	1261	Creating node 'Image1' of type Image...
 7115495	[INFO]	XnDeviceBase.cpp	1383	Creating stream 'Image1' of type 'Image'...
 7115768	[INFO]	XnProperty.cpp	151	Property Image1.Resolution was changed to 0.
 7115796	[INFO]	XnProperty.cpp	151	Property Image1.XRes was changed to 320.
 7115815	[INFO]	XnProperty.cpp	151	Property Image1.YRes was changed to 240.
 7115835	[INFO]	XnProperty.cpp	151	Property Image1.FPS was changed to 30.
 7115853	[INFO]	XnProperty.cpp	151	Property Image1.OutputFormat was changed to 5.
 7115872	[INFO]	XnProperty.cpp	151	Property Image1.BytesPerPixel was changed to 3.
 7115891	[INFO]	XnProperty.cpp	151	Property Image1.RequiredDataSize was changed to 230400.
 7115938	[INFO]	XnDeviceBase.cpp	1458	Stream 'Image1' was initialized.
 7115960	[INFO]	XnDeviceBase.cpp	1463	'Image1' stream was created.
 7116106	[INFO]	XnProperty.cpp	74	Setting Image1.InputFormat to 6...
 7116138	[INFO]	XnProperty.cpp	151	Property Image1.InputFormat was changed to 6.
 7116157	[INFO]	XnProperty.cpp	101	Image1.InputFormat was successfully set.
 7116775	[INFO]	XnDeviceModule.cpp	431	Module 'Image1' configuration was loaded from file.
 7116888	[INFO]	XnProperty.cpp	74	Setting Image1.FPS to 30...
 7116912	[INFO]	XnProperty.cpp	86	Image1.FPS value did not change.
 7116931	[INFO]	XnProperty.cpp	74	Setting Image1.YRes to 480...
 7116949	[INFO]	XnProperty.cpp	151	Property Image1.Resolution was changed to 1.
 7116967	[INFO]	XnProperty.cpp	151	Property Image1.XRes was changed to 640.
 7116984	[INFO]	XnProperty.cpp	151	Property Image1.RequiredDataSize was changed to 460800.
 7117003	[INFO]	XnProperty.cpp	151	Property Image1.YRes was changed to 480.
 7117020	[INFO]	XnProperty.cpp	151	Property Image1.RequiredDataSize was changed to 921600.
 7117037	[INFO]	XnProperty.cpp	101	Image1.YRes was successfully set.
 7117068	[INFO]	XnProperty.cpp	74	Setting Image1.XRes to 640...
 7117086	[INFO]	XnProperty.cpp	86	Image1.XRes value did not change.
 7118239	[INFO]	XnUSBLinux-x86.cpp	1222	USB read thread was started.
 7118287	[INFO]	XnProperty.cpp	151	Property Image1.ActualReadData was changed to 1.
 7304199	[WARNING]	XnDepthProcessor.cpp	133	Read: Depth buffer is corrupt. Size is 511904 (!= 614400)
 7304245	[WARNING]	XnFrameStreamProcessor.cpp	132	Depth frame is corrupt!
10208206	[WARNING]	XnDepthProcessor.cpp	133	Read: Depth buffer is corrupt. Size is 597056 (!= 614400)
10208254	[WARNING]	XnFrameStreamProcessor.cpp	132	Depth frame is corrupt!
10318945	[INFO]	XnProperty.cpp	151	Property Image1.State was changed to 1.
10318988	[INFO]	XnDeviceBase.cpp	370	Stream Image1 is open.
10319196	[INFO]	XnProperty.cpp	74	Setting Depth1.Registration to 1...
10340245	[WARNING]	XnDepthProcessor.cpp	133	Read: Depth buffer is corrupt. Size is 587760 (!= 614400)
10340291	[WARNING]	XnFrameStreamProcessor.cpp	132	Depth frame is corrupt!
10471284	[INFO]	XnProperty.cpp	151	Property Depth1.Registration was changed to 1.
10471331	[INFO]	XnProperty.cpp	101	Depth1.Registration was successfully set.
10471394	[INFO]	XnProperty.cpp	74	Setting Image1.Mirror to 1...
10483571	[INFO]	XnProperty.cpp	151	Property Image1.FirmwareMirror was changed to 1.
10483614	[INFO]	XnProperty.cpp	151	Property Image1.Mirror was changed to 1.
10483627	[INFO]	XnProperty.cpp	101	Image1.Mirror was successfully set.
23765833	[INFO]	XnOpenNI.cpp	1459	Destroying node 'User1'
23774141	[INFO]	XnOpenNI.cpp	1459	Destroying node 'Depth1'
23774230	[INFO]	XnDeviceBase.cpp	1507	Destroying stream 'Depth1'...
23775976	[INFO]	XnOpenNI.cpp	1459	Destroying node 'Image1'
23776051	[INFO]	XnDeviceBase.cpp	1507	Destroying stream 'Image1'...
23777171	[INFO]	XnOpenNI.cpp	1459	Destroying node 'Device1'
