    1555	[INFO]	XnLog.cpp	165	OpenNI version is 1.0.0 (Build 25)-MacOSX (Jan  7 2011 14:20:18)
    1599	[INFO]	XnLog.cpp	173	Log system initialized. Console: 1, File: 1, Severity: INFO, Masks: ALL
    1622	[INFO]	XnLog.cpp	173	Log system initialized. Console: 1, File: 1, Severity: INFO, Masks: ALL
    2705	[INFO]	XnUSBLinux-x86.cpp	98	USB is initialized.
 1107768	[INFO]	XnOpenNI.cpp	1261	Creating node 'Device1' of type Device...
 1108532	[INFO]	XnDeviceModule.cpp	431	Module 'Device' configuration was loaded from file.
 1259664	[INFO]	XnDeviceSensorIO.cpp	135	Connected to USB device
 1259717	[INFO]	XnProperty.cpp	151	Property Device.USBPath was changed to 045e/02ae@253/8.
 1267141	[INFO]	XnHostProtocol.cpp	825	Hardware versions: FW=5.1.4 (7) HW=4 Chip=2 Sensor=4 SYS=7
 2676738	[INFO]	XnProperty.cpp	151	Property Device.ID was changed to 0.
 2676833	[INFO]	XnSensor.cpp	182	Device sensor initialized
 2676954	[INFO]	XnOpenNI.cpp	1261	Creating node 'Depth1' of type Depth...
 2676990	[INFO]	XnDeviceBase.cpp	1383	Creating stream 'Depth1' of type 'Depth'...
 2677007	[INFO]	XnProperty.cpp	74	Setting Device.ReadData to 1...
 2677037	[INFO]	XnDeviceSensorIO.cpp	298	Endpoints open
 2689358	[INFO]	XnProperty.cpp	151	Property Device.ReadData was changed to 1.
 2689395	[INFO]	XnProperty.cpp	101	Device.ReadData was successfully set.
 2689824	[INFO]	XnProperty.cpp	151	Property Depth1.Resolution was changed to 0.
 2689853	[INFO]	XnProperty.cpp	151	Property Depth1.XRes was changed to 320.
 2689872	[INFO]	XnProperty.cpp	151	Property Depth1.YRes was changed to 240.
 2689892	[INFO]	XnProperty.cpp	151	Property Depth1.FPS was changed to 30.
 2689910	[INFO]	XnProperty.cpp	151	Property Depth1.OutputFormat was changed to 1.
 2689927	[INFO]	XnProperty.cpp	151	Property Depth1.BytesPerPixel was changed to 2.
 2689947	[INFO]	XnProperty.cpp	151	Property Depth1.RequiredDataSize was changed to 153600.
 2689972	[INFO]	XnProperty.cpp	151	Property Depth1.ParamCoeff was changed to 4.
 2690050	[INFO]	XnProperty.cpp	151	Property Depth1.ShiftScale was changed to 10.
 2702162	[INFO]	XnProperty.cpp	151	Property Depth1.ConstShift was changed to 200.
 2702244	[INFO]	XnProperty.cpp	151	Property Depth1.ZPD was changed to 120.
 2702341	[INFO]	XnProperty.cpp	151	Property Depth1.ZPPS was changed to 0.104200.
 2702355	[INFO]	XnProperty.cpp	151	Property Depth1.LDDIS was changed to 7.500000.
 2702458	[INFO]	XnProperty.cpp	151	Property Depth1.Gain was changed to 30.
 2702489	[INFO]	XnDeviceBase.cpp	1458	Stream 'Depth1' was initialized.
 2702503	[INFO]	XnDeviceBase.cpp	1463	'Depth1' stream was created.
 2702653	[INFO]	XnProperty.cpp	74	Setting Depth1.InputFormat to 3...
 2702675	[INFO]	XnProperty.cpp	151	Property Depth1.InputFormat was changed to 3.
 2702687	[INFO]	XnProperty.cpp	101	Depth1.InputFormat was successfully set.
 2703123	[INFO]	XnProperty.cpp	74	Setting Depth1.RegistrationType to 2...
 2703142	[INFO]	XnProperty.cpp	151	Property Depth1.RegistrationType was changed to 2.
 2703160	[INFO]	XnProperty.cpp	101	Depth1.RegistrationType was successfully set.
 2703666	[INFO]	XnDeviceModule.cpp	431	Module 'Depth1' configuration was loaded from file.
 2703864	[INFO]	XnProperty.cpp	74	Setting Depth1.FPS to 30...
 2703901	[INFO]	XnProperty.cpp	86	Depth1.FPS value did not change.
 2703923	[INFO]	XnProperty.cpp	74	Setting Depth1.YRes to 480...
 2703947	[INFO]	XnProperty.cpp	151	Property Depth1.Resolution was changed to 1.
 2703969	[INFO]	XnProperty.cpp	151	Property Depth1.XRes was changed to 640.
 2703990	[INFO]	XnProperty.cpp	151	Property Depth1.RequiredDataSize was changed to 307200.
 2704010	[INFO]	XnProperty.cpp	151	Property Depth1.YRes was changed to 480.
 2704025	[INFO]	XnProperty.cpp	151	Property Depth1.RequiredDataSize was changed to 614400.
 2704040	[INFO]	XnProperty.cpp	101	Depth1.YRes was successfully set.
 2704061	[INFO]	XnProperty.cpp	74	Setting Depth1.XRes to 640...
 2704078	[INFO]	XnProperty.cpp	86	Depth1.XRes value did not change.
 2704137	[INFO]	XnProperty.cpp	74	Setting Depth1.Mirror to 1...
 2704158	[INFO]	XnProperty.cpp	151	Property Depth1.FirmwareMirror was changed to 1.
 2704208	[INFO]	XnProperty.cpp	151	Property Depth1.Mirror was changed to 1.
 2704224	[INFO]	XnProperty.cpp	101	Depth1.Mirror was successfully set.
 3804214	[INFO]	XnOpenNI.cpp	1261	Creating node 'User1' of type User...
 3827636	[WARNING]	Linux-x86Threads.cpp	173	Failed to set thread priority: Invalid argument
 3827680	[WARNING]	XnUSBLinux-x86.cpp	126	USB events thread: Failed to set thread priority to critical. This might cause loss of data...
 3828549	[INFO]	XnUSBLinux-x86.cpp	1222	USB read thread was started.
 3828579	[INFO]	XnProperty.cpp	151	Property Depth1.ActualReadData was changed to 1.
 4299358	[INFO]	XnProperty.cpp	151	Property Depth1.State was changed to 1.
 4299395	[INFO]	XnDeviceBase.cpp	370	Stream Depth1 is open.
 5392582	[INFO]	XnOpenNI.cpp	1261	Creating node 'Image1' of type Image...
 5392633	[INFO]	XnDeviceBase.cpp	1383	Creating stream 'Image1' of type 'Image'...
 5392832	[INFO]	XnProperty.cpp	151	Property Image1.Resolution was changed to 0.
 5392853	[INFO]	XnProperty.cpp	151	Property Image1.XRes was changed to 320.
 5392867	[INFO]	XnProperty.cpp	151	Property Image1.YRes was changed to 240.
 5392878	[INFO]	XnProperty.cpp	151	Property Image1.FPS was changed to 30.
 5392889	[INFO]	XnProperty.cpp	151	Property Image1.OutputFormat was changed to 5.
 5392901	[INFO]	XnProperty.cpp	151	Property Image1.BytesPerPixel was changed to 3.
 5392914	[INFO]	XnProperty.cpp	151	Property Image1.RequiredDataSize was changed to 230400.
 5392948	[INFO]	XnDeviceBase.cpp	1458	Stream 'Image1' was initialized.
 5392962	[INFO]	XnDeviceBase.cpp	1463	'Image1' stream was created.
 5393071	[INFO]	XnProperty.cpp	74	Setting Image1.InputFormat to 6...
 5393092	[INFO]	XnProperty.cpp	151	Property Image1.InputFormat was changed to 6.
 5393105	[INFO]	XnProperty.cpp	101	Image1.InputFormat was successfully set.
 5393511	[INFO]	XnDeviceModule.cpp	431	Module 'Image1' configuration was loaded from file.
 5393592	[INFO]	XnProperty.cpp	74	Setting Image1.FPS to 30...
 5393608	[INFO]	XnProperty.cpp	86	Image1.FPS value did not change.
 5393619	[INFO]	XnProperty.cpp	74	Setting Image1.YRes to 480...
 5393633	[INFO]	XnProperty.cpp	151	Property Image1.Resolution was changed to 1.
 5393645	[INFO]	XnProperty.cpp	151	Property Image1.XRes was changed to 640.
 5393658	[INFO]	XnProperty.cpp	151	Property Image1.RequiredDataSize was changed to 460800.
 5393678	[INFO]	XnProperty.cpp	151	Property Image1.YRes was changed to 480.
 5393699	[INFO]	XnProperty.cpp	151	Property Image1.RequiredDataSize was changed to 921600.
 5393713	[INFO]	XnProperty.cpp	101	Image1.YRes was successfully set.
 5393725	[INFO]	XnProperty.cpp	74	Setting Image1.XRes to 640...
 5393738	[INFO]	XnProperty.cpp	86	Image1.XRes value did not change.
 5394691	[INFO]	XnUSBLinux-x86.cpp	1222	USB read thread was started.
 5394735	[INFO]	XnProperty.cpp	151	Property Image1.ActualReadData was changed to 1.
 5563869	[WARNING]	XnDepthProcessor.cpp	133	Read: Depth buffer is corrupt. Size is 568832 (!= 614400)
 5563916	[WARNING]	XnFrameStreamProcessor.cpp	132	Depth frame is corrupt!
 5595928	[WARNING]	XnDepthProcessor.cpp	133	Read: Depth buffer is corrupt. Size is 552016 (!= 614400)
 5595965	[WARNING]	XnFrameStreamProcessor.cpp	132	Depth frame is corrupt!
 8499918	[WARNING]	XnDepthProcessor.cpp	133	Read: Depth buffer is corrupt. Size is 594752 (!= 614400)
 8499966	[WARNING]	XnFrameStreamProcessor.cpp	132	Depth frame is corrupt!
 8595461	[INFO]	XnProperty.cpp	151	Property Image1.State was changed to 1.
 8595516	[INFO]	XnDeviceBase.cpp	370	Stream Image1 is open.
 8595726	[INFO]	XnProperty.cpp	74	Setting Depth1.Registration to 1...
 8635891	[WARNING]	XnDepthProcessor.cpp	133	Read: Depth buffer is corrupt. Size is 587168 (!= 614400)
 8635939	[WARNING]	XnFrameStreamProcessor.cpp	132	Depth frame is corrupt!
 8748102	[INFO]	XnProperty.cpp	151	Property Depth1.Registration was changed to 1.
 8748144	[INFO]	XnProperty.cpp	101	Depth1.Registration was successfully set.
 8748190	[INFO]	XnProperty.cpp	74	Setting Image1.Mirror to 1...
 8761120	[INFO]	XnProperty.cpp	151	Property Image1.FirmwareMirror was changed to 1.
 8761197	[INFO]	XnProperty.cpp	151	Property Image1.Mirror was changed to 1.
 8761210	[INFO]	XnProperty.cpp	101	Image1.Mirror was successfully set.
76056817	[INFO]	XnOpenNI.cpp	1459	Destroying node 'User1'
76065259	[INFO]	XnOpenNI.cpp	1459	Destroying node 'Depth1'
76065369	[INFO]	XnDeviceBase.cpp	1507	Destroying stream 'Depth1'...
76067408	[INFO]	XnOpenNI.cpp	1459	Destroying node 'Image1'
76067477	[INFO]	XnDeviceBase.cpp	1507	Destroying stream 'Image1'...
76068416	[INFO]	XnOpenNI.cpp	1459	Destroying node 'Device1'
