    1380	[INFO]	XnLog.cpp	165	OpenNI version is 1.0.0 (Build 25)-MacOSX (Jan  7 2011 14:20:18)
    1424	[INFO]	XnLog.cpp	173	Log system initialized. Console: 1, File: 1, Severity: INFO, Masks: ALL
    1448	[INFO]	XnLog.cpp	173	Log system initialized. Console: 1, File: 1, Severity: INFO, Masks: ALL
    2653	[INFO]	XnUSBLinux-x86.cpp	98	USB is initialized.
 1995504	[INFO]	XnOpenNI.cpp	1261	Creating node 'Device1' of type Device...
 1996291	[INFO]	XnDeviceModule.cpp	431	Module 'Device' configuration was loaded from file.
 2259536	[INFO]	XnDeviceSensorIO.cpp	135	Connected to USB device
 2259590	[INFO]	XnProperty.cpp	151	Property Device.USBPath was changed to 045e/02ae@253/8.
 2267398	[INFO]	XnHostProtocol.cpp	825	Hardware versions: FW=5.1.4 (7) HW=4 Chip=2 Sensor=4 SYS=7
 3677310	[INFO]	XnProperty.cpp	151	Property Device.ID was changed to 0.
 3677389	[INFO]	XnSensor.cpp	182	Device sensor initialized
 3677468	[INFO]	XnOpenNI.cpp	1261	Creating node 'Depth1' of type Depth...
 3677505	[INFO]	XnDeviceBase.cpp	1383	Creating stream 'Depth1' of type 'Depth'...
 3677522	[INFO]	XnProperty.cpp	74	Setting Device.ReadData to 1...
 3677552	[INFO]	XnDeviceSensorIO.cpp	298	Endpoints open
 3689567	[INFO]	XnProperty.cpp	151	Property Device.ReadData was changed to 1.
 3689614	[INFO]	XnProperty.cpp	101	Device.ReadData was successfully set.
 3689997	[INFO]	XnProperty.cpp	151	Property Depth1.Resolution was changed to 0.
 3690024	[INFO]	XnProperty.cpp	151	Property Depth1.XRes was changed to 320.
 3690048	[INFO]	XnProperty.cpp	151	Property Depth1.YRes was changed to 240.
 3690067	[INFO]	XnProperty.cpp	151	Property Depth1.FPS was changed to 30.
 3690085	[INFO]	XnProperty.cpp	151	Property Depth1.OutputFormat was changed to 1.
 3690103	[INFO]	XnProperty.cpp	151	Property Depth1.BytesPerPixel was changed to 2.
 3690121	[INFO]	XnProperty.cpp	151	Property Depth1.RequiredDataSize was changed to 153600.
 3690143	[INFO]	XnProperty.cpp	151	Property Depth1.ParamCoeff was changed to 4.
 3690216	[INFO]	XnProperty.cpp	151	Property Depth1.ShiftScale was changed to 10.
 3702453	[INFO]	XnProperty.cpp	151	Property Depth1.ConstShift was changed to 200.
 3702538	[INFO]	XnProperty.cpp	151	Property Depth1.ZPD was changed to 120.
 3702641	[INFO]	XnProperty.cpp	151	Property Depth1.ZPPS was changed to 0.104200.
 3702659	[INFO]	XnProperty.cpp	151	Property Depth1.LDDIS was changed to 7.500000.
 3702770	[INFO]	XnProperty.cpp	151	Property Depth1.Gain was changed to 30.
 3702810	[INFO]	XnDeviceBase.cpp	1458	Stream 'Depth1' was initialized.
 3702831	[INFO]	XnDeviceBase.cpp	1463	'Depth1' stream was created.
 3703021	[INFO]	XnProperty.cpp	74	Setting Depth1.InputFormat to 3...
 3703046	[INFO]	XnProperty.cpp	151	Property Depth1.InputFormat was changed to 3.
 3703066	[INFO]	XnProperty.cpp	101	Depth1.InputFormat was successfully set.
 3703513	[INFO]	XnProperty.cpp	74	Setting Depth1.RegistrationType to 2...
 3703532	[INFO]	XnProperty.cpp	151	Property Depth1.RegistrationType was changed to 2.
 3703551	[INFO]	XnProperty.cpp	101	Depth1.RegistrationType was successfully set.
 3704119	[INFO]	XnDeviceModule.cpp	431	Module 'Depth1' configuration was loaded from file.
 3704311	[INFO]	XnProperty.cpp	74	Setting Depth1.FPS to 30...
 3704334	[INFO]	XnProperty.cpp	101	Depth1.FPS was successfully set.
 3704346	[INFO]	XnProperty.cpp	74	Setting Depth1.YRes to 480...
 3704360	[INFO]	XnProperty.cpp	151	Property Depth1.Resolution was changed to 1.
 3704374	[INFO]	XnProperty.cpp	151	Property Depth1.XRes was changed to 640.
 3704386	[INFO]	XnProperty.cpp	151	Property Depth1.RequiredDataSize was changed to 307200.
 3704401	[INFO]	XnProperty.cpp	151	Property Depth1.YRes was changed to 480.
 3704413	[INFO]	XnProperty.cpp	151	Property Depth1.RequiredDataSize was changed to 614400.
 3704426	[INFO]	XnProperty.cpp	101	Depth1.YRes was successfully set.
 3704438	[INFO]	XnProperty.cpp	74	Setting Depth1.XRes to 640...
 3704450	[INFO]	XnProperty.cpp	101	Depth1.XRes was successfully set.
 3704493	[INFO]	XnProperty.cpp	74	Setting Depth1.Mirror to 1...
 3704508	[INFO]	XnProperty.cpp	151	Property Depth1.FirmwareMirror was changed to 1.
 3704551	[INFO]	XnProperty.cpp	151	Property Depth1.Mirror was changed to 1.
 3704562	[INFO]	XnProperty.cpp	101	Depth1.Mirror was successfully set.
 5695044	[INFO]	XnOpenNI.cpp	1261	Creating node 'User1' of type User...
 5718631	[WARNING]	Linux-x86Threads.cpp	173	Failed to set thread priority: Invalid argument
 5718679	[WARNING]	XnUSBLinux-x86.cpp	126	USB events thread: Failed to set thread priority to critical. This might cause loss of data...
 5719545	[INFO]	XnUSBLinux-x86.cpp	1222	USB read thread was started.
 5719575	[INFO]	XnProperty.cpp	151	Property Depth1.ActualReadData was changed to 1.
 6189937	[INFO]	XnProperty.cpp	151	Property Depth1.State was changed to 1.
 6189978	[INFO]	XnDeviceBase.cpp	370	Stream Depth1 is open.
 8166287	[INFO]	XnOpenNI.cpp	1261	Creating node 'Image1' of type Image...
 8166338	[INFO]	XnDeviceBase.cpp	1383	Creating stream 'Image1' of type 'Image'...
 8166503	[INFO]	XnProperty.cpp	151	Property Image1.Resolution was changed to 0.
 8166523	[INFO]	XnProperty.cpp	151	Property Image1.XRes was changed to 320.
 8166537	[INFO]	XnProperty.cpp	151	Property Image1.YRes was changed to 240.
 8166549	[INFO]	XnProperty.cpp	151	Property Image1.FPS was changed to 30.
 8166561	[INFO]	XnProperty.cpp	151	Property Image1.OutputFormat was changed to 5.
 8166573	[INFO]	XnProperty.cpp	151	Property Image1.BytesPerPixel was changed to 3.
 8166585	[INFO]	XnProperty.cpp	151	Property Image1.RequiredDataSize was changed to 230400.
 8166613	[INFO]	XnDeviceBase.cpp	1458	Stream 'Image1' was initialized.
 8166627	[INFO]	XnDeviceBase.cpp	1463	'Image1' stream was created.
 8166731	[INFO]	XnProperty.cpp	74	Setting Image1.InputFormat to 6...
 8166752	[INFO]	XnProperty.cpp	151	Property Image1.InputFormat was changed to 6.
 8166764	[INFO]	XnProperty.cpp	101	Image1.InputFormat was successfully set.
 8167176	[INFO]	XnDeviceModule.cpp	431	Module 'Image1' configuration was loaded from file.
 8167259	[INFO]	XnProperty.cpp	74	Setting Image1.FPS to 30...
 8167274	[INFO]	XnProperty.cpp	86	Image1.FPS value did not change.
 8167285	[INFO]	XnProperty.cpp	74	Setting Image1.YRes to 480...
 8167297	[INFO]	XnProperty.cpp	151	Property Image1.Resolution was changed to 1.
 8167309	[INFO]	XnProperty.cpp	151	Property Image1.XRes was changed to 640.
 8167320	[INFO]	XnProperty.cpp	151	Property Image1.RequiredDataSize was changed to 460800.
 8167333	[INFO]	XnProperty.cpp	151	Property Image1.YRes was changed to 480.
 8167345	[INFO]	XnProperty.cpp	151	Property Image1.RequiredDataSize was changed to 921600.
 8167358	[INFO]	XnProperty.cpp	101	Image1.YRes was successfully set.
 8167370	[INFO]	XnProperty.cpp	74	Setting Image1.XRes to 640...
 8167380	[INFO]	XnProperty.cpp	86	Image1.XRes value did not change.
 8168338	[INFO]	XnUSBLinux-x86.cpp	1222	USB read thread was started.
 8168380	[INFO]	XnProperty.cpp	151	Property Image1.ActualReadData was changed to 1.
 8355672	[WARNING]	XnDepthProcessor.cpp	133	Read: Depth buffer is corrupt. Size is 547776 (!= 614400)
 8355723	[WARNING]	XnFrameStreamProcessor.cpp	132	Depth frame is corrupt!
11368883	[INFO]	XnProperty.cpp	151	Property Image1.State was changed to 1.
11368926	[INFO]	XnDeviceBase.cpp	370	Stream Image1 is open.
11369095	[INFO]	XnProperty.cpp	74	Setting Depth1.Registration to 1...
11391763	[WARNING]	XnDepthProcessor.cpp	133	Read: Depth buffer is corrupt. Size is 592016 (!= 614400)
11391821	[WARNING]	XnFrameStreamProcessor.cpp	132	Depth frame is corrupt!
11520255	[INFO]	XnProperty.cpp	151	Property Depth1.Registration was changed to 1.
11520298	[INFO]	XnProperty.cpp	101	Depth1.Registration was successfully set.
11520344	[INFO]	XnProperty.cpp	74	Setting Image1.Mirror to 1...
11532773	[INFO]	XnProperty.cpp	151	Property Image1.FirmwareMirror was changed to 1.
11532819	[INFO]	XnProperty.cpp	151	Property Image1.Mirror was changed to 1.
11532838	[INFO]	XnProperty.cpp	101	Image1.Mirror was successfully set.
68505010	[INFO]	XnOpenNI.cpp	1459	Destroying node 'User1'
68511683	[INFO]	XnOpenNI.cpp	1459	Destroying node 'Depth1'
68511773	[INFO]	XnDeviceBase.cpp	1507	Destroying stream 'Depth1'...
68513052	[INFO]	XnOpenNI.cpp	1459	Destroying node 'Image1'
68513161	[INFO]	XnDeviceBase.cpp	1507	Destroying stream 'Image1'...
68514107	[INFO]	XnOpenNI.cpp	1459	Destroying node 'Device1'
