    1513	[INFO]	XnLog.cpp	165	OpenNI version is 1.0.0 (Build 25)-MacOSX (Jan  7 2011 14:20:18)
    1548	[INFO]	XnLog.cpp	173	Log system initialized. Console: 1, File: 1, Severity: INFO, Masks: ALL
    1571	[INFO]	XnLog.cpp	173	Log system initialized. Console: 1, File: 1, Severity: INFO, Masks: ALL
    2693	[INFO]	XnUSBLinux-x86.cpp	98	USB is initialized.
 2380652	[INFO]	XnOpenNI.cpp	1261	Creating node 'Device1' of type Device...
 2381381	[INFO]	XnDeviceModule.cpp	431	Module 'Device' configuration was loaded from file.
 2641578	[INFO]	XnDeviceSensorIO.cpp	135	Connected to USB device
 2641628	[INFO]	XnProperty.cpp	151	Property Device.USBPath was changed to 045e/02ae@253/8.
 2648858	[INFO]	XnHostProtocol.cpp	825	Hardware versions: FW=5.1.4 (7) HW=4 Chip=2 Sensor=4 SYS=7
 4059309	[INFO]	XnProperty.cpp	151	Property Device.ID was changed to 0.
 4059371	[INFO]	XnSensor.cpp	182	Device sensor initialized
 4059479	[INFO]	XnOpenNI.cpp	1261	Creating node 'Depth1' of type Depth...
 4059526	[INFO]	XnDeviceBase.cpp	1383	Creating stream 'Depth1' of type 'Depth'...
 4059550	[INFO]	XnProperty.cpp	74	Setting Device.ReadData to 1...
 4059593	[INFO]	XnDeviceSensorIO.cpp	298	Endpoints open
 4072008	[INFO]	XnProperty.cpp	151	Property Device.ReadData was changed to 1.
 4072054	[INFO]	XnProperty.cpp	101	Device.ReadData was successfully set.
 4072421	[INFO]	XnProperty.cpp	151	Property Depth1.Resolution was changed to 0.
 4072443	[INFO]	XnProperty.cpp	151	Property Depth1.XRes was changed to 320.
 4072464	[INFO]	XnProperty.cpp	151	Property Depth1.YRes was changed to 240.
 4072484	[INFO]	XnProperty.cpp	151	Property Depth1.FPS was changed to 30.
 4072502	[INFO]	XnProperty.cpp	151	Property Depth1.OutputFormat was changed to 1.
 4072520	[INFO]	XnProperty.cpp	151	Property Depth1.BytesPerPixel was changed to 2.
 4072538	[INFO]	XnProperty.cpp	151	Property Depth1.RequiredDataSize was changed to 153600.
 4072561	[INFO]	XnProperty.cpp	151	Property Depth1.ParamCoeff was changed to 4.
 4072627	[INFO]	XnProperty.cpp	151	Property Depth1.ShiftScale was changed to 10.
 4085132	[INFO]	XnProperty.cpp	151	Property Depth1.ConstShift was changed to 200.
 4085241	[INFO]	XnProperty.cpp	151	Property Depth1.ZPD was changed to 120.
 4085342	[INFO]	XnProperty.cpp	151	Property Depth1.ZPPS was changed to 0.104200.
 4085357	[INFO]	XnProperty.cpp	151	Property Depth1.LDDIS was changed to 7.500000.
 4085459	[INFO]	XnProperty.cpp	151	Property Depth1.Gain was changed to 30.
 4085495	[INFO]	XnDeviceBase.cpp	1458	Stream 'Depth1' was initialized.
 4085515	[INFO]	XnDeviceBase.cpp	1463	'Depth1' stream was created.
 4085666	[INFO]	XnProperty.cpp	74	Setting Depth1.InputFormat to 3...
 4085686	[INFO]	XnProperty.cpp	151	Property Depth1.InputFormat was changed to 3.
 4085699	[INFO]	XnProperty.cpp	101	Depth1.InputFormat was successfully set.
 4086206	[INFO]	XnProperty.cpp	74	Setting Depth1.RegistrationType to 2...
 4086229	[INFO]	XnProperty.cpp	151	Property Depth1.RegistrationType was changed to 2.
 4086241	[INFO]	XnProperty.cpp	101	Depth1.RegistrationType was successfully set.
 4086701	[INFO]	XnDeviceModule.cpp	431	Module 'Depth1' configuration was loaded from file.
 4086882	[INFO]	XnProperty.cpp	74	Setting Depth1.FPS to 30...
 4086898	[INFO]	XnProperty.cpp	86	Depth1.FPS value did not change.
 4086910	[INFO]	XnProperty.cpp	74	Setting Depth1.YRes to 480...
 4086924	[INFO]	XnProperty.cpp	151	Property Depth1.Resolution was changed to 1.
 4086937	[INFO]	XnProperty.cpp	151	Property Depth1.XRes was changed to 640.
 4086949	[INFO]	XnProperty.cpp	151	Property Depth1.RequiredDataSize was changed to 307200.
 4086963	[INFO]	XnProperty.cpp	151	Property Depth1.YRes was changed to 480.
 4086975	[INFO]	XnProperty.cpp	151	Property Depth1.RequiredDataSize was changed to 614400.
 4086988	[INFO]	XnProperty.cpp	101	Depth1.YRes was successfully set.
 4087000	[INFO]	XnProperty.cpp	74	Setting Depth1.XRes to 640...
 4087011	[INFO]	XnProperty.cpp	86	Depth1.XRes value did not change.
 4087054	[INFO]	XnProperty.cpp	74	Setting Depth1.Mirror to 1...
 4087072	[INFO]	XnProperty.cpp	151	Property Depth1.FirmwareMirror was changed to 1.
 4087127	[INFO]	XnProperty.cpp	151	Property Depth1.Mirror was changed to 1.
 4087139	[INFO]	XnProperty.cpp	101	Depth1.Mirror was successfully set.
 6752503	[INFO]	XnOpenNI.cpp	1261	Creating node 'User1' of type User...
 6776282	[WARNING]	Linux-x86Threads.cpp	173	Failed to set thread priority: Invalid argument
 6776324	[WARNING]	XnUSBLinux-x86.cpp	126	USB events thread: Failed to set thread priority to critical. This might cause loss of data...
 6777052	[INFO]	XnUSBLinux-x86.cpp	1222	USB read thread was started.
 6777075	[INFO]	XnProperty.cpp	151	Property Depth1.ActualReadData was changed to 1.
 7247705	[INFO]	XnProperty.cpp	151	Property Depth1.State was changed to 1.
 7247747	[INFO]	XnDeviceBase.cpp	370	Stream Depth1 is open.
10061141	[INFO]	XnOpenNI.cpp	1261	Creating node 'Image1' of type Image...
10061191	[INFO]	XnDeviceBase.cpp	1383	Creating stream 'Image1' of type 'Image'...
10061365	[INFO]	XnProperty.cpp	151	Property Image1.Resolution was changed to 0.
10061384	[INFO]	XnProperty.cpp	151	Property Image1.XRes was changed to 320.
10061397	[INFO]	XnProperty.cpp	151	Property Image1.YRes was changed to 240.
10061409	[INFO]	XnProperty.cpp	151	Property Image1.FPS was changed to 30.
10061426	[INFO]	XnProperty.cpp	151	Property Image1.OutputFormat was changed to 5.
10061444	[INFO]	XnProperty.cpp	151	Property Image1.BytesPerPixel was changed to 3.
10061462	[INFO]	XnProperty.cpp	151	Property Image1.RequiredDataSize was changed to 230400.
10061500	[INFO]	XnDeviceBase.cpp	1458	Stream 'Image1' was initialized.
10061517	[INFO]	XnDeviceBase.cpp	1463	'Image1' stream was created.
10061638	[INFO]	XnProperty.cpp	74	Setting Image1.InputFormat to 6...
10061668	[INFO]	XnProperty.cpp	151	Property Image1.InputFormat was changed to 6.
10061685	[INFO]	XnProperty.cpp	101	Image1.InputFormat was successfully set.
10062165	[INFO]	XnDeviceModule.cpp	431	Module 'Image1' configuration was loaded from file.
10062258	[INFO]	XnProperty.cpp	74	Setting Image1.FPS to 30...
10062274	[INFO]	XnProperty.cpp	86	Image1.FPS value did not change.
10062286	[INFO]	XnProperty.cpp	74	Setting Image1.YRes to 480...
10062299	[INFO]	XnProperty.cpp	151	Property Image1.Resolution was changed to 1.
10062311	[INFO]	XnProperty.cpp	151	Property Image1.XRes was changed to 640.
10062323	[INFO]	XnProperty.cpp	151	Property Image1.RequiredDataSize was changed to 460800.
10062336	[INFO]	XnProperty.cpp	151	Property Image1.YRes was changed to 480.
10062348	[INFO]	XnProperty.cpp	151	Property Image1.RequiredDataSize was changed to 921600.
10062360	[INFO]	XnProperty.cpp	101	Image1.YRes was successfully set.
10062373	[INFO]	XnProperty.cpp	74	Setting Image1.XRes to 640...
10062383	[INFO]	XnProperty.cpp	86	Image1.XRes value did not change.
10063228	[INFO]	XnUSBLinux-x86.cpp	1222	USB read thread was started.
10063269	[INFO]	XnProperty.cpp	151	Property Image1.ActualReadData was changed to 1.
10248537	[WARNING]	XnDepthProcessor.cpp	133	Read: Depth buffer is corrupt. Size is 511888 (!= 614400)
10248583	[WARNING]	XnFrameStreamProcessor.cpp	132	Depth frame is corrupt!
13152563	[WARNING]	XnDepthProcessor.cpp	133	Read: Depth buffer is corrupt. Size is 597024 (!= 614400)
13152609	[WARNING]	XnFrameStreamProcessor.cpp	132	Depth frame is corrupt!
13263665	[INFO]	XnProperty.cpp	151	Property Image1.State was changed to 1.
13263706	[INFO]	XnDeviceBase.cpp	370	Stream Image1 is open.
13263898	[INFO]	XnProperty.cpp	74	Setting Depth1.Registration to 1...
13284589	[WARNING]	XnDepthProcessor.cpp	133	Read: Depth buffer is corrupt. Size is 565888 (!= 614400)
13284637	[WARNING]	XnFrameStreamProcessor.cpp	132	Depth frame is corrupt!
13416613	[INFO]	XnProperty.cpp	151	Property Depth1.Registration was changed to 1.
13416657	[INFO]	XnProperty.cpp	101	Depth1.Registration was successfully set.
13416702	[INFO]	XnProperty.cpp	74	Setting Image1.Mirror to 1...
13429047	[INFO]	XnProperty.cpp	151	Property Image1.FirmwareMirror was changed to 1.
13429088	[INFO]	XnProperty.cpp	151	Property Image1.Mirror was changed to 1.
13429100	[INFO]	XnProperty.cpp	101	Image1.Mirror was successfully set.
63060523	[INFO]	XnOpenNI.cpp	1459	Destroying node 'User1'
63068019	[INFO]	XnOpenNI.cpp	1459	Destroying node 'Depth1'
63068108	[INFO]	XnDeviceBase.cpp	1507	Destroying stream 'Depth1'...
63069492	[INFO]	XnOpenNI.cpp	1459	Destroying node 'Image1'
63069560	[INFO]	XnDeviceBase.cpp	1507	Destroying stream 'Image1'...
63070521	[INFO]	XnOpenNI.cpp	1459	Destroying node 'Device1'
