    1407	[INFO]	XnLog.cpp	165	OpenNI version is 1.0.0 (Build 25)-MacOSX (Jan  7 2011 14:20:18)
    1451	[INFO]	XnLog.cpp	173	Log system initialized. Console: 1, File: 1, Severity: INFO, Masks: ALL
    1475	[INFO]	XnLog.cpp	173	Log system initialized. Console: 1, File: 1, Severity: INFO, Masks: ALL
    2648	[INFO]	XnUSBLinux-x86.cpp	98	USB is initialized.
 2380538	[INFO]	XnOpenNI.cpp	1261	Creating node 'Device1' of type Device...
 2381304	[INFO]	XnDeviceModule.cpp	431	Module 'Device' configuration was loaded from file.
 2640223	[INFO]	XnDeviceSensorIO.cpp	135	Connected to USB device
 2640272	[INFO]	XnProperty.cpp	151	Property Device.USBPath was changed to 045e/02ae@253/8.
 2648024	[INFO]	XnHostProtocol.cpp	825	Hardware versions: FW=5.1.4 (7) HW=4 Chip=2 Sensor=4 SYS=7
 4059529	[INFO]	XnProperty.cpp	151	Property Device.ID was changed to 0.
 4059580	[INFO]	XnSensor.cpp	182	Device sensor initialized
 4059653	[INFO]	XnOpenNI.cpp	1261	Creating node 'Depth1' of type Depth...
 4059689	[INFO]	XnDeviceBase.cpp	1383	Creating stream 'Depth1' of type 'Depth'...
 4059706	[INFO]	XnProperty.cpp	74	Setting Device.ReadData to 1...
 4059735	[INFO]	XnDeviceSensorIO.cpp	298	Endpoints open
 4072154	[INFO]	XnProperty.cpp	151	Property Device.ReadData was changed to 1.
 4072195	[INFO]	XnProperty.cpp	101	Device.ReadData was successfully set.
 4072599	[INFO]	XnProperty.cpp	151	Property Depth1.Resolution was changed to 0.
 4072624	[INFO]	XnProperty.cpp	151	Property Depth1.XRes was changed to 320.
 4072647	[INFO]	XnProperty.cpp	151	Property Depth1.YRes was changed to 240.
 4072664	[INFO]	XnProperty.cpp	151	Property Depth1.FPS was changed to 30.
 4072681	[INFO]	XnProperty.cpp	151	Property Depth1.OutputFormat was changed to 1.
 4072697	[INFO]	XnProperty.cpp	151	Property Depth1.BytesPerPixel was changed to 2.
 4072713	[INFO]	XnProperty.cpp	151	Property Depth1.RequiredDataSize was changed to 153600.
 4072735	[INFO]	XnProperty.cpp	151	Property Depth1.ParamCoeff was changed to 4.
 4072810	[INFO]	XnProperty.cpp	151	Property Depth1.ShiftScale was changed to 10.
 4085009	[INFO]	XnProperty.cpp	151	Property Depth1.ConstShift was changed to 200.
 4085099	[INFO]	XnProperty.cpp	151	Property Depth1.ZPD was changed to 120.
 4085196	[INFO]	XnProperty.cpp	151	Property Depth1.ZPPS was changed to 0.104200.
 4085211	[INFO]	XnProperty.cpp	151	Property Depth1.LDDIS was changed to 7.500000.
 4085308	[INFO]	XnProperty.cpp	151	Property Depth1.Gain was changed to 30.
 4085355	[INFO]	XnDeviceBase.cpp	1458	Stream 'Depth1' was initialized.
 4085378	[INFO]	XnDeviceBase.cpp	1463	'Depth1' stream was created.
 4085580	[INFO]	XnProperty.cpp	74	Setting Depth1.InputFormat to 3...
 4085604	[INFO]	XnProperty.cpp	151	Property Depth1.InputFormat was changed to 3.
 4085617	[INFO]	XnProperty.cpp	101	Depth1.InputFormat was successfully set.
 4086053	[INFO]	XnProperty.cpp	74	Setting Depth1.RegistrationType to 2...
 4086073	[INFO]	XnProperty.cpp	151	Property Depth1.RegistrationType was changed to 2.
 4086087	[INFO]	XnProperty.cpp	101	Depth1.RegistrationType was successfully set.
 4086552	[INFO]	XnDeviceModule.cpp	431	Module 'Depth1' configuration was loaded from file.
 4086747	[INFO]	XnProperty.cpp	74	Setting Depth1.FPS to 30...
 4086766	[INFO]	XnProperty.cpp	86	Depth1.FPS value did not change.
 4086778	[INFO]	XnProperty.cpp	74	Setting Depth1.YRes to 480...
 4086792	[INFO]	XnProperty.cpp	151	Property Depth1.Resolution was changed to 1.
 4086805	[INFO]	XnProperty.cpp	151	Property Depth1.XRes was changed to 640.
 4086816	[INFO]	XnProperty.cpp	151	Property Depth1.RequiredDataSize was changed to 307200.
 4086832	[INFO]	XnProperty.cpp	151	Property Depth1.YRes was changed to 480.
 4086844	[INFO]	XnProperty.cpp	151	Property Depth1.RequiredDataSize was changed to 614400.
 4086857	[INFO]	XnProperty.cpp	101	Depth1.YRes was successfully set.
 4086869	[INFO]	XnProperty.cpp	74	Setting Depth1.XRes to 640...
 4086881	[INFO]	XnProperty.cpp	86	Depth1.XRes value did not change.
 4086924	[INFO]	XnProperty.cpp	74	Setting Depth1.Mirror to 1...
 4086939	[INFO]	XnProperty.cpp	151	Property Depth1.FirmwareMirror was changed to 1.
 4086981	[INFO]	XnProperty.cpp	151	Property Depth1.Mirror was changed to 1.
 4086993	[INFO]	XnProperty.cpp	101	Depth1.Mirror was successfully set.
 6499678	[INFO]	XnOpenNI.cpp	1261	Creating node 'User1' of type User...
 6522548	[WARNING]	Linux-x86Threads.cpp	173	Failed to set thread priority: Invalid argument
 6522593	[WARNING]	XnUSBLinux-x86.cpp	126	USB events thread: Failed to set thread priority to critical. This might cause loss of data...
 6523594	[INFO]	XnUSBLinux-x86.cpp	1222	USB read thread was started.
 6523621	[INFO]	XnProperty.cpp	151	Property Depth1.ActualReadData was changed to 1.
 6993901	[INFO]	XnProperty.cpp	151	Property Depth1.State was changed to 1.
 6993945	[INFO]	XnDeviceBase.cpp	370	Stream Depth1 is open.
 9805735	[INFO]	XnOpenNI.cpp	1261	Creating node 'Image1' of type Image...
 9805784	[INFO]	XnDeviceBase.cpp	1383	Creating stream 'Image1' of type 'Image'...
 9805966	[INFO]	XnProperty.cpp	151	Property Image1.Resolution was changed to 0.
 9805985	[INFO]	XnProperty.cpp	151	Property Image1.XRes was changed to 320.
 9805998	[INFO]	XnProperty.cpp	151	Property Image1.YRes was changed to 240.
 9806009	[INFO]	XnProperty.cpp	151	Property Image1.FPS was changed to 30.
 9806020	[INFO]	XnProperty.cpp	151	Property Image1.OutputFormat was changed to 5.
 9806031	[INFO]	XnProperty.cpp	151	Property Image1.BytesPerPixel was changed to 3.
 9806043	[INFO]	XnProperty.cpp	151	Property Image1.RequiredDataSize was changed to 230400.
 9806075	[INFO]	XnDeviceBase.cpp	1458	Stream 'Image1' was initialized.
 9806101	[INFO]	XnDeviceBase.cpp	1463	'Image1' stream was created.
 9806216	[INFO]	XnProperty.cpp	74	Setting Image1.InputFormat to 6...
 9806238	[INFO]	XnProperty.cpp	151	Property Image1.InputFormat was changed to 6.
 9806250	[INFO]	XnProperty.cpp	101	Image1.InputFormat was successfully set.
 9806665	[INFO]	XnDeviceModule.cpp	431	Module 'Image1' configuration was loaded from file.
 9806745	[INFO]	XnProperty.cpp	74	Setting Image1.FPS to 30...
 9806760	[INFO]	XnProperty.cpp	86	Image1.FPS value did not change.
 9806772	[INFO]	XnProperty.cpp	74	Setting Image1.YRes to 480...
 9806785	[INFO]	XnProperty.cpp	151	Property Image1.Resolution was changed to 1.
 9806797	[INFO]	XnProperty.cpp	151	Property Image1.XRes was changed to 640.
 9806808	[INFO]	XnProperty.cpp	151	Property Image1.RequiredDataSize was changed to 460800.
 9806822	[INFO]	XnProperty.cpp	151	Property Image1.YRes was changed to 480.
 9806834	[INFO]	XnProperty.cpp	151	Property Image1.RequiredDataSize was changed to 921600.
 9806846	[INFO]	XnProperty.cpp	101	Image1.YRes was successfully set.
 9806858	[INFO]	XnProperty.cpp	74	Setting Image1.XRes to 640...
 9806868	[INFO]	XnProperty.cpp	86	Image1.XRes value did not change.
 9807796	[INFO]	XnUSBLinux-x86.cpp	1222	USB read thread was started.
 9807839	[INFO]	XnProperty.cpp	151	Property Image1.ActualReadData was changed to 1.
 9995215	[WARNING]	XnDepthProcessor.cpp	133	Read: Depth buffer is corrupt. Size is 536912 (!= 614400)
 9995262	[WARNING]	XnFrameStreamProcessor.cpp	132	Depth frame is corrupt!
13007859	[INFO]	XnProperty.cpp	151	Property Image1.State was changed to 1.
13007933	[INFO]	XnDeviceBase.cpp	370	Stream Image1 is open.
13008199	[INFO]	XnProperty.cpp	74	Setting Depth1.Registration to 1...
13031285	[WARNING]	XnDepthProcessor.cpp	133	Read: Depth buffer is corrupt. Size is 591888 (!= 614400)
13031343	[WARNING]	XnFrameStreamProcessor.cpp	132	Depth frame is corrupt!
13160230	[INFO]	XnProperty.cpp	151	Property Depth1.Registration was changed to 1.
13160297	[INFO]	XnProperty.cpp	101	Depth1.Registration was successfully set.
13160373	[INFO]	XnProperty.cpp	74	Setting Image1.Mirror to 1...
13172751	[INFO]	XnProperty.cpp	151	Property Image1.FirmwareMirror was changed to 1.
13172794	[INFO]	XnProperty.cpp	151	Property Image1.Mirror was changed to 1.
13172806	[INFO]	XnProperty.cpp	101	Image1.Mirror was successfully set.
25993280	[INFO]	XnOpenNI.cpp	1459	Destroying node 'User1'
26001429	[INFO]	XnOpenNI.cpp	1459	Destroying node 'Depth1'
26001518	[INFO]	XnDeviceBase.cpp	1507	Destroying stream 'Depth1'...
26002939	[INFO]	XnOpenNI.cpp	1459	Destroying node 'Image1'
26003049	[INFO]	XnDeviceBase.cpp	1507	Destroying stream 'Image1'...
26004044	[INFO]	XnOpenNI.cpp	1459	Destroying node 'Device1'
