    1805	[INFO]	XnLog.cpp	165	OpenNI version is 1.0.0 (Build 25)-MacOSX (Jan  7 2011 14:20:18)
    1864	[INFO]	XnLog.cpp	173	Log system initialized. Console: 1, File: 1, Severity: INFO, Masks: ALL
    1897	[INFO]	XnLog.cpp	173	Log system initialized. Console: 1, File: 1, Severity: INFO, Masks: ALL
    3370	[INFO]	XnUSBLinux-x86.cpp	98	USB is initialized.
 1965135	[INFO]	XnOpenNI.cpp	1261	Creating node 'Device1' of type Device...
 1966250	[INFO]	XnDeviceModule.cpp	431	Module 'Device' configuration was loaded from file.
 2231372	[INFO]	XnDeviceSensorIO.cpp	135	Connected to USB device
 2231426	[INFO]	XnProperty.cpp	151	Property Device.USBPath was changed to 045e/02ae@250/10.
 2238718	[INFO]	XnHostProtocol.cpp	825	Hardware versions: FW=5.1.4 (7) HW=4 Chip=2 Sensor=4 SYS=7
 3751568	[INFO]	XnProperty.cpp	151	Property Device.ID was changed to 0.
 3751646	[INFO]	XnSensor.cpp	182	Device sensor initialized
 3751737	[INFO]	XnOpenNI.cpp	1261	Creating node 'Depth1' of type Depth...
 3751788	[INFO]	XnDeviceBase.cpp	1383	Creating stream 'Depth1' of type 'Depth'...
 3751815	[INFO]	XnProperty.cpp	74	Setting Device.ReadData to 1...
 3751854	[INFO]	XnDeviceSensorIO.cpp	298	Endpoints open
 3764272	[INFO]	XnProperty.cpp	151	Property Device.ReadData was changed to 1.
 3764322	[INFO]	XnProperty.cpp	101	Device.ReadData was successfully set.
 3764685	[INFO]	XnProperty.cpp	151	Property Depth1.Resolution was changed to 0.
 3764708	[INFO]	XnProperty.cpp	151	Property Depth1.XRes was changed to 320.
 3764728	[INFO]	XnProperty.cpp	151	Property Depth1.YRes was changed to 240.
 3764753	[INFO]	XnProperty.cpp	151	Property Depth1.FPS was changed to 30.
 3764773	[INFO]	XnProperty.cpp	151	Property Depth1.OutputFormat was changed to 1.
 3764793	[INFO]	XnProperty.cpp	151	Property Depth1.BytesPerPixel was changed to 2.
 3764812	[INFO]	XnProperty.cpp	151	Property Depth1.RequiredDataSize was changed to 153600.
 3764836	[INFO]	XnProperty.cpp	151	Property Depth1.ParamCoeff was changed to 4.
 3764909	[INFO]	XnProperty.cpp	151	Property Depth1.ShiftScale was changed to 10.
 3777503	[INFO]	XnProperty.cpp	151	Property Depth1.ConstShift was changed to 200.
 3777605	[INFO]	XnProperty.cpp	151	Property Depth1.ZPD was changed to 120.
 3777707	[INFO]	XnProperty.cpp	151	Property Depth1.ZPPS was changed to 0.104200.
 3777722	[INFO]	XnProperty.cpp	151	Property Depth1.LDDIS was changed to 7.500000.
 3777820	[INFO]	XnProperty.cpp	151	Property Depth1.Gain was changed to 30.
 3777852	[INFO]	XnDeviceBase.cpp	1458	Stream 'Depth1' was initialized.
 3777866	[INFO]	XnDeviceBase.cpp	1463	'Depth1' stream was created.
 3778030	[INFO]	XnProperty.cpp	74	Setting Depth1.InputFormat to 3...
 3778052	[INFO]	XnProperty.cpp	151	Property Depth1.InputFormat was changed to 3.
 3778065	[INFO]	XnProperty.cpp	101	Depth1.InputFormat was successfully set.
 3778497	[INFO]	XnProperty.cpp	74	Setting Depth1.RegistrationType to 2...
 3778513	[INFO]	XnProperty.cpp	151	Property Depth1.RegistrationType was changed to 2.
 3778525	[INFO]	XnProperty.cpp	101	Depth1.RegistrationType was successfully set.
 3778979	[INFO]	XnDeviceModule.cpp	431	Module 'Depth1' configuration was loaded from file.
 3779146	[INFO]	XnProperty.cpp	74	Setting Depth1.FPS to 30...
 3779162	[INFO]	XnProperty.cpp	86	Depth1.FPS value did not change.
 3779175	[INFO]	XnProperty.cpp	74	Setting Depth1.YRes to 480...
 3779190	[INFO]	XnProperty.cpp	151	Property Depth1.Resolution was changed to 1.
 3779203	[INFO]	XnProperty.cpp	151	Property Depth1.XRes was changed to 640.
 3779215	[INFO]	XnProperty.cpp	151	Property Depth1.RequiredDataSize was changed to 307200.
 3779230	[INFO]	XnProperty.cpp	151	Property Depth1.YRes was changed to 480.
 3779242	[INFO]	XnProperty.cpp	151	Property Depth1.RequiredDataSize was changed to 614400.
 3779255	[INFO]	XnProperty.cpp	101	Depth1.YRes was successfully set.
 3779273	[INFO]	XnProperty.cpp	74	Setting Depth1.XRes to 640...
 3779289	[INFO]	XnProperty.cpp	86	Depth1.XRes value did not change.
 3779345	[INFO]	XnProperty.cpp	74	Setting Depth1.Mirror to 1...
 3779365	[INFO]	XnProperty.cpp	151	Property Depth1.FirmwareMirror was changed to 1.
 3779422	[INFO]	XnProperty.cpp	151	Property Depth1.Mirror was changed to 1.
 3779439	[INFO]	XnProperty.cpp	101	Depth1.Mirror was successfully set.
 4909242	[INFO]	XnOpenNI.cpp	1261	Creating node 'User1' of type User...
 4933776	[WARNING]	Linux-x86Threads.cpp	173	Failed to set thread priority: Invalid argument
 4933821	[WARNING]	XnUSBLinux-x86.cpp	126	USB events thread: Failed to set thread priority to critical. This might cause loss of data...
 4934913	[INFO]	XnUSBLinux-x86.cpp	1222	USB read thread was started.
 4934956	[INFO]	XnProperty.cpp	151	Property Depth1.ActualReadData was changed to 1.
 5406325	[INFO]	XnProperty.cpp	151	Property Depth1.State was changed to 1.
 5406367	[INFO]	XnDeviceBase.cpp	370	Stream Depth1 is open.
 6507906	[INFO]	XnOpenNI.cpp	1261	Creating node 'Image1' of type Image...
 6507958	[INFO]	XnDeviceBase.cpp	1383	Creating stream 'Image1' of type 'Image'...
 6508227	[INFO]	XnProperty.cpp	151	Property Image1.Resolution was changed to 0.
 6508254	[INFO]	XnProperty.cpp	151	Property Image1.XRes was changed to 320.
 6508274	[INFO]	XnProperty.cpp	151	Property Image1.YRes was changed to 240.
 6508293	[INFO]	XnProperty.cpp	151	Property Image1.FPS was changed to 30.
 6508312	[INFO]	XnProperty.cpp	151	Property Image1.OutputFormat was changed to 5.
 6508330	[INFO]	XnProperty.cpp	151	Property Image1.BytesPerPixel was changed to 3.
 6508350	[INFO]	XnProperty.cpp	151	Property Image1.RequiredDataSize was changed to 230400.
 6508392	[INFO]	XnDeviceBase.cpp	1458	Stream 'Image1' was initialized.
 6508413	[INFO]	XnDeviceBase.cpp	1463	'Image1' stream was created.
 6508546	[INFO]	XnProperty.cpp	74	Setting Image1.InputFormat to 6...
 6508575	[INFO]	XnProperty.cpp	151	Property Image1.InputFormat was changed to 6.
 6508595	[INFO]	XnProperty.cpp	101	Image1.InputFormat was successfully set.
 6509207	[INFO]	XnDeviceModule.cpp	431	Module 'Image1' configuration was loaded from file.
 6509321	[INFO]	XnProperty.cpp	74	Setting Image1.FPS to 30...
 6509345	[INFO]	XnProperty.cpp	86	Image1.FPS value did not change.
 6509364	[INFO]	XnProperty.cpp	74	Setting Image1.YRes to 480...
 6509382	[INFO]	XnProperty.cpp	151	Property Image1.Resolution was changed to 1.
 6509400	[INFO]	XnProperty.cpp	151	Property Image1.XRes was changed to 640.
 6509419	[INFO]	XnProperty.cpp	151	Property Image1.RequiredDataSize was changed to 460800.
 6509440	[INFO]	XnProperty.cpp	151	Property Image1.YRes was changed to 480.
 6509458	[INFO]	XnProperty.cpp	151	Property Image1.RequiredDataSize was changed to 921600.
 6509475	[INFO]	XnProperty.cpp	101	Image1.YRes was successfully set.
 6509494	[INFO]	XnProperty.cpp	74	Setting Image1.XRes to 640...
 6509511	[INFO]	XnProperty.cpp	86	Image1.XRes value did not change.
 6510468	[INFO]	XnUSBLinux-x86.cpp	1222	USB read thread was started.
 6510517	[INFO]	XnProperty.cpp	151	Property Image1.ActualReadData was changed to 1.
 6670957	[WARNING]	XnFirmwareStreams.cpp	324	Unknown packet type (0x4847)!!!
 6671004	[WARNING]	XnFirmwareStreams.cpp	324	Unknown packet type (0x4847)!!!
 6674962	[WARNING]	XnFirmwareStreams.cpp	324	Unknown packet type (0x4847)!!!
 6675046	[WARNING]	XnFrameStreamProcessor.cpp	140	Depth Frame Buffer overflow! current size: 612768
 6675061	[WARNING]	XnFrameStreamProcessor.cpp	132	Depth frame is corrupt!
 6702919	[WARNING]	XnDepthProcessor.cpp	133	Read: Depth buffer is corrupt. Size is 612768 (!= 614400)
 9607052	[WARNING]	XnDepthProcessor.cpp	133	Read: Depth buffer is corrupt. Size is 601872 (!= 614400)
 9607099	[WARNING]	XnFrameStreamProcessor.cpp	132	Depth frame is corrupt!
 9711073	[INFO]	XnProperty.cpp	151	Property Image1.State was changed to 1.
 9711124	[INFO]	XnDeviceBase.cpp	370	Stream Image1 is open.
 9711309	[INFO]	XnProperty.cpp	74	Setting Depth1.Registration to 1...
 9743013	[WARNING]	XnDepthProcessor.cpp	133	Read: Depth buffer is corrupt. Size is 584752 (!= 614400)
 9743061	[WARNING]	XnFrameStreamProcessor.cpp	132	Depth frame is corrupt!
 9864086	[INFO]	XnProperty.cpp	151	Property Depth1.Registration was changed to 1.
 9864129	[INFO]	XnProperty.cpp	101	Depth1.Registration was successfully set.
 9864210	[INFO]	XnProperty.cpp	74	Setting Image1.Mirror to 1...
 9876591	[INFO]	XnProperty.cpp	151	Property Image1.FirmwareMirror was changed to 1.
 9876636	[INFO]	XnProperty.cpp	151	Property Image1.Mirror was changed to 1.
 9876648	[INFO]	XnProperty.cpp	101	Image1.Mirror was successfully set.
