    1792	[INFO]	XnLog.cpp	165	OpenNI version is 1.0.0 (Build 25)-MacOSX (Jan  7 2011 14:20:18)
    1857	[INFO]	XnLog.cpp	173	Log system initialized. Console: 1, File: 1, Severity: INFO, Masks: ALL
    1889	[INFO]	XnLog.cpp	173	Log system initialized. Console: 1, File: 1, Severity: INFO, Masks: ALL
    3666	[INFO]	XnUSBLinux-x86.cpp	98	USB is initialized.
 1965317	[INFO]	XnOpenNI.cpp	1261	Creating node 'Device1' of type Device...
 1966109	[INFO]	XnDeviceModule.cpp	431	Module 'Device' configuration was loaded from file.
 2231760	[INFO]	XnDeviceSensorIO.cpp	135	Connected to USB device
 2231812	[INFO]	XnProperty.cpp	151	Property Device.USBPath was changed to 045e/02ae@250/10.
 2239214	[INFO]	XnHostProtocol.cpp	825	Hardware versions: FW=5.1.4 (7) HW=4 Chip=2 Sensor=4 SYS=7
 3646443	[INFO]	XnProperty.cpp	151	Property Device.ID was changed to 0.
 3646501	[INFO]	XnSensor.cpp	182	Device sensor initialized
 3646596	[INFO]	XnOpenNI.cpp	1261	Creating node 'Depth1' of type Depth...
 3646649	[INFO]	XnDeviceBase.cpp	1383	Creating stream 'Depth1' of type 'Depth'...
 3646675	[INFO]	XnProperty.cpp	74	Setting Device.ReadData to 1...
 3646717	[INFO]	XnDeviceSensorIO.cpp	298	Endpoints open
 3659103	[INFO]	XnProperty.cpp	151	Property Device.ReadData was changed to 1.
 3659146	[INFO]	XnProperty.cpp	101	Device.ReadData was successfully set.
 3659545	[INFO]	XnProperty.cpp	151	Property Depth1.Resolution was changed to 0.
 3659565	[INFO]	XnProperty.cpp	151	Property Depth1.XRes was changed to 320.
 3659578	[INFO]	XnProperty.cpp	151	Property Depth1.YRes was changed to 240.
 3659590	[INFO]	XnProperty.cpp	151	Property Depth1.FPS was changed to 30.
 3659601	[INFO]	XnProperty.cpp	151	Property Depth1.OutputFormat was changed to 1.
 3659612	[INFO]	XnProperty.cpp	151	Property Depth1.BytesPerPixel was changed to 2.
 3659625	[INFO]	XnProperty.cpp	151	Property Depth1.RequiredDataSize was changed to 153600.
 3659641	[INFO]	XnProperty.cpp	151	Property Depth1.ParamCoeff was changed to 4.
 3659700	[INFO]	XnProperty.cpp	151	Property Depth1.ShiftScale was changed to 10.
 3672113	[INFO]	XnProperty.cpp	151	Property Depth1.ConstShift was changed to 200.
 3672201	[INFO]	XnProperty.cpp	151	Property Depth1.ZPD was changed to 120.
 3672296	[INFO]	XnProperty.cpp	151	Property Depth1.ZPPS was changed to 0.104200.
 3672311	[INFO]	XnProperty.cpp	151	Property Depth1.LDDIS was changed to 7.500000.
 3672403	[INFO]	XnProperty.cpp	151	Property Depth1.Gain was changed to 30.
 3672435	[INFO]	XnDeviceBase.cpp	1458	Stream 'Depth1' was initialized.
 3672448	[INFO]	XnDeviceBase.cpp	1463	'Depth1' stream was created.
 3672611	[INFO]	XnProperty.cpp	74	Setting Depth1.InputFormat to 3...
 3672638	[INFO]	XnProperty.cpp	151	Property Depth1.InputFormat was changed to 3.
 3672661	[INFO]	XnProperty.cpp	101	Depth1.InputFormat was successfully set.
 3673100	[INFO]	XnProperty.cpp	74	Setting Depth1.RegistrationType to 2...
 3673117	[INFO]	XnProperty.cpp	151	Property Depth1.RegistrationType was changed to 2.
 3673128	[INFO]	XnProperty.cpp	101	Depth1.RegistrationType was successfully set.
 3673593	[INFO]	XnDeviceModule.cpp	431	Module 'Depth1' configuration was loaded from file.
 3673783	[INFO]	XnProperty.cpp	74	Setting Depth1.FPS to 30...
 3673801	[INFO]	XnProperty.cpp	86	Depth1.FPS value did not change.
 3673813	[INFO]	XnProperty.cpp	74	Setting Depth1.YRes to 480...
 3673827	[INFO]	XnProperty.cpp	151	Property Depth1.Resolution was changed to 1.
 3673840	[INFO]	XnProperty.cpp	151	Property Depth1.XRes was changed to 640.
 3673853	[INFO]	XnProperty.cpp	151	Property Depth1.RequiredDataSize was changed to 307200.
 3673872	[INFO]	XnProperty.cpp	151	Property Depth1.YRes was changed to 480.
 3673891	[INFO]	XnProperty.cpp	151	Property Depth1.RequiredDataSize was changed to 614400.
 3673907	[INFO]	XnProperty.cpp	101	Depth1.YRes was successfully set.
 3673920	[INFO]	XnProperty.cpp	74	Setting Depth1.XRes to 640...
 3673937	[INFO]	XnProperty.cpp	86	Depth1.XRes value did not change.
 3673994	[INFO]	XnProperty.cpp	74	Setting Depth1.Mirror to 1...
 3674012	[INFO]	XnProperty.cpp	151	Property Depth1.FirmwareMirror was changed to 1.
 3674058	[INFO]	XnProperty.cpp	151	Property Depth1.Mirror was changed to 1.
 3674069	[INFO]	XnProperty.cpp	101	Depth1.Mirror was successfully set.
 4774576	[INFO]	XnOpenNI.cpp	1261	Creating node 'User1' of type User...
 4799430	[WARNING]	Linux-x86Threads.cpp	173	Failed to set thread priority: Invalid argument
 4799476	[WARNING]	XnUSBLinux-x86.cpp	126	USB events thread: Failed to set thread priority to critical. This might cause loss of data...
 4800481	[INFO]	XnUSBLinux-x86.cpp	1222	USB read thread was started.
 4800515	[INFO]	XnProperty.cpp	151	Property Depth1.ActualReadData was changed to 1.
 5271743	[INFO]	XnProperty.cpp	151	Property Depth1.State was changed to 1.
 5271784	[INFO]	XnDeviceBase.cpp	370	Stream Depth1 is open.
 6910689	[INFO]	XnOpenNI.cpp	1261	Creating node 'Image1' of type Image...
 6910752	[INFO]	XnDeviceBase.cpp	1383	Creating stream 'Image1' of type 'Image'...
 6911003	[INFO]	XnProperty.cpp	151	Property Image1.Resolution was changed to 0.
 6911031	[INFO]	XnProperty.cpp	151	Property Image1.XRes was changed to 320.
 6911050	[INFO]	XnProperty.cpp	151	Property Image1.YRes was changed to 240.
 6911069	[INFO]	XnProperty.cpp	151	Property Image1.FPS was changed to 30.
 6911087	[INFO]	XnProperty.cpp	151	Property Image1.OutputFormat was changed to 5.
 6911105	[INFO]	XnProperty.cpp	151	Property Image1.BytesPerPixel was changed to 3.
 6911122	[INFO]	XnProperty.cpp	151	Property Image1.RequiredDataSize was changed to 230400.
 6911160	[INFO]	XnDeviceBase.cpp	1458	Stream 'Image1' was initialized.
 6911181	[INFO]	XnDeviceBase.cpp	1463	'Image1' stream was created.
 6911315	[INFO]	XnProperty.cpp	74	Setting Image1.InputFormat to 6...
 6911344	[INFO]	XnProperty.cpp	151	Property Image1.InputFormat was changed to 6.
 6911362	[INFO]	XnProperty.cpp	101	Image1.InputFormat was successfully set.
 6912012	[INFO]	XnDeviceModule.cpp	431	Module 'Image1' configuration was loaded from file.
 6912141	[INFO]	XnProperty.cpp	74	Setting Image1.FPS to 30...
 6912164	[INFO]	XnProperty.cpp	86	Image1.FPS value did not change.
 6912184	[INFO]	XnProperty.cpp	74	Setting Image1.YRes to 480...
 6912205	[INFO]	XnProperty.cpp	151	Property Image1.Resolution was changed to 1.
 6912224	[INFO]	XnProperty.cpp	151	Property Image1.XRes was changed to 640.
 6912242	[INFO]	XnProperty.cpp	151	Property Image1.RequiredDataSize was changed to 460800.
 6912263	[INFO]	XnProperty.cpp	151	Property Image1.YRes was changed to 480.
 6912285	[INFO]	XnProperty.cpp	151	Property Image1.RequiredDataSize was changed to 921600.
 6912317	[INFO]	XnProperty.cpp	101	Image1.YRes was successfully set.
 6912336	[INFO]	XnProperty.cpp	74	Setting Image1.XRes to 640...
 6912351	[INFO]	XnProperty.cpp	86	Image1.XRes value did not change.
 6913465	[INFO]	XnUSBLinux-x86.cpp	1222	USB read thread was started.
 6913522	[INFO]	XnProperty.cpp	151	Property Image1.ActualReadData was changed to 1.
 7072519	[WARNING]	XnFrameStreamProcessor.cpp	140	Depth Frame Buffer overflow! current size: 612768
 7072575	[WARNING]	XnFrameStreamProcessor.cpp	132	Depth frame is corrupt!
 7104501	[WARNING]	XnDepthProcessor.cpp	133	Read: Depth buffer is corrupt. Size is 612768 (!= 614400)
10008569	[WARNING]	XnDepthProcessor.cpp	133	Read: Depth buffer is corrupt. Size is 584368 (!= 614400)
10008615	[WARNING]	XnFrameStreamProcessor.cpp	132	Depth frame is corrupt!
10114413	[INFO]	XnProperty.cpp	151	Property Image1.State was changed to 1.
10114464	[INFO]	XnDeviceBase.cpp	370	Stream Image1 is open.
10114634	[INFO]	XnProperty.cpp	74	Setting Depth1.Registration to 1...
10267172	[INFO]	XnProperty.cpp	151	Property Depth1.Registration was changed to 1.
10267216	[INFO]	XnProperty.cpp	101	Depth1.Registration was successfully set.
10267272	[INFO]	XnProperty.cpp	74	Setting Image1.Mirror to 1...
10279903	[INFO]	XnProperty.cpp	151	Property Image1.FirmwareMirror was changed to 1.
10279951	[INFO]	XnProperty.cpp	151	Property Image1.Mirror was changed to 1.
10279969	[INFO]	XnProperty.cpp	101	Image1.Mirror was successfully set.
28755614	[INFO]	XnOpenNI.cpp	1459	Destroying node 'User1'
28764085	[INFO]	XnOpenNI.cpp	1459	Destroying node 'Depth1'
28764219	[INFO]	XnDeviceBase.cpp	1507	Destroying stream 'Depth1'...
28765575	[INFO]	XnOpenNI.cpp	1459	Destroying node 'Image1'
28765645	[INFO]	XnDeviceBase.cpp	1507	Destroying stream 'Image1'...
28766637	[INFO]	XnOpenNI.cpp	1459	Destroying node 'Device1'
