    1597	[INFO]	XnLog.cpp	165	OpenNI version is 1.0.0 (Build 25)-MacOSX (Jan  7 2011 14:20:18)
    1643	[INFO]	XnLog.cpp	173	Log system initialized. Console: 1, File: 1, Severity: INFO, Masks: ALL
    1675	[INFO]	XnLog.cpp	173	Log system initialized. Console: 1, File: 1, Severity: INFO, Masks: ALL
    3066	[INFO]	XnUSBLinux-x86.cpp	98	USB is initialized.
 2368145	[INFO]	XnOpenNI.cpp	1261	Creating node 'Device1' of type Device...
 2369190	[INFO]	XnDeviceModule.cpp	431	Module 'Device' configuration was loaded from file.
 2628113	[INFO]	XnDeviceSensorIO.cpp	135	Connected to USB device
 2628164	[INFO]	XnProperty.cpp	151	Property Device.USBPath was changed to 045e/02ae@253/8.
 2635452	[INFO]	XnHostProtocol.cpp	825	Hardware versions: FW=5.1.4 (7) HW=4 Chip=2 Sensor=4 SYS=7
 4045900	[INFO]	XnProperty.cpp	151	Property Device.ID was changed to 0.
 4045972	[INFO]	XnSensor.cpp	182	Device sensor initialized
 4046076	[INFO]	XnOpenNI.cpp	1261	Creating node 'Depth1' of type Depth...
 4046129	[INFO]	XnDeviceBase.cpp	1383	Creating stream 'Depth1' of type 'Depth'...
 4046160	[INFO]	XnProperty.cpp	74	Setting Device.ReadData to 1...
 4046220	[INFO]	XnDeviceSensorIO.cpp	298	Endpoints open
 4058491	[INFO]	XnProperty.cpp	151	Property Device.ReadData was changed to 1.
 4058541	[INFO]	XnProperty.cpp	101	Device.ReadData was successfully set.
 4058900	[INFO]	XnProperty.cpp	151	Property Depth1.Resolution was changed to 0.
 4058921	[INFO]	XnProperty.cpp	151	Property Depth1.XRes was changed to 320.
 4058934	[INFO]	XnProperty.cpp	151	Property Depth1.YRes was changed to 240.
 4058945	[INFO]	XnProperty.cpp	151	Property Depth1.FPS was changed to 30.
 4058956	[INFO]	XnProperty.cpp	151	Property Depth1.OutputFormat was changed to 1.
 4058968	[INFO]	XnProperty.cpp	151	Property Depth1.BytesPerPixel was changed to 2.
 4058981	[INFO]	XnProperty.cpp	151	Property Depth1.RequiredDataSize was changed to 153600.
 4058996	[INFO]	XnProperty.cpp	151	Property Depth1.ParamCoeff was changed to 4.
 4059055	[INFO]	XnProperty.cpp	151	Property Depth1.ShiftScale was changed to 10.
 4071854	[INFO]	XnProperty.cpp	151	Property Depth1.ConstShift was changed to 200.
 4071942	[INFO]	XnProperty.cpp	151	Property Depth1.ZPD was changed to 120.
 4072045	[INFO]	XnProperty.cpp	151	Property Depth1.ZPPS was changed to 0.104200.
 4072073	[INFO]	XnProperty.cpp	151	Property Depth1.LDDIS was changed to 7.500000.
 4072195	[INFO]	XnProperty.cpp	151	Property Depth1.Gain was changed to 30.
 4072240	[INFO]	XnDeviceBase.cpp	1458	Stream 'Depth1' was initialized.
 4072264	[INFO]	XnDeviceBase.cpp	1463	'Depth1' stream was created.
 4072485	[INFO]	XnProperty.cpp	74	Setting Depth1.InputFormat to 3...
 4072520	[INFO]	XnProperty.cpp	151	Property Depth1.InputFormat was changed to 3.
 4072541	[INFO]	XnProperty.cpp	101	Depth1.InputFormat was successfully set.
 4073226	[INFO]	XnProperty.cpp	74	Setting Depth1.RegistrationType to 2...
 4073260	[INFO]	XnProperty.cpp	151	Property Depth1.RegistrationType was changed to 2.
 4073279	[INFO]	XnProperty.cpp	101	Depth1.RegistrationType was successfully set.
 4073985	[INFO]	XnDeviceModule.cpp	431	Module 'Depth1' configuration was loaded from file.
 4074228	[INFO]	XnProperty.cpp	74	Setting Depth1.FPS to 30...
 4074253	[INFO]	XnProperty.cpp	86	Depth1.FPS value did not change.
 4074291	[INFO]	XnProperty.cpp	74	Setting Depth1.YRes to 480...
 4074313	[INFO]	XnProperty.cpp	151	Property Depth1.Resolution was changed to 1.
 4074334	[INFO]	XnProperty.cpp	151	Property Depth1.XRes was changed to 640.
 4074354	[INFO]	XnProperty.cpp	151	Property Depth1.RequiredDataSize was changed to 307200.
 4074376	[INFO]	XnProperty.cpp	151	Property Depth1.YRes was changed to 480.
 4074401	[INFO]	XnProperty.cpp	151	Property Depth1.RequiredDataSize was changed to 614400.
 4074424	[INFO]	XnProperty.cpp	101	Depth1.YRes was successfully set.
 4074447	[INFO]	XnProperty.cpp	74	Setting Depth1.XRes to 640...
 4074465	[INFO]	XnProperty.cpp	86	Depth1.XRes value did not change.
 4074526	[INFO]	XnProperty.cpp	74	Setting Depth1.Mirror to 1...
 4074552	[INFO]	XnProperty.cpp	151	Property Depth1.FirmwareMirror was changed to 1.
 4074612	[INFO]	XnProperty.cpp	151	Property Depth1.Mirror was changed to 1.
 4074633	[INFO]	XnProperty.cpp	101	Depth1.Mirror was successfully set.
 6594378	[INFO]	XnOpenNI.cpp	1261	Creating node 'User1' of type User...
 6617805	[WARNING]	Linux-x86Threads.cpp	173	Failed to set thread priority: Invalid argument
 6617851	[WARNING]	XnUSBLinux-x86.cpp	126	USB events thread: Failed to set thread priority to critical. This might cause loss of data...
 6618649	[INFO]	XnUSBLinux-x86.cpp	1222	USB read thread was started.
 6618674	[INFO]	XnProperty.cpp	151	Property Depth1.ActualReadData was changed to 1.
 7089328	[INFO]	XnProperty.cpp	151	Property Depth1.State was changed to 1.
 7089376	[INFO]	XnDeviceBase.cpp	370	Stream Depth1 is open.
 9900694	[INFO]	XnOpenNI.cpp	1261	Creating node 'Image1' of type Image...
 9900745	[INFO]	XnDeviceBase.cpp	1383	Creating stream 'Image1' of type 'Image'...
 9900930	[INFO]	XnProperty.cpp	151	Property Image1.Resolution was changed to 0.
 9900952	[INFO]	XnProperty.cpp	151	Property Image1.XRes was changed to 320.
 9900972	[INFO]	XnProperty.cpp	151	Property Image1.YRes was changed to 240.
 9900991	[INFO]	XnProperty.cpp	151	Property Image1.FPS was changed to 30.
 9901009	[INFO]	XnProperty.cpp	151	Property Image1.OutputFormat was changed to 5.
 9901028	[INFO]	XnProperty.cpp	151	Property Image1.BytesPerPixel was changed to 3.
 9901042	[INFO]	XnProperty.cpp	151	Property Image1.RequiredDataSize was changed to 230400.
 9901079	[INFO]	XnDeviceBase.cpp	1458	Stream 'Image1' was initialized.
 9901097	[INFO]	XnDeviceBase.cpp	1463	'Image1' stream was created.
 9901201	[INFO]	XnProperty.cpp	74	Setting Image1.InputFormat to 6...
 9901222	[INFO]	XnProperty.cpp	151	Property Image1.InputFormat was changed to 6.
 9901235	[INFO]	XnProperty.cpp	101	Image1.InputFormat was successfully set.
 9901669	[INFO]	XnDeviceModule.cpp	431	Module 'Image1' configuration was loaded from file.
 9901765	[INFO]	XnProperty.cpp	74	Setting Image1.FPS to 30...
 9901781	[INFO]	XnProperty.cpp	86	Image1.FPS value did not change.
 9901793	[INFO]	XnProperty.cpp	74	Setting Image1.YRes to 480...
 9901805	[INFO]	XnProperty.cpp	151	Property Image1.Resolution was changed to 1.
 9901819	[INFO]	XnProperty.cpp	151	Property Image1.XRes was changed to 640.
 9901838	[INFO]	XnProperty.cpp	151	Property Image1.RequiredDataSize was changed to 460800.
 9901860	[INFO]	XnProperty.cpp	151	Property Image1.YRes was changed to 480.
 9901880	[INFO]	XnProperty.cpp	151	Property Image1.RequiredDataSize was changed to 921600.
 9901900	[INFO]	XnProperty.cpp	101	Image1.YRes was successfully set.
 9901919	[INFO]	XnProperty.cpp	74	Setting Image1.XRes to 640...
 9901936	[INFO]	XnProperty.cpp	86	Image1.XRes value did not change.
 9902857	[INFO]	XnUSBLinux-x86.cpp	1222	USB read thread was started.
 9902902	[INFO]	XnProperty.cpp	151	Property Image1.ActualReadData was changed to 1.
10089952	[WARNING]	XnDepthProcessor.cpp	133	Read: Depth buffer is corrupt. Size is 534352 (!= 614400)
10089990	[WARNING]	XnFrameStreamProcessor.cpp	132	Depth frame is corrupt!
13103472	[INFO]	XnProperty.cpp	151	Property Image1.State was changed to 1.
13103514	[INFO]	XnDeviceBase.cpp	370	Stream Image1 is open.
13103694	[INFO]	XnProperty.cpp	74	Setting Depth1.Registration to 1...
13126006	[WARNING]	XnDepthProcessor.cpp	133	Read: Depth buffer is corrupt. Size is 589328 (!= 614400)
13126053	[WARNING]	XnFrameStreamProcessor.cpp	132	Depth frame is corrupt!
13255225	[INFO]	XnProperty.cpp	151	Property Depth1.Registration was changed to 1.
13255267	[INFO]	XnProperty.cpp	101	Depth1.Registration was successfully set.
13255315	[INFO]	XnProperty.cpp	74	Setting Image1.Mirror to 1...
13267817	[INFO]	XnProperty.cpp	151	Property Image1.FirmwareMirror was changed to 1.
13267869	[INFO]	XnProperty.cpp	151	Property Image1.Mirror was changed to 1.
13267882	[INFO]	XnProperty.cpp	101	Image1.Mirror was successfully set.
40061361	[INFO]	XnOpenNI.cpp	1459	Destroying node 'User1'
40070868	[INFO]	XnOpenNI.cpp	1459	Destroying node 'Depth1'
40070973	[INFO]	XnDeviceBase.cpp	1507	Destroying stream 'Depth1'...
40072605	[INFO]	XnOpenNI.cpp	1459	Destroying node 'Image1'
40072715	[INFO]	XnDeviceBase.cpp	1507	Destroying stream 'Image1'...
40073546	[INFO]	XnOpenNI.cpp	1459	Destroying node 'Device1'
