    1424	[INFO]	XnLog.cpp	165	OpenNI version is 1.0.0 (Build 25)-MacOSX (Jan  7 2011 14:20:18)
    1468	[INFO]	XnLog.cpp	173	Log system initialized. Console: 1, File: 1, Severity: INFO, Masks: ALL
    1492	[INFO]	XnLog.cpp	173	Log system initialized. Console: 1, File: 1, Severity: INFO, Masks: ALL
    2613	[INFO]	XnUSBLinux-x86.cpp	98	USB is initialized.
 1109616	[INFO]	XnOpenNI.cpp	1261	Creating node 'Device1' of type Device...
 1110383	[INFO]	XnDeviceModule.cpp	431	Module 'Device' configuration was loaded from file.
 1258181	[INFO]	XnDeviceSensorIO.cpp	135	Connected to USB device
 1258232	[INFO]	XnProperty.cpp	151	Property Device.USBPath was changed to 045e/02ae@253/8.
 1265745	[INFO]	XnHostProtocol.cpp	825	Hardware versions: FW=5.1.4 (7) HW=4 Chip=2 Sensor=4 SYS=7
 2677822	[INFO]	XnProperty.cpp	151	Property Device.ID was changed to 0.
 2677875	[INFO]	XnSensor.cpp	182	Device sensor initialized
 2677961	[INFO]	XnOpenNI.cpp	1261	Creating node 'Depth1' of type Depth...
 2678000	[INFO]	XnDeviceBase.cpp	1383	Creating stream 'Depth1' of type 'Depth'...
 2678024	[INFO]	XnProperty.cpp	74	Setting Device.ReadData to 1...
 2678066	[INFO]	XnDeviceSensorIO.cpp	298	Endpoints open
 2690456	[INFO]	XnProperty.cpp	151	Property Device.ReadData was changed to 1.
 2690493	[INFO]	XnProperty.cpp	101	Device.ReadData was successfully set.
 2690855	[INFO]	XnProperty.cpp	151	Property Depth1.Resolution was changed to 0.
 2690876	[INFO]	XnProperty.cpp	151	Property Depth1.XRes was changed to 320.
 2690889	[INFO]	XnProperty.cpp	151	Property Depth1.YRes was changed to 240.
 2690900	[INFO]	XnProperty.cpp	151	Property Depth1.FPS was changed to 30.
 2690911	[INFO]	XnProperty.cpp	151	Property Depth1.OutputFormat was changed to 1.
 2690923	[INFO]	XnProperty.cpp	151	Property Depth1.BytesPerPixel was changed to 2.
 2690935	[INFO]	XnProperty.cpp	151	Property Depth1.RequiredDataSize was changed to 153600.
 2690950	[INFO]	XnProperty.cpp	151	Property Depth1.ParamCoeff was changed to 4.
 2691011	[INFO]	XnProperty.cpp	151	Property Depth1.ShiftScale was changed to 10.
 2703445	[INFO]	XnProperty.cpp	151	Property Depth1.ConstShift was changed to 200.
 2703542	[INFO]	XnProperty.cpp	151	Property Depth1.ZPD was changed to 120.
 2703648	[INFO]	XnProperty.cpp	151	Property Depth1.ZPPS was changed to 0.104200.
 2703674	[INFO]	XnProperty.cpp	151	Property Depth1.LDDIS was changed to 7.500000.
 2703791	[INFO]	XnProperty.cpp	151	Property Depth1.Gain was changed to 30.
 2703836	[INFO]	XnDeviceBase.cpp	1458	Stream 'Depth1' was initialized.
 2703859	[INFO]	XnDeviceBase.cpp	1463	'Depth1' stream was created.
 2704071	[INFO]	XnProperty.cpp	74	Setting Depth1.InputFormat to 3...
 2704103	[INFO]	XnProperty.cpp	151	Property Depth1.InputFormat was changed to 3.
 2704125	[INFO]	XnProperty.cpp	101	Depth1.InputFormat was successfully set.
 2704794	[INFO]	XnProperty.cpp	74	Setting Depth1.RegistrationType to 2...
 2704830	[INFO]	XnProperty.cpp	151	Property Depth1.RegistrationType was changed to 2.
 2704847	[INFO]	XnProperty.cpp	101	Depth1.RegistrationType was successfully set.
 2705593	[INFO]	XnDeviceModule.cpp	431	Module 'Depth1' configuration was loaded from file.
 2705859	[INFO]	XnProperty.cpp	74	Setting Depth1.FPS to 30...
 2705884	[INFO]	XnProperty.cpp	86	Depth1.FPS value did not change.
 2705906	[INFO]	XnProperty.cpp	74	Setting Depth1.YRes to 480...
 2705927	[INFO]	XnProperty.cpp	151	Property Depth1.Resolution was changed to 1.
 2705948	[INFO]	XnProperty.cpp	151	Property Depth1.XRes was changed to 640.
 2705967	[INFO]	XnProperty.cpp	151	Property Depth1.RequiredDataSize was changed to 307200.
 2705989	[INFO]	XnProperty.cpp	151	Property Depth1.YRes was changed to 480.
 2706008	[INFO]	XnProperty.cpp	151	Property Depth1.RequiredDataSize was changed to 614400.
 2706026	[INFO]	XnProperty.cpp	101	Depth1.YRes was successfully set.
 2706043	[INFO]	XnProperty.cpp	74	Setting Depth1.XRes to 640...
 2706059	[INFO]	XnProperty.cpp	86	Depth1.XRes value did not change.
 2706121	[INFO]	XnProperty.cpp	74	Setting Depth1.Mirror to 1...
 2706146	[INFO]	XnProperty.cpp	151	Property Depth1.FirmwareMirror was changed to 1.
 2706469	[INFO]	XnProperty.cpp	151	Property Depth1.Mirror was changed to 1.
 2706491	[INFO]	XnProperty.cpp	101	Depth1.Mirror was successfully set.
 3804565	[INFO]	XnOpenNI.cpp	1261	Creating node 'User1' of type User...
 3828537	[WARNING]	Linux-x86Threads.cpp	173	Failed to set thread priority: Invalid argument
 3828584	[WARNING]	XnUSBLinux-x86.cpp	126	USB events thread: Failed to set thread priority to critical. This might cause loss of data...
 3829353	[INFO]	XnUSBLinux-x86.cpp	1222	USB read thread was started.
 3829380	[INFO]	XnProperty.cpp	151	Property Depth1.ActualReadData was changed to 1.
 4299920	[INFO]	XnProperty.cpp	151	Property Depth1.State was changed to 1.
 4299963	[INFO]	XnDeviceBase.cpp	370	Stream Depth1 is open.
 5391775	[INFO]	XnOpenNI.cpp	1261	Creating node 'Image1' of type Image...
 5391826	[INFO]	XnDeviceBase.cpp	1383	Creating stream 'Image1' of type 'Image'...
 5391996	[INFO]	XnProperty.cpp	151	Property Image1.Resolution was changed to 0.
 5392015	[INFO]	XnProperty.cpp	151	Property Image1.XRes was changed to 320.
 5392028	[INFO]	XnProperty.cpp	151	Property Image1.YRes was changed to 240.
 5392040	[INFO]	XnProperty.cpp	151	Property Image1.FPS was changed to 30.
 5392051	[INFO]	XnProperty.cpp	151	Property Image1.OutputFormat was changed to 5.
 5392062	[INFO]	XnProperty.cpp	151	Property Image1.BytesPerPixel was changed to 3.
 5392075	[INFO]	XnProperty.cpp	151	Property Image1.RequiredDataSize was changed to 230400.
 5392107	[INFO]	XnDeviceBase.cpp	1458	Stream 'Image1' was initialized.
 5392122	[INFO]	XnDeviceBase.cpp	1463	'Image1' stream was created.
 5392211	[INFO]	XnProperty.cpp	74	Setting Image1.InputFormat to 6...
 5392231	[INFO]	XnProperty.cpp	151	Property Image1.InputFormat was changed to 6.
 5392243	[INFO]	XnProperty.cpp	101	Image1.InputFormat was successfully set.
 5392646	[INFO]	XnDeviceModule.cpp	431	Module 'Image1' configuration was loaded from file.
 5392738	[INFO]	XnProperty.cpp	74	Setting Image1.FPS to 30...
 5392757	[INFO]	XnProperty.cpp	86	Image1.FPS value did not change.
 5392773	[INFO]	XnProperty.cpp	74	Setting Image1.YRes to 480...
 5392793	[INFO]	XnProperty.cpp	151	Property Image1.Resolution was changed to 1.
 5392808	[INFO]	XnProperty.cpp	151	Property Image1.XRes was changed to 640.
 5392822	[INFO]	XnProperty.cpp	151	Property Image1.RequiredDataSize was changed to 460800.
 5392843	[INFO]	XnProperty.cpp	151	Property Image1.YRes was changed to 480.
 5392860	[INFO]	XnProperty.cpp	151	Property Image1.RequiredDataSize was changed to 921600.
 5392878	[INFO]	XnProperty.cpp	101	Image1.YRes was successfully set.
 5392896	[INFO]	XnProperty.cpp	74	Setting Image1.XRes to 640...
 5392911	[INFO]	XnProperty.cpp	86	Image1.XRes value did not change.
 5393878	[INFO]	XnUSBLinux-x86.cpp	1222	USB read thread was started.
 5393926	[INFO]	XnProperty.cpp	151	Property Image1.ActualReadData was changed to 1.
 5564878	[WARNING]	XnDepthProcessor.cpp	133	Read: Depth buffer is corrupt. Size is 571232 (!= 614400)
 5564925	[WARNING]	XnFrameStreamProcessor.cpp	132	Depth frame is corrupt!
 5596907	[WARNING]	XnDepthProcessor.cpp	133	Read: Depth buffer is corrupt. Size is 578016 (!= 614400)
 5596953	[WARNING]	XnFrameStreamProcessor.cpp	132	Depth frame is corrupt!
 8594724	[INFO]	XnProperty.cpp	151	Property Image1.State was changed to 1.
 8594807	[INFO]	XnDeviceBase.cpp	370	Stream Image1 is open.
 8595010	[INFO]	XnProperty.cpp	74	Setting Depth1.Registration to 1...
 8632948	[WARNING]	XnDepthProcessor.cpp	133	Read: Depth buffer is corrupt. Size is 589840 (!= 614400)
 8632996	[WARNING]	XnFrameStreamProcessor.cpp	132	Depth frame is corrupt!
 8747499	[INFO]	XnProperty.cpp	151	Property Depth1.Registration was changed to 1.
 8747542	[INFO]	XnProperty.cpp	101	Depth1.Registration was successfully set.
 8747589	[INFO]	XnProperty.cpp	74	Setting Image1.Mirror to 1...
 8760246	[INFO]	XnProperty.cpp	151	Property Image1.FirmwareMirror was changed to 1.
 8760290	[INFO]	XnProperty.cpp	151	Property Image1.Mirror was changed to 1.
 8760303	[INFO]	XnProperty.cpp	101	Image1.Mirror was successfully set.
12010418	[INFO]	XnOpenNI.cpp	1459	Destroying node 'User1'
12018818	[INFO]	XnOpenNI.cpp	1459	Destroying node 'Depth1'
12018915	[INFO]	XnDeviceBase.cpp	1507	Destroying stream 'Depth1'...
12021095	[INFO]	XnOpenNI.cpp	1459	Destroying node 'Image1'
12021171	[INFO]	XnDeviceBase.cpp	1507	Destroying stream 'Image1'...
12022247	[INFO]	XnOpenNI.cpp	1459	Destroying node 'Device1'
