    1382	[INFO]	XnLog.cpp	165	OpenNI version is 1.0.0 (Build 25)-MacOSX (Jan  7 2011 14:20:18)
    1426	[INFO]	XnLog.cpp	173	Log system initialized. Console: 1, File: 1, Severity: INFO, Masks: ALL
    1450	[INFO]	XnLog.cpp	173	Log system initialized. Console: 1, File: 1, Severity: INFO, Masks: ALL
    2589	[INFO]	XnUSBLinux-x86.cpp	98	USB is initialized.
 2353485	[INFO]	XnOpenNI.cpp	1261	Creating node 'Device1' of type Device...
 2354254	[INFO]	XnDeviceModule.cpp	431	Module 'Device' configuration was loaded from file.
 2615463	[INFO]	XnDeviceSensorIO.cpp	135	Connected to USB device
 2615510	[INFO]	XnProperty.cpp	151	Property Device.USBPath was changed to 045e/02ae@253/8.
 2622610	[INFO]	XnHostProtocol.cpp	825	Hardware versions: FW=5.1.4 (7) HW=4 Chip=2 Sensor=4 SYS=7
 4033474	[INFO]	XnProperty.cpp	151	Property Device.ID was changed to 0.
 4033539	[INFO]	XnSensor.cpp	182	Device sensor initialized
 4033640	[INFO]	XnOpenNI.cpp	1261	Creating node 'Depth1' of type Depth...
 4033689	[INFO]	XnDeviceBase.cpp	1383	Creating stream 'Depth1' of type 'Depth'...
 4033714	[INFO]	XnProperty.cpp	74	Setting Device.ReadData to 1...
 4033757	[INFO]	XnDeviceSensorIO.cpp	298	Endpoints open
 4046135	[INFO]	XnProperty.cpp	151	Property Device.ReadData was changed to 1.
 4046174	[INFO]	XnProperty.cpp	101	Device.ReadData was successfully set.
 4046515	[INFO]	XnProperty.cpp	151	Property Depth1.Resolution was changed to 0.
 4046534	[INFO]	XnProperty.cpp	151	Property Depth1.XRes was changed to 320.
 4046546	[INFO]	XnProperty.cpp	151	Property Depth1.YRes was changed to 240.
 4046558	[INFO]	XnProperty.cpp	151	Property Depth1.FPS was changed to 30.
 4046569	[INFO]	XnProperty.cpp	151	Property Depth1.OutputFormat was changed to 1.
 4046580	[INFO]	XnProperty.cpp	151	Property Depth1.BytesPerPixel was changed to 2.
 4046592	[INFO]	XnProperty.cpp	151	Property Depth1.RequiredDataSize was changed to 153600.
 4046608	[INFO]	XnProperty.cpp	151	Property Depth1.ParamCoeff was changed to 4.
 4046673	[INFO]	XnProperty.cpp	151	Property Depth1.ShiftScale was changed to 10.
 4058981	[INFO]	XnProperty.cpp	151	Property Depth1.ConstShift was changed to 200.
 4059090	[INFO]	XnProperty.cpp	151	Property Depth1.ZPD was changed to 120.
 4059206	[INFO]	XnProperty.cpp	151	Property Depth1.ZPPS was changed to 0.104200.
 4059231	[INFO]	XnProperty.cpp	151	Property Depth1.LDDIS was changed to 7.500000.
 4059347	[INFO]	XnProperty.cpp	151	Property Depth1.Gain was changed to 30.
 4059392	[INFO]	XnDeviceBase.cpp	1458	Stream 'Depth1' was initialized.
 4059414	[INFO]	XnDeviceBase.cpp	1463	'Depth1' stream was created.
 4059630	[INFO]	XnProperty.cpp	74	Setting Depth1.InputFormat to 3...
 4059660	[INFO]	XnProperty.cpp	151	Property Depth1.InputFormat was changed to 3.
 4059682	[INFO]	XnProperty.cpp	101	Depth1.InputFormat was successfully set.
 4060365	[INFO]	XnProperty.cpp	74	Setting Depth1.RegistrationType to 2...
 4060401	[INFO]	XnProperty.cpp	151	Property Depth1.RegistrationType was changed to 2.
 4060424	[INFO]	XnProperty.cpp	101	Depth1.RegistrationType was successfully set.
 4061139	[INFO]	XnDeviceModule.cpp	431	Module 'Depth1' configuration was loaded from file.
 4061393	[INFO]	XnProperty.cpp	74	Setting Depth1.FPS to 30...
 4061419	[INFO]	XnProperty.cpp	86	Depth1.FPS value did not change.
 4061440	[INFO]	XnProperty.cpp	74	Setting Depth1.YRes to 480...
 4061462	[INFO]	XnProperty.cpp	151	Property Depth1.Resolution was changed to 1.
 4061484	[INFO]	XnProperty.cpp	151	Property Depth1.XRes was changed to 640.
 4061502	[INFO]	XnProperty.cpp	151	Property Depth1.RequiredDataSize was changed to 307200.
 4061525	[INFO]	XnProperty.cpp	151	Property Depth1.YRes was changed to 480.
 4061542	[INFO]	XnProperty.cpp	151	Property Depth1.RequiredDataSize was changed to 614400.
 4061564	[INFO]	XnProperty.cpp	101	Depth1.YRes was successfully set.
 4061586	[INFO]	XnProperty.cpp	74	Setting Depth1.XRes to 640...
 4061602	[INFO]	XnProperty.cpp	86	Depth1.XRes value did not change.
 4061660	[INFO]	XnProperty.cpp	74	Setting Depth1.Mirror to 1...
 4061683	[INFO]	XnProperty.cpp	151	Property Depth1.FirmwareMirror was changed to 1.
 4061742	[INFO]	XnProperty.cpp	151	Property Depth1.Mirror was changed to 1.
 4061760	[INFO]	XnProperty.cpp	101	Depth1.Mirror was successfully set.
 6056056	[INFO]	XnOpenNI.cpp	1261	Creating node 'User1' of type User...
 6079312	[WARNING]	Linux-x86Threads.cpp	173	Failed to set thread priority: Invalid argument
 6079358	[WARNING]	XnUSBLinux-x86.cpp	126	USB events thread: Failed to set thread priority to critical. This might cause loss of data...
 6080268	[INFO]	XnUSBLinux-x86.cpp	1222	USB read thread was started.
 6080304	[INFO]	XnProperty.cpp	151	Property Depth1.ActualReadData was changed to 1.
 6550858	[INFO]	XnProperty.cpp	151	Property Depth1.State was changed to 1.
 6550909	[INFO]	XnDeviceBase.cpp	370	Stream Depth1 is open.
 8529190	[INFO]	XnOpenNI.cpp	1261	Creating node 'Image1' of type Image...
 8529255	[INFO]	XnDeviceBase.cpp	1383	Creating stream 'Image1' of type 'Image'...
 8529490	[INFO]	XnProperty.cpp	151	Property Image1.Resolution was changed to 0.
 8529515	[INFO]	XnProperty.cpp	151	Property Image1.XRes was changed to 320.
 8529533	[INFO]	XnProperty.cpp	151	Property Image1.YRes was changed to 240.
 8529549	[INFO]	XnProperty.cpp	151	Property Image1.FPS was changed to 30.
 8529567	[INFO]	XnProperty.cpp	151	Property Image1.OutputFormat was changed to 5.
 8529588	[INFO]	XnProperty.cpp	151	Property Image1.BytesPerPixel was changed to 3.
 8529609	[INFO]	XnProperty.cpp	151	Property Image1.RequiredDataSize was changed to 230400.
 8529653	[INFO]	XnDeviceBase.cpp	1458	Stream 'Image1' was initialized.
 8529673	[INFO]	XnDeviceBase.cpp	1463	'Image1' stream was created.
 8529808	[INFO]	XnProperty.cpp	74	Setting Image1.InputFormat to 6...
 8529834	[INFO]	XnProperty.cpp	151	Property Image1.InputFormat was changed to 6.
 8529850	[INFO]	XnProperty.cpp	101	Image1.InputFormat was successfully set.
 8530460	[INFO]	XnDeviceModule.cpp	431	Module 'Image1' configuration was loaded from file.
 8530594	[INFO]	XnProperty.cpp	74	Setting Image1.FPS to 30...
 8530617	[INFO]	XnProperty.cpp	86	Image1.FPS value did not change.
 8530632	[INFO]	XnProperty.cpp	74	Setting Image1.YRes to 480...
 8530649	[INFO]	XnProperty.cpp	151	Property Image1.Resolution was changed to 1.
 8530665	[INFO]	XnProperty.cpp	151	Property Image1.XRes was changed to 640.
 8530682	[INFO]	XnProperty.cpp	151	Property Image1.RequiredDataSize was changed to 460800.
 8530700	[INFO]	XnProperty.cpp	151	Property Image1.YRes was changed to 480.
 8530717	[INFO]	XnProperty.cpp	151	Property Image1.RequiredDataSize was changed to 921600.
 8530733	[INFO]	XnProperty.cpp	101	Image1.YRes was successfully set.
 8530749	[INFO]	XnProperty.cpp	74	Setting Image1.XRes to 640...
 8530764	[INFO]	XnProperty.cpp	86	Image1.XRes value did not change.
 8531878	[INFO]	XnUSBLinux-x86.cpp	1222	USB read thread was started.
 8531933	[INFO]	XnProperty.cpp	151	Property Image1.ActualReadData was changed to 1.
 8715633	[WARNING]	XnDepthProcessor.cpp	133	Read: Depth buffer is corrupt. Size is 543696 (!= 614400)
 8715681	[WARNING]	XnFrameStreamProcessor.cpp	132	Depth frame is corrupt!
 8751526	[WARNING]	XnDepthProcessor.cpp	133	Read: Depth buffer is corrupt. Size is 601168 (!= 614400)
 8751578	[WARNING]	XnFrameStreamProcessor.cpp	132	Depth frame is corrupt!
11619608	[WARNING]	XnDepthProcessor.cpp	133	Read: Depth buffer is corrupt. Size is 561344 (!= 614400)
11619657	[WARNING]	XnFrameStreamProcessor.cpp	132	Depth frame is corrupt!
11732693	[INFO]	XnProperty.cpp	151	Property Image1.State was changed to 1.
11732741	[INFO]	XnDeviceBase.cpp	370	Stream Image1 is open.
11732922	[INFO]	XnProperty.cpp	74	Setting Depth1.Registration to 1...
11739621	[WARNING]	XnFirmwareStreams.cpp	324	Unknown packet type (0x4846)!!!
11751689	[WARNING]	XnDepthProcessor.cpp	133	Read: Depth buffer is corrupt. Size is 577536 (!= 614400)
11751738	[WARNING]	XnFrameStreamProcessor.cpp	132	Depth frame is corrupt!
11787609	[WARNING]	XnDepthProcessor.cpp	133	Read: Depth buffer is corrupt. Size is 585648 (!= 614400)
11787661	[WARNING]	XnFrameStreamProcessor.cpp	132	Depth frame is corrupt!
11884571	[INFO]	XnProperty.cpp	151	Property Depth1.Registration was changed to 1.
11884644	[INFO]	XnProperty.cpp	101	Depth1.Registration was successfully set.
11884692	[INFO]	XnProperty.cpp	74	Setting Image1.Mirror to 1...
11896837	[INFO]	XnProperty.cpp	151	Property Image1.FirmwareMirror was changed to 1.
11896882	[INFO]	XnProperty.cpp	151	Property Image1.Mirror was changed to 1.
11896894	[INFO]	XnProperty.cpp	101	Image1.Mirror was successfully set.
20588223	[INFO]	XnOpenNI.cpp	1459	Destroying node 'User1'
20596680	[INFO]	XnOpenNI.cpp	1459	Destroying node 'Depth1'
20596771	[INFO]	XnDeviceBase.cpp	1507	Destroying stream 'Depth1'...
20597891	[INFO]	XnOpenNI.cpp	1459	Destroying node 'Image1'
20597943	[INFO]	XnDeviceBase.cpp	1507	Destroying stream 'Image1'...
20598741	[INFO]	XnOpenNI.cpp	1459	Destroying node 'Device1'
