    1584	[INFO]	XnLog.cpp	165	OpenNI version is 1.0.0 (Build 25)-MacOSX (Jan  7 2011 14:20:18)
    1629	[INFO]	XnLog.cpp	173	Log system initialized. Console: 1, File: 1, Severity: INFO, Masks: ALL
    1653	[INFO]	XnLog.cpp	173	Log system initialized. Console: 1, File: 1, Severity: INFO, Masks: ALL
    2746	[INFO]	XnUSBLinux-x86.cpp	98	USB is initialized.
 4478812	[INFO]	XnOpenNI.cpp	1261	Creating node 'Device1' of type Device...
 4479628	[INFO]	XnDeviceModule.cpp	431	Module 'Device' configuration was loaded from file.
 5145546	[INFO]	XnDeviceSensorIO.cpp	135	Connected to USB device
 5145602	[INFO]	XnProperty.cpp	151	Property Device.USBPath was changed to 045e/02ae@250/10.
 5153166	[INFO]	XnHostProtocol.cpp	825	Hardware versions: FW=5.1.4 (7) HW=4 Chip=2 Sensor=4 SYS=7
 6563008	[INFO]	XnProperty.cpp	151	Property Device.ID was changed to 0.
 6563067	[INFO]	XnSensor.cpp	182	Device sensor initialized
 6563171	[INFO]	XnOpenNI.cpp	1261	Creating node 'Depth1' of type Depth...
 6563230	[INFO]	XnDeviceBase.cpp	1383	Creating stream 'Depth1' of type 'Depth'...
 6563261	[INFO]	XnProperty.cpp	74	Setting Device.ReadData to 1...
 6563308	[INFO]	XnDeviceSensorIO.cpp	298	Endpoints open
 6575898	[INFO]	XnProperty.cpp	151	Property Device.ReadData was changed to 1.
 6575941	[INFO]	XnProperty.cpp	101	Device.ReadData was successfully set.
 6576298	[INFO]	XnProperty.cpp	151	Property Depth1.Resolution was changed to 0.
 6576318	[INFO]	XnProperty.cpp	151	Property Depth1.XRes was changed to 320.
 6576331	[INFO]	XnProperty.cpp	151	Property Depth1.YRes was changed to 240.
 6576343	[INFO]	XnProperty.cpp	151	Property Depth1.FPS was changed to 30.
 6576355	[INFO]	XnProperty.cpp	151	Property Depth1.OutputFormat was changed to 1.
 6576367	[INFO]	XnProperty.cpp	151	Property Depth1.BytesPerPixel was changed to 2.
 6576379	[INFO]	XnProperty.cpp	151	Property Depth1.RequiredDataSize was changed to 153600.
 6576394	[INFO]	XnProperty.cpp	151	Property Depth1.ParamCoeff was changed to 4.
 6576453	[INFO]	XnProperty.cpp	151	Property Depth1.ShiftScale was changed to 10.
 6588718	[INFO]	XnProperty.cpp	151	Property Depth1.ConstShift was changed to 200.
 6588851	[INFO]	XnProperty.cpp	151	Property Depth1.ZPD was changed to 120.
 6588967	[INFO]	XnProperty.cpp	151	Property Depth1.ZPPS was changed to 0.104200.
 6588991	[INFO]	XnProperty.cpp	151	Property Depth1.LDDIS was changed to 7.500000.
 6589102	[INFO]	XnProperty.cpp	151	Property Depth1.Gain was changed to 30.
 6589142	[INFO]	XnDeviceBase.cpp	1458	Stream 'Depth1' was initialized.
 6589162	[INFO]	XnDeviceBase.cpp	1463	'Depth1' stream was created.
 6589326	[INFO]	XnProperty.cpp	74	Setting Depth1.InputFormat to 3...
 6589351	[INFO]	XnProperty.cpp	151	Property Depth1.InputFormat was changed to 3.
 6589371	[INFO]	XnProperty.cpp	101	Depth1.InputFormat was successfully set.
 6589839	[INFO]	XnProperty.cpp	74	Setting Depth1.RegistrationType to 2...
 6589859	[INFO]	XnProperty.cpp	151	Property Depth1.RegistrationType was changed to 2.
 6589878	[INFO]	XnProperty.cpp	101	Depth1.RegistrationType was successfully set.
 6590412	[INFO]	XnDeviceModule.cpp	431	Module 'Depth1' configuration was loaded from file.
 6590655	[INFO]	XnProperty.cpp	74	Setting Depth1.FPS to 30...
 6590679	[INFO]	XnProperty.cpp	86	Depth1.FPS value did not change.
 6590695	[INFO]	XnProperty.cpp	74	Setting Depth1.YRes to 480...
 6590714	[INFO]	XnProperty.cpp	151	Property Depth1.Resolution was changed to 1.
 6590732	[INFO]	XnProperty.cpp	151	Property Depth1.XRes was changed to 640.
 6590747	[INFO]	XnProperty.cpp	151	Property Depth1.RequiredDataSize was changed to 307200.
 6590766	[INFO]	XnProperty.cpp	151	Property Depth1.YRes was changed to 480.
 6590781	[INFO]	XnProperty.cpp	151	Property Depth1.RequiredDataSize was changed to 614400.
 6590798	[INFO]	XnProperty.cpp	101	Depth1.YRes was successfully set.
 6590814	[INFO]	XnProperty.cpp	74	Setting Depth1.XRes to 640...
 6590827	[INFO]	XnProperty.cpp	86	Depth1.XRes value did not change.
 6590882	[INFO]	XnProperty.cpp	74	Setting Depth1.Mirror to 1...
 6590900	[INFO]	XnProperty.cpp	151	Property Depth1.FirmwareMirror was changed to 1.
 6590954	[INFO]	XnProperty.cpp	151	Property Depth1.Mirror was changed to 1.
 6590970	[INFO]	XnProperty.cpp	101	Depth1.Mirror was successfully set.
11758172	[INFO]	XnOpenNI.cpp	1261	Creating node 'User1' of type User...
11781095	[WARNING]	Linux-x86Threads.cpp	173	Failed to set thread priority: Invalid argument
11781140	[WARNING]	XnUSBLinux-x86.cpp	126	USB events thread: Failed to set thread priority to critical. This might cause loss of data...
11781872	[INFO]	XnUSBLinux-x86.cpp	1222	USB read thread was started.
11781895	[INFO]	XnProperty.cpp	151	Property Depth1.ActualReadData was changed to 1.
12252639	[INFO]	XnProperty.cpp	151	Property Depth1.State was changed to 1.
12252685	[INFO]	XnDeviceBase.cpp	370	Stream Depth1 is open.
17389044	[INFO]	XnOpenNI.cpp	1261	Creating node 'Image1' of type Image...
17389095	[INFO]	XnDeviceBase.cpp	1383	Creating stream 'Image1' of type 'Image'...
17389319	[INFO]	XnProperty.cpp	151	Property Image1.Resolution was changed to 0.
17389346	[INFO]	XnProperty.cpp	151	Property Image1.XRes was changed to 320.
17389365	[INFO]	XnProperty.cpp	151	Property Image1.YRes was changed to 240.
17389390	[INFO]	XnProperty.cpp	151	Property Image1.FPS was changed to 30.
17389408	[INFO]	XnProperty.cpp	151	Property Image1.OutputFormat was changed to 5.
17389426	[INFO]	XnProperty.cpp	151	Property Image1.BytesPerPixel was changed to 3.
17389446	[INFO]	XnProperty.cpp	151	Property Image1.RequiredDataSize was changed to 230400.
17389484	[INFO]	XnDeviceBase.cpp	1458	Stream 'Image1' was initialized.
17389504	[INFO]	XnDeviceBase.cpp	1463	'Image1' stream was created.
17389636	[INFO]	XnProperty.cpp	74	Setting Image1.InputFormat to 6...
17389665	[INFO]	XnProperty.cpp	151	Property Image1.InputFormat was changed to 6.
17389684	[INFO]	XnProperty.cpp	101	Image1.InputFormat was successfully set.
17390309	[INFO]	XnDeviceModule.cpp	431	Module 'Image1' configuration was loaded from file.
17390429	[INFO]	XnProperty.cpp	74	Setting Image1.FPS to 30...
17390452	[INFO]	XnProperty.cpp	86	Image1.FPS value did not change.
17390473	[INFO]	XnProperty.cpp	74	Setting Image1.YRes to 480...
17390495	[INFO]	XnProperty.cpp	151	Property Image1.Resolution was changed to 1.
17390517	[INFO]	XnProperty.cpp	151	Property Image1.XRes was changed to 640.
17390539	[INFO]	XnProperty.cpp	151	Property Image1.RequiredDataSize was changed to 460800.
17390563	[INFO]	XnProperty.cpp	151	Property Image1.YRes was changed to 480.
17390586	[INFO]	XnProperty.cpp	151	Property Image1.RequiredDataSize was changed to 921600.
17390609	[INFO]	XnProperty.cpp	101	Image1.YRes was successfully set.
17390633	[INFO]	XnProperty.cpp	74	Setting Image1.XRes to 640...
17390652	[INFO]	XnProperty.cpp	86	Image1.XRes value did not change.
17391682	[INFO]	XnUSBLinux-x86.cpp	1222	USB read thread was started.
17391723	[INFO]	XnProperty.cpp	151	Property Image1.ActualReadData was changed to 1.
17561358	[WARNING]	XnFrameStreamProcessor.cpp	140	Depth Frame Buffer overflow! current size: 612768
17561404	[WARNING]	XnFrameStreamProcessor.cpp	132	Depth frame is corrupt!
17589341	[WARNING]	XnDepthProcessor.cpp	133	Read: Depth buffer is corrupt. Size is 612768 (!= 614400)
20592515	[INFO]	XnProperty.cpp	151	Property Image1.State was changed to 1.
20592558	[INFO]	XnDeviceBase.cpp	370	Stream Image1 is open.
20592734	[INFO]	XnProperty.cpp	74	Setting Depth1.Registration to 1...
20625452	[WARNING]	XnDepthProcessor.cpp	133	Read: Depth buffer is corrupt. Size is 593584 (!= 614400)
20625499	[WARNING]	XnFrameStreamProcessor.cpp	132	Depth frame is corrupt!
20744644	[INFO]	XnProperty.cpp	151	Property Depth1.Registration was changed to 1.
20744687	[INFO]	XnProperty.cpp	101	Depth1.Registration was successfully set.
20744734	[INFO]	XnProperty.cpp	74	Setting Image1.Mirror to 1...
20757455	[INFO]	XnProperty.cpp	151	Property Image1.FirmwareMirror was changed to 1.
20757517	[INFO]	XnProperty.cpp	151	Property Image1.Mirror was changed to 1.
20757541	[INFO]	XnProperty.cpp	101	Image1.Mirror was successfully set.
146049516	[INFO]	XnOpenNI.cpp	1459	Destroying node 'User1'
146056600	[INFO]	XnOpenNI.cpp	1459	Destroying node 'Depth1'
146056726	[INFO]	XnDeviceBase.cpp	1507	Destroying stream 'Depth1'...
146057970	[INFO]	XnOpenNI.cpp	1459	Destroying node 'Image1'
146058025	[INFO]	XnDeviceBase.cpp	1507	Destroying stream 'Image1'...
146058704	[INFO]	XnOpenNI.cpp	1459	Destroying node 'Device1'
