    1648	[INFO]	XnLog.cpp	165	OpenNI version is 1.0.0 (Build 25)-MacOSX (Jan  7 2011 14:20:18)
    1692	[INFO]	XnLog.cpp	173	Log system initialized. Console: 1, File: 1, Severity: INFO, Masks: ALL
    1716	[INFO]	XnLog.cpp	173	Log system initialized. Console: 1, File: 1, Severity: INFO, Masks: ALL
    2953	[INFO]	XnUSBLinux-x86.cpp	98	USB is initialized.
 1970102	[INFO]	XnOpenNI.cpp	1261	Creating node 'Device1' of type Device...
 1971148	[INFO]	XnDeviceModule.cpp	431	Module 'Device' configuration was loaded from file.
 2237217	[INFO]	XnDeviceSensorIO.cpp	135	Connected to USB device
 2237277	[INFO]	XnProperty.cpp	151	Property Device.USBPath was changed to 045e/02ae@250/10.
 2245319	[INFO]	XnHostProtocol.cpp	825	Hardware versions: FW=5.1.4 (7) HW=4 Chip=2 Sensor=4 SYS=7
 3763213	[INFO]	XnProperty.cpp	151	Property Device.ID was changed to 0.
 3763275	[INFO]	XnSensor.cpp	182	Device sensor initialized
 3763364	[INFO]	XnOpenNI.cpp	1261	Creating node 'Depth1' of type Depth...
 3763401	[INFO]	XnDeviceBase.cpp	1383	Creating stream 'Depth1' of type 'Depth'...
 3763419	[INFO]	XnProperty.cpp	74	Setting Device.ReadData to 1...
 3763449	[INFO]	XnDeviceSensorIO.cpp	298	Endpoints open
 3775575	[INFO]	XnProperty.cpp	151	Property Device.ReadData was changed to 1.
 3775618	[INFO]	XnProperty.cpp	101	Device.ReadData was successfully set.
 3775980	[INFO]	XnProperty.cpp	151	Property Depth1.Resolution was changed to 0.
 3776003	[INFO]	XnProperty.cpp	151	Property Depth1.XRes was changed to 320.
 3776024	[INFO]	XnProperty.cpp	151	Property Depth1.YRes was changed to 240.
 3776043	[INFO]	XnProperty.cpp	151	Property Depth1.FPS was changed to 30.
 3776061	[INFO]	XnProperty.cpp	151	Property Depth1.OutputFormat was changed to 1.
 3776080	[INFO]	XnProperty.cpp	151	Property Depth1.BytesPerPixel was changed to 2.
 3776095	[INFO]	XnProperty.cpp	151	Property Depth1.RequiredDataSize was changed to 153600.
 3776112	[INFO]	XnProperty.cpp	151	Property Depth1.ParamCoeff was changed to 4.
 3776173	[INFO]	XnProperty.cpp	151	Property Depth1.ShiftScale was changed to 10.
 3788424	[INFO]	XnProperty.cpp	151	Property Depth1.ConstShift was changed to 200.
 3788525	[INFO]	XnProperty.cpp	151	Property Depth1.ZPD was changed to 120.
 3788626	[INFO]	XnProperty.cpp	151	Property Depth1.ZPPS was changed to 0.104200.
 3788653	[INFO]	XnProperty.cpp	151	Property Depth1.LDDIS was changed to 7.500000.
 3788788	[INFO]	XnProperty.cpp	151	Property Depth1.Gain was changed to 30.
 3788833	[INFO]	XnDeviceBase.cpp	1458	Stream 'Depth1' was initialized.
 3788857	[INFO]	XnDeviceBase.cpp	1463	'Depth1' stream was created.
 3789069	[INFO]	XnProperty.cpp	74	Setting Depth1.InputFormat to 3...
 3789102	[INFO]	XnProperty.cpp	151	Property Depth1.InputFormat was changed to 3.
 3789124	[INFO]	XnProperty.cpp	101	Depth1.InputFormat was successfully set.
 3789820	[INFO]	XnProperty.cpp	74	Setting Depth1.RegistrationType to 2...
 3789851	[INFO]	XnProperty.cpp	151	Property Depth1.RegistrationType was changed to 2.
 3789872	[INFO]	XnProperty.cpp	101	Depth1.RegistrationType was successfully set.
 3790591	[INFO]	XnDeviceModule.cpp	431	Module 'Depth1' configuration was loaded from file.
 3790852	[INFO]	XnProperty.cpp	74	Setting Depth1.FPS to 30...
 3790876	[INFO]	XnProperty.cpp	86	Depth1.FPS value did not change.
 3790895	[INFO]	XnProperty.cpp	74	Setting Depth1.YRes to 480...
 3790915	[INFO]	XnProperty.cpp	151	Property Depth1.Resolution was changed to 1.
 3790933	[INFO]	XnProperty.cpp	151	Property Depth1.XRes was changed to 640.
 3790953	[INFO]	XnProperty.cpp	151	Property Depth1.RequiredDataSize was changed to 307200.
 3790976	[INFO]	XnProperty.cpp	151	Property Depth1.YRes was changed to 480.
 3790996	[INFO]	XnProperty.cpp	151	Property Depth1.RequiredDataSize was changed to 614400.
 3791016	[INFO]	XnProperty.cpp	101	Depth1.YRes was successfully set.
 3791037	[INFO]	XnProperty.cpp	74	Setting Depth1.XRes to 640...
 3791056	[INFO]	XnProperty.cpp	86	Depth1.XRes value did not change.
 3791120	[INFO]	XnProperty.cpp	74	Setting Depth1.Mirror to 1...
 3791142	[INFO]	XnProperty.cpp	151	Property Depth1.FirmwareMirror was changed to 1.
 3791201	[INFO]	XnProperty.cpp	151	Property Depth1.Mirror was changed to 1.
 3791223	[INFO]	XnProperty.cpp	101	Depth1.Mirror was successfully set.
 4891319	[INFO]	XnOpenNI.cpp	1261	Creating node 'User1' of type User...
 4917111	[WARNING]	Linux-x86Threads.cpp	173	Failed to set thread priority: Invalid argument
 4917147	[WARNING]	XnUSBLinux-x86.cpp	126	USB events thread: Failed to set thread priority to critical. This might cause loss of data...
 4918078	[INFO]	XnUSBLinux-x86.cpp	1222	USB read thread was started.
 4918115	[INFO]	XnProperty.cpp	151	Property Depth1.ActualReadData was changed to 1.
 5389401	[INFO]	XnProperty.cpp	151	Property Depth1.State was changed to 1.
 5389439	[INFO]	XnDeviceBase.cpp	370	Stream Depth1 is open.
 6492495	[INFO]	XnOpenNI.cpp	1261	Creating node 'Image1' of type Image...
 6492556	[INFO]	XnDeviceBase.cpp	1383	Creating stream 'Image1' of type 'Image'...
 6492794	[INFO]	XnProperty.cpp	151	Property Image1.Resolution was changed to 0.
 6492818	[INFO]	XnProperty.cpp	151	Property Image1.XRes was changed to 320.
 6492839	[INFO]	XnProperty.cpp	151	Property Image1.YRes was changed to 240.
 6492859	[INFO]	XnProperty.cpp	151	Property Image1.FPS was changed to 30.
 6492879	[INFO]	XnProperty.cpp	151	Property Image1.OutputFormat was changed to 5.
 6492923	[INFO]	XnProperty.cpp	151	Property Image1.BytesPerPixel was changed to 3.
 6492944	[INFO]	XnProperty.cpp	151	Property Image1.RequiredDataSize was changed to 230400.
 6492989	[INFO]	XnDeviceBase.cpp	1458	Stream 'Image1' was initialized.
 6493013	[INFO]	XnDeviceBase.cpp	1463	'Image1' stream was created.
 6493153	[INFO]	XnProperty.cpp	74	Setting Image1.InputFormat to 6...
 6493185	[INFO]	XnProperty.cpp	151	Property Image1.InputFormat was changed to 6.
 6493206	[INFO]	XnProperty.cpp	101	Image1.InputFormat was successfully set.
 6493850	[INFO]	XnDeviceModule.cpp	431	Module 'Image1' configuration was loaded from file.
 6494053	[INFO]	XnProperty.cpp	74	Setting Image1.FPS to 30...
 6494077	[INFO]	XnProperty.cpp	86	Image1.FPS value did not change.
 6494093	[INFO]	XnProperty.cpp	74	Setting Image1.YRes to 480...
 6494111	[INFO]	XnProperty.cpp	151	Property Image1.Resolution was changed to 1.
 6494127	[INFO]	XnProperty.cpp	151	Property Image1.XRes was changed to 640.
 6494142	[INFO]	XnProperty.cpp	151	Property Image1.RequiredDataSize was changed to 460800.
 6494160	[INFO]	XnProperty.cpp	151	Property Image1.YRes was changed to 480.
 6494175	[INFO]	XnProperty.cpp	151	Property Image1.RequiredDataSize was changed to 921600.
 6494193	[INFO]	XnProperty.cpp	101	Image1.YRes was successfully set.
 6494210	[INFO]	XnProperty.cpp	74	Setting Image1.XRes to 640...
 6494225	[INFO]	XnProperty.cpp	86	Image1.XRes value did not change.
 6495237	[INFO]	XnUSBLinux-x86.cpp	1222	USB read thread was started.
 6495296	[INFO]	XnProperty.cpp	151	Property Image1.ActualReadData was changed to 1.
 6553434	[WARNING]	XnDepthProcessor.cpp	133	Read: Depth buffer is corrupt. Size is 594400 (!= 614400)
 6553479	[WARNING]	XnFrameStreamProcessor.cpp	132	Depth frame is corrupt!
 6689393	[WARNING]	XnDepthProcessor.cpp	133	Read: Depth buffer is corrupt. Size is 576064 (!= 614400)
 6689441	[WARNING]	XnFrameStreamProcessor.cpp	132	Depth frame is corrupt!
 9695676	[INFO]	XnProperty.cpp	151	Property Image1.State was changed to 1.
 9695720	[INFO]	XnDeviceBase.cpp	370	Stream Image1 is open.
 9695916	[INFO]	XnProperty.cpp	74	Setting Depth1.Registration to 1...
 9849029	[INFO]	XnProperty.cpp	151	Property Depth1.Registration was changed to 1.
 9849084	[INFO]	XnProperty.cpp	101	Depth1.Registration was successfully set.
 9849144	[INFO]	XnProperty.cpp	74	Setting Image1.Mirror to 1...
 9861476	[INFO]	XnProperty.cpp	151	Property Image1.FirmwareMirror was changed to 1.
 9861511	[INFO]	XnProperty.cpp	151	Property Image1.Mirror was changed to 1.
 9861523	[INFO]	XnProperty.cpp	101	Image1.Mirror was successfully set.
41300796	[INFO]	XnOpenNI.cpp	1459	Destroying node 'User1'
41309486	[INFO]	XnOpenNI.cpp	1459	Destroying node 'Depth1'
41309585	[INFO]	XnDeviceBase.cpp	1507	Destroying stream 'Depth1'...
41311219	[INFO]	XnOpenNI.cpp	1459	Destroying node 'Image1'
41311331	[INFO]	XnDeviceBase.cpp	1507	Destroying stream 'Image1'...
41312353	[INFO]	XnOpenNI.cpp	1459	Destroying node 'Device1'
