    1407	[INFO]	XnLog.cpp	165	OpenNI version is 1.0.0 (Build 25)-MacOSX (Jan  7 2011 14:20:18)
    1452	[INFO]	XnLog.cpp	173	Log system initialized. Console: 1, File: 1, Severity: INFO, Masks: ALL
    1475	[INFO]	XnLog.cpp	173	Log system initialized. Console: 1, File: 1, Severity: INFO, Masks: ALL
    2589	[INFO]	XnUSBLinux-x86.cpp	98	USB is initialized.
 4500105	[INFO]	XnOpenNI.cpp	1261	Creating node 'Device1' of type Device...
 4501070	[INFO]	XnDeviceModule.cpp	431	Module 'Device' configuration was loaded from file.
 5167833	[INFO]	XnDeviceSensorIO.cpp	135	Connected to USB device
 5167885	[INFO]	XnProperty.cpp	151	Property Device.USBPath was changed to 045e/02ae@250/10.
 5174808	[INFO]	XnHostProtocol.cpp	825	Hardware versions: FW=5.1.4 (7) HW=4 Chip=2 Sensor=4 SYS=7
 6588803	[INFO]	XnProperty.cpp	151	Property Device.ID was changed to 0.
 6588856	[INFO]	XnSensor.cpp	182	Device sensor initialized
 6588934	[INFO]	XnOpenNI.cpp	1261	Creating node 'Depth1' of type Depth...
 6588971	[INFO]	XnDeviceBase.cpp	1383	Creating stream 'Depth1' of type 'Depth'...
 6588987	[INFO]	XnProperty.cpp	74	Setting Device.ReadData to 1...
 6589023	[INFO]	XnDeviceSensorIO.cpp	298	Endpoints open
 6601578	[INFO]	XnProperty.cpp	151	Property Device.ReadData was changed to 1.
 6601620	[INFO]	XnProperty.cpp	101	Device.ReadData was successfully set.
 6601959	[INFO]	XnProperty.cpp	151	Property Depth1.Resolution was changed to 0.
 6601982	[INFO]	XnProperty.cpp	151	Property Depth1.XRes was changed to 320.
 6602002	[INFO]	XnProperty.cpp	151	Property Depth1.YRes was changed to 240.
 6602022	[INFO]	XnProperty.cpp	151	Property Depth1.FPS was changed to 30.
 6602042	[INFO]	XnProperty.cpp	151	Property Depth1.OutputFormat was changed to 1.
 6602082	[INFO]	XnProperty.cpp	151	Property Depth1.BytesPerPixel was changed to 2.
 6602108	[INFO]	XnProperty.cpp	151	Property Depth1.RequiredDataSize was changed to 153600.
 6602144	[INFO]	XnProperty.cpp	151	Property Depth1.ParamCoeff was changed to 4.
 6602223	[INFO]	XnProperty.cpp	151	Property Depth1.ShiftScale was changed to 10.
 6614852	[INFO]	XnProperty.cpp	151	Property Depth1.ConstShift was changed to 200.
 6614958	[INFO]	XnProperty.cpp	151	Property Depth1.ZPD was changed to 120.
 6615080	[INFO]	XnProperty.cpp	151	Property Depth1.ZPPS was changed to 0.104200.
 6615107	[INFO]	XnProperty.cpp	151	Property Depth1.LDDIS was changed to 7.500000.
 6615223	[INFO]	XnProperty.cpp	151	Property Depth1.Gain was changed to 30.
 6615270	[INFO]	XnDeviceBase.cpp	1458	Stream 'Depth1' was initialized.
 6615292	[INFO]	XnDeviceBase.cpp	1463	'Depth1' stream was created.
 6615491	[INFO]	XnProperty.cpp	74	Setting Depth1.InputFormat to 3...
 6615522	[INFO]	XnProperty.cpp	151	Property Depth1.InputFormat was changed to 3.
 6615544	[INFO]	XnProperty.cpp	101	Depth1.InputFormat was successfully set.
 6616224	[INFO]	XnProperty.cpp	74	Setting Depth1.RegistrationType to 2...
 6616254	[INFO]	XnProperty.cpp	151	Property Depth1.RegistrationType was changed to 2.
 6616276	[INFO]	XnProperty.cpp	101	Depth1.RegistrationType was successfully set.
 6616991	[INFO]	XnDeviceModule.cpp	431	Module 'Depth1' configuration was loaded from file.
 6617237	[INFO]	XnProperty.cpp	74	Setting Depth1.FPS to 30...
 6617260	[INFO]	XnProperty.cpp	86	Depth1.FPS value did not change.
 6617281	[INFO]	XnProperty.cpp	74	Setting Depth1.YRes to 480...
 6617302	[INFO]	XnProperty.cpp	151	Property Depth1.Resolution was changed to 1.
 6617321	[INFO]	XnProperty.cpp	151	Property Depth1.XRes was changed to 640.
 6617341	[INFO]	XnProperty.cpp	151	Property Depth1.RequiredDataSize was changed to 307200.
 6617363	[INFO]	XnProperty.cpp	151	Property Depth1.YRes was changed to 480.
 6617383	[INFO]	XnProperty.cpp	151	Property Depth1.RequiredDataSize was changed to 614400.
 6617403	[INFO]	XnProperty.cpp	101	Depth1.YRes was successfully set.
 6617424	[INFO]	XnProperty.cpp	74	Setting Depth1.XRes to 640...
 6617442	[INFO]	XnProperty.cpp	86	Depth1.XRes value did not change.
 6617503	[INFO]	XnProperty.cpp	74	Setting Depth1.Mirror to 1...
 6617528	[INFO]	XnProperty.cpp	151	Property Depth1.FirmwareMirror was changed to 1.
 6617591	[INFO]	XnProperty.cpp	151	Property Depth1.Mirror was changed to 1.
 6617609	[INFO]	XnProperty.cpp	101	Depth1.Mirror was successfully set.
12653276	[INFO]	XnOpenNI.cpp	1261	Creating node 'User1' of type User...
12676966	[WARNING]	Linux-x86Threads.cpp	173	Failed to set thread priority: Invalid argument
12677011	[WARNING]	XnUSBLinux-x86.cpp	126	USB events thread: Failed to set thread priority to critical. This might cause loss of data...
12677801	[INFO]	XnUSBLinux-x86.cpp	1222	USB read thread was started.
12677829	[INFO]	XnProperty.cpp	151	Property Depth1.ActualReadData was changed to 1.
13149521	[INFO]	XnProperty.cpp	151	Property Depth1.State was changed to 1.
13149569	[INFO]	XnDeviceBase.cpp	370	Stream Depth1 is open.
19153813	[INFO]	XnOpenNI.cpp	1261	Creating node 'Image1' of type Image...
19153872	[INFO]	XnDeviceBase.cpp	1383	Creating stream 'Image1' of type 'Image'...
19154068	[INFO]	XnProperty.cpp	151	Property Image1.Resolution was changed to 0.
19154088	[INFO]	XnProperty.cpp	151	Property Image1.XRes was changed to 320.
19154101	[INFO]	XnProperty.cpp	151	Property Image1.YRes was changed to 240.
19154113	[INFO]	XnProperty.cpp	151	Property Image1.FPS was changed to 30.
19154124	[INFO]	XnProperty.cpp	151	Property Image1.OutputFormat was changed to 5.
19154137	[INFO]	XnProperty.cpp	151	Property Image1.BytesPerPixel was changed to 3.
19154149	[INFO]	XnProperty.cpp	151	Property Image1.RequiredDataSize was changed to 230400.
19154177	[INFO]	XnDeviceBase.cpp	1458	Stream 'Image1' was initialized.
19154192	[INFO]	XnDeviceBase.cpp	1463	'Image1' stream was created.
19154295	[INFO]	XnProperty.cpp	74	Setting Image1.InputFormat to 6...
19154316	[INFO]	XnProperty.cpp	151	Property Image1.InputFormat was changed to 6.
19154328	[INFO]	XnProperty.cpp	101	Image1.InputFormat was successfully set.
19154734	[INFO]	XnDeviceModule.cpp	431	Module 'Image1' configuration was loaded from file.
19154821	[INFO]	XnProperty.cpp	74	Setting Image1.FPS to 30...
19154837	[INFO]	XnProperty.cpp	86	Image1.FPS value did not change.
19154849	[INFO]	XnProperty.cpp	74	Setting Image1.YRes to 480...
19154862	[INFO]	XnProperty.cpp	151	Property Image1.Resolution was changed to 1.
19154874	[INFO]	XnProperty.cpp	151	Property Image1.XRes was changed to 640.
19154886	[INFO]	XnProperty.cpp	151	Property Image1.RequiredDataSize was changed to 460800.
19154899	[INFO]	XnProperty.cpp	151	Property Image1.YRes was changed to 480.
19154911	[INFO]	XnProperty.cpp	151	Property Image1.RequiredDataSize was changed to 921600.
19154923	[INFO]	XnProperty.cpp	101	Image1.YRes was successfully set.
19154935	[INFO]	XnProperty.cpp	74	Setting Image1.XRes to 640...
19154946	[INFO]	XnProperty.cpp	86	Image1.XRes value did not change.
19155826	[INFO]	XnUSBLinux-x86.cpp	1222	USB read thread was started.
19155865	[INFO]	XnProperty.cpp	151	Property Image1.ActualReadData was changed to 1.
19321553	[WARNING]	XnDepthProcessor.cpp	133	Read: Depth buffer is corrupt. Size is 589344 (!= 614400)
19321601	[WARNING]	XnFrameStreamProcessor.cpp	132	Depth frame is corrupt!
19353576	[WARNING]	XnDepthProcessor.cpp	133	Read: Depth buffer is corrupt. Size is 549232 (!= 614400)
19353621	[WARNING]	XnFrameStreamProcessor.cpp	132	Depth frame is corrupt!
22257544	[WARNING]	XnDepthProcessor.cpp	133	Read: Depth buffer is corrupt. Size is 593952 (!= 614400)
22257589	[WARNING]	XnFrameStreamProcessor.cpp	132	Depth frame is corrupt!
22356074	[INFO]	XnProperty.cpp	151	Property Image1.State was changed to 1.
22356117	[INFO]	XnDeviceBase.cpp	370	Stream Image1 is open.
22356290	[INFO]	XnProperty.cpp	74	Setting Depth1.Registration to 1...
22389632	[WARNING]	XnDepthProcessor.cpp	133	Read: Depth buffer is corrupt. Size is 588288 (!= 614400)
22389678	[WARNING]	XnFrameStreamProcessor.cpp	132	Depth frame is corrupt!
22507906	[INFO]	XnProperty.cpp	151	Property Depth1.Registration was changed to 1.
22507948	[INFO]	XnProperty.cpp	101	Depth1.Registration was successfully set.
22507994	[INFO]	XnProperty.cpp	74	Setting Image1.Mirror to 1...
22520695	[INFO]	XnProperty.cpp	151	Property Image1.FirmwareMirror was changed to 1.
22520774	[INFO]	XnProperty.cpp	151	Property Image1.Mirror was changed to 1.
22520787	[INFO]	XnProperty.cpp	101	Image1.Mirror was successfully set.
221036415	[INFO]	XnOpenNI.cpp	1459	Destroying node 'User1'
221045765	[INFO]	XnOpenNI.cpp	1459	Destroying node 'Depth1'
221045872	[INFO]	XnDeviceBase.cpp	1507	Destroying stream 'Depth1'...
221047430	[INFO]	XnOpenNI.cpp	1459	Destroying node 'Image1'
221047487	[INFO]	XnDeviceBase.cpp	1507	Destroying stream 'Image1'...
221048229	[INFO]	XnOpenNI.cpp	1459	Destroying node 'Device1'
