    1907	[INFO]	XnLog.cpp	165	OpenNI version is 1.0.0 (Build 25)-MacOSX (Jan  7 2011 14:20:18)
    1969	[INFO]	XnLog.cpp	173	Log system initialized. Console: 1, File: 1, Severity: INFO, Masks: ALL
    2007	[INFO]	XnLog.cpp	173	Log system initialized. Console: 1, File: 1, Severity: INFO, Masks: ALL
    3709	[INFO]	XnUSBLinux-x86.cpp	98	USB is initialized.
 2485641	[INFO]	XnOpenNI.cpp	1261	Creating node 'Device1' of type Device...
 2486503	[INFO]	XnDeviceModule.cpp	431	Module 'Device' configuration was loaded from file.
 2808419	[INFO]	XnDeviceSensorIO.cpp	135	Connected to USB device
 2808474	[INFO]	XnProperty.cpp	151	Property Device.USBPath was changed to 045e/02ae@253/8.
 2815885	[INFO]	XnHostProtocol.cpp	825	Hardware versions: FW=5.1.4 (7) HW=4 Chip=2 Sensor=4 SYS=7
 4223671	[INFO]	XnProperty.cpp	151	Property Device.ID was changed to 0.
 4223742	[INFO]	XnSensor.cpp	182	Device sensor initialized
 4223863	[INFO]	XnOpenNI.cpp	1261	Creating node 'Depth1' of type Depth...
 4223913	[INFO]	XnDeviceBase.cpp	1383	Creating stream 'Depth1' of type 'Depth'...
 4223937	[INFO]	XnProperty.cpp	74	Setting Device.ReadData to 1...
 4223978	[INFO]	XnDeviceSensorIO.cpp	298	Endpoints open
 4236366	[INFO]	XnProperty.cpp	151	Property Device.ReadData was changed to 1.
 4236411	[INFO]	XnProperty.cpp	101	Device.ReadData was successfully set.
 4236778	[INFO]	XnProperty.cpp	151	Property Depth1.Resolution was changed to 0.
 4236799	[INFO]	XnProperty.cpp	151	Property Depth1.XRes was changed to 320.
 4236815	[INFO]	XnProperty.cpp	151	Property Depth1.YRes was changed to 240.
 4236833	[INFO]	XnProperty.cpp	151	Property Depth1.FPS was changed to 30.
 4236851	[INFO]	XnProperty.cpp	151	Property Depth1.OutputFormat was changed to 1.
 4236869	[INFO]	XnProperty.cpp	151	Property Depth1.BytesPerPixel was changed to 2.
 4236888	[INFO]	XnProperty.cpp	151	Property Depth1.RequiredDataSize was changed to 153600.
 4236912	[INFO]	XnProperty.cpp	151	Property Depth1.ParamCoeff was changed to 4.
 4236986	[INFO]	XnProperty.cpp	151	Property Depth1.ShiftScale was changed to 10.
 4249114	[INFO]	XnProperty.cpp	151	Property Depth1.ConstShift was changed to 200.
 4249210	[INFO]	XnProperty.cpp	151	Property Depth1.ZPD was changed to 120.
 4249315	[INFO]	XnProperty.cpp	151	Property Depth1.ZPPS was changed to 0.104200.
 4249335	[INFO]	XnProperty.cpp	151	Property Depth1.LDDIS was changed to 7.500000.
 4249446	[INFO]	XnProperty.cpp	151	Property Depth1.Gain was changed to 30.
 4249485	[INFO]	XnDeviceBase.cpp	1458	Stream 'Depth1' was initialized.
 4249512	[INFO]	XnDeviceBase.cpp	1463	'Depth1' stream was created.
 4249729	[INFO]	XnProperty.cpp	74	Setting Depth1.InputFormat to 3...
 4249760	[INFO]	XnProperty.cpp	151	Property Depth1.InputFormat was changed to 3.
 4249779	[INFO]	XnProperty.cpp	101	Depth1.InputFormat was successfully set.
 4250229	[INFO]	XnProperty.cpp	74	Setting Depth1.RegistrationType to 2...
 4250248	[INFO]	XnProperty.cpp	151	Property Depth1.RegistrationType was changed to 2.
 4250267	[INFO]	XnProperty.cpp	101	Depth1.RegistrationType was successfully set.
 4250741	[INFO]	XnDeviceModule.cpp	431	Module 'Depth1' configuration was loaded from file.
 4250937	[INFO]	XnProperty.cpp	74	Setting Depth1.FPS to 30...
 4250957	[INFO]	XnProperty.cpp	86	Depth1.FPS value did not change.
 4250975	[INFO]	XnProperty.cpp	74	Setting Depth1.YRes to 480...
 4250997	[INFO]	XnProperty.cpp	151	Property Depth1.Resolution was changed to 1.
 4251016	[INFO]	XnProperty.cpp	151	Property Depth1.XRes was changed to 640.
 4251034	[INFO]	XnProperty.cpp	151	Property Depth1.RequiredDataSize was changed to 307200.
 4251055	[INFO]	XnProperty.cpp	151	Property Depth1.YRes was changed to 480.
 4251073	[INFO]	XnProperty.cpp	151	Property Depth1.RequiredDataSize was changed to 614400.
 4251091	[INFO]	XnProperty.cpp	101	Depth1.YRes was successfully set.
 4251110	[INFO]	XnProperty.cpp	74	Setting Depth1.XRes to 640...
 4251125	[INFO]	XnProperty.cpp	86	Depth1.XRes value did not change.
 4251181	[INFO]	XnProperty.cpp	74	Setting Depth1.Mirror to 1...
 4251200	[INFO]	XnProperty.cpp	151	Property Depth1.FirmwareMirror was changed to 1.
 4251256	[INFO]	XnProperty.cpp	151	Property Depth1.Mirror was changed to 1.
 4251274	[INFO]	XnProperty.cpp	101	Depth1.Mirror was successfully set.
 7577435	[INFO]	XnOpenNI.cpp	1261	Creating node 'User1' of type User...
 7602706	[WARNING]	Linux-x86Threads.cpp	173	Failed to set thread priority: Invalid argument
 7602754	[WARNING]	XnUSBLinux-x86.cpp	126	USB events thread: Failed to set thread priority to critical. This might cause loss of data...
 7603591	[INFO]	XnUSBLinux-x86.cpp	1222	USB read thread was started.
 7603618	[INFO]	XnProperty.cpp	151	Property Depth1.ActualReadData was changed to 1.
 8074674	[INFO]	XnProperty.cpp	151	Property Depth1.State was changed to 1.
 8074724	[INFO]	XnDeviceBase.cpp	370	Stream Depth1 is open.
11387184	[INFO]	XnOpenNI.cpp	1261	Creating node 'Image1' of type Image...
11387236	[INFO]	XnDeviceBase.cpp	1383	Creating stream 'Image1' of type 'Image'...
11387426	[INFO]	XnProperty.cpp	151	Property Image1.Resolution was changed to 0.
11387449	[INFO]	XnProperty.cpp	151	Property Image1.XRes was changed to 320.
11387470	[INFO]	XnProperty.cpp	151	Property Image1.YRes was changed to 240.
11387489	[INFO]	XnProperty.cpp	151	Property Image1.FPS was changed to 30.
11387508	[INFO]	XnProperty.cpp	151	Property Image1.OutputFormat was changed to 5.
11387527	[INFO]	XnProperty.cpp	151	Property Image1.BytesPerPixel was changed to 3.
11387546	[INFO]	XnProperty.cpp	151	Property Image1.RequiredDataSize was changed to 230400.
11387588	[INFO]	XnDeviceBase.cpp	1458	Stream 'Image1' was initialized.
11387608	[INFO]	XnDeviceBase.cpp	1463	'Image1' stream was created.
11387728	[INFO]	XnProperty.cpp	74	Setting Image1.InputFormat to 6...
11387751	[INFO]	XnProperty.cpp	151	Property Image1.InputFormat was changed to 6.
11387764	[INFO]	XnProperty.cpp	101	Image1.InputFormat was successfully set.
11388172	[INFO]	XnDeviceModule.cpp	431	Module 'Image1' configuration was loaded from file.
11388258	[INFO]	XnProperty.cpp	74	Setting Image1.FPS to 30...
11388274	[INFO]	XnProperty.cpp	86	Image1.FPS value did not change.
11388286	[INFO]	XnProperty.cpp	74	Setting Image1.YRes to 480...
11388298	[INFO]	XnProperty.cpp	151	Property Image1.Resolution was changed to 1.
11388310	[INFO]	XnProperty.cpp	151	Property Image1.XRes was changed to 640.
11388322	[INFO]	XnProperty.cpp	151	Property Image1.RequiredDataSize was changed to 460800.
11388335	[INFO]	XnProperty.cpp	151	Property Image1.YRes was changed to 480.
11388347	[INFO]	XnProperty.cpp	151	Property Image1.RequiredDataSize was changed to 921600.
11388360	[INFO]	XnProperty.cpp	101	Image1.YRes was successfully set.
11388372	[INFO]	XnProperty.cpp	74	Setting Image1.XRes to 640...
11388383	[INFO]	XnProperty.cpp	86	Image1.XRes value did not change.
11389396	[INFO]	XnUSBLinux-x86.cpp	1222	USB read thread was started.
11389464	[INFO]	XnProperty.cpp	151	Property Image1.ActualReadData was changed to 1.
11575558	[WARNING]	XnDepthProcessor.cpp	133	Read: Depth buffer is corrupt. Size is 552368 (!= 614400)
11575606	[WARNING]	XnFrameStreamProcessor.cpp	132	Depth frame is corrupt!
14479539	[WARNING]	XnDepthProcessor.cpp	133	Read: Depth buffer is corrupt. Size is 592080 (!= 614400)
14479585	[WARNING]	XnFrameStreamProcessor.cpp	132	Depth frame is corrupt!
14590190	[INFO]	XnProperty.cpp	151	Property Image1.State was changed to 1.
14590234	[INFO]	XnDeviceBase.cpp	370	Stream Image1 is open.
14590411	[INFO]	XnProperty.cpp	74	Setting Depth1.Registration to 1...
14597592	[WARNING]	XnFirmwareStreams.cpp	324	Unknown packet type (0x4656)!!!
14611616	[WARNING]	XnDepthProcessor.cpp	133	Read: Depth buffer is corrupt. Size is 590384 (!= 614400)
14611663	[WARNING]	XnFrameStreamProcessor.cpp	132	Depth frame is corrupt!
14743287	[INFO]	XnProperty.cpp	151	Property Depth1.Registration was changed to 1.
14743331	[INFO]	XnProperty.cpp	101	Depth1.Registration was successfully set.
14743380	[INFO]	XnProperty.cpp	74	Setting Image1.Mirror to 1...
14755644	[INFO]	XnProperty.cpp	151	Property Image1.FirmwareMirror was changed to 1.
14755701	[INFO]	XnProperty.cpp	151	Property Image1.Mirror was changed to 1.
14755719	[INFO]	XnProperty.cpp	101	Image1.Mirror was successfully set.
