    1822	[INFO]	XnLog.cpp	165	OpenNI version is 1.0.0 (Build 25)-MacOSX (Jan  7 2011 14:20:18)
    1877	[INFO]	XnLog.cpp	173	Log system initialized. Console: 1, File: 1, Severity: INFO, Masks: ALL
    1910	[INFO]	XnLog.cpp	173	Log system initialized. Console: 1, File: 1, Severity: INFO, Masks: ALL
    3206	[INFO]	XnUSBLinux-x86.cpp	98	USB is initialized.
 2362375	[INFO]	XnOpenNI.cpp	1261	Creating node 'Device1' of type Device...
 2363134	[INFO]	XnDeviceModule.cpp	431	Module 'Device' configuration was loaded from file.
 2623288	[INFO]	XnDeviceSensorIO.cpp	135	Connected to USB device
 2623338	[INFO]	XnProperty.cpp	151	Property Device.USBPath was changed to 045e/02ae@253/8.
 2630889	[INFO]	XnHostProtocol.cpp	825	Hardware versions: FW=5.1.4 (7) HW=4 Chip=2 Sensor=4 SYS=7
 4041866	[INFO]	XnProperty.cpp	151	Property Device.ID was changed to 0.
 4041917	[INFO]	XnSensor.cpp	182	Device sensor initialized
 4041995	[INFO]	XnOpenNI.cpp	1261	Creating node 'Depth1' of type Depth...
 4042032	[INFO]	XnDeviceBase.cpp	1383	Creating stream 'Depth1' of type 'Depth'...
 4042048	[INFO]	XnProperty.cpp	74	Setting Device.ReadData to 1...
 4042079	[INFO]	XnDeviceSensorIO.cpp	298	Endpoints open
 4054576	[INFO]	XnProperty.cpp	151	Property Device.ReadData was changed to 1.
 4054646	[INFO]	XnProperty.cpp	101	Device.ReadData was successfully set.
 4055019	[INFO]	XnProperty.cpp	151	Property Depth1.Resolution was changed to 0.
 4055038	[INFO]	XnProperty.cpp	151	Property Depth1.XRes was changed to 320.
 4055051	[INFO]	XnProperty.cpp	151	Property Depth1.YRes was changed to 240.
 4055063	[INFO]	XnProperty.cpp	151	Property Depth1.FPS was changed to 30.
 4055074	[INFO]	XnProperty.cpp	151	Property Depth1.OutputFormat was changed to 1.
 4055096	[INFO]	XnProperty.cpp	151	Property Depth1.BytesPerPixel was changed to 2.
 4055114	[INFO]	XnProperty.cpp	151	Property Depth1.RequiredDataSize was changed to 153600.
 4055137	[INFO]	XnProperty.cpp	151	Property Depth1.ParamCoeff was changed to 4.
 4055201	[INFO]	XnProperty.cpp	151	Property Depth1.ShiftScale was changed to 10.
 4067844	[INFO]	XnProperty.cpp	151	Property Depth1.ConstShift was changed to 200.
 4067932	[INFO]	XnProperty.cpp	151	Property Depth1.ZPD was changed to 120.
 4068029	[INFO]	XnProperty.cpp	151	Property Depth1.ZPPS was changed to 0.104200.
 4068043	[INFO]	XnProperty.cpp	151	Property Depth1.LDDIS was changed to 7.500000.
 4068138	[INFO]	XnProperty.cpp	151	Property Depth1.Gain was changed to 30.
 4068176	[INFO]	XnDeviceBase.cpp	1458	Stream 'Depth1' was initialized.
 4068197	[INFO]	XnDeviceBase.cpp	1463	'Depth1' stream was created.
 4068354	[INFO]	XnProperty.cpp	74	Setting Depth1.InputFormat to 3...
 4068377	[INFO]	XnProperty.cpp	151	Property Depth1.InputFormat was changed to 3.
 4068389	[INFO]	XnProperty.cpp	101	Depth1.InputFormat was successfully set.
 4068818	[INFO]	XnProperty.cpp	74	Setting Depth1.RegistrationType to 2...
 4068833	[INFO]	XnProperty.cpp	151	Property Depth1.RegistrationType was changed to 2.
 4068844	[INFO]	XnProperty.cpp	101	Depth1.RegistrationType was successfully set.
 4069321	[INFO]	XnDeviceModule.cpp	431	Module 'Depth1' configuration was loaded from file.
 4069527	[INFO]	XnProperty.cpp	74	Setting Depth1.FPS to 30...
 4069546	[INFO]	XnProperty.cpp	86	Depth1.FPS value did not change.
 4069564	[INFO]	XnProperty.cpp	74	Setting Depth1.YRes to 480...
 4069586	[INFO]	XnProperty.cpp	151	Property Depth1.Resolution was changed to 1.
 4069607	[INFO]	XnProperty.cpp	151	Property Depth1.XRes was changed to 640.
 4069622	[INFO]	XnProperty.cpp	151	Property Depth1.RequiredDataSize was changed to 307200.
 4069637	[INFO]	XnProperty.cpp	151	Property Depth1.YRes was changed to 480.
 4069649	[INFO]	XnProperty.cpp	151	Property Depth1.RequiredDataSize was changed to 614400.
 4069663	[INFO]	XnProperty.cpp	101	Depth1.YRes was successfully set.
 4069675	[INFO]	XnProperty.cpp	74	Setting Depth1.XRes to 640...
 4069686	[INFO]	XnProperty.cpp	86	Depth1.XRes value did not change.
 4069739	[INFO]	XnProperty.cpp	74	Setting Depth1.Mirror to 1...
 4069757	[INFO]	XnProperty.cpp	151	Property Depth1.FirmwareMirror was changed to 1.
 4069802	[INFO]	XnProperty.cpp	151	Property Depth1.Mirror was changed to 1.
 4069813	[INFO]	XnProperty.cpp	101	Depth1.Mirror was successfully set.
 6064456	[INFO]	XnOpenNI.cpp	1261	Creating node 'User1' of type User...
 6087258	[WARNING]	Linux-x86Threads.cpp	173	Failed to set thread priority: Invalid argument
 6087302	[WARNING]	XnUSBLinux-x86.cpp	126	USB events thread: Failed to set thread priority to critical. This might cause loss of data...
 6088093	[INFO]	XnUSBLinux-x86.cpp	1222	USB read thread was started.
 6088117	[INFO]	XnProperty.cpp	151	Property Depth1.ActualReadData was changed to 1.
 6558283	[INFO]	XnProperty.cpp	151	Property Depth1.State was changed to 1.
 6558329	[INFO]	XnDeviceBase.cpp	370	Stream Depth1 is open.
 8535489	[INFO]	XnOpenNI.cpp	1261	Creating node 'Image1' of type Image...
 8535533	[INFO]	XnDeviceBase.cpp	1383	Creating stream 'Image1' of type 'Image'...
 8535727	[INFO]	XnProperty.cpp	151	Property Image1.Resolution was changed to 0.
 8535749	[INFO]	XnProperty.cpp	151	Property Image1.XRes was changed to 320.
 8535770	[INFO]	XnProperty.cpp	151	Property Image1.YRes was changed to 240.
 8535791	[INFO]	XnProperty.cpp	151	Property Image1.FPS was changed to 30.
 8535808	[INFO]	XnProperty.cpp	151	Property Image1.OutputFormat was changed to 5.
 8535828	[INFO]	XnProperty.cpp	151	Property Image1.BytesPerPixel was changed to 3.
 8535849	[INFO]	XnProperty.cpp	151	Property Image1.RequiredDataSize was changed to 230400.
 8535890	[INFO]	XnDeviceBase.cpp	1458	Stream 'Image1' was initialized.
 8535910	[INFO]	XnDeviceBase.cpp	1463	'Image1' stream was created.
 8536004	[INFO]	XnProperty.cpp	74	Setting Image1.InputFormat to 6...
 8536029	[INFO]	XnProperty.cpp	151	Property Image1.InputFormat was changed to 6.
 8536048	[INFO]	XnProperty.cpp	101	Image1.InputFormat was successfully set.
 8536480	[INFO]	XnDeviceModule.cpp	431	Module 'Image1' configuration was loaded from file.
 8536573	[INFO]	XnProperty.cpp	74	Setting Image1.FPS to 30...
 8536592	[INFO]	XnProperty.cpp	86	Image1.FPS value did not change.
 8536610	[INFO]	XnProperty.cpp	74	Setting Image1.YRes to 480...
 8536628	[INFO]	XnProperty.cpp	151	Property Image1.Resolution was changed to 1.
 8536645	[INFO]	XnProperty.cpp	151	Property Image1.XRes was changed to 640.
 8536663	[INFO]	XnProperty.cpp	151	Property Image1.RequiredDataSize was changed to 460800.
 8536683	[INFO]	XnProperty.cpp	151	Property Image1.YRes was changed to 480.
 8536700	[INFO]	XnProperty.cpp	151	Property Image1.RequiredDataSize was changed to 921600.
 8536718	[INFO]	XnProperty.cpp	101	Image1.YRes was successfully set.
 8536736	[INFO]	XnProperty.cpp	74	Setting Image1.XRes to 640...
 8536752	[INFO]	XnProperty.cpp	86	Image1.XRes value did not change.
 8537797	[INFO]	XnUSBLinux-x86.cpp	1222	USB read thread was started.
 8537851	[INFO]	XnProperty.cpp	151	Property Image1.ActualReadData was changed to 1.
 8723938	[WARNING]	XnDepthProcessor.cpp	133	Read: Depth buffer is corrupt. Size is 548800 (!= 614400)
 8723985	[WARNING]	XnFrameStreamProcessor.cpp	132	Depth frame is corrupt!
11627966	[WARNING]	XnDepthProcessor.cpp	133	Read: Depth buffer is corrupt. Size is 588960 (!= 614400)
11628011	[WARNING]	XnFrameStreamProcessor.cpp	132	Depth frame is corrupt!
11738541	[INFO]	XnProperty.cpp	151	Property Image1.State was changed to 1.
11738583	[INFO]	XnDeviceBase.cpp	370	Stream Image1 is open.
11738752	[INFO]	XnProperty.cpp	74	Setting Depth1.Registration to 1...
11795957	[WARNING]	XnDepthProcessor.cpp	133	Read: Depth buffer is corrupt. Size is 587152 (!= 614400)
11796004	[WARNING]	XnFrameStreamProcessor.cpp	132	Depth frame is corrupt!
11890543	[INFO]	XnProperty.cpp	151	Property Depth1.Registration was changed to 1.
11890584	[INFO]	XnProperty.cpp	101	Depth1.Registration was successfully set.
11890632	[INFO]	XnProperty.cpp	74	Setting Image1.Mirror to 1...
11902805	[INFO]	XnProperty.cpp	151	Property Image1.FirmwareMirror was changed to 1.
11902858	[INFO]	XnProperty.cpp	151	Property Image1.Mirror was changed to 1.
11902870	[INFO]	XnProperty.cpp	101	Image1.Mirror was successfully set.
101166584	[INFO]	XnOpenNI.cpp	1459	Destroying node 'User1'
101174841	[INFO]	XnOpenNI.cpp	1459	Destroying node 'Depth1'
101174936	[INFO]	XnDeviceBase.cpp	1507	Destroying stream 'Depth1'...
101176379	[INFO]	XnOpenNI.cpp	1459	Destroying node 'Image1'
101176466	[INFO]	XnDeviceBase.cpp	1507	Destroying stream 'Image1'...
101178218	[INFO]	XnOpenNI.cpp	1459	Destroying node 'Device1'
