    1722	[INFO]	XnLog.cpp	165	OpenNI version is 1.0.0 (Build 25)-MacOSX (Jan  7 2011 14:20:18)
    1779	[INFO]	XnLog.cpp	173	Log system initialized. Console: 1, File: 1, Severity: INFO, Masks: ALL
    2135	[INFO]	XnLog.cpp	173	Log system initialized. Console: 1, File: 1, Severity: INFO, Masks: ALL
    3620	[INFO]	XnUSBLinux-x86.cpp	98	USB is initialized.
 1969043	[INFO]	XnOpenNI.cpp	1261	Creating node 'Device1' of type Device...
 1969937	[INFO]	XnDeviceModule.cpp	431	Module 'Device' configuration was loaded from file.
 2234656	[INFO]	XnDeviceSensorIO.cpp	135	Connected to USB device
 2234713	[INFO]	XnProperty.cpp	151	Property Device.USBPath was changed to 045e/02ae@250/10.
 2242897	[INFO]	XnHostProtocol.cpp	825	Hardware versions: FW=5.1.4 (7) HW=4 Chip=2 Sensor=4 SYS=7
 3749898	[INFO]	XnProperty.cpp	151	Property Device.ID was changed to 0.
 3749956	[INFO]	XnSensor.cpp	182	Device sensor initialized
 3750036	[INFO]	XnOpenNI.cpp	1261	Creating node 'Depth1' of type Depth...
 3750074	[INFO]	XnDeviceBase.cpp	1383	Creating stream 'Depth1' of type 'Depth'...
 3750091	[INFO]	XnProperty.cpp	74	Setting Device.ReadData to 1...
 3750122	[INFO]	XnDeviceSensorIO.cpp	298	Endpoints open
 3762510	[INFO]	XnProperty.cpp	151	Property Device.ReadData was changed to 1.
 3762550	[INFO]	XnProperty.cpp	101	Device.ReadData was successfully set.
 3762872	[INFO]	XnProperty.cpp	151	Property Depth1.Resolution was changed to 0.
 3762892	[INFO]	XnProperty.cpp	151	Property Depth1.XRes was changed to 320.
 3762905	[INFO]	XnProperty.cpp	151	Property Depth1.YRes was changed to 240.
 3762917	[INFO]	XnProperty.cpp	151	Property Depth1.FPS was changed to 30.
 3762928	[INFO]	XnProperty.cpp	151	Property Depth1.OutputFormat was changed to 1.
 3762940	[INFO]	XnProperty.cpp	151	Property Depth1.BytesPerPixel was changed to 2.
 3762952	[INFO]	XnProperty.cpp	151	Property Depth1.RequiredDataSize was changed to 153600.
 3762968	[INFO]	XnProperty.cpp	151	Property Depth1.ParamCoeff was changed to 4.
 3763027	[INFO]	XnProperty.cpp	151	Property Depth1.ShiftScale was changed to 10.
 3775093	[INFO]	XnProperty.cpp	151	Property Depth1.ConstShift was changed to 200.
 3775206	[INFO]	XnProperty.cpp	151	Property Depth1.ZPD was changed to 120.
 3775319	[INFO]	XnProperty.cpp	151	Property Depth1.ZPPS was changed to 0.104200.
 3775385	[INFO]	XnProperty.cpp	151	Property Depth1.LDDIS was changed to 7.500000.
 3775585	[INFO]	XnProperty.cpp	151	Property Depth1.Gain was changed to 30.
 3775640	[INFO]	XnDeviceBase.cpp	1458	Stream 'Depth1' was initialized.
 3775663	[INFO]	XnDeviceBase.cpp	1463	'Depth1' stream was created.
 3775824	[INFO]	XnProperty.cpp	74	Setting Depth1.InputFormat to 3...
 3775849	[INFO]	XnProperty.cpp	151	Property Depth1.InputFormat was changed to 3.
 3775868	[INFO]	XnProperty.cpp	101	Depth1.InputFormat was successfully set.
 3776315	[INFO]	XnProperty.cpp	74	Setting Depth1.RegistrationType to 2...
 3776333	[INFO]	XnProperty.cpp	151	Property Depth1.RegistrationType was changed to 2.
 3776352	[INFO]	XnProperty.cpp	101	Depth1.RegistrationType was successfully set.
 3776900	[INFO]	XnDeviceModule.cpp	431	Module 'Depth1' configuration was loaded from file.
 3777141	[INFO]	XnProperty.cpp	74	Setting Depth1.FPS to 30...
 3777164	[INFO]	XnProperty.cpp	86	Depth1.FPS value did not change.
 3777182	[INFO]	XnProperty.cpp	74	Setting Depth1.YRes to 480...
 3777204	[INFO]	XnProperty.cpp	151	Property Depth1.Resolution was changed to 1.
 3777225	[INFO]	XnProperty.cpp	151	Property Depth1.XRes was changed to 640.
 3777244	[INFO]	XnProperty.cpp	151	Property Depth1.RequiredDataSize was changed to 307200.
 3777266	[INFO]	XnProperty.cpp	151	Property Depth1.YRes was changed to 480.
 3777285	[INFO]	XnProperty.cpp	151	Property Depth1.RequiredDataSize was changed to 614400.
 3777305	[INFO]	XnProperty.cpp	101	Depth1.YRes was successfully set.
 3777325	[INFO]	XnProperty.cpp	74	Setting Depth1.XRes to 640...
 3777342	[INFO]	XnProperty.cpp	86	Depth1.XRes value did not change.
 3777402	[INFO]	XnProperty.cpp	74	Setting Depth1.Mirror to 1...
 3777427	[INFO]	XnProperty.cpp	151	Property Depth1.FirmwareMirror was changed to 1.
 3777492	[INFO]	XnProperty.cpp	151	Property Depth1.Mirror was changed to 1.
 3777512	[INFO]	XnProperty.cpp	101	Depth1.Mirror was successfully set.
 4874850	[INFO]	XnOpenNI.cpp	1261	Creating node 'User1' of type User...
 4903243	[WARNING]	Linux-x86Threads.cpp	173	Failed to set thread priority: Invalid argument
 4903293	[WARNING]	XnUSBLinux-x86.cpp	126	USB events thread: Failed to set thread priority to critical. This might cause loss of data...
 4904138	[INFO]	XnUSBLinux-x86.cpp	1222	USB read thread was started.
 4904168	[INFO]	XnProperty.cpp	151	Property Depth1.ActualReadData was changed to 1.
 5375693	[INFO]	XnProperty.cpp	151	Property Depth1.State was changed to 1.
 5375740	[INFO]	XnDeviceBase.cpp	370	Stream Depth1 is open.
 6479973	[INFO]	XnOpenNI.cpp	1261	Creating node 'Image1' of type Image...
 6480036	[INFO]	XnDeviceBase.cpp	1383	Creating stream 'Image1' of type 'Image'...
 6480286	[INFO]	XnProperty.cpp	151	Property Image1.Resolution was changed to 0.
 6480311	[INFO]	XnProperty.cpp	151	Property Image1.XRes was changed to 320.
 6480327	[INFO]	XnProperty.cpp	151	Property Image1.YRes was changed to 240.
 6480549	[INFO]	XnProperty.cpp	151	Property Image1.FPS was changed to 30.
 6480572	[INFO]	XnProperty.cpp	151	Property Image1.OutputFormat was changed to 5.
 6480591	[INFO]	XnProperty.cpp	151	Property Image1.BytesPerPixel was changed to 3.
 6480609	[INFO]	XnProperty.cpp	151	Property Image1.RequiredDataSize was changed to 230400.
 6480653	[INFO]	XnDeviceBase.cpp	1458	Stream 'Image1' was initialized.
 6480675	[INFO]	XnDeviceBase.cpp	1463	'Image1' stream was created.
 6480803	[INFO]	XnProperty.cpp	74	Setting Image1.InputFormat to 6...
 6480832	[INFO]	XnProperty.cpp	151	Property Image1.InputFormat was changed to 6.
 6480850	[INFO]	XnProperty.cpp	101	Image1.InputFormat was successfully set.
 6481555	[INFO]	XnDeviceModule.cpp	431	Module 'Image1' configuration was loaded from file.
 6481691	[INFO]	XnProperty.cpp	74	Setting Image1.FPS to 30...
 6481717	[INFO]	XnProperty.cpp	86	Image1.FPS value did not change.
 6481736	[INFO]	XnProperty.cpp	74	Setting Image1.YRes to 480...
 6481754	[INFO]	XnProperty.cpp	151	Property Image1.Resolution was changed to 1.
 6481774	[INFO]	XnProperty.cpp	151	Property Image1.XRes was changed to 640.
 6481790	[INFO]	XnProperty.cpp	151	Property Image1.RequiredDataSize was changed to 460800.
 6481811	[INFO]	XnProperty.cpp	151	Property Image1.YRes was changed to 480.
 6481829	[INFO]	XnProperty.cpp	151	Property Image1.RequiredDataSize was changed to 921600.
 6481849	[INFO]	XnProperty.cpp	101	Image1.YRes was successfully set.
 6481868	[INFO]	XnProperty.cpp	74	Setting Image1.XRes to 640...
 6481883	[INFO]	XnProperty.cpp	86	Image1.XRes value did not change.
 6483115	[INFO]	XnUSBLinux-x86.cpp	1222	USB read thread was started.
 6483180	[INFO]	XnProperty.cpp	151	Property Image1.ActualReadData was changed to 1.
 6672309	[WARNING]	XnDepthProcessor.cpp	133	Read: Depth buffer is corrupt. Size is 558080 (!= 614400)
 6672358	[WARNING]	XnFrameStreamProcessor.cpp	132	Depth frame is corrupt!
 9576296	[WARNING]	XnDepthProcessor.cpp	133	Read: Depth buffer is corrupt. Size is 586992 (!= 614400)
 9576342	[WARNING]	XnFrameStreamProcessor.cpp	132	Depth frame is corrupt!
 9684672	[INFO]	XnProperty.cpp	151	Property Image1.State was changed to 1.
 9684725	[INFO]	XnDeviceBase.cpp	370	Stream Image1 is open.
 9684910	[INFO]	XnProperty.cpp	74	Setting Depth1.Registration to 1...
 9712266	[WARNING]	XnDepthProcessor.cpp	133	Read: Depth buffer is corrupt. Size is 593424 (!= 614400)
 9712327	[WARNING]	XnFrameStreamProcessor.cpp	132	Depth frame is corrupt!
 9836766	[INFO]	XnProperty.cpp	151	Property Depth1.Registration was changed to 1.
 9836808	[INFO]	XnProperty.cpp	101	Depth1.Registration was successfully set.
 9836857	[INFO]	XnProperty.cpp	74	Setting Image1.Mirror to 1...
 9849651	[INFO]	XnProperty.cpp	151	Property Image1.FirmwareMirror was changed to 1.
 9849727	[INFO]	XnProperty.cpp	151	Property Image1.Mirror was changed to 1.
 9849755	[INFO]	XnProperty.cpp	101	Image1.Mirror was successfully set.
39974729	[WARNING]	XnDepthProcessor.cpp	133	Read: Depth buffer is corrupt. Size is 143712 (!= 614400)
39974837	[WARNING]	XnFrameStreamProcessor.cpp	132	Depth frame is corrupt!
133874640	[INFO]	XnOpenNI.cpp	1459	Destroying node 'User1'
133882008	[INFO]	XnOpenNI.cpp	1459	Destroying node 'Depth1'
133882096	[INFO]	XnDeviceBase.cpp	1507	Destroying stream 'Depth1'...
133883390	[INFO]	XnOpenNI.cpp	1459	Destroying node 'Image1'
133883430	[INFO]	XnDeviceBase.cpp	1507	Destroying stream 'Image1'...
133886111	[INFO]	XnOpenNI.cpp	1459	Destroying node 'Device1'
