    1426	[INFO]	XnLog.cpp	165	OpenNI version is 1.0.0 (Build 25)-MacOSX (Jan  7 2011 14:20:18)
    1476	[INFO]	XnLog.cpp	173	Log system initialized. Console: 1, File: 1, Severity: INFO, Masks: ALL
    1521	[INFO]	XnLog.cpp	173	Log system initialized. Console: 1, File: 1, Severity: INFO, Masks: ALL
    2849	[INFO]	XnUSBLinux-x86.cpp	98	USB is initialized.
 1106929	[INFO]	XnOpenNI.cpp	1261	Creating node 'Device1' of type Device...
 1107954	[INFO]	XnDeviceModule.cpp	431	Module 'Device' configuration was loaded from file.
 1257021	[INFO]	XnDeviceSensorIO.cpp	135	Connected to USB device
 1257074	[INFO]	XnProperty.cpp	151	Property Device.USBPath was changed to 045e/02ae@253/8.
 1264098	[INFO]	XnHostProtocol.cpp	825	Hardware versions: FW=5.1.4 (7) HW=4 Chip=2 Sensor=4 SYS=7
 2675989	[INFO]	XnProperty.cpp	151	Property Device.ID was changed to 0.
 2676043	[INFO]	XnSensor.cpp	182	Device sensor initialized
 2676134	[INFO]	XnOpenNI.cpp	1261	Creating node 'Depth1' of type Depth...
 2676172	[INFO]	XnDeviceBase.cpp	1383	Creating stream 'Depth1' of type 'Depth'...
 2676189	[INFO]	XnProperty.cpp	74	Setting Device.ReadData to 1...
 2676220	[INFO]	XnDeviceSensorIO.cpp	298	Endpoints open
 2688534	[INFO]	XnProperty.cpp	151	Property Device.ReadData was changed to 1.
 2688573	[INFO]	XnProperty.cpp	101	Device.ReadData was successfully set.
 2688917	[INFO]	XnProperty.cpp	151	Property Depth1.Resolution was changed to 0.
 2688936	[INFO]	XnProperty.cpp	151	Property Depth1.XRes was changed to 320.
 2688949	[INFO]	XnProperty.cpp	151	Property Depth1.YRes was changed to 240.
 2688961	[INFO]	XnProperty.cpp	151	Property Depth1.FPS was changed to 30.
 2688972	[INFO]	XnProperty.cpp	151	Property Depth1.OutputFormat was changed to 1.
 2688983	[INFO]	XnProperty.cpp	151	Property Depth1.BytesPerPixel was changed to 2.
 2688995	[INFO]	XnProperty.cpp	151	Property Depth1.RequiredDataSize was changed to 153600.
 2689011	[INFO]	XnProperty.cpp	151	Property Depth1.ParamCoeff was changed to 4.
 2689070	[INFO]	XnProperty.cpp	151	Property Depth1.ShiftScale was changed to 10.
 2701495	[INFO]	XnProperty.cpp	151	Property Depth1.ConstShift was changed to 200.
 2701624	[INFO]	XnProperty.cpp	151	Property Depth1.ZPD was changed to 120.
 2701734	[INFO]	XnProperty.cpp	151	Property Depth1.ZPPS was changed to 0.104200.
 2701754	[INFO]	XnProperty.cpp	151	Property Depth1.LDDIS was changed to 7.500000.
 2701867	[INFO]	XnProperty.cpp	151	Property Depth1.Gain was changed to 30.
 2701907	[INFO]	XnDeviceBase.cpp	1458	Stream 'Depth1' was initialized.
 2701927	[INFO]	XnDeviceBase.cpp	1463	'Depth1' stream was created.
 2702086	[INFO]	XnProperty.cpp	74	Setting Depth1.InputFormat to 3...
 2702110	[INFO]	XnProperty.cpp	151	Property Depth1.InputFormat was changed to 3.
 2702130	[INFO]	XnProperty.cpp	101	Depth1.InputFormat was successfully set.
 2702574	[INFO]	XnProperty.cpp	74	Setting Depth1.RegistrationType to 2...
 2702595	[INFO]	XnProperty.cpp	151	Property Depth1.RegistrationType was changed to 2.
 2702613	[INFO]	XnProperty.cpp	101	Depth1.RegistrationType was successfully set.
 2703125	[INFO]	XnDeviceModule.cpp	431	Module 'Depth1' configuration was loaded from file.
 2703333	[INFO]	XnProperty.cpp	74	Setting Depth1.FPS to 30...
 2703353	[INFO]	XnProperty.cpp	86	Depth1.FPS value did not change.
 2703371	[INFO]	XnProperty.cpp	74	Setting Depth1.YRes to 480...
 2703396	[INFO]	XnProperty.cpp	151	Property Depth1.Resolution was changed to 1.
 2703417	[INFO]	XnProperty.cpp	151	Property Depth1.XRes was changed to 640.
 2703436	[INFO]	XnProperty.cpp	151	Property Depth1.RequiredDataSize was changed to 307200.
 2703457	[INFO]	XnProperty.cpp	151	Property Depth1.YRes was changed to 480.
 2703474	[INFO]	XnProperty.cpp	151	Property Depth1.RequiredDataSize was changed to 614400.
 2703493	[INFO]	XnProperty.cpp	101	Depth1.YRes was successfully set.
 2703511	[INFO]	XnProperty.cpp	74	Setting Depth1.XRes to 640...
 2703530	[INFO]	XnProperty.cpp	86	Depth1.XRes value did not change.
 2703585	[INFO]	XnProperty.cpp	74	Setting Depth1.Mirror to 1...
 2703606	[INFO]	XnProperty.cpp	151	Property Depth1.FirmwareMirror was changed to 1.
 2703658	[INFO]	XnProperty.cpp	151	Property Depth1.Mirror was changed to 1.
 2703677	[INFO]	XnProperty.cpp	101	Depth1.Mirror was successfully set.
 3807762	[INFO]	XnOpenNI.cpp	1261	Creating node 'User1' of type User...
 3831140	[WARNING]	Linux-x86Threads.cpp	173	Failed to set thread priority: Invalid argument
 3831192	[WARNING]	XnUSBLinux-x86.cpp	126	USB events thread: Failed to set thread priority to critical. This might cause loss of data...
 3832157	[INFO]	XnUSBLinux-x86.cpp	1222	USB read thread was started.
 3832192	[INFO]	XnProperty.cpp	151	Property Depth1.ActualReadData was changed to 1.
 4302883	[INFO]	XnProperty.cpp	151	Property Depth1.State was changed to 1.
 4302931	[INFO]	XnDeviceBase.cpp	370	Stream Depth1 is open.
 5396216	[INFO]	XnOpenNI.cpp	1261	Creating node 'Image1' of type Image...
 5396266	[INFO]	XnDeviceBase.cpp	1383	Creating stream 'Image1' of type 'Image'...
 5396451	[INFO]	XnProperty.cpp	151	Property Image1.Resolution was changed to 0.
 5396470	[INFO]	XnProperty.cpp	151	Property Image1.XRes was changed to 320.
 5396483	[INFO]	XnProperty.cpp	151	Property Image1.YRes was changed to 240.
 5396495	[INFO]	XnProperty.cpp	151	Property Image1.FPS was changed to 30.
 5396506	[INFO]	XnProperty.cpp	151	Property Image1.OutputFormat was changed to 5.
 5396519	[INFO]	XnProperty.cpp	151	Property Image1.BytesPerPixel was changed to 3.
 5396531	[INFO]	XnProperty.cpp	151	Property Image1.RequiredDataSize was changed to 230400.
 5396559	[INFO]	XnDeviceBase.cpp	1458	Stream 'Image1' was initialized.
 5396573	[INFO]	XnDeviceBase.cpp	1463	'Image1' stream was created.
 5396676	[INFO]	XnProperty.cpp	74	Setting Image1.InputFormat to 6...
 5396700	[INFO]	XnProperty.cpp	151	Property Image1.InputFormat was changed to 6.
 5396720	[INFO]	XnProperty.cpp	101	Image1.InputFormat was successfully set.
 5397154	[INFO]	XnDeviceModule.cpp	431	Module 'Image1' configuration was loaded from file.
 5397251	[INFO]	XnProperty.cpp	74	Setting Image1.FPS to 30...
 5397269	[INFO]	XnProperty.cpp	86	Image1.FPS value did not change.
 5397287	[INFO]	XnProperty.cpp	74	Setting Image1.YRes to 480...
 5397308	[INFO]	XnProperty.cpp	151	Property Image1.Resolution was changed to 1.
 5397327	[INFO]	XnProperty.cpp	151	Property Image1.XRes was changed to 640.
 5397345	[INFO]	XnProperty.cpp	151	Property Image1.RequiredDataSize was changed to 460800.
 5397365	[INFO]	XnProperty.cpp	151	Property Image1.YRes was changed to 480.
 5397384	[INFO]	XnProperty.cpp	151	Property Image1.RequiredDataSize was changed to 921600.
 5397403	[INFO]	XnProperty.cpp	101	Image1.YRes was successfully set.
 5397421	[INFO]	XnProperty.cpp	74	Setting Image1.XRes to 640...
 5397433	[INFO]	XnProperty.cpp	86	Image1.XRes value did not change.
 5398355	[INFO]	XnUSBLinux-x86.cpp	1222	USB read thread was started.
 5398400	[INFO]	XnProperty.cpp	151	Property Image1.ActualReadData was changed to 1.
 5568105	[WARNING]	XnDepthProcessor.cpp	133	Read: Depth buffer is corrupt. Size is 594864 (!= 614400)
 5568148	[WARNING]	XnFrameStreamProcessor.cpp	132	Depth frame is corrupt!
 5600136	[WARNING]	XnDepthProcessor.cpp	133	Read: Depth buffer is corrupt. Size is 591952 (!= 614400)
 5600188	[WARNING]	XnFrameStreamProcessor.cpp	132	Depth frame is corrupt!
 8599715	[INFO]	XnProperty.cpp	151	Property Image1.State was changed to 1.
 8599768	[INFO]	XnDeviceBase.cpp	370	Stream Image1 is open.
 8599981	[INFO]	XnProperty.cpp	74	Setting Depth1.Registration to 1...
 8751954	[INFO]	XnProperty.cpp	151	Property Depth1.Registration was changed to 1.
 8752006	[INFO]	XnProperty.cpp	101	Depth1.Registration was successfully set.
 8752063	[INFO]	XnProperty.cpp	74	Setting Image1.Mirror to 1...
 8764496	[INFO]	XnProperty.cpp	151	Property Image1.FirmwareMirror was changed to 1.
 8764542	[INFO]	XnProperty.cpp	151	Property Image1.Mirror was changed to 1.
 8764555	[INFO]	XnProperty.cpp	101	Image1.Mirror was successfully set.
17635192	[INFO]	XnOpenNI.cpp	1459	Destroying node 'User1'
17642734	[INFO]	XnOpenNI.cpp	1459	Destroying node 'Depth1'
17642830	[INFO]	XnDeviceBase.cpp	1507	Destroying stream 'Depth1'...
17644045	[INFO]	XnOpenNI.cpp	1459	Destroying node 'Image1'
17644162	[INFO]	XnDeviceBase.cpp	1507	Destroying stream 'Image1'...
17645098	[INFO]	XnOpenNI.cpp	1459	Destroying node 'Device1'
