    1858	[INFO]	XnLog.cpp	165	OpenNI version is 1.0.0 (Build 25)-MacOSX (Jan  7 2011 14:20:18)
    1913	[INFO]	XnLog.cpp	173	Log system initialized. Console: 1, File: 1, Severity: INFO, Masks: ALL
    1944	[INFO]	XnLog.cpp	173	Log system initialized. Console: 1, File: 1, Severity: INFO, Masks: ALL
    3422	[INFO]	XnUSBLinux-x86.cpp	98	USB is initialized.
 2156251	[INFO]	XnOpenNI.cpp	1261	Creating node 'Device1' of type Device...
 2157226	[INFO]	XnDeviceModule.cpp	431	Module 'Device' configuration was loaded from file.
 2304296	[INFO]	XnDeviceSensorIO.cpp	135	Connected to USB device
 2304347	[INFO]	XnProperty.cpp	151	Property Device.USBPath was changed to 045e/02ae@253/8.
 2311678	[INFO]	XnHostProtocol.cpp	825	Hardware versions: FW=5.1.4 (7) HW=4 Chip=2 Sensor=4 SYS=7
 3721970	[INFO]	XnProperty.cpp	151	Property Device.ID was changed to 0.
 3722058	[INFO]	XnSensor.cpp	182	Device sensor initialized
 3722137	[INFO]	XnOpenNI.cpp	1261	Creating node 'Depth1' of type Depth...
 3722173	[INFO]	XnDeviceBase.cpp	1383	Creating stream 'Depth1' of type 'Depth'...
 3722194	[INFO]	XnProperty.cpp	74	Setting Device.ReadData to 1...
 3722235	[INFO]	XnDeviceSensorIO.cpp	298	Endpoints open
 3734612	[INFO]	XnProperty.cpp	151	Property Device.ReadData was changed to 1.
 3734650	[INFO]	XnProperty.cpp	101	Device.ReadData was successfully set.
 3734980	[INFO]	XnProperty.cpp	151	Property Depth1.Resolution was changed to 0.
 3735000	[INFO]	XnProperty.cpp	151	Property Depth1.XRes was changed to 320.
 3735012	[INFO]	XnProperty.cpp	151	Property Depth1.YRes was changed to 240.
 3735024	[INFO]	XnProperty.cpp	151	Property Depth1.FPS was changed to 30.
 3735035	[INFO]	XnProperty.cpp	151	Property Depth1.OutputFormat was changed to 1.
 3735047	[INFO]	XnProperty.cpp	151	Property Depth1.BytesPerPixel was changed to 2.
 3735059	[INFO]	XnProperty.cpp	151	Property Depth1.RequiredDataSize was changed to 153600.
 3735075	[INFO]	XnProperty.cpp	151	Property Depth1.ParamCoeff was changed to 4.
 3735134	[INFO]	XnProperty.cpp	151	Property Depth1.ShiftScale was changed to 10.
 3747525	[INFO]	XnProperty.cpp	151	Property Depth1.ConstShift was changed to 200.
 3747612	[INFO]	XnProperty.cpp	151	Property Depth1.ZPD was changed to 120.
 3747708	[INFO]	XnProperty.cpp	151	Property Depth1.ZPPS was changed to 0.104200.
 3747722	[INFO]	XnProperty.cpp	151	Property Depth1.LDDIS was changed to 7.500000.
 3747821	[INFO]	XnProperty.cpp	151	Property Depth1.Gain was changed to 30.
 3747852	[INFO]	XnDeviceBase.cpp	1458	Stream 'Depth1' was initialized.
 3747866	[INFO]	XnDeviceBase.cpp	1463	'Depth1' stream was created.
 3748012	[INFO]	XnProperty.cpp	74	Setting Depth1.InputFormat to 3...
 3748032	[INFO]	XnProperty.cpp	151	Property Depth1.InputFormat was changed to 3.
 3748045	[INFO]	XnProperty.cpp	101	Depth1.InputFormat was successfully set.
 3748476	[INFO]	XnProperty.cpp	74	Setting Depth1.RegistrationType to 2...
 3748494	[INFO]	XnProperty.cpp	151	Property Depth1.RegistrationType was changed to 2.
 3748505	[INFO]	XnProperty.cpp	101	Depth1.RegistrationType was successfully set.
 3748965	[INFO]	XnDeviceModule.cpp	431	Module 'Depth1' configuration was loaded from file.
 3749132	[INFO]	XnProperty.cpp	74	Setting Depth1.FPS to 30...
 3749150	[INFO]	XnProperty.cpp	86	Depth1.FPS value did not change.
 3749161	[INFO]	XnProperty.cpp	74	Setting Depth1.YRes to 480...
 3749176	[INFO]	XnProperty.cpp	151	Property Depth1.Resolution was changed to 1.
 3749189	[INFO]	XnProperty.cpp	151	Property Depth1.XRes was changed to 640.
 3749201	[INFO]	XnProperty.cpp	151	Property Depth1.RequiredDataSize was changed to 307200.
 3749215	[INFO]	XnProperty.cpp	151	Property Depth1.YRes was changed to 480.
 3749226	[INFO]	XnProperty.cpp	151	Property Depth1.RequiredDataSize was changed to 614400.
 3749240	[INFO]	XnProperty.cpp	101	Depth1.YRes was successfully set.
 3749252	[INFO]	XnProperty.cpp	74	Setting Depth1.XRes to 640...
 3749263	[INFO]	XnProperty.cpp	86	Depth1.XRes value did not change.
 3749306	[INFO]	XnProperty.cpp	74	Setting Depth1.Mirror to 1...
 3749321	[INFO]	XnProperty.cpp	151	Property Depth1.FirmwareMirror was changed to 1.
 3749363	[INFO]	XnProperty.cpp	151	Property Depth1.Mirror was changed to 1.
 3749374	[INFO]	XnProperty.cpp	101	Depth1.Mirror was successfully set.
 4854686	[INFO]	XnOpenNI.cpp	1261	Creating node 'User1' of type User...
 4878513	[WARNING]	Linux-x86Threads.cpp	173	Failed to set thread priority: Invalid argument
 4878560	[WARNING]	XnUSBLinux-x86.cpp	126	USB events thread: Failed to set thread priority to critical. This might cause loss of data...
 4879369	[INFO]	XnUSBLinux-x86.cpp	1222	USB read thread was started.
 4879399	[INFO]	XnProperty.cpp	151	Property Depth1.ActualReadData was changed to 1.
 5349971	[INFO]	XnProperty.cpp	151	Property Depth1.State was changed to 1.
 5350014	[INFO]	XnDeviceBase.cpp	370	Stream Depth1 is open.
 6975346	[INFO]	XnOpenNI.cpp	1261	Creating node 'Image1' of type Image...
 6975396	[INFO]	XnDeviceBase.cpp	1383	Creating stream 'Image1' of type 'Image'...
 6975574	[INFO]	XnProperty.cpp	151	Property Image1.Resolution was changed to 0.
 6975593	[INFO]	XnProperty.cpp	151	Property Image1.XRes was changed to 320.
 6975606	[INFO]	XnProperty.cpp	151	Property Image1.YRes was changed to 240.
 6975618	[INFO]	XnProperty.cpp	151	Property Image1.FPS was changed to 30.
 6975629	[INFO]	XnProperty.cpp	151	Property Image1.OutputFormat was changed to 5.
 6975641	[INFO]	XnProperty.cpp	151	Property Image1.BytesPerPixel was changed to 3.
 6975653	[INFO]	XnProperty.cpp	151	Property Image1.RequiredDataSize was changed to 230400.
 6975687	[INFO]	XnDeviceBase.cpp	1458	Stream 'Image1' was initialized.
 6975707	[INFO]	XnDeviceBase.cpp	1463	'Image1' stream was created.
 6975813	[INFO]	XnProperty.cpp	74	Setting Image1.InputFormat to 6...
 6975833	[INFO]	XnProperty.cpp	151	Property Image1.InputFormat was changed to 6.
 6975846	[INFO]	XnProperty.cpp	101	Image1.InputFormat was successfully set.
 6976259	[INFO]	XnDeviceModule.cpp	431	Module 'Image1' configuration was loaded from file.
 6976344	[INFO]	XnProperty.cpp	74	Setting Image1.FPS to 30...
 6976359	[INFO]	XnProperty.cpp	86	Image1.FPS value did not change.
 6976371	[INFO]	XnProperty.cpp	74	Setting Image1.YRes to 480...
 6976383	[INFO]	XnProperty.cpp	151	Property Image1.Resolution was changed to 1.
 6976395	[INFO]	XnProperty.cpp	151	Property Image1.XRes was changed to 640.
 6976407	[INFO]	XnProperty.cpp	151	Property Image1.RequiredDataSize was changed to 460800.
 6976421	[INFO]	XnProperty.cpp	151	Property Image1.YRes was changed to 480.
 6976432	[INFO]	XnProperty.cpp	151	Property Image1.RequiredDataSize was changed to 921600.
 6976445	[INFO]	XnProperty.cpp	101	Image1.YRes was successfully set.
 6976457	[INFO]	XnProperty.cpp	74	Setting Image1.XRes to 640...
 6976468	[INFO]	XnProperty.cpp	86	Image1.XRes value did not change.
 6977371	[INFO]	XnUSBLinux-x86.cpp	1222	USB read thread was started.
 6977413	[INFO]	XnProperty.cpp	151	Property Image1.ActualReadData was changed to 1.
 7146845	[WARNING]	XnDepthProcessor.cpp	133	Read: Depth buffer is corrupt. Size is 571456 (!= 614400)
 7146893	[WARNING]	XnFrameStreamProcessor.cpp	132	Depth frame is corrupt!
 7182805	[WARNING]	XnDepthProcessor.cpp	133	Read: Depth buffer is corrupt. Size is 567936 (!= 614400)
 7182860	[WARNING]	XnFrameStreamProcessor.cpp	132	Depth frame is corrupt!
10177882	[INFO]	XnProperty.cpp	151	Property Image1.State was changed to 1.
10177932	[INFO]	XnDeviceBase.cpp	370	Stream Image1 is open.
10178118	[INFO]	XnProperty.cpp	74	Setting Depth1.Registration to 1...
10186835	[WARNING]	XnFrameStreamProcessor.cpp	140	Depth Frame Buffer overflow! current size: 612768
10186879	[WARNING]	XnFrameStreamProcessor.cpp	132	Depth frame is corrupt!
10218816	[WARNING]	XnDepthProcessor.cpp	133	Read: Depth buffer is corrupt. Size is 612768 (!= 614400)
10329529	[INFO]	XnProperty.cpp	151	Property Depth1.Registration was changed to 1.
10329572	[INFO]	XnProperty.cpp	101	Depth1.Registration was successfully set.
10329622	[INFO]	XnProperty.cpp	74	Setting Image1.Mirror to 1...
10342042	[INFO]	XnProperty.cpp	151	Property Image1.FirmwareMirror was changed to 1.
10342093	[INFO]	XnProperty.cpp	151	Property Image1.Mirror was changed to 1.
10342137	[INFO]	XnProperty.cpp	101	Image1.Mirror was successfully set.
72142427	[INFO]	XnOpenNI.cpp	1459	Destroying node 'User1'
72150018	[INFO]	XnOpenNI.cpp	1459	Destroying node 'Depth1'
72150107	[INFO]	XnDeviceBase.cpp	1507	Destroying stream 'Depth1'...
72151194	[INFO]	XnOpenNI.cpp	1459	Destroying node 'Image1'
72151240	[INFO]	XnDeviceBase.cpp	1507	Destroying stream 'Image1'...
72152059	[INFO]	XnOpenNI.cpp	1459	Destroying node 'Device1'
