    1408	[INFO]	XnLog.cpp	165	OpenNI version is 1.0.0 (Build 25)-MacOSX (Jan  7 2011 14:20:18)
    1450	[INFO]	XnLog.cpp	173	Log system initialized. Console: 1, File: 1, Severity: INFO, Masks: ALL
    1474	[INFO]	XnLog.cpp	173	Log system initialized. Console: 1, File: 1, Severity: INFO, Masks: ALL
    2614	[INFO]	XnUSBLinux-x86.cpp	98	USB is initialized.
 2373567	[INFO]	XnOpenNI.cpp	1261	Creating node 'Device1' of type Device...
 2374567	[INFO]	XnDeviceModule.cpp	431	Module 'Device' configuration was loaded from file.
 2632875	[INFO]	XnDeviceSensorIO.cpp	135	Connected to USB device
 2632926	[INFO]	XnProperty.cpp	151	Property Device.USBPath was changed to 045e/02ae@253/8.
 2652212	[INFO]	XnHostProtocol.cpp	825	Hardware versions: FW=5.1.4 (7) HW=4 Chip=2 Sensor=4 SYS=7
 4061446	[INFO]	XnProperty.cpp	151	Property Device.ID was changed to 0.
 4061548	[INFO]	XnSensor.cpp	182	Device sensor initialized
 4061635	[INFO]	XnOpenNI.cpp	1261	Creating node 'Depth1' of type Depth...
 4061675	[INFO]	XnDeviceBase.cpp	1383	Creating stream 'Depth1' of type 'Depth'...
 4061702	[INFO]	XnProperty.cpp	74	Setting Device.ReadData to 1...
 4061745	[INFO]	XnDeviceSensorIO.cpp	298	Endpoints open
 4074151	[INFO]	XnProperty.cpp	151	Property Device.ReadData was changed to 1.
 4074196	[INFO]	XnProperty.cpp	101	Device.ReadData was successfully set.
 4074570	[INFO]	XnProperty.cpp	151	Property Depth1.Resolution was changed to 0.
 4074590	[INFO]	XnProperty.cpp	151	Property Depth1.XRes was changed to 320.
 4074603	[INFO]	XnProperty.cpp	151	Property Depth1.YRes was changed to 240.
 4074614	[INFO]	XnProperty.cpp	151	Property Depth1.FPS was changed to 30.
 4074625	[INFO]	XnProperty.cpp	151	Property Depth1.OutputFormat was changed to 1.
 4074636	[INFO]	XnProperty.cpp	151	Property Depth1.BytesPerPixel was changed to 2.
 4074648	[INFO]	XnProperty.cpp	151	Property Depth1.RequiredDataSize was changed to 153600.
 4074664	[INFO]	XnProperty.cpp	151	Property Depth1.ParamCoeff was changed to 4.
 4074722	[INFO]	XnProperty.cpp	151	Property Depth1.ShiftScale was changed to 10.
 4087010	[INFO]	XnProperty.cpp	151	Property Depth1.ConstShift was changed to 200.
 4087102	[INFO]	XnProperty.cpp	151	Property Depth1.ZPD was changed to 120.
 4087198	[INFO]	XnProperty.cpp	151	Property Depth1.ZPPS was changed to 0.104200.
 4087212	[INFO]	XnProperty.cpp	151	Property Depth1.LDDIS was changed to 7.500000.
 4087300	[INFO]	XnProperty.cpp	151	Property Depth1.Gain was changed to 30.
 4087333	[INFO]	XnDeviceBase.cpp	1458	Stream 'Depth1' was initialized.
 4087347	[INFO]	XnDeviceBase.cpp	1463	'Depth1' stream was created.
 4087510	[INFO]	XnProperty.cpp	74	Setting Depth1.InputFormat to 3...
 4087532	[INFO]	XnProperty.cpp	151	Property Depth1.InputFormat was changed to 3.
 4087545	[INFO]	XnProperty.cpp	101	Depth1.InputFormat was successfully set.
 4087975	[INFO]	XnProperty.cpp	74	Setting Depth1.RegistrationType to 2...
 4087992	[INFO]	XnProperty.cpp	151	Property Depth1.RegistrationType was changed to 2.
 4088003	[INFO]	XnProperty.cpp	101	Depth1.RegistrationType was successfully set.
 4088464	[INFO]	XnDeviceModule.cpp	431	Module 'Depth1' configuration was loaded from file.
 4088649	[INFO]	XnProperty.cpp	74	Setting Depth1.FPS to 30...
 4088667	[INFO]	XnProperty.cpp	86	Depth1.FPS value did not change.
 4088679	[INFO]	XnProperty.cpp	74	Setting Depth1.YRes to 480...
 4088694	[INFO]	XnProperty.cpp	151	Property Depth1.Resolution was changed to 1.
 4088707	[INFO]	XnProperty.cpp	151	Property Depth1.XRes was changed to 640.
 4088720	[INFO]	XnProperty.cpp	151	Property Depth1.RequiredDataSize was changed to 307200.
 4088735	[INFO]	XnProperty.cpp	151	Property Depth1.YRes was changed to 480.
 4088746	[INFO]	XnProperty.cpp	151	Property Depth1.RequiredDataSize was changed to 614400.
 4088759	[INFO]	XnProperty.cpp	101	Depth1.YRes was successfully set.
 4088772	[INFO]	XnProperty.cpp	74	Setting Depth1.XRes to 640...
 4088783	[INFO]	XnProperty.cpp	86	Depth1.XRes value did not change.
 4088826	[INFO]	XnProperty.cpp	74	Setting Depth1.Mirror to 1...
 4088849	[INFO]	XnProperty.cpp	151	Property Depth1.FirmwareMirror was changed to 1.
 4162269	[INFO]	XnProperty.cpp	151	Property Depth1.Mirror was changed to 1.
 4162294	[INFO]	XnProperty.cpp	101	Depth1.Mirror was successfully set.
 6153168	[INFO]	XnOpenNI.cpp	1261	Creating node 'User1' of type User...
 6176323	[WARNING]	Linux-x86Threads.cpp	173	Failed to set thread priority: Invalid argument
 6176367	[WARNING]	XnUSBLinux-x86.cpp	126	USB events thread: Failed to set thread priority to critical. This might cause loss of data...
 6177175	[INFO]	XnUSBLinux-x86.cpp	1222	USB read thread was started.
 6177199	[INFO]	XnProperty.cpp	151	Property Depth1.ActualReadData was changed to 1.
 6647842	[INFO]	XnProperty.cpp	151	Property Depth1.State was changed to 1.
 6647884	[INFO]	XnDeviceBase.cpp	370	Stream Depth1 is open.
 8623442	[INFO]	XnOpenNI.cpp	1261	Creating node 'Image1' of type Image...
 8623493	[INFO]	XnDeviceBase.cpp	1383	Creating stream 'Image1' of type 'Image'...
 8623676	[INFO]	XnProperty.cpp	151	Property Image1.Resolution was changed to 0.
 8623695	[INFO]	XnProperty.cpp	151	Property Image1.XRes was changed to 320.
 8623709	[INFO]	XnProperty.cpp	151	Property Image1.YRes was changed to 240.
 8623722	[INFO]	XnProperty.cpp	151	Property Image1.FPS was changed to 30.
 8623733	[INFO]	XnProperty.cpp	151	Property Image1.OutputFormat was changed to 5.
 8623745	[INFO]	XnProperty.cpp	151	Property Image1.BytesPerPixel was changed to 3.
 8623758	[INFO]	XnProperty.cpp	151	Property Image1.RequiredDataSize was changed to 230400.
 8623786	[INFO]	XnDeviceBase.cpp	1458	Stream 'Image1' was initialized.
 8623800	[INFO]	XnDeviceBase.cpp	1463	'Image1' stream was created.
 8623906	[INFO]	XnProperty.cpp	74	Setting Image1.InputFormat to 6...
 8623927	[INFO]	XnProperty.cpp	151	Property Image1.InputFormat was changed to 6.
 8623939	[INFO]	XnProperty.cpp	101	Image1.InputFormat was successfully set.
 8624362	[INFO]	XnDeviceModule.cpp	431	Module 'Image1' configuration was loaded from file.
 8624454	[INFO]	XnProperty.cpp	74	Setting Image1.FPS to 30...
 8624470	[INFO]	XnProperty.cpp	86	Image1.FPS value did not change.
 8624481	[INFO]	XnProperty.cpp	74	Setting Image1.YRes to 480...
 8624493	[INFO]	XnProperty.cpp	151	Property Image1.Resolution was changed to 1.
 8624505	[INFO]	XnProperty.cpp	151	Property Image1.XRes was changed to 640.
 8624516	[INFO]	XnProperty.cpp	151	Property Image1.RequiredDataSize was changed to 460800.
 8624530	[INFO]	XnProperty.cpp	151	Property Image1.YRes was changed to 480.
 8624541	[INFO]	XnProperty.cpp	151	Property Image1.RequiredDataSize was changed to 921600.
 8624553	[INFO]	XnProperty.cpp	101	Image1.YRes was successfully set.
 8624565	[INFO]	XnProperty.cpp	74	Setting Image1.XRes to 640...
 8624576	[INFO]	XnProperty.cpp	86	Image1.XRes value did not change.
 8625559	[INFO]	XnUSBLinux-x86.cpp	1222	USB read thread was started.
 8625601	[INFO]	XnProperty.cpp	151	Property Image1.ActualReadData was changed to 1.
 8792938	[WARNING]	XnFirmwareStreams.cpp	324	Unknown packet type (0x4848)!!!
 8812973	[WARNING]	XnDepthProcessor.cpp	133	Read: Depth buffer is corrupt. Size is 537184 (!= 614400)
 8813021	[WARNING]	XnFrameStreamProcessor.cpp	132	Depth frame is corrupt!
11825912	[INFO]	XnProperty.cpp	151	Property Image1.State was changed to 1.
11825954	[INFO]	XnDeviceBase.cpp	370	Stream Image1 is open.
11826139	[INFO]	XnProperty.cpp	74	Setting Depth1.Registration to 1...
11884963	[WARNING]	XnDepthProcessor.cpp	133	Read: Depth buffer is corrupt. Size is 587376 (!= 614400)
11885017	[WARNING]	XnFrameStreamProcessor.cpp	132	Depth frame is corrupt!
11979043	[INFO]	XnProperty.cpp	151	Property Depth1.Registration was changed to 1.
11979085	[INFO]	XnProperty.cpp	101	Depth1.Registration was successfully set.
11979131	[INFO]	XnProperty.cpp	74	Setting Image1.Mirror to 1...
11991572	[INFO]	XnProperty.cpp	151	Property Image1.FirmwareMirror was changed to 1.
11991617	[INFO]	XnProperty.cpp	151	Property Image1.Mirror was changed to 1.
11991637	[INFO]	XnProperty.cpp	101	Image1.Mirror was successfully set.
39123505	[INFO]	XnOpenNI.cpp	1459	Destroying node 'User1'
39131210	[INFO]	XnOpenNI.cpp	1459	Destroying node 'Depth1'
39131298	[INFO]	XnDeviceBase.cpp	1507	Destroying stream 'Depth1'...
39132757	[INFO]	XnOpenNI.cpp	1459	Destroying node 'Image1'
39132822	[INFO]	XnDeviceBase.cpp	1507	Destroying stream 'Image1'...
39133810	[INFO]	XnOpenNI.cpp	1459	Destroying node 'Device1'
