    1592	[INFO]	XnLog.cpp	165	OpenNI version is 1.0.0 (Build 25)-MacOSX (Jan  7 2011 14:20:18)
    1636	[INFO]	XnLog.cpp	173	Log system initialized. Console: 1, File: 1, Severity: INFO, Masks: ALL
    1660	[INFO]	XnLog.cpp	173	Log system initialized. Console: 1, File: 1, Severity: INFO, Masks: ALL
    2819	[INFO]	XnUSBLinux-x86.cpp	98	USB is initialized.
 2384096	[INFO]	XnOpenNI.cpp	1261	Creating node 'Device1' of type Device...
 2385109	[INFO]	XnDeviceModule.cpp	431	Module 'Device' configuration was loaded from file.
 2644865	[INFO]	XnDeviceSensorIO.cpp	135	Connected to USB device
 2644912	[INFO]	XnProperty.cpp	151	Property Device.USBPath was changed to 045e/02ae@253/8.
 2652330	[INFO]	XnHostProtocol.cpp	825	Hardware versions: FW=5.1.4 (7) HW=4 Chip=2 Sensor=4 SYS=7
 4065135	[INFO]	XnProperty.cpp	151	Property Device.ID was changed to 0.
 4065223	[INFO]	XnSensor.cpp	182	Device sensor initialized
 4065368	[INFO]	XnOpenNI.cpp	1261	Creating node 'Depth1' of type Depth...
 4065434	[INFO]	XnDeviceBase.cpp	1383	Creating stream 'Depth1' of type 'Depth'...
 4065472	[INFO]	XnProperty.cpp	74	Setting Device.ReadData to 1...
 4065547	[INFO]	XnDeviceSensorIO.cpp	298	Endpoints open
 4077913	[INFO]	XnProperty.cpp	151	Property Device.ReadData was changed to 1.
 4077986	[INFO]	XnProperty.cpp	101	Device.ReadData was successfully set.
 4078771	[INFO]	XnProperty.cpp	151	Property Depth1.Resolution was changed to 0.
 4078825	[INFO]	XnProperty.cpp	151	Property Depth1.XRes was changed to 320.
 4078863	[INFO]	XnProperty.cpp	151	Property Depth1.YRes was changed to 240.
 4078905	[INFO]	XnProperty.cpp	151	Property Depth1.FPS was changed to 30.
 4078943	[INFO]	XnProperty.cpp	151	Property Depth1.OutputFormat was changed to 1.
 4078986	[INFO]	XnProperty.cpp	151	Property Depth1.BytesPerPixel was changed to 2.
 4079026	[INFO]	XnProperty.cpp	151	Property Depth1.RequiredDataSize was changed to 153600.
 4079073	[INFO]	XnProperty.cpp	151	Property Depth1.ParamCoeff was changed to 4.
 4079222	[INFO]	XnProperty.cpp	151	Property Depth1.ShiftScale was changed to 10.
 4091910	[INFO]	XnProperty.cpp	151	Property Depth1.ConstShift was changed to 200.
 4092063	[INFO]	XnProperty.cpp	151	Property Depth1.ZPD was changed to 120.
 4092273	[INFO]	XnProperty.cpp	151	Property Depth1.ZPPS was changed to 0.104200.
 4092302	[INFO]	XnProperty.cpp	151	Property Depth1.LDDIS was changed to 7.500000.
 4092493	[INFO]	XnProperty.cpp	151	Property Depth1.Gain was changed to 30.
 4092548	[INFO]	XnDeviceBase.cpp	1458	Stream 'Depth1' was initialized.
 4092577	[INFO]	XnDeviceBase.cpp	1463	'Depth1' stream was created.
 4092812	[INFO]	XnProperty.cpp	74	Setting Depth1.InputFormat to 3...
 4092841	[INFO]	XnProperty.cpp	151	Property Depth1.InputFormat was changed to 3.
 4092857	[INFO]	XnProperty.cpp	101	Depth1.InputFormat was successfully set.
 4093449	[INFO]	XnProperty.cpp	74	Setting Depth1.RegistrationType to 2...
 4093476	[INFO]	XnProperty.cpp	151	Property Depth1.RegistrationType was changed to 2.
 4093490	[INFO]	XnProperty.cpp	101	Depth1.RegistrationType was successfully set.
 4094138	[INFO]	XnDeviceModule.cpp	431	Module 'Depth1' configuration was loaded from file.
 4094360	[INFO]	XnProperty.cpp	74	Setting Depth1.FPS to 30...
 4094384	[INFO]	XnProperty.cpp	86	Depth1.FPS value did not change.
 4094410	[INFO]	XnProperty.cpp	74	Setting Depth1.YRes to 480...
 4094439	[INFO]	XnProperty.cpp	151	Property Depth1.Resolution was changed to 1.
 4094464	[INFO]	XnProperty.cpp	151	Property Depth1.XRes was changed to 640.
 4094488	[INFO]	XnProperty.cpp	151	Property Depth1.RequiredDataSize was changed to 307200.
 4094516	[INFO]	XnProperty.cpp	151	Property Depth1.YRes was changed to 480.
 4094539	[INFO]	XnProperty.cpp	151	Property Depth1.RequiredDataSize was changed to 614400.
 4094564	[INFO]	XnProperty.cpp	101	Depth1.YRes was successfully set.
 4094589	[INFO]	XnProperty.cpp	74	Setting Depth1.XRes to 640...
 4094610	[INFO]	XnProperty.cpp	86	Depth1.XRes value did not change.
 4094677	[INFO]	XnProperty.cpp	74	Setting Depth1.Mirror to 1...
 4094702	[INFO]	XnProperty.cpp	151	Property Depth1.FirmwareMirror was changed to 1.
 4094763	[INFO]	XnProperty.cpp	151	Property Depth1.Mirror was changed to 1.
 4094787	[INFO]	XnProperty.cpp	101	Depth1.Mirror was successfully set.
 6086423	[INFO]	XnOpenNI.cpp	1261	Creating node 'User1' of type User...
 6110643	[WARNING]	Linux-x86Threads.cpp	173	Failed to set thread priority: Invalid argument
 6110685	[WARNING]	XnUSBLinux-x86.cpp	126	USB events thread: Failed to set thread priority to critical. This might cause loss of data...
 6111410	[INFO]	XnUSBLinux-x86.cpp	1222	USB read thread was started.
 6111435	[INFO]	XnProperty.cpp	151	Property Depth1.ActualReadData was changed to 1.
 6582168	[INFO]	XnProperty.cpp	151	Property Depth1.State was changed to 1.
 6582212	[INFO]	XnDeviceBase.cpp	370	Stream Depth1 is open.
 8561304	[INFO]	XnOpenNI.cpp	1261	Creating node 'Image1' of type Image...
 8561357	[INFO]	XnDeviceBase.cpp	1383	Creating stream 'Image1' of type 'Image'...
 8561569	[INFO]	XnProperty.cpp	151	Property Image1.Resolution was changed to 0.
 8561590	[INFO]	XnProperty.cpp	151	Property Image1.XRes was changed to 320.
 8561603	[INFO]	XnProperty.cpp	151	Property Image1.YRes was changed to 240.
 8561615	[INFO]	XnProperty.cpp	151	Property Image1.FPS was changed to 30.
 8561626	[INFO]	XnProperty.cpp	151	Property Image1.OutputFormat was changed to 5.
 8561638	[INFO]	XnProperty.cpp	151	Property Image1.BytesPerPixel was changed to 3.
 8561649	[INFO]	XnProperty.cpp	151	Property Image1.RequiredDataSize was changed to 230400.
 8561677	[INFO]	XnDeviceBase.cpp	1458	Stream 'Image1' was initialized.
 8561692	[INFO]	XnDeviceBase.cpp	1463	'Image1' stream was created.
 8561822	[INFO]	XnProperty.cpp	74	Setting Image1.InputFormat to 6...
 8561847	[INFO]	XnProperty.cpp	151	Property Image1.InputFormat was changed to 6.
 8561862	[INFO]	XnProperty.cpp	101	Image1.InputFormat was successfully set.
 8562628	[INFO]	XnDeviceModule.cpp	431	Module 'Image1' configuration was loaded from file.
 8562811	[INFO]	XnProperty.cpp	74	Setting Image1.FPS to 30...
 8562859	[INFO]	XnProperty.cpp	86	Image1.FPS value did not change.
 8562889	[INFO]	XnProperty.cpp	74	Setting Image1.YRes to 480...
 8562926	[INFO]	XnProperty.cpp	151	Property Image1.Resolution was changed to 1.
 8562960	[INFO]	XnProperty.cpp	151	Property Image1.XRes was changed to 640.
 8562991	[INFO]	XnProperty.cpp	151	Property Image1.RequiredDataSize was changed to 460800.
 8563030	[INFO]	XnProperty.cpp	151	Property Image1.YRes was changed to 480.
 8563063	[INFO]	XnProperty.cpp	151	Property Image1.RequiredDataSize was changed to 921600.
 8563097	[INFO]	XnProperty.cpp	101	Image1.YRes was successfully set.
 8563134	[INFO]	XnProperty.cpp	74	Setting Image1.XRes to 640...
 8563165	[INFO]	XnProperty.cpp	86	Image1.XRes value did not change.
 8564128	[INFO]	XnUSBLinux-x86.cpp	1222	USB read thread was started.
 8564164	[INFO]	XnProperty.cpp	151	Property Image1.ActualReadData was changed to 1.
 8747024	[WARNING]	XnDepthProcessor.cpp	133	Read: Depth buffer is corrupt. Size is 520656 (!= 614400)
 8747070	[WARNING]	XnFrameStreamProcessor.cpp	132	Depth frame is corrupt!
 8782974	[WARNING]	XnDepthProcessor.cpp	133	Read: Depth buffer is corrupt. Size is 592464 (!= 614400)
 8783019	[WARNING]	XnFrameStreamProcessor.cpp	132	Depth frame is corrupt!
11651045	[WARNING]	XnDepthProcessor.cpp	133	Read: Depth buffer is corrupt. Size is 586160 (!= 614400)
11651085	[WARNING]	XnFrameStreamProcessor.cpp	132	Depth frame is corrupt!
11764086	[INFO]	XnProperty.cpp	151	Property Image1.State was changed to 1.
11764140	[INFO]	XnDeviceBase.cpp	370	Stream Image1 is open.
11764351	[INFO]	XnProperty.cpp	74	Setting Depth1.Registration to 1...
11819024	[WARNING]	XnDepthProcessor.cpp	133	Read: Depth buffer is corrupt. Size is 591968 (!= 614400)
11819071	[WARNING]	XnFrameStreamProcessor.cpp	132	Depth frame is corrupt!
11916335	[INFO]	XnProperty.cpp	151	Property Depth1.Registration was changed to 1.
11916385	[INFO]	XnProperty.cpp	101	Depth1.Registration was successfully set.
11916443	[INFO]	XnProperty.cpp	74	Setting Image1.Mirror to 1...
11928755	[INFO]	XnProperty.cpp	151	Property Image1.FirmwareMirror was changed to 1.
11928847	[INFO]	XnProperty.cpp	151	Property Image1.Mirror was changed to 1.
11928869	[INFO]	XnProperty.cpp	101	Image1.Mirror was successfully set.
45890198	[INFO]	XnOpenNI.cpp	1459	Destroying node 'User1'
45897419	[INFO]	XnOpenNI.cpp	1459	Destroying node 'Depth1'
45897504	[INFO]	XnDeviceBase.cpp	1507	Destroying stream 'Depth1'...
45898904	[INFO]	XnOpenNI.cpp	1459	Destroying node 'Image1'
45898946	[INFO]	XnDeviceBase.cpp	1507	Destroying stream 'Image1'...
45899872	[INFO]	XnOpenNI.cpp	1459	Destroying node 'Device1'
