    1884	[INFO]	XnLog.cpp	165	OpenNI version is 1.0.0 (Build 25)-MacOSX (Jan  7 2011 14:20:18)
    1945	[INFO]	XnLog.cpp	173	Log system initialized. Console: 1, File: 1, Severity: INFO, Masks: ALL
    1976	[INFO]	XnLog.cpp	173	Log system initialized. Console: 1, File: 1, Severity: INFO, Masks: ALL
    3913	[INFO]	XnUSBLinux-x86.cpp	98	USB is initialized.
37459708	[INFO]	XnOpenNI.cpp	1261	Creating node 'Device1' of type Device...
37460863	[INFO]	XnDeviceModule.cpp	431	Module 'Device' configuration was loaded from file.
44579517	[INFO]	XnDeviceSensorIO.cpp	135	Connected to USB device
44579574	[INFO]	XnProperty.cpp	151	Property Device.USBPath was changed to 045e/02ae@253/8.
44587123	[INFO]	XnHostProtocol.cpp	825	Hardware versions: FW=5.1.4 (7) HW=4 Chip=2 Sensor=4 SYS=7
45993207	[INFO]	XnProperty.cpp	151	Property Device.ID was changed to 0.
45993271	[INFO]	XnSensor.cpp	182	Device sensor initialized
45993351	[INFO]	XnOpenNI.cpp	1261	Creating node 'Depth1' of type Depth...
45993389	[INFO]	XnDeviceBase.cpp	1383	Creating stream 'Depth1' of type 'Depth'...
45993414	[INFO]	XnProperty.cpp	74	Setting Device.ReadData to 1...
45993454	[INFO]	XnDeviceSensorIO.cpp	298	Endpoints open
46005491	[INFO]	XnProperty.cpp	151	Property Device.ReadData was changed to 1.
46005535	[INFO]	XnProperty.cpp	101	Device.ReadData was successfully set.
46005896	[INFO]	XnProperty.cpp	151	Property Depth1.Resolution was changed to 0.
46005918	[INFO]	XnProperty.cpp	151	Property Depth1.XRes was changed to 320.
46005931	[INFO]	XnProperty.cpp	151	Property Depth1.YRes was changed to 240.
46005943	[INFO]	XnProperty.cpp	151	Property Depth1.FPS was changed to 30.
46005954	[INFO]	XnProperty.cpp	151	Property Depth1.OutputFormat was changed to 1.
46005965	[INFO]	XnProperty.cpp	151	Property Depth1.BytesPerPixel was changed to 2.
46005978	[INFO]	XnProperty.cpp	151	Property Depth1.RequiredDataSize was changed to 153600.
46005996	[INFO]	XnProperty.cpp	151	Property Depth1.ParamCoeff was changed to 4.
46006068	[INFO]	XnProperty.cpp	151	Property Depth1.ShiftScale was changed to 10.
46018344	[INFO]	XnProperty.cpp	151	Property Depth1.ConstShift was changed to 200.
46018433	[INFO]	XnProperty.cpp	151	Property Depth1.ZPD was changed to 120.
46018537	[INFO]	XnProperty.cpp	151	Property Depth1.ZPPS was changed to 0.104200.
46018558	[INFO]	XnProperty.cpp	151	Property Depth1.LDDIS was changed to 7.500000.
46018649	[INFO]	XnProperty.cpp	151	Property Depth1.Gain was changed to 30.
46018682	[INFO]	XnDeviceBase.cpp	1458	Stream 'Depth1' was initialized.
46018696	[INFO]	XnDeviceBase.cpp	1463	'Depth1' stream was created.
46018859	[INFO]	XnProperty.cpp	74	Setting Depth1.InputFormat to 3...
46018880	[INFO]	XnProperty.cpp	151	Property Depth1.InputFormat was changed to 3.
46018893	[INFO]	XnProperty.cpp	101	Depth1.InputFormat was successfully set.
46019327	[INFO]	XnProperty.cpp	74	Setting Depth1.RegistrationType to 2...
46019342	[INFO]	XnProperty.cpp	151	Property Depth1.RegistrationType was changed to 2.
46019353	[INFO]	XnProperty.cpp	101	Depth1.RegistrationType was successfully set.
46019866	[INFO]	XnDeviceModule.cpp	431	Module 'Depth1' configuration was loaded from file.
46020062	[INFO]	XnProperty.cpp	74	Setting Depth1.FPS to 30...
46020079	[INFO]	XnProperty.cpp	86	Depth1.FPS value did not change.
46020091	[INFO]	XnProperty.cpp	74	Setting Depth1.YRes to 480...
46020106	[INFO]	XnProperty.cpp	151	Property Depth1.Resolution was changed to 1.
46020120	[INFO]	XnProperty.cpp	151	Property Depth1.XRes was changed to 640.
46020133	[INFO]	XnProperty.cpp	151	Property Depth1.RequiredDataSize was changed to 307200.
46020149	[INFO]	XnProperty.cpp	151	Property Depth1.YRes was changed to 480.
46020161	[INFO]	XnProperty.cpp	151	Property Depth1.RequiredDataSize was changed to 614400.
46020174	[INFO]	XnProperty.cpp	101	Depth1.YRes was successfully set.
46020186	[INFO]	XnProperty.cpp	74	Setting Depth1.XRes to 640...
46020197	[INFO]	XnProperty.cpp	86	Depth1.XRes value did not change.
46020241	[INFO]	XnProperty.cpp	74	Setting Depth1.Mirror to 1...
46020256	[INFO]	XnProperty.cpp	151	Property Depth1.FirmwareMirror was changed to 1.
46020308	[INFO]	XnProperty.cpp	151	Property Depth1.Mirror was changed to 1.
46020324	[INFO]	XnProperty.cpp	101	Depth1.Mirror was successfully set.
