    1409	[INFO]	XnLog.cpp	165	OpenNI version is 1.0.0 (Build 25)-MacOSX (Jan  7 2011 14:20:18)
    1452	[INFO]	XnLog.cpp	173	Log system initialized. Console: 1, File: 1, Severity: INFO, Masks: ALL
    1475	[INFO]	XnLog.cpp	173	Log system initialized. Console: 1, File: 1, Severity: INFO, Masks: ALL
    2614	[INFO]	XnUSBLinux-x86.cpp	98	USB is initialized.
 4497621	[INFO]	XnOpenNI.cpp	1261	Creating node 'Device1' of type Device...
 4498432	[INFO]	XnDeviceModule.cpp	431	Module 'Device' configuration was loaded from file.
 5155421	[INFO]	XnDeviceSensorIO.cpp	135	Connected to USB device
 5155472	[INFO]	XnProperty.cpp	151	Property Device.USBPath was changed to 045e/02ae@253/8.
 5163126	[INFO]	XnHostProtocol.cpp	825	Hardware versions: FW=5.1.4 (7) HW=4 Chip=2 Sensor=4 SYS=7
 6573375	[INFO]	XnProperty.cpp	151	Property Device.ID was changed to 0.
 6573477	[INFO]	XnSensor.cpp	182	Device sensor initialized
 6573581	[INFO]	XnOpenNI.cpp	1261	Creating node 'Depth1' of type Depth...
 6573617	[INFO]	XnDeviceBase.cpp	1383	Creating stream 'Depth1' of type 'Depth'...
 6573633	[INFO]	XnProperty.cpp	74	Setting Device.ReadData to 1...
 6573663	[INFO]	XnDeviceSensorIO.cpp	298	Endpoints open
 6586018	[INFO]	XnProperty.cpp	151	Property Device.ReadData was changed to 1.
 6586056	[INFO]	XnProperty.cpp	101	Device.ReadData was successfully set.
 6586420	[INFO]	XnProperty.cpp	151	Property Depth1.Resolution was changed to 0.
 6586441	[INFO]	XnProperty.cpp	151	Property Depth1.XRes was changed to 320.
 6586454	[INFO]	XnProperty.cpp	151	Property Depth1.YRes was changed to 240.
 6586465	[INFO]	XnProperty.cpp	151	Property Depth1.FPS was changed to 30.
 6586477	[INFO]	XnProperty.cpp	151	Property Depth1.OutputFormat was changed to 1.
 6586488	[INFO]	XnProperty.cpp	151	Property Depth1.BytesPerPixel was changed to 2.
 6586501	[INFO]	XnProperty.cpp	151	Property Depth1.RequiredDataSize was changed to 153600.
 6586517	[INFO]	XnProperty.cpp	151	Property Depth1.ParamCoeff was changed to 4.
 6586576	[INFO]	XnProperty.cpp	151	Property Depth1.ShiftScale was changed to 10.
 6599069	[INFO]	XnProperty.cpp	151	Property Depth1.ConstShift was changed to 200.
 6599172	[INFO]	XnProperty.cpp	151	Property Depth1.ZPD was changed to 120.
 6599293	[INFO]	XnProperty.cpp	151	Property Depth1.ZPPS was changed to 0.104200.
 6599320	[INFO]	XnProperty.cpp	151	Property Depth1.LDDIS was changed to 7.500000.
 6599438	[INFO]	XnProperty.cpp	151	Property Depth1.Gain was changed to 30.
 6599485	[INFO]	XnDeviceBase.cpp	1458	Stream 'Depth1' was initialized.
 6599508	[INFO]	XnDeviceBase.cpp	1463	'Depth1' stream was created.
 6599733	[INFO]	XnProperty.cpp	74	Setting Depth1.InputFormat to 3...
 6599765	[INFO]	XnProperty.cpp	151	Property Depth1.InputFormat was changed to 3.
 6599788	[INFO]	XnProperty.cpp	101	Depth1.InputFormat was successfully set.
 6600485	[INFO]	XnProperty.cpp	74	Setting Depth1.RegistrationType to 2...
 6600516	[INFO]	XnProperty.cpp	151	Property Depth1.RegistrationType was changed to 2.
 6600538	[INFO]	XnProperty.cpp	101	Depth1.RegistrationType was successfully set.
 6601254	[INFO]	XnDeviceModule.cpp	431	Module 'Depth1' configuration was loaded from file.
 6601499	[INFO]	XnProperty.cpp	74	Setting Depth1.FPS to 30...
 6601524	[INFO]	XnProperty.cpp	86	Depth1.FPS value did not change.
 6601544	[INFO]	XnProperty.cpp	74	Setting Depth1.YRes to 480...
 6601568	[INFO]	XnProperty.cpp	151	Property Depth1.Resolution was changed to 1.
 6601591	[INFO]	XnProperty.cpp	151	Property Depth1.XRes was changed to 640.
 6601613	[INFO]	XnProperty.cpp	151	Property Depth1.RequiredDataSize was changed to 307200.
 6601638	[INFO]	XnProperty.cpp	151	Property Depth1.YRes was changed to 480.
 6601659	[INFO]	XnProperty.cpp	151	Property Depth1.RequiredDataSize was changed to 614400.
 6601681	[INFO]	XnProperty.cpp	101	Depth1.YRes was successfully set.
 6601704	[INFO]	XnProperty.cpp	74	Setting Depth1.XRes to 640...
 6601723	[INFO]	XnProperty.cpp	86	Depth1.XRes value did not change.
 6601786	[INFO]	XnProperty.cpp	74	Setting Depth1.Mirror to 1...
 6601812	[INFO]	XnProperty.cpp	151	Property Depth1.FirmwareMirror was changed to 1.
 6601871	[INFO]	XnProperty.cpp	151	Property Depth1.Mirror was changed to 1.
 6601892	[INFO]	XnProperty.cpp	101	Depth1.Mirror was successfully set.
12635648	[INFO]	XnOpenNI.cpp	1261	Creating node 'User1' of type User...
12658457	[WARNING]	Linux-x86Threads.cpp	173	Failed to set thread priority: Invalid argument
12658501	[WARNING]	XnUSBLinux-x86.cpp	126	USB events thread: Failed to set thread priority to critical. This might cause loss of data...
12659246	[INFO]	XnUSBLinux-x86.cpp	1222	USB read thread was started.
12659271	[INFO]	XnProperty.cpp	151	Property Depth1.ActualReadData was changed to 1.
13129890	[INFO]	XnProperty.cpp	151	Property Depth1.State was changed to 1.
13129933	[INFO]	XnDeviceBase.cpp	370	Stream Depth1 is open.
19128394	[INFO]	XnOpenNI.cpp	1261	Creating node 'Image1' of type Image...
19128444	[INFO]	XnDeviceBase.cpp	1383	Creating stream 'Image1' of type 'Image'...
19128622	[INFO]	XnProperty.cpp	151	Property Image1.Resolution was changed to 0.
19128642	[INFO]	XnProperty.cpp	151	Property Image1.XRes was changed to 320.
19128655	[INFO]	XnProperty.cpp	151	Property Image1.YRes was changed to 240.
19128667	[INFO]	XnProperty.cpp	151	Property Image1.FPS was changed to 30.
19128678	[INFO]	XnProperty.cpp	151	Property Image1.OutputFormat was changed to 5.
19128689	[INFO]	XnProperty.cpp	151	Property Image1.BytesPerPixel was changed to 3.
19128702	[INFO]	XnProperty.cpp	151	Property Image1.RequiredDataSize was changed to 230400.
19128729	[INFO]	XnDeviceBase.cpp	1458	Stream 'Image1' was initialized.
19128743	[INFO]	XnDeviceBase.cpp	1463	'Image1' stream was created.
19128847	[INFO]	XnProperty.cpp	74	Setting Image1.InputFormat to 6...
19128867	[INFO]	XnProperty.cpp	151	Property Image1.InputFormat was changed to 6.
19128880	[INFO]	XnProperty.cpp	101	Image1.InputFormat was successfully set.
19129285	[INFO]	XnDeviceModule.cpp	431	Module 'Image1' configuration was loaded from file.
19129371	[INFO]	XnProperty.cpp	74	Setting Image1.FPS to 30...
19129387	[INFO]	XnProperty.cpp	86	Image1.FPS value did not change.
19129399	[INFO]	XnProperty.cpp	74	Setting Image1.YRes to 480...
19129412	[INFO]	XnProperty.cpp	151	Property Image1.Resolution was changed to 1.
19129424	[INFO]	XnProperty.cpp	151	Property Image1.XRes was changed to 640.
19129436	[INFO]	XnProperty.cpp	151	Property Image1.RequiredDataSize was changed to 460800.
19129450	[INFO]	XnProperty.cpp	151	Property Image1.YRes was changed to 480.
19129462	[INFO]	XnProperty.cpp	151	Property Image1.RequiredDataSize was changed to 921600.
19129474	[INFO]	XnProperty.cpp	101	Image1.YRes was successfully set.
19129486	[INFO]	XnProperty.cpp	74	Setting Image1.XRes to 640...
19129497	[INFO]	XnProperty.cpp	86	Image1.XRes value did not change.
19130341	[INFO]	XnUSBLinux-x86.cpp	1222	USB read thread was started.
19130384	[INFO]	XnProperty.cpp	151	Property Image1.ActualReadData was changed to 1.
19199391	[WARNING]	XnDepthProcessor.cpp	133	Read: Depth buffer is corrupt. Size is 593264 (!= 614400)
19199436	[WARNING]	XnFrameStreamProcessor.cpp	132	Depth frame is corrupt!
19299353	[WARNING]	XnDepthProcessor.cpp	133	Read: Depth buffer is corrupt. Size is 583936 (!= 614400)
19299399	[WARNING]	XnFrameStreamProcessor.cpp	132	Depth frame is corrupt!
19331383	[WARNING]	XnDepthProcessor.cpp	133	Read: Depth buffer is corrupt. Size is 601696 (!= 614400)
19331429	[WARNING]	XnFrameStreamProcessor.cpp	132	Depth frame is corrupt!
22203410	[WARNING]	XnDepthProcessor.cpp	133	Read: Depth buffer is corrupt. Size is 586672 (!= 614400)
22203453	[WARNING]	XnFrameStreamProcessor.cpp	132	Depth frame is corrupt!
22330635	[INFO]	XnProperty.cpp	151	Property Image1.State was changed to 1.
22330689	[INFO]	XnDeviceBase.cpp	370	Stream Image1 is open.
22330883	[INFO]	XnProperty.cpp	74	Setting Depth1.Registration to 1...
22371397	[WARNING]	XnDepthProcessor.cpp	133	Read: Depth buffer is corrupt. Size is 593648 (!= 614400)
22371443	[WARNING]	XnFrameStreamProcessor.cpp	132	Depth frame is corrupt!
22483386	[INFO]	XnProperty.cpp	151	Property Depth1.Registration was changed to 1.
22483440	[INFO]	XnProperty.cpp	101	Depth1.Registration was successfully set.
22483535	[INFO]	XnProperty.cpp	74	Setting Image1.Mirror to 1...
22496113	[INFO]	XnProperty.cpp	151	Property Image1.FirmwareMirror was changed to 1.
22496156	[INFO]	XnProperty.cpp	151	Property Image1.Mirror was changed to 1.
22496168	[INFO]	XnProperty.cpp	101	Image1.Mirror was successfully set.
80146160	[INFO]	XnOpenNI.cpp	1459	Destroying node 'User1'
80152950	[INFO]	XnOpenNI.cpp	1459	Destroying node 'Depth1'
80153039	[INFO]	XnDeviceBase.cpp	1507	Destroying stream 'Depth1'...
80154140	[INFO]	XnOpenNI.cpp	1459	Destroying node 'Image1'
80154199	[INFO]	XnDeviceBase.cpp	1507	Destroying stream 'Image1'...
80154936	[INFO]	XnOpenNI.cpp	1459	Destroying node 'Device1'
