    1544	[INFO]	XnLog.cpp	165	OpenNI version is 1.0.0 (Build 25)-MacOSX (Jan  7 2011 14:20:18)
    1597	[INFO]	XnLog.cpp	173	Log system initialized. Console: 1, File: 1, Severity: INFO, Masks: ALL
    1629	[INFO]	XnLog.cpp	173	Log system initialized. Console: 1, File: 1, Severity: INFO, Masks: ALL
    2917	[INFO]	XnUSBLinux-x86.cpp	98	USB is initialized.
 2354621	[INFO]	XnOpenNI.cpp	1261	Creating node 'Device1' of type Device...
 2355647	[INFO]	XnDeviceModule.cpp	431	Module 'Device' configuration was loaded from file.
 2616743	[INFO]	XnDeviceSensorIO.cpp	135	Connected to USB device
 2616795	[INFO]	XnProperty.cpp	151	Property Device.USBPath was changed to 045e/02ae@253/8.
 2624468	[INFO]	XnHostProtocol.cpp	825	Hardware versions: FW=5.1.4 (7) HW=4 Chip=2 Sensor=4 SYS=7
 4035043	[INFO]	XnProperty.cpp	151	Property Device.ID was changed to 0.
 4035138	[INFO]	XnSensor.cpp	182	Device sensor initialized
 4035250	[INFO]	XnOpenNI.cpp	1261	Creating node 'Depth1' of type Depth...
 4035286	[INFO]	XnDeviceBase.cpp	1383	Creating stream 'Depth1' of type 'Depth'...
 4035304	[INFO]	XnProperty.cpp	74	Setting Device.ReadData to 1...
 4035333	[INFO]	XnDeviceSensorIO.cpp	298	Endpoints open
 4047741	[INFO]	XnProperty.cpp	151	Property Device.ReadData was changed to 1.
 4047779	[INFO]	XnProperty.cpp	101	Device.ReadData was successfully set.
 4048226	[INFO]	XnProperty.cpp	151	Property Depth1.Resolution was changed to 0.
 4048254	[INFO]	XnProperty.cpp	151	Property Depth1.XRes was changed to 320.
 4048274	[INFO]	XnProperty.cpp	151	Property Depth1.YRes was changed to 240.
 4048294	[INFO]	XnProperty.cpp	151	Property Depth1.FPS was changed to 30.
 4048313	[INFO]	XnProperty.cpp	151	Property Depth1.OutputFormat was changed to 1.
 4048330	[INFO]	XnProperty.cpp	151	Property Depth1.BytesPerPixel was changed to 2.
 4048346	[INFO]	XnProperty.cpp	151	Property Depth1.RequiredDataSize was changed to 153600.
 4048366	[INFO]	XnProperty.cpp	151	Property Depth1.ParamCoeff was changed to 4.
 4048441	[INFO]	XnProperty.cpp	151	Property Depth1.ShiftScale was changed to 10.
 4060881	[INFO]	XnProperty.cpp	151	Property Depth1.ConstShift was changed to 200.
 4060985	[INFO]	XnProperty.cpp	151	Property Depth1.ZPD was changed to 120.
 4061111	[INFO]	XnProperty.cpp	151	Property Depth1.ZPPS was changed to 0.104200.
 4061132	[INFO]	XnProperty.cpp	151	Property Depth1.LDDIS was changed to 7.500000.
 4061251	[INFO]	XnProperty.cpp	151	Property Depth1.Gain was changed to 30.
 4061292	[INFO]	XnDeviceBase.cpp	1458	Stream 'Depth1' was initialized.
 4061313	[INFO]	XnDeviceBase.cpp	1463	'Depth1' stream was created.
 4061475	[INFO]	XnProperty.cpp	74	Setting Depth1.InputFormat to 3...
 4061501	[INFO]	XnProperty.cpp	151	Property Depth1.InputFormat was changed to 3.
 4061520	[INFO]	XnProperty.cpp	101	Depth1.InputFormat was successfully set.
 4061986	[INFO]	XnProperty.cpp	74	Setting Depth1.RegistrationType to 2...
 4062005	[INFO]	XnProperty.cpp	151	Property Depth1.RegistrationType was changed to 2.
 4062017	[INFO]	XnProperty.cpp	101	Depth1.RegistrationType was successfully set.
 4062488	[INFO]	XnDeviceModule.cpp	431	Module 'Depth1' configuration was loaded from file.
 4062651	[INFO]	XnProperty.cpp	74	Setting Depth1.FPS to 30...
 4062668	[INFO]	XnProperty.cpp	86	Depth1.FPS value did not change.
 4062680	[INFO]	XnProperty.cpp	74	Setting Depth1.YRes to 480...
 4062694	[INFO]	XnProperty.cpp	151	Property Depth1.Resolution was changed to 1.
 4062708	[INFO]	XnProperty.cpp	151	Property Depth1.XRes was changed to 640.
 4062720	[INFO]	XnProperty.cpp	151	Property Depth1.RequiredDataSize was changed to 307200.
 4062736	[INFO]	XnProperty.cpp	151	Property Depth1.YRes was changed to 480.
 4062748	[INFO]	XnProperty.cpp	151	Property Depth1.RequiredDataSize was changed to 614400.
 4062760	[INFO]	XnProperty.cpp	101	Depth1.YRes was successfully set.
 4062773	[INFO]	XnProperty.cpp	74	Setting Depth1.XRes to 640...
 4062784	[INFO]	XnProperty.cpp	86	Depth1.XRes value did not change.
 4062826	[INFO]	XnProperty.cpp	74	Setting Depth1.Mirror to 1...
 4062840	[INFO]	XnProperty.cpp	151	Property Depth1.FirmwareMirror was changed to 1.
 4062884	[INFO]	XnProperty.cpp	151	Property Depth1.Mirror was changed to 1.
 4062895	[INFO]	XnProperty.cpp	101	Depth1.Mirror was successfully set.
 5171329	[INFO]	XnOpenNI.cpp	1261	Creating node 'User1' of type User...
 5195025	[WARNING]	Linux-x86Threads.cpp	173	Failed to set thread priority: Invalid argument
 5195069	[WARNING]	XnUSBLinux-x86.cpp	126	USB events thread: Failed to set thread priority to critical. This might cause loss of data...
 5195909	[INFO]	XnUSBLinux-x86.cpp	1222	USB read thread was started.
 5195935	[INFO]	XnProperty.cpp	151	Property Depth1.ActualReadData was changed to 1.
 5666628	[INFO]	XnProperty.cpp	151	Property Depth1.State was changed to 1.
 5666672	[INFO]	XnDeviceBase.cpp	370	Stream Depth1 is open.
 6766133	[INFO]	XnOpenNI.cpp	1261	Creating node 'Image1' of type Image...
 6766184	[INFO]	XnDeviceBase.cpp	1383	Creating stream 'Image1' of type 'Image'...
 6766370	[INFO]	XnProperty.cpp	151	Property Image1.Resolution was changed to 0.
 6766390	[INFO]	XnProperty.cpp	151	Property Image1.XRes was changed to 320.
 6766402	[INFO]	XnProperty.cpp	151	Property Image1.YRes was changed to 240.
 6766414	[INFO]	XnProperty.cpp	151	Property Image1.FPS was changed to 30.
 6766425	[INFO]	XnProperty.cpp	151	Property Image1.OutputFormat was changed to 5.
 6766437	[INFO]	XnProperty.cpp	151	Property Image1.BytesPerPixel was changed to 3.
 6766450	[INFO]	XnProperty.cpp	151	Property Image1.RequiredDataSize was changed to 230400.
 6766484	[INFO]	XnDeviceBase.cpp	1458	Stream 'Image1' was initialized.
 6766498	[INFO]	XnDeviceBase.cpp	1463	'Image1' stream was created.
 6766602	[INFO]	XnProperty.cpp	74	Setting Image1.InputFormat to 6...
 6766623	[INFO]	XnProperty.cpp	151	Property Image1.InputFormat was changed to 6.
 6766635	[INFO]	XnProperty.cpp	101	Image1.InputFormat was successfully set.
 6767055	[INFO]	XnDeviceModule.cpp	431	Module 'Image1' configuration was loaded from file.
 6767139	[INFO]	XnProperty.cpp	74	Setting Image1.FPS to 30...
 6767155	[INFO]	XnProperty.cpp	86	Image1.FPS value did not change.
 6767167	[INFO]	XnProperty.cpp	74	Setting Image1.YRes to 480...
 6767180	[INFO]	XnProperty.cpp	151	Property Image1.Resolution was changed to 1.
 6767191	[INFO]	XnProperty.cpp	151	Property Image1.XRes was changed to 640.
 6767203	[INFO]	XnProperty.cpp	151	Property Image1.RequiredDataSize was changed to 460800.
 6767216	[INFO]	XnProperty.cpp	151	Property Image1.YRes was changed to 480.
 6767228	[INFO]	XnProperty.cpp	151	Property Image1.RequiredDataSize was changed to 921600.
 6767241	[INFO]	XnProperty.cpp	101	Image1.YRes was successfully set.
 6767253	[INFO]	XnProperty.cpp	74	Setting Image1.XRes to 640...
 6767264	[INFO]	XnProperty.cpp	86	Image1.XRes value did not change.
 6768215	[INFO]	XnUSBLinux-x86.cpp	1222	USB read thread was started.
 6768257	[INFO]	XnProperty.cpp	151	Property Image1.ActualReadData was changed to 1.
 6832046	[WARNING]	XnDepthProcessor.cpp	133	Read: Depth buffer is corrupt. Size is 600000 (!= 614400)
 6832104	[WARNING]	XnFrameStreamProcessor.cpp	132	Depth frame is corrupt!
 6964088	[WARNING]	XnDepthProcessor.cpp	133	Read: Depth buffer is corrupt. Size is 589248 (!= 614400)
 6964137	[WARNING]	XnFrameStreamProcessor.cpp	132	Depth frame is corrupt!
 9868118	[WARNING]	XnDepthProcessor.cpp	133	Read: Depth buffer is corrupt. Size is 591504 (!= 614400)
 9868172	[WARNING]	XnFrameStreamProcessor.cpp	132	Depth frame is corrupt!
 9969026	[INFO]	XnProperty.cpp	151	Property Image1.State was changed to 1.
 9969075	[INFO]	XnDeviceBase.cpp	370	Stream Image1 is open.
 9969301	[INFO]	XnProperty.cpp	74	Setting Depth1.Registration to 1...
10000116	[WARNING]	XnDepthProcessor.cpp	133	Read: Depth buffer is corrupt. Size is 567328 (!= 614400)
10000163	[WARNING]	XnFrameStreamProcessor.cpp	132	Depth frame is corrupt!
10120265	[INFO]	XnProperty.cpp	151	Property Depth1.Registration was changed to 1.
10120307	[INFO]	XnProperty.cpp	101	Depth1.Registration was successfully set.
10120355	[INFO]	XnProperty.cpp	74	Setting Image1.Mirror to 1...
10132640	[INFO]	XnProperty.cpp	151	Property Image1.FirmwareMirror was changed to 1.
10132731	[INFO]	XnProperty.cpp	151	Property Image1.Mirror was changed to 1.
10132751	[INFO]	XnProperty.cpp	101	Image1.Mirror was successfully set.
30812242	[INFO]	XnOpenNI.cpp	1459	Destroying node 'User1'
30819780	[INFO]	XnOpenNI.cpp	1459	Destroying node 'Depth1'
30819870	[INFO]	XnDeviceBase.cpp	1507	Destroying stream 'Depth1'...
30821189	[INFO]	XnOpenNI.cpp	1459	Destroying node 'Image1'
30821246	[INFO]	XnDeviceBase.cpp	1507	Destroying stream 'Image1'...
30822084	[INFO]	XnOpenNI.cpp	1459	Destroying node 'Device1'
