    1384	[INFO]	XnLog.cpp	165	OpenNI version is 1.0.0 (Build 25)-MacOSX (Jan  7 2011 14:20:18)
    1428	[INFO]	XnLog.cpp	173	Log system initialized. Console: 1, File: 1, Severity: INFO, Masks: ALL
    1452	[INFO]	XnLog.cpp	173	Log system initialized. Console: 1, File: 1, Severity: INFO, Masks: ALL
    2569	[INFO]	XnUSBLinux-x86.cpp	98	USB is initialized.
 2373037	[INFO]	XnOpenNI.cpp	1261	Creating node 'Device1' of type Device...
 2374099	[INFO]	XnDeviceModule.cpp	431	Module 'Device' configuration was loaded from file.
 2634172	[INFO]	XnDeviceSensorIO.cpp	135	Connected to USB device
 2634216	[INFO]	XnProperty.cpp	151	Property Device.USBPath was changed to 045e/02ae@253/8.
 2641260	[INFO]	XnHostProtocol.cpp	825	Hardware versions: FW=5.1.4 (7) HW=4 Chip=2 Sensor=4 SYS=7
 4051344	[INFO]	XnProperty.cpp	151	Property Device.ID was changed to 0.
 4051404	[INFO]	XnSensor.cpp	182	Device sensor initialized
 4051496	[INFO]	XnOpenNI.cpp	1261	Creating node 'Depth1' of type Depth...
 4051541	[INFO]	XnDeviceBase.cpp	1383	Creating stream 'Depth1' of type 'Depth'...
 4051563	[INFO]	XnProperty.cpp	74	Setting Device.ReadData to 1...
 4051601	[INFO]	XnDeviceSensorIO.cpp	298	Endpoints open
 4063999	[INFO]	XnProperty.cpp	151	Property Device.ReadData was changed to 1.
 4064037	[INFO]	XnProperty.cpp	101	Device.ReadData was successfully set.
 4064385	[INFO]	XnProperty.cpp	151	Property Depth1.Resolution was changed to 0.
 4064407	[INFO]	XnProperty.cpp	151	Property Depth1.XRes was changed to 320.
 4064427	[INFO]	XnProperty.cpp	151	Property Depth1.YRes was changed to 240.
 4064445	[INFO]	XnProperty.cpp	151	Property Depth1.FPS was changed to 30.
 4064462	[INFO]	XnProperty.cpp	151	Property Depth1.OutputFormat was changed to 1.
 4064480	[INFO]	XnProperty.cpp	151	Property Depth1.BytesPerPixel was changed to 2.
 4064499	[INFO]	XnProperty.cpp	151	Property Depth1.RequiredDataSize was changed to 153600.
 4064523	[INFO]	XnProperty.cpp	151	Property Depth1.ParamCoeff was changed to 4.
 4064603	[INFO]	XnProperty.cpp	151	Property Depth1.ShiftScale was changed to 10.
 4076701	[INFO]	XnProperty.cpp	151	Property Depth1.ConstShift was changed to 200.
 4076804	[INFO]	XnProperty.cpp	151	Property Depth1.ZPD was changed to 120.
 4076910	[INFO]	XnProperty.cpp	151	Property Depth1.ZPPS was changed to 0.104200.
 4076936	[INFO]	XnProperty.cpp	151	Property Depth1.LDDIS was changed to 7.500000.
 4077052	[INFO]	XnProperty.cpp	151	Property Depth1.Gain was changed to 30.
 4077097	[INFO]	XnDeviceBase.cpp	1458	Stream 'Depth1' was initialized.
 4077119	[INFO]	XnDeviceBase.cpp	1463	'Depth1' stream was created.
 4077314	[INFO]	XnProperty.cpp	74	Setting Depth1.InputFormat to 3...
 4077342	[INFO]	XnProperty.cpp	151	Property Depth1.InputFormat was changed to 3.
 4077364	[INFO]	XnProperty.cpp	101	Depth1.InputFormat was successfully set.
 4078010	[INFO]	XnProperty.cpp	74	Setting Depth1.RegistrationType to 2...
 4078033	[INFO]	XnProperty.cpp	151	Property Depth1.RegistrationType was changed to 2.
 4078054	[INFO]	XnProperty.cpp	101	Depth1.RegistrationType was successfully set.
 4078783	[INFO]	XnDeviceModule.cpp	431	Module 'Depth1' configuration was loaded from file.
 4079024	[INFO]	XnProperty.cpp	74	Setting Depth1.FPS to 30...
 4079049	[INFO]	XnProperty.cpp	86	Depth1.FPS value did not change.
 4079068	[INFO]	XnProperty.cpp	74	Setting Depth1.YRes to 480...
 4079091	[INFO]	XnProperty.cpp	151	Property Depth1.Resolution was changed to 1.
 4079115	[INFO]	XnProperty.cpp	151	Property Depth1.XRes was changed to 640.
 4079134	[INFO]	XnProperty.cpp	151	Property Depth1.RequiredDataSize was changed to 307200.
 4079157	[INFO]	XnProperty.cpp	151	Property Depth1.YRes was changed to 480.
 4079176	[INFO]	XnProperty.cpp	151	Property Depth1.RequiredDataSize was changed to 614400.
 4079194	[INFO]	XnProperty.cpp	101	Depth1.YRes was successfully set.
 4079213	[INFO]	XnProperty.cpp	74	Setting Depth1.XRes to 640...
 4079229	[INFO]	XnProperty.cpp	86	Depth1.XRes value did not change.
 4079290	[INFO]	XnProperty.cpp	74	Setting Depth1.Mirror to 1...
 4079315	[INFO]	XnProperty.cpp	151	Property Depth1.FirmwareMirror was changed to 1.
 4079373	[INFO]	XnProperty.cpp	151	Property Depth1.Mirror was changed to 1.
 4079393	[INFO]	XnProperty.cpp	101	Depth1.Mirror was successfully set.
 6065781	[INFO]	XnOpenNI.cpp	1261	Creating node 'User1' of type User...
 6089173	[WARNING]	Linux-x86Threads.cpp	173	Failed to set thread priority: Invalid argument
 6089218	[WARNING]	XnUSBLinux-x86.cpp	126	USB events thread: Failed to set thread priority to critical. This might cause loss of data...
 6089962	[INFO]	XnUSBLinux-x86.cpp	1222	USB read thread was started.
 6089985	[INFO]	XnProperty.cpp	151	Property Depth1.ActualReadData was changed to 1.
 6559925	[INFO]	XnProperty.cpp	151	Property Depth1.State was changed to 1.
 6559965	[INFO]	XnDeviceBase.cpp	370	Stream Depth1 is open.
 8534672	[INFO]	XnOpenNI.cpp	1261	Creating node 'Image1' of type Image...
 8534723	[INFO]	XnDeviceBase.cpp	1383	Creating stream 'Image1' of type 'Image'...
 8534898	[INFO]	XnProperty.cpp	151	Property Image1.Resolution was changed to 0.
 8534923	[INFO]	XnProperty.cpp	151	Property Image1.XRes was changed to 320.
 8534942	[INFO]	XnProperty.cpp	151	Property Image1.YRes was changed to 240.
 8534960	[INFO]	XnProperty.cpp	151	Property Image1.FPS was changed to 30.
 8534980	[INFO]	XnProperty.cpp	151	Property Image1.OutputFormat was changed to 5.
 8534998	[INFO]	XnProperty.cpp	151	Property Image1.BytesPerPixel was changed to 3.
 8535016	[INFO]	XnProperty.cpp	151	Property Image1.RequiredDataSize was changed to 230400.
 8535056	[INFO]	XnDeviceBase.cpp	1458	Stream 'Image1' was initialized.
 8535080	[INFO]	XnDeviceBase.cpp	1463	'Image1' stream was created.
 8535204	[INFO]	XnProperty.cpp	74	Setting Image1.InputFormat to 6...
 8535234	[INFO]	XnProperty.cpp	151	Property Image1.InputFormat was changed to 6.
 8535253	[INFO]	XnProperty.cpp	101	Image1.InputFormat was successfully set.
 8535839	[INFO]	XnDeviceModule.cpp	431	Module 'Image1' configuration was loaded from file.
 8535922	[INFO]	XnProperty.cpp	74	Setting Image1.FPS to 30...
 8535941	[INFO]	XnProperty.cpp	86	Image1.FPS value did not change.
 8535960	[INFO]	XnProperty.cpp	74	Setting Image1.YRes to 480...
 8535979	[INFO]	XnProperty.cpp	151	Property Image1.Resolution was changed to 1.
 8535999	[INFO]	XnProperty.cpp	151	Property Image1.XRes was changed to 640.
 8536018	[INFO]	XnProperty.cpp	151	Property Image1.RequiredDataSize was changed to 460800.
 8536038	[INFO]	XnProperty.cpp	151	Property Image1.YRes was changed to 480.
 8536056	[INFO]	XnProperty.cpp	151	Property Image1.RequiredDataSize was changed to 921600.
 8536074	[INFO]	XnProperty.cpp	101	Image1.YRes was successfully set.
 8536092	[INFO]	XnProperty.cpp	74	Setting Image1.XRes to 640...
 8536108	[INFO]	XnProperty.cpp	86	Image1.XRes value did not change.
 8536998	[INFO]	XnUSBLinux-x86.cpp	1222	USB read thread was started.
 8537050	[INFO]	XnProperty.cpp	151	Property Image1.ActualReadData was changed to 1.
 8726140	[WARNING]	XnDepthProcessor.cpp	133	Read: Depth buffer is corrupt. Size is 552368 (!= 614400)
 8726187	[WARNING]	XnFrameStreamProcessor.cpp	132	Depth frame is corrupt!
11630169	[WARNING]	XnDepthProcessor.cpp	133	Read: Depth buffer is corrupt. Size is 600992 (!= 614400)
11630214	[WARNING]	XnFrameStreamProcessor.cpp	132	Depth frame is corrupt!
11737498	[INFO]	XnProperty.cpp	151	Property Image1.State was changed to 1.
11737542	[INFO]	XnDeviceBase.cpp	370	Stream Image1 is open.
11737735	[INFO]	XnProperty.cpp	74	Setting Depth1.Registration to 1...
11762133	[WARNING]	XnDepthProcessor.cpp	133	Read: Depth buffer is corrupt. Size is 587792 (!= 614400)
11762183	[WARNING]	XnFrameStreamProcessor.cpp	132	Depth frame is corrupt!
11890761	[INFO]	XnProperty.cpp	151	Property Depth1.Registration was changed to 1.
11890804	[INFO]	XnProperty.cpp	101	Depth1.Registration was successfully set.
11890852	[INFO]	XnProperty.cpp	74	Setting Image1.Mirror to 1...
11903119	[INFO]	XnProperty.cpp	151	Property Image1.FirmwareMirror was changed to 1.
11903163	[INFO]	XnProperty.cpp	151	Property Image1.Mirror was changed to 1.
11903175	[INFO]	XnProperty.cpp	101	Image1.Mirror was successfully set.
31976296	[INFO]	XnOpenNI.cpp	1459	Destroying node 'User1'
31983928	[INFO]	XnOpenNI.cpp	1459	Destroying node 'Depth1'
31984011	[INFO]	XnDeviceBase.cpp	1507	Destroying stream 'Depth1'...
31985139	[INFO]	XnOpenNI.cpp	1459	Destroying node 'Image1'
31985212	[INFO]	XnDeviceBase.cpp	1507	Destroying stream 'Image1'...
31986058	[INFO]	XnOpenNI.cpp	1459	Destroying node 'Device1'
