    1482	[INFO]	XnLog.cpp	165	OpenNI version is 1.0.0 (Build 25)-MacOSX (Jan  7 2011 14:20:18)
    1529	[INFO]	XnLog.cpp	173	Log system initialized. Console: 1, File: 1, Severity: INFO, Masks: ALL
    1553	[INFO]	XnLog.cpp	173	Log system initialized. Console: 1, File: 1, Severity: INFO, Masks: ALL
    2685	[INFO]	XnUSBLinux-x86.cpp	98	USB is initialized.
36068676	[INFO]	XnOpenNI.cpp	1261	Creating node 'Device1' of type Device...
36069581	[INFO]	XnDeviceModule.cpp	431	Module 'Device' configuration was loaded from file.
40626884	[INFO]	XnDeviceSensorIO.cpp	135	Connected to USB device
40626942	[INFO]	XnProperty.cpp	151	Property Device.USBPath was changed to 045e/02ae@253/8.
40634097	[INFO]	XnHostProtocol.cpp	825	Hardware versions: FW=5.1.4 (7) HW=4 Chip=2 Sensor=4 SYS=7
42037244	[INFO]	XnProperty.cpp	151	Property Device.ID was changed to 0.
42037310	[INFO]	XnSensor.cpp	182	Device sensor initialized
42037388	[INFO]	XnOpenNI.cpp	1261	Creating node 'Depth1' of type Depth...
42037426	[INFO]	XnDeviceBase.cpp	1383	Creating stream 'Depth1' of type 'Depth'...
42037444	[INFO]	XnProperty.cpp	74	Setting Device.ReadData to 1...
42037475	[INFO]	XnDeviceSensorIO.cpp	298	Endpoints open
42049948	[INFO]	XnProperty.cpp	151	Property Device.ReadData was changed to 1.
42049991	[INFO]	XnProperty.cpp	101	Device.ReadData was successfully set.
42050374	[INFO]	XnProperty.cpp	151	Property Depth1.Resolution was changed to 0.
42050398	[INFO]	XnProperty.cpp	151	Property Depth1.XRes was changed to 320.
42050412	[INFO]	XnProperty.cpp	151	Property Depth1.YRes was changed to 240.
42050431	[INFO]	XnProperty.cpp	151	Property Depth1.FPS was changed to 30.
42050450	[INFO]	XnProperty.cpp	151	Property Depth1.OutputFormat was changed to 1.
42050468	[INFO]	XnProperty.cpp	151	Property Depth1.BytesPerPixel was changed to 2.
42050487	[INFO]	XnProperty.cpp	151	Property Depth1.RequiredDataSize was changed to 153600.
42050507	[INFO]	XnProperty.cpp	151	Property Depth1.ParamCoeff was changed to 4.
42050568	[INFO]	XnProperty.cpp	151	Property Depth1.ShiftScale was changed to 10.
42063086	[INFO]	XnProperty.cpp	151	Property Depth1.ConstShift was changed to 200.
42063188	[INFO]	XnProperty.cpp	151	Property Depth1.ZPD was changed to 120.
42063296	[INFO]	XnProperty.cpp	151	Property Depth1.ZPPS was changed to 0.104200.
42063317	[INFO]	XnProperty.cpp	151	Property Depth1.LDDIS was changed to 7.500000.
42063440	[INFO]	XnProperty.cpp	151	Property Depth1.Gain was changed to 30.
42063482	[INFO]	XnDeviceBase.cpp	1458	Stream 'Depth1' was initialized.
42063503	[INFO]	XnDeviceBase.cpp	1463	'Depth1' stream was created.
42063677	[INFO]	XnProperty.cpp	74	Setting Depth1.InputFormat to 3...
42063704	[INFO]	XnProperty.cpp	151	Property Depth1.InputFormat was changed to 3.
42063725	[INFO]	XnProperty.cpp	101	Depth1.InputFormat was successfully set.
42064178	[INFO]	XnProperty.cpp	74	Setting Depth1.RegistrationType to 2...
42064200	[INFO]	XnProperty.cpp	151	Property Depth1.RegistrationType was changed to 2.
42064212	[INFO]	XnProperty.cpp	101	Depth1.RegistrationType was successfully set.
42064685	[INFO]	XnDeviceModule.cpp	431	Module 'Depth1' configuration was loaded from file.
42064884	[INFO]	XnProperty.cpp	74	Setting Depth1.FPS to 30...
42064902	[INFO]	XnProperty.cpp	86	Depth1.FPS value did not change.
42064914	[INFO]	XnProperty.cpp	74	Setting Depth1.YRes to 480...
42064928	[INFO]	XnProperty.cpp	151	Property Depth1.Resolution was changed to 1.
42064941	[INFO]	XnProperty.cpp	151	Property Depth1.XRes was changed to 640.
42064953	[INFO]	XnProperty.cpp	151	Property Depth1.RequiredDataSize was changed to 307200.
42064967	[INFO]	XnProperty.cpp	151	Property Depth1.YRes was changed to 480.
42064980	[INFO]	XnProperty.cpp	151	Property Depth1.RequiredDataSize was changed to 614400.
42064992	[INFO]	XnProperty.cpp	101	Depth1.YRes was successfully set.
42065005	[INFO]	XnProperty.cpp	74	Setting Depth1.XRes to 640...
42065017	[INFO]	XnProperty.cpp	86	Depth1.XRes value did not change.
42065061	[INFO]	XnProperty.cpp	74	Setting Depth1.Mirror to 1...
42065076	[INFO]	XnProperty.cpp	151	Property Depth1.FirmwareMirror was changed to 1.
42065126	[INFO]	XnProperty.cpp	151	Property Depth1.Mirror was changed to 1.
42065138	[INFO]	XnProperty.cpp	101	Depth1.Mirror was successfully set.
82226264	[INFO]	XnOpenNI.cpp	1261	Creating node 'User1' of type User...
82440738	[WARNING]	Linux-x86Threads.cpp	173	Failed to set thread priority: Invalid argument
82440780	[WARNING]	XnUSBLinux-x86.cpp	126	USB events thread: Failed to set thread priority to critical. This might cause loss of data...
82441647	[INFO]	XnUSBLinux-x86.cpp	1222	USB read thread was started.
82441686	[INFO]	XnProperty.cpp	151	Property Depth1.ActualReadData was changed to 1.
82910579	[INFO]	XnProperty.cpp	151	Property Depth1.State was changed to 1.
82910622	[INFO]	XnDeviceBase.cpp	370	Stream Depth1 is open.
119394642	[INFO]	XnOpenNI.cpp	1261	Creating node 'Image1' of type Image...
119394694	[INFO]	XnDeviceBase.cpp	1383	Creating stream 'Image1' of type 'Image'...
119394976	[INFO]	XnProperty.cpp	151	Property Image1.Resolution was changed to 0.
119395004	[INFO]	XnProperty.cpp	151	Property Image1.XRes was changed to 320.
119395024	[INFO]	XnProperty.cpp	151	Property Image1.YRes was changed to 240.
119395044	[INFO]	XnProperty.cpp	151	Property Image1.FPS was changed to 30.
119395063	[INFO]	XnProperty.cpp	151	Property Image1.OutputFormat was changed to 5.
119395082	[INFO]	XnProperty.cpp	151	Property Image1.BytesPerPixel was changed to 3.
119395100	[INFO]	XnProperty.cpp	151	Property Image1.RequiredDataSize was changed to 230400.
119395148	[INFO]	XnDeviceBase.cpp	1458	Stream 'Image1' was initialized.
119395170	[INFO]	XnDeviceBase.cpp	1463	'Image1' stream was created.
119395348	[INFO]	XnProperty.cpp	74	Setting Image1.InputFormat to 6...
119395378	[INFO]	XnProperty.cpp	151	Property Image1.InputFormat was changed to 6.
119395399	[INFO]	XnProperty.cpp	101	Image1.InputFormat was successfully set.
119396018	[INFO]	XnDeviceModule.cpp	431	Module 'Image1' configuration was loaded from file.
119396127	[INFO]	XnProperty.cpp	74	Setting Image1.FPS to 30...
119396148	[INFO]	XnProperty.cpp	86	Image1.FPS value did not change.
119396166	[INFO]	XnProperty.cpp	74	Setting Image1.YRes to 480...
119396186	[INFO]	XnProperty.cpp	151	Property Image1.Resolution was changed to 1.
119396206	[INFO]	XnProperty.cpp	151	Property Image1.XRes was changed to 640.
119396225	[INFO]	XnProperty.cpp	151	Property Image1.RequiredDataSize was changed to 460800.
119396246	[INFO]	XnProperty.cpp	151	Property Image1.YRes was changed to 480.
119396265	[INFO]	XnProperty.cpp	151	Property Image1.RequiredDataSize was changed to 921600.
119396285	[INFO]	XnProperty.cpp	101	Image1.YRes was successfully set.
119396304	[INFO]	XnProperty.cpp	74	Setting Image1.XRes to 640...
119396319	[INFO]	XnProperty.cpp	86	Image1.XRes value did not change.
119397244	[INFO]	XnUSBLinux-x86.cpp	1222	USB read thread was started.
119397290	[INFO]	XnProperty.cpp	151	Property Image1.ActualReadData was changed to 1.
119581639	[WARNING]	XnDepthProcessor.cpp	133	Read: Depth buffer is corrupt. Size is 543664 (!= 614400)
119581689	[WARNING]	XnFrameStreamProcessor.cpp	132	Depth frame is corrupt!
119613731	[WARNING]	XnDepthProcessor.cpp	133	Read: Depth buffer is corrupt. Size is 592464 (!= 614400)
119613783	[WARNING]	XnFrameStreamProcessor.cpp	132	Depth frame is corrupt!
122481793	[WARNING]	XnDepthProcessor.cpp	133	Read: Depth buffer is corrupt. Size is 591136 (!= 614400)
122481839	[WARNING]	XnFrameStreamProcessor.cpp	132	Depth frame is corrupt!
122598167	[INFO]	XnProperty.cpp	151	Property Image1.State was changed to 1.
122598216	[INFO]	XnDeviceBase.cpp	370	Stream Image1 is open.
122598416	[INFO]	XnProperty.cpp	74	Setting Depth1.Registration to 1...
122617742	[WARNING]	XnDepthProcessor.cpp	133	Read: Depth buffer is corrupt. Size is 584848 (!= 614400)
122617789	[WARNING]	XnFrameStreamProcessor.cpp	132	Depth frame is corrupt!
122649765	[WARNING]	XnDepthProcessor.cpp	133	Read: Depth buffer is corrupt. Size is 586912 (!= 614400)
122649813	[WARNING]	XnFrameStreamProcessor.cpp	132	Depth frame is corrupt!
122751572	[INFO]	XnProperty.cpp	151	Property Depth1.Registration was changed to 1.
122751621	[INFO]	XnProperty.cpp	101	Depth1.Registration was successfully set.
122751719	[INFO]	XnProperty.cpp	74	Setting Image1.Mirror to 1...
122764078	[INFO]	XnProperty.cpp	151	Property Image1.FirmwareMirror was changed to 1.
122764123	[INFO]	XnProperty.cpp	151	Property Image1.Mirror was changed to 1.
122764136	[INFO]	XnProperty.cpp	101	Image1.Mirror was successfully set.
257854508	[INFO]	XnOpenNI.cpp	1459	Destroying node 'User1'
257863410	[INFO]	XnOpenNI.cpp	1459	Destroying node 'Depth1'
257863502	[INFO]	XnDeviceBase.cpp	1507	Destroying stream 'Depth1'...
257865340	[INFO]	XnOpenNI.cpp	1459	Destroying node 'Image1'
257865415	[INFO]	XnDeviceBase.cpp	1507	Destroying stream 'Image1'...
257866637	[INFO]	XnOpenNI.cpp	1459	Destroying node 'Device1'
