   18331	[INFO]	XnLog.cpp	165	OpenNI version is 1.0.0 (Build 25)-MacOSX (Jan  7 2011 14:20:18)
   18406	[INFO]	XnLog.cpp	173	Log system initialized. Console: 1, File: 1, Severity: INFO, Masks: ALL
   18444	[INFO]	XnLog.cpp	173	Log system initialized. Console: 1, File: 1, Severity: INFO, Masks: ALL
   20105	[INFO]	XnUSBLinux-x86.cpp	98	USB is initialized.
 3247066	[INFO]	XnOpenNI.cpp	1261	Creating node 'Device1' of type Device...
 3247836	[INFO]	XnDeviceModule.cpp	431	Module 'Device' configuration was loaded from file.
 3679821	[INFO]	XnDeviceSensorIO.cpp	135	Connected to USB device
 3679877	[INFO]	XnProperty.cpp	151	Property Device.USBPath was changed to 045e/02ae@253/8.
 3715297	[INFO]	XnHostProtocol.cpp	825	Hardware versions: FW=5.1.4 (7) HW=4 Chip=2 Sensor=4 SYS=7
 5122043	[INFO]	XnProperty.cpp	151	Property Device.ID was changed to 0.
 5122107	[INFO]	XnSensor.cpp	182	Device sensor initialized
 5122189	[INFO]	XnOpenNI.cpp	1261	Creating node 'Depth1' of type Depth...
 5122228	[INFO]	XnDeviceBase.cpp	1383	Creating stream 'Depth1' of type 'Depth'...
 5122244	[INFO]	XnProperty.cpp	74	Setting Device.ReadData to 1...
 5122286	[INFO]	XnDeviceSensorIO.cpp	298	Endpoints open
 5134467	[INFO]	XnProperty.cpp	151	Property Device.ReadData was changed to 1.
 5134508	[INFO]	XnProperty.cpp	101	Device.ReadData was successfully set.
 5134970	[INFO]	XnProperty.cpp	151	Property Depth1.Resolution was changed to 0.
 5134999	[INFO]	XnProperty.cpp	151	Property Depth1.XRes was changed to 320.
 5135019	[INFO]	XnProperty.cpp	151	Property Depth1.YRes was changed to 240.
 5135039	[INFO]	XnProperty.cpp	151	Property Depth1.FPS was changed to 30.
 5135057	[INFO]	XnProperty.cpp	151	Property Depth1.OutputFormat was changed to 1.
 5135076	[INFO]	XnProperty.cpp	151	Property Depth1.BytesPerPixel was changed to 2.
 5135094	[INFO]	XnProperty.cpp	151	Property Depth1.RequiredDataSize was changed to 153600.
 5135119	[INFO]	XnProperty.cpp	151	Property Depth1.ParamCoeff was changed to 4.
 5135194	[INFO]	XnProperty.cpp	151	Property Depth1.ShiftScale was changed to 10.
 5147741	[INFO]	XnProperty.cpp	151	Property Depth1.ConstShift was changed to 200.
 5147838	[INFO]	XnProperty.cpp	151	Property Depth1.ZPD was changed to 120.
 5147934	[INFO]	XnProperty.cpp	151	Property Depth1.ZPPS was changed to 0.104200.
 5147948	[INFO]	XnProperty.cpp	151	Property Depth1.LDDIS was changed to 7.500000.
 5148047	[INFO]	XnProperty.cpp	151	Property Depth1.Gain was changed to 30.
 5148081	[INFO]	XnDeviceBase.cpp	1458	Stream 'Depth1' was initialized.
 5148094	[INFO]	XnDeviceBase.cpp	1463	'Depth1' stream was created.
 5148264	[INFO]	XnProperty.cpp	74	Setting Depth1.InputFormat to 3...
 5148287	[INFO]	XnProperty.cpp	151	Property Depth1.InputFormat was changed to 3.
 5148301	[INFO]	XnProperty.cpp	101	Depth1.InputFormat was successfully set.
 5148741	[INFO]	XnProperty.cpp	74	Setting Depth1.RegistrationType to 2...
 5148757	[INFO]	XnProperty.cpp	151	Property Depth1.RegistrationType was changed to 2.
 5148769	[INFO]	XnProperty.cpp	101	Depth1.RegistrationType was successfully set.
 5149229	[INFO]	XnDeviceModule.cpp	431	Module 'Depth1' configuration was loaded from file.
 5149481	[INFO]	XnProperty.cpp	74	Setting Depth1.FPS to 30...
 5149506	[INFO]	XnProperty.cpp	86	Depth1.FPS value did not change.
 5149524	[INFO]	XnProperty.cpp	74	Setting Depth1.YRes to 480...
 5149548	[INFO]	XnProperty.cpp	151	Property Depth1.Resolution was changed to 1.
 5149570	[INFO]	XnProperty.cpp	151	Property Depth1.XRes was changed to 640.
 5149589	[INFO]	XnProperty.cpp	151	Property Depth1.RequiredDataSize was changed to 307200.
 5149612	[INFO]	XnProperty.cpp	151	Property Depth1.YRes was changed to 480.
 5149631	[INFO]	XnProperty.cpp	151	Property Depth1.RequiredDataSize was changed to 614400.
 5149680	[INFO]	XnProperty.cpp	101	Depth1.YRes was successfully set.
 5149703	[INFO]	XnProperty.cpp	74	Setting Depth1.XRes to 640...
 5149723	[INFO]	XnProperty.cpp	86	Depth1.XRes value did not change.
 5149806	[INFO]	XnProperty.cpp	74	Setting Depth1.Mirror to 1...
 5149832	[INFO]	XnProperty.cpp	151	Property Depth1.FirmwareMirror was changed to 1.
 5149897	[INFO]	XnProperty.cpp	151	Property Depth1.Mirror was changed to 1.
 5149917	[INFO]	XnProperty.cpp	101	Depth1.Mirror was successfully set.
 8472757	[INFO]	XnOpenNI.cpp	1261	Creating node 'User1' of type User...
 8497330	[WARNING]	Linux-x86Threads.cpp	173	Failed to set thread priority: Invalid argument
 8497377	[WARNING]	XnUSBLinux-x86.cpp	126	USB events thread: Failed to set thread priority to critical. This might cause loss of data...
 8498172	[INFO]	XnUSBLinux-x86.cpp	1222	USB read thread was started.
 8498196	[INFO]	XnProperty.cpp	151	Property Depth1.ActualReadData was changed to 1.
 8968371	[INFO]	XnProperty.cpp	151	Property Depth1.State was changed to 1.
 8968418	[INFO]	XnDeviceBase.cpp	370	Stream Depth1 is open.
12279105	[INFO]	XnOpenNI.cpp	1261	Creating node 'Image1' of type Image...
12279158	[INFO]	XnDeviceBase.cpp	1383	Creating stream 'Image1' of type 'Image'...
12279385	[INFO]	XnProperty.cpp	151	Property Image1.Resolution was changed to 0.
12279412	[INFO]	XnProperty.cpp	151	Property Image1.XRes was changed to 320.
12279430	[INFO]	XnProperty.cpp	151	Property Image1.YRes was changed to 240.
12279448	[INFO]	XnProperty.cpp	151	Property Image1.FPS was changed to 30.
12279467	[INFO]	XnProperty.cpp	151	Property Image1.OutputFormat was changed to 5.
12279486	[INFO]	XnProperty.cpp	151	Property Image1.BytesPerPixel was changed to 3.
12279505	[INFO]	XnProperty.cpp	151	Property Image1.RequiredDataSize was changed to 230400.
12279546	[INFO]	XnDeviceBase.cpp	1458	Stream 'Image1' was initialized.
12279568	[INFO]	XnDeviceBase.cpp	1463	'Image1' stream was created.
12279703	[INFO]	XnProperty.cpp	74	Setting Image1.InputFormat to 6...
12279733	[INFO]	XnProperty.cpp	151	Property Image1.InputFormat was changed to 6.
12279751	[INFO]	XnProperty.cpp	101	Image1.InputFormat was successfully set.
12280380	[INFO]	XnDeviceModule.cpp	431	Module 'Image1' configuration was loaded from file.
12280505	[INFO]	XnProperty.cpp	74	Setting Image1.FPS to 30...
12280528	[INFO]	XnProperty.cpp	86	Image1.FPS value did not change.
12280546	[INFO]	XnProperty.cpp	74	Setting Image1.YRes to 480...
12280564	[INFO]	XnProperty.cpp	151	Property Image1.Resolution was changed to 1.
12280582	[INFO]	XnProperty.cpp	151	Property Image1.XRes was changed to 640.
12280604	[INFO]	XnProperty.cpp	151	Property Image1.RequiredDataSize was changed to 460800.
12280628	[INFO]	XnProperty.cpp	151	Property Image1.YRes was changed to 480.
12280650	[INFO]	XnProperty.cpp	151	Property Image1.RequiredDataSize was changed to 921600.
12280673	[INFO]	XnProperty.cpp	101	Image1.YRes was successfully set.
12280698	[INFO]	XnProperty.cpp	74	Setting Image1.XRes to 640...
12280719	[INFO]	XnProperty.cpp	86	Image1.XRes value did not change.
12281947	[INFO]	XnUSBLinux-x86.cpp	1222	USB read thread was started.
12282010	[INFO]	XnProperty.cpp	151	Property Image1.ActualReadData was changed to 1.
12470086	[WARNING]	XnDepthProcessor.cpp	133	Read: Depth buffer is corrupt. Size is 538848 (!= 614400)
12470143	[WARNING]	XnFrameStreamProcessor.cpp	132	Depth frame is corrupt!
15374173	[WARNING]	XnDepthProcessor.cpp	133	Read: Depth buffer is corrupt. Size is 594256 (!= 614400)
15374231	[WARNING]	XnFrameStreamProcessor.cpp	132	Depth frame is corrupt!
15482622	[INFO]	XnProperty.cpp	151	Property Image1.State was changed to 1.
15482669	[INFO]	XnDeviceBase.cpp	370	Stream Image1 is open.
15482872	[INFO]	XnProperty.cpp	74	Setting Depth1.Registration to 1...
15538249	[WARNING]	XnDepthProcessor.cpp	133	Read: Depth buffer is corrupt. Size is 587216 (!= 614400)
15538304	[WARNING]	XnFrameStreamProcessor.cpp	132	Depth frame is corrupt!
15635587	[INFO]	XnProperty.cpp	151	Property Depth1.Registration was changed to 1.
15635636	[INFO]	XnProperty.cpp	101	Depth1.Registration was successfully set.
15635691	[INFO]	XnProperty.cpp	74	Setting Image1.Mirror to 1...
15648008	[INFO]	XnProperty.cpp	151	Property Image1.FirmwareMirror was changed to 1.
15648071	[INFO]	XnProperty.cpp	151	Property Image1.Mirror was changed to 1.
15648085	[INFO]	XnProperty.cpp	101	Image1.Mirror was successfully set.
32478168	[INFO]	XnOpenNI.cpp	1459	Destroying node 'User1'
32487454	[INFO]	XnOpenNI.cpp	1459	Destroying node 'Depth1'
32487561	[INFO]	XnDeviceBase.cpp	1507	Destroying stream 'Depth1'...
32489258	[INFO]	XnOpenNI.cpp	1459	Destroying node 'Image1'
32489333	[INFO]	XnDeviceBase.cpp	1507	Destroying stream 'Image1'...
32490536	[INFO]	XnOpenNI.cpp	1459	Destroying node 'Device1'
