    2174	[INFO]	XnLog.cpp	165	OpenNI version is 1.0.0 (Build 25)-MacOSX (Jan  7 2011 14:20:18)
    2217	[INFO]	XnLog.cpp	173	Log system initialized. Console: 1, File: 1, Severity: INFO, Masks: ALL
    2249	[INFO]	XnLog.cpp	173	Log system initialized. Console: 1, File: 1, Severity: INFO, Masks: ALL
    3466	[INFO]	XnUSBLinux-x86.cpp	98	USB is initialized.
 4473783	[INFO]	XnOpenNI.cpp	1261	Creating node 'Device1' of type Device...
 4474465	[INFO]	XnDeviceModule.cpp	431	Module 'Device' configuration was loaded from file.
 5131532	[INFO]	XnDeviceSensorIO.cpp	135	Connected to USB device
 5131583	[INFO]	XnProperty.cpp	151	Property Device.USBPath was changed to 045e/02ae@253/8.
 5273509	[INFO]	XnHostProtocol.cpp	825	Hardware versions: FW=5.1.4 (7) HW=4 Chip=2 Sensor=4 SYS=7
 6683963	[INFO]	XnProperty.cpp	151	Property Device.ID was changed to 0.
 6684015	[INFO]	XnSensor.cpp	182	Device sensor initialized
 6684090	[INFO]	XnOpenNI.cpp	1261	Creating node 'Depth1' of type Depth...
 6684127	[INFO]	XnDeviceBase.cpp	1383	Creating stream 'Depth1' of type 'Depth'...
 6684144	[INFO]	XnProperty.cpp	74	Setting Device.ReadData to 1...
 6684175	[INFO]	XnDeviceSensorIO.cpp	298	Endpoints open
 6696542	[INFO]	XnProperty.cpp	151	Property Device.ReadData was changed to 1.
 6696581	[INFO]	XnProperty.cpp	101	Device.ReadData was successfully set.
 6696935	[INFO]	XnProperty.cpp	151	Property Depth1.Resolution was changed to 0.
 6696958	[INFO]	XnProperty.cpp	151	Property Depth1.XRes was changed to 320.
 6696978	[INFO]	XnProperty.cpp	151	Property Depth1.YRes was changed to 240.
 6696998	[INFO]	XnProperty.cpp	151	Property Depth1.FPS was changed to 30.
 6697017	[INFO]	XnProperty.cpp	151	Property Depth1.OutputFormat was changed to 1.
 6697036	[INFO]	XnProperty.cpp	151	Property Depth1.BytesPerPixel was changed to 2.
 6697056	[INFO]	XnProperty.cpp	151	Property Depth1.RequiredDataSize was changed to 153600.
 6697080	[INFO]	XnProperty.cpp	151	Property Depth1.ParamCoeff was changed to 4.
 6697153	[INFO]	XnProperty.cpp	151	Property Depth1.ShiftScale was changed to 10.
 6709317	[INFO]	XnProperty.cpp	151	Property Depth1.ConstShift was changed to 200.
 6709416	[INFO]	XnProperty.cpp	151	Property Depth1.ZPD was changed to 120.
 6709521	[INFO]	XnProperty.cpp	151	Property Depth1.ZPPS was changed to 0.104200.
 6709536	[INFO]	XnProperty.cpp	151	Property Depth1.LDDIS was changed to 7.500000.
 6709627	[INFO]	XnProperty.cpp	151	Property Depth1.Gain was changed to 30.
 6709656	[INFO]	XnDeviceBase.cpp	1458	Stream 'Depth1' was initialized.
 6709670	[INFO]	XnDeviceBase.cpp	1463	'Depth1' stream was created.
 6709822	[INFO]	XnProperty.cpp	74	Setting Depth1.InputFormat to 3...
 6709844	[INFO]	XnProperty.cpp	151	Property Depth1.InputFormat was changed to 3.
 6709856	[INFO]	XnProperty.cpp	101	Depth1.InputFormat was successfully set.
 6710288	[INFO]	XnProperty.cpp	74	Setting Depth1.RegistrationType to 2...
 6710304	[INFO]	XnProperty.cpp	151	Property Depth1.RegistrationType was changed to 2.
 6710315	[INFO]	XnProperty.cpp	101	Depth1.RegistrationType was successfully set.
 6710764	[INFO]	XnDeviceModule.cpp	431	Module 'Depth1' configuration was loaded from file.
 6710915	[INFO]	XnProperty.cpp	74	Setting Depth1.FPS to 30...
 6710932	[INFO]	XnProperty.cpp	86	Depth1.FPS value did not change.
 6710943	[INFO]	XnProperty.cpp	74	Setting Depth1.YRes to 480...
 6710958	[INFO]	XnProperty.cpp	151	Property Depth1.Resolution was changed to 1.
 6710970	[INFO]	XnProperty.cpp	151	Property Depth1.XRes was changed to 640.
 6710983	[INFO]	XnProperty.cpp	151	Property Depth1.RequiredDataSize was changed to 307200.
 6710997	[INFO]	XnProperty.cpp	151	Property Depth1.YRes was changed to 480.
 6711009	[INFO]	XnProperty.cpp	151	Property Depth1.RequiredDataSize was changed to 614400.
 6711021	[INFO]	XnProperty.cpp	101	Depth1.YRes was successfully set.
 6711032	[INFO]	XnProperty.cpp	74	Setting Depth1.XRes to 640...
 6711042	[INFO]	XnProperty.cpp	86	Depth1.XRes value did not change.
 6711083	[INFO]	XnProperty.cpp	74	Setting Depth1.Mirror to 1...
 6711097	[INFO]	XnProperty.cpp	151	Property Depth1.FirmwareMirror was changed to 1.
 6711353	[INFO]	XnProperty.cpp	151	Property Depth1.Mirror was changed to 1.
 6711365	[INFO]	XnProperty.cpp	101	Depth1.Mirror was successfully set.
12737620	[INFO]	XnOpenNI.cpp	1261	Creating node 'User1' of type User...
12760613	[WARNING]	Linux-x86Threads.cpp	173	Failed to set thread priority: Invalid argument
12760658	[WARNING]	XnUSBLinux-x86.cpp	126	USB events thread: Failed to set thread priority to critical. This might cause loss of data...
12761386	[INFO]	XnUSBLinux-x86.cpp	1222	USB read thread was started.
12761410	[INFO]	XnProperty.cpp	151	Property Depth1.ActualReadData was changed to 1.
13231999	[INFO]	XnProperty.cpp	151	Property Depth1.State was changed to 1.
13232044	[INFO]	XnDeviceBase.cpp	370	Stream Depth1 is open.
18693287	[INFO]	XnOpenNI.cpp	1261	Creating node 'Image1' of type Image...
18693372	[INFO]	XnDeviceBase.cpp	1383	Creating stream 'Image1' of type 'Image'...
18693663	[INFO]	XnProperty.cpp	151	Property Image1.Resolution was changed to 0.
18693694	[INFO]	XnProperty.cpp	151	Property Image1.XRes was changed to 320.
18693721	[INFO]	XnProperty.cpp	151	Property Image1.YRes was changed to 240.
18693737	[INFO]	XnProperty.cpp	151	Property Image1.FPS was changed to 30.
18693752	[INFO]	XnProperty.cpp	151	Property Image1.OutputFormat was changed to 5.
18693769	[INFO]	XnProperty.cpp	151	Property Image1.BytesPerPixel was changed to 3.
18693785	[INFO]	XnProperty.cpp	151	Property Image1.RequiredDataSize was changed to 230400.
18693821	[INFO]	XnDeviceBase.cpp	1458	Stream 'Image1' was initialized.
18693850	[INFO]	XnDeviceBase.cpp	1463	'Image1' stream was created.
18693978	[INFO]	XnProperty.cpp	74	Setting Image1.InputFormat to 6...
18694003	[INFO]	XnProperty.cpp	151	Property Image1.InputFormat was changed to 6.
18694018	[INFO]	XnProperty.cpp	101	Image1.InputFormat was successfully set.
18694566	[INFO]	XnDeviceModule.cpp	431	Module 'Image1' configuration was loaded from file.
18694654	[INFO]	XnProperty.cpp	74	Setting Image1.FPS to 30...
18694674	[INFO]	XnProperty.cpp	86	Image1.FPS value did not change.
18694692	[INFO]	XnProperty.cpp	74	Setting Image1.YRes to 480...
18694711	[INFO]	XnProperty.cpp	151	Property Image1.Resolution was changed to 1.
18694729	[INFO]	XnProperty.cpp	151	Property Image1.XRes was changed to 640.
18694746	[INFO]	XnProperty.cpp	151	Property Image1.RequiredDataSize was changed to 460800.
18694766	[INFO]	XnProperty.cpp	151	Property Image1.YRes was changed to 480.
18694784	[INFO]	XnProperty.cpp	151	Property Image1.RequiredDataSize was changed to 921600.
18694802	[INFO]	XnProperty.cpp	101	Image1.YRes was successfully set.
18694820	[INFO]	XnProperty.cpp	74	Setting Image1.XRes to 640...
18694836	[INFO]	XnProperty.cpp	86	Image1.XRes value did not change.
18695729	[INFO]	XnUSBLinux-x86.cpp	1222	USB read thread was started.
18695759	[INFO]	XnProperty.cpp	151	Property Image1.ActualReadData was changed to 1.
18868839	[WARNING]	XnDepthProcessor.cpp	133	Read: Depth buffer is corrupt. Size is 571152 (!= 614400)
18868888	[WARNING]	XnFrameStreamProcessor.cpp	132	Depth frame is corrupt!
21772815	[WARNING]	XnDepthProcessor.cpp	133	Read: Depth buffer is corrupt. Size is 588224 (!= 614400)
21772866	[WARNING]	XnFrameStreamProcessor.cpp	132	Depth frame is corrupt!
21896239	[INFO]	XnProperty.cpp	151	Property Image1.State was changed to 1.
21896281	[INFO]	XnDeviceBase.cpp	370	Stream Image1 is open.
21896449	[INFO]	XnProperty.cpp	74	Setting Depth1.Registration to 1...
21936924	[WARNING]	XnDepthProcessor.cpp	133	Read: Depth buffer is corrupt. Size is 592912 (!= 614400)
21936970	[WARNING]	XnFrameStreamProcessor.cpp	132	Depth frame is corrupt!
22047089	[INFO]	XnProperty.cpp	151	Property Depth1.Registration was changed to 1.
22047132	[INFO]	XnProperty.cpp	101	Depth1.Registration was successfully set.
22047177	[INFO]	XnProperty.cpp	74	Setting Image1.Mirror to 1...
22059605	[INFO]	XnProperty.cpp	151	Property Image1.FirmwareMirror was changed to 1.
22059648	[INFO]	XnProperty.cpp	151	Property Image1.Mirror was changed to 1.
22059661	[INFO]	XnProperty.cpp	101	Image1.Mirror was successfully set.
55028430	[INFO]	XnOpenNI.cpp	1459	Destroying node 'User1'
55036652	[INFO]	XnOpenNI.cpp	1459	Destroying node 'Depth1'
55036742	[INFO]	XnDeviceBase.cpp	1507	Destroying stream 'Depth1'...
55038364	[INFO]	XnOpenNI.cpp	1459	Destroying node 'Image1'
55038437	[INFO]	XnDeviceBase.cpp	1507	Destroying stream 'Image1'...
55039466	[INFO]	XnOpenNI.cpp	1459	Destroying node 'Device1'
