    1669	[INFO]	XnLog.cpp	165	OpenNI version is 1.0.0 (Build 25)-MacOSX (Jan  7 2011 14:20:18)
    1713	[INFO]	XnLog.cpp	173	Log system initialized. Console: 1, File: 1, Severity: INFO, Masks: ALL
    1737	[INFO]	XnLog.cpp	173	Log system initialized. Console: 1, File: 1, Severity: INFO, Masks: ALL
    3014	[INFO]	XnUSBLinux-x86.cpp	98	USB is initialized.
 1964993	[INFO]	XnOpenNI.cpp	1261	Creating node 'Device1' of type Device...
 1965755	[INFO]	XnDeviceModule.cpp	431	Module 'Device' configuration was loaded from file.
 2223436	[INFO]	XnDeviceSensorIO.cpp	135	Connected to USB device
 2223488	[INFO]	XnProperty.cpp	151	Property Device.USBPath was changed to 045e/02ae@253/8.
 2230617	[INFO]	XnHostProtocol.cpp	825	Hardware versions: FW=5.1.4 (7) HW=4 Chip=2 Sensor=4 SYS=7
 3640458	[INFO]	XnProperty.cpp	151	Property Device.ID was changed to 0.
 3640550	[INFO]	XnSensor.cpp	182	Device sensor initialized
 3640641	[INFO]	XnOpenNI.cpp	1261	Creating node 'Depth1' of type Depth...
 3640679	[INFO]	XnDeviceBase.cpp	1383	Creating stream 'Depth1' of type 'Depth'...
 3640696	[INFO]	XnProperty.cpp	74	Setting Device.ReadData to 1...
 3640725	[INFO]	XnDeviceSensorIO.cpp	298	Endpoints open
 3653035	[INFO]	XnProperty.cpp	151	Property Device.ReadData was changed to 1.
 3653078	[INFO]	XnProperty.cpp	101	Device.ReadData was successfully set.
 3653535	[INFO]	XnProperty.cpp	151	Property Depth1.Resolution was changed to 0.
 3653563	[INFO]	XnProperty.cpp	151	Property Depth1.XRes was changed to 320.
 3653582	[INFO]	XnProperty.cpp	151	Property Depth1.YRes was changed to 240.
 3653599	[INFO]	XnProperty.cpp	151	Property Depth1.FPS was changed to 30.
 3653616	[INFO]	XnProperty.cpp	151	Property Depth1.OutputFormat was changed to 1.
 3653634	[INFO]	XnProperty.cpp	151	Property Depth1.BytesPerPixel was changed to 2.
 3653651	[INFO]	XnProperty.cpp	151	Property Depth1.RequiredDataSize was changed to 153600.
 3653673	[INFO]	XnProperty.cpp	151	Property Depth1.ParamCoeff was changed to 4.
 3653747	[INFO]	XnProperty.cpp	151	Property Depth1.ShiftScale was changed to 10.
 3666115	[INFO]	XnProperty.cpp	151	Property Depth1.ConstShift was changed to 200.
 3666258	[INFO]	XnProperty.cpp	151	Property Depth1.ZPD was changed to 120.
 3666387	[INFO]	XnProperty.cpp	151	Property Depth1.ZPPS was changed to 0.104200.
 3666413	[INFO]	XnProperty.cpp	151	Property Depth1.LDDIS was changed to 7.500000.
 3666541	[INFO]	XnProperty.cpp	151	Property Depth1.Gain was changed to 30.
 3666579	[INFO]	XnDeviceBase.cpp	1458	Stream 'Depth1' was initialized.
 3666598	[INFO]	XnDeviceBase.cpp	1463	'Depth1' stream was created.
 3666823	[INFO]	XnProperty.cpp	74	Setting Depth1.InputFormat to 3...
 3666868	[INFO]	XnProperty.cpp	151	Property Depth1.InputFormat was changed to 3.
 3666900	[INFO]	XnProperty.cpp	101	Depth1.InputFormat was successfully set.
 3667407	[INFO]	XnProperty.cpp	74	Setting Depth1.RegistrationType to 2...
 3667428	[INFO]	XnProperty.cpp	151	Property Depth1.RegistrationType was changed to 2.
 3667440	[INFO]	XnProperty.cpp	101	Depth1.RegistrationType was successfully set.
 3668031	[INFO]	XnDeviceModule.cpp	431	Module 'Depth1' configuration was loaded from file.
 3668265	[INFO]	XnProperty.cpp	74	Setting Depth1.FPS to 30...
 3668286	[INFO]	XnProperty.cpp	86	Depth1.FPS value did not change.
 3668305	[INFO]	XnProperty.cpp	74	Setting Depth1.YRes to 480...
 3668327	[INFO]	XnProperty.cpp	151	Property Depth1.Resolution was changed to 1.
 3668347	[INFO]	XnProperty.cpp	151	Property Depth1.XRes was changed to 640.
 3668365	[INFO]	XnProperty.cpp	151	Property Depth1.RequiredDataSize was changed to 307200.
 3668387	[INFO]	XnProperty.cpp	151	Property Depth1.YRes was changed to 480.
 3668404	[INFO]	XnProperty.cpp	151	Property Depth1.RequiredDataSize was changed to 614400.
 3668423	[INFO]	XnProperty.cpp	101	Depth1.YRes was successfully set.
 3668442	[INFO]	XnProperty.cpp	74	Setting Depth1.XRes to 640...
 3668457	[INFO]	XnProperty.cpp	86	Depth1.XRes value did not change.
 3668511	[INFO]	XnProperty.cpp	74	Setting Depth1.Mirror to 1...
 3668530	[INFO]	XnProperty.cpp	151	Property Depth1.FirmwareMirror was changed to 1.
 3668582	[INFO]	XnProperty.cpp	151	Property Depth1.Mirror was changed to 1.
 3668600	[INFO]	XnProperty.cpp	101	Depth1.Mirror was successfully set.
 4770829	[INFO]	XnOpenNI.cpp	1261	Creating node 'User1' of type User...
 4799284	[WARNING]	Linux-x86Threads.cpp	173	Failed to set thread priority: Invalid argument
 4799332	[WARNING]	XnUSBLinux-x86.cpp	126	USB events thread: Failed to set thread priority to critical. This might cause loss of data...
 4800373	[INFO]	XnUSBLinux-x86.cpp	1222	USB read thread was started.
 4800413	[INFO]	XnProperty.cpp	151	Property Depth1.ActualReadData was changed to 1.
 5271773	[INFO]	XnProperty.cpp	151	Property Depth1.State was changed to 1.
 5271824	[INFO]	XnDeviceBase.cpp	370	Stream Depth1 is open.
 7228370	[INFO]	XnOpenNI.cpp	1261	Creating node 'Image1' of type Image...
 7228420	[INFO]	XnDeviceBase.cpp	1383	Creating stream 'Image1' of type 'Image'...
 7228601	[INFO]	XnProperty.cpp	151	Property Image1.Resolution was changed to 0.
 7228620	[INFO]	XnProperty.cpp	151	Property Image1.XRes was changed to 320.
 7228633	[INFO]	XnProperty.cpp	151	Property Image1.YRes was changed to 240.
 7228645	[INFO]	XnProperty.cpp	151	Property Image1.FPS was changed to 30.
 7228661	[INFO]	XnProperty.cpp	151	Property Image1.OutputFormat was changed to 5.
 7228679	[INFO]	XnProperty.cpp	151	Property Image1.BytesPerPixel was changed to 3.
 7228699	[INFO]	XnProperty.cpp	151	Property Image1.RequiredDataSize was changed to 230400.
 7228775	[INFO]	XnDeviceBase.cpp	1458	Stream 'Image1' was initialized.
 7228794	[INFO]	XnDeviceBase.cpp	1463	'Image1' stream was created.
 7228904	[INFO]	XnProperty.cpp	74	Setting Image1.InputFormat to 6...
 7228936	[INFO]	XnProperty.cpp	151	Property Image1.InputFormat was changed to 6.
 7228953	[INFO]	XnProperty.cpp	101	Image1.InputFormat was successfully set.
 7229411	[INFO]	XnDeviceModule.cpp	431	Module 'Image1' configuration was loaded from file.
 7229498	[INFO]	XnProperty.cpp	74	Setting Image1.FPS to 30...
 7229514	[INFO]	XnProperty.cpp	86	Image1.FPS value did not change.
 7229526	[INFO]	XnProperty.cpp	74	Setting Image1.YRes to 480...
 7229540	[INFO]	XnProperty.cpp	151	Property Image1.Resolution was changed to 1.
 7229552	[INFO]	XnProperty.cpp	151	Property Image1.XRes was changed to 640.
 7229564	[INFO]	XnProperty.cpp	151	Property Image1.RequiredDataSize was changed to 460800.
 7229577	[INFO]	XnProperty.cpp	151	Property Image1.YRes was changed to 480.
 7229589	[INFO]	XnProperty.cpp	151	Property Image1.RequiredDataSize was changed to 921600.
 7229602	[INFO]	XnProperty.cpp	101	Image1.YRes was successfully set.
 7229614	[INFO]	XnProperty.cpp	74	Setting Image1.XRes to 640...
 7229625	[INFO]	XnProperty.cpp	86	Image1.XRes value did not change.
 7230548	[INFO]	XnUSBLinux-x86.cpp	1222	USB read thread was started.
 7230598	[INFO]	XnProperty.cpp	151	Property Image1.ActualReadData was changed to 1.
 7304984	[WARNING]	XnDepthProcessor.cpp	133	Read: Depth buffer is corrupt. Size is 594080 (!= 614400)
 7305024	[WARNING]	XnFrameStreamProcessor.cpp	132	Depth frame is corrupt!
 7397020	[WARNING]	XnFirmwareStreams.cpp	324	Unknown packet type (0x4846)!!!
 7400964	[WARNING]	XnFirmwareStreams.cpp	324	Unknown packet type (0x4846)!!!
 7404935	[WARNING]	XnDepthProcessor.cpp	133	Read: Depth buffer is corrupt. Size is 548560 (!= 614400)
 7404971	[WARNING]	XnFrameStreamProcessor.cpp	132	Depth frame is corrupt!
 7437005	[WARNING]	XnDepthProcessor.cpp	133	Read: Depth buffer is corrupt. Size is 593952 (!= 614400)
 7437047	[WARNING]	XnFrameStreamProcessor.cpp	132	Depth frame is corrupt!
10309011	[WARNING]	XnDepthProcessor.cpp	133	Read: Depth buffer is corrupt. Size is 593648 (!= 614400)
10309054	[WARNING]	XnFrameStreamProcessor.cpp	132	Depth frame is corrupt!
10430941	[INFO]	XnProperty.cpp	151	Property Image1.State was changed to 1.
10430983	[INFO]	XnDeviceBase.cpp	370	Stream Image1 is open.
10431185	[INFO]	XnProperty.cpp	74	Setting Depth1.Registration to 1...
10441038	[WARNING]	XnDepthProcessor.cpp	133	Read: Depth buffer is corrupt. Size is 597024 (!= 614400)
10441083	[WARNING]	XnFrameStreamProcessor.cpp	132	Depth frame is corrupt!
10473062	[WARNING]	XnDepthProcessor.cpp	133	Read: Depth buffer is corrupt. Size is 594528 (!= 614400)
10473111	[WARNING]	XnFrameStreamProcessor.cpp	132	Depth frame is corrupt!
10584214	[INFO]	XnProperty.cpp	151	Property Depth1.Registration was changed to 1.
10584256	[INFO]	XnProperty.cpp	101	Depth1.Registration was successfully set.
10584301	[INFO]	XnProperty.cpp	74	Setting Image1.Mirror to 1...
10596451	[INFO]	XnProperty.cpp	151	Property Image1.FirmwareMirror was changed to 1.
10596497	[INFO]	XnProperty.cpp	151	Property Image1.Mirror was changed to 1.
10596514	[INFO]	XnProperty.cpp	101	Image1.Mirror was successfully set.
28328901	[INFO]	XnOpenNI.cpp	1459	Destroying node 'User1'
28337882	[INFO]	XnOpenNI.cpp	1459	Destroying node 'Depth1'
28337969	[INFO]	XnDeviceBase.cpp	1507	Destroying stream 'Depth1'...
28339663	[INFO]	XnOpenNI.cpp	1459	Destroying node 'Image1'
28339737	[INFO]	XnDeviceBase.cpp	1507	Destroying stream 'Image1'...
28340835	[INFO]	XnOpenNI.cpp	1459	Destroying node 'Device1'
