    1351	[INFO]	XnLog.cpp	165	OpenNI version is 1.0.0 (Build 25)-MacOSX (Jan  7 2011 14:20:18)
    1395	[INFO]	XnLog.cpp	173	Log system initialized. Console: 1, File: 1, Severity: INFO, Masks: ALL
    1418	[INFO]	XnLog.cpp	173	Log system initialized. Console: 1, File: 1, Severity: INFO, Masks: ALL
    2520	[INFO]	XnUSBLinux-x86.cpp	98	USB is initialized.
 2356114	[INFO]	XnOpenNI.cpp	1261	Creating node 'Device1' of type Device...
 2356863	[INFO]	XnDeviceModule.cpp	431	Module 'Device' configuration was loaded from file.
 2617998	[INFO]	XnDeviceSensorIO.cpp	135	Connected to USB device
 2618051	[INFO]	XnProperty.cpp	151	Property Device.USBPath was changed to 045e/02ae@253/8.
 2625929	[INFO]	XnHostProtocol.cpp	825	Hardware versions: FW=5.1.4 (7) HW=4 Chip=2 Sensor=4 SYS=7
 4036203	[INFO]	XnProperty.cpp	151	Property Device.ID was changed to 0.
 4036297	[INFO]	XnSensor.cpp	182	Device sensor initialized
 4036409	[INFO]	XnOpenNI.cpp	1261	Creating node 'Depth1' of type Depth...
 4036446	[INFO]	XnDeviceBase.cpp	1383	Creating stream 'Depth1' of type 'Depth'...
 4036463	[INFO]	XnProperty.cpp	74	Setting Device.ReadData to 1...
 4036492	[INFO]	XnDeviceSensorIO.cpp	298	Endpoints open
 4048976	[INFO]	XnProperty.cpp	151	Property Device.ReadData was changed to 1.
 4049018	[INFO]	XnProperty.cpp	101	Device.ReadData was successfully set.
 4049371	[INFO]	XnProperty.cpp	151	Property Depth1.Resolution was changed to 0.
 4049390	[INFO]	XnProperty.cpp	151	Property Depth1.XRes was changed to 320.
 4049403	[INFO]	XnProperty.cpp	151	Property Depth1.YRes was changed to 240.
 4049414	[INFO]	XnProperty.cpp	151	Property Depth1.FPS was changed to 30.
 4049425	[INFO]	XnProperty.cpp	151	Property Depth1.OutputFormat was changed to 1.
 4049437	[INFO]	XnProperty.cpp	151	Property Depth1.BytesPerPixel was changed to 2.
 4049449	[INFO]	XnProperty.cpp	151	Property Depth1.RequiredDataSize was changed to 153600.
 4049465	[INFO]	XnProperty.cpp	151	Property Depth1.ParamCoeff was changed to 4.
 4049524	[INFO]	XnProperty.cpp	151	Property Depth1.ShiftScale was changed to 10.
 4061964	[INFO]	XnProperty.cpp	151	Property Depth1.ConstShift was changed to 200.
 4062058	[INFO]	XnProperty.cpp	151	Property Depth1.ZPD was changed to 120.
 4062155	[INFO]	XnProperty.cpp	151	Property Depth1.ZPPS was changed to 0.104200.
 4062170	[INFO]	XnProperty.cpp	151	Property Depth1.LDDIS was changed to 7.500000.
 4062257	[INFO]	XnProperty.cpp	151	Property Depth1.Gain was changed to 30.
 4062288	[INFO]	XnDeviceBase.cpp	1458	Stream 'Depth1' was initialized.
 4062303	[INFO]	XnDeviceBase.cpp	1463	'Depth1' stream was created.
 4062471	[INFO]	XnProperty.cpp	74	Setting Depth1.InputFormat to 3...
 4062493	[INFO]	XnProperty.cpp	151	Property Depth1.InputFormat was changed to 3.
 4062505	[INFO]	XnProperty.cpp	101	Depth1.InputFormat was successfully set.
 4062952	[INFO]	XnProperty.cpp	74	Setting Depth1.RegistrationType to 2...
 4062971	[INFO]	XnProperty.cpp	151	Property Depth1.RegistrationType was changed to 2.
 4062982	[INFO]	XnProperty.cpp	101	Depth1.RegistrationType was successfully set.
 4063444	[INFO]	XnDeviceModule.cpp	431	Module 'Depth1' configuration was loaded from file.
 4063624	[INFO]	XnProperty.cpp	74	Setting Depth1.FPS to 30...
 4063645	[INFO]	XnProperty.cpp	86	Depth1.FPS value did not change.
 4063662	[INFO]	XnProperty.cpp	74	Setting Depth1.YRes to 480...
 4063685	[INFO]	XnProperty.cpp	151	Property Depth1.Resolution was changed to 1.
 4063706	[INFO]	XnProperty.cpp	151	Property Depth1.XRes was changed to 640.
 4063725	[INFO]	XnProperty.cpp	151	Property Depth1.RequiredDataSize was changed to 307200.
 4063748	[INFO]	XnProperty.cpp	151	Property Depth1.YRes was changed to 480.
 4063765	[INFO]	XnProperty.cpp	151	Property Depth1.RequiredDataSize was changed to 614400.
 4063781	[INFO]	XnProperty.cpp	101	Depth1.YRes was successfully set.
 4063794	[INFO]	XnProperty.cpp	74	Setting Depth1.XRes to 640...
 4063805	[INFO]	XnProperty.cpp	86	Depth1.XRes value did not change.
 4063849	[INFO]	XnProperty.cpp	74	Setting Depth1.Mirror to 1...
 4063864	[INFO]	XnProperty.cpp	151	Property Depth1.FirmwareMirror was changed to 1.
 4063907	[INFO]	XnProperty.cpp	151	Property Depth1.Mirror was changed to 1.
 4063919	[INFO]	XnProperty.cpp	101	Depth1.Mirror was successfully set.
