    1380	[INFO]	XnLog.cpp	165	OpenNI version is 1.0.0 (Build 25)-MacOSX (Jan  7 2011 14:20:18)
    1424	[INFO]	XnLog.cpp	173	Log system initialized. Console: 1, File: 1, Severity: INFO, Masks: ALL
    1447	[INFO]	XnLog.cpp	173	Log system initialized. Console: 1, File: 1, Severity: INFO, Masks: ALL
    2580	[INFO]	XnUSBLinux-x86.cpp	98	USB is initialized.
 2368013	[INFO]	XnOpenNI.cpp	1261	Creating node 'Device1' of type Device...
 2369146	[INFO]	XnDeviceModule.cpp	431	Module 'Device' configuration was loaded from file.
 2627049	[INFO]	XnDeviceSensorIO.cpp	135	Connected to USB device
 2627098	[INFO]	XnProperty.cpp	151	Property Device.USBPath was changed to 045e/02ae@253/8.
 2634453	[INFO]	XnHostProtocol.cpp	825	Hardware versions: FW=5.1.4 (7) HW=4 Chip=2 Sensor=4 SYS=7
 4044994	[INFO]	XnProperty.cpp	151	Property Device.ID was changed to 0.
 4045067	[INFO]	XnSensor.cpp	182	Device sensor initialized
 4045170	[INFO]	XnOpenNI.cpp	1261	Creating node 'Depth1' of type Depth...
 4045218	[INFO]	XnDeviceBase.cpp	1383	Creating stream 'Depth1' of type 'Depth'...
 4045242	[INFO]	XnProperty.cpp	74	Setting Device.ReadData to 1...
 4045283	[INFO]	XnDeviceSensorIO.cpp	298	Endpoints open
 4057520	[INFO]	XnProperty.cpp	151	Property Device.ReadData was changed to 1.
 4057566	[INFO]	XnProperty.cpp	101	Device.ReadData was successfully set.
 4057911	[INFO]	XnProperty.cpp	151	Property Depth1.Resolution was changed to 0.
 4057930	[INFO]	XnProperty.cpp	151	Property Depth1.XRes was changed to 320.
 4057943	[INFO]	XnProperty.cpp	151	Property Depth1.YRes was changed to 240.
 4057955	[INFO]	XnProperty.cpp	151	Property Depth1.FPS was changed to 30.
 4057966	[INFO]	XnProperty.cpp	151	Property Depth1.OutputFormat was changed to 1.
 4057977	[INFO]	XnProperty.cpp	151	Property Depth1.BytesPerPixel was changed to 2.
 4057989	[INFO]	XnProperty.cpp	151	Property Depth1.RequiredDataSize was changed to 153600.
 4058005	[INFO]	XnProperty.cpp	151	Property Depth1.ParamCoeff was changed to 4.
 4058064	[INFO]	XnProperty.cpp	151	Property Depth1.ShiftScale was changed to 10.
 4070374	[INFO]	XnProperty.cpp	151	Property Depth1.ConstShift was changed to 200.
 4070462	[INFO]	XnProperty.cpp	151	Property Depth1.ZPD was changed to 120.
 4070558	[INFO]	XnProperty.cpp	151	Property Depth1.ZPPS was changed to 0.104200.
 4070573	[INFO]	XnProperty.cpp	151	Property Depth1.LDDIS was changed to 7.500000.
 4070681	[INFO]	XnProperty.cpp	151	Property Depth1.Gain was changed to 30.
 4070713	[INFO]	XnDeviceBase.cpp	1458	Stream 'Depth1' was initialized.
 4070727	[INFO]	XnDeviceBase.cpp	1463	'Depth1' stream was created.
 4070890	[INFO]	XnProperty.cpp	74	Setting Depth1.InputFormat to 3...
 4070912	[INFO]	XnProperty.cpp	151	Property Depth1.InputFormat was changed to 3.
 4070924	[INFO]	XnProperty.cpp	101	Depth1.InputFormat was successfully set.
 4071361	[INFO]	XnProperty.cpp	74	Setting Depth1.RegistrationType to 2...
 4071380	[INFO]	XnProperty.cpp	151	Property Depth1.RegistrationType was changed to 2.
 4071392	[INFO]	XnProperty.cpp	101	Depth1.RegistrationType was successfully set.
 4071849	[INFO]	XnDeviceModule.cpp	431	Module 'Depth1' configuration was loaded from file.
 4072033	[INFO]	XnProperty.cpp	74	Setting Depth1.FPS to 30...
 4072049	[INFO]	XnProperty.cpp	86	Depth1.FPS value did not change.
 4072061	[INFO]	XnProperty.cpp	74	Setting Depth1.YRes to 480...
 4072075	[INFO]	XnProperty.cpp	151	Property Depth1.Resolution was changed to 1.
 4072088	[INFO]	XnProperty.cpp	151	Property Depth1.XRes was changed to 640.
 4072100	[INFO]	XnProperty.cpp	151	Property Depth1.RequiredDataSize was changed to 307200.
 4072115	[INFO]	XnProperty.cpp	151	Property Depth1.YRes was changed to 480.
 4072127	[INFO]	XnProperty.cpp	151	Property Depth1.RequiredDataSize was changed to 614400.
 4072139	[INFO]	XnProperty.cpp	101	Depth1.YRes was successfully set.
 4072152	[INFO]	XnProperty.cpp	74	Setting Depth1.XRes to 640...
 4072162	[INFO]	XnProperty.cpp	86	Depth1.XRes value did not change.
 4072204	[INFO]	XnProperty.cpp	74	Setting Depth1.Mirror to 1...
 4072219	[INFO]	XnProperty.cpp	151	Property Depth1.FirmwareMirror was changed to 1.
 4072268	[INFO]	XnProperty.cpp	151	Property Depth1.Mirror was changed to 1.
 4072285	[INFO]	XnProperty.cpp	101	Depth1.Mirror was successfully set.
 6064978	[INFO]	XnOpenNI.cpp	1261	Creating node 'User1' of type User...
 6087771	[WARNING]	Linux-x86Threads.cpp	173	Failed to set thread priority: Invalid argument
 6087815	[WARNING]	XnUSBLinux-x86.cpp	126	USB events thread: Failed to set thread priority to critical. This might cause loss of data...
 6088658	[INFO]	XnUSBLinux-x86.cpp	1222	USB read thread was started.
 6088689	[INFO]	XnProperty.cpp	151	Property Depth1.ActualReadData was changed to 1.
 6559395	[INFO]	XnProperty.cpp	151	Property Depth1.State was changed to 1.
 6559438	[INFO]	XnDeviceBase.cpp	370	Stream Depth1 is open.
 8536189	[INFO]	XnOpenNI.cpp	1261	Creating node 'Image1' of type Image...
 8536246	[INFO]	XnDeviceBase.cpp	1383	Creating stream 'Image1' of type 'Image'...
 8536448	[INFO]	XnProperty.cpp	151	Property Image1.Resolution was changed to 0.
 8536467	[INFO]	XnProperty.cpp	151	Property Image1.XRes was changed to 320.
 8536480	[INFO]	XnProperty.cpp	151	Property Image1.YRes was changed to 240.
 8536492	[INFO]	XnProperty.cpp	151	Property Image1.FPS was changed to 30.
 8536504	[INFO]	XnProperty.cpp	151	Property Image1.OutputFormat was changed to 5.
 8536515	[INFO]	XnProperty.cpp	151	Property Image1.BytesPerPixel was changed to 3.
 8536528	[INFO]	XnProperty.cpp	151	Property Image1.RequiredDataSize was changed to 230400.
 8536556	[INFO]	XnDeviceBase.cpp	1458	Stream 'Image1' was initialized.
 8536570	[INFO]	XnDeviceBase.cpp	1463	'Image1' stream was created.
 8536671	[INFO]	XnProperty.cpp	74	Setting Image1.InputFormat to 6...
 8536692	[INFO]	XnProperty.cpp	151	Property Image1.InputFormat was changed to 6.
 8536705	[INFO]	XnProperty.cpp	101	Image1.InputFormat was successfully set.
 8537122	[INFO]	XnDeviceModule.cpp	431	Module 'Image1' configuration was loaded from file.
 8537218	[INFO]	XnProperty.cpp	74	Setting Image1.FPS to 30...
 8537240	[INFO]	XnProperty.cpp	86	Image1.FPS value did not change.
 8537272	[INFO]	XnProperty.cpp	74	Setting Image1.YRes to 480...
 8537296	[INFO]	XnProperty.cpp	151	Property Image1.Resolution was changed to 1.
 8537311	[INFO]	XnProperty.cpp	151	Property Image1.XRes was changed to 640.
 8537323	[INFO]	XnProperty.cpp	151	Property Image1.RequiredDataSize was changed to 460800.
 8537337	[INFO]	XnProperty.cpp	151	Property Image1.YRes was changed to 480.
 8537349	[INFO]	XnProperty.cpp	151	Property Image1.RequiredDataSize was changed to 921600.
 8537361	[INFO]	XnProperty.cpp	101	Image1.YRes was successfully set.
 8537374	[INFO]	XnProperty.cpp	74	Setting Image1.XRes to 640...
 8537385	[INFO]	XnProperty.cpp	86	Image1.XRes value did not change.
 8538345	[INFO]	XnUSBLinux-x86.cpp	1222	USB read thread was started.
 8538388	[INFO]	XnProperty.cpp	151	Property Image1.ActualReadData was changed to 1.
 8724127	[WARNING]	XnDepthProcessor.cpp	133	Read: Depth buffer is corrupt. Size is 512128 (!= 614400)
 8724171	[WARNING]	XnFrameStreamProcessor.cpp	132	Depth frame is corrupt!
11628116	[WARNING]	XnDepthProcessor.cpp	133	Read: Depth buffer is corrupt. Size is 592176 (!= 614400)
11628160	[WARNING]	XnFrameStreamProcessor.cpp	132	Depth frame is corrupt!
11738488	[INFO]	XnProperty.cpp	151	Property Image1.State was changed to 1.
11738530	[INFO]	XnDeviceBase.cpp	370	Stream Image1 is open.
11738719	[INFO]	XnProperty.cpp	74	Setting Depth1.Registration to 1...
11760178	[WARNING]	XnDepthProcessor.cpp	133	Read: Depth buffer is corrupt. Size is 589328 (!= 614400)
11760226	[WARNING]	XnFrameStreamProcessor.cpp	132	Depth frame is corrupt!
11891301	[INFO]	XnProperty.cpp	151	Property Depth1.Registration was changed to 1.
11891346	[INFO]	XnProperty.cpp	101	Depth1.Registration was successfully set.
11891403	[INFO]	XnProperty.cpp	74	Setting Image1.Mirror to 1...
11903845	[INFO]	XnProperty.cpp	151	Property Image1.FirmwareMirror was changed to 1.
11903888	[INFO]	XnProperty.cpp	151	Property Image1.Mirror was changed to 1.
11903900	[INFO]	XnProperty.cpp	101	Image1.Mirror was successfully set.
27693254	[INFO]	XnOpenNI.cpp	1459	Destroying node 'User1'
27702475	[INFO]	XnOpenNI.cpp	1459	Destroying node 'Depth1'
27702559	[INFO]	XnDeviceBase.cpp	1507	Destroying stream 'Depth1'...
27704024	[INFO]	XnOpenNI.cpp	1459	Destroying node 'Image1'
27704095	[INFO]	XnDeviceBase.cpp	1507	Destroying stream 'Image1'...
27705135	[INFO]	XnOpenNI.cpp	1459	Destroying node 'Device1'
