    1442	[INFO]	XnLog.cpp	165	OpenNI version is 1.0.0 (Build 25)-MacOSX (Jan  7 2011 14:20:18)
    1485	[INFO]	XnLog.cpp	173	Log system initialized. Console: 1, File: 1, Severity: INFO, Masks: ALL
    1518	[INFO]	XnLog.cpp	173	Log system initialized. Console: 1, File: 1, Severity: INFO, Masks: ALL
    3043	[INFO]	XnUSBLinux-x86.cpp	98	USB is initialized.
 1753777	[INFO]	XnOpenNI.cpp	1261	Creating node 'Device1' of type Device...
 1754516	[INFO]	XnDeviceModule.cpp	431	Module 'Device' configuration was loaded from file.
 1903501	[INFO]	XnDeviceSensorIO.cpp	135	Connected to USB device
 1903553	[INFO]	XnProperty.cpp	151	Property Device.USBPath was changed to 045e/02ae@253/8.
 1910571	[INFO]	XnHostProtocol.cpp	825	Hardware versions: FW=5.1.4 (7) HW=4 Chip=2 Sensor=4 SYS=7
 3315892	[INFO]	XnProperty.cpp	151	Property Device.ID was changed to 0.
 3315953	[INFO]	XnSensor.cpp	182	Device sensor initialized
 3316059	[INFO]	XnOpenNI.cpp	1261	Creating node 'Depth1' of type Depth...
 3316109	[INFO]	XnDeviceBase.cpp	1383	Creating stream 'Depth1' of type 'Depth'...
 3316134	[INFO]	XnProperty.cpp	74	Setting Device.ReadData to 1...
 3316177	[INFO]	XnDeviceSensorIO.cpp	298	Endpoints open
 3328800	[INFO]	XnProperty.cpp	151	Property Device.ReadData was changed to 1.
 3328838	[INFO]	XnProperty.cpp	101	Device.ReadData was successfully set.
 3329178	[INFO]	XnProperty.cpp	151	Property Depth1.Resolution was changed to 0.
 3329198	[INFO]	XnProperty.cpp	151	Property Depth1.XRes was changed to 320.
 3329210	[INFO]	XnProperty.cpp	151	Property Depth1.YRes was changed to 240.
 3329222	[INFO]	XnProperty.cpp	151	Property Depth1.FPS was changed to 30.
 3329233	[INFO]	XnProperty.cpp	151	Property Depth1.OutputFormat was changed to 1.
 3329244	[INFO]	XnProperty.cpp	151	Property Depth1.BytesPerPixel was changed to 2.
 3329256	[INFO]	XnProperty.cpp	151	Property Depth1.RequiredDataSize was changed to 153600.
 3329272	[INFO]	XnProperty.cpp	151	Property Depth1.ParamCoeff was changed to 4.
 3329331	[INFO]	XnProperty.cpp	151	Property Depth1.ShiftScale was changed to 10.
 3341913	[INFO]	XnProperty.cpp	151	Property Depth1.ConstShift was changed to 200.
 3342011	[INFO]	XnProperty.cpp	151	Property Depth1.ZPD was changed to 120.
 3342112	[INFO]	XnProperty.cpp	151	Property Depth1.ZPPS was changed to 0.104200.
 3342126	[INFO]	XnProperty.cpp	151	Property Depth1.LDDIS was changed to 7.500000.
 3342217	[INFO]	XnProperty.cpp	151	Property Depth1.Gain was changed to 30.
 3342248	[INFO]	XnDeviceBase.cpp	1458	Stream 'Depth1' was initialized.
 3342262	[INFO]	XnDeviceBase.cpp	1463	'Depth1' stream was created.
 3342426	[INFO]	XnProperty.cpp	74	Setting Depth1.InputFormat to 3...
 3342448	[INFO]	XnProperty.cpp	151	Property Depth1.InputFormat was changed to 3.
 3342460	[INFO]	XnProperty.cpp	101	Depth1.InputFormat was successfully set.
 3343097	[INFO]	XnProperty.cpp	74	Setting Depth1.RegistrationType to 2...
 3343132	[INFO]	XnProperty.cpp	151	Property Depth1.RegistrationType was changed to 2.
 3343148	[INFO]	XnProperty.cpp	101	Depth1.RegistrationType was successfully set.
 3343713	[INFO]	XnDeviceModule.cpp	431	Module 'Depth1' configuration was loaded from file.
 3343889	[INFO]	XnProperty.cpp	74	Setting Depth1.FPS to 30...
 3343906	[INFO]	XnProperty.cpp	86	Depth1.FPS value did not change.
 3343918	[INFO]	XnProperty.cpp	74	Setting Depth1.YRes to 480...
 3343933	[INFO]	XnProperty.cpp	151	Property Depth1.Resolution was changed to 1.
 3343947	[INFO]	XnProperty.cpp	151	Property Depth1.XRes was changed to 640.
 3343959	[INFO]	XnProperty.cpp	151	Property Depth1.RequiredDataSize was changed to 307200.
 3343974	[INFO]	XnProperty.cpp	151	Property Depth1.YRes was changed to 480.
 3343985	[INFO]	XnProperty.cpp	151	Property Depth1.RequiredDataSize was changed to 614400.
 3343998	[INFO]	XnProperty.cpp	101	Depth1.YRes was successfully set.
 3344010	[INFO]	XnProperty.cpp	74	Setting Depth1.XRes to 640...
 3344021	[INFO]	XnProperty.cpp	86	Depth1.XRes value did not change.
 3344063	[INFO]	XnProperty.cpp	74	Setting Depth1.Mirror to 1...
 3344077	[INFO]	XnProperty.cpp	151	Property Depth1.FirmwareMirror was changed to 1.
 3344126	[INFO]	XnProperty.cpp	151	Property Depth1.Mirror was changed to 1.
 3344140	[INFO]	XnProperty.cpp	101	Depth1.Mirror was successfully set.
 4447237	[INFO]	XnOpenNI.cpp	1261	Creating node 'User1' of type User...
 4470364	[WARNING]	Linux-x86Threads.cpp	173	Failed to set thread priority: Invalid argument
 4470408	[WARNING]	XnUSBLinux-x86.cpp	126	USB events thread: Failed to set thread priority to critical. This might cause loss of data...
 4471167	[INFO]	XnUSBLinux-x86.cpp	1222	USB read thread was started.
 4471200	[INFO]	XnProperty.cpp	151	Property Depth1.ActualReadData was changed to 1.
 4941530	[INFO]	XnProperty.cpp	151	Property Depth1.State was changed to 1.
 4941574	[INFO]	XnDeviceBase.cpp	370	Stream Depth1 is open.
 6038412	[INFO]	XnOpenNI.cpp	1261	Creating node 'Image1' of type Image...
 6038472	[INFO]	XnDeviceBase.cpp	1383	Creating stream 'Image1' of type 'Image'...
 6038709	[INFO]	XnProperty.cpp	151	Property Image1.Resolution was changed to 0.
 6038737	[INFO]	XnProperty.cpp	151	Property Image1.XRes was changed to 320.
 6038758	[INFO]	XnProperty.cpp	151	Property Image1.YRes was changed to 240.
 6038777	[INFO]	XnProperty.cpp	151	Property Image1.FPS was changed to 30.
 6038793	[INFO]	XnProperty.cpp	151	Property Image1.OutputFormat was changed to 5.
 6038807	[INFO]	XnProperty.cpp	151	Property Image1.BytesPerPixel was changed to 3.
 6038819	[INFO]	XnProperty.cpp	151	Property Image1.RequiredDataSize was changed to 230400.
 6038850	[INFO]	XnDeviceBase.cpp	1458	Stream 'Image1' was initialized.
 6038864	[INFO]	XnDeviceBase.cpp	1463	'Image1' stream was created.
 6038980	[INFO]	XnProperty.cpp	74	Setting Image1.InputFormat to 6...
 6039006	[INFO]	XnProperty.cpp	151	Property Image1.InputFormat was changed to 6.
 6039019	[INFO]	XnProperty.cpp	101	Image1.InputFormat was successfully set.
 6039449	[INFO]	XnDeviceModule.cpp	431	Module 'Image1' configuration was loaded from file.
 6039542	[INFO]	XnProperty.cpp	74	Setting Image1.FPS to 30...
 6039560	[INFO]	XnProperty.cpp	86	Image1.FPS value did not change.
 6039578	[INFO]	XnProperty.cpp	74	Setting Image1.YRes to 480...
 6039597	[INFO]	XnProperty.cpp	151	Property Image1.Resolution was changed to 1.
 6039616	[INFO]	XnProperty.cpp	151	Property Image1.XRes was changed to 640.
 6039633	[INFO]	XnProperty.cpp	151	Property Image1.RequiredDataSize was changed to 460800.
 6039653	[INFO]	XnProperty.cpp	151	Property Image1.YRes was changed to 480.
 6039670	[INFO]	XnProperty.cpp	151	Property Image1.RequiredDataSize was changed to 921600.
 6039688	[INFO]	XnProperty.cpp	101	Image1.YRes was successfully set.
 6039707	[INFO]	XnProperty.cpp	74	Setting Image1.XRes to 640...
 6039723	[INFO]	XnProperty.cpp	86	Image1.XRes value did not change.
 6040704	[INFO]	XnUSBLinux-x86.cpp	1222	USB read thread was started.
 6040751	[INFO]	XnProperty.cpp	151	Property Image1.ActualReadData was changed to 1.
 6206497	[WARNING]	XnDepthProcessor.cpp	133	Read: Depth buffer is corrupt. Size is 570048 (!= 614400)
 6206542	[WARNING]	XnFrameStreamProcessor.cpp	132	Depth frame is corrupt!
 6238532	[WARNING]	XnDepthProcessor.cpp	133	Read: Depth buffer is corrupt. Size is 569680 (!= 614400)
 6238577	[WARNING]	XnFrameStreamProcessor.cpp	132	Depth frame is corrupt!
