    1585	[INFO]	XnLog.cpp	165	OpenNI version is 1.0.0 (Build 25)-MacOSX (Jan  7 2011 14:20:18)
    1628	[INFO]	XnLog.cpp	173	Log system initialized. Console: 1, File: 1, Severity: INFO, Masks: ALL
    1652	[INFO]	XnLog.cpp	173	Log system initialized. Console: 1, File: 1, Severity: INFO, Masks: ALL
    2844	[INFO]	XnUSBLinux-x86.cpp	98	USB is initialized.
 2371009	[INFO]	XnOpenNI.cpp	1261	Creating node 'Device1' of type Device...
 2371799	[INFO]	XnDeviceModule.cpp	431	Module 'Device' configuration was loaded from file.
 2632366	[INFO]	XnDeviceSensorIO.cpp	135	Connected to USB device
 2632416	[INFO]	XnProperty.cpp	151	Property Device.USBPath was changed to 045e/02ae@253/8.
 2639986	[INFO]	XnHostProtocol.cpp	825	Hardware versions: FW=5.1.4 (7) HW=4 Chip=2 Sensor=4 SYS=7
 4050967	[INFO]	XnProperty.cpp	151	Property Device.ID was changed to 0.
 4051031	[INFO]	XnSensor.cpp	182	Device sensor initialized
 4051129	[INFO]	XnOpenNI.cpp	1261	Creating node 'Depth1' of type Depth...
 4051187	[INFO]	XnDeviceBase.cpp	1383	Creating stream 'Depth1' of type 'Depth'...
 4051216	[INFO]	XnProperty.cpp	74	Setting Device.ReadData to 1...
 4051259	[INFO]	XnDeviceSensorIO.cpp	298	Endpoints open
 4063684	[INFO]	XnProperty.cpp	151	Property Device.ReadData was changed to 1.
 4063728	[INFO]	XnProperty.cpp	101	Device.ReadData was successfully set.
 4064073	[INFO]	XnProperty.cpp	151	Property Depth1.Resolution was changed to 0.
 4064092	[INFO]	XnProperty.cpp	151	Property Depth1.XRes was changed to 320.
 4064105	[INFO]	XnProperty.cpp	151	Property Depth1.YRes was changed to 240.
 4064116	[INFO]	XnProperty.cpp	151	Property Depth1.FPS was changed to 30.
 4064127	[INFO]	XnProperty.cpp	151	Property Depth1.OutputFormat was changed to 1.
 4064139	[INFO]	XnProperty.cpp	151	Property Depth1.BytesPerPixel was changed to 2.
 4064151	[INFO]	XnProperty.cpp	151	Property Depth1.RequiredDataSize was changed to 153600.
 4064167	[INFO]	XnProperty.cpp	151	Property Depth1.ParamCoeff was changed to 4.
 4064225	[INFO]	XnProperty.cpp	151	Property Depth1.ShiftScale was changed to 10.
 4076603	[INFO]	XnProperty.cpp	151	Property Depth1.ConstShift was changed to 200.
 4076698	[INFO]	XnProperty.cpp	151	Property Depth1.ZPD was changed to 120.
 4076795	[INFO]	XnProperty.cpp	151	Property Depth1.ZPPS was changed to 0.104200.
 4076809	[INFO]	XnProperty.cpp	151	Property Depth1.LDDIS was changed to 7.500000.
 4076902	[INFO]	XnProperty.cpp	151	Property Depth1.Gain was changed to 30.
 4076933	[INFO]	XnDeviceBase.cpp	1458	Stream 'Depth1' was initialized.
 4076947	[INFO]	XnDeviceBase.cpp	1463	'Depth1' stream was created.
 4077095	[INFO]	XnProperty.cpp	74	Setting Depth1.InputFormat to 3...
 4077115	[INFO]	XnProperty.cpp	151	Property Depth1.InputFormat was changed to 3.
 4077127	[INFO]	XnProperty.cpp	101	Depth1.InputFormat was successfully set.
 4077556	[INFO]	XnProperty.cpp	74	Setting Depth1.RegistrationType to 2...
 4077575	[INFO]	XnProperty.cpp	151	Property Depth1.RegistrationType was changed to 2.
 4077586	[INFO]	XnProperty.cpp	101	Depth1.RegistrationType was successfully set.
 4078059	[INFO]	XnDeviceModule.cpp	431	Module 'Depth1' configuration was loaded from file.
 4078221	[INFO]	XnProperty.cpp	74	Setting Depth1.FPS to 30...
 4078240	[INFO]	XnProperty.cpp	86	Depth1.FPS value did not change.
 4078252	[INFO]	XnProperty.cpp	74	Setting Depth1.YRes to 480...
 4078267	[INFO]	XnProperty.cpp	151	Property Depth1.Resolution was changed to 1.
 4078280	[INFO]	XnProperty.cpp	151	Property Depth1.XRes was changed to 640.
 4078292	[INFO]	XnProperty.cpp	151	Property Depth1.RequiredDataSize was changed to 307200.
 4078307	[INFO]	XnProperty.cpp	151	Property Depth1.YRes was changed to 480.
 4078318	[INFO]	XnProperty.cpp	151	Property Depth1.RequiredDataSize was changed to 614400.
 4078331	[INFO]	XnProperty.cpp	101	Depth1.YRes was successfully set.
 4078343	[INFO]	XnProperty.cpp	74	Setting Depth1.XRes to 640...
 4078354	[INFO]	XnProperty.cpp	86	Depth1.XRes value did not change.
 4078396	[INFO]	XnProperty.cpp	74	Setting Depth1.Mirror to 1...
 4078410	[INFO]	XnProperty.cpp	151	Property Depth1.FirmwareMirror was changed to 1.
 4078453	[INFO]	XnProperty.cpp	151	Property Depth1.Mirror was changed to 1.
 4078464	[INFO]	XnProperty.cpp	101	Depth1.Mirror was successfully set.
 6067276	[INFO]	XnOpenNI.cpp	1261	Creating node 'User1' of type User...
 6089855	[WARNING]	Linux-x86Threads.cpp	173	Failed to set thread priority: Invalid argument
 6089898	[WARNING]	XnUSBLinux-x86.cpp	126	USB events thread: Failed to set thread priority to critical. This might cause loss of data...
 6090654	[INFO]	XnUSBLinux-x86.cpp	1222	USB read thread was started.
 6090678	[INFO]	XnProperty.cpp	151	Property Depth1.ActualReadData was changed to 1.
 6561325	[INFO]	XnProperty.cpp	151	Property Depth1.State was changed to 1.
 6561357	[INFO]	XnDeviceBase.cpp	370	Stream Depth1 is open.
 8537760	[INFO]	XnOpenNI.cpp	1261	Creating node 'Image1' of type Image...
 8537812	[INFO]	XnDeviceBase.cpp	1383	Creating stream 'Image1' of type 'Image'...
 8537997	[INFO]	XnProperty.cpp	151	Property Image1.Resolution was changed to 0.
 8538016	[INFO]	XnProperty.cpp	151	Property Image1.XRes was changed to 320.
 8538028	[INFO]	XnProperty.cpp	151	Property Image1.YRes was changed to 240.
 8538040	[INFO]	XnProperty.cpp	151	Property Image1.FPS was changed to 30.
 8538051	[INFO]	XnProperty.cpp	151	Property Image1.OutputFormat was changed to 5.
 8538063	[INFO]	XnProperty.cpp	151	Property Image1.BytesPerPixel was changed to 3.
 8538076	[INFO]	XnProperty.cpp	151	Property Image1.RequiredDataSize was changed to 230400.
 8538103	[INFO]	XnDeviceBase.cpp	1458	Stream 'Image1' was initialized.
 8538118	[INFO]	XnDeviceBase.cpp	1463	'Image1' stream was created.
 8538241	[INFO]	XnProperty.cpp	74	Setting Image1.InputFormat to 6...
 8538273	[INFO]	XnProperty.cpp	151	Property Image1.InputFormat was changed to 6.
 8538292	[INFO]	XnProperty.cpp	101	Image1.InputFormat was successfully set.
 8538734	[INFO]	XnDeviceModule.cpp	431	Module 'Image1' configuration was loaded from file.
 8538824	[INFO]	XnProperty.cpp	74	Setting Image1.FPS to 30...
 8538839	[INFO]	XnProperty.cpp	86	Image1.FPS value did not change.
 8538851	[INFO]	XnProperty.cpp	74	Setting Image1.YRes to 480...
 8538864	[INFO]	XnProperty.cpp	151	Property Image1.Resolution was changed to 1.
 8538876	[INFO]	XnProperty.cpp	151	Property Image1.XRes was changed to 640.
 8538887	[INFO]	XnProperty.cpp	151	Property Image1.RequiredDataSize was changed to 460800.
 8538901	[INFO]	XnProperty.cpp	151	Property Image1.YRes was changed to 480.
 8538912	[INFO]	XnProperty.cpp	151	Property Image1.RequiredDataSize was changed to 921600.
 8538924	[INFO]	XnProperty.cpp	101	Image1.YRes was successfully set.
 8538936	[INFO]	XnProperty.cpp	74	Setting Image1.XRes to 640...
 8538947	[INFO]	XnProperty.cpp	86	Image1.XRes value did not change.
 8539830	[INFO]	XnUSBLinux-x86.cpp	1222	USB read thread was started.
 8539875	[INFO]	XnProperty.cpp	151	Property Image1.ActualReadData was changed to 1.
 8726304	[WARNING]	XnDepthProcessor.cpp	133	Read: Depth buffer is corrupt. Size is 523632 (!= 614400)
 8726350	[WARNING]	XnFrameStreamProcessor.cpp	132	Depth frame is corrupt!
11630319	[WARNING]	XnDepthProcessor.cpp	133	Read: Depth buffer is corrupt. Size is 603552 (!= 614400)
11630362	[WARNING]	XnFrameStreamProcessor.cpp	132	Depth frame is corrupt!
11741136	[INFO]	XnProperty.cpp	151	Property Image1.State was changed to 1.
11741178	[INFO]	XnDeviceBase.cpp	370	Stream Image1 is open.
11741355	[INFO]	XnProperty.cpp	74	Setting Depth1.Registration to 1...
11762349	[WARNING]	XnDepthProcessor.cpp	133	Read: Depth buffer is corrupt. Size is 589968 (!= 614400)
11762394	[WARNING]	XnFrameStreamProcessor.cpp	132	Depth frame is corrupt!
11894130	[INFO]	XnProperty.cpp	151	Property Depth1.Registration was changed to 1.
11894182	[INFO]	XnProperty.cpp	101	Depth1.Registration was successfully set.
11894242	[INFO]	XnProperty.cpp	74	Setting Image1.Mirror to 1...
11906480	[INFO]	XnProperty.cpp	151	Property Image1.FirmwareMirror was changed to 1.
11906523	[INFO]	XnProperty.cpp	151	Property Image1.Mirror was changed to 1.
11906536	[INFO]	XnProperty.cpp	101	Image1.Mirror was successfully set.
75180047	[INFO]	XnOpenNI.cpp	1459	Destroying node 'User1'
75188191	[INFO]	XnOpenNI.cpp	1459	Destroying node 'Depth1'
75188288	[INFO]	XnDeviceBase.cpp	1507	Destroying stream 'Depth1'...
75189720	[INFO]	XnOpenNI.cpp	1459	Destroying node 'Image1'
75189788	[INFO]	XnDeviceBase.cpp	1507	Destroying stream 'Image1'...
75190744	[INFO]	XnOpenNI.cpp	1459	Destroying node 'Device1'
