    1482	[INFO]	XnLog.cpp	165	OpenNI version is 1.0.0 (Build 25)-MacOSX (Jan  7 2011 14:20:18)
    1526	[INFO]	XnLog.cpp	173	Log system initialized. Console: 1, File: 1, Severity: INFO, Masks: ALL
    1549	[INFO]	XnLog.cpp	173	Log system initialized. Console: 1, File: 1, Severity: INFO, Masks: ALL
    2651	[INFO]	XnUSBLinux-x86.cpp	98	USB is initialized.
 1964527	[INFO]	XnOpenNI.cpp	1261	Creating node 'Device1' of type Device...
 1965300	[INFO]	XnDeviceModule.cpp	431	Module 'Device' configuration was loaded from file.
 2223122	[INFO]	XnDeviceSensorIO.cpp	135	Connected to USB device
 2223174	[INFO]	XnProperty.cpp	151	Property Device.USBPath was changed to 045e/02ae@253/8.
 2230728	[INFO]	XnHostProtocol.cpp	825	Hardware versions: FW=5.1.4 (7) HW=4 Chip=2 Sensor=4 SYS=7
 3640620	[INFO]	XnProperty.cpp	151	Property Device.ID was changed to 0.
 3640673	[INFO]	XnSensor.cpp	182	Device sensor initialized
 3640751	[INFO]	XnOpenNI.cpp	1261	Creating node 'Depth1' of type Depth...
 3640789	[INFO]	XnDeviceBase.cpp	1383	Creating stream 'Depth1' of type 'Depth'...
 3640805	[INFO]	XnProperty.cpp	74	Setting Device.ReadData to 1...
 3640836	[INFO]	XnDeviceSensorIO.cpp	298	Endpoints open
 3653129	[INFO]	XnProperty.cpp	151	Property Device.ReadData was changed to 1.
 3653167	[INFO]	XnProperty.cpp	101	Device.ReadData was successfully set.
 3653563	[INFO]	XnProperty.cpp	151	Property Depth1.Resolution was changed to 0.
 3653583	[INFO]	XnProperty.cpp	151	Property Depth1.XRes was changed to 320.
 3653596	[INFO]	XnProperty.cpp	151	Property Depth1.YRes was changed to 240.
 3653608	[INFO]	XnProperty.cpp	151	Property Depth1.FPS was changed to 30.
 3653619	[INFO]	XnProperty.cpp	151	Property Depth1.OutputFormat was changed to 1.
 3653630	[INFO]	XnProperty.cpp	151	Property Depth1.BytesPerPixel was changed to 2.
 3653646	[INFO]	XnProperty.cpp	151	Property Depth1.RequiredDataSize was changed to 153600.
 3653669	[INFO]	XnProperty.cpp	151	Property Depth1.ParamCoeff was changed to 4.
 3653737	[INFO]	XnProperty.cpp	151	Property Depth1.ShiftScale was changed to 10.
 3666243	[INFO]	XnProperty.cpp	151	Property Depth1.ConstShift was changed to 200.
 3666333	[INFO]	XnProperty.cpp	151	Property Depth1.ZPD was changed to 120.
 3666430	[INFO]	XnProperty.cpp	151	Property Depth1.ZPPS was changed to 0.104200.
 3666445	[INFO]	XnProperty.cpp	151	Property Depth1.LDDIS was changed to 7.500000.
 3666544	[INFO]	XnProperty.cpp	151	Property Depth1.Gain was changed to 30.
 3666576	[INFO]	XnDeviceBase.cpp	1458	Stream 'Depth1' was initialized.
 3666591	[INFO]	XnDeviceBase.cpp	1463	'Depth1' stream was created.
 3666756	[INFO]	XnProperty.cpp	74	Setting Depth1.InputFormat to 3...
 3666781	[INFO]	XnProperty.cpp	151	Property Depth1.InputFormat was changed to 3.
 3666807	[INFO]	XnProperty.cpp	101	Depth1.InputFormat was successfully set.
 3667399	[INFO]	XnProperty.cpp	74	Setting Depth1.RegistrationType to 2...
 3667423	[INFO]	XnProperty.cpp	151	Property Depth1.RegistrationType was changed to 2.
 3667434	[INFO]	XnProperty.cpp	101	Depth1.RegistrationType was successfully set.
 3667910	[INFO]	XnDeviceModule.cpp	431	Module 'Depth1' configuration was loaded from file.
 3668099	[INFO]	XnProperty.cpp	74	Setting Depth1.FPS to 30...
 3668117	[INFO]	XnProperty.cpp	86	Depth1.FPS value did not change.
 3668128	[INFO]	XnProperty.cpp	74	Setting Depth1.YRes to 480...
 3668143	[INFO]	XnProperty.cpp	151	Property Depth1.Resolution was changed to 1.
 3668160	[INFO]	XnProperty.cpp	151	Property Depth1.XRes was changed to 640.
 3668174	[INFO]	XnProperty.cpp	151	Property Depth1.RequiredDataSize was changed to 307200.
 3668190	[INFO]	XnProperty.cpp	151	Property Depth1.YRes was changed to 480.
 3668202	[INFO]	XnProperty.cpp	151	Property Depth1.RequiredDataSize was changed to 614400.
 3668215	[INFO]	XnProperty.cpp	101	Depth1.YRes was successfully set.
 3668228	[INFO]	XnProperty.cpp	74	Setting Depth1.XRes to 640...
 3668239	[INFO]	XnProperty.cpp	86	Depth1.XRes value did not change.
 3668282	[INFO]	XnProperty.cpp	74	Setting Depth1.Mirror to 1...
 3668297	[INFO]	XnProperty.cpp	151	Property Depth1.FirmwareMirror was changed to 1.
 3668341	[INFO]	XnProperty.cpp	151	Property Depth1.Mirror was changed to 1.
 3668352	[INFO]	XnProperty.cpp	101	Depth1.Mirror was successfully set.
 4772877	[INFO]	XnOpenNI.cpp	1261	Creating node 'User1' of type User...
 4796096	[WARNING]	Linux-x86Threads.cpp	173	Failed to set thread priority: Invalid argument
 4796140	[WARNING]	XnUSBLinux-x86.cpp	126	USB events thread: Failed to set thread priority to critical. This might cause loss of data...
 4796903	[INFO]	XnUSBLinux-x86.cpp	1222	USB read thread was started.
 4796928	[INFO]	XnProperty.cpp	151	Property Depth1.ActualReadData was changed to 1.
 5267383	[INFO]	XnProperty.cpp	151	Property Depth1.State was changed to 1.
 5267426	[INFO]	XnDeviceBase.cpp	370	Stream Depth1 is open.
 6371925	[INFO]	XnOpenNI.cpp	1261	Creating node 'Image1' of type Image...
 6371975	[INFO]	XnDeviceBase.cpp	1383	Creating stream 'Image1' of type 'Image'...
 6372188	[INFO]	XnProperty.cpp	151	Property Image1.Resolution was changed to 0.
 6372214	[INFO]	XnProperty.cpp	151	Property Image1.XRes was changed to 320.
 6372233	[INFO]	XnProperty.cpp	151	Property Image1.YRes was changed to 240.
 6372250	[INFO]	XnProperty.cpp	151	Property Image1.FPS was changed to 30.
 6372267	[INFO]	XnProperty.cpp	151	Property Image1.OutputFormat was changed to 5.
 6372285	[INFO]	XnProperty.cpp	151	Property Image1.BytesPerPixel was changed to 3.
 6372303	[INFO]	XnProperty.cpp	151	Property Image1.RequiredDataSize was changed to 230400.
 6372345	[INFO]	XnDeviceBase.cpp	1458	Stream 'Image1' was initialized.
 6372367	[INFO]	XnDeviceBase.cpp	1463	'Image1' stream was created.
 6372509	[INFO]	XnProperty.cpp	74	Setting Image1.InputFormat to 6...
 6372540	[INFO]	XnProperty.cpp	151	Property Image1.InputFormat was changed to 6.
 6372561	[INFO]	XnProperty.cpp	101	Image1.InputFormat was successfully set.
 6373167	[INFO]	XnDeviceModule.cpp	431	Module 'Image1' configuration was loaded from file.
 6373277	[INFO]	XnProperty.cpp	74	Setting Image1.FPS to 30...
 6373301	[INFO]	XnProperty.cpp	86	Image1.FPS value did not change.
 6373319	[INFO]	XnProperty.cpp	74	Setting Image1.YRes to 480...
 6373337	[INFO]	XnProperty.cpp	151	Property Image1.Resolution was changed to 1.
 6373353	[INFO]	XnProperty.cpp	151	Property Image1.XRes was changed to 640.
 6373370	[INFO]	XnProperty.cpp	151	Property Image1.RequiredDataSize was changed to 460800.
 6373390	[INFO]	XnProperty.cpp	151	Property Image1.YRes was changed to 480.
 6373407	[INFO]	XnProperty.cpp	151	Property Image1.RequiredDataSize was changed to 921600.
 6373425	[INFO]	XnProperty.cpp	101	Image1.YRes was successfully set.
 6373442	[INFO]	XnProperty.cpp	74	Setting Image1.XRes to 640...
 6373457	[INFO]	XnProperty.cpp	86	Image1.XRes value did not change.
 6374417	[INFO]	XnUSBLinux-x86.cpp	1222	USB read thread was started.
 6374469	[INFO]	XnProperty.cpp	151	Property Image1.ActualReadData was changed to 1.
 6564767	[WARNING]	XnDepthProcessor.cpp	133	Read: Depth buffer is corrupt. Size is 562720 (!= 614400)
 6564813	[WARNING]	XnFrameStreamProcessor.cpp	132	Depth frame is corrupt!
 9468800	[WARNING]	XnDepthProcessor.cpp	133	Read: Depth buffer is corrupt. Size is 600544 (!= 614400)
 9468845	[WARNING]	XnFrameStreamProcessor.cpp	132	Depth frame is corrupt!
 9575352	[INFO]	XnProperty.cpp	151	Property Image1.State was changed to 1.
 9575394	[INFO]	XnDeviceBase.cpp	370	Stream Image1 is open.
 9575568	[INFO]	XnProperty.cpp	74	Setting Depth1.Registration to 1...
 9600831	[WARNING]	XnDepthProcessor.cpp	133	Read: Depth buffer is corrupt. Size is 586112 (!= 614400)
 9600878	[WARNING]	XnFrameStreamProcessor.cpp	132	Depth frame is corrupt!
 9728100	[INFO]	XnProperty.cpp	151	Property Depth1.Registration was changed to 1.
 9728141	[INFO]	XnProperty.cpp	101	Depth1.Registration was successfully set.
 9728188	[INFO]	XnProperty.cpp	74	Setting Image1.Mirror to 1...
 9740613	[INFO]	XnProperty.cpp	151	Property Image1.FirmwareMirror was changed to 1.
 9740668	[INFO]	XnProperty.cpp	151	Property Image1.Mirror was changed to 1.
 9740685	[INFO]	XnProperty.cpp	101	Image1.Mirror was successfully set.
18861166	[INFO]	XnOpenNI.cpp	1459	Destroying node 'User1'
18869172	[INFO]	XnOpenNI.cpp	1459	Destroying node 'Depth1'
18869261	[INFO]	XnDeviceBase.cpp	1507	Destroying stream 'Depth1'...
18870435	[INFO]	XnOpenNI.cpp	1459	Destroying node 'Image1'
18870487	[INFO]	XnDeviceBase.cpp	1507	Destroying stream 'Image1'...
18872802	[INFO]	XnOpenNI.cpp	1459	Destroying node 'Device1'
