    1835	[INFO]	XnLog.cpp	165	OpenNI version is 1.0.0 (Build 25)-MacOSX (Jan  7 2011 14:20:18)
    1894	[INFO]	XnLog.cpp	173	Log system initialized. Console: 1, File: 1, Severity: INFO, Masks: ALL
    1926	[INFO]	XnLog.cpp	173	Log system initialized. Console: 1, File: 1, Severity: INFO, Masks: ALL
    3297	[INFO]	XnUSBLinux-x86.cpp	98	USB is initialized.
 2365362	[INFO]	XnOpenNI.cpp	1261	Creating node 'Device1' of type Device...
 2366141	[INFO]	XnDeviceModule.cpp	431	Module 'Device' configuration was loaded from file.
 2626278	[INFO]	XnDeviceSensorIO.cpp	135	Connected to USB device
 2626324	[INFO]	XnProperty.cpp	151	Property Device.USBPath was changed to 045e/02ae@253/8.
 2633321	[INFO]	XnHostProtocol.cpp	825	Hardware versions: FW=5.1.4 (7) HW=4 Chip=2 Sensor=4 SYS=7
 4042743	[INFO]	XnProperty.cpp	151	Property Device.ID was changed to 0.
 4042814	[INFO]	XnSensor.cpp	182	Device sensor initialized
 4042926	[INFO]	XnOpenNI.cpp	1261	Creating node 'Depth1' of type Depth...
 4042990	[INFO]	XnDeviceBase.cpp	1383	Creating stream 'Depth1' of type 'Depth'...
 4043018	[INFO]	XnProperty.cpp	74	Setting Device.ReadData to 1...
 4043067	[INFO]	XnDeviceSensorIO.cpp	298	Endpoints open
 4055453	[INFO]	XnProperty.cpp	151	Property Device.ReadData was changed to 1.
 4055501	[INFO]	XnProperty.cpp	101	Device.ReadData was successfully set.
 4055908	[INFO]	XnProperty.cpp	151	Property Depth1.Resolution was changed to 0.
 4055930	[INFO]	XnProperty.cpp	151	Property Depth1.XRes was changed to 320.
 4055943	[INFO]	XnProperty.cpp	151	Property Depth1.YRes was changed to 240.
 4055955	[INFO]	XnProperty.cpp	151	Property Depth1.FPS was changed to 30.
 4055966	[INFO]	XnProperty.cpp	151	Property Depth1.OutputFormat was changed to 1.
 4055977	[INFO]	XnProperty.cpp	151	Property Depth1.BytesPerPixel was changed to 2.
 4055989	[INFO]	XnProperty.cpp	151	Property Depth1.RequiredDataSize was changed to 153600.
 4056006	[INFO]	XnProperty.cpp	151	Property Depth1.ParamCoeff was changed to 4.
 4056065	[INFO]	XnProperty.cpp	151	Property Depth1.ShiftScale was changed to 10.
 4068281	[INFO]	XnProperty.cpp	151	Property Depth1.ConstShift was changed to 200.
 4068375	[INFO]	XnProperty.cpp	151	Property Depth1.ZPD was changed to 120.
 4068476	[INFO]	XnProperty.cpp	151	Property Depth1.ZPPS was changed to 0.104200.
 4068491	[INFO]	XnProperty.cpp	151	Property Depth1.LDDIS was changed to 7.500000.
 4068583	[INFO]	XnProperty.cpp	151	Property Depth1.Gain was changed to 30.
 4068615	[INFO]	XnDeviceBase.cpp	1458	Stream 'Depth1' was initialized.
 4068629	[INFO]	XnDeviceBase.cpp	1463	'Depth1' stream was created.
 4068776	[INFO]	XnProperty.cpp	74	Setting Depth1.InputFormat to 3...
 4068798	[INFO]	XnProperty.cpp	151	Property Depth1.InputFormat was changed to 3.
 4068810	[INFO]	XnProperty.cpp	101	Depth1.InputFormat was successfully set.
 4069240	[INFO]	XnProperty.cpp	74	Setting Depth1.RegistrationType to 2...
 4069255	[INFO]	XnProperty.cpp	151	Property Depth1.RegistrationType was changed to 2.
 4069267	[INFO]	XnProperty.cpp	101	Depth1.RegistrationType was successfully set.
 4069811	[INFO]	XnDeviceModule.cpp	431	Module 'Depth1' configuration was loaded from file.
 4070022	[INFO]	XnProperty.cpp	74	Setting Depth1.FPS to 30...
 4070042	[INFO]	XnProperty.cpp	86	Depth1.FPS value did not change.
 4070060	[INFO]	XnProperty.cpp	74	Setting Depth1.YRes to 480...
 4070083	[INFO]	XnProperty.cpp	151	Property Depth1.Resolution was changed to 1.
 4070104	[INFO]	XnProperty.cpp	151	Property Depth1.XRes was changed to 640.
 4070123	[INFO]	XnProperty.cpp	151	Property Depth1.RequiredDataSize was changed to 307200.
 4070140	[INFO]	XnProperty.cpp	151	Property Depth1.YRes was changed to 480.
 4070153	[INFO]	XnProperty.cpp	151	Property Depth1.RequiredDataSize was changed to 614400.
 4070167	[INFO]	XnProperty.cpp	101	Depth1.YRes was successfully set.
 4070185	[INFO]	XnProperty.cpp	74	Setting Depth1.XRes to 640...
 4070198	[INFO]	XnProperty.cpp	86	Depth1.XRes value did not change.
 4070246	[INFO]	XnProperty.cpp	74	Setting Depth1.Mirror to 1...
 4070264	[INFO]	XnProperty.cpp	151	Property Depth1.FirmwareMirror was changed to 1.
 4070318	[INFO]	XnProperty.cpp	151	Property Depth1.Mirror was changed to 1.
 4070337	[INFO]	XnProperty.cpp	101	Depth1.Mirror was successfully set.
 6158322	[INFO]	XnOpenNI.cpp	1261	Creating node 'User1' of type User...
 6185204	[WARNING]	Linux-x86Threads.cpp	173	Failed to set thread priority: Invalid argument
 6185246	[WARNING]	XnUSBLinux-x86.cpp	126	USB events thread: Failed to set thread priority to critical. This might cause loss of data...
 6186023	[INFO]	XnUSBLinux-x86.cpp	1222	USB read thread was started.
 6186049	[INFO]	XnProperty.cpp	151	Property Depth1.ActualReadData was changed to 1.
 6656357	[INFO]	XnProperty.cpp	151	Property Depth1.State was changed to 1.
 6656402	[INFO]	XnDeviceBase.cpp	370	Stream Depth1 is open.
 8606861	[INFO]	XnOpenNI.cpp	1261	Creating node 'Image1' of type Image...
 8606908	[INFO]	XnDeviceBase.cpp	1383	Creating stream 'Image1' of type 'Image'...
 8607144	[INFO]	XnProperty.cpp	151	Property Image1.Resolution was changed to 0.
 8607171	[INFO]	XnProperty.cpp	151	Property Image1.XRes was changed to 320.
 8607191	[INFO]	XnProperty.cpp	151	Property Image1.YRes was changed to 240.
 8607208	[INFO]	XnProperty.cpp	151	Property Image1.FPS was changed to 30.
 8607223	[INFO]	XnProperty.cpp	151	Property Image1.OutputFormat was changed to 5.
 8607242	[INFO]	XnProperty.cpp	151	Property Image1.BytesPerPixel was changed to 3.
 8607267	[INFO]	XnProperty.cpp	151	Property Image1.RequiredDataSize was changed to 230400.
 8607309	[INFO]	XnDeviceBase.cpp	1458	Stream 'Image1' was initialized.
 8607331	[INFO]	XnDeviceBase.cpp	1463	'Image1' stream was created.
 8607469	[INFO]	XnProperty.cpp	74	Setting Image1.InputFormat to 6...
 8607499	[INFO]	XnProperty.cpp	151	Property Image1.InputFormat was changed to 6.
 8607519	[INFO]	XnProperty.cpp	101	Image1.InputFormat was successfully set.
 8608134	[INFO]	XnDeviceModule.cpp	431	Module 'Image1' configuration was loaded from file.
 8608265	[INFO]	XnProperty.cpp	74	Setting Image1.FPS to 30...
 8608290	[INFO]	XnProperty.cpp	86	Image1.FPS value did not change.
 8608310	[INFO]	XnProperty.cpp	74	Setting Image1.YRes to 480...
 8608328	[INFO]	XnProperty.cpp	151	Property Image1.Resolution was changed to 1.
 8608346	[INFO]	XnProperty.cpp	151	Property Image1.XRes was changed to 640.
 8608364	[INFO]	XnProperty.cpp	151	Property Image1.RequiredDataSize was changed to 460800.
 8608384	[INFO]	XnProperty.cpp	151	Property Image1.YRes was changed to 480.
 8608403	[INFO]	XnProperty.cpp	151	Property Image1.RequiredDataSize was changed to 921600.
 8608422	[INFO]	XnProperty.cpp	101	Image1.YRes was successfully set.
 8608440	[INFO]	XnProperty.cpp	74	Setting Image1.XRes to 640...
 8608456	[INFO]	XnProperty.cpp	86	Image1.XRes value did not change.
 8609542	[INFO]	XnUSBLinux-x86.cpp	1222	USB read thread was started.
 8609592	[INFO]	XnProperty.cpp	151	Property Image1.ActualReadData was changed to 1.
 8690183	[WARNING]	XnDepthProcessor.cpp	133	Read: Depth buffer is corrupt. Size is 592272 (!= 614400)
 8690226	[WARNING]	XnFrameStreamProcessor.cpp	132	Depth frame is corrupt!
 8790251	[WARNING]	XnDepthProcessor.cpp	133	Read: Depth buffer is corrupt. Size is 536608 (!= 614400)
 8790296	[WARNING]	XnFrameStreamProcessor.cpp	132	Depth frame is corrupt!
 8822273	[WARNING]	XnDepthProcessor.cpp	133	Read: Depth buffer is corrupt. Size is 592080 (!= 614400)
 8822317	[WARNING]	XnFrameStreamProcessor.cpp	132	Depth frame is corrupt!
11809930	[INFO]	XnProperty.cpp	151	Property Image1.State was changed to 1.
11809969	[INFO]	XnDeviceBase.cpp	370	Stream Image1 is open.
11810210	[INFO]	XnProperty.cpp	74	Setting Depth1.Registration to 1...
11826299	[WARNING]	XnDepthProcessor.cpp	133	Read: Depth buffer is corrupt. Size is 572800 (!= 614400)
11826344	[WARNING]	XnFrameStreamProcessor.cpp	132	Depth frame is corrupt!
11962124	[INFO]	XnProperty.cpp	151	Property Depth1.Registration was changed to 1.
11962176	[INFO]	XnProperty.cpp	101	Depth1.Registration was successfully set.
11962235	[INFO]	XnProperty.cpp	74	Setting Image1.Mirror to 1...
11974504	[INFO]	XnProperty.cpp	151	Property Image1.FirmwareMirror was changed to 1.
11974581	[INFO]	XnProperty.cpp	151	Property Image1.Mirror was changed to 1.
11974594	[INFO]	XnProperty.cpp	101	Image1.Mirror was successfully set.
