   39278	[INFO]	XnLog.cpp	165	OpenNI version is 1.0.0 (Build 25)-MacOSX (Jan  7 2011 14:20:18)
   39326	[INFO]	XnLog.cpp	173	Log system initialized. Console: 1, File: 1, Severity: INFO, Masks: ALL
   39360	[INFO]	XnLog.cpp	173	Log system initialized. Console: 1, File: 1, Severity: INFO, Masks: ALL
   40612	[INFO]	XnUSBLinux-x86.cpp	98	USB is initialized.
 4258838	[INFO]	XnOpenNI.cpp	1261	Creating node 'Device1' of type Device...
 4292460	[INFO]	XnDeviceModule.cpp	431	Module 'Device' configuration was loaded from file.
 4958926	[INFO]	XnDeviceSensorIO.cpp	135	Connected to USB device
 4958979	[INFO]	XnProperty.cpp	151	Property Device.USBPath was changed to 045e/02ae@250/10.
 4965698	[INFO]	XnHostProtocol.cpp	825	Hardware versions: FW=5.1.4 (7) HW=4 Chip=2 Sensor=4 SYS=7
 6378039	[INFO]	XnProperty.cpp	151	Property Device.ID was changed to 0.
 6378105	[INFO]	XnSensor.cpp	182	Device sensor initialized
 6378189	[INFO]	XnOpenNI.cpp	1261	Creating node 'Depth1' of type Depth...
 6378230	[INFO]	XnDeviceBase.cpp	1383	Creating stream 'Depth1' of type 'Depth'...
 6378247	[INFO]	XnProperty.cpp	74	Setting Device.ReadData to 1...
 6378278	[INFO]	XnDeviceSensorIO.cpp	298	Endpoints open
 6390802	[INFO]	XnProperty.cpp	151	Property Device.ReadData was changed to 1.
 6390842	[INFO]	XnProperty.cpp	101	Device.ReadData was successfully set.
 6391221	[INFO]	XnProperty.cpp	151	Property Depth1.Resolution was changed to 0.
 6391247	[INFO]	XnProperty.cpp	151	Property Depth1.XRes was changed to 320.
 6391269	[INFO]	XnProperty.cpp	151	Property Depth1.YRes was changed to 240.
 6391288	[INFO]	XnProperty.cpp	151	Property Depth1.FPS was changed to 30.
 6391305	[INFO]	XnProperty.cpp	151	Property Depth1.OutputFormat was changed to 1.
 6391323	[INFO]	XnProperty.cpp	151	Property Depth1.BytesPerPixel was changed to 2.
 6391340	[INFO]	XnProperty.cpp	151	Property Depth1.RequiredDataSize was changed to 153600.
 6391365	[INFO]	XnProperty.cpp	151	Property Depth1.ParamCoeff was changed to 4.
 6391438	[INFO]	XnProperty.cpp	151	Property Depth1.ShiftScale was changed to 10.
 6403714	[INFO]	XnProperty.cpp	151	Property Depth1.ConstShift was changed to 200.
 6403846	[INFO]	XnProperty.cpp	151	Property Depth1.ZPD was changed to 120.
 6403966	[INFO]	XnProperty.cpp	151	Property Depth1.ZPPS was changed to 0.104200.
 6403994	[INFO]	XnProperty.cpp	151	Property Depth1.LDDIS was changed to 7.500000.
 6404112	[INFO]	XnProperty.cpp	151	Property Depth1.Gain was changed to 30.
 6404156	[INFO]	XnDeviceBase.cpp	1458	Stream 'Depth1' was initialized.
 6404180	[INFO]	XnDeviceBase.cpp	1463	'Depth1' stream was created.
 6404396	[INFO]	XnProperty.cpp	74	Setting Depth1.InputFormat to 3...
 6404426	[INFO]	XnProperty.cpp	151	Property Depth1.InputFormat was changed to 3.
 6404447	[INFO]	XnProperty.cpp	101	Depth1.InputFormat was successfully set.
 6405136	[INFO]	XnProperty.cpp	74	Setting Depth1.RegistrationType to 2...
 6405169	[INFO]	XnProperty.cpp	151	Property Depth1.RegistrationType was changed to 2.
 6405189	[INFO]	XnProperty.cpp	101	Depth1.RegistrationType was successfully set.
 6405900	[INFO]	XnDeviceModule.cpp	431	Module 'Depth1' configuration was loaded from file.
 6406156	[INFO]	XnProperty.cpp	74	Setting Depth1.FPS to 30...
 6406182	[INFO]	XnProperty.cpp	86	Depth1.FPS value did not change.
 6406201	[INFO]	XnProperty.cpp	74	Setting Depth1.YRes to 480...
 6406224	[INFO]	XnProperty.cpp	151	Property Depth1.Resolution was changed to 1.
 6406249	[INFO]	XnProperty.cpp	151	Property Depth1.XRes was changed to 640.
 6406270	[INFO]	XnProperty.cpp	151	Property Depth1.RequiredDataSize was changed to 307200.
 6406294	[INFO]	XnProperty.cpp	151	Property Depth1.YRes was changed to 480.
 6406313	[INFO]	XnProperty.cpp	151	Property Depth1.RequiredDataSize was changed to 614400.
 6406333	[INFO]	XnProperty.cpp	101	Depth1.YRes was successfully set.
 6406354	[INFO]	XnProperty.cpp	74	Setting Depth1.XRes to 640...
 6406369	[INFO]	XnProperty.cpp	86	Depth1.XRes value did not change.
 6406429	[INFO]	XnProperty.cpp	74	Setting Depth1.Mirror to 1...
 6406453	[INFO]	XnProperty.cpp	151	Property Depth1.FirmwareMirror was changed to 1.
 6406512	[INFO]	XnProperty.cpp	151	Property Depth1.Mirror was changed to 1.
 6406533	[INFO]	XnProperty.cpp	101	Depth1.Mirror was successfully set.
11619719	[INFO]	XnOpenNI.cpp	1261	Creating node 'User1' of type User...
11782319	[WARNING]	Linux-x86Threads.cpp	173	Failed to set thread priority: Invalid argument
11782361	[WARNING]	XnUSBLinux-x86.cpp	126	USB events thread: Failed to set thread priority to critical. This might cause loss of data...
11783162	[INFO]	XnUSBLinux-x86.cpp	1222	USB read thread was started.
11783199	[INFO]	XnProperty.cpp	151	Property Depth1.ActualReadData was changed to 1.
12254317	[INFO]	XnProperty.cpp	151	Property Depth1.State was changed to 1.
12254361	[INFO]	XnDeviceBase.cpp	370	Stream Depth1 is open.
17392967	[INFO]	XnOpenNI.cpp	1261	Creating node 'Image1' of type Image...
17393018	[INFO]	XnDeviceBase.cpp	1383	Creating stream 'Image1' of type 'Image'...
17393253	[INFO]	XnProperty.cpp	151	Property Image1.Resolution was changed to 0.
17393281	[INFO]	XnProperty.cpp	151	Property Image1.XRes was changed to 320.
17393313	[INFO]	XnProperty.cpp	151	Property Image1.YRes was changed to 240.
17393332	[INFO]	XnProperty.cpp	151	Property Image1.FPS was changed to 30.
17393349	[INFO]	XnProperty.cpp	151	Property Image1.OutputFormat was changed to 5.
17393368	[INFO]	XnProperty.cpp	151	Property Image1.BytesPerPixel was changed to 3.
17393387	[INFO]	XnProperty.cpp	151	Property Image1.RequiredDataSize was changed to 230400.
17393427	[INFO]	XnDeviceBase.cpp	1458	Stream 'Image1' was initialized.
17393449	[INFO]	XnDeviceBase.cpp	1463	'Image1' stream was created.
17393580	[INFO]	XnProperty.cpp	74	Setting Image1.InputFormat to 6...
17393610	[INFO]	XnProperty.cpp	151	Property Image1.InputFormat was changed to 6.
17393630	[INFO]	XnProperty.cpp	101	Image1.InputFormat was successfully set.
17394269	[INFO]	XnDeviceModule.cpp	431	Module 'Image1' configuration was loaded from file.
17394435	[INFO]	XnProperty.cpp	74	Setting Image1.FPS to 30...
17394462	[INFO]	XnProperty.cpp	86	Image1.FPS value did not change.
17394482	[INFO]	XnProperty.cpp	74	Setting Image1.YRes to 480...
17394503	[INFO]	XnProperty.cpp	151	Property Image1.Resolution was changed to 1.
17394523	[INFO]	XnProperty.cpp	151	Property Image1.XRes was changed to 640.
17394543	[INFO]	XnProperty.cpp	151	Property Image1.RequiredDataSize was changed to 460800.
17394564	[INFO]	XnProperty.cpp	151	Property Image1.YRes was changed to 480.
17394584	[INFO]	XnProperty.cpp	151	Property Image1.RequiredDataSize was changed to 921600.
17394607	[INFO]	XnProperty.cpp	101	Image1.YRes was successfully set.
17394627	[INFO]	XnProperty.cpp	74	Setting Image1.XRes to 640...
17394645	[INFO]	XnProperty.cpp	86	Image1.XRes value did not change.
17395702	[INFO]	XnUSBLinux-x86.cpp	1222	USB read thread was started.
17395744	[INFO]	XnProperty.cpp	151	Property Image1.ActualReadData was changed to 1.
17591479	[WARNING]	XnDepthProcessor.cpp	133	Read: Depth buffer is corrupt. Size is 537344 (!= 614400)
17591538	[WARNING]	XnFrameStreamProcessor.cpp	132	Depth frame is corrupt!
20491569	[WARNING]	XnDepthProcessor.cpp	133	Read: Depth buffer is corrupt. Size is 600896 (!= 614400)
20491619	[WARNING]	XnFrameStreamProcessor.cpp	132	Depth frame is corrupt!
20596915	[INFO]	XnProperty.cpp	151	Property Image1.State was changed to 1.
20596966	[INFO]	XnDeviceBase.cpp	370	Stream Image1 is open.
20597180	[INFO]	XnProperty.cpp	74	Setting Depth1.Registration to 1...
20627512	[WARNING]	XnDepthProcessor.cpp	133	Read: Depth buffer is corrupt. Size is 582944 (!= 614400)
20627577	[WARNING]	XnFrameStreamProcessor.cpp	132	Depth frame is corrupt!
20749822	[INFO]	XnProperty.cpp	151	Property Depth1.Registration was changed to 1.
20749867	[INFO]	XnProperty.cpp	101	Depth1.Registration was successfully set.
20749915	[INFO]	XnProperty.cpp	74	Setting Image1.Mirror to 1...
20762544	[INFO]	XnProperty.cpp	151	Property Image1.FirmwareMirror was changed to 1.
20762590	[INFO]	XnProperty.cpp	151	Property Image1.Mirror was changed to 1.
20762606	[INFO]	XnProperty.cpp	101	Image1.Mirror was successfully set.
130160343	[INFO]	XnOpenNI.cpp	1459	Destroying node 'User1'
130167743	[INFO]	XnOpenNI.cpp	1459	Destroying node 'Depth1'
130167834	[INFO]	XnDeviceBase.cpp	1507	Destroying stream 'Depth1'...
130168691	[INFO]	XnOpenNI.cpp	1459	Destroying node 'Image1'
130168731	[INFO]	XnDeviceBase.cpp	1507	Destroying stream 'Image1'...
130169336	[INFO]	XnOpenNI.cpp	1459	Destroying node 'Device1'
