    1635	[INFO]	XnLog.cpp	165	OpenNI version is 1.0.0 (Build 25)-MacOSX (Jan  7 2011 14:20:18)
    1679	[INFO]	XnLog.cpp	173	Log system initialized. Console: 1, File: 1, Severity: INFO, Masks: ALL
    1703	[INFO]	XnLog.cpp	173	Log system initialized. Console: 1, File: 1, Severity: INFO, Masks: ALL
    3041	[INFO]	XnUSBLinux-x86.cpp	98	USB is initialized.
 2345798	[INFO]	XnOpenNI.cpp	1261	Creating node 'Device1' of type Device...
 2346784	[INFO]	XnDeviceModule.cpp	431	Module 'Device' configuration was loaded from file.
 2604845	[INFO]	XnDeviceSensorIO.cpp	135	Connected to USB device
 2604900	[INFO]	XnProperty.cpp	151	Property Device.USBPath was changed to 045e/02ae@253/8.
 2612471	[INFO]	XnHostProtocol.cpp	825	Hardware versions: FW=5.1.4 (7) HW=4 Chip=2 Sensor=4 SYS=7
 4023879	[INFO]	XnProperty.cpp	151	Property Device.ID was changed to 0.
 4023973	[INFO]	XnSensor.cpp	182	Device sensor initialized
 4024142	[INFO]	XnOpenNI.cpp	1261	Creating node 'Depth1' of type Depth...
 4024212	[INFO]	XnDeviceBase.cpp	1383	Creating stream 'Depth1' of type 'Depth'...
 4024244	[INFO]	XnProperty.cpp	74	Setting Device.ReadData to 1...
 4024300	[INFO]	XnDeviceSensorIO.cpp	298	Endpoints open
 4036985	[INFO]	XnProperty.cpp	151	Property Device.ReadData was changed to 1.
 4037053	[INFO]	XnProperty.cpp	101	Device.ReadData was successfully set.
 4037798	[INFO]	XnProperty.cpp	151	Property Depth1.Resolution was changed to 0.
 4037842	[INFO]	XnProperty.cpp	151	Property Depth1.XRes was changed to 320.
 4037877	[INFO]	XnProperty.cpp	151	Property Depth1.YRes was changed to 240.
 4037910	[INFO]	XnProperty.cpp	151	Property Depth1.FPS was changed to 30.
 4037940	[INFO]	XnProperty.cpp	151	Property Depth1.OutputFormat was changed to 1.
 4037973	[INFO]	XnProperty.cpp	151	Property Depth1.BytesPerPixel was changed to 2.
 4038005	[INFO]	XnProperty.cpp	151	Property Depth1.RequiredDataSize was changed to 153600.
 4038045	[INFO]	XnProperty.cpp	151	Property Depth1.ParamCoeff was changed to 4.
 4038190	[INFO]	XnProperty.cpp	151	Property Depth1.ShiftScale was changed to 10.
 4050873	[INFO]	XnProperty.cpp	151	Property Depth1.ConstShift was changed to 200.
 4051010	[INFO]	XnProperty.cpp	151	Property Depth1.ZPD was changed to 120.
 4051148	[INFO]	XnProperty.cpp	151	Property Depth1.ZPPS was changed to 0.104200.
 4051174	[INFO]	XnProperty.cpp	151	Property Depth1.LDDIS was changed to 7.500000.
 4051309	[INFO]	XnProperty.cpp	151	Property Depth1.Gain was changed to 30.
 4051368	[INFO]	XnDeviceBase.cpp	1458	Stream 'Depth1' was initialized.
 4051399	[INFO]	XnDeviceBase.cpp	1463	'Depth1' stream was created.
 4051613	[INFO]	XnProperty.cpp	74	Setting Depth1.InputFormat to 3...
 4051642	[INFO]	XnProperty.cpp	151	Property Depth1.InputFormat was changed to 3.
 4051660	[INFO]	XnProperty.cpp	101	Depth1.InputFormat was successfully set.
 4052249	[INFO]	XnProperty.cpp	74	Setting Depth1.RegistrationType to 2...
 4052270	[INFO]	XnProperty.cpp	151	Property Depth1.RegistrationType was changed to 2.
 4052284	[INFO]	XnProperty.cpp	101	Depth1.RegistrationType was successfully set.
 4052920	[INFO]	XnDeviceModule.cpp	431	Module 'Depth1' configuration was loaded from file.
 4053110	[INFO]	XnProperty.cpp	74	Setting Depth1.FPS to 30...
 4053134	[INFO]	XnProperty.cpp	86	Depth1.FPS value did not change.
 4053158	[INFO]	XnProperty.cpp	74	Setting Depth1.YRes to 480...
 4053185	[INFO]	XnProperty.cpp	151	Property Depth1.Resolution was changed to 1.
 4053210	[INFO]	XnProperty.cpp	151	Property Depth1.XRes was changed to 640.
 4053235	[INFO]	XnProperty.cpp	151	Property Depth1.RequiredDataSize was changed to 307200.
 4053263	[INFO]	XnProperty.cpp	151	Property Depth1.YRes was changed to 480.
 4053286	[INFO]	XnProperty.cpp	151	Property Depth1.RequiredDataSize was changed to 614400.
 4053310	[INFO]	XnProperty.cpp	101	Depth1.YRes was successfully set.
 4053335	[INFO]	XnProperty.cpp	74	Setting Depth1.XRes to 640...
 4053357	[INFO]	XnProperty.cpp	86	Depth1.XRes value did not change.
 4053424	[INFO]	XnProperty.cpp	74	Setting Depth1.Mirror to 1...
 4053448	[INFO]	XnProperty.cpp	151	Property Depth1.FirmwareMirror was changed to 1.
 4053508	[INFO]	XnProperty.cpp	151	Property Depth1.Mirror was changed to 1.
 4053531	[INFO]	XnProperty.cpp	101	Depth1.Mirror was successfully set.
 6043061	[INFO]	XnOpenNI.cpp	1261	Creating node 'User1' of type User...
 6067739	[WARNING]	Linux-x86Threads.cpp	173	Failed to set thread priority: Invalid argument
 6067785	[WARNING]	XnUSBLinux-x86.cpp	126	USB events thread: Failed to set thread priority to critical. This might cause loss of data...
 6068583	[INFO]	XnUSBLinux-x86.cpp	1222	USB read thread was started.
 6068613	[INFO]	XnProperty.cpp	151	Property Depth1.ActualReadData was changed to 1.
 6539027	[INFO]	XnProperty.cpp	151	Property Depth1.State was changed to 1.
 6539066	[INFO]	XnDeviceBase.cpp	370	Stream Depth1 is open.
 8498619	[INFO]	XnOpenNI.cpp	1261	Creating node 'Image1' of type Image...
 8498669	[INFO]	XnDeviceBase.cpp	1383	Creating stream 'Image1' of type 'Image'...
 8498844	[INFO]	XnProperty.cpp	151	Property Image1.Resolution was changed to 0.
 8498862	[INFO]	XnProperty.cpp	151	Property Image1.XRes was changed to 320.
 8498875	[INFO]	XnProperty.cpp	151	Property Image1.YRes was changed to 240.
 8498888	[INFO]	XnProperty.cpp	151	Property Image1.FPS was changed to 30.
 8498899	[INFO]	XnProperty.cpp	151	Property Image1.OutputFormat was changed to 5.
 8498910	[INFO]	XnProperty.cpp	151	Property Image1.BytesPerPixel was changed to 3.
 8498921	[INFO]	XnProperty.cpp	151	Property Image1.RequiredDataSize was changed to 230400.
 8498948	[INFO]	XnDeviceBase.cpp	1458	Stream 'Image1' was initialized.
 8498962	[INFO]	XnDeviceBase.cpp	1463	'Image1' stream was created.
 8499067	[INFO]	XnProperty.cpp	74	Setting Image1.InputFormat to 6...
 8499087	[INFO]	XnProperty.cpp	151	Property Image1.InputFormat was changed to 6.
 8499100	[INFO]	XnProperty.cpp	101	Image1.InputFormat was successfully set.
 8499516	[INFO]	XnDeviceModule.cpp	431	Module 'Image1' configuration was loaded from file.
 8499595	[INFO]	XnProperty.cpp	74	Setting Image1.FPS to 30...
 8499610	[INFO]	XnProperty.cpp	86	Image1.FPS value did not change.
 8499621	[INFO]	XnProperty.cpp	74	Setting Image1.YRes to 480...
 8499633	[INFO]	XnProperty.cpp	151	Property Image1.Resolution was changed to 1.
 8499645	[INFO]	XnProperty.cpp	151	Property Image1.XRes was changed to 640.
 8499656	[INFO]	XnProperty.cpp	151	Property Image1.RequiredDataSize was changed to 460800.
 8499669	[INFO]	XnProperty.cpp	151	Property Image1.YRes was changed to 480.
 8499681	[INFO]	XnProperty.cpp	151	Property Image1.RequiredDataSize was changed to 921600.
 8499693	[INFO]	XnProperty.cpp	101	Image1.YRes was successfully set.
 8499705	[INFO]	XnProperty.cpp	74	Setting Image1.XRes to 640...
 8499715	[INFO]	XnProperty.cpp	86	Image1.XRes value did not change.
 8500693	[INFO]	XnUSBLinux-x86.cpp	1222	USB read thread was started.
 8500738	[INFO]	XnProperty.cpp	151	Property Image1.ActualReadData was changed to 1.
 8572475	[WARNING]	XnDepthProcessor.cpp	133	Read: Depth buffer is corrupt. Size is 595872 (!= 614400)
 8572522	[WARNING]	XnFrameStreamProcessor.cpp	132	Depth frame is corrupt!
 8672483	[WARNING]	XnDepthProcessor.cpp	133	Read: Depth buffer is corrupt. Size is 569120 (!= 614400)
 8672529	[WARNING]	XnFrameStreamProcessor.cpp	132	Depth frame is corrupt!
 8704512	[WARNING]	XnDepthProcessor.cpp	133	Read: Depth buffer is corrupt. Size is 598064 (!= 614400)
 8704557	[WARNING]	XnFrameStreamProcessor.cpp	132	Depth frame is corrupt!
11576509	[WARNING]	XnDepthProcessor.cpp	133	Read: Depth buffer is corrupt. Size is 586864 (!= 614400)
11576555	[WARNING]	XnFrameStreamProcessor.cpp	132	Depth frame is corrupt!
11608549	[WARNING]	XnDepthProcessor.cpp	133	Read: Depth buffer is corrupt. Size is 592432 (!= 614400)
11608604	[WARNING]	XnFrameStreamProcessor.cpp	132	Depth frame is corrupt!
11701460	[INFO]	XnProperty.cpp	151	Property Image1.State was changed to 1.
11701508	[INFO]	XnDeviceBase.cpp	370	Stream Image1 is open.
11701708	[INFO]	XnProperty.cpp	74	Setting Depth1.Registration to 1...
11740570	[WARNING]	XnDepthProcessor.cpp	133	Read: Depth buffer is corrupt. Size is 590096 (!= 614400)
11740618	[WARNING]	XnFrameStreamProcessor.cpp	132	Depth frame is corrupt!
11854101	[INFO]	XnProperty.cpp	151	Property Depth1.Registration was changed to 1.
11854144	[INFO]	XnProperty.cpp	101	Depth1.Registration was successfully set.
11854191	[INFO]	XnProperty.cpp	74	Setting Image1.Mirror to 1...
11866709	[INFO]	XnProperty.cpp	151	Property Image1.FirmwareMirror was changed to 1.
11866759	[INFO]	XnProperty.cpp	151	Property Image1.Mirror was changed to 1.
11866776	[INFO]	XnProperty.cpp	101	Image1.Mirror was successfully set.
2333237694	[INFO]	XnOpenNI.cpp	1459	Destroying node 'User1'
2333245138	[INFO]	XnOpenNI.cpp	1459	Destroying node 'Depth1'
2333245230	[INFO]	XnDeviceBase.cpp	1507	Destroying stream 'Depth1'...
2333246315	[INFO]	XnOpenNI.cpp	1459	Destroying node 'Image1'
2333246350	[INFO]	XnDeviceBase.cpp	1507	Destroying stream 'Image1'...
2333248464	[INFO]	XnOpenNI.cpp	1459	Destroying node 'Device1'
