    1419	[INFO]	XnLog.cpp	165	OpenNI version is 1.0.0 (Build 25)-MacOSX (Jan  7 2011 14:20:18)
    1464	[INFO]	XnLog.cpp	173	Log system initialized. Console: 1, File: 1, Severity: INFO, Masks: ALL
    1487	[INFO]	XnLog.cpp	173	Log system initialized. Console: 1, File: 1, Severity: INFO, Masks: ALL
    3109	[INFO]	XnUSBLinux-x86.cpp	98	USB is initialized.
37561306	[INFO]	XnOpenNI.cpp	1261	Creating node 'Device1' of type Device...
37562081	[INFO]	XnDeviceModule.cpp	431	Module 'Device' configuration was loaded from file.
43013930	[INFO]	XnDeviceSensorIO.cpp	135	Connected to USB device
43013986	[INFO]	XnProperty.cpp	151	Property Device.USBPath was changed to 045e/02ae@253/8.
43021053	[INFO]	XnHostProtocol.cpp	825	Hardware versions: FW=5.1.4 (7) HW=4 Chip=2 Sensor=4 SYS=7
44418706	[INFO]	XnProperty.cpp	151	Property Device.ID was changed to 0.
44418769	[INFO]	XnSensor.cpp	182	Device sensor initialized
44418855	[INFO]	XnOpenNI.cpp	1261	Creating node 'Depth1' of type Depth...
44418895	[INFO]	XnDeviceBase.cpp	1383	Creating stream 'Depth1' of type 'Depth'...
44418915	[INFO]	XnProperty.cpp	74	Setting Device.ReadData to 1...
44418957	[INFO]	XnDeviceSensorIO.cpp	298	Endpoints open
44430984	[INFO]	XnProperty.cpp	151	Property Device.ReadData was changed to 1.
44431035	[INFO]	XnProperty.cpp	101	Device.ReadData was successfully set.
44431458	[INFO]	XnProperty.cpp	151	Property Depth1.Resolution was changed to 0.
44431486	[INFO]	XnProperty.cpp	151	Property Depth1.XRes was changed to 320.
44431507	[INFO]	XnProperty.cpp	151	Property Depth1.YRes was changed to 240.
44431527	[INFO]	XnProperty.cpp	151	Property Depth1.FPS was changed to 30.
44431544	[INFO]	XnProperty.cpp	151	Property Depth1.OutputFormat was changed to 1.
44431563	[INFO]	XnProperty.cpp	151	Property Depth1.BytesPerPixel was changed to 2.
44431580	[INFO]	XnProperty.cpp	151	Property Depth1.RequiredDataSize was changed to 153600.
44431606	[INFO]	XnProperty.cpp	151	Property Depth1.ParamCoeff was changed to 4.
44431682	[INFO]	XnProperty.cpp	151	Property Depth1.ShiftScale was changed to 10.
44443977	[INFO]	XnProperty.cpp	151	Property Depth1.ConstShift was changed to 200.
44444089	[INFO]	XnProperty.cpp	151	Property Depth1.ZPD was changed to 120.
44444205	[INFO]	XnProperty.cpp	151	Property Depth1.ZPPS was changed to 0.104200.
44444232	[INFO]	XnProperty.cpp	151	Property Depth1.LDDIS was changed to 7.500000.
44444365	[INFO]	XnProperty.cpp	151	Property Depth1.Gain was changed to 30.
44444411	[INFO]	XnDeviceBase.cpp	1458	Stream 'Depth1' was initialized.
44444434	[INFO]	XnDeviceBase.cpp	1463	'Depth1' stream was created.
44444648	[INFO]	XnProperty.cpp	74	Setting Depth1.InputFormat to 3...
44444679	[INFO]	XnProperty.cpp	151	Property Depth1.InputFormat was changed to 3.
44444698	[INFO]	XnProperty.cpp	101	Depth1.InputFormat was successfully set.
44445289	[INFO]	XnProperty.cpp	74	Setting Depth1.RegistrationType to 2...
44445315	[INFO]	XnProperty.cpp	151	Property Depth1.RegistrationType was changed to 2.
44445332	[INFO]	XnProperty.cpp	101	Depth1.RegistrationType was successfully set.
44445820	[INFO]	XnDeviceModule.cpp	431	Module 'Depth1' configuration was loaded from file.
44446042	[INFO]	XnProperty.cpp	74	Setting Depth1.FPS to 30...
44446068	[INFO]	XnProperty.cpp	86	Depth1.FPS value did not change.
44446087	[INFO]	XnProperty.cpp	74	Setting Depth1.YRes to 480...
44446111	[INFO]	XnProperty.cpp	151	Property Depth1.Resolution was changed to 1.
44446131	[INFO]	XnProperty.cpp	151	Property Depth1.XRes was changed to 640.
44446151	[INFO]	XnProperty.cpp	151	Property Depth1.RequiredDataSize was changed to 307200.
44446172	[INFO]	XnProperty.cpp	151	Property Depth1.YRes was changed to 480.
44446189	[INFO]	XnProperty.cpp	151	Property Depth1.RequiredDataSize was changed to 614400.
44446208	[INFO]	XnProperty.cpp	101	Depth1.YRes was successfully set.
44446226	[INFO]	XnProperty.cpp	74	Setting Depth1.XRes to 640...
44446241	[INFO]	XnProperty.cpp	86	Depth1.XRes value did not change.
44446303	[INFO]	XnProperty.cpp	74	Setting Depth1.Mirror to 1...
44446322	[INFO]	XnProperty.cpp	151	Property Depth1.FirmwareMirror was changed to 1.
44446374	[INFO]	XnProperty.cpp	151	Property Depth1.Mirror was changed to 1.
44446387	[INFO]	XnProperty.cpp	101	Depth1.Mirror was successfully set.
81943450	[INFO]	XnOpenNI.cpp	1261	Creating node 'User1' of type User...
81970547	[WARNING]	Linux-x86Threads.cpp	173	Failed to set thread priority: Invalid argument
81970593	[WARNING]	XnUSBLinux-x86.cpp	126	USB events thread: Failed to set thread priority to critical. This might cause loss of data...
81971395	[INFO]	XnUSBLinux-x86.cpp	1222	USB read thread was started.
81971419	[INFO]	XnProperty.cpp	151	Property Depth1.ActualReadData was changed to 1.
82440529	[INFO]	XnProperty.cpp	151	Property Depth1.State was changed to 1.
82440586	[INFO]	XnDeviceBase.cpp	370	Stream Depth1 is open.
120944257	[INFO]	XnOpenNI.cpp	1261	Creating node 'Image1' of type Image...
120944313	[INFO]	XnDeviceBase.cpp	1383	Creating stream 'Image1' of type 'Image'...
120944556	[INFO]	XnProperty.cpp	151	Property Image1.Resolution was changed to 0.
120944585	[INFO]	XnProperty.cpp	151	Property Image1.XRes was changed to 320.
120944603	[INFO]	XnProperty.cpp	151	Property Image1.YRes was changed to 240.
120944620	[INFO]	XnProperty.cpp	151	Property Image1.FPS was changed to 30.
120944638	[INFO]	XnProperty.cpp	151	Property Image1.OutputFormat was changed to 5.
120944657	[INFO]	XnProperty.cpp	151	Property Image1.BytesPerPixel was changed to 3.
120944677	[INFO]	XnProperty.cpp	151	Property Image1.RequiredDataSize was changed to 230400.
120944717	[INFO]	XnDeviceBase.cpp	1458	Stream 'Image1' was initialized.
120944736	[INFO]	XnDeviceBase.cpp	1463	'Image1' stream was created.
120944853	[INFO]	XnProperty.cpp	74	Setting Image1.InputFormat to 6...
120944880	[INFO]	XnProperty.cpp	151	Property Image1.InputFormat was changed to 6.
120944898	[INFO]	XnProperty.cpp	101	Image1.InputFormat was successfully set.
120945395	[INFO]	XnDeviceModule.cpp	431	Module 'Image1' configuration was loaded from file.
120945503	[INFO]	XnProperty.cpp	74	Setting Image1.FPS to 30...
120945523	[INFO]	XnProperty.cpp	86	Image1.FPS value did not change.
120945542	[INFO]	XnProperty.cpp	74	Setting Image1.YRes to 480...
120945562	[INFO]	XnProperty.cpp	151	Property Image1.Resolution was changed to 1.
120945577	[INFO]	XnProperty.cpp	151	Property Image1.XRes was changed to 640.
120945590	[INFO]	XnProperty.cpp	151	Property Image1.RequiredDataSize was changed to 460800.
120945611	[INFO]	XnProperty.cpp	151	Property Image1.YRes was changed to 480.
120945629	[INFO]	XnProperty.cpp	151	Property Image1.RequiredDataSize was changed to 921600.
120945647	[INFO]	XnProperty.cpp	101	Image1.YRes was successfully set.
120945665	[INFO]	XnProperty.cpp	74	Setting Image1.XRes to 640...
120945679	[INFO]	XnProperty.cpp	86	Image1.XRes value did not change.
120946629	[INFO]	XnUSBLinux-x86.cpp	1222	USB read thread was started.
120946665	[INFO]	XnProperty.cpp	151	Property Image1.ActualReadData was changed to 1.
121107260	[WARNING]	XnFirmwareStreams.cpp	324	Unknown packet type (0x4848)!!!
121147268	[WARNING]	XnDepthProcessor.cpp	133	Read: Depth buffer is corrupt. Size is 576864 (!= 614400)
121147309	[WARNING]	XnFrameStreamProcessor.cpp	132	Depth frame is corrupt!
124047388	[WARNING]	XnDepthProcessor.cpp	133	Read: Depth buffer is corrupt. Size is 591488 (!= 614400)
124047444	[WARNING]	XnFrameStreamProcessor.cpp	132	Depth frame is corrupt!
124148346	[INFO]	XnProperty.cpp	151	Property Image1.State was changed to 1.
124148400	[INFO]	XnDeviceBase.cpp	370	Stream Image1 is open.
124148611	[INFO]	XnProperty.cpp	74	Setting Depth1.Registration to 1...
124183307	[WARNING]	XnDepthProcessor.cpp	133	Read: Depth buffer is corrupt. Size is 555904 (!= 614400)
124183355	[WARNING]	XnFrameStreamProcessor.cpp	132	Depth frame is corrupt!
124301295	[INFO]	XnProperty.cpp	151	Property Depth1.Registration was changed to 1.
124301341	[INFO]	XnProperty.cpp	101	Depth1.Registration was successfully set.
124301394	[INFO]	XnProperty.cpp	74	Setting Image1.Mirror to 1...
124314169	[INFO]	XnProperty.cpp	151	Property Image1.FirmwareMirror was changed to 1.
124314220	[INFO]	XnProperty.cpp	151	Property Image1.Mirror was changed to 1.
124314269	[INFO]	XnProperty.cpp	101	Image1.Mirror was successfully set.
135147383	[INFO]	XnOpenNI.cpp	1459	Destroying node 'User1'
135156094	[INFO]	XnOpenNI.cpp	1459	Destroying node 'Depth1'
135156186	[INFO]	XnDeviceBase.cpp	1507	Destroying stream 'Depth1'...
135157511	[INFO]	XnOpenNI.cpp	1459	Destroying node 'Image1'
135157570	[INFO]	XnDeviceBase.cpp	1507	Destroying stream 'Image1'...
135158739	[INFO]	XnOpenNI.cpp	1459	Destroying node 'Device1'
