    1454	[INFO]	XnLog.cpp	165	OpenNI version is 1.0.0 (Build 25)-MacOSX (Jan  7 2011 14:20:18)
    1487	[INFO]	XnLog.cpp	173	Log system initialized. Console: 1, File: 1, Severity: INFO, Masks: ALL
    1510	[INFO]	XnLog.cpp	173	Log system initialized. Console: 1, File: 1, Severity: INFO, Masks: ALL
    2501	[INFO]	XnUSBLinux-x86.cpp	98	USB is initialized.
 2816980	[INFO]	XnOpenNI.cpp	1261	Creating node 'Device1' of type Device...
 2817847	[INFO]	XnDeviceModule.cpp	431	Module 'Device' configuration was loaded from file.
 3041060	[INFO]	XnDeviceSensorIO.cpp	135	Connected to USB device
 3041103	[INFO]	XnProperty.cpp	151	Property Device.USBPath was changed to 045e/02ae@250/10.
 3049240	[INFO]	XnHostProtocol.cpp	825	Hardware versions: FW=5.1.4 (7) HW=4 Chip=2 Sensor=4 SYS=7
 4457345	[INFO]	XnProperty.cpp	151	Property Device.ID was changed to 0.
 4457408	[INFO]	XnSensor.cpp	182	Device sensor initialized
 4457506	[INFO]	XnOpenNI.cpp	1261	Creating node 'Depth1' of type Depth...
 4457548	[INFO]	XnDeviceBase.cpp	1383	Creating stream 'Depth1' of type 'Depth'...
 4457566	[INFO]	XnProperty.cpp	74	Setting Device.ReadData to 1...
 4457595	[INFO]	XnDeviceSensorIO.cpp	298	Endpoints open
 4469916	[INFO]	XnProperty.cpp	151	Property Device.ReadData was changed to 1.
 4469956	[INFO]	XnProperty.cpp	101	Device.ReadData was successfully set.
 4470396	[INFO]	XnProperty.cpp	151	Property Depth1.Resolution was changed to 0.
 4470425	[INFO]	XnProperty.cpp	151	Property Depth1.XRes was changed to 320.
 4470444	[INFO]	XnProperty.cpp	151	Property Depth1.YRes was changed to 240.
 4470464	[INFO]	XnProperty.cpp	151	Property Depth1.FPS was changed to 30.
 4470483	[INFO]	XnProperty.cpp	151	Property Depth1.OutputFormat was changed to 1.
 4470502	[INFO]	XnProperty.cpp	151	Property Depth1.BytesPerPixel was changed to 2.
 4470527	[INFO]	XnProperty.cpp	151	Property Depth1.RequiredDataSize was changed to 153600.
 4470550	[INFO]	XnProperty.cpp	151	Property Depth1.ParamCoeff was changed to 4.
 4470627	[INFO]	XnProperty.cpp	151	Property Depth1.ShiftScale was changed to 10.
 4482969	[INFO]	XnProperty.cpp	151	Property Depth1.ConstShift was changed to 200.
 4483050	[INFO]	XnProperty.cpp	151	Property Depth1.ZPD was changed to 120.
 4483165	[INFO]	XnProperty.cpp	151	Property Depth1.ZPPS was changed to 0.104200.
 4483193	[INFO]	XnProperty.cpp	151	Property Depth1.LDDIS was changed to 7.500000.
 4483313	[INFO]	XnProperty.cpp	151	Property Depth1.Gain was changed to 30.
 4483356	[INFO]	XnDeviceBase.cpp	1458	Stream 'Depth1' was initialized.
 4483379	[INFO]	XnDeviceBase.cpp	1463	'Depth1' stream was created.
 4483597	[INFO]	XnProperty.cpp	74	Setting Depth1.InputFormat to 3...
 4483631	[INFO]	XnProperty.cpp	151	Property Depth1.InputFormat was changed to 3.
 4483663	[INFO]	XnProperty.cpp	101	Depth1.InputFormat was successfully set.
 4484364	[INFO]	XnProperty.cpp	74	Setting Depth1.RegistrationType to 2...
 4484395	[INFO]	XnProperty.cpp	151	Property Depth1.RegistrationType was changed to 2.
 4484417	[INFO]	XnProperty.cpp	101	Depth1.RegistrationType was successfully set.
 4485129	[INFO]	XnDeviceModule.cpp	431	Module 'Depth1' configuration was loaded from file.
 4485377	[INFO]	XnProperty.cpp	74	Setting Depth1.FPS to 30...
 4485402	[INFO]	XnProperty.cpp	86	Depth1.FPS value did not change.
 4485424	[INFO]	XnProperty.cpp	74	Setting Depth1.YRes to 480...
 4485448	[INFO]	XnProperty.cpp	151	Property Depth1.Resolution was changed to 1.
 4485472	[INFO]	XnProperty.cpp	151	Property Depth1.XRes was changed to 640.
 4485492	[INFO]	XnProperty.cpp	151	Property Depth1.RequiredDataSize was changed to 307200.
 4485517	[INFO]	XnProperty.cpp	151	Property Depth1.YRes was changed to 480.
 4485538	[INFO]	XnProperty.cpp	151	Property Depth1.RequiredDataSize was changed to 614400.
 4485560	[INFO]	XnProperty.cpp	101	Depth1.YRes was successfully set.
 4485581	[INFO]	XnProperty.cpp	74	Setting Depth1.XRes to 640...
 4485601	[INFO]	XnProperty.cpp	86	Depth1.XRes value did not change.
 4485675	[INFO]	XnProperty.cpp	74	Setting Depth1.Mirror to 1...
 4485703	[INFO]	XnProperty.cpp	151	Property Depth1.FirmwareMirror was changed to 1.
 4485768	[INFO]	XnProperty.cpp	151	Property Depth1.Mirror was changed to 1.
 4485789	[INFO]	XnProperty.cpp	101	Depth1.Mirror was successfully set.
 8488379	[INFO]	XnOpenNI.cpp	1261	Creating node 'User1' of type User...
 8511986	[WARNING]	Linux-x86Threads.cpp	173	Failed to set thread priority: Invalid argument
 8512030	[WARNING]	XnUSBLinux-x86.cpp	126	USB events thread: Failed to set thread priority to critical. This might cause loss of data...
 8512773	[INFO]	XnUSBLinux-x86.cpp	1222	USB read thread was started.
 8512797	[INFO]	XnProperty.cpp	151	Property Depth1.ActualReadData was changed to 1.
 8984596	[INFO]	XnProperty.cpp	151	Property Depth1.State was changed to 1.
 8984641	[INFO]	XnDeviceBase.cpp	370	Stream Depth1 is open.
14127244	[INFO]	XnOpenNI.cpp	1261	Creating node 'Image1' of type Image...
14127295	[INFO]	XnDeviceBase.cpp	1383	Creating stream 'Image1' of type 'Image'...
14127485	[INFO]	XnProperty.cpp	151	Property Image1.Resolution was changed to 0.
14127504	[INFO]	XnProperty.cpp	151	Property Image1.XRes was changed to 320.
14127517	[INFO]	XnProperty.cpp	151	Property Image1.YRes was changed to 240.
14127529	[INFO]	XnProperty.cpp	151	Property Image1.FPS was changed to 30.
14127540	[INFO]	XnProperty.cpp	151	Property Image1.OutputFormat was changed to 5.
14127553	[INFO]	XnProperty.cpp	151	Property Image1.BytesPerPixel was changed to 3.
14127565	[INFO]	XnProperty.cpp	151	Property Image1.RequiredDataSize was changed to 230400.
14127593	[INFO]	XnDeviceBase.cpp	1458	Stream 'Image1' was initialized.
14127606	[INFO]	XnDeviceBase.cpp	1463	'Image1' stream was created.
14127712	[INFO]	XnProperty.cpp	74	Setting Image1.InputFormat to 6...
14127733	[INFO]	XnProperty.cpp	151	Property Image1.InputFormat was changed to 6.
14127746	[INFO]	XnProperty.cpp	101	Image1.InputFormat was successfully set.
14128168	[INFO]	XnDeviceModule.cpp	431	Module 'Image1' configuration was loaded from file.
14128252	[INFO]	XnProperty.cpp	74	Setting Image1.FPS to 30...
14128268	[INFO]	XnProperty.cpp	86	Image1.FPS value did not change.
14128279	[INFO]	XnProperty.cpp	74	Setting Image1.YRes to 480...
14128291	[INFO]	XnProperty.cpp	151	Property Image1.Resolution was changed to 1.
14128303	[INFO]	XnProperty.cpp	151	Property Image1.XRes was changed to 640.
14128315	[INFO]	XnProperty.cpp	151	Property Image1.RequiredDataSize was changed to 460800.
14128328	[INFO]	XnProperty.cpp	151	Property Image1.YRes was changed to 480.
14128339	[INFO]	XnProperty.cpp	151	Property Image1.RequiredDataSize was changed to 921600.
14128352	[INFO]	XnProperty.cpp	101	Image1.YRes was successfully set.
14128364	[INFO]	XnProperty.cpp	74	Setting Image1.XRes to 640...
14128375	[INFO]	XnProperty.cpp	86	Image1.XRes value did not change.
14129351	[INFO]	XnUSBLinux-x86.cpp	1222	USB read thread was started.
14129396	[INFO]	XnProperty.cpp	151	Property Image1.ActualReadData was changed to 1.
14184978	[WARNING]	XnDepthProcessor.cpp	133	Read: Depth buffer is corrupt. Size is 602864 (!= 614400)
14185021	[WARNING]	XnFrameStreamProcessor.cpp	132	Depth frame is corrupt!
14320935	[WARNING]	XnDepthProcessor.cpp	133	Read: Depth buffer is corrupt. Size is 559760 (!= 614400)
14320982	[WARNING]	XnFrameStreamProcessor.cpp	132	Depth frame is corrupt!
17329933	[INFO]	XnProperty.cpp	151	Property Image1.State was changed to 1.
17329976	[INFO]	XnDeviceBase.cpp	370	Stream Image1 is open.
17330174	[INFO]	XnProperty.cpp	74	Setting Depth1.Registration to 1...
17357000	[WARNING]	XnDepthProcessor.cpp	133	Read: Depth buffer is corrupt. Size is 592352 (!= 614400)
17357048	[WARNING]	XnFrameStreamProcessor.cpp	132	Depth frame is corrupt!
17482018	[INFO]	XnProperty.cpp	151	Property Depth1.Registration was changed to 1.
17482063	[INFO]	XnProperty.cpp	101	Depth1.Registration was successfully set.
17482110	[INFO]	XnProperty.cpp	74	Setting Image1.Mirror to 1...
17495197	[INFO]	XnProperty.cpp	151	Property Image1.FirmwareMirror was changed to 1.
17495242	[INFO]	XnProperty.cpp	151	Property Image1.Mirror was changed to 1.
17495254	[INFO]	XnProperty.cpp	101	Image1.Mirror was successfully set.
78229258	[INFO]	XnOpenNI.cpp	1459	Destroying node 'User1'
78238905	[INFO]	XnOpenNI.cpp	1459	Destroying node 'Depth1'
78239009	[INFO]	XnDeviceBase.cpp	1507	Destroying stream 'Depth1'...
78240661	[INFO]	XnOpenNI.cpp	1459	Destroying node 'Image1'
78240746	[INFO]	XnDeviceBase.cpp	1507	Destroying stream 'Image1'...
78241686	[INFO]	XnOpenNI.cpp	1459	Destroying node 'Device1'
