    1514	[INFO]	XnLog.cpp	165	OpenNI version is 1.0.0 (Build 25)-MacOSX (Jan  7 2011 14:20:18)
    1557	[INFO]	XnLog.cpp	173	Log system initialized. Console: 1, File: 1, Severity: INFO, Masks: ALL
    1581	[INFO]	XnLog.cpp	173	Log system initialized. Console: 1, File: 1, Severity: INFO, Masks: ALL
    2900	[INFO]	XnUSBLinux-x86.cpp	98	USB is initialized.
 2953015	[INFO]	XnOpenNI.cpp	1261	Creating node 'Device1' of type Device...
 2954338	[INFO]	XnDeviceModule.cpp	431	Module 'Device' configuration was loaded from file.
 3321414	[INFO]	XnDeviceSensorIO.cpp	135	Connected to USB device
 3321463	[INFO]	XnProperty.cpp	151	Property Device.USBPath was changed to 045e/02ae@253/8.
 3328543	[INFO]	XnHostProtocol.cpp	825	Hardware versions: FW=5.1.4 (7) HW=4 Chip=2 Sensor=4 SYS=7
 4739094	[INFO]	XnProperty.cpp	151	Property Device.ID was changed to 0.
 4739165	[INFO]	XnSensor.cpp	182	Device sensor initialized
 4739263	[INFO]	XnOpenNI.cpp	1261	Creating node 'Depth1' of type Depth...
 4739314	[INFO]	XnDeviceBase.cpp	1383	Creating stream 'Depth1' of type 'Depth'...
 4739337	[INFO]	XnProperty.cpp	74	Setting Device.ReadData to 1...
 4739378	[INFO]	XnDeviceSensorIO.cpp	298	Endpoints open
 4751610	[INFO]	XnProperty.cpp	151	Property Device.ReadData was changed to 1.
 4751656	[INFO]	XnProperty.cpp	101	Device.ReadData was successfully set.
 4752075	[INFO]	XnProperty.cpp	151	Property Depth1.Resolution was changed to 0.
 4752097	[INFO]	XnProperty.cpp	151	Property Depth1.XRes was changed to 320.
 4752111	[INFO]	XnProperty.cpp	151	Property Depth1.YRes was changed to 240.
 4752122	[INFO]	XnProperty.cpp	151	Property Depth1.FPS was changed to 30.
 4752134	[INFO]	XnProperty.cpp	151	Property Depth1.OutputFormat was changed to 1.
 4752145	[INFO]	XnProperty.cpp	151	Property Depth1.BytesPerPixel was changed to 2.
 4752158	[INFO]	XnProperty.cpp	151	Property Depth1.RequiredDataSize was changed to 153600.
 4752174	[INFO]	XnProperty.cpp	151	Property Depth1.ParamCoeff was changed to 4.
 4752234	[INFO]	XnProperty.cpp	151	Property Depth1.ShiftScale was changed to 10.
 4764653	[INFO]	XnProperty.cpp	151	Property Depth1.ConstShift was changed to 200.
 4764738	[INFO]	XnProperty.cpp	151	Property Depth1.ZPD was changed to 120.
 4764850	[INFO]	XnProperty.cpp	151	Property Depth1.ZPPS was changed to 0.104200.
 4764881	[INFO]	XnProperty.cpp	151	Property Depth1.LDDIS was changed to 7.500000.
 4765006	[INFO]	XnProperty.cpp	151	Property Depth1.Gain was changed to 30.
 4765049	[INFO]	XnDeviceBase.cpp	1458	Stream 'Depth1' was initialized.
 4765072	[INFO]	XnDeviceBase.cpp	1463	'Depth1' stream was created.
 4765279	[INFO]	XnProperty.cpp	74	Setting Depth1.InputFormat to 3...
 4765310	[INFO]	XnProperty.cpp	151	Property Depth1.InputFormat was changed to 3.
 4765330	[INFO]	XnProperty.cpp	101	Depth1.InputFormat was successfully set.
 4766013	[INFO]	XnProperty.cpp	74	Setting Depth1.RegistrationType to 2...
 4766045	[INFO]	XnProperty.cpp	151	Property Depth1.RegistrationType was changed to 2.
 4766063	[INFO]	XnProperty.cpp	101	Depth1.RegistrationType was successfully set.
 4766536	[INFO]	XnDeviceModule.cpp	431	Module 'Depth1' configuration was loaded from file.
 4766727	[INFO]	XnProperty.cpp	74	Setting Depth1.FPS to 30...
 4766745	[INFO]	XnProperty.cpp	86	Depth1.FPS value did not change.
 4766756	[INFO]	XnProperty.cpp	74	Setting Depth1.YRes to 480...
 4766771	[INFO]	XnProperty.cpp	151	Property Depth1.Resolution was changed to 1.
 4766783	[INFO]	XnProperty.cpp	151	Property Depth1.XRes was changed to 640.
 4766795	[INFO]	XnProperty.cpp	151	Property Depth1.RequiredDataSize was changed to 307200.
 4766809	[INFO]	XnProperty.cpp	151	Property Depth1.YRes was changed to 480.
 4766821	[INFO]	XnProperty.cpp	151	Property Depth1.RequiredDataSize was changed to 614400.
 4766834	[INFO]	XnProperty.cpp	101	Depth1.YRes was successfully set.
 4766847	[INFO]	XnProperty.cpp	74	Setting Depth1.XRes to 640...
 4766858	[INFO]	XnProperty.cpp	86	Depth1.XRes value did not change.
 4766902	[INFO]	XnProperty.cpp	74	Setting Depth1.Mirror to 1...
 4766917	[INFO]	XnProperty.cpp	151	Property Depth1.FirmwareMirror was changed to 1.
 4766959	[INFO]	XnProperty.cpp	151	Property Depth1.Mirror was changed to 1.
 4766971	[INFO]	XnProperty.cpp	101	Depth1.Mirror was successfully set.
 6761448	[INFO]	XnOpenNI.cpp	1261	Creating node 'User1' of type User...
 6784831	[WARNING]	Linux-x86Threads.cpp	173	Failed to set thread priority: Invalid argument
 6784876	[WARNING]	XnUSBLinux-x86.cpp	126	USB events thread: Failed to set thread priority to critical. This might cause loss of data...
 6785633	[INFO]	XnUSBLinux-x86.cpp	1222	USB read thread was started.
 6785659	[INFO]	XnProperty.cpp	151	Property Depth1.ActualReadData was changed to 1.
 7256097	[INFO]	XnProperty.cpp	151	Property Depth1.State was changed to 1.
 7256141	[INFO]	XnDeviceBase.cpp	370	Stream Depth1 is open.
 9235986	[INFO]	XnOpenNI.cpp	1261	Creating node 'Image1' of type Image...
 9236037	[INFO]	XnDeviceBase.cpp	1383	Creating stream 'Image1' of type 'Image'...
 9236268	[INFO]	XnProperty.cpp	151	Property Image1.Resolution was changed to 0.
 9236295	[INFO]	XnProperty.cpp	151	Property Image1.XRes was changed to 320.
 9236313	[INFO]	XnProperty.cpp	151	Property Image1.YRes was changed to 240.
 9236331	[INFO]	XnProperty.cpp	151	Property Image1.FPS was changed to 30.
 9236349	[INFO]	XnProperty.cpp	151	Property Image1.OutputFormat was changed to 5.
 9236369	[INFO]	XnProperty.cpp	151	Property Image1.BytesPerPixel was changed to 3.
 9236388	[INFO]	XnProperty.cpp	151	Property Image1.RequiredDataSize was changed to 230400.
 9236428	[INFO]	XnDeviceBase.cpp	1458	Stream 'Image1' was initialized.
 9236449	[INFO]	XnDeviceBase.cpp	1463	'Image1' stream was created.
 9236582	[INFO]	XnProperty.cpp	74	Setting Image1.InputFormat to 6...
 9236612	[INFO]	XnProperty.cpp	151	Property Image1.InputFormat was changed to 6.
 9236630	[INFO]	XnProperty.cpp	101	Image1.InputFormat was successfully set.
 9237261	[INFO]	XnDeviceModule.cpp	431	Module 'Image1' configuration was loaded from file.
 9237383	[INFO]	XnProperty.cpp	74	Setting Image1.FPS to 30...
 9237407	[INFO]	XnProperty.cpp	86	Image1.FPS value did not change.
 9237427	[INFO]	XnProperty.cpp	74	Setting Image1.YRes to 480...
 9237445	[INFO]	XnProperty.cpp	151	Property Image1.Resolution was changed to 1.
 9237462	[INFO]	XnProperty.cpp	151	Property Image1.XRes was changed to 640.
 9237478	[INFO]	XnProperty.cpp	151	Property Image1.RequiredDataSize was changed to 460800.
 9237499	[INFO]	XnProperty.cpp	151	Property Image1.YRes was changed to 480.
 9237518	[INFO]	XnProperty.cpp	151	Property Image1.RequiredDataSize was changed to 921600.
 9237538	[INFO]	XnProperty.cpp	101	Image1.YRes was successfully set.
 9237556	[INFO]	XnProperty.cpp	74	Setting Image1.XRes to 640...
 9237571	[INFO]	XnProperty.cpp	86	Image1.XRes value did not change.
 9238639	[INFO]	XnUSBLinux-x86.cpp	1222	USB read thread was started.
 9238691	[INFO]	XnProperty.cpp	151	Property Image1.ActualReadData was changed to 1.
 9420908	[WARNING]	XnDepthProcessor.cpp	133	Read: Depth buffer is corrupt. Size is 530832 (!= 614400)
 9420951	[WARNING]	XnFrameStreamProcessor.cpp	132	Depth frame is corrupt!
 9456880	[WARNING]	XnDepthProcessor.cpp	133	Read: Depth buffer is corrupt. Size is 595008 (!= 614400)
 9456925	[WARNING]	XnFrameStreamProcessor.cpp	132	Depth frame is corrupt!
12324985	[WARNING]	XnDepthProcessor.cpp	133	Read: Depth buffer is corrupt. Size is 556096 (!= 614400)
12325025	[WARNING]	XnFrameStreamProcessor.cpp	132	Depth frame is corrupt!
12438546	[INFO]	XnProperty.cpp	151	Property Image1.State was changed to 1.
12438588	[INFO]	XnDeviceBase.cpp	370	Stream Image1 is open.
12438759	[INFO]	XnProperty.cpp	74	Setting Depth1.Registration to 1...
12492968	[WARNING]	XnDepthProcessor.cpp	133	Read: Depth buffer is corrupt. Size is 591936 (!= 614400)
12493015	[WARNING]	XnFrameStreamProcessor.cpp	132	Depth frame is corrupt!
12591767	[INFO]	XnProperty.cpp	151	Property Depth1.Registration was changed to 1.
12591812	[INFO]	XnProperty.cpp	101	Depth1.Registration was successfully set.
12591869	[INFO]	XnProperty.cpp	74	Setting Image1.Mirror to 1...
12604208	[INFO]	XnProperty.cpp	151	Property Image1.FirmwareMirror was changed to 1.
12604293	[INFO]	XnProperty.cpp	151	Property Image1.Mirror was changed to 1.
12604312	[INFO]	XnProperty.cpp	101	Image1.Mirror was successfully set.
65275387	[INFO]	XnOpenNI.cpp	1459	Destroying node 'User1'
65283242	[INFO]	XnOpenNI.cpp	1459	Destroying node 'Depth1'
65283326	[INFO]	XnDeviceBase.cpp	1507	Destroying stream 'Depth1'...
65284721	[INFO]	XnOpenNI.cpp	1459	Destroying node 'Image1'
65284786	[INFO]	XnDeviceBase.cpp	1507	Destroying stream 'Image1'...
65285802	[INFO]	XnOpenNI.cpp	1459	Destroying node 'Device1'
