    1686	[INFO]	XnLog.cpp	165	OpenNI version is 1.0.0 (Build 25)-MacOSX (Jan  7 2011 14:20:18)
    1745	[INFO]	XnLog.cpp	173	Log system initialized. Console: 1, File: 1, Severity: INFO, Masks: ALL
    1780	[INFO]	XnLog.cpp	173	Log system initialized. Console: 1, File: 1, Severity: INFO, Masks: ALL
    3271	[INFO]	XnUSBLinux-x86.cpp	98	USB is initialized.
 2377241	[INFO]	XnOpenNI.cpp	1261	Creating node 'Device1' of type Device...
 2378146	[INFO]	XnDeviceModule.cpp	431	Module 'Device' configuration was loaded from file.
 2637125	[INFO]	XnDeviceSensorIO.cpp	135	Connected to USB device
 2637176	[INFO]	XnProperty.cpp	151	Property Device.USBPath was changed to 045e/02ae@253/8.
 2645255	[INFO]	XnHostProtocol.cpp	825	Hardware versions: FW=5.1.4 (7) HW=4 Chip=2 Sensor=4 SYS=7
 4056776	[INFO]	XnProperty.cpp	151	Property Device.ID was changed to 0.
 4056854	[INFO]	XnSensor.cpp	182	Device sensor initialized
 4056936	[INFO]	XnOpenNI.cpp	1261	Creating node 'Depth1' of type Depth...
 4056972	[INFO]	XnDeviceBase.cpp	1383	Creating stream 'Depth1' of type 'Depth'...
 4056987	[INFO]	XnProperty.cpp	74	Setting Device.ReadData to 1...
 4057017	[INFO]	XnDeviceSensorIO.cpp	298	Endpoints open
 4069237	[INFO]	XnProperty.cpp	151	Property Device.ReadData was changed to 1.
 4069279	[INFO]	XnProperty.cpp	101	Device.ReadData was successfully set.
 4069656	[INFO]	XnProperty.cpp	151	Property Depth1.Resolution was changed to 0.
 4069687	[INFO]	XnProperty.cpp	151	Property Depth1.XRes was changed to 320.
 4069705	[INFO]	XnProperty.cpp	151	Property Depth1.YRes was changed to 240.
 4069724	[INFO]	XnProperty.cpp	151	Property Depth1.FPS was changed to 30.
 4069742	[INFO]	XnProperty.cpp	151	Property Depth1.OutputFormat was changed to 1.
 4069759	[INFO]	XnProperty.cpp	151	Property Depth1.BytesPerPixel was changed to 2.
 4069776	[INFO]	XnProperty.cpp	151	Property Depth1.RequiredDataSize was changed to 153600.
 4069800	[INFO]	XnProperty.cpp	151	Property Depth1.ParamCoeff was changed to 4.
 4069875	[INFO]	XnProperty.cpp	151	Property Depth1.ShiftScale was changed to 10.
 4082314	[INFO]	XnProperty.cpp	151	Property Depth1.ConstShift was changed to 200.
 4082409	[INFO]	XnProperty.cpp	151	Property Depth1.ZPD was changed to 120.
 4082505	[INFO]	XnProperty.cpp	151	Property Depth1.ZPPS was changed to 0.104200.
 4082519	[INFO]	XnProperty.cpp	151	Property Depth1.LDDIS was changed to 7.500000.
 4082609	[INFO]	XnProperty.cpp	151	Property Depth1.Gain was changed to 30.
 4082643	[INFO]	XnDeviceBase.cpp	1458	Stream 'Depth1' was initialized.
 4082655	[INFO]	XnDeviceBase.cpp	1463	'Depth1' stream was created.
 4082801	[INFO]	XnProperty.cpp	74	Setting Depth1.InputFormat to 3...
 4082825	[INFO]	XnProperty.cpp	151	Property Depth1.InputFormat was changed to 3.
 4082846	[INFO]	XnProperty.cpp	101	Depth1.InputFormat was successfully set.
 4083294	[INFO]	XnProperty.cpp	74	Setting Depth1.RegistrationType to 2...
 4083312	[INFO]	XnProperty.cpp	151	Property Depth1.RegistrationType was changed to 2.
 4083324	[INFO]	XnProperty.cpp	101	Depth1.RegistrationType was successfully set.
 4083925	[INFO]	XnDeviceModule.cpp	431	Module 'Depth1' configuration was loaded from file.
 4084171	[INFO]	XnProperty.cpp	74	Setting Depth1.FPS to 30...
 4084195	[INFO]	XnProperty.cpp	86	Depth1.FPS value did not change.
 4084212	[INFO]	XnProperty.cpp	74	Setting Depth1.YRes to 480...
 4084234	[INFO]	XnProperty.cpp	151	Property Depth1.Resolution was changed to 1.
 4084255	[INFO]	XnProperty.cpp	151	Property Depth1.XRes was changed to 640.
 4084273	[INFO]	XnProperty.cpp	151	Property Depth1.RequiredDataSize was changed to 307200.
 4084295	[INFO]	XnProperty.cpp	151	Property Depth1.YRes was changed to 480.
 4084313	[INFO]	XnProperty.cpp	151	Property Depth1.RequiredDataSize was changed to 614400.
 4084332	[INFO]	XnProperty.cpp	101	Depth1.YRes was successfully set.
 4084351	[INFO]	XnProperty.cpp	74	Setting Depth1.XRes to 640...
 4084367	[INFO]	XnProperty.cpp	86	Depth1.XRes value did not change.
 4084424	[INFO]	XnProperty.cpp	74	Setting Depth1.Mirror to 1...
 4084443	[INFO]	XnProperty.cpp	151	Property Depth1.FirmwareMirror was changed to 1.
 4084502	[INFO]	XnProperty.cpp	151	Property Depth1.Mirror was changed to 1.
 4084520	[INFO]	XnProperty.cpp	101	Depth1.Mirror was successfully set.
 6501078	[INFO]	XnOpenNI.cpp	1261	Creating node 'User1' of type User...
 6525297	[WARNING]	Linux-x86Threads.cpp	173	Failed to set thread priority: Invalid argument
 6525352	[WARNING]	XnUSBLinux-x86.cpp	126	USB events thread: Failed to set thread priority to critical. This might cause loss of data...
 6526195	[INFO]	XnUSBLinux-x86.cpp	1222	USB read thread was started.
 6526227	[INFO]	XnProperty.cpp	151	Property Depth1.ActualReadData was changed to 1.
 6996929	[INFO]	XnProperty.cpp	151	Property Depth1.State was changed to 1.
 6996972	[INFO]	XnDeviceBase.cpp	370	Stream Depth1 is open.
 9814818	[INFO]	XnOpenNI.cpp	1261	Creating node 'Image1' of type Image...
 9814868	[INFO]	XnDeviceBase.cpp	1383	Creating stream 'Image1' of type 'Image'...
 9815084	[INFO]	XnProperty.cpp	151	Property Image1.Resolution was changed to 0.
 9815109	[INFO]	XnProperty.cpp	151	Property Image1.XRes was changed to 320.
 9815132	[INFO]	XnProperty.cpp	151	Property Image1.YRes was changed to 240.
 9815149	[INFO]	XnProperty.cpp	151	Property Image1.FPS was changed to 30.
 9815167	[INFO]	XnProperty.cpp	151	Property Image1.OutputFormat was changed to 5.
 9815185	[INFO]	XnProperty.cpp	151	Property Image1.BytesPerPixel was changed to 3.
 9815205	[INFO]	XnProperty.cpp	151	Property Image1.RequiredDataSize was changed to 230400.
 9815246	[INFO]	XnDeviceBase.cpp	1458	Stream 'Image1' was initialized.
 9815268	[INFO]	XnDeviceBase.cpp	1463	'Image1' stream was created.
 9815399	[INFO]	XnProperty.cpp	74	Setting Image1.InputFormat to 6...
 9815429	[INFO]	XnProperty.cpp	151	Property Image1.InputFormat was changed to 6.
 9815448	[INFO]	XnProperty.cpp	101	Image1.InputFormat was successfully set.
 9816084	[INFO]	XnDeviceModule.cpp	431	Module 'Image1' configuration was loaded from file.
 9816199	[INFO]	XnProperty.cpp	74	Setting Image1.FPS to 30...
 9816224	[INFO]	XnProperty.cpp	86	Image1.FPS value did not change.
 9816243	[INFO]	XnProperty.cpp	74	Setting Image1.YRes to 480...
 9816260	[INFO]	XnProperty.cpp	151	Property Image1.Resolution was changed to 1.
 9816278	[INFO]	XnProperty.cpp	151	Property Image1.XRes was changed to 640.
 9816296	[INFO]	XnProperty.cpp	151	Property Image1.RequiredDataSize was changed to 460800.
 9816317	[INFO]	XnProperty.cpp	151	Property Image1.YRes was changed to 480.
 9816334	[INFO]	XnProperty.cpp	151	Property Image1.RequiredDataSize was changed to 921600.
 9816353	[INFO]	XnProperty.cpp	101	Image1.YRes was successfully set.
 9816370	[INFO]	XnProperty.cpp	74	Setting Image1.XRes to 640...
 9816385	[INFO]	XnProperty.cpp	86	Image1.XRes value did not change.
 9817364	[INFO]	XnUSBLinux-x86.cpp	1222	USB read thread was started.
 9817410	[INFO]	XnProperty.cpp	151	Property Image1.ActualReadData was changed to 1.
 9897838	[WARNING]	XnDepthProcessor.cpp	133	Read: Depth buffer is corrupt. Size is 592256 (!= 614400)
 9897882	[WARNING]	XnFrameStreamProcessor.cpp	132	Depth frame is corrupt!
 9993893	[WARNING]	XnFirmwareStreams.cpp	324	Unknown packet type (0x4948)!!!
 9997893	[WARNING]	XnDepthProcessor.cpp	133	Read: Depth buffer is corrupt. Size is 538112 (!= 614400)
 9997936	[WARNING]	XnFrameStreamProcessor.cpp	132	Depth frame is corrupt!
10029874	[WARNING]	XnDepthProcessor.cpp	133	Read: Depth buffer is corrupt. Size is 581920 (!= 614400)
10029918	[WARNING]	XnFrameStreamProcessor.cpp	132	Depth frame is corrupt!
12897986	[WARNING]	XnDepthProcessor.cpp	133	Read: Depth buffer is corrupt. Size is 594304 (!= 614400)
12898034	[WARNING]	XnFrameStreamProcessor.cpp	132	Depth frame is corrupt!
13017511	[INFO]	XnProperty.cpp	151	Property Image1.State was changed to 1.
13017554	[INFO]	XnDeviceBase.cpp	370	Stream Image1 is open.
13017745	[INFO]	XnProperty.cpp	74	Setting Depth1.Registration to 1...
13025925	[WARNING]	XnFirmwareStreams.cpp	324	Unknown packet type (0x4948)!!!
13033942	[WARNING]	XnDepthProcessor.cpp	133	Read: Depth buffer is corrupt. Size is 571536 (!= 614400)
13033985	[WARNING]	XnFrameStreamProcessor.cpp	132	Depth frame is corrupt!
13065969	[WARNING]	XnDepthProcessor.cpp	133	Read: Depth buffer is corrupt. Size is 592704 (!= 614400)
13066015	[WARNING]	XnFrameStreamProcessor.cpp	132	Depth frame is corrupt!
13169103	[INFO]	XnProperty.cpp	151	Property Depth1.Registration was changed to 1.
13169148	[INFO]	XnProperty.cpp	101	Depth1.Registration was successfully set.
13169204	[INFO]	XnProperty.cpp	74	Setting Image1.Mirror to 1...
13181639	[INFO]	XnProperty.cpp	151	Property Image1.FirmwareMirror was changed to 1.
13181683	[INFO]	XnProperty.cpp	151	Property Image1.Mirror was changed to 1.
13181696	[INFO]	XnProperty.cpp	101	Image1.Mirror was successfully set.
24651510	[INFO]	XnOpenNI.cpp	1459	Destroying node 'User1'
24659414	[INFO]	XnOpenNI.cpp	1459	Destroying node 'Depth1'
24659517	[INFO]	XnDeviceBase.cpp	1507	Destroying stream 'Depth1'...
24660640	[INFO]	XnOpenNI.cpp	1459	Destroying node 'Image1'
24660683	[INFO]	XnDeviceBase.cpp	1507	Destroying stream 'Image1'...
24661566	[INFO]	XnOpenNI.cpp	1459	Destroying node 'Device1'
