    1976	[INFO]	XnLog.cpp	165	OpenNI version is 1.0.0 (Build 25)-MacOSX (Jan  7 2011 14:20:18)
    2033	[INFO]	XnLog.cpp	173	Log system initialized. Console: 1, File: 1, Severity: INFO, Masks: ALL
    2063	[INFO]	XnLog.cpp	173	Log system initialized. Console: 1, File: 1, Severity: INFO, Masks: ALL
    3521	[INFO]	XnUSBLinux-x86.cpp	98	USB is initialized.
 2948891	[INFO]	XnOpenNI.cpp	1261	Creating node 'Device1' of type Device...
 2949722	[INFO]	XnDeviceModule.cpp	431	Module 'Device' configuration was loaded from file.
 3313297	[INFO]	XnDeviceSensorIO.cpp	135	Connected to USB device
 3313348	[INFO]	XnProperty.cpp	151	Property Device.USBPath was changed to 045e/02ae@253/8.
 3320775	[INFO]	XnHostProtocol.cpp	825	Hardware versions: FW=5.1.4 (7) HW=4 Chip=2 Sensor=4 SYS=7
 4732776	[INFO]	XnProperty.cpp	151	Property Device.ID was changed to 0.
 4732839	[INFO]	XnSensor.cpp	182	Device sensor initialized
 4732936	[INFO]	XnOpenNI.cpp	1261	Creating node 'Depth1' of type Depth...
 4732976	[INFO]	XnDeviceBase.cpp	1383	Creating stream 'Depth1' of type 'Depth'...
 4732992	[INFO]	XnProperty.cpp	74	Setting Device.ReadData to 1...
 4733023	[INFO]	XnDeviceSensorIO.cpp	298	Endpoints open
 4745568	[INFO]	XnProperty.cpp	151	Property Device.ReadData was changed to 1.
 4745613	[INFO]	XnProperty.cpp	101	Device.ReadData was successfully set.
 4745953	[INFO]	XnProperty.cpp	151	Property Depth1.Resolution was changed to 0.
 4745972	[INFO]	XnProperty.cpp	151	Property Depth1.XRes was changed to 320.
 4745985	[INFO]	XnProperty.cpp	151	Property Depth1.YRes was changed to 240.
 4745997	[INFO]	XnProperty.cpp	151	Property Depth1.FPS was changed to 30.
 4746007	[INFO]	XnProperty.cpp	151	Property Depth1.OutputFormat was changed to 1.
 4746018	[INFO]	XnProperty.cpp	151	Property Depth1.BytesPerPixel was changed to 2.
 4746030	[INFO]	XnProperty.cpp	151	Property Depth1.RequiredDataSize was changed to 153600.
 4746046	[INFO]	XnProperty.cpp	151	Property Depth1.ParamCoeff was changed to 4.
 4746105	[INFO]	XnProperty.cpp	151	Property Depth1.ShiftScale was changed to 10.
 4758624	[INFO]	XnProperty.cpp	151	Property Depth1.ConstShift was changed to 200.
 4758726	[INFO]	XnProperty.cpp	151	Property Depth1.ZPD was changed to 120.
 4758836	[INFO]	XnProperty.cpp	151	Property Depth1.ZPPS was changed to 0.104200.
 4758856	[INFO]	XnProperty.cpp	151	Property Depth1.LDDIS was changed to 7.500000.
 4758971	[INFO]	XnProperty.cpp	151	Property Depth1.Gain was changed to 30.
 4759008	[INFO]	XnDeviceBase.cpp	1458	Stream 'Depth1' was initialized.
 4759022	[INFO]	XnDeviceBase.cpp	1463	'Depth1' stream was created.
 4759189	[INFO]	XnProperty.cpp	74	Setting Depth1.InputFormat to 3...
 4759210	[INFO]	XnProperty.cpp	151	Property Depth1.InputFormat was changed to 3.
 4759223	[INFO]	XnProperty.cpp	101	Depth1.InputFormat was successfully set.
 4759662	[INFO]	XnProperty.cpp	74	Setting Depth1.RegistrationType to 2...
 4759679	[INFO]	XnProperty.cpp	151	Property Depth1.RegistrationType was changed to 2.
 4759691	[INFO]	XnProperty.cpp	101	Depth1.RegistrationType was successfully set.
 4760145	[INFO]	XnDeviceModule.cpp	431	Module 'Depth1' configuration was loaded from file.
 4760309	[INFO]	XnProperty.cpp	74	Setting Depth1.FPS to 30...
 4760325	[INFO]	XnProperty.cpp	86	Depth1.FPS value did not change.
 4760338	[INFO]	XnProperty.cpp	74	Setting Depth1.YRes to 480...
 4760353	[INFO]	XnProperty.cpp	151	Property Depth1.Resolution was changed to 1.
 4760366	[INFO]	XnProperty.cpp	151	Property Depth1.XRes was changed to 640.
 4760378	[INFO]	XnProperty.cpp	151	Property Depth1.RequiredDataSize was changed to 307200.
 4760393	[INFO]	XnProperty.cpp	151	Property Depth1.YRes was changed to 480.
 4760405	[INFO]	XnProperty.cpp	151	Property Depth1.RequiredDataSize was changed to 614400.
 4760417	[INFO]	XnProperty.cpp	101	Depth1.YRes was successfully set.
 4760430	[INFO]	XnProperty.cpp	74	Setting Depth1.XRes to 640...
 4760440	[INFO]	XnProperty.cpp	86	Depth1.XRes value did not change.
 4760482	[INFO]	XnProperty.cpp	74	Setting Depth1.Mirror to 1...
 4760497	[INFO]	XnProperty.cpp	151	Property Depth1.FirmwareMirror was changed to 1.
 4760539	[INFO]	XnProperty.cpp	151	Property Depth1.Mirror was changed to 1.
 4760551	[INFO]	XnProperty.cpp	101	Depth1.Mirror was successfully set.
 6739548	[INFO]	XnOpenNI.cpp	1261	Creating node 'User1' of type User...
 6762918	[WARNING]	Linux-x86Threads.cpp	173	Failed to set thread priority: Invalid argument
 6762962	[WARNING]	XnUSBLinux-x86.cpp	126	USB events thread: Failed to set thread priority to critical. This might cause loss of data...
 6763877	[INFO]	XnUSBLinux-x86.cpp	1222	USB read thread was started.
 6763910	[INFO]	XnProperty.cpp	151	Property Depth1.ActualReadData was changed to 1.
 7234308	[INFO]	XnProperty.cpp	151	Property Depth1.State was changed to 1.
 7234350	[INFO]	XnDeviceBase.cpp	370	Stream Depth1 is open.
 9192479	[INFO]	XnOpenNI.cpp	1261	Creating node 'Image1' of type Image...
 9192530	[INFO]	XnDeviceBase.cpp	1383	Creating stream 'Image1' of type 'Image'...
 9192730	[INFO]	XnProperty.cpp	151	Property Image1.Resolution was changed to 0.
 9192758	[INFO]	XnProperty.cpp	151	Property Image1.XRes was changed to 320.
 9192777	[INFO]	XnProperty.cpp	151	Property Image1.YRes was changed to 240.
 9192795	[INFO]	XnProperty.cpp	151	Property Image1.FPS was changed to 30.
 9192808	[INFO]	XnProperty.cpp	151	Property Image1.OutputFormat was changed to 5.
 9192821	[INFO]	XnProperty.cpp	151	Property Image1.BytesPerPixel was changed to 3.
 9192833	[INFO]	XnProperty.cpp	151	Property Image1.RequiredDataSize was changed to 230400.
 9192863	[INFO]	XnDeviceBase.cpp	1458	Stream 'Image1' was initialized.
 9192879	[INFO]	XnDeviceBase.cpp	1463	'Image1' stream was created.
 9192996	[INFO]	XnProperty.cpp	74	Setting Image1.InputFormat to 6...
 9193019	[INFO]	XnProperty.cpp	151	Property Image1.InputFormat was changed to 6.
 9193031	[INFO]	XnProperty.cpp	101	Image1.InputFormat was successfully set.
 9193436	[INFO]	XnDeviceModule.cpp	431	Module 'Image1' configuration was loaded from file.
 9193516	[INFO]	XnProperty.cpp	74	Setting Image1.FPS to 30...
 9193531	[INFO]	XnProperty.cpp	86	Image1.FPS value did not change.
 9193542	[INFO]	XnProperty.cpp	74	Setting Image1.YRes to 480...
 9193554	[INFO]	XnProperty.cpp	151	Property Image1.Resolution was changed to 1.
 9193566	[INFO]	XnProperty.cpp	151	Property Image1.XRes was changed to 640.
 9193578	[INFO]	XnProperty.cpp	151	Property Image1.RequiredDataSize was changed to 460800.
 9193591	[INFO]	XnProperty.cpp	151	Property Image1.YRes was changed to 480.
 9193603	[INFO]	XnProperty.cpp	151	Property Image1.RequiredDataSize was changed to 921600.
 9193616	[INFO]	XnProperty.cpp	101	Image1.YRes was successfully set.
 9193628	[INFO]	XnProperty.cpp	74	Setting Image1.XRes to 640...
 9193638	[INFO]	XnProperty.cpp	86	Image1.XRes value did not change.
 9194506	[INFO]	XnUSBLinux-x86.cpp	1222	USB read thread was started.
 9194547	[INFO]	XnProperty.cpp	151	Property Image1.ActualReadData was changed to 1.
 9368000	[WARNING]	XnDepthProcessor.cpp	133	Read: Depth buffer is corrupt. Size is 568976 (!= 614400)
 9368046	[WARNING]	XnFrameStreamProcessor.cpp	132	Depth frame is corrupt!
 9400026	[WARNING]	XnDepthProcessor.cpp	133	Read: Depth buffer is corrupt. Size is 595008 (!= 614400)
 9400070	[WARNING]	XnFrameStreamProcessor.cpp	132	Depth frame is corrupt!
12394677	[INFO]	XnProperty.cpp	151	Property Image1.State was changed to 1.
12394723	[INFO]	XnDeviceBase.cpp	370	Stream Image1 is open.
12394919	[INFO]	XnProperty.cpp	74	Setting Depth1.Registration to 1...
12546623	[INFO]	XnProperty.cpp	151	Property Depth1.Registration was changed to 1.
12546664	[INFO]	XnProperty.cpp	101	Depth1.Registration was successfully set.
12546709	[INFO]	XnProperty.cpp	74	Setting Image1.Mirror to 1...
12559362	[INFO]	XnProperty.cpp	151	Property Image1.FirmwareMirror was changed to 1.
12559414	[INFO]	XnProperty.cpp	151	Property Image1.Mirror was changed to 1.
12559432	[INFO]	XnProperty.cpp	101	Image1.Mirror was successfully set.
33099389	[INFO]	XnOpenNI.cpp	1459	Destroying node 'User1'
33107209	[INFO]	XnOpenNI.cpp	1459	Destroying node 'Depth1'
33107306	[INFO]	XnDeviceBase.cpp	1507	Destroying stream 'Depth1'...
33108585	[INFO]	XnOpenNI.cpp	1459	Destroying node 'Image1'
33108667	[INFO]	XnDeviceBase.cpp	1507	Destroying stream 'Image1'...
33109396	[INFO]	XnOpenNI.cpp	1459	Destroying node 'Device1'
