    1514	[INFO]	XnLog.cpp	165	OpenNI version is 1.0.0 (Build 25)-MacOSX (Jan  7 2011 14:20:18)
    1559	[INFO]	XnLog.cpp	173	Log system initialized. Console: 1, File: 1, Severity: INFO, Masks: ALL
    1582	[INFO]	XnLog.cpp	173	Log system initialized. Console: 1, File: 1, Severity: INFO, Masks: ALL
    2689	[INFO]	XnUSBLinux-x86.cpp	98	USB is initialized.
 4480249	[INFO]	XnOpenNI.cpp	1261	Creating node 'Device1' of type Device...
 4481314	[INFO]	XnDeviceModule.cpp	431	Module 'Device' configuration was loaded from file.
 5138032	[INFO]	XnDeviceSensorIO.cpp	135	Connected to USB device
 5138084	[INFO]	XnProperty.cpp	151	Property Device.USBPath was changed to 045e/02ae@253/8.
 5145292	[INFO]	XnHostProtocol.cpp	825	Hardware versions: FW=5.1.4 (7) HW=4 Chip=2 Sensor=4 SYS=7
 6555884	[INFO]	XnProperty.cpp	151	Property Device.ID was changed to 0.
 6555979	[INFO]	XnSensor.cpp	182	Device sensor initialized
 6556083	[INFO]	XnOpenNI.cpp	1261	Creating node 'Depth1' of type Depth...
 6556119	[INFO]	XnDeviceBase.cpp	1383	Creating stream 'Depth1' of type 'Depth'...
 6556143	[INFO]	XnProperty.cpp	74	Setting Device.ReadData to 1...
 6556185	[INFO]	XnDeviceSensorIO.cpp	298	Endpoints open
 6568638	[INFO]	XnProperty.cpp	151	Property Device.ReadData was changed to 1.
 6568678	[INFO]	XnProperty.cpp	101	Device.ReadData was successfully set.
 6568987	[INFO]	XnProperty.cpp	151	Property Depth1.Resolution was changed to 0.
 6569007	[INFO]	XnProperty.cpp	151	Property Depth1.XRes was changed to 320.
 6569020	[INFO]	XnProperty.cpp	151	Property Depth1.YRes was changed to 240.
 6569032	[INFO]	XnProperty.cpp	151	Property Depth1.FPS was changed to 30.
 6569043	[INFO]	XnProperty.cpp	151	Property Depth1.OutputFormat was changed to 1.
 6569054	[INFO]	XnProperty.cpp	151	Property Depth1.BytesPerPixel was changed to 2.
 6569068	[INFO]	XnProperty.cpp	151	Property Depth1.RequiredDataSize was changed to 153600.
 6569091	[INFO]	XnProperty.cpp	151	Property Depth1.ParamCoeff was changed to 4.
 6569159	[INFO]	XnProperty.cpp	151	Property Depth1.ShiftScale was changed to 10.
 6581437	[INFO]	XnProperty.cpp	151	Property Depth1.ConstShift was changed to 200.
 6581533	[INFO]	XnProperty.cpp	151	Property Depth1.ZPD was changed to 120.
 6581636	[INFO]	XnProperty.cpp	151	Property Depth1.ZPPS was changed to 0.104200.
 6581650	[INFO]	XnProperty.cpp	151	Property Depth1.LDDIS was changed to 7.500000.
 6581743	[INFO]	XnProperty.cpp	151	Property Depth1.Gain was changed to 30.
 6581775	[INFO]	XnDeviceBase.cpp	1458	Stream 'Depth1' was initialized.
 6581788	[INFO]	XnDeviceBase.cpp	1463	'Depth1' stream was created.
 6581948	[INFO]	XnProperty.cpp	74	Setting Depth1.InputFormat to 3...
 6581969	[INFO]	XnProperty.cpp	151	Property Depth1.InputFormat was changed to 3.
 6581981	[INFO]	XnProperty.cpp	101	Depth1.InputFormat was successfully set.
 6582416	[INFO]	XnProperty.cpp	74	Setting Depth1.RegistrationType to 2...
 6582436	[INFO]	XnProperty.cpp	151	Property Depth1.RegistrationType was changed to 2.
 6582447	[INFO]	XnProperty.cpp	101	Depth1.RegistrationType was successfully set.
 6582905	[INFO]	XnDeviceModule.cpp	431	Module 'Depth1' configuration was loaded from file.
 6583087	[INFO]	XnProperty.cpp	74	Setting Depth1.FPS to 30...
 6583105	[INFO]	XnProperty.cpp	86	Depth1.FPS value did not change.
 6583117	[INFO]	XnProperty.cpp	74	Setting Depth1.YRes to 480...
 6583132	[INFO]	XnProperty.cpp	151	Property Depth1.Resolution was changed to 1.
 6583146	[INFO]	XnProperty.cpp	151	Property Depth1.XRes was changed to 640.
 6583158	[INFO]	XnProperty.cpp	151	Property Depth1.RequiredDataSize was changed to 307200.
 6583172	[INFO]	XnProperty.cpp	151	Property Depth1.YRes was changed to 480.
 6583184	[INFO]	XnProperty.cpp	151	Property Depth1.RequiredDataSize was changed to 614400.
 6583197	[INFO]	XnProperty.cpp	101	Depth1.YRes was successfully set.
 6583210	[INFO]	XnProperty.cpp	74	Setting Depth1.XRes to 640...
 6583221	[INFO]	XnProperty.cpp	86	Depth1.XRes value did not change.
 6583262	[INFO]	XnProperty.cpp	74	Setting Depth1.Mirror to 1...
 6583277	[INFO]	XnProperty.cpp	151	Property Depth1.FirmwareMirror was changed to 1.
 6583327	[INFO]	XnProperty.cpp	151	Property Depth1.Mirror was changed to 1.
 6583339	[INFO]	XnProperty.cpp	101	Depth1.Mirror was successfully set.
11743191	[INFO]	XnOpenNI.cpp	1261	Creating node 'User1' of type User...
11765556	[WARNING]	Linux-x86Threads.cpp	173	Failed to set thread priority: Invalid argument
11765600	[WARNING]	XnUSBLinux-x86.cpp	126	USB events thread: Failed to set thread priority to critical. This might cause loss of data...
11766503	[INFO]	XnUSBLinux-x86.cpp	1222	USB read thread was started.
11766533	[INFO]	XnProperty.cpp	151	Property Depth1.ActualReadData was changed to 1.
12236845	[INFO]	XnProperty.cpp	151	Property Depth1.State was changed to 1.
12236891	[INFO]	XnDeviceBase.cpp	370	Stream Depth1 is open.
17377641	[INFO]	XnOpenNI.cpp	1261	Creating node 'Image1' of type Image...
17377692	[INFO]	XnDeviceBase.cpp	1383	Creating stream 'Image1' of type 'Image'...
17377892	[INFO]	XnProperty.cpp	151	Property Image1.Resolution was changed to 0.
17377918	[INFO]	XnProperty.cpp	151	Property Image1.XRes was changed to 320.
17377936	[INFO]	XnProperty.cpp	151	Property Image1.YRes was changed to 240.
17377953	[INFO]	XnProperty.cpp	151	Property Image1.FPS was changed to 30.
17377969	[INFO]	XnProperty.cpp	151	Property Image1.OutputFormat was changed to 5.
17377988	[INFO]	XnProperty.cpp	151	Property Image1.BytesPerPixel was changed to 3.
17378008	[INFO]	XnProperty.cpp	151	Property Image1.RequiredDataSize was changed to 230400.
17378050	[INFO]	XnDeviceBase.cpp	1458	Stream 'Image1' was initialized.
17378071	[INFO]	XnDeviceBase.cpp	1463	'Image1' stream was created.
17378206	[INFO]	XnProperty.cpp	74	Setting Image1.InputFormat to 6...
17378235	[INFO]	XnProperty.cpp	151	Property Image1.InputFormat was changed to 6.
17378254	[INFO]	XnProperty.cpp	101	Image1.InputFormat was successfully set.
17378861	[INFO]	XnDeviceModule.cpp	431	Module 'Image1' configuration was loaded from file.
17378966	[INFO]	XnProperty.cpp	74	Setting Image1.FPS to 30...
17378989	[INFO]	XnProperty.cpp	86	Image1.FPS value did not change.
17379007	[INFO]	XnProperty.cpp	74	Setting Image1.YRes to 480...
17379027	[INFO]	XnProperty.cpp	151	Property Image1.Resolution was changed to 1.
17379048	[INFO]	XnProperty.cpp	151	Property Image1.XRes was changed to 640.
17379070	[INFO]	XnProperty.cpp	151	Property Image1.RequiredDataSize was changed to 460800.
17379094	[INFO]	XnProperty.cpp	151	Property Image1.YRes was changed to 480.
17379118	[INFO]	XnProperty.cpp	151	Property Image1.RequiredDataSize was changed to 921600.
17379140	[INFO]	XnProperty.cpp	101	Image1.YRes was successfully set.
17379163	[INFO]	XnProperty.cpp	74	Setting Image1.XRes to 640...
17379183	[INFO]	XnProperty.cpp	86	Image1.XRes value did not change.
17380197	[INFO]	XnUSBLinux-x86.cpp	1222	USB read thread was started.
17380241	[INFO]	XnProperty.cpp	151	Property Image1.ActualReadData was changed to 1.
17574058	[WARNING]	XnDepthProcessor.cpp	133	Read: Depth buffer is corrupt. Size is 558352 (!= 614400)
17574099	[WARNING]	XnFrameStreamProcessor.cpp	132	Depth frame is corrupt!
20580184	[INFO]	XnProperty.cpp	151	Property Image1.State was changed to 1.
20580230	[INFO]	XnDeviceBase.cpp	370	Stream Image1 is open.
20580432	[INFO]	XnProperty.cpp	74	Setting Depth1.Registration to 1...
20731584	[INFO]	XnProperty.cpp	151	Property Depth1.Registration was changed to 1.
20731627	[INFO]	XnProperty.cpp	101	Depth1.Registration was successfully set.
20731673	[INFO]	XnProperty.cpp	74	Setting Image1.Mirror to 1...
20744498	[INFO]	XnProperty.cpp	151	Property Image1.FirmwareMirror was changed to 1.
20744542	[INFO]	XnProperty.cpp	151	Property Image1.Mirror was changed to 1.
20744554	[INFO]	XnProperty.cpp	101	Image1.Mirror was successfully set.
36157861	[INFO]	XnOpenNI.cpp	1459	Destroying node 'User1'
36165031	[INFO]	XnOpenNI.cpp	1459	Destroying node 'Depth1'
36165121	[INFO]	XnDeviceBase.cpp	1507	Destroying stream 'Depth1'...
36166033	[INFO]	XnOpenNI.cpp	1459	Destroying node 'Image1'
36166072	[INFO]	XnDeviceBase.cpp	1507	Destroying stream 'Image1'...
36166681	[INFO]	XnOpenNI.cpp	1459	Destroying node 'Device1'
