    1481	[INFO]	XnLog.cpp	165	OpenNI version is 1.0.0 (Build 25)-MacOSX (Jan  7 2011 14:20:18)
    1536	[INFO]	XnLog.cpp	173	Log system initialized. Console: 1, File: 1, Severity: INFO, Masks: ALL
    1569	[INFO]	XnLog.cpp	173	Log system initialized. Console: 1, File: 1, Severity: INFO, Masks: ALL
    2736	[INFO]	XnUSBLinux-x86.cpp	98	USB is initialized.
 2348372	[INFO]	XnOpenNI.cpp	1261	Creating node 'Device1' of type Device...
 2349350	[INFO]	XnDeviceModule.cpp	431	Module 'Device' configuration was loaded from file.
 2608510	[INFO]	XnDeviceSensorIO.cpp	135	Connected to USB device
 2608558	[INFO]	XnProperty.cpp	151	Property Device.USBPath was changed to 045e/02ae@253/8.
 2616295	[INFO]	XnHostProtocol.cpp	825	Hardware versions: FW=5.1.4 (7) HW=4 Chip=2 Sensor=4 SYS=7
 4025466	[INFO]	XnProperty.cpp	151	Property Device.ID was changed to 0.
 4025571	[INFO]	XnSensor.cpp	182	Device sensor initialized
 4025684	[INFO]	XnOpenNI.cpp	1261	Creating node 'Depth1' of type Depth...
 4025735	[INFO]	XnDeviceBase.cpp	1383	Creating stream 'Depth1' of type 'Depth'...
 4025771	[INFO]	XnProperty.cpp	74	Setting Device.ReadData to 1...
 4025813	[INFO]	XnDeviceSensorIO.cpp	298	Endpoints open
 4038319	[INFO]	XnProperty.cpp	151	Property Device.ReadData was changed to 1.
 4038359	[INFO]	XnProperty.cpp	101	Device.ReadData was successfully set.
 4038821	[INFO]	XnProperty.cpp	151	Property Depth1.Resolution was changed to 0.
 4038849	[INFO]	XnProperty.cpp	151	Property Depth1.XRes was changed to 320.
 4038870	[INFO]	XnProperty.cpp	151	Property Depth1.YRes was changed to 240.
 4038890	[INFO]	XnProperty.cpp	151	Property Depth1.FPS was changed to 30.
 4038908	[INFO]	XnProperty.cpp	151	Property Depth1.OutputFormat was changed to 1.
 4038927	[INFO]	XnProperty.cpp	151	Property Depth1.BytesPerPixel was changed to 2.
 4038945	[INFO]	XnProperty.cpp	151	Property Depth1.RequiredDataSize was changed to 153600.
 4038968	[INFO]	XnProperty.cpp	151	Property Depth1.ParamCoeff was changed to 4.
 4039033	[INFO]	XnProperty.cpp	151	Property Depth1.ShiftScale was changed to 10.
 4051606	[INFO]	XnProperty.cpp	151	Property Depth1.ConstShift was changed to 200.
 4051715	[INFO]	XnProperty.cpp	151	Property Depth1.ZPD was changed to 120.
 4051831	[INFO]	XnProperty.cpp	151	Property Depth1.ZPPS was changed to 0.104200.
 4051857	[INFO]	XnProperty.cpp	151	Property Depth1.LDDIS was changed to 7.500000.
 4051975	[INFO]	XnProperty.cpp	151	Property Depth1.Gain was changed to 30.
 4052019	[INFO]	XnDeviceBase.cpp	1458	Stream 'Depth1' was initialized.
 4052041	[INFO]	XnDeviceBase.cpp	1463	'Depth1' stream was created.
 4052237	[INFO]	XnProperty.cpp	74	Setting Depth1.InputFormat to 3...
 4052268	[INFO]	XnProperty.cpp	151	Property Depth1.InputFormat was changed to 3.
 4052287	[INFO]	XnProperty.cpp	101	Depth1.InputFormat was successfully set.
 4052843	[INFO]	XnProperty.cpp	74	Setting Depth1.RegistrationType to 2...
 4052869	[INFO]	XnProperty.cpp	151	Property Depth1.RegistrationType was changed to 2.
 4052883	[INFO]	XnProperty.cpp	101	Depth1.RegistrationType was successfully set.
 4053343	[INFO]	XnDeviceModule.cpp	431	Module 'Depth1' configuration was loaded from file.
 4053522	[INFO]	XnProperty.cpp	74	Setting Depth1.FPS to 30...
 4053539	[INFO]	XnProperty.cpp	86	Depth1.FPS value did not change.
 4053551	[INFO]	XnProperty.cpp	74	Setting Depth1.YRes to 480...
 4053573	[INFO]	XnProperty.cpp	151	Property Depth1.Resolution was changed to 1.
 4053594	[INFO]	XnProperty.cpp	151	Property Depth1.XRes was changed to 640.
 4053613	[INFO]	XnProperty.cpp	151	Property Depth1.RequiredDataSize was changed to 307200.
 4053635	[INFO]	XnProperty.cpp	151	Property Depth1.YRes was changed to 480.
 4053651	[INFO]	XnProperty.cpp	151	Property Depth1.RequiredDataSize was changed to 614400.
 4053664	[INFO]	XnProperty.cpp	101	Depth1.YRes was successfully set.
 4053677	[INFO]	XnProperty.cpp	74	Setting Depth1.XRes to 640...
 4053688	[INFO]	XnProperty.cpp	86	Depth1.XRes value did not change.
 4053733	[INFO]	XnProperty.cpp	74	Setting Depth1.Mirror to 1...
 4053749	[INFO]	XnProperty.cpp	151	Property Depth1.FirmwareMirror was changed to 1.
 4053792	[INFO]	XnProperty.cpp	151	Property Depth1.Mirror was changed to 1.
 4053803	[INFO]	XnProperty.cpp	101	Depth1.Mirror was successfully set.
 6048107	[INFO]	XnOpenNI.cpp	1261	Creating node 'User1' of type User...
 6071629	[WARNING]	Linux-x86Threads.cpp	173	Failed to set thread priority: Invalid argument
 6071675	[WARNING]	XnUSBLinux-x86.cpp	126	USB events thread: Failed to set thread priority to critical. This might cause loss of data...
 6072466	[INFO]	XnUSBLinux-x86.cpp	1222	USB read thread was started.
 6072493	[INFO]	XnProperty.cpp	151	Property Depth1.ActualReadData was changed to 1.
 6542680	[INFO]	XnProperty.cpp	151	Property Depth1.State was changed to 1.
 6542724	[INFO]	XnDeviceBase.cpp	370	Stream Depth1 is open.
 8519593	[INFO]	XnOpenNI.cpp	1261	Creating node 'Image1' of type Image...
 8519647	[INFO]	XnDeviceBase.cpp	1383	Creating stream 'Image1' of type 'Image'...
 8519944	[INFO]	XnProperty.cpp	151	Property Image1.Resolution was changed to 0.
 8519974	[INFO]	XnProperty.cpp	151	Property Image1.XRes was changed to 320.
 8519995	[INFO]	XnProperty.cpp	151	Property Image1.YRes was changed to 240.
 8520013	[INFO]	XnProperty.cpp	151	Property Image1.FPS was changed to 30.
 8520030	[INFO]	XnProperty.cpp	151	Property Image1.OutputFormat was changed to 5.
 8520046	[INFO]	XnProperty.cpp	151	Property Image1.BytesPerPixel was changed to 3.
 8520065	[INFO]	XnProperty.cpp	151	Property Image1.RequiredDataSize was changed to 230400.
 8520109	[INFO]	XnDeviceBase.cpp	1458	Stream 'Image1' was initialized.
 8520132	[INFO]	XnDeviceBase.cpp	1463	'Image1' stream was created.
 8520283	[INFO]	XnProperty.cpp	74	Setting Image1.InputFormat to 6...
 8520313	[INFO]	XnProperty.cpp	151	Property Image1.InputFormat was changed to 6.
 8520334	[INFO]	XnProperty.cpp	101	Image1.InputFormat was successfully set.
 8520880	[INFO]	XnDeviceModule.cpp	431	Module 'Image1' configuration was loaded from file.
 8520996	[INFO]	XnProperty.cpp	74	Setting Image1.FPS to 30...
 8521019	[INFO]	XnProperty.cpp	86	Image1.FPS value did not change.
 8521038	[INFO]	XnProperty.cpp	74	Setting Image1.YRes to 480...
 8521058	[INFO]	XnProperty.cpp	151	Property Image1.Resolution was changed to 1.
 8521083	[INFO]	XnProperty.cpp	151	Property Image1.XRes was changed to 640.
 8521102	[INFO]	XnProperty.cpp	151	Property Image1.RequiredDataSize was changed to 460800.
 8521125	[INFO]	XnProperty.cpp	151	Property Image1.YRes was changed to 480.
 8521144	[INFO]	XnProperty.cpp	151	Property Image1.RequiredDataSize was changed to 921600.
 8521164	[INFO]	XnProperty.cpp	101	Image1.YRes was successfully set.
 8521183	[INFO]	XnProperty.cpp	74	Setting Image1.XRes to 640...
 8521199	[INFO]	XnProperty.cpp	86	Image1.XRes value did not change.
 8522079	[INFO]	XnUSBLinux-x86.cpp	1222	USB read thread was started.
 8522129	[INFO]	XnProperty.cpp	151	Property Image1.ActualReadData was changed to 1.
 8708373	[WARNING]	XnDepthProcessor.cpp	133	Read: Depth buffer is corrupt. Size is 549504 (!= 614400)
 8708430	[WARNING]	XnFrameStreamProcessor.cpp	132	Depth frame is corrupt!
11722973	[INFO]	XnProperty.cpp	151	Property Image1.State was changed to 1.
11723019	[INFO]	XnDeviceBase.cpp	370	Stream Image1 is open.
11723205	[INFO]	XnProperty.cpp	74	Setting Depth1.Registration to 1...
11744426	[WARNING]	XnDepthProcessor.cpp	133	Read: Depth buffer is corrupt. Size is 591776 (!= 614400)
11744473	[WARNING]	XnFrameStreamProcessor.cpp	132	Depth frame is corrupt!
11874730	[INFO]	XnProperty.cpp	151	Property Depth1.Registration was changed to 1.
11874772	[INFO]	XnProperty.cpp	101	Depth1.Registration was successfully set.
11874819	[INFO]	XnProperty.cpp	74	Setting Image1.Mirror to 1...
11887266	[INFO]	XnProperty.cpp	151	Property Image1.FirmwareMirror was changed to 1.
11887310	[INFO]	XnProperty.cpp	151	Property Image1.Mirror was changed to 1.
11887323	[INFO]	XnProperty.cpp	101	Image1.Mirror was successfully set.
115009922	[INFO]	XnOpenNI.cpp	1459	Destroying node 'User1'
115017436	[INFO]	XnOpenNI.cpp	1459	Destroying node 'Depth1'
115017529	[INFO]	XnDeviceBase.cpp	1507	Destroying stream 'Depth1'...
115019073	[INFO]	XnOpenNI.cpp	1459	Destroying node 'Image1'
115019189	[INFO]	XnDeviceBase.cpp	1507	Destroying stream 'Image1'...
115020184	[INFO]	XnOpenNI.cpp	1459	Destroying node 'Device1'
