    1331	[INFO]	XnLog.cpp	165	OpenNI version is 1.0.0 (Build 25)-MacOSX (Jan  7 2011 14:20:18)
    1376	[INFO]	XnLog.cpp	173	Log system initialized. Console: 1, File: 1, Severity: INFO, Masks: ALL
    1401	[INFO]	XnLog.cpp	173	Log system initialized. Console: 1, File: 1, Severity: INFO, Masks: ALL
    2894	[INFO]	XnUSBLinux-x86.cpp	98	USB is initialized.
 1999606	[INFO]	XnOpenNI.cpp	1261	Creating node 'Device1' of type Device...
 2000584	[INFO]	XnDeviceModule.cpp	431	Module 'Device' configuration was loaded from file.
 2262650	[INFO]	XnDeviceSensorIO.cpp	135	Connected to USB device
 2262704	[INFO]	XnProperty.cpp	151	Property Device.USBPath was changed to 045e/02ae@253/8.
 2270092	[INFO]	XnHostProtocol.cpp	825	Hardware versions: FW=5.1.4 (7) HW=4 Chip=2 Sensor=4 SYS=7
 3681971	[INFO]	XnProperty.cpp	151	Property Device.ID was changed to 0.
 3682039	[INFO]	XnSensor.cpp	182	Device sensor initialized
 3682139	[INFO]	XnOpenNI.cpp	1261	Creating node 'Depth1' of type Depth...
 3682191	[INFO]	XnDeviceBase.cpp	1383	Creating stream 'Depth1' of type 'Depth'...
 3682217	[INFO]	XnProperty.cpp	74	Setting Device.ReadData to 1...
 3682258	[INFO]	XnDeviceSensorIO.cpp	298	Endpoints open
 3694519	[INFO]	XnProperty.cpp	151	Property Device.ReadData was changed to 1.
 3694564	[INFO]	XnProperty.cpp	101	Device.ReadData was successfully set.
 3694927	[INFO]	XnProperty.cpp	151	Property Depth1.Resolution was changed to 0.
 3694947	[INFO]	XnProperty.cpp	151	Property Depth1.XRes was changed to 320.
 3694959	[INFO]	XnProperty.cpp	151	Property Depth1.YRes was changed to 240.
 3694998	[INFO]	XnProperty.cpp	151	Property Depth1.FPS was changed to 30.
 3695015	[INFO]	XnProperty.cpp	151	Property Depth1.OutputFormat was changed to 1.
 3695032	[INFO]	XnProperty.cpp	151	Property Depth1.BytesPerPixel was changed to 2.
 3695048	[INFO]	XnProperty.cpp	151	Property Depth1.RequiredDataSize was changed to 153600.
 3695069	[INFO]	XnProperty.cpp	151	Property Depth1.ParamCoeff was changed to 4.
 3695147	[INFO]	XnProperty.cpp	151	Property Depth1.ShiftScale was changed to 10.
 3707398	[INFO]	XnProperty.cpp	151	Property Depth1.ConstShift was changed to 200.
 3707505	[INFO]	XnProperty.cpp	151	Property Depth1.ZPD was changed to 120.
 3707616	[INFO]	XnProperty.cpp	151	Property Depth1.ZPPS was changed to 0.104200.
 3707636	[INFO]	XnProperty.cpp	151	Property Depth1.LDDIS was changed to 7.500000.
 3707746	[INFO]	XnProperty.cpp	151	Property Depth1.Gain was changed to 30.
 3707787	[INFO]	XnDeviceBase.cpp	1458	Stream 'Depth1' was initialized.
 3707808	[INFO]	XnDeviceBase.cpp	1463	'Depth1' stream was created.
 3707983	[INFO]	XnProperty.cpp	74	Setting Depth1.InputFormat to 3...
 3708010	[INFO]	XnProperty.cpp	151	Property Depth1.InputFormat was changed to 3.
 3708030	[INFO]	XnProperty.cpp	101	Depth1.InputFormat was successfully set.
 3708504	[INFO]	XnProperty.cpp	74	Setting Depth1.RegistrationType to 2...
 3708530	[INFO]	XnProperty.cpp	151	Property Depth1.RegistrationType was changed to 2.
 3708550	[INFO]	XnProperty.cpp	101	Depth1.RegistrationType was successfully set.
 3709259	[INFO]	XnDeviceModule.cpp	431	Module 'Depth1' configuration was loaded from file.
 3709536	[INFO]	XnProperty.cpp	74	Setting Depth1.FPS to 30...
 3709561	[INFO]	XnProperty.cpp	86	Depth1.FPS value did not change.
 3709581	[INFO]	XnProperty.cpp	74	Setting Depth1.YRes to 480...
 3709602	[INFO]	XnProperty.cpp	151	Property Depth1.Resolution was changed to 1.
 3709621	[INFO]	XnProperty.cpp	151	Property Depth1.XRes was changed to 640.
 3709640	[INFO]	XnProperty.cpp	151	Property Depth1.RequiredDataSize was changed to 307200.
 3709663	[INFO]	XnProperty.cpp	151	Property Depth1.YRes was changed to 480.
 3709682	[INFO]	XnProperty.cpp	151	Property Depth1.RequiredDataSize was changed to 614400.
 3709703	[INFO]	XnProperty.cpp	101	Depth1.YRes was successfully set.
 3709723	[INFO]	XnProperty.cpp	74	Setting Depth1.XRes to 640...
 3709740	[INFO]	XnProperty.cpp	86	Depth1.XRes value did not change.
 3709800	[INFO]	XnProperty.cpp	74	Setting Depth1.Mirror to 1...
 3709824	[INFO]	XnProperty.cpp	151	Property Depth1.FirmwareMirror was changed to 1.
 3709883	[INFO]	XnProperty.cpp	151	Property Depth1.Mirror was changed to 1.
 3709902	[INFO]	XnProperty.cpp	101	Depth1.Mirror was successfully set.
 5919702	[INFO]	XnOpenNI.cpp	1261	Creating node 'User1' of type User...
 5943244	[WARNING]	Linux-x86Threads.cpp	173	Failed to set thread priority: Invalid argument
 5943289	[WARNING]	XnUSBLinux-x86.cpp	126	USB events thread: Failed to set thread priority to critical. This might cause loss of data...
 5944083	[INFO]	XnUSBLinux-x86.cpp	1222	USB read thread was started.
 5944107	[INFO]	XnProperty.cpp	151	Property Depth1.ActualReadData was changed to 1.
 6414250	[INFO]	XnProperty.cpp	151	Property Depth1.State was changed to 1.
 6414292	[INFO]	XnDeviceBase.cpp	370	Stream Depth1 is open.
 9229706	[INFO]	XnOpenNI.cpp	1261	Creating node 'Image1' of type Image...
 9229759	[INFO]	XnDeviceBase.cpp	1383	Creating stream 'Image1' of type 'Image'...
 9229971	[INFO]	XnProperty.cpp	151	Property Image1.Resolution was changed to 0.
 9229993	[INFO]	XnProperty.cpp	151	Property Image1.XRes was changed to 320.
 9230015	[INFO]	XnProperty.cpp	151	Property Image1.YRes was changed to 240.
 9230035	[INFO]	XnProperty.cpp	151	Property Image1.FPS was changed to 30.
 9230053	[INFO]	XnProperty.cpp	151	Property Image1.OutputFormat was changed to 5.
 9230074	[INFO]	XnProperty.cpp	151	Property Image1.BytesPerPixel was changed to 3.
 9230096	[INFO]	XnProperty.cpp	151	Property Image1.RequiredDataSize was changed to 230400.
 9230137	[INFO]	XnDeviceBase.cpp	1458	Stream 'Image1' was initialized.
 9230156	[INFO]	XnDeviceBase.cpp	1463	'Image1' stream was created.
 9230281	[INFO]	XnProperty.cpp	74	Setting Image1.InputFormat to 6...
 9230305	[INFO]	XnProperty.cpp	151	Property Image1.InputFormat was changed to 6.
 9230317	[INFO]	XnProperty.cpp	101	Image1.InputFormat was successfully set.
 9230747	[INFO]	XnDeviceModule.cpp	431	Module 'Image1' configuration was loaded from file.
 9230829	[INFO]	XnProperty.cpp	74	Setting Image1.FPS to 30...
 9230852	[INFO]	XnProperty.cpp	86	Image1.FPS value did not change.
 9230869	[INFO]	XnProperty.cpp	74	Setting Image1.YRes to 480...
 9230889	[INFO]	XnProperty.cpp	151	Property Image1.Resolution was changed to 1.
 9230907	[INFO]	XnProperty.cpp	151	Property Image1.XRes was changed to 640.
 9230926	[INFO]	XnProperty.cpp	151	Property Image1.RequiredDataSize was changed to 460800.
 9230946	[INFO]	XnProperty.cpp	151	Property Image1.YRes was changed to 480.
 9230964	[INFO]	XnProperty.cpp	151	Property Image1.RequiredDataSize was changed to 921600.
 9230983	[INFO]	XnProperty.cpp	101	Image1.YRes was successfully set.
 9231002	[INFO]	XnProperty.cpp	74	Setting Image1.XRes to 640...
 9231019	[INFO]	XnProperty.cpp	86	Image1.XRes value did not change.
 9232143	[INFO]	XnUSBLinux-x86.cpp	1222	USB read thread was started.
 9232197	[INFO]	XnProperty.cpp	151	Property Image1.ActualReadData was changed to 1.
 9415589	[WARNING]	XnDepthProcessor.cpp	133	Read: Depth buffer is corrupt. Size is 527200 (!= 614400)
 9415644	[WARNING]	XnFrameStreamProcessor.cpp	132	Depth frame is corrupt!
12432450	[INFO]	XnProperty.cpp	151	Property Image1.State was changed to 1.
12432502	[INFO]	XnDeviceBase.cpp	370	Stream Image1 is open.
12432701	[INFO]	XnProperty.cpp	74	Setting Depth1.Registration to 1...
12584467	[INFO]	XnProperty.cpp	151	Property Depth1.Registration was changed to 1.
12584519	[INFO]	XnProperty.cpp	101	Depth1.Registration was successfully set.
12584565	[INFO]	XnProperty.cpp	74	Setting Image1.Mirror to 1...
12596835	[INFO]	XnProperty.cpp	151	Property Image1.FirmwareMirror was changed to 1.
12596878	[INFO]	XnProperty.cpp	151	Property Image1.Mirror was changed to 1.
12596890	[INFO]	XnProperty.cpp	101	Image1.Mirror was successfully set.
32861894	[INFO]	XnOpenNI.cpp	1459	Destroying node 'User1'
32870027	[INFO]	XnOpenNI.cpp	1459	Destroying node 'Depth1'
32870125	[INFO]	XnDeviceBase.cpp	1507	Destroying stream 'Depth1'...
32871309	[INFO]	XnOpenNI.cpp	1459	Destroying node 'Image1'
32871370	[INFO]	XnDeviceBase.cpp	1507	Destroying stream 'Image1'...
32872315	[INFO]	XnOpenNI.cpp	1459	Destroying node 'Device1'
