    1762	[INFO]	XnLog.cpp	165	OpenNI version is 1.0.0 (Build 25)-MacOSX (Jan  7 2011 14:20:18)
    1808	[INFO]	XnLog.cpp	173	Log system initialized. Console: 1, File: 1, Severity: INFO, Masks: ALL
    1840	[INFO]	XnLog.cpp	173	Log system initialized. Console: 1, File: 1, Severity: INFO, Masks: ALL
    2981	[INFO]	XnUSBLinux-x86.cpp	98	USB is initialized.
 2485648	[INFO]	XnOpenNI.cpp	1261	Creating node 'Device1' of type Device...
 2486456	[INFO]	XnDeviceModule.cpp	431	Module 'Device' configuration was loaded from file.
 2809460	[INFO]	XnDeviceSensorIO.cpp	135	Connected to USB device
 2809526	[INFO]	XnProperty.cpp	151	Property Device.USBPath was changed to 045e/02ae@253/8.
 2817369	[INFO]	XnHostProtocol.cpp	825	Hardware versions: FW=5.1.4 (7) HW=4 Chip=2 Sensor=4 SYS=7
 4223689	[INFO]	XnProperty.cpp	151	Property Device.ID was changed to 0.
 4223755	[INFO]	XnSensor.cpp	182	Device sensor initialized
 4223892	[INFO]	XnOpenNI.cpp	1261	Creating node 'Depth1' of type Depth...
 4223951	[INFO]	XnDeviceBase.cpp	1383	Creating stream 'Depth1' of type 'Depth'...
 4223978	[INFO]	XnProperty.cpp	74	Setting Device.ReadData to 1...
 4224019	[INFO]	XnDeviceSensorIO.cpp	298	Endpoints open
 4236472	[INFO]	XnProperty.cpp	151	Property Device.ReadData was changed to 1.
 4236515	[INFO]	XnProperty.cpp	101	Device.ReadData was successfully set.
 4236866	[INFO]	XnProperty.cpp	151	Property Depth1.Resolution was changed to 0.
 4236886	[INFO]	XnProperty.cpp	151	Property Depth1.XRes was changed to 320.
 4236900	[INFO]	XnProperty.cpp	151	Property Depth1.YRes was changed to 240.
 4236912	[INFO]	XnProperty.cpp	151	Property Depth1.FPS was changed to 30.
 4236923	[INFO]	XnProperty.cpp	151	Property Depth1.OutputFormat was changed to 1.
 4236935	[INFO]	XnProperty.cpp	151	Property Depth1.BytesPerPixel was changed to 2.
 4236955	[INFO]	XnProperty.cpp	151	Property Depth1.RequiredDataSize was changed to 153600.
 4236978	[INFO]	XnProperty.cpp	151	Property Depth1.ParamCoeff was changed to 4.
 4237046	[INFO]	XnProperty.cpp	151	Property Depth1.ShiftScale was changed to 10.
 4249368	[INFO]	XnProperty.cpp	151	Property Depth1.ConstShift was changed to 200.
 4249459	[INFO]	XnProperty.cpp	151	Property Depth1.ZPD was changed to 120.
 4249567	[INFO]	XnProperty.cpp	151	Property Depth1.ZPPS was changed to 0.104200.
 4249587	[INFO]	XnProperty.cpp	151	Property Depth1.LDDIS was changed to 7.500000.
 4249694	[INFO]	XnProperty.cpp	151	Property Depth1.Gain was changed to 30.
 4249731	[INFO]	XnDeviceBase.cpp	1458	Stream 'Depth1' was initialized.
 4249751	[INFO]	XnDeviceBase.cpp	1463	'Depth1' stream was created.
 4249924	[INFO]	XnProperty.cpp	74	Setting Depth1.InputFormat to 3...
 4249951	[INFO]	XnProperty.cpp	151	Property Depth1.InputFormat was changed to 3.
 4249970	[INFO]	XnProperty.cpp	101	Depth1.InputFormat was successfully set.
 4250455	[INFO]	XnProperty.cpp	74	Setting Depth1.RegistrationType to 2...
 4250475	[INFO]	XnProperty.cpp	151	Property Depth1.RegistrationType was changed to 2.
 4250493	[INFO]	XnProperty.cpp	101	Depth1.RegistrationType was successfully set.
 4251090	[INFO]	XnDeviceModule.cpp	431	Module 'Depth1' configuration was loaded from file.
 4251360	[INFO]	XnProperty.cpp	74	Setting Depth1.FPS to 30...
 4251399	[INFO]	XnProperty.cpp	86	Depth1.FPS value did not change.
 4251430	[INFO]	XnProperty.cpp	74	Setting Depth1.YRes to 480...
 4251467	[INFO]	XnProperty.cpp	151	Property Depth1.Resolution was changed to 1.
 4251502	[INFO]	XnProperty.cpp	151	Property Depth1.XRes was changed to 640.
 4251531	[INFO]	XnProperty.cpp	151	Property Depth1.RequiredDataSize was changed to 307200.
 4251562	[INFO]	XnProperty.cpp	151	Property Depth1.YRes was changed to 480.
 4251595	[INFO]	XnProperty.cpp	151	Property Depth1.RequiredDataSize was changed to 614400.
 4251628	[INFO]	XnProperty.cpp	101	Depth1.YRes was successfully set.
 4251658	[INFO]	XnProperty.cpp	74	Setting Depth1.XRes to 640...
 4251692	[INFO]	XnProperty.cpp	86	Depth1.XRes value did not change.
 4251766	[INFO]	XnProperty.cpp	74	Setting Depth1.Mirror to 1...
 4251800	[INFO]	XnProperty.cpp	151	Property Depth1.FirmwareMirror was changed to 1.
 4251862	[INFO]	XnProperty.cpp	151	Property Depth1.Mirror was changed to 1.
 4251879	[INFO]	XnProperty.cpp	101	Depth1.Mirror was successfully set.
 6724880	[INFO]	XnOpenNI.cpp	1261	Creating node 'User1' of type User...
 6749674	[WARNING]	Linux-x86Threads.cpp	173	Failed to set thread priority: Invalid argument
 6749723	[WARNING]	XnUSBLinux-x86.cpp	126	USB events thread: Failed to set thread priority to critical. This might cause loss of data...
 6750561	[INFO]	XnUSBLinux-x86.cpp	1222	USB read thread was started.
 6750595	[INFO]	XnProperty.cpp	151	Property Depth1.ActualReadData was changed to 1.
 7220816	[INFO]	XnProperty.cpp	151	Property Depth1.State was changed to 1.
 7220861	[INFO]	XnDeviceBase.cpp	370	Stream Depth1 is open.
10210170	[INFO]	XnOpenNI.cpp	1261	Creating node 'Image1' of type Image...
10210233	[INFO]	XnDeviceBase.cpp	1383	Creating stream 'Image1' of type 'Image'...
10210437	[INFO]	XnProperty.cpp	151	Property Image1.Resolution was changed to 0.
10210457	[INFO]	XnProperty.cpp	151	Property Image1.XRes was changed to 320.
10210470	[INFO]	XnProperty.cpp	151	Property Image1.YRes was changed to 240.
10210482	[INFO]	XnProperty.cpp	151	Property Image1.FPS was changed to 30.
10210493	[INFO]	XnProperty.cpp	151	Property Image1.OutputFormat was changed to 5.
10210505	[INFO]	XnProperty.cpp	151	Property Image1.BytesPerPixel was changed to 3.
10210518	[INFO]	XnProperty.cpp	151	Property Image1.RequiredDataSize was changed to 230400.
10210546	[INFO]	XnDeviceBase.cpp	1458	Stream 'Image1' was initialized.
10210561	[INFO]	XnDeviceBase.cpp	1463	'Image1' stream was created.
10210671	[INFO]	XnProperty.cpp	74	Setting Image1.InputFormat to 6...
10210692	[INFO]	XnProperty.cpp	151	Property Image1.InputFormat was changed to 6.
10210705	[INFO]	XnProperty.cpp	101	Image1.InputFormat was successfully set.
10211119	[INFO]	XnDeviceModule.cpp	431	Module 'Image1' configuration was loaded from file.
10211213	[INFO]	XnProperty.cpp	74	Setting Image1.FPS to 30...
10211229	[INFO]	XnProperty.cpp	86	Image1.FPS value did not change.
10211241	[INFO]	XnProperty.cpp	74	Setting Image1.YRes to 480...
10211255	[INFO]	XnProperty.cpp	151	Property Image1.Resolution was changed to 1.
10211267	[INFO]	XnProperty.cpp	151	Property Image1.XRes was changed to 640.
10211279	[INFO]	XnProperty.cpp	151	Property Image1.RequiredDataSize was changed to 460800.
10211293	[INFO]	XnProperty.cpp	151	Property Image1.YRes was changed to 480.
10211305	[INFO]	XnProperty.cpp	151	Property Image1.RequiredDataSize was changed to 921600.
10211318	[INFO]	XnProperty.cpp	101	Image1.YRes was successfully set.
10211330	[INFO]	XnProperty.cpp	74	Setting Image1.XRes to 640...
10211341	[INFO]	XnProperty.cpp	86	Image1.XRes value did not change.
10212351	[INFO]	XnUSBLinux-x86.cpp	1222	USB read thread was started.
10212383	[INFO]	XnProperty.cpp	151	Property Image1.ActualReadData was changed to 1.
10394196	[WARNING]	XnFrameStreamProcessor.cpp	140	Depth Frame Buffer overflow! current size: 612768
10394244	[WARNING]	XnFrameStreamProcessor.cpp	132	Depth frame is corrupt!
10422161	[WARNING]	XnDepthProcessor.cpp	133	Read: Depth buffer is corrupt. Size is 612768 (!= 614400)
13412970	[INFO]	XnProperty.cpp	151	Property Image1.State was changed to 1.
13413015	[INFO]	XnDeviceBase.cpp	370	Stream Image1 is open.
13413244	[INFO]	XnProperty.cpp	74	Setting Depth1.Registration to 1...
13422186	[WARNING]	XnFirmwareStreams.cpp	324	Unknown packet type (0x4948)!!!
13426177	[WARNING]	XnDepthProcessor.cpp	133	Read: Depth buffer is corrupt. Size is 580032 (!= 614400)
13426221	[WARNING]	XnFrameStreamProcessor.cpp	132	Depth frame is corrupt!
13567220	[INFO]	XnProperty.cpp	151	Property Depth1.Registration was changed to 1.
13567271	[INFO]	XnProperty.cpp	101	Depth1.Registration was successfully set.
13567319	[INFO]	XnProperty.cpp	74	Setting Image1.Mirror to 1...
13579584	[INFO]	XnProperty.cpp	151	Property Image1.FirmwareMirror was changed to 1.
13579630	[INFO]	XnProperty.cpp	151	Property Image1.Mirror was changed to 1.
13579642	[INFO]	XnProperty.cpp	101	Image1.Mirror was successfully set.
16455292	[INFO]	XnOpenNI.cpp	1459	Destroying node 'User1'
16463684	[INFO]	XnOpenNI.cpp	1459	Destroying node 'Depth1'
16463770	[INFO]	XnDeviceBase.cpp	1507	Destroying stream 'Depth1'...
16465195	[INFO]	XnOpenNI.cpp	1459	Destroying node 'Image1'
16465241	[INFO]	XnDeviceBase.cpp	1507	Destroying stream 'Image1'...
16466092	[INFO]	XnOpenNI.cpp	1459	Destroying node 'Device1'
