   25212	[INFO]	XnLog.cpp	165	OpenNI version is 1.0.0 (Build 25)-MacOSX (Jan  7 2011 14:20:18)
   25255	[INFO]	XnLog.cpp	173	Log system initialized. Console: 1, File: 1, Severity: INFO, Masks: ALL
   25289	[INFO]	XnLog.cpp	173	Log system initialized. Console: 1, File: 1, Severity: INFO, Masks: ALL
   26551	[INFO]	XnUSBLinux-x86.cpp	98	USB is initialized.
143502328	[INFO]	XnOpenNI.cpp	1261	Creating node 'Device1' of type Device...
143548499	[INFO]	XnDeviceModule.cpp	431	Module 'Device' configuration was loaded from file.
161627333	[INFO]	XnDeviceSensorIO.cpp	135	Connected to USB device
161627381	[INFO]	XnProperty.cpp	151	Property Device.USBPath was changed to 045e/02ae@253/8.
161635250	[INFO]	XnHostProtocol.cpp	825	Hardware versions: FW=5.1.4 (7) HW=4 Chip=2 Sensor=4 SYS=7
163045766	[INFO]	XnProperty.cpp	151	Property Device.ID was changed to 0.
163045841	[INFO]	XnSensor.cpp	182	Device sensor initialized
163045978	[INFO]	XnOpenNI.cpp	1261	Creating node 'Depth1' of type Depth...
163046032	[INFO]	XnDeviceBase.cpp	1383	Creating stream 'Depth1' of type 'Depth'...
163046054	[INFO]	XnProperty.cpp	74	Setting Device.ReadData to 1...
163046111	[INFO]	XnDeviceSensorIO.cpp	298	Endpoints open
163058143	[INFO]	XnProperty.cpp	151	Property Device.ReadData was changed to 1.
163058194	[INFO]	XnProperty.cpp	101	Device.ReadData was successfully set.
163058625	[INFO]	XnProperty.cpp	151	Property Depth1.Resolution was changed to 0.
163058648	[INFO]	XnProperty.cpp	151	Property Depth1.XRes was changed to 320.
163058665	[INFO]	XnProperty.cpp	151	Property Depth1.YRes was changed to 240.
163058681	[INFO]	XnProperty.cpp	151	Property Depth1.FPS was changed to 30.
163058696	[INFO]	XnProperty.cpp	151	Property Depth1.OutputFormat was changed to 1.
163058711	[INFO]	XnProperty.cpp	151	Property Depth1.BytesPerPixel was changed to 2.
163058727	[INFO]	XnProperty.cpp	151	Property Depth1.RequiredDataSize was changed to 153600.
163058747	[INFO]	XnProperty.cpp	151	Property Depth1.ParamCoeff was changed to 4.
163058814	[INFO]	XnProperty.cpp	151	Property Depth1.ShiftScale was changed to 10.
163071223	[INFO]	XnProperty.cpp	151	Property Depth1.ConstShift was changed to 200.
163071312	[INFO]	XnProperty.cpp	151	Property Depth1.ZPD was changed to 120.
163071411	[INFO]	XnProperty.cpp	151	Property Depth1.ZPPS was changed to 0.104200.
163071427	[INFO]	XnProperty.cpp	151	Property Depth1.LDDIS was changed to 7.500000.
163071525	[INFO]	XnProperty.cpp	151	Property Depth1.Gain was changed to 30.
163071561	[INFO]	XnDeviceBase.cpp	1458	Stream 'Depth1' was initialized.
163071577	[INFO]	XnDeviceBase.cpp	1463	'Depth1' stream was created.
163071725	[INFO]	XnProperty.cpp	74	Setting Depth1.InputFormat to 3...
163071747	[INFO]	XnProperty.cpp	151	Property Depth1.InputFormat was changed to 3.
163071760	[INFO]	XnProperty.cpp	101	Depth1.InputFormat was successfully set.
163072189	[INFO]	XnProperty.cpp	74	Setting Depth1.RegistrationType to 2...
163072206	[INFO]	XnProperty.cpp	151	Property Depth1.RegistrationType was changed to 2.
163072218	[INFO]	XnProperty.cpp	101	Depth1.RegistrationType was successfully set.
163072676	[INFO]	XnDeviceModule.cpp	431	Module 'Depth1' configuration was loaded from file.
163072843	[INFO]	XnProperty.cpp	74	Setting Depth1.FPS to 30...
163072859	[INFO]	XnProperty.cpp	86	Depth1.FPS value did not change.
163072871	[INFO]	XnProperty.cpp	74	Setting Depth1.YRes to 480...
163072885	[INFO]	XnProperty.cpp	151	Property Depth1.Resolution was changed to 1.
163072898	[INFO]	XnProperty.cpp	151	Property Depth1.XRes was changed to 640.
163072910	[INFO]	XnProperty.cpp	151	Property Depth1.RequiredDataSize was changed to 307200.
163072924	[INFO]	XnProperty.cpp	151	Property Depth1.YRes was changed to 480.
163072936	[INFO]	XnProperty.cpp	151	Property Depth1.RequiredDataSize was changed to 614400.
163072949	[INFO]	XnProperty.cpp	101	Depth1.YRes was successfully set.
163072962	[INFO]	XnProperty.cpp	74	Setting Depth1.XRes to 640...
163072973	[INFO]	XnProperty.cpp	86	Depth1.XRes value did not change.
163073016	[INFO]	XnProperty.cpp	74	Setting Depth1.Mirror to 1...
163073031	[INFO]	XnProperty.cpp	151	Property Depth1.FirmwareMirror was changed to 1.
163073085	[INFO]	XnProperty.cpp	151	Property Depth1.Mirror was changed to 1.
163073096	[INFO]	XnProperty.cpp	101	Depth1.Mirror was successfully set.
325513023	[INFO]	XnOpenNI.cpp	1261	Creating node 'User1' of type User...
325700791	[WARNING]	Linux-x86Threads.cpp	173	Failed to set thread priority: Invalid argument
325700849	[WARNING]	XnUSBLinux-x86.cpp	126	USB events thread: Failed to set thread priority to critical. This might cause loss of data...
325701975	[INFO]	XnUSBLinux-x86.cpp	1222	USB read thread was started.
325702023	[INFO]	XnProperty.cpp	151	Property Depth1.ActualReadData was changed to 1.
326170919	[INFO]	XnProperty.cpp	151	Property Depth1.State was changed to 1.
326170961	[INFO]	XnDeviceBase.cpp	370	Stream Depth1 is open.
469622246	[INFO]	XnOpenNI.cpp	1261	Creating node 'Image1' of type Image...
469622301	[INFO]	XnDeviceBase.cpp	1383	Creating stream 'Image1' of type 'Image'...
469622535	[INFO]	XnProperty.cpp	151	Property Image1.Resolution was changed to 0.
469622562	[INFO]	XnProperty.cpp	151	Property Image1.XRes was changed to 320.
469622580	[INFO]	XnProperty.cpp	151	Property Image1.YRes was changed to 240.
469622600	[INFO]	XnProperty.cpp	151	Property Image1.FPS was changed to 30.
469622618	[INFO]	XnProperty.cpp	151	Property Image1.OutputFormat was changed to 5.
469622638	[INFO]	XnProperty.cpp	151	Property Image1.BytesPerPixel was changed to 3.
469622657	[INFO]	XnProperty.cpp	151	Property Image1.RequiredDataSize was changed to 230400.
469622701	[INFO]	XnDeviceBase.cpp	1458	Stream 'Image1' was initialized.
469622724	[INFO]	XnDeviceBase.cpp	1463	'Image1' stream was created.
469622891	[INFO]	XnProperty.cpp	74	Setting Image1.InputFormat to 6...
469622921	[INFO]	XnProperty.cpp	151	Property Image1.InputFormat was changed to 6.
469622942	[INFO]	XnProperty.cpp	101	Image1.InputFormat was successfully set.
469623577	[INFO]	XnDeviceModule.cpp	431	Module 'Image1' configuration was loaded from file.
469623725	[INFO]	XnProperty.cpp	74	Setting Image1.FPS to 30...
469623750	[INFO]	XnProperty.cpp	86	Image1.FPS value did not change.
469623771	[INFO]	XnProperty.cpp	74	Setting Image1.YRes to 480...
469623793	[INFO]	XnProperty.cpp	151	Property Image1.Resolution was changed to 1.
469623813	[INFO]	XnProperty.cpp	151	Property Image1.XRes was changed to 640.
469623834	[INFO]	XnProperty.cpp	151	Property Image1.RequiredDataSize was changed to 460800.
469623857	[INFO]	XnProperty.cpp	151	Property Image1.YRes was changed to 480.
469623878	[INFO]	XnProperty.cpp	151	Property Image1.RequiredDataSize was changed to 921600.
469623899	[INFO]	XnProperty.cpp	101	Image1.YRes was successfully set.
469623920	[INFO]	XnProperty.cpp	74	Setting Image1.XRes to 640...
469623949	[INFO]	XnProperty.cpp	86	Image1.XRes value did not change.
469625164	[INFO]	XnUSBLinux-x86.cpp	1222	USB read thread was started.
469625206	[INFO]	XnProperty.cpp	151	Property Image1.ActualReadData was changed to 1.
469791642	[WARNING]	XnDepthProcessor.cpp	133	Read: Depth buffer is corrupt. Size is 592080 (!= 614400)
469791689	[WARNING]	XnFrameStreamProcessor.cpp	132	Depth frame is corrupt!
469823650	[WARNING]	XnDepthProcessor.cpp	133	Read: Depth buffer is corrupt. Size is 554368 (!= 614400)
469823678	[WARNING]	XnFrameStreamProcessor.cpp	132	Depth frame is corrupt!
472825893	[INFO]	XnProperty.cpp	151	Property Image1.State was changed to 1.
472825936	[INFO]	XnDeviceBase.cpp	370	Stream Image1 is open.
472826109	[INFO]	XnProperty.cpp	74	Setting Depth1.Registration to 1...
472859663	[WARNING]	XnDepthProcessor.cpp	133	Read: Depth buffer is corrupt. Size is 558480 (!= 614400)
472859712	[WARNING]	XnFrameStreamProcessor.cpp	132	Depth frame is corrupt!
472977051	[INFO]	XnProperty.cpp	151	Property Depth1.Registration was changed to 1.
472977085	[INFO]	XnProperty.cpp	101	Depth1.Registration was successfully set.
472977133	[INFO]	XnProperty.cpp	74	Setting Image1.Mirror to 1...
472989922	[INFO]	XnProperty.cpp	151	Property Image1.FirmwareMirror was changed to 1.
472989958	[INFO]	XnProperty.cpp	151	Property Image1.Mirror was changed to 1.
472990003	[INFO]	XnProperty.cpp	101	Image1.Mirror was successfully set.
720290743	[INFO]	XnOpenNI.cpp	1459	Destroying node 'User1'
720299734	[INFO]	XnOpenNI.cpp	1459	Destroying node 'Depth1'
720299847	[INFO]	XnDeviceBase.cpp	1507	Destroying stream 'Depth1'...
720301312	[INFO]	XnOpenNI.cpp	1459	Destroying node 'Image1'
720301355	[INFO]	XnDeviceBase.cpp	1507	Destroying stream 'Image1'...
720302326	[INFO]	XnOpenNI.cpp	1459	Destroying node 'Device1'
