    1620	[INFO]	XnLog.cpp	165	OpenNI version is 1.0.0 (Build 25)-MacOSX (Jan  7 2011 14:20:18)
    1665	[INFO]	XnLog.cpp	173	Log system initialized. Console: 1, File: 1, Severity: INFO, Masks: ALL
    1688	[INFO]	XnLog.cpp	173	Log system initialized. Console: 1, File: 1, Severity: INFO, Masks: ALL
    2816	[INFO]	XnUSBLinux-x86.cpp	98	USB is initialized.
 1964695	[INFO]	XnOpenNI.cpp	1261	Creating node 'Device1' of type Device...
 1965472	[INFO]	XnDeviceModule.cpp	431	Module 'Device' configuration was loaded from file.
 2231520	[INFO]	XnDeviceSensorIO.cpp	135	Connected to USB device
 2231573	[INFO]	XnProperty.cpp	151	Property Device.USBPath was changed to 045e/02ae@250/10.
 2239257	[INFO]	XnHostProtocol.cpp	825	Hardware versions: FW=5.1.4 (7) HW=4 Chip=2 Sensor=4 SYS=7
 3751582	[INFO]	XnProperty.cpp	151	Property Device.ID was changed to 0.
 3751650	[INFO]	XnSensor.cpp	182	Device sensor initialized
 3751771	[INFO]	XnOpenNI.cpp	1261	Creating node 'Depth1' of type Depth...
 3751825	[INFO]	XnDeviceBase.cpp	1383	Creating stream 'Depth1' of type 'Depth'...
 3751852	[INFO]	XnProperty.cpp	74	Setting Device.ReadData to 1...
 3751893	[INFO]	XnDeviceSensorIO.cpp	298	Endpoints open
 3764190	[INFO]	XnProperty.cpp	151	Property Device.ReadData was changed to 1.
 3764234	[INFO]	XnProperty.cpp	101	Device.ReadData was successfully set.
 3764659	[INFO]	XnProperty.cpp	151	Property Depth1.Resolution was changed to 0.
 3764687	[INFO]	XnProperty.cpp	151	Property Depth1.XRes was changed to 320.
 3764708	[INFO]	XnProperty.cpp	151	Property Depth1.YRes was changed to 240.
 3764729	[INFO]	XnProperty.cpp	151	Property Depth1.FPS was changed to 30.
 3764748	[INFO]	XnProperty.cpp	151	Property Depth1.OutputFormat was changed to 1.
 3764766	[INFO]	XnProperty.cpp	151	Property Depth1.BytesPerPixel was changed to 2.
 3764784	[INFO]	XnProperty.cpp	151	Property Depth1.RequiredDataSize was changed to 153600.
 3764809	[INFO]	XnProperty.cpp	151	Property Depth1.ParamCoeff was changed to 4.
 3764889	[INFO]	XnProperty.cpp	151	Property Depth1.ShiftScale was changed to 10.
 3777061	[INFO]	XnProperty.cpp	151	Property Depth1.ConstShift was changed to 200.
 3777178	[INFO]	XnProperty.cpp	151	Property Depth1.ZPD was changed to 120.
 3777293	[INFO]	XnProperty.cpp	151	Property Depth1.ZPPS was changed to 0.104200.
 3777314	[INFO]	XnProperty.cpp	151	Property Depth1.LDDIS was changed to 7.500000.
 3777435	[INFO]	XnProperty.cpp	151	Property Depth1.Gain was changed to 30.
 3777484	[INFO]	XnDeviceBase.cpp	1458	Stream 'Depth1' was initialized.
 3777508	[INFO]	XnDeviceBase.cpp	1463	'Depth1' stream was created.
 3777691	[INFO]	XnProperty.cpp	74	Setting Depth1.InputFormat to 3...
 3777719	[INFO]	XnProperty.cpp	151	Property Depth1.InputFormat was changed to 3.
 3777739	[INFO]	XnProperty.cpp	101	Depth1.InputFormat was successfully set.
 3778348	[INFO]	XnProperty.cpp	74	Setting Depth1.RegistrationType to 2...
 3778376	[INFO]	XnProperty.cpp	151	Property Depth1.RegistrationType was changed to 2.
 3778398	[INFO]	XnProperty.cpp	101	Depth1.RegistrationType was successfully set.
 3779194	[INFO]	XnDeviceModule.cpp	431	Module 'Depth1' configuration was loaded from file.
 3779496	[INFO]	XnProperty.cpp	74	Setting Depth1.FPS to 30...
 3779522	[INFO]	XnProperty.cpp	86	Depth1.FPS value did not change.
 3779541	[INFO]	XnProperty.cpp	74	Setting Depth1.YRes to 480...
 3779565	[INFO]	XnProperty.cpp	151	Property Depth1.Resolution was changed to 1.
 3779587	[INFO]	XnProperty.cpp	151	Property Depth1.XRes was changed to 640.
 3779608	[INFO]	XnProperty.cpp	151	Property Depth1.RequiredDataSize was changed to 307200.
 3779630	[INFO]	XnProperty.cpp	151	Property Depth1.YRes was changed to 480.
 3779650	[INFO]	XnProperty.cpp	151	Property Depth1.RequiredDataSize was changed to 614400.
 3779670	[INFO]	XnProperty.cpp	101	Depth1.YRes was successfully set.
 3779689	[INFO]	XnProperty.cpp	74	Setting Depth1.XRes to 640...
 3779706	[INFO]	XnProperty.cpp	86	Depth1.XRes value did not change.
 3779771	[INFO]	XnProperty.cpp	74	Setting Depth1.Mirror to 1...
 3779796	[INFO]	XnProperty.cpp	151	Property Depth1.FirmwareMirror was changed to 1.
 3779853	[INFO]	XnProperty.cpp	151	Property Depth1.Mirror was changed to 1.
 3779871	[INFO]	XnProperty.cpp	101	Depth1.Mirror was successfully set.
 4877618	[INFO]	XnOpenNI.cpp	1261	Creating node 'User1' of type User...
 4902766	[WARNING]	Linux-x86Threads.cpp	173	Failed to set thread priority: Invalid argument
 4902811	[WARNING]	XnUSBLinux-x86.cpp	126	USB events thread: Failed to set thread priority to critical. This might cause loss of data...
 4903646	[INFO]	XnUSBLinux-x86.cpp	1222	USB read thread was started.
 4903671	[INFO]	XnProperty.cpp	151	Property Depth1.ActualReadData was changed to 1.
 5374511	[INFO]	XnProperty.cpp	151	Property Depth1.State was changed to 1.
 5374572	[INFO]	XnDeviceBase.cpp	370	Stream Depth1 is open.
 6797625	[INFO]	XnOpenNI.cpp	1261	Creating node 'Image1' of type Image...
 6797676	[INFO]	XnDeviceBase.cpp	1383	Creating stream 'Image1' of type 'Image'...
 6797915	[INFO]	XnProperty.cpp	151	Property Image1.Resolution was changed to 0.
 6797943	[INFO]	XnProperty.cpp	151	Property Image1.XRes was changed to 320.
 6797961	[INFO]	XnProperty.cpp	151	Property Image1.YRes was changed to 240.
 6797980	[INFO]	XnProperty.cpp	151	Property Image1.FPS was changed to 30.
 6797997	[INFO]	XnProperty.cpp	151	Property Image1.OutputFormat was changed to 5.
 6798016	[INFO]	XnProperty.cpp	151	Property Image1.BytesPerPixel was changed to 3.
 6798035	[INFO]	XnProperty.cpp	151	Property Image1.RequiredDataSize was changed to 230400.
 6798081	[INFO]	XnDeviceBase.cpp	1458	Stream 'Image1' was initialized.
 6798104	[INFO]	XnDeviceBase.cpp	1463	'Image1' stream was created.
 6798249	[INFO]	XnProperty.cpp	74	Setting Image1.InputFormat to 6...
 6798279	[INFO]	XnProperty.cpp	151	Property Image1.InputFormat was changed to 6.
 6798299	[INFO]	XnProperty.cpp	101	Image1.InputFormat was successfully set.
 6798922	[INFO]	XnDeviceModule.cpp	431	Module 'Image1' configuration was loaded from file.
 6799056	[INFO]	XnProperty.cpp	74	Setting Image1.FPS to 30...
 6799080	[INFO]	XnProperty.cpp	86	Image1.FPS value did not change.
 6799097	[INFO]	XnProperty.cpp	74	Setting Image1.YRes to 480...
 6799117	[INFO]	XnProperty.cpp	151	Property Image1.Resolution was changed to 1.
 6799138	[INFO]	XnProperty.cpp	151	Property Image1.XRes was changed to 640.
 6799160	[INFO]	XnProperty.cpp	151	Property Image1.RequiredDataSize was changed to 460800.
 6799185	[INFO]	XnProperty.cpp	151	Property Image1.YRes was changed to 480.
 6799221	[INFO]	XnProperty.cpp	151	Property Image1.RequiredDataSize was changed to 921600.
 6799244	[INFO]	XnProperty.cpp	101	Image1.YRes was successfully set.
 6799268	[INFO]	XnProperty.cpp	74	Setting Image1.XRes to 640...
 6799290	[INFO]	XnProperty.cpp	86	Image1.XRes value did not change.
 6800546	[INFO]	XnUSBLinux-x86.cpp	1222	USB read thread was started.
 6800596	[INFO]	XnProperty.cpp	151	Property Image1.ActualReadData was changed to 1.
 6974921	[WARNING]	XnDepthProcessor.cpp	133	Read: Depth buffer is corrupt. Size is 540704 (!= 614400)
 6974968	[WARNING]	XnFrameStreamProcessor.cpp	132	Depth frame is corrupt!
 7006952	[WARNING]	XnDepthProcessor.cpp	133	Read: Depth buffer is corrupt. Size is 584800 (!= 614400)
 7006998	[WARNING]	XnFrameStreamProcessor.cpp	132	Depth frame is corrupt!
10001207	[INFO]	XnProperty.cpp	151	Property Image1.State was changed to 1.
10001250	[INFO]	XnDeviceBase.cpp	370	Stream Image1 is open.
10001484	[INFO]	XnProperty.cpp	74	Setting Depth1.Registration to 1...
10153954	[INFO]	XnProperty.cpp	151	Property Depth1.Registration was changed to 1.
10153996	[INFO]	XnProperty.cpp	101	Depth1.Registration was successfully set.
10154042	[INFO]	XnProperty.cpp	74	Setting Image1.Mirror to 1...
10166308	[INFO]	XnProperty.cpp	151	Property Image1.FirmwareMirror was changed to 1.
10166361	[INFO]	XnProperty.cpp	151	Property Image1.Mirror was changed to 1.
10166380	[INFO]	XnProperty.cpp	101	Image1.Mirror was successfully set.
45228303	[INFO]	XnOpenNI.cpp	1459	Destroying node 'User1'
45237331	[INFO]	XnOpenNI.cpp	1459	Destroying node 'Depth1'
45237419	[INFO]	XnDeviceBase.cpp	1507	Destroying stream 'Depth1'...
45238653	[INFO]	XnOpenNI.cpp	1459	Destroying node 'Image1'
45238766	[INFO]	XnDeviceBase.cpp	1507	Destroying stream 'Image1'...
45239800	[INFO]	XnOpenNI.cpp	1459	Destroying node 'Device1'
