    1731	[INFO]	XnLog.cpp	165	OpenNI version is 1.0.0 (Build 25)-MacOSX (Jan  7 2011 14:20:18)
    1782	[INFO]	XnLog.cpp	173	Log system initialized. Console: 1, File: 1, Severity: INFO, Masks: ALL
    1810	[INFO]	XnLog.cpp	173	Log system initialized. Console: 1, File: 1, Severity: INFO, Masks: ALL
    3280	[INFO]	XnUSBLinux-x86.cpp	98	USB is initialized.
 1966805	[INFO]	XnOpenNI.cpp	1261	Creating node 'Device1' of type Device...
 1967613	[INFO]	XnDeviceModule.cpp	431	Module 'Device' configuration was loaded from file.
 2232953	[INFO]	XnDeviceSensorIO.cpp	135	Connected to USB device
 2232999	[INFO]	XnProperty.cpp	151	Property Device.USBPath was changed to 045e/02ae@250/10.
 2240441	[INFO]	XnHostProtocol.cpp	825	Hardware versions: FW=5.1.4 (7) HW=4 Chip=2 Sensor=4 SYS=7
 3753804	[INFO]	XnProperty.cpp	151	Property Device.ID was changed to 0.
 3753850	[INFO]	XnSensor.cpp	182	Device sensor initialized
 3753942	[INFO]	XnOpenNI.cpp	1261	Creating node 'Depth1' of type Depth...
 3753990	[INFO]	XnDeviceBase.cpp	1383	Creating stream 'Depth1' of type 'Depth'...
 3754009	[INFO]	XnProperty.cpp	74	Setting Device.ReadData to 1...
 3754040	[INFO]	XnDeviceSensorIO.cpp	298	Endpoints open
 3766429	[INFO]	XnProperty.cpp	151	Property Device.ReadData was changed to 1.
 3766472	[INFO]	XnProperty.cpp	101	Device.ReadData was successfully set.
 3766847	[INFO]	XnProperty.cpp	151	Property Depth1.Resolution was changed to 0.
 3766869	[INFO]	XnProperty.cpp	151	Property Depth1.XRes was changed to 320.
 3766881	[INFO]	XnProperty.cpp	151	Property Depth1.YRes was changed to 240.
 3766893	[INFO]	XnProperty.cpp	151	Property Depth1.FPS was changed to 30.
 3766904	[INFO]	XnProperty.cpp	151	Property Depth1.OutputFormat was changed to 1.
 3766917	[INFO]	XnProperty.cpp	151	Property Depth1.BytesPerPixel was changed to 2.
 3766930	[INFO]	XnProperty.cpp	151	Property Depth1.RequiredDataSize was changed to 153600.
 3766945	[INFO]	XnProperty.cpp	151	Property Depth1.ParamCoeff was changed to 4.
 3767018	[INFO]	XnProperty.cpp	151	Property Depth1.ShiftScale was changed to 10.
 3779225	[INFO]	XnProperty.cpp	151	Property Depth1.ConstShift was changed to 200.
 3779316	[INFO]	XnProperty.cpp	151	Property Depth1.ZPD was changed to 120.
 3779423	[INFO]	XnProperty.cpp	151	Property Depth1.ZPPS was changed to 0.104200.
 3779442	[INFO]	XnProperty.cpp	151	Property Depth1.LDDIS was changed to 7.500000.
 3779534	[INFO]	XnProperty.cpp	151	Property Depth1.Gain was changed to 30.
 3779567	[INFO]	XnDeviceBase.cpp	1458	Stream 'Depth1' was initialized.
 3779584	[INFO]	XnDeviceBase.cpp	1463	'Depth1' stream was created.
 3779754	[INFO]	XnProperty.cpp	74	Setting Depth1.InputFormat to 3...
 3779780	[INFO]	XnProperty.cpp	151	Property Depth1.InputFormat was changed to 3.
 3779793	[INFO]	XnProperty.cpp	101	Depth1.InputFormat was successfully set.
 3780238	[INFO]	XnProperty.cpp	74	Setting Depth1.RegistrationType to 2...
 3780256	[INFO]	XnProperty.cpp	151	Property Depth1.RegistrationType was changed to 2.
 3780268	[INFO]	XnProperty.cpp	101	Depth1.RegistrationType was successfully set.
 3780737	[INFO]	XnDeviceModule.cpp	431	Module 'Depth1' configuration was loaded from file.
 3780952	[INFO]	XnProperty.cpp	74	Setting Depth1.FPS to 30...
 3780971	[INFO]	XnProperty.cpp	86	Depth1.FPS value did not change.
 3780983	[INFO]	XnProperty.cpp	74	Setting Depth1.YRes to 480...
 3780997	[INFO]	XnProperty.cpp	151	Property Depth1.Resolution was changed to 1.
 3781012	[INFO]	XnProperty.cpp	151	Property Depth1.XRes was changed to 640.
 3781025	[INFO]	XnProperty.cpp	151	Property Depth1.RequiredDataSize was changed to 307200.
 3781045	[INFO]	XnProperty.cpp	151	Property Depth1.YRes was changed to 480.
 3781064	[INFO]	XnProperty.cpp	151	Property Depth1.RequiredDataSize was changed to 614400.
 3781085	[INFO]	XnProperty.cpp	101	Depth1.YRes was successfully set.
 3781104	[INFO]	XnProperty.cpp	74	Setting Depth1.XRes to 640...
 3781121	[INFO]	XnProperty.cpp	86	Depth1.XRes value did not change.
 3781180	[INFO]	XnProperty.cpp	74	Setting Depth1.Mirror to 1...
 3781201	[INFO]	XnProperty.cpp	151	Property Depth1.FirmwareMirror was changed to 1.
 3781257	[INFO]	XnProperty.cpp	151	Property Depth1.Mirror was changed to 1.
 3781276	[INFO]	XnProperty.cpp	101	Depth1.Mirror was successfully set.
 4880028	[INFO]	XnOpenNI.cpp	1261	Creating node 'User1' of type User...
 4908239	[WARNING]	Linux-x86Threads.cpp	173	Failed to set thread priority: Invalid argument
 4908286	[WARNING]	XnUSBLinux-x86.cpp	126	USB events thread: Failed to set thread priority to critical. This might cause loss of data...
 4909128	[INFO]	XnUSBLinux-x86.cpp	1222	USB read thread was started.
 4909163	[INFO]	XnProperty.cpp	151	Property Depth1.ActualReadData was changed to 1.
 5380500	[INFO]	XnProperty.cpp	151	Property Depth1.State was changed to 1.
 5380545	[INFO]	XnDeviceBase.cpp	370	Stream Depth1 is open.
 6914938	[INFO]	XnOpenNI.cpp	1261	Creating node 'Image1' of type Image...
 6914993	[INFO]	XnDeviceBase.cpp	1383	Creating stream 'Image1' of type 'Image'...
 6915235	[INFO]	XnProperty.cpp	151	Property Image1.Resolution was changed to 0.
 6915266	[INFO]	XnProperty.cpp	151	Property Image1.XRes was changed to 320.
 6915286	[INFO]	XnProperty.cpp	151	Property Image1.YRes was changed to 240.
 6915307	[INFO]	XnProperty.cpp	151	Property Image1.FPS was changed to 30.
 6915327	[INFO]	XnProperty.cpp	151	Property Image1.OutputFormat was changed to 5.
 6915349	[INFO]	XnProperty.cpp	151	Property Image1.BytesPerPixel was changed to 3.
 6915373	[INFO]	XnProperty.cpp	151	Property Image1.RequiredDataSize was changed to 230400.
 6915419	[INFO]	XnDeviceBase.cpp	1458	Stream 'Image1' was initialized.
 6915445	[INFO]	XnDeviceBase.cpp	1463	'Image1' stream was created.
 6915592	[INFO]	XnProperty.cpp	74	Setting Image1.InputFormat to 6...
 6915627	[INFO]	XnProperty.cpp	151	Property Image1.InputFormat was changed to 6.
 6915650	[INFO]	XnProperty.cpp	101	Image1.InputFormat was successfully set.
 6916354	[INFO]	XnDeviceModule.cpp	431	Module 'Image1' configuration was loaded from file.
 6916513	[INFO]	XnProperty.cpp	74	Setting Image1.FPS to 30...
 6916556	[INFO]	XnProperty.cpp	86	Image1.FPS value did not change.
 6916582	[INFO]	XnProperty.cpp	74	Setting Image1.YRes to 480...
 6916607	[INFO]	XnProperty.cpp	151	Property Image1.Resolution was changed to 1.
 6916634	[INFO]	XnProperty.cpp	151	Property Image1.XRes was changed to 640.
 6916658	[INFO]	XnProperty.cpp	151	Property Image1.RequiredDataSize was changed to 460800.
 6916685	[INFO]	XnProperty.cpp	151	Property Image1.YRes was changed to 480.
 6916709	[INFO]	XnProperty.cpp	151	Property Image1.RequiredDataSize was changed to 921600.
 6916734	[INFO]	XnProperty.cpp	101	Image1.YRes was successfully set.
 6916759	[INFO]	XnProperty.cpp	74	Setting Image1.XRes to 640...
 6916796	[INFO]	XnProperty.cpp	86	Image1.XRes value did not change.
 6918124	[INFO]	XnUSBLinux-x86.cpp	1222	USB read thread was started.
 6918175	[INFO]	XnProperty.cpp	151	Property Image1.ActualReadData was changed to 1.
 6976940	[WARNING]	XnDepthProcessor.cpp	133	Read: Depth buffer is corrupt. Size is 589440 (!= 614400)
 6976988	[WARNING]	XnFrameStreamProcessor.cpp	132	Depth frame is corrupt!
 7112918	[WARNING]	XnDepthProcessor.cpp	133	Read: Depth buffer is corrupt. Size is 581312 (!= 614400)
 7112967	[WARNING]	XnFrameStreamProcessor.cpp	132	Depth frame is corrupt!
10016929	[WARNING]	XnDepthProcessor.cpp	133	Read: Depth buffer is corrupt. Size is 595104 (!= 614400)
10016976	[WARNING]	XnFrameStreamProcessor.cpp	132	Depth frame is corrupt!
10119252	[INFO]	XnProperty.cpp	151	Property Image1.State was changed to 1.
10119306	[INFO]	XnDeviceBase.cpp	370	Stream Image1 is open.
10119545	[INFO]	XnProperty.cpp	74	Setting Depth1.Registration to 1...
10274512	[INFO]	XnProperty.cpp	151	Property Depth1.Registration was changed to 1.
10274560	[INFO]	XnProperty.cpp	101	Depth1.Registration was successfully set.
10274611	[INFO]	XnProperty.cpp	74	Setting Image1.Mirror to 1...
10286922	[INFO]	XnProperty.cpp	151	Property Image1.FirmwareMirror was changed to 1.
10286981	[INFO]	XnProperty.cpp	151	Property Image1.Mirror was changed to 1.
10287004	[INFO]	XnProperty.cpp	101	Image1.Mirror was successfully set.
230933537	[INFO]	XnOpenNI.cpp	1459	Destroying node 'User1'
230944201	[INFO]	XnOpenNI.cpp	1459	Destroying node 'Depth1'
230944312	[INFO]	XnDeviceBase.cpp	1507	Destroying stream 'Depth1'...
230946700	[INFO]	XnOpenNI.cpp	1459	Destroying node 'Image1'
230946802	[INFO]	XnDeviceBase.cpp	1507	Destroying stream 'Image1'...
230948499	[INFO]	XnOpenNI.cpp	1459	Destroying node 'Device1'
