    1507	[INFO]	XnLog.cpp	165	OpenNI version is 1.0.0 (Build 25)-MacOSX (Jan  7 2011 14:20:18)
    1569	[INFO]	XnLog.cpp	173	Log system initialized. Console: 1, File: 1, Severity: INFO, Masks: ALL
    1601	[INFO]	XnLog.cpp	173	Log system initialized. Console: 1, File: 1, Severity: INFO, Masks: ALL
    3130	[INFO]	XnUSBLinux-x86.cpp	98	USB is initialized.
 1966288	[INFO]	XnOpenNI.cpp	1261	Creating node 'Device1' of type Device...
 1967086	[INFO]	XnDeviceModule.cpp	431	Module 'Device' configuration was loaded from file.
 2231382	[INFO]	XnDeviceSensorIO.cpp	135	Connected to USB device
 2231437	[INFO]	XnProperty.cpp	151	Property Device.USBPath was changed to 045e/02ae@250/10.
 2239066	[INFO]	XnHostProtocol.cpp	825	Hardware versions: FW=5.1.4 (7) HW=4 Chip=2 Sensor=4 SYS=7
 3747818	[INFO]	XnProperty.cpp	151	Property Device.ID was changed to 0.
 3747883	[INFO]	XnSensor.cpp	182	Device sensor initialized
 3747973	[INFO]	XnOpenNI.cpp	1261	Creating node 'Depth1' of type Depth...
 3748012	[INFO]	XnDeviceBase.cpp	1383	Creating stream 'Depth1' of type 'Depth'...
 3748029	[INFO]	XnProperty.cpp	74	Setting Device.ReadData to 1...
 3748061	[INFO]	XnDeviceSensorIO.cpp	298	Endpoints open
 3760210	[INFO]	XnProperty.cpp	151	Property Device.ReadData was changed to 1.
 3760254	[INFO]	XnProperty.cpp	101	Device.ReadData was successfully set.
 3760625	[INFO]	XnProperty.cpp	151	Property Depth1.Resolution was changed to 0.
 3760646	[INFO]	XnProperty.cpp	151	Property Depth1.XRes was changed to 320.
 3760660	[INFO]	XnProperty.cpp	151	Property Depth1.YRes was changed to 240.
 3760673	[INFO]	XnProperty.cpp	151	Property Depth1.FPS was changed to 30.
 3760685	[INFO]	XnProperty.cpp	151	Property Depth1.OutputFormat was changed to 1.
 3760697	[INFO]	XnProperty.cpp	151	Property Depth1.BytesPerPixel was changed to 2.
 3760709	[INFO]	XnProperty.cpp	151	Property Depth1.RequiredDataSize was changed to 153600.
 3760725	[INFO]	XnProperty.cpp	151	Property Depth1.ParamCoeff was changed to 4.
 3760784	[INFO]	XnProperty.cpp	151	Property Depth1.ShiftScale was changed to 10.
 3773200	[INFO]	XnProperty.cpp	151	Property Depth1.ConstShift was changed to 200.
 3773295	[INFO]	XnProperty.cpp	151	Property Depth1.ZPD was changed to 120.
 3773406	[INFO]	XnProperty.cpp	151	Property Depth1.ZPPS was changed to 0.104200.
 3773433	[INFO]	XnProperty.cpp	151	Property Depth1.LDDIS was changed to 7.500000.
 3773559	[INFO]	XnProperty.cpp	151	Property Depth1.Gain was changed to 30.
 3773603	[INFO]	XnDeviceBase.cpp	1458	Stream 'Depth1' was initialized.
 3773623	[INFO]	XnDeviceBase.cpp	1463	'Depth1' stream was created.
 3773813	[INFO]	XnProperty.cpp	74	Setting Depth1.InputFormat to 3...
 3773841	[INFO]	XnProperty.cpp	151	Property Depth1.InputFormat was changed to 3.
 3773860	[INFO]	XnProperty.cpp	101	Depth1.InputFormat was successfully set.
 3774363	[INFO]	XnProperty.cpp	74	Setting Depth1.RegistrationType to 2...
 3774384	[INFO]	XnProperty.cpp	151	Property Depth1.RegistrationType was changed to 2.
 3774403	[INFO]	XnProperty.cpp	101	Depth1.RegistrationType was successfully set.
 3774873	[INFO]	XnDeviceModule.cpp	431	Module 'Depth1' configuration was loaded from file.
 3775049	[INFO]	XnProperty.cpp	74	Setting Depth1.FPS to 30...
 3775072	[INFO]	XnProperty.cpp	86	Depth1.FPS value did not change.
 3775090	[INFO]	XnProperty.cpp	74	Setting Depth1.YRes to 480...
 3775114	[INFO]	XnProperty.cpp	151	Property Depth1.Resolution was changed to 1.
 3775135	[INFO]	XnProperty.cpp	151	Property Depth1.XRes was changed to 640.
 3775153	[INFO]	XnProperty.cpp	151	Property Depth1.RequiredDataSize was changed to 307200.
 3775172	[INFO]	XnProperty.cpp	151	Property Depth1.YRes was changed to 480.
 3775193	[INFO]	XnProperty.cpp	151	Property Depth1.RequiredDataSize was changed to 614400.
 3775212	[INFO]	XnProperty.cpp	101	Depth1.YRes was successfully set.
 3775231	[INFO]	XnProperty.cpp	74	Setting Depth1.XRes to 640...
 3775247	[INFO]	XnProperty.cpp	86	Depth1.XRes value did not change.
 3775303	[INFO]	XnProperty.cpp	74	Setting Depth1.Mirror to 1...
 3775322	[INFO]	XnProperty.cpp	151	Property Depth1.FirmwareMirror was changed to 1.
 3775383	[INFO]	XnProperty.cpp	151	Property Depth1.Mirror was changed to 1.
 3775401	[INFO]	XnProperty.cpp	101	Depth1.Mirror was successfully set.
 4872097	[INFO]	XnOpenNI.cpp	1261	Creating node 'User1' of type User...
 4900095	[WARNING]	Linux-x86Threads.cpp	173	Failed to set thread priority: Invalid argument
 4900140	[WARNING]	XnUSBLinux-x86.cpp	126	USB events thread: Failed to set thread priority to critical. This might cause loss of data...
 4901031	[INFO]	XnUSBLinux-x86.cpp	1222	USB read thread was started.
 4901063	[INFO]	XnProperty.cpp	151	Property Depth1.ActualReadData was changed to 1.
 5376904	[INFO]	XnProperty.cpp	151	Property Depth1.State was changed to 1.
 5376958	[INFO]	XnDeviceBase.cpp	370	Stream Depth1 is open.
 6485174	[INFO]	XnOpenNI.cpp	1261	Creating node 'Image1' of type Image...
 6485233	[INFO]	XnDeviceBase.cpp	1383	Creating stream 'Image1' of type 'Image'...
 6485502	[INFO]	XnProperty.cpp	151	Property Image1.Resolution was changed to 0.
 6485528	[INFO]	XnProperty.cpp	151	Property Image1.XRes was changed to 320.
 6485549	[INFO]	XnProperty.cpp	151	Property Image1.YRes was changed to 240.
 6485568	[INFO]	XnProperty.cpp	151	Property Image1.FPS was changed to 30.
 6485585	[INFO]	XnProperty.cpp	151	Property Image1.OutputFormat was changed to 5.
 6485603	[INFO]	XnProperty.cpp	151	Property Image1.BytesPerPixel was changed to 3.
 6485622	[INFO]	XnProperty.cpp	151	Property Image1.RequiredDataSize was changed to 230400.
 6485660	[INFO]	XnDeviceBase.cpp	1458	Stream 'Image1' was initialized.
 6485680	[INFO]	XnDeviceBase.cpp	1463	'Image1' stream was created.
 6485802	[INFO]	XnProperty.cpp	74	Setting Image1.InputFormat to 6...
 6485829	[INFO]	XnProperty.cpp	151	Property Image1.InputFormat was changed to 6.
 6485848	[INFO]	XnProperty.cpp	101	Image1.InputFormat was successfully set.
 6486295	[INFO]	XnDeviceModule.cpp	431	Module 'Image1' configuration was loaded from file.
 6486397	[INFO]	XnProperty.cpp	74	Setting Image1.FPS to 30...
 6486416	[INFO]	XnProperty.cpp	86	Image1.FPS value did not change.
 6486435	[INFO]	XnProperty.cpp	74	Setting Image1.YRes to 480...
 6486454	[INFO]	XnProperty.cpp	151	Property Image1.Resolution was changed to 1.
 6486472	[INFO]	XnProperty.cpp	151	Property Image1.XRes was changed to 640.
 6486490	[INFO]	XnProperty.cpp	151	Property Image1.RequiredDataSize was changed to 460800.
 6486510	[INFO]	XnProperty.cpp	151	Property Image1.YRes was changed to 480.
 6486528	[INFO]	XnProperty.cpp	151	Property Image1.RequiredDataSize was changed to 921600.
 6486546	[INFO]	XnProperty.cpp	101	Image1.YRes was successfully set.
 6486564	[INFO]	XnProperty.cpp	74	Setting Image1.XRes to 640...
 6486580	[INFO]	XnProperty.cpp	86	Image1.XRes value did not change.
 6487518	[INFO]	XnUSBLinux-x86.cpp	1222	USB read thread was started.
 6487547	[INFO]	XnProperty.cpp	151	Property Image1.ActualReadData was changed to 1.
 6672965	[WARNING]	XnDepthProcessor.cpp	133	Read: Depth buffer is corrupt. Size is 519824 (!= 614400)
 6673013	[WARNING]	XnFrameStreamProcessor.cpp	132	Depth frame is corrupt!
 9576960	[WARNING]	XnDepthProcessor.cpp	133	Read: Depth buffer is corrupt. Size is 601040 (!= 614400)
 9577007	[WARNING]	XnFrameStreamProcessor.cpp	132	Depth frame is corrupt!
 9688019	[INFO]	XnProperty.cpp	151	Property Image1.State was changed to 1.
 9688063	[INFO]	XnDeviceBase.cpp	370	Stream Image1 is open.
 9688238	[INFO]	XnProperty.cpp	74	Setting Depth1.Registration to 1...
 9712885	[WARNING]	XnDepthProcessor.cpp	133	Read: Depth buffer is corrupt. Size is 585328 (!= 614400)
 9712938	[WARNING]	XnFrameStreamProcessor.cpp	132	Depth frame is corrupt!
 9840938	[INFO]	XnProperty.cpp	151	Property Depth1.Registration was changed to 1.
 9840984	[INFO]	XnProperty.cpp	101	Depth1.Registration was successfully set.
 9841032	[INFO]	XnProperty.cpp	74	Setting Image1.Mirror to 1...
 9853289	[INFO]	XnProperty.cpp	151	Property Image1.FirmwareMirror was changed to 1.
 9853340	[INFO]	XnProperty.cpp	151	Property Image1.Mirror was changed to 1.
 9853352	[INFO]	XnProperty.cpp	101	Image1.Mirror was successfully set.
100650260	[INFO]	XnOpenNI.cpp	1459	Destroying node 'User1'
100658575	[INFO]	XnOpenNI.cpp	1459	Destroying node 'Depth1'
100658668	[INFO]	XnDeviceBase.cpp	1507	Destroying stream 'Depth1'...
100659967	[INFO]	XnOpenNI.cpp	1459	Destroying node 'Image1'
100660017	[INFO]	XnDeviceBase.cpp	1507	Destroying stream 'Image1'...
100662387	[INFO]	XnOpenNI.cpp	1459	Destroying node 'Device1'
