    1616	[INFO]	XnLog.cpp	165	OpenNI version is 1.0.0 (Build 25)-MacOSX (Jan  7 2011 14:20:18)
    1662	[INFO]	XnLog.cpp	173	Log system initialized. Console: 1, File: 1, Severity: INFO, Masks: ALL
    1685	[INFO]	XnLog.cpp	173	Log system initialized. Console: 1, File: 1, Severity: INFO, Masks: ALL
    2885	[INFO]	XnUSBLinux-x86.cpp	98	USB is initialized.
 2354721	[INFO]	XnOpenNI.cpp	1261	Creating node 'Device1' of type Device...
 2355916	[INFO]	XnDeviceModule.cpp	431	Module 'Device' configuration was loaded from file.
 2614341	[INFO]	XnDeviceSensorIO.cpp	135	Connected to USB device
 2614392	[INFO]	XnProperty.cpp	151	Property Device.USBPath was changed to 045e/02ae@253/8.
 2621513	[INFO]	XnHostProtocol.cpp	825	Hardware versions: FW=5.1.4 (7) HW=4 Chip=2 Sensor=4 SYS=7
 4034097	[INFO]	XnProperty.cpp	151	Property Device.ID was changed to 0.
 4034171	[INFO]	XnSensor.cpp	182	Device sensor initialized
 4034300	[INFO]	XnOpenNI.cpp	1261	Creating node 'Depth1' of type Depth...
 4034355	[INFO]	XnDeviceBase.cpp	1383	Creating stream 'Depth1' of type 'Depth'...
 4034381	[INFO]	XnProperty.cpp	74	Setting Device.ReadData to 1...
 4034427	[INFO]	XnDeviceSensorIO.cpp	298	Endpoints open
 4046679	[INFO]	XnProperty.cpp	151	Property Device.ReadData was changed to 1.
 4046728	[INFO]	XnProperty.cpp	101	Device.ReadData was successfully set.
 4047162	[INFO]	XnProperty.cpp	151	Property Depth1.Resolution was changed to 0.
 4047184	[INFO]	XnProperty.cpp	151	Property Depth1.XRes was changed to 320.
 4047201	[INFO]	XnProperty.cpp	151	Property Depth1.YRes was changed to 240.
 4047216	[INFO]	XnProperty.cpp	151	Property Depth1.FPS was changed to 30.
 4047231	[INFO]	XnProperty.cpp	151	Property Depth1.OutputFormat was changed to 1.
 4047246	[INFO]	XnProperty.cpp	151	Property Depth1.BytesPerPixel was changed to 2.
 4047261	[INFO]	XnProperty.cpp	151	Property Depth1.RequiredDataSize was changed to 153600.
 4047281	[INFO]	XnProperty.cpp	151	Property Depth1.ParamCoeff was changed to 4.
 4047351	[INFO]	XnProperty.cpp	151	Property Depth1.ShiftScale was changed to 10.
 4059834	[INFO]	XnProperty.cpp	151	Property Depth1.ConstShift was changed to 200.
 4059925	[INFO]	XnProperty.cpp	151	Property Depth1.ZPD was changed to 120.
 4060022	[INFO]	XnProperty.cpp	151	Property Depth1.ZPPS was changed to 0.104200.
 4060036	[INFO]	XnProperty.cpp	151	Property Depth1.LDDIS was changed to 7.500000.
 4060137	[INFO]	XnProperty.cpp	151	Property Depth1.Gain was changed to 30.
 4060170	[INFO]	XnDeviceBase.cpp	1458	Stream 'Depth1' was initialized.
 4060184	[INFO]	XnDeviceBase.cpp	1463	'Depth1' stream was created.
 4060343	[INFO]	XnProperty.cpp	74	Setting Depth1.InputFormat to 3...
 4060365	[INFO]	XnProperty.cpp	151	Property Depth1.InputFormat was changed to 3.
 4060377	[INFO]	XnProperty.cpp	101	Depth1.InputFormat was successfully set.
 4060808	[INFO]	XnProperty.cpp	74	Setting Depth1.RegistrationType to 2...
 4060824	[INFO]	XnProperty.cpp	151	Property Depth1.RegistrationType was changed to 2.
 4060835	[INFO]	XnProperty.cpp	101	Depth1.RegistrationType was successfully set.
 4061384	[INFO]	XnDeviceModule.cpp	431	Module 'Depth1' configuration was loaded from file.
 4061559	[INFO]	XnProperty.cpp	74	Setting Depth1.FPS to 30...
 4061576	[INFO]	XnProperty.cpp	86	Depth1.FPS value did not change.
 4061588	[INFO]	XnProperty.cpp	74	Setting Depth1.YRes to 480...
 4061602	[INFO]	XnProperty.cpp	151	Property Depth1.Resolution was changed to 1.
 4061616	[INFO]	XnProperty.cpp	151	Property Depth1.XRes was changed to 640.
 4061628	[INFO]	XnProperty.cpp	151	Property Depth1.RequiredDataSize was changed to 307200.
 4061645	[INFO]	XnProperty.cpp	151	Property Depth1.YRes was changed to 480.
 4061665	[INFO]	XnProperty.cpp	151	Property Depth1.RequiredDataSize was changed to 614400.
 4061681	[INFO]	XnProperty.cpp	101	Depth1.YRes was successfully set.
 4061697	[INFO]	XnProperty.cpp	74	Setting Depth1.XRes to 640...
 4061708	[INFO]	XnProperty.cpp	86	Depth1.XRes value did not change.
 4061752	[INFO]	XnProperty.cpp	74	Setting Depth1.Mirror to 1...
 4061767	[INFO]	XnProperty.cpp	151	Property Depth1.FirmwareMirror was changed to 1.
 4061814	[INFO]	XnProperty.cpp	151	Property Depth1.Mirror was changed to 1.
 4061826	[INFO]	XnProperty.cpp	101	Depth1.Mirror was successfully set.
 6378815	[INFO]	XnOpenNI.cpp	1261	Creating node 'User1' of type User...
 6402370	[WARNING]	Linux-x86Threads.cpp	173	Failed to set thread priority: Invalid argument
 6402414	[WARNING]	XnUSBLinux-x86.cpp	126	USB events thread: Failed to set thread priority to critical. This might cause loss of data...
 6403155	[INFO]	XnUSBLinux-x86.cpp	1222	USB read thread was started.
 6403179	[INFO]	XnProperty.cpp	151	Property Depth1.ActualReadData was changed to 1.
 6874367	[INFO]	XnProperty.cpp	151	Property Depth1.State was changed to 1.
 6874410	[INFO]	XnDeviceBase.cpp	370	Stream Depth1 is open.
 9690286	[INFO]	XnOpenNI.cpp	1261	Creating node 'Image1' of type Image...
 9690337	[INFO]	XnDeviceBase.cpp	1383	Creating stream 'Image1' of type 'Image'...
 9690550	[INFO]	XnProperty.cpp	151	Property Image1.Resolution was changed to 0.
 9690576	[INFO]	XnProperty.cpp	151	Property Image1.XRes was changed to 320.
 9690595	[INFO]	XnProperty.cpp	151	Property Image1.YRes was changed to 240.
 9690613	[INFO]	XnProperty.cpp	151	Property Image1.FPS was changed to 30.
 9690629	[INFO]	XnProperty.cpp	151	Property Image1.OutputFormat was changed to 5.
 9690647	[INFO]	XnProperty.cpp	151	Property Image1.BytesPerPixel was changed to 3.
 9690666	[INFO]	XnProperty.cpp	151	Property Image1.RequiredDataSize was changed to 230400.
 9690705	[INFO]	XnDeviceBase.cpp	1458	Stream 'Image1' was initialized.
 9690727	[INFO]	XnDeviceBase.cpp	1463	'Image1' stream was created.
 9690861	[INFO]	XnProperty.cpp	74	Setting Image1.InputFormat to 6...
 9690891	[INFO]	XnProperty.cpp	151	Property Image1.InputFormat was changed to 6.
 9690911	[INFO]	XnProperty.cpp	101	Image1.InputFormat was successfully set.
 9691542	[INFO]	XnDeviceModule.cpp	431	Module 'Image1' configuration was loaded from file.
 9691656	[INFO]	XnProperty.cpp	74	Setting Image1.FPS to 30...
 9691679	[INFO]	XnProperty.cpp	86	Image1.FPS value did not change.
 9691697	[INFO]	XnProperty.cpp	74	Setting Image1.YRes to 480...
 9691714	[INFO]	XnProperty.cpp	151	Property Image1.Resolution was changed to 1.
 9691732	[INFO]	XnProperty.cpp	151	Property Image1.XRes was changed to 640.
 9691751	[INFO]	XnProperty.cpp	151	Property Image1.RequiredDataSize was changed to 460800.
 9691771	[INFO]	XnProperty.cpp	151	Property Image1.YRes was changed to 480.
 9691790	[INFO]	XnProperty.cpp	151	Property Image1.RequiredDataSize was changed to 921600.
 9691807	[INFO]	XnProperty.cpp	101	Image1.YRes was successfully set.
 9691826	[INFO]	XnProperty.cpp	74	Setting Image1.XRes to 640...
 9691842	[INFO]	XnProperty.cpp	86	Image1.XRes value did not change.
 9692992	[INFO]	XnUSBLinux-x86.cpp	1222	USB read thread was started.
 9693043	[INFO]	XnProperty.cpp	151	Property Image1.ActualReadData was changed to 1.
 9775301	[WARNING]	XnDepthProcessor.cpp	133	Read: Depth buffer is corrupt. Size is 595056 (!= 614400)
 9775348	[WARNING]	XnFrameStreamProcessor.cpp	132	Depth frame is corrupt!
 9875314	[WARNING]	XnDepthProcessor.cpp	133	Read: Depth buffer is corrupt. Size is 546000 (!= 614400)
 9875368	[WARNING]	XnFrameStreamProcessor.cpp	132	Depth frame is corrupt!
 9907405	[WARNING]	XnDepthProcessor.cpp	133	Read: Depth buffer is corrupt. Size is 595280 (!= 614400)
 9907448	[WARNING]	XnFrameStreamProcessor.cpp	132	Depth frame is corrupt!
12779400	[WARNING]	XnDepthProcessor.cpp	133	Read: Depth buffer is corrupt. Size is 592080 (!= 614400)
12779445	[WARNING]	XnFrameStreamProcessor.cpp	132	Depth frame is corrupt!
12893735	[INFO]	XnProperty.cpp	151	Property Image1.State was changed to 1.
12893778	[INFO]	XnDeviceBase.cpp	370	Stream Image1 is open.
12893948	[INFO]	XnProperty.cpp	74	Setting Depth1.Registration to 1...
12911411	[WARNING]	XnDepthProcessor.cpp	133	Read: Depth buffer is corrupt. Size is 586272 (!= 614400)
12911456	[WARNING]	XnFrameStreamProcessor.cpp	132	Depth frame is corrupt!
13045476	[INFO]	XnProperty.cpp	151	Property Depth1.Registration was changed to 1.
13045518	[INFO]	XnProperty.cpp	101	Depth1.Registration was successfully set.
13045603	[INFO]	XnProperty.cpp	74	Setting Image1.Mirror to 1...
13057994	[INFO]	XnProperty.cpp	151	Property Image1.FirmwareMirror was changed to 1.
13058036	[INFO]	XnProperty.cpp	151	Property Image1.Mirror was changed to 1.
13058053	[INFO]	XnProperty.cpp	101	Image1.Mirror was successfully set.
40988468	[INFO]	XnOpenNI.cpp	1459	Destroying node 'User1'
40995834	[INFO]	XnOpenNI.cpp	1459	Destroying node 'Depth1'
40995923	[INFO]	XnDeviceBase.cpp	1507	Destroying stream 'Depth1'...
40996998	[INFO]	XnOpenNI.cpp	1459	Destroying node 'Image1'
40997039	[INFO]	XnDeviceBase.cpp	1507	Destroying stream 'Image1'...
40997792	[INFO]	XnOpenNI.cpp	1459	Destroying node 'Device1'
