    1860	[INFO]	XnLog.cpp	165	OpenNI version is 1.0.0 (Build 25)-MacOSX (Jan  7 2011 14:20:18)
    1910	[INFO]	XnLog.cpp	173	Log system initialized. Console: 1, File: 1, Severity: INFO, Masks: ALL
    1934	[INFO]	XnLog.cpp	173	Log system initialized. Console: 1, File: 1, Severity: INFO, Masks: ALL
    3054	[INFO]	XnUSBLinux-x86.cpp	98	USB is initialized.
 4497860	[INFO]	XnOpenNI.cpp	1261	Creating node 'Device1' of type Device...
 4498734	[INFO]	XnDeviceModule.cpp	431	Module 'Device' configuration was loaded from file.
 5157108	[INFO]	XnDeviceSensorIO.cpp	135	Connected to USB device
 5157159	[INFO]	XnProperty.cpp	151	Property Device.USBPath was changed to 045e/02ae@253/8.
 5164166	[INFO]	XnHostProtocol.cpp	825	Hardware versions: FW=5.1.4 (7) HW=4 Chip=2 Sensor=4 SYS=7
 6575734	[INFO]	XnProperty.cpp	151	Property Device.ID was changed to 0.
 6575804	[INFO]	XnSensor.cpp	182	Device sensor initialized
 6575881	[INFO]	XnOpenNI.cpp	1261	Creating node 'Depth1' of type Depth...
 6575918	[INFO]	XnDeviceBase.cpp	1383	Creating stream 'Depth1' of type 'Depth'...
 6575933	[INFO]	XnProperty.cpp	74	Setting Device.ReadData to 1...
 6575964	[INFO]	XnDeviceSensorIO.cpp	298	Endpoints open
 6588290	[INFO]	XnProperty.cpp	151	Property Device.ReadData was changed to 1.
 6588335	[INFO]	XnProperty.cpp	101	Device.ReadData was successfully set.
 6588737	[INFO]	XnProperty.cpp	151	Property Depth1.Resolution was changed to 0.
 6588764	[INFO]	XnProperty.cpp	151	Property Depth1.XRes was changed to 320.
 6588782	[INFO]	XnProperty.cpp	151	Property Depth1.YRes was changed to 240.
 6588802	[INFO]	XnProperty.cpp	151	Property Depth1.FPS was changed to 30.
 6588821	[INFO]	XnProperty.cpp	151	Property Depth1.OutputFormat was changed to 1.
 6588839	[INFO]	XnProperty.cpp	151	Property Depth1.BytesPerPixel was changed to 2.
 6588858	[INFO]	XnProperty.cpp	151	Property Depth1.RequiredDataSize was changed to 153600.
 6588881	[INFO]	XnProperty.cpp	151	Property Depth1.ParamCoeff was changed to 4.
 6588957	[INFO]	XnProperty.cpp	151	Property Depth1.ShiftScale was changed to 10.
 6601354	[INFO]	XnProperty.cpp	151	Property Depth1.ConstShift was changed to 200.
 6601440	[INFO]	XnProperty.cpp	151	Property Depth1.ZPD was changed to 120.
 6601556	[INFO]	XnProperty.cpp	151	Property Depth1.ZPPS was changed to 0.104200.
 6601584	[INFO]	XnProperty.cpp	151	Property Depth1.LDDIS was changed to 7.500000.
 6601702	[INFO]	XnProperty.cpp	151	Property Depth1.Gain was changed to 30.
 6601747	[INFO]	XnDeviceBase.cpp	1458	Stream 'Depth1' was initialized.
 6601770	[INFO]	XnDeviceBase.cpp	1463	'Depth1' stream was created.
 6601994	[INFO]	XnProperty.cpp	74	Setting Depth1.InputFormat to 3...
 6602027	[INFO]	XnProperty.cpp	151	Property Depth1.InputFormat was changed to 3.
 6602050	[INFO]	XnProperty.cpp	101	Depth1.InputFormat was successfully set.
 6602745	[INFO]	XnProperty.cpp	74	Setting Depth1.RegistrationType to 2...
 6602773	[INFO]	XnProperty.cpp	151	Property Depth1.RegistrationType was changed to 2.
 6602797	[INFO]	XnProperty.cpp	101	Depth1.RegistrationType was successfully set.
 6603477	[INFO]	XnDeviceModule.cpp	431	Module 'Depth1' configuration was loaded from file.
 6603719	[INFO]	XnProperty.cpp	74	Setting Depth1.FPS to 30...
 6603743	[INFO]	XnProperty.cpp	86	Depth1.FPS value did not change.
 6603766	[INFO]	XnProperty.cpp	74	Setting Depth1.YRes to 480...
 6603788	[INFO]	XnProperty.cpp	151	Property Depth1.Resolution was changed to 1.
 6603809	[INFO]	XnProperty.cpp	151	Property Depth1.XRes was changed to 640.
 6603830	[INFO]	XnProperty.cpp	151	Property Depth1.RequiredDataSize was changed to 307200.
 6603855	[INFO]	XnProperty.cpp	151	Property Depth1.YRes was changed to 480.
 6603877	[INFO]	XnProperty.cpp	151	Property Depth1.RequiredDataSize was changed to 614400.
 6603899	[INFO]	XnProperty.cpp	101	Depth1.YRes was successfully set.
 6603921	[INFO]	XnProperty.cpp	74	Setting Depth1.XRes to 640...
 6603940	[INFO]	XnProperty.cpp	86	Depth1.XRes value did not change.
 6604005	[INFO]	XnProperty.cpp	74	Setting Depth1.Mirror to 1...
 6604034	[INFO]	XnProperty.cpp	151	Property Depth1.FirmwareMirror was changed to 1.
 6604095	[INFO]	XnProperty.cpp	151	Property Depth1.Mirror was changed to 1.
 6604116	[INFO]	XnProperty.cpp	101	Depth1.Mirror was successfully set.
11875747	[INFO]	XnOpenNI.cpp	1261	Creating node 'User1' of type User...
11898491	[WARNING]	Linux-x86Threads.cpp	173	Failed to set thread priority: Invalid argument
11898535	[WARNING]	XnUSBLinux-x86.cpp	126	USB events thread: Failed to set thread priority to critical. This might cause loss of data...
11899432	[INFO]	XnUSBLinux-x86.cpp	1222	USB read thread was started.
11899462	[INFO]	XnProperty.cpp	151	Property Depth1.ActualReadData was changed to 1.
12369800	[INFO]	XnProperty.cpp	151	Property Depth1.State was changed to 1.
12369839	[INFO]	XnDeviceBase.cpp	370	Stream Depth1 is open.
18372935	[INFO]	XnOpenNI.cpp	1261	Creating node 'Image1' of type Image...
18372984	[INFO]	XnDeviceBase.cpp	1383	Creating stream 'Image1' of type 'Image'...
18373220	[INFO]	XnProperty.cpp	151	Property Image1.Resolution was changed to 0.
18373246	[INFO]	XnProperty.cpp	151	Property Image1.XRes was changed to 320.
18373264	[INFO]	XnProperty.cpp	151	Property Image1.YRes was changed to 240.
18373283	[INFO]	XnProperty.cpp	151	Property Image1.FPS was changed to 30.
18373302	[INFO]	XnProperty.cpp	151	Property Image1.OutputFormat was changed to 5.
18373320	[INFO]	XnProperty.cpp	151	Property Image1.BytesPerPixel was changed to 3.
18373339	[INFO]	XnProperty.cpp	151	Property Image1.RequiredDataSize was changed to 230400.
18373377	[INFO]	XnDeviceBase.cpp	1458	Stream 'Image1' was initialized.
18373398	[INFO]	XnDeviceBase.cpp	1463	'Image1' stream was created.
18373528	[INFO]	XnProperty.cpp	74	Setting Image1.InputFormat to 6...
18373557	[INFO]	XnProperty.cpp	151	Property Image1.InputFormat was changed to 6.
18373577	[INFO]	XnProperty.cpp	101	Image1.InputFormat was successfully set.
18374195	[INFO]	XnDeviceModule.cpp	431	Module 'Image1' configuration was loaded from file.
18374307	[INFO]	XnProperty.cpp	74	Setting Image1.FPS to 30...
18374335	[INFO]	XnProperty.cpp	86	Image1.FPS value did not change.
18374356	[INFO]	XnProperty.cpp	74	Setting Image1.YRes to 480...
18374379	[INFO]	XnProperty.cpp	151	Property Image1.Resolution was changed to 1.
18374401	[INFO]	XnProperty.cpp	151	Property Image1.XRes was changed to 640.
18374422	[INFO]	XnProperty.cpp	151	Property Image1.RequiredDataSize was changed to 460800.
18374447	[INFO]	XnProperty.cpp	151	Property Image1.YRes was changed to 480.
18374471	[INFO]	XnProperty.cpp	151	Property Image1.RequiredDataSize was changed to 921600.
18374494	[INFO]	XnProperty.cpp	101	Image1.YRes was successfully set.
18374516	[INFO]	XnProperty.cpp	74	Setting Image1.XRes to 640...
18374536	[INFO]	XnProperty.cpp	86	Image1.XRes value did not change.
18375605	[INFO]	XnUSBLinux-x86.cpp	1222	USB read thread was started.
18375645	[INFO]	XnProperty.cpp	151	Property Image1.ActualReadData was changed to 1.
18543312	[WARNING]	XnFrameStreamProcessor.cpp	140	Depth Frame Buffer overflow! current size: 612768
18543359	[WARNING]	XnFrameStreamProcessor.cpp	132	Depth frame is corrupt!
18575279	[WARNING]	XnDepthProcessor.cpp	133	Read: Depth buffer is corrupt. Size is 612768 (!= 614400)
21576125	[INFO]	XnProperty.cpp	151	Property Image1.State was changed to 1.
21576169	[INFO]	XnDeviceBase.cpp	370	Stream Image1 is open.
21576357	[INFO]	XnProperty.cpp	74	Setting Depth1.Registration to 1...
21728782	[INFO]	XnProperty.cpp	151	Property Depth1.Registration was changed to 1.
21728821	[INFO]	XnProperty.cpp	101	Depth1.Registration was successfully set.
21728870	[INFO]	XnProperty.cpp	74	Setting Image1.Mirror to 1...
21741410	[INFO]	XnProperty.cpp	151	Property Image1.FirmwareMirror was changed to 1.
21741470	[INFO]	XnProperty.cpp	151	Property Image1.Mirror was changed to 1.
21741491	[INFO]	XnProperty.cpp	101	Image1.Mirror was successfully set.
