    1364	[INFO]	XnLog.cpp	165	OpenNI version is 1.0.0 (Build 25)-MacOSX (Jan  7 2011 14:20:18)
    1407	[INFO]	XnLog.cpp	173	Log system initialized. Console: 1, File: 1, Severity: INFO, Masks: ALL
    1429	[INFO]	XnLog.cpp	173	Log system initialized. Console: 1, File: 1, Severity: INFO, Masks: ALL
    2521	[INFO]	XnUSBLinux-x86.cpp	98	USB is initialized.
 2370701	[INFO]	XnOpenNI.cpp	1261	Creating node 'Device1' of type Device...
 2371710	[INFO]	XnDeviceModule.cpp	431	Module 'Device' configuration was loaded from file.
 2632211	[INFO]	XnDeviceSensorIO.cpp	135	Connected to USB device
 2632258	[INFO]	XnProperty.cpp	151	Property Device.USBPath was changed to 045e/02ae@253/8.
 2639236	[INFO]	XnHostProtocol.cpp	825	Hardware versions: FW=5.1.4 (7) HW=4 Chip=2 Sensor=4 SYS=7
 4051681	[INFO]	XnProperty.cpp	151	Property Device.ID was changed to 0.
 4051775	[INFO]	XnSensor.cpp	182	Device sensor initialized
 4051890	[INFO]	XnOpenNI.cpp	1261	Creating node 'Depth1' of type Depth...
 4051927	[INFO]	XnDeviceBase.cpp	1383	Creating stream 'Depth1' of type 'Depth'...
 4051944	[INFO]	XnProperty.cpp	74	Setting Device.ReadData to 1...
 4051973	[INFO]	XnDeviceSensorIO.cpp	298	Endpoints open
 4064405	[INFO]	XnProperty.cpp	151	Property Device.ReadData was changed to 1.
 4064450	[INFO]	XnProperty.cpp	101	Device.ReadData was successfully set.
 4064812	[INFO]	XnProperty.cpp	151	Property Depth1.Resolution was changed to 0.
 4064832	[INFO]	XnProperty.cpp	151	Property Depth1.XRes was changed to 320.
 4064845	[INFO]	XnProperty.cpp	151	Property Depth1.YRes was changed to 240.
 4064857	[INFO]	XnProperty.cpp	151	Property Depth1.FPS was changed to 30.
 4064868	[INFO]	XnProperty.cpp	151	Property Depth1.OutputFormat was changed to 1.
 4064880	[INFO]	XnProperty.cpp	151	Property Depth1.BytesPerPixel was changed to 2.
 4064892	[INFO]	XnProperty.cpp	151	Property Depth1.RequiredDataSize was changed to 153600.
 4064908	[INFO]	XnProperty.cpp	151	Property Depth1.ParamCoeff was changed to 4.
 4064966	[INFO]	XnProperty.cpp	151	Property Depth1.ShiftScale was changed to 10.
 4077356	[INFO]	XnProperty.cpp	151	Property Depth1.ConstShift was changed to 200.
 4077450	[INFO]	XnProperty.cpp	151	Property Depth1.ZPD was changed to 120.
 4077566	[INFO]	XnProperty.cpp	151	Property Depth1.ZPPS was changed to 0.104200.
 4077592	[INFO]	XnProperty.cpp	151	Property Depth1.LDDIS was changed to 7.500000.
 4077726	[INFO]	XnProperty.cpp	151	Property Depth1.Gain was changed to 30.
 4077769	[INFO]	XnDeviceBase.cpp	1458	Stream 'Depth1' was initialized.
 4077793	[INFO]	XnDeviceBase.cpp	1463	'Depth1' stream was created.
 4078040	[INFO]	XnProperty.cpp	74	Setting Depth1.InputFormat to 3...
 4078073	[INFO]	XnProperty.cpp	151	Property Depth1.InputFormat was changed to 3.
 4078096	[INFO]	XnProperty.cpp	101	Depth1.InputFormat was successfully set.
 4078810	[INFO]	XnProperty.cpp	74	Setting Depth1.RegistrationType to 2...
 4078843	[INFO]	XnProperty.cpp	151	Property Depth1.RegistrationType was changed to 2.
 4078863	[INFO]	XnProperty.cpp	101	Depth1.RegistrationType was successfully set.
 4079588	[INFO]	XnDeviceModule.cpp	431	Module 'Depth1' configuration was loaded from file.
 4079843	[INFO]	XnProperty.cpp	74	Setting Depth1.FPS to 30...
 4079868	[INFO]	XnProperty.cpp	86	Depth1.FPS value did not change.
 4079891	[INFO]	XnProperty.cpp	74	Setting Depth1.YRes to 480...
 4079915	[INFO]	XnProperty.cpp	151	Property Depth1.Resolution was changed to 1.
 4079938	[INFO]	XnProperty.cpp	151	Property Depth1.XRes was changed to 640.
 4079959	[INFO]	XnProperty.cpp	151	Property Depth1.RequiredDataSize was changed to 307200.
 4079983	[INFO]	XnProperty.cpp	151	Property Depth1.YRes was changed to 480.
 4080004	[INFO]	XnProperty.cpp	151	Property Depth1.RequiredDataSize was changed to 614400.
 4080026	[INFO]	XnProperty.cpp	101	Depth1.YRes was successfully set.
 4080048	[INFO]	XnProperty.cpp	74	Setting Depth1.XRes to 640...
 4080066	[INFO]	XnProperty.cpp	86	Depth1.XRes value did not change.
 4080129	[INFO]	XnProperty.cpp	74	Setting Depth1.Mirror to 1...
 4080154	[INFO]	XnProperty.cpp	151	Property Depth1.FirmwareMirror was changed to 1.
 4080215	[INFO]	XnProperty.cpp	151	Property Depth1.Mirror was changed to 1.
 4080236	[INFO]	XnProperty.cpp	101	Depth1.Mirror was successfully set.
 6177705	[INFO]	XnOpenNI.cpp	1261	Creating node 'User1' of type User...
 6200927	[WARNING]	Linux-x86Threads.cpp	173	Failed to set thread priority: Invalid argument
 6200970	[WARNING]	XnUSBLinux-x86.cpp	126	USB events thread: Failed to set thread priority to critical. This might cause loss of data...
 6201872	[INFO]	XnUSBLinux-x86.cpp	1222	USB read thread was started.
 6201904	[INFO]	XnProperty.cpp	151	Property Depth1.ActualReadData was changed to 1.
 6672251	[INFO]	XnProperty.cpp	151	Property Depth1.State was changed to 1.
 6672302	[INFO]	XnDeviceBase.cpp	370	Stream Depth1 is open.
 9484594	[INFO]	XnOpenNI.cpp	1261	Creating node 'Image1' of type Image...
 9484644	[INFO]	XnDeviceBase.cpp	1383	Creating stream 'Image1' of type 'Image'...
 9484831	[INFO]	XnProperty.cpp	151	Property Image1.Resolution was changed to 0.
 9484851	[INFO]	XnProperty.cpp	151	Property Image1.XRes was changed to 320.
 9484864	[INFO]	XnProperty.cpp	151	Property Image1.YRes was changed to 240.
 9484876	[INFO]	XnProperty.cpp	151	Property Image1.FPS was changed to 30.
 9484887	[INFO]	XnProperty.cpp	151	Property Image1.OutputFormat was changed to 5.
 9484899	[INFO]	XnProperty.cpp	151	Property Image1.BytesPerPixel was changed to 3.
 9484912	[INFO]	XnProperty.cpp	151	Property Image1.RequiredDataSize was changed to 230400.
 9484941	[INFO]	XnDeviceBase.cpp	1458	Stream 'Image1' was initialized.
 9484954	[INFO]	XnDeviceBase.cpp	1463	'Image1' stream was created.
 9485066	[INFO]	XnProperty.cpp	74	Setting Image1.InputFormat to 6...
 9485088	[INFO]	XnProperty.cpp	151	Property Image1.InputFormat was changed to 6.
 9485101	[INFO]	XnProperty.cpp	101	Image1.InputFormat was successfully set.
 9485547	[INFO]	XnDeviceModule.cpp	431	Module 'Image1' configuration was loaded from file.
 9485629	[INFO]	XnProperty.cpp	74	Setting Image1.FPS to 30...
 9485647	[INFO]	XnProperty.cpp	86	Image1.FPS value did not change.
 9485659	[INFO]	XnProperty.cpp	74	Setting Image1.YRes to 480...
 9485671	[INFO]	XnProperty.cpp	151	Property Image1.Resolution was changed to 1.
 9485682	[INFO]	XnProperty.cpp	151	Property Image1.XRes was changed to 640.
 9485694	[INFO]	XnProperty.cpp	151	Property Image1.RequiredDataSize was changed to 460800.
 9485708	[INFO]	XnProperty.cpp	151	Property Image1.YRes was changed to 480.
 9485719	[INFO]	XnProperty.cpp	151	Property Image1.RequiredDataSize was changed to 921600.
 9485732	[INFO]	XnProperty.cpp	101	Image1.YRes was successfully set.
 9485744	[INFO]	XnProperty.cpp	74	Setting Image1.XRes to 640...
 9485755	[INFO]	XnProperty.cpp	86	Image1.XRes value did not change.
 9486674	[INFO]	XnUSBLinux-x86.cpp	1222	USB read thread was started.
 9486720	[INFO]	XnProperty.cpp	151	Property Image1.ActualReadData was changed to 1.
 9673451	[WARNING]	XnDepthProcessor.cpp	133	Read: Depth buffer is corrupt. Size is 490496 (!= 614400)
 9673497	[WARNING]	XnFrameStreamProcessor.cpp	132	Depth frame is corrupt!
12687083	[INFO]	XnProperty.cpp	151	Property Image1.State was changed to 1.
12687124	[INFO]	XnDeviceBase.cpp	370	Stream Image1 is open.
12687291	[INFO]	XnProperty.cpp	74	Setting Depth1.Registration to 1...
12709503	[WARNING]	XnDepthProcessor.cpp	133	Read: Depth buffer is corrupt. Size is 589216 (!= 614400)
12709549	[WARNING]	XnFrameStreamProcessor.cpp	132	Depth frame is corrupt!
12838948	[INFO]	XnProperty.cpp	151	Property Depth1.Registration was changed to 1.
12838990	[INFO]	XnProperty.cpp	101	Depth1.Registration was successfully set.
12839037	[INFO]	XnProperty.cpp	74	Setting Image1.Mirror to 1...
12851302	[INFO]	XnProperty.cpp	151	Property Image1.FirmwareMirror was changed to 1.
12851354	[INFO]	XnProperty.cpp	151	Property Image1.Mirror was changed to 1.
12851373	[INFO]	XnProperty.cpp	101	Image1.Mirror was successfully set.
97801692	[INFO]	XnOpenNI.cpp	1459	Destroying node 'User1'
97808925	[INFO]	XnOpenNI.cpp	1459	Destroying node 'Depth1'
97809015	[INFO]	XnDeviceBase.cpp	1507	Destroying stream 'Depth1'...
97810382	[INFO]	XnOpenNI.cpp	1459	Destroying node 'Image1'
97810498	[INFO]	XnDeviceBase.cpp	1507	Destroying stream 'Image1'...
97811465	[INFO]	XnOpenNI.cpp	1459	Destroying node 'Device1'
