    1496	[INFO]	XnLog.cpp	165	OpenNI version is 1.0.0 (Build 25)-MacOSX (Jan  7 2011 14:20:18)
    1541	[INFO]	XnLog.cpp	173	Log system initialized. Console: 1, File: 1, Severity: INFO, Masks: ALL
    1565	[INFO]	XnLog.cpp	173	Log system initialized. Console: 1, File: 1, Severity: INFO, Masks: ALL
    2772	[INFO]	XnUSBLinux-x86.cpp	98	USB is initialized.
 1962405	[INFO]	XnOpenNI.cpp	1261	Creating node 'Device1' of type Device...
 1963191	[INFO]	XnDeviceModule.cpp	431	Module 'Device' configuration was loaded from file.
 2220739	[INFO]	XnDeviceSensorIO.cpp	135	Connected to USB device
 2220792	[INFO]	XnProperty.cpp	151	Property Device.USBPath was changed to 045e/02ae@253/8.
 2230014	[INFO]	XnHostProtocol.cpp	825	Hardware versions: FW=5.1.4 (7) HW=4 Chip=2 Sensor=4 SYS=7
 3637906	[INFO]	XnProperty.cpp	151	Property Device.ID was changed to 0.
 3637960	[INFO]	XnSensor.cpp	182	Device sensor initialized
 3638050	[INFO]	XnOpenNI.cpp	1261	Creating node 'Depth1' of type Depth...
 3638087	[INFO]	XnDeviceBase.cpp	1383	Creating stream 'Depth1' of type 'Depth'...
 3638110	[INFO]	XnProperty.cpp	74	Setting Device.ReadData to 1...
 3638153	[INFO]	XnDeviceSensorIO.cpp	298	Endpoints open
 3650367	[INFO]	XnProperty.cpp	151	Property Device.ReadData was changed to 1.
 3650415	[INFO]	XnProperty.cpp	101	Device.ReadData was successfully set.
 3650959	[INFO]	XnProperty.cpp	151	Property Depth1.Resolution was changed to 0.
 3650990	[INFO]	XnProperty.cpp	151	Property Depth1.XRes was changed to 320.
 3651011	[INFO]	XnProperty.cpp	151	Property Depth1.YRes was changed to 240.
 3651032	[INFO]	XnProperty.cpp	151	Property Depth1.FPS was changed to 30.
 3651050	[INFO]	XnProperty.cpp	151	Property Depth1.OutputFormat was changed to 1.
 3651069	[INFO]	XnProperty.cpp	151	Property Depth1.BytesPerPixel was changed to 2.
 3651088	[INFO]	XnProperty.cpp	151	Property Depth1.RequiredDataSize was changed to 153600.
 3651112	[INFO]	XnProperty.cpp	151	Property Depth1.ParamCoeff was changed to 4.
 3651190	[INFO]	XnProperty.cpp	151	Property Depth1.ShiftScale was changed to 10.
 3663579	[INFO]	XnProperty.cpp	151	Property Depth1.ConstShift was changed to 200.
 3663675	[INFO]	XnProperty.cpp	151	Property Depth1.ZPD was changed to 120.
 3663772	[INFO]	XnProperty.cpp	151	Property Depth1.ZPPS was changed to 0.104200.
 3663786	[INFO]	XnProperty.cpp	151	Property Depth1.LDDIS was changed to 7.500000.
 3663881	[INFO]	XnProperty.cpp	151	Property Depth1.Gain was changed to 30.
 3663913	[INFO]	XnDeviceBase.cpp	1458	Stream 'Depth1' was initialized.
 3663927	[INFO]	XnDeviceBase.cpp	1463	'Depth1' stream was created.
 3664102	[INFO]	XnProperty.cpp	74	Setting Depth1.InputFormat to 3...
 3664127	[INFO]	XnProperty.cpp	151	Property Depth1.InputFormat was changed to 3.
 3664140	[INFO]	XnProperty.cpp	101	Depth1.InputFormat was successfully set.
 3664572	[INFO]	XnProperty.cpp	74	Setting Depth1.RegistrationType to 2...
 3664588	[INFO]	XnProperty.cpp	151	Property Depth1.RegistrationType was changed to 2.
 3664601	[INFO]	XnProperty.cpp	101	Depth1.RegistrationType was successfully set.
 3665061	[INFO]	XnDeviceModule.cpp	431	Module 'Depth1' configuration was loaded from file.
 3665246	[INFO]	XnProperty.cpp	74	Setting Depth1.FPS to 30...
 3665264	[INFO]	XnProperty.cpp	86	Depth1.FPS value did not change.
 3665275	[INFO]	XnProperty.cpp	74	Setting Depth1.YRes to 480...
 3665314	[INFO]	XnProperty.cpp	151	Property Depth1.Resolution was changed to 1.
 3665335	[INFO]	XnProperty.cpp	151	Property Depth1.XRes was changed to 640.
 3665352	[INFO]	XnProperty.cpp	151	Property Depth1.RequiredDataSize was changed to 307200.
 3665371	[INFO]	XnProperty.cpp	151	Property Depth1.YRes was changed to 480.
 3665390	[INFO]	XnProperty.cpp	151	Property Depth1.RequiredDataSize was changed to 614400.
 3665406	[INFO]	XnProperty.cpp	101	Depth1.YRes was successfully set.
 3665422	[INFO]	XnProperty.cpp	74	Setting Depth1.XRes to 640...
 3665436	[INFO]	XnProperty.cpp	86	Depth1.XRes value did not change.
 3665492	[INFO]	XnProperty.cpp	74	Setting Depth1.Mirror to 1...
 3665511	[INFO]	XnProperty.cpp	151	Property Depth1.FirmwareMirror was changed to 1.
 3665820	[INFO]	XnProperty.cpp	151	Property Depth1.Mirror was changed to 1.
 3665833	[INFO]	XnProperty.cpp	101	Depth1.Mirror was successfully set.
 4881409	[INFO]	XnOpenNI.cpp	1261	Creating node 'User1' of type User...
 4907076	[WARNING]	Linux-x86Threads.cpp	173	Failed to set thread priority: Invalid argument
 4907125	[WARNING]	XnUSBLinux-x86.cpp	126	USB events thread: Failed to set thread priority to critical. This might cause loss of data...
 4908157	[INFO]	XnUSBLinux-x86.cpp	1222	USB read thread was started.
 4908199	[INFO]	XnProperty.cpp	151	Property Depth1.ActualReadData was changed to 1.
 5379159	[INFO]	XnProperty.cpp	151	Property Depth1.State was changed to 1.
 5379208	[INFO]	XnDeviceBase.cpp	370	Stream Depth1 is open.
 7332930	[INFO]	XnOpenNI.cpp	1261	Creating node 'Image1' of type Image...
 7332980	[INFO]	XnDeviceBase.cpp	1383	Creating stream 'Image1' of type 'Image'...
 7333165	[INFO]	XnProperty.cpp	151	Property Image1.Resolution was changed to 0.
 7333184	[INFO]	XnProperty.cpp	151	Property Image1.XRes was changed to 320.
 7333198	[INFO]	XnProperty.cpp	151	Property Image1.YRes was changed to 240.
 7333209	[INFO]	XnProperty.cpp	151	Property Image1.FPS was changed to 30.
 7333220	[INFO]	XnProperty.cpp	151	Property Image1.OutputFormat was changed to 5.
 7333233	[INFO]	XnProperty.cpp	151	Property Image1.BytesPerPixel was changed to 3.
 7333245	[INFO]	XnProperty.cpp	151	Property Image1.RequiredDataSize was changed to 230400.
 7333273	[INFO]	XnDeviceBase.cpp	1458	Stream 'Image1' was initialized.
 7333287	[INFO]	XnDeviceBase.cpp	1463	'Image1' stream was created.
 7333400	[INFO]	XnProperty.cpp	74	Setting Image1.InputFormat to 6...
 7333422	[INFO]	XnProperty.cpp	151	Property Image1.InputFormat was changed to 6.
 7333434	[INFO]	XnProperty.cpp	101	Image1.InputFormat was successfully set.
 7333849	[INFO]	XnDeviceModule.cpp	431	Module 'Image1' configuration was loaded from file.
 7333935	[INFO]	XnProperty.cpp	74	Setting Image1.FPS to 30...
 7333951	[INFO]	XnProperty.cpp	86	Image1.FPS value did not change.
 7333963	[INFO]	XnProperty.cpp	74	Setting Image1.YRes to 480...
 7333975	[INFO]	XnProperty.cpp	151	Property Image1.Resolution was changed to 1.
 7333987	[INFO]	XnProperty.cpp	151	Property Image1.XRes was changed to 640.
 7334003	[INFO]	XnProperty.cpp	151	Property Image1.RequiredDataSize was changed to 460800.
 7334021	[INFO]	XnProperty.cpp	151	Property Image1.YRes was changed to 480.
 7334034	[INFO]	XnProperty.cpp	151	Property Image1.RequiredDataSize was changed to 921600.
 7334047	[INFO]	XnProperty.cpp	101	Image1.YRes was successfully set.
 7334059	[INFO]	XnProperty.cpp	74	Setting Image1.XRes to 640...
 7334070	[INFO]	XnProperty.cpp	86	Image1.XRes value did not change.
 7335096	[INFO]	XnUSBLinux-x86.cpp	1222	USB read thread was started.
 7335147	[INFO]	XnProperty.cpp	151	Property Image1.ActualReadData was changed to 1.
 7511610	[WARNING]	XnDepthProcessor.cpp	133	Read: Depth buffer is corrupt. Size is 562320 (!= 614400)
 7511657	[WARNING]	XnFrameStreamProcessor.cpp	132	Depth frame is corrupt!
10535526	[INFO]	XnProperty.cpp	151	Property Image1.State was changed to 1.
10535577	[INFO]	XnDeviceBase.cpp	370	Stream Image1 is open.
10535789	[INFO]	XnProperty.cpp	74	Setting Depth1.Registration to 1...
10547685	[WARNING]	XnDepthProcessor.cpp	133	Read: Depth buffer is corrupt. Size is 590912 (!= 614400)
10547733	[WARNING]	XnFrameStreamProcessor.cpp	132	Depth frame is corrupt!
10579698	[WARNING]	XnDepthProcessor.cpp	133	Read: Depth buffer is corrupt. Size is 597360 (!= 614400)
10579745	[WARNING]	XnFrameStreamProcessor.cpp	132	Depth frame is corrupt!
10688112	[INFO]	XnProperty.cpp	151	Property Depth1.Registration was changed to 1.
10688155	[INFO]	XnProperty.cpp	101	Depth1.Registration was successfully set.
10688201	[INFO]	XnProperty.cpp	74	Setting Image1.Mirror to 1...
10700487	[INFO]	XnProperty.cpp	151	Property Image1.FirmwareMirror was changed to 1.
10700547	[INFO]	XnProperty.cpp	151	Property Image1.Mirror was changed to 1.
10700565	[INFO]	XnProperty.cpp	101	Image1.Mirror was successfully set.
44366156	[INFO]	XnOpenNI.cpp	1459	Destroying node 'User1'
44374224	[INFO]	XnOpenNI.cpp	1459	Destroying node 'Depth1'
44374322	[INFO]	XnDeviceBase.cpp	1507	Destroying stream 'Depth1'...
44375521	[INFO]	XnOpenNI.cpp	1459	Destroying node 'Image1'
44375578	[INFO]	XnDeviceBase.cpp	1507	Destroying stream 'Image1'...
44376502	[INFO]	XnOpenNI.cpp	1459	Destroying node 'Device1'
