    1407	[INFO]	XnLog.cpp	165	OpenNI version is 1.0.0 (Build 25)-MacOSX (Jan  7 2011 14:20:18)
    1451	[INFO]	XnLog.cpp	173	Log system initialized. Console: 1, File: 1, Severity: INFO, Masks: ALL
    1475	[INFO]	XnLog.cpp	173	Log system initialized. Console: 1, File: 1, Severity: INFO, Masks: ALL
    2587	[INFO]	XnUSBLinux-x86.cpp	98	USB is initialized.
 2292561	[INFO]	XnOpenNI.cpp	1261	Creating node 'Device1' of type Device...
 2293656	[INFO]	XnDeviceModule.cpp	431	Module 'Device' configuration was loaded from file.
 2443170	[INFO]	XnDeviceSensorIO.cpp	135	Connected to USB device
 2443230	[INFO]	XnProperty.cpp	151	Property Device.USBPath was changed to 045e/02ae@253/8.
 2450744	[INFO]	XnHostProtocol.cpp	825	Hardware versions: FW=5.1.4 (7) HW=4 Chip=2 Sensor=4 SYS=7
 3861609	[INFO]	XnProperty.cpp	151	Property Device.ID was changed to 0.
 3861660	[INFO]	XnSensor.cpp	182	Device sensor initialized
 3861768	[INFO]	XnOpenNI.cpp	1261	Creating node 'Depth1' of type Depth...
 3861829	[INFO]	XnDeviceBase.cpp	1383	Creating stream 'Depth1' of type 'Depth'...
 3861857	[INFO]	XnProperty.cpp	74	Setting Device.ReadData to 1...
 3861901	[INFO]	XnDeviceSensorIO.cpp	298	Endpoints open
 3874472	[INFO]	XnProperty.cpp	151	Property Device.ReadData was changed to 1.
 3874517	[INFO]	XnProperty.cpp	101	Device.ReadData was successfully set.
 3874985	[INFO]	XnProperty.cpp	151	Property Depth1.Resolution was changed to 0.
 3875013	[INFO]	XnProperty.cpp	151	Property Depth1.XRes was changed to 320.
 3875034	[INFO]	XnProperty.cpp	151	Property Depth1.YRes was changed to 240.
 3875055	[INFO]	XnProperty.cpp	151	Property Depth1.FPS was changed to 30.
 3875074	[INFO]	XnProperty.cpp	151	Property Depth1.OutputFormat was changed to 1.
 3875093	[INFO]	XnProperty.cpp	151	Property Depth1.BytesPerPixel was changed to 2.
 3875113	[INFO]	XnProperty.cpp	151	Property Depth1.RequiredDataSize was changed to 153600.
 3875139	[INFO]	XnProperty.cpp	151	Property Depth1.ParamCoeff was changed to 4.
 3875217	[INFO]	XnProperty.cpp	151	Property Depth1.ShiftScale was changed to 10.
 3887824	[INFO]	XnProperty.cpp	151	Property Depth1.ConstShift was changed to 200.
 3887917	[INFO]	XnProperty.cpp	151	Property Depth1.ZPD was changed to 120.
 3888026	[INFO]	XnProperty.cpp	151	Property Depth1.ZPPS was changed to 0.104200.
 3888046	[INFO]	XnProperty.cpp	151	Property Depth1.LDDIS was changed to 7.500000.
 3888158	[INFO]	XnProperty.cpp	151	Property Depth1.Gain was changed to 30.
 3888195	[INFO]	XnDeviceBase.cpp	1458	Stream 'Depth1' was initialized.
 3888218	[INFO]	XnDeviceBase.cpp	1463	'Depth1' stream was created.
 3888434	[INFO]	XnProperty.cpp	74	Setting Depth1.InputFormat to 3...
 3888471	[INFO]	XnProperty.cpp	151	Property Depth1.InputFormat was changed to 3.
 3888495	[INFO]	XnProperty.cpp	101	Depth1.InputFormat was successfully set.
 3889193	[INFO]	XnProperty.cpp	74	Setting Depth1.RegistrationType to 2...
 3889225	[INFO]	XnProperty.cpp	151	Property Depth1.RegistrationType was changed to 2.
 3889245	[INFO]	XnProperty.cpp	101	Depth1.RegistrationType was successfully set.
 3889962	[INFO]	XnDeviceModule.cpp	431	Module 'Depth1' configuration was loaded from file.
 3890228	[INFO]	XnProperty.cpp	74	Setting Depth1.FPS to 30...
 3890251	[INFO]	XnProperty.cpp	86	Depth1.FPS value did not change.
 3890269	[INFO]	XnProperty.cpp	74	Setting Depth1.YRes to 480...
 3890292	[INFO]	XnProperty.cpp	151	Property Depth1.Resolution was changed to 1.
 3890316	[INFO]	XnProperty.cpp	151	Property Depth1.XRes was changed to 640.
 3890337	[INFO]	XnProperty.cpp	151	Property Depth1.RequiredDataSize was changed to 307200.
 3890360	[INFO]	XnProperty.cpp	151	Property Depth1.YRes was changed to 480.
 3890381	[INFO]	XnProperty.cpp	151	Property Depth1.RequiredDataSize was changed to 614400.
 3890403	[INFO]	XnProperty.cpp	101	Depth1.YRes was successfully set.
 3890424	[INFO]	XnProperty.cpp	74	Setting Depth1.XRes to 640...
 3890443	[INFO]	XnProperty.cpp	86	Depth1.XRes value did not change.
 3890513	[INFO]	XnProperty.cpp	74	Setting Depth1.Mirror to 1...
 3890540	[INFO]	XnProperty.cpp	151	Property Depth1.FirmwareMirror was changed to 1.
 3890612	[INFO]	XnProperty.cpp	151	Property Depth1.Mirror was changed to 1.
 3890634	[INFO]	XnProperty.cpp	101	Depth1.Mirror was successfully set.
 4996392	[INFO]	XnOpenNI.cpp	1261	Creating node 'User1' of type User...
 5019426	[WARNING]	Linux-x86Threads.cpp	173	Failed to set thread priority: Invalid argument
 5019471	[WARNING]	XnUSBLinux-x86.cpp	126	USB events thread: Failed to set thread priority to critical. This might cause loss of data...
 5020241	[INFO]	XnUSBLinux-x86.cpp	1222	USB read thread was started.
 5020266	[INFO]	XnProperty.cpp	151	Property Depth1.ActualReadData was changed to 1.
 5490921	[INFO]	XnProperty.cpp	151	Property Depth1.State was changed to 1.
 5490963	[INFO]	XnDeviceBase.cpp	370	Stream Depth1 is open.
 7543215	[INFO]	XnOpenNI.cpp	1261	Creating node 'Image1' of type Image...
 7543264	[INFO]	XnDeviceBase.cpp	1383	Creating stream 'Image1' of type 'Image'...
 7543441	[INFO]	XnProperty.cpp	151	Property Image1.Resolution was changed to 0.
 7543460	[INFO]	XnProperty.cpp	151	Property Image1.XRes was changed to 320.
 7543472	[INFO]	XnProperty.cpp	151	Property Image1.YRes was changed to 240.
 7543485	[INFO]	XnProperty.cpp	151	Property Image1.FPS was changed to 30.
 7543496	[INFO]	XnProperty.cpp	151	Property Image1.OutputFormat was changed to 5.
 7543507	[INFO]	XnProperty.cpp	151	Property Image1.BytesPerPixel was changed to 3.
 7543518	[INFO]	XnProperty.cpp	151	Property Image1.RequiredDataSize was changed to 230400.
 7543548	[INFO]	XnDeviceBase.cpp	1458	Stream 'Image1' was initialized.
 7543561	[INFO]	XnDeviceBase.cpp	1463	'Image1' stream was created.
 7543666	[INFO]	XnProperty.cpp	74	Setting Image1.InputFormat to 6...
 7543687	[INFO]	XnProperty.cpp	151	Property Image1.InputFormat was changed to 6.
 7543700	[INFO]	XnProperty.cpp	101	Image1.InputFormat was successfully set.
 7544143	[INFO]	XnDeviceModule.cpp	431	Module 'Image1' configuration was loaded from file.
 7544243	[INFO]	XnProperty.cpp	74	Setting Image1.FPS to 30...
 7544262	[INFO]	XnProperty.cpp	86	Image1.FPS value did not change.
 7544280	[INFO]	XnProperty.cpp	74	Setting Image1.YRes to 480...
 7544300	[INFO]	XnProperty.cpp	151	Property Image1.Resolution was changed to 1.
 7544319	[INFO]	XnProperty.cpp	151	Property Image1.XRes was changed to 640.
 7544337	[INFO]	XnProperty.cpp	151	Property Image1.RequiredDataSize was changed to 460800.
 7544358	[INFO]	XnProperty.cpp	151	Property Image1.YRes was changed to 480.
 7544378	[INFO]	XnProperty.cpp	151	Property Image1.RequiredDataSize was changed to 921600.
 7544392	[INFO]	XnProperty.cpp	101	Image1.YRes was successfully set.
 7544405	[INFO]	XnProperty.cpp	74	Setting Image1.XRes to 640...
 7544416	[INFO]	XnProperty.cpp	86	Image1.XRes value did not change.
 7545341	[INFO]	XnUSBLinux-x86.cpp	1222	USB read thread was started.
 7545383	[INFO]	XnProperty.cpp	151	Property Image1.ActualReadData was changed to 1.
 7724237	[WARNING]	XnDepthProcessor.cpp	133	Read: Depth buffer is corrupt. Size is 522896 (!= 614400)
 7724283	[WARNING]	XnFrameStreamProcessor.cpp	132	Depth frame is corrupt!
10746154	[INFO]	XnProperty.cpp	151	Property Image1.State was changed to 1.
10746196	[INFO]	XnDeviceBase.cpp	370	Stream Image1 is open.
10746393	[INFO]	XnProperty.cpp	74	Setting Depth1.Registration to 1...
10760299	[WARNING]	XnDepthProcessor.cpp	133	Read: Depth buffer is corrupt. Size is 598144 (!= 614400)
10760346	[WARNING]	XnFrameStreamProcessor.cpp	132	Depth frame is corrupt!
10898747	[INFO]	XnProperty.cpp	151	Property Depth1.Registration was changed to 1.
10898790	[INFO]	XnProperty.cpp	101	Depth1.Registration was successfully set.
10898835	[INFO]	XnProperty.cpp	74	Setting Image1.Mirror to 1...
10911098	[INFO]	XnProperty.cpp	151	Property Image1.FirmwareMirror was changed to 1.
10911143	[INFO]	XnProperty.cpp	151	Property Image1.Mirror was changed to 1.
10911161	[INFO]	XnProperty.cpp	101	Image1.Mirror was successfully set.
42165512	[INFO]	XnOpenNI.cpp	1459	Destroying node 'User1'
42173023	[INFO]	XnOpenNI.cpp	1459	Destroying node 'Depth1'
42173118	[INFO]	XnDeviceBase.cpp	1507	Destroying stream 'Depth1'...
42174281	[INFO]	XnOpenNI.cpp	1459	Destroying node 'Image1'
42174402	[INFO]	XnDeviceBase.cpp	1507	Destroying stream 'Image1'...
42176479	[INFO]	XnOpenNI.cpp	1459	Destroying node 'Device1'
