    1392	[INFO]	XnLog.cpp	165	OpenNI version is 1.0.0 (Build 25)-MacOSX (Jan  7 2011 14:20:18)
    1436	[INFO]	XnLog.cpp	173	Log system initialized. Console: 1, File: 1, Severity: INFO, Masks: ALL
    1460	[INFO]	XnLog.cpp	173	Log system initialized. Console: 1, File: 1, Severity: INFO, Masks: ALL
    2610	[INFO]	XnUSBLinux-x86.cpp	98	USB is initialized.
 1961967	[INFO]	XnOpenNI.cpp	1261	Creating node 'Device1' of type Device...
 1962694	[INFO]	XnDeviceModule.cpp	431	Module 'Device' configuration was loaded from file.
 2227406	[INFO]	XnDeviceSensorIO.cpp	135	Connected to USB device
 2227460	[INFO]	XnProperty.cpp	151	Property Device.USBPath was changed to 045e/02ae@250/10.
 2235016	[INFO]	XnHostProtocol.cpp	825	Hardware versions: FW=5.1.4 (7) HW=4 Chip=2 Sensor=4 SYS=7
 3751384	[INFO]	XnProperty.cpp	151	Property Device.ID was changed to 0.
 3751451	[INFO]	XnSensor.cpp	182	Device sensor initialized
 3751546	[INFO]	XnOpenNI.cpp	1261	Creating node 'Depth1' of type Depth...
 3751588	[INFO]	XnDeviceBase.cpp	1383	Creating stream 'Depth1' of type 'Depth'...
 3751619	[INFO]	XnProperty.cpp	74	Setting Device.ReadData to 1...
 3751661	[INFO]	XnDeviceSensorIO.cpp	298	Endpoints open
 3764078	[INFO]	XnProperty.cpp	151	Property Device.ReadData was changed to 1.
 3764125	[INFO]	XnProperty.cpp	101	Device.ReadData was successfully set.
 3764539	[INFO]	XnProperty.cpp	151	Property Depth1.Resolution was changed to 0.
 3764567	[INFO]	XnProperty.cpp	151	Property Depth1.XRes was changed to 320.
 3764587	[INFO]	XnProperty.cpp	151	Property Depth1.YRes was changed to 240.
 3764606	[INFO]	XnProperty.cpp	151	Property Depth1.FPS was changed to 30.
 3764623	[INFO]	XnProperty.cpp	151	Property Depth1.OutputFormat was changed to 1.
 3764640	[INFO]	XnProperty.cpp	151	Property Depth1.BytesPerPixel was changed to 2.
 3764658	[INFO]	XnProperty.cpp	151	Property Depth1.RequiredDataSize was changed to 153600.
 3764681	[INFO]	XnProperty.cpp	151	Property Depth1.ParamCoeff was changed to 4.
 3764755	[INFO]	XnProperty.cpp	151	Property Depth1.ShiftScale was changed to 10.
 3777009	[INFO]	XnProperty.cpp	151	Property Depth1.ConstShift was changed to 200.
 3777126	[INFO]	XnProperty.cpp	151	Property Depth1.ZPD was changed to 120.
 3777247	[INFO]	XnProperty.cpp	151	Property Depth1.ZPPS was changed to 0.104200.
 3777325	[INFO]	XnProperty.cpp	151	Property Depth1.LDDIS was changed to 7.500000.
 3777447	[INFO]	XnProperty.cpp	151	Property Depth1.Gain was changed to 30.
 3777495	[INFO]	XnDeviceBase.cpp	1458	Stream 'Depth1' was initialized.
 3777515	[INFO]	XnDeviceBase.cpp	1463	'Depth1' stream was created.
 3777666	[INFO]	XnProperty.cpp	74	Setting Depth1.InputFormat to 3...
 3777692	[INFO]	XnProperty.cpp	151	Property Depth1.InputFormat was changed to 3.
 3777712	[INFO]	XnProperty.cpp	101	Depth1.InputFormat was successfully set.
 3778418	[INFO]	XnProperty.cpp	74	Setting Depth1.RegistrationType to 2...
 3778445	[INFO]	XnProperty.cpp	151	Property Depth1.RegistrationType was changed to 2.
 3778463	[INFO]	XnProperty.cpp	101	Depth1.RegistrationType was successfully set.
 3779220	[INFO]	XnDeviceModule.cpp	431	Module 'Depth1' configuration was loaded from file.
 3779524	[INFO]	XnProperty.cpp	74	Setting Depth1.FPS to 30...
 3779549	[INFO]	XnProperty.cpp	86	Depth1.FPS value did not change.
 3779568	[INFO]	XnProperty.cpp	74	Setting Depth1.YRes to 480...
 3779590	[INFO]	XnProperty.cpp	151	Property Depth1.Resolution was changed to 1.
 3779611	[INFO]	XnProperty.cpp	151	Property Depth1.XRes was changed to 640.
 3779630	[INFO]	XnProperty.cpp	151	Property Depth1.RequiredDataSize was changed to 307200.
 3779652	[INFO]	XnProperty.cpp	151	Property Depth1.YRes was changed to 480.
 3779669	[INFO]	XnProperty.cpp	151	Property Depth1.RequiredDataSize was changed to 614400.
 3779689	[INFO]	XnProperty.cpp	101	Depth1.YRes was successfully set.
 3779707	[INFO]	XnProperty.cpp	74	Setting Depth1.XRes to 640...
 3779723	[INFO]	XnProperty.cpp	86	Depth1.XRes value did not change.
 3779784	[INFO]	XnProperty.cpp	74	Setting Depth1.Mirror to 1...
 3779808	[INFO]	XnProperty.cpp	151	Property Depth1.FirmwareMirror was changed to 1.
 3779845	[INFO]	XnProperty.cpp	151	Property Depth1.Mirror was changed to 1.
 3779864	[INFO]	XnProperty.cpp	101	Depth1.Mirror was successfully set.
 4877388	[INFO]	XnOpenNI.cpp	1261	Creating node 'User1' of type User...
 4903313	[WARNING]	Linux-x86Threads.cpp	173	Failed to set thread priority: Invalid argument
 4903360	[WARNING]	XnUSBLinux-x86.cpp	126	USB events thread: Failed to set thread priority to critical. This might cause loss of data...
 4904145	[INFO]	XnUSBLinux-x86.cpp	1222	USB read thread was started.
 4904174	[INFO]	XnProperty.cpp	151	Property Depth1.ActualReadData was changed to 1.
 5375378	[INFO]	XnProperty.cpp	151	Property Depth1.State was changed to 1.
 5375420	[INFO]	XnDeviceBase.cpp	370	Stream Depth1 is open.
 6799898	[INFO]	XnOpenNI.cpp	1261	Creating node 'Image1' of type Image...
 6799948	[INFO]	XnDeviceBase.cpp	1383	Creating stream 'Image1' of type 'Image'...
 6800126	[INFO]	XnProperty.cpp	151	Property Image1.Resolution was changed to 0.
 6800144	[INFO]	XnProperty.cpp	151	Property Image1.XRes was changed to 320.
 6800157	[INFO]	XnProperty.cpp	151	Property Image1.YRes was changed to 240.
 6800169	[INFO]	XnProperty.cpp	151	Property Image1.FPS was changed to 30.
 6800180	[INFO]	XnProperty.cpp	151	Property Image1.OutputFormat was changed to 5.
 6800192	[INFO]	XnProperty.cpp	151	Property Image1.BytesPerPixel was changed to 3.
 6800204	[INFO]	XnProperty.cpp	151	Property Image1.RequiredDataSize was changed to 230400.
 6800246	[INFO]	XnDeviceBase.cpp	1458	Stream 'Image1' was initialized.
 6800268	[INFO]	XnDeviceBase.cpp	1463	'Image1' stream was created.
 6800409	[INFO]	XnProperty.cpp	74	Setting Image1.InputFormat to 6...
 6800437	[INFO]	XnProperty.cpp	151	Property Image1.InputFormat was changed to 6.
 6800457	[INFO]	XnProperty.cpp	101	Image1.InputFormat was successfully set.
 6800918	[INFO]	XnDeviceModule.cpp	431	Module 'Image1' configuration was loaded from file.
 6801008	[INFO]	XnProperty.cpp	74	Setting Image1.FPS to 30...
 6801024	[INFO]	XnProperty.cpp	86	Image1.FPS value did not change.
 6801035	[INFO]	XnProperty.cpp	74	Setting Image1.YRes to 480...
 6801048	[INFO]	XnProperty.cpp	151	Property Image1.Resolution was changed to 1.
 6801060	[INFO]	XnProperty.cpp	151	Property Image1.XRes was changed to 640.
 6801073	[INFO]	XnProperty.cpp	151	Property Image1.RequiredDataSize was changed to 460800.
 6801086	[INFO]	XnProperty.cpp	151	Property Image1.YRes was changed to 480.
 6801098	[INFO]	XnProperty.cpp	151	Property Image1.RequiredDataSize was changed to 921600.
 6801110	[INFO]	XnProperty.cpp	101	Image1.YRes was successfully set.
 6801122	[INFO]	XnProperty.cpp	74	Setting Image1.XRes to 640...
 6801133	[INFO]	XnProperty.cpp	86	Image1.XRes value did not change.
 6801993	[INFO]	XnUSBLinux-x86.cpp	1222	USB read thread was started.
 6802037	[INFO]	XnProperty.cpp	151	Property Image1.ActualReadData was changed to 1.
 6872038	[WARNING]	XnDepthProcessor.cpp	133	Read: Depth buffer is corrupt. Size is 601120 (!= 614400)
 6872085	[WARNING]	XnFrameStreamProcessor.cpp	132	Depth frame is corrupt!
 7007931	[WARNING]	XnDepthProcessor.cpp	133	Read: Depth buffer is corrupt. Size is 601872 (!= 614400)
 7007979	[WARNING]	XnFrameStreamProcessor.cpp	132	Depth frame is corrupt!
 9876009	[WARNING]	XnDepthProcessor.cpp	133	Read: Depth buffer is corrupt. Size is 589520 (!= 614400)
 9876057	[WARNING]	XnFrameStreamProcessor.cpp	132	Depth frame is corrupt!
10002849	[INFO]	XnProperty.cpp	151	Property Image1.State was changed to 1.
10002901	[INFO]	XnDeviceBase.cpp	370	Stream Image1 is open.
10003078	[INFO]	XnProperty.cpp	74	Setting Depth1.Registration to 1...
10008059	[WARNING]	XnFirmwareStreams.cpp	324	Unknown packet type (0x4949)!!!
10011995	[WARNING]	XnFirmwareStreams.cpp	324	Unknown packet type (0x4949)!!!
10016012	[WARNING]	XnFrameStreamProcessor.cpp	140	Depth Frame Buffer overflow! current size: 612768
10016047	[WARNING]	XnFrameStreamProcessor.cpp	132	Depth frame is corrupt!
10043951	[WARNING]	XnDepthProcessor.cpp	133	Read: Depth buffer is corrupt. Size is 612768 (!= 614400)
10154468	[INFO]	XnProperty.cpp	151	Property Depth1.Registration was changed to 1.
10154543	[INFO]	XnProperty.cpp	101	Depth1.Registration was successfully set.
10154589	[INFO]	XnProperty.cpp	74	Setting Image1.Mirror to 1...
10166886	[INFO]	XnProperty.cpp	151	Property Image1.FirmwareMirror was changed to 1.
10166930	[INFO]	XnProperty.cpp	151	Property Image1.Mirror was changed to 1.
10166943	[INFO]	XnProperty.cpp	101	Image1.Mirror was successfully set.
76016964	[INFO]	XnOpenNI.cpp	1459	Destroying node 'User1'
76025757	[INFO]	XnOpenNI.cpp	1459	Destroying node 'Depth1'
76025848	[INFO]	XnDeviceBase.cpp	1507	Destroying stream 'Depth1'...
76027404	[INFO]	XnOpenNI.cpp	1459	Destroying node 'Image1'
76027473	[INFO]	XnDeviceBase.cpp	1507	Destroying stream 'Image1'...
76028601	[INFO]	XnOpenNI.cpp	1459	Destroying node 'Device1'
