    1585	[INFO]	XnLog.cpp	165	OpenNI version is 1.0.0 (Build 25)-MacOSX (Jan  7 2011 14:20:18)
    1629	[INFO]	XnLog.cpp	173	Log system initialized. Console: 1, File: 1, Severity: INFO, Masks: ALL
    1653	[INFO]	XnLog.cpp	173	Log system initialized. Console: 1, File: 1, Severity: INFO, Masks: ALL
    3172	[INFO]	XnUSBLinux-x86.cpp	98	USB is initialized.
 1968453	[INFO]	XnOpenNI.cpp	1261	Creating node 'Device1' of type Device...
 1969518	[INFO]	XnDeviceModule.cpp	431	Module 'Device' configuration was loaded from file.
 2237671	[INFO]	XnDeviceSensorIO.cpp	135	Connected to USB device
 2237726	[INFO]	XnProperty.cpp	151	Property Device.USBPath was changed to 045e/02ae@250/10.
 2245463	[INFO]	XnHostProtocol.cpp	825	Hardware versions: FW=5.1.4 (7) HW=4 Chip=2 Sensor=4 SYS=7
 3749941	[INFO]	XnProperty.cpp	151	Property Device.ID was changed to 0.
 3750003	[INFO]	XnSensor.cpp	182	Device sensor initialized
 3750092	[INFO]	XnOpenNI.cpp	1261	Creating node 'Depth1' of type Depth...
 3750145	[INFO]	XnDeviceBase.cpp	1383	Creating stream 'Depth1' of type 'Depth'...
 3750171	[INFO]	XnProperty.cpp	74	Setting Device.ReadData to 1...
 3750213	[INFO]	XnDeviceSensorIO.cpp	298	Endpoints open
 3762577	[INFO]	XnProperty.cpp	151	Property Device.ReadData was changed to 1.
 3762621	[INFO]	XnProperty.cpp	101	Device.ReadData was successfully set.
 3762967	[INFO]	XnProperty.cpp	151	Property Depth1.Resolution was changed to 0.
 3762987	[INFO]	XnProperty.cpp	151	Property Depth1.XRes was changed to 320.
 3763000	[INFO]	XnProperty.cpp	151	Property Depth1.YRes was changed to 240.
 3763012	[INFO]	XnProperty.cpp	151	Property Depth1.FPS was changed to 30.
 3763023	[INFO]	XnProperty.cpp	151	Property Depth1.OutputFormat was changed to 1.
 3763036	[INFO]	XnProperty.cpp	151	Property Depth1.BytesPerPixel was changed to 2.
 3763049	[INFO]	XnProperty.cpp	151	Property Depth1.RequiredDataSize was changed to 153600.
 3763065	[INFO]	XnProperty.cpp	151	Property Depth1.ParamCoeff was changed to 4.
 3763124	[INFO]	XnProperty.cpp	151	Property Depth1.ShiftScale was changed to 10.
 3775459	[INFO]	XnProperty.cpp	151	Property Depth1.ConstShift was changed to 200.
 3775564	[INFO]	XnProperty.cpp	151	Property Depth1.ZPD was changed to 120.
 3775673	[INFO]	XnProperty.cpp	151	Property Depth1.ZPPS was changed to 0.104200.
 3775694	[INFO]	XnProperty.cpp	151	Property Depth1.LDDIS was changed to 7.500000.
 3775802	[INFO]	XnProperty.cpp	151	Property Depth1.Gain was changed to 30.
 3775843	[INFO]	XnDeviceBase.cpp	1458	Stream 'Depth1' was initialized.
 3775864	[INFO]	XnDeviceBase.cpp	1463	'Depth1' stream was created.
 3776035	[INFO]	XnProperty.cpp	74	Setting Depth1.InputFormat to 3...
 3776063	[INFO]	XnProperty.cpp	151	Property Depth1.InputFormat was changed to 3.
 3776083	[INFO]	XnProperty.cpp	101	Depth1.InputFormat was successfully set.
 3776573	[INFO]	XnProperty.cpp	74	Setting Depth1.RegistrationType to 2...
 3776591	[INFO]	XnProperty.cpp	151	Property Depth1.RegistrationType was changed to 2.
 3776605	[INFO]	XnProperty.cpp	101	Depth1.RegistrationType was successfully set.
 3777066	[INFO]	XnDeviceModule.cpp	431	Module 'Depth1' configuration was loaded from file.
 3777246	[INFO]	XnProperty.cpp	74	Setting Depth1.FPS to 30...
 3777265	[INFO]	XnProperty.cpp	86	Depth1.FPS value did not change.
 3777281	[INFO]	XnProperty.cpp	74	Setting Depth1.YRes to 480...
 3777297	[INFO]	XnProperty.cpp	151	Property Depth1.Resolution was changed to 1.
 3777311	[INFO]	XnProperty.cpp	151	Property Depth1.XRes was changed to 640.
 3777323	[INFO]	XnProperty.cpp	151	Property Depth1.RequiredDataSize was changed to 307200.
 3777338	[INFO]	XnProperty.cpp	151	Property Depth1.YRes was changed to 480.
 3777350	[INFO]	XnProperty.cpp	151	Property Depth1.RequiredDataSize was changed to 614400.
 3777362	[INFO]	XnProperty.cpp	101	Depth1.YRes was successfully set.
 3777375	[INFO]	XnProperty.cpp	74	Setting Depth1.XRes to 640...
 3777386	[INFO]	XnProperty.cpp	86	Depth1.XRes value did not change.
 3777429	[INFO]	XnProperty.cpp	74	Setting Depth1.Mirror to 1...
 3777444	[INFO]	XnProperty.cpp	151	Property Depth1.FirmwareMirror was changed to 1.
 3777493	[INFO]	XnProperty.cpp	151	Property Depth1.Mirror was changed to 1.
 3777506	[INFO]	XnProperty.cpp	101	Depth1.Mirror was successfully set.
 4874588	[INFO]	XnOpenNI.cpp	1261	Creating node 'User1' of type User...
 4900995	[WARNING]	Linux-x86Threads.cpp	173	Failed to set thread priority: Invalid argument
 4901041	[WARNING]	XnUSBLinux-x86.cpp	126	USB events thread: Failed to set thread priority to critical. This might cause loss of data...
 4901799	[INFO]	XnUSBLinux-x86.cpp	1222	USB read thread was started.
 4901823	[INFO]	XnProperty.cpp	151	Property Depth1.ActualReadData was changed to 1.
 5373027	[INFO]	XnProperty.cpp	151	Property Depth1.State was changed to 1.
 5373071	[INFO]	XnDeviceBase.cpp	370	Stream Depth1 is open.
 6475941	[INFO]	XnOpenNI.cpp	1261	Creating node 'Image1' of type Image...
 6475991	[INFO]	XnDeviceBase.cpp	1383	Creating stream 'Image1' of type 'Image'...
 6476180	[INFO]	XnProperty.cpp	151	Property Image1.Resolution was changed to 0.
 6476199	[INFO]	XnProperty.cpp	151	Property Image1.XRes was changed to 320.
 6476212	[INFO]	XnProperty.cpp	151	Property Image1.YRes was changed to 240.
 6476224	[INFO]	XnProperty.cpp	151	Property Image1.FPS was changed to 30.
 6476236	[INFO]	XnProperty.cpp	151	Property Image1.OutputFormat was changed to 5.
 6476248	[INFO]	XnProperty.cpp	151	Property Image1.BytesPerPixel was changed to 3.
 6476261	[INFO]	XnProperty.cpp	151	Property Image1.RequiredDataSize was changed to 230400.
 6476289	[INFO]	XnDeviceBase.cpp	1458	Stream 'Image1' was initialized.
 6476303	[INFO]	XnDeviceBase.cpp	1463	'Image1' stream was created.
 6476418	[INFO]	XnProperty.cpp	74	Setting Image1.InputFormat to 6...
 6476443	[INFO]	XnProperty.cpp	151	Property Image1.InputFormat was changed to 6.
 6476463	[INFO]	XnProperty.cpp	101	Image1.InputFormat was successfully set.
 6477079	[INFO]	XnDeviceModule.cpp	431	Module 'Image1' configuration was loaded from file.
 6477210	[INFO]	XnProperty.cpp	74	Setting Image1.FPS to 30...
 6477232	[INFO]	XnProperty.cpp	86	Image1.FPS value did not change.
 6477251	[INFO]	XnProperty.cpp	74	Setting Image1.YRes to 480...
 6477270	[INFO]	XnProperty.cpp	151	Property Image1.Resolution was changed to 1.
 6477289	[INFO]	XnProperty.cpp	151	Property Image1.XRes was changed to 640.
 6477307	[INFO]	XnProperty.cpp	151	Property Image1.RequiredDataSize was changed to 460800.
 6477329	[INFO]	XnProperty.cpp	151	Property Image1.YRes was changed to 480.
 6477347	[INFO]	XnProperty.cpp	151	Property Image1.RequiredDataSize was changed to 921600.
 6477367	[INFO]	XnProperty.cpp	101	Image1.YRes was successfully set.
 6477418	[INFO]	XnProperty.cpp	74	Setting Image1.XRes to 640...
 6477460	[INFO]	XnProperty.cpp	86	Image1.XRes value did not change.
 6478571	[INFO]	XnUSBLinux-x86.cpp	1222	USB read thread was started.
 6478616	[INFO]	XnProperty.cpp	151	Property Image1.ActualReadData was changed to 1.
 6537686	[WARNING]	XnDepthProcessor.cpp	133	Read: Depth buffer is corrupt. Size is 599376 (!= 614400)
 6537731	[WARNING]	XnFrameStreamProcessor.cpp	132	Depth frame is corrupt!
 6669719	[WARNING]	XnDepthProcessor.cpp	133	Read: Depth buffer is corrupt. Size is 565648 (!= 614400)
 6669767	[WARNING]	XnFrameStreamProcessor.cpp	132	Depth frame is corrupt!
 9680048	[INFO]	XnProperty.cpp	151	Property Image1.State was changed to 1.
 9680091	[INFO]	XnDeviceBase.cpp	370	Stream Image1 is open.
 9680262	[INFO]	XnProperty.cpp	74	Setting Depth1.Registration to 1...
 9833196	[INFO]	XnProperty.cpp	151	Property Depth1.Registration was changed to 1.
 9833249	[INFO]	XnProperty.cpp	101	Depth1.Registration was successfully set.
 9833310	[INFO]	XnProperty.cpp	74	Setting Image1.Mirror to 1...
 9846095	[INFO]	XnProperty.cpp	151	Property Image1.FirmwareMirror was changed to 1.
 9846140	[INFO]	XnProperty.cpp	151	Property Image1.Mirror was changed to 1.
 9846154	[INFO]	XnProperty.cpp	101	Image1.Mirror was successfully set.
214280521	[INFO]	XnOpenNI.cpp	1459	Destroying node 'User1'
214288560	[INFO]	XnOpenNI.cpp	1459	Destroying node 'Depth1'
214288653	[INFO]	XnDeviceBase.cpp	1507	Destroying stream 'Depth1'...
214290340	[INFO]	XnOpenNI.cpp	1459	Destroying node 'Image1'
214290459	[INFO]	XnDeviceBase.cpp	1507	Destroying stream 'Image1'...
214291585	[INFO]	XnOpenNI.cpp	1459	Destroying node 'Device1'
