    1540	[INFO]	XnLog.cpp	165	OpenNI version is 1.0.0 (Build 25)-MacOSX (Jan  7 2011 14:20:18)
    1589	[INFO]	XnLog.cpp	173	Log system initialized. Console: 1, File: 1, Severity: INFO, Masks: ALL
    1622	[INFO]	XnLog.cpp	173	Log system initialized. Console: 1, File: 1, Severity: INFO, Masks: ALL
    2899	[INFO]	XnUSBLinux-x86.cpp	98	USB is initialized.
 1994902	[INFO]	XnOpenNI.cpp	1261	Creating node 'Device1' of type Device...
 1995746	[INFO]	XnDeviceModule.cpp	431	Module 'Device' configuration was loaded from file.
 2257400	[INFO]	XnDeviceSensorIO.cpp	135	Connected to USB device
 2257451	[INFO]	XnProperty.cpp	151	Property Device.USBPath was changed to 045e/02ae@253/8.
 2264739	[INFO]	XnHostProtocol.cpp	825	Hardware versions: FW=5.1.4 (7) HW=4 Chip=2 Sensor=4 SYS=7
 3676081	[INFO]	XnProperty.cpp	151	Property Device.ID was changed to 0.
 3676133	[INFO]	XnSensor.cpp	182	Device sensor initialized
 3676208	[INFO]	XnOpenNI.cpp	1261	Creating node 'Depth1' of type Depth...
 3676244	[INFO]	XnDeviceBase.cpp	1383	Creating stream 'Depth1' of type 'Depth'...
 3676264	[INFO]	XnProperty.cpp	74	Setting Device.ReadData to 1...
 3676306	[INFO]	XnDeviceSensorIO.cpp	298	Endpoints open
 3688629	[INFO]	XnProperty.cpp	151	Property Device.ReadData was changed to 1.
 3688676	[INFO]	XnProperty.cpp	101	Device.ReadData was successfully set.
 3689021	[INFO]	XnProperty.cpp	151	Property Depth1.Resolution was changed to 0.
 3689044	[INFO]	XnProperty.cpp	151	Property Depth1.XRes was changed to 320.
 3689065	[INFO]	XnProperty.cpp	151	Property Depth1.YRes was changed to 240.
 3689085	[INFO]	XnProperty.cpp	151	Property Depth1.FPS was changed to 30.
 3689104	[INFO]	XnProperty.cpp	151	Property Depth1.OutputFormat was changed to 1.
 3689122	[INFO]	XnProperty.cpp	151	Property Depth1.BytesPerPixel was changed to 2.
 3689141	[INFO]	XnProperty.cpp	151	Property Depth1.RequiredDataSize was changed to 153600.
 3689164	[INFO]	XnProperty.cpp	151	Property Depth1.ParamCoeff was changed to 4.
 3689229	[INFO]	XnProperty.cpp	151	Property Depth1.ShiftScale was changed to 10.
 3701755	[INFO]	XnProperty.cpp	151	Property Depth1.ConstShift was changed to 200.
 3701858	[INFO]	XnProperty.cpp	151	Property Depth1.ZPD was changed to 120.
 3701972	[INFO]	XnProperty.cpp	151	Property Depth1.ZPPS was changed to 0.104200.
 3701998	[INFO]	XnProperty.cpp	151	Property Depth1.LDDIS was changed to 7.500000.
 3702131	[INFO]	XnProperty.cpp	151	Property Depth1.Gain was changed to 30.
 3702176	[INFO]	XnDeviceBase.cpp	1458	Stream 'Depth1' was initialized.
 3702199	[INFO]	XnDeviceBase.cpp	1463	'Depth1' stream was created.
 3702404	[INFO]	XnProperty.cpp	74	Setting Depth1.InputFormat to 3...
 3702436	[INFO]	XnProperty.cpp	151	Property Depth1.InputFormat was changed to 3.
 3702457	[INFO]	XnProperty.cpp	101	Depth1.InputFormat was successfully set.
 3703143	[INFO]	XnProperty.cpp	74	Setting Depth1.RegistrationType to 2...
 3703173	[INFO]	XnProperty.cpp	151	Property Depth1.RegistrationType was changed to 2.
 3703195	[INFO]	XnProperty.cpp	101	Depth1.RegistrationType was successfully set.
 3703867	[INFO]	XnDeviceModule.cpp	431	Module 'Depth1' configuration was loaded from file.
 3704079	[INFO]	XnProperty.cpp	74	Setting Depth1.FPS to 30...
 3704102	[INFO]	XnProperty.cpp	86	Depth1.FPS value did not change.
 3704124	[INFO]	XnProperty.cpp	74	Setting Depth1.YRes to 480...
 3704147	[INFO]	XnProperty.cpp	151	Property Depth1.Resolution was changed to 1.
 3704168	[INFO]	XnProperty.cpp	151	Property Depth1.XRes was changed to 640.
 3704188	[INFO]	XnProperty.cpp	151	Property Depth1.RequiredDataSize was changed to 307200.
 3704211	[INFO]	XnProperty.cpp	151	Property Depth1.YRes was changed to 480.
 3704231	[INFO]	XnProperty.cpp	151	Property Depth1.RequiredDataSize was changed to 614400.
 3704253	[INFO]	XnProperty.cpp	101	Depth1.YRes was successfully set.
 3704271	[INFO]	XnProperty.cpp	74	Setting Depth1.XRes to 640...
 3704288	[INFO]	XnProperty.cpp	86	Depth1.XRes value did not change.
 3704350	[INFO]	XnProperty.cpp	74	Setting Depth1.Mirror to 1...
 3704374	[INFO]	XnProperty.cpp	151	Property Depth1.FirmwareMirror was changed to 1.
 3704434	[INFO]	XnProperty.cpp	151	Property Depth1.Mirror was changed to 1.
 3704456	[INFO]	XnProperty.cpp	101	Depth1.Mirror was successfully set.
 6212903	[INFO]	XnOpenNI.cpp	1261	Creating node 'User1' of type User...
 6236485	[WARNING]	Linux-x86Threads.cpp	173	Failed to set thread priority: Invalid argument
 6236531	[WARNING]	XnUSBLinux-x86.cpp	126	USB events thread: Failed to set thread priority to critical. This might cause loss of data...
 6237337	[INFO]	XnUSBLinux-x86.cpp	1222	USB read thread was started.
 6237362	[INFO]	XnProperty.cpp	151	Property Depth1.ActualReadData was changed to 1.
 6707568	[INFO]	XnProperty.cpp	151	Property Depth1.State was changed to 1.
 6707610	[INFO]	XnDeviceBase.cpp	370	Stream Depth1 is open.
 8783605	[INFO]	XnOpenNI.cpp	1261	Creating node 'Image1' of type Image...
 8783655	[INFO]	XnDeviceBase.cpp	1383	Creating stream 'Image1' of type 'Image'...
 8783880	[INFO]	XnProperty.cpp	151	Property Image1.Resolution was changed to 0.
 8783906	[INFO]	XnProperty.cpp	151	Property Image1.XRes was changed to 320.
 8783924	[INFO]	XnProperty.cpp	151	Property Image1.YRes was changed to 240.
 8783943	[INFO]	XnProperty.cpp	151	Property Image1.FPS was changed to 30.
 8783971	[INFO]	XnProperty.cpp	151	Property Image1.OutputFormat was changed to 5.
 8783992	[INFO]	XnProperty.cpp	151	Property Image1.BytesPerPixel was changed to 3.
 8784011	[INFO]	XnProperty.cpp	151	Property Image1.RequiredDataSize was changed to 230400.
 8784057	[INFO]	XnDeviceBase.cpp	1458	Stream 'Image1' was initialized.
 8784078	[INFO]	XnDeviceBase.cpp	1463	'Image1' stream was created.
 8784207	[INFO]	XnProperty.cpp	74	Setting Image1.InputFormat to 6...
 8784235	[INFO]	XnProperty.cpp	151	Property Image1.InputFormat was changed to 6.
 8784254	[INFO]	XnProperty.cpp	101	Image1.InputFormat was successfully set.
 8784873	[INFO]	XnDeviceModule.cpp	431	Module 'Image1' configuration was loaded from file.
 8784994	[INFO]	XnProperty.cpp	74	Setting Image1.FPS to 30...
 8785021	[INFO]	XnProperty.cpp	86	Image1.FPS value did not change.
 8785040	[INFO]	XnProperty.cpp	74	Setting Image1.YRes to 480...
 8785059	[INFO]	XnProperty.cpp	151	Property Image1.Resolution was changed to 1.
 8785078	[INFO]	XnProperty.cpp	151	Property Image1.XRes was changed to 640.
 8785099	[INFO]	XnProperty.cpp	151	Property Image1.RequiredDataSize was changed to 460800.
 8785123	[INFO]	XnProperty.cpp	151	Property Image1.YRes was changed to 480.
 8785145	[INFO]	XnProperty.cpp	151	Property Image1.RequiredDataSize was changed to 921600.
 8785169	[INFO]	XnProperty.cpp	101	Image1.YRes was successfully set.
 8785193	[INFO]	XnProperty.cpp	74	Setting Image1.XRes to 640...
 8785214	[INFO]	XnProperty.cpp	86	Image1.XRes value did not change.
 8786309	[INFO]	XnUSBLinux-x86.cpp	1222	USB read thread was started.
 8786354	[INFO]	XnProperty.cpp	151	Property Image1.ActualReadData was changed to 1.
 8841141	[WARNING]	XnDepthProcessor.cpp	133	Read: Depth buffer is corrupt. Size is 600400 (!= 614400)
 8841186	[WARNING]	XnFrameStreamProcessor.cpp	132	Depth frame is corrupt!
 8977042	[WARNING]	XnDepthProcessor.cpp	133	Read: Depth buffer is corrupt. Size is 549440 (!= 614400)
 8977080	[WARNING]	XnFrameStreamProcessor.cpp	132	Depth frame is corrupt!
11877191	[WARNING]	XnDepthProcessor.cpp	133	Read: Depth buffer is corrupt. Size is 579760 (!= 614400)
11877237	[WARNING]	XnFrameStreamProcessor.cpp	132	Depth frame is corrupt!
11987204	[INFO]	XnProperty.cpp	151	Property Image1.State was changed to 1.
11987248	[INFO]	XnDeviceBase.cpp	370	Stream Image1 is open.
11987487	[INFO]	XnProperty.cpp	74	Setting Depth1.Registration to 1...
12013140	[WARNING]	XnDepthProcessor.cpp	133	Read: Depth buffer is corrupt. Size is 581856 (!= 614400)
12013192	[WARNING]	XnFrameStreamProcessor.cpp	132	Depth frame is corrupt!
12140206	[INFO]	XnProperty.cpp	151	Property Depth1.Registration was changed to 1.
12140252	[INFO]	XnProperty.cpp	101	Depth1.Registration was successfully set.
12140308	[INFO]	XnProperty.cpp	74	Setting Image1.Mirror to 1...
12152702	[INFO]	XnProperty.cpp	151	Property Image1.FirmwareMirror was changed to 1.
12152785	[INFO]	XnProperty.cpp	151	Property Image1.Mirror was changed to 1.
12152803	[INFO]	XnProperty.cpp	101	Image1.Mirror was successfully set.
19700365	[INFO]	XnOpenNI.cpp	1459	Destroying node 'User1'
19708357	[INFO]	XnOpenNI.cpp	1459	Destroying node 'Depth1'
19708456	[INFO]	XnDeviceBase.cpp	1507	Destroying stream 'Depth1'...
19709626	[INFO]	XnOpenNI.cpp	1459	Destroying node 'Image1'
19709689	[INFO]	XnDeviceBase.cpp	1507	Destroying stream 'Image1'...
19710513	[INFO]	XnOpenNI.cpp	1459	Destroying node 'Device1'
