    1360	[INFO]	XnLog.cpp	165	OpenNI version is 1.0.0 (Build 25)-MacOSX (Jan  7 2011 14:20:18)
    1404	[INFO]	XnLog.cpp	173	Log system initialized. Console: 1, File: 1, Severity: INFO, Masks: ALL
    1428	[INFO]	XnLog.cpp	173	Log system initialized. Console: 1, File: 1, Severity: INFO, Masks: ALL
    2579	[INFO]	XnUSBLinux-x86.cpp	98	USB is initialized.
 1103490	[INFO]	XnOpenNI.cpp	1261	Creating node 'Device1' of type Device...
 1104261	[INFO]	XnDeviceModule.cpp	431	Module 'Device' configuration was loaded from file.
 1256608	[INFO]	XnDeviceSensorIO.cpp	135	Connected to USB device
 1256659	[INFO]	XnProperty.cpp	151	Property Device.USBPath was changed to 045e/02ae@253/8.
 1264302	[INFO]	XnHostProtocol.cpp	825	Hardware versions: FW=5.1.4 (7) HW=4 Chip=2 Sensor=4 SYS=7
 2676223	[INFO]	XnProperty.cpp	151	Property Device.ID was changed to 0.
 2676309	[INFO]	XnSensor.cpp	182	Device sensor initialized
 2676406	[INFO]	XnOpenNI.cpp	1261	Creating node 'Depth1' of type Depth...
 2676442	[INFO]	XnDeviceBase.cpp	1383	Creating stream 'Depth1' of type 'Depth'...
 2676460	[INFO]	XnProperty.cpp	74	Setting Device.ReadData to 1...
 2676491	[INFO]	XnDeviceSensorIO.cpp	298	Endpoints open
 2688700	[INFO]	XnProperty.cpp	151	Property Device.ReadData was changed to 1.
 2688776	[INFO]	XnProperty.cpp	101	Device.ReadData was successfully set.
 2689212	[INFO]	XnProperty.cpp	151	Property Depth1.Resolution was changed to 0.
 2689232	[INFO]	XnProperty.cpp	151	Property Depth1.XRes was changed to 320.
 2689245	[INFO]	XnProperty.cpp	151	Property Depth1.YRes was changed to 240.
 2689257	[INFO]	XnProperty.cpp	151	Property Depth1.FPS was changed to 30.
 2689268	[INFO]	XnProperty.cpp	151	Property Depth1.OutputFormat was changed to 1.
 2689280	[INFO]	XnProperty.cpp	151	Property Depth1.BytesPerPixel was changed to 2.
 2689293	[INFO]	XnProperty.cpp	151	Property Depth1.RequiredDataSize was changed to 153600.
 2689309	[INFO]	XnProperty.cpp	151	Property Depth1.ParamCoeff was changed to 4.
 2689368	[INFO]	XnProperty.cpp	151	Property Depth1.ShiftScale was changed to 10.
 2701975	[INFO]	XnProperty.cpp	151	Property Depth1.ConstShift was changed to 200.
 2702077	[INFO]	XnProperty.cpp	151	Property Depth1.ZPD was changed to 120.
 2702174	[INFO]	XnProperty.cpp	151	Property Depth1.ZPPS was changed to 0.104200.
 2702187	[INFO]	XnProperty.cpp	151	Property Depth1.LDDIS was changed to 7.500000.
 2702277	[INFO]	XnProperty.cpp	151	Property Depth1.Gain was changed to 30.
 2702308	[INFO]	XnDeviceBase.cpp	1458	Stream 'Depth1' was initialized.
 2702322	[INFO]	XnDeviceBase.cpp	1463	'Depth1' stream was created.
 2702480	[INFO]	XnProperty.cpp	74	Setting Depth1.InputFormat to 3...
 2702503	[INFO]	XnProperty.cpp	151	Property Depth1.InputFormat was changed to 3.
 2702516	[INFO]	XnProperty.cpp	101	Depth1.InputFormat was successfully set.
 2702960	[INFO]	XnProperty.cpp	74	Setting Depth1.RegistrationType to 2...
 2702979	[INFO]	XnProperty.cpp	151	Property Depth1.RegistrationType was changed to 2.
 2702990	[INFO]	XnProperty.cpp	101	Depth1.RegistrationType was successfully set.
 2703455	[INFO]	XnDeviceModule.cpp	431	Module 'Depth1' configuration was loaded from file.
 2703657	[INFO]	XnProperty.cpp	74	Setting Depth1.FPS to 30...
 2703677	[INFO]	XnProperty.cpp	86	Depth1.FPS value did not change.
 2703689	[INFO]	XnProperty.cpp	74	Setting Depth1.YRes to 480...
 2703703	[INFO]	XnProperty.cpp	151	Property Depth1.Resolution was changed to 1.
 2703717	[INFO]	XnProperty.cpp	151	Property Depth1.XRes was changed to 640.
 2703730	[INFO]	XnProperty.cpp	151	Property Depth1.RequiredDataSize was changed to 307200.
 2703744	[INFO]	XnProperty.cpp	151	Property Depth1.YRes was changed to 480.
 2703756	[INFO]	XnProperty.cpp	151	Property Depth1.RequiredDataSize was changed to 614400.
 2703769	[INFO]	XnProperty.cpp	101	Depth1.YRes was successfully set.
 2703781	[INFO]	XnProperty.cpp	74	Setting Depth1.XRes to 640...
 2703792	[INFO]	XnProperty.cpp	86	Depth1.XRes value did not change.
 2703836	[INFO]	XnProperty.cpp	74	Setting Depth1.Mirror to 1...
 2703851	[INFO]	XnProperty.cpp	151	Property Depth1.FirmwareMirror was changed to 1.
 2703895	[INFO]	XnProperty.cpp	151	Property Depth1.Mirror was changed to 1.
 2703907	[INFO]	XnProperty.cpp	101	Depth1.Mirror was successfully set.
 3806488	[INFO]	XnOpenNI.cpp	1261	Creating node 'User1' of type User...
 3831140	[WARNING]	Linux-x86Threads.cpp	173	Failed to set thread priority: Invalid argument
 3831186	[WARNING]	XnUSBLinux-x86.cpp	126	USB events thread: Failed to set thread priority to critical. This might cause loss of data...
 3832107	[INFO]	XnUSBLinux-x86.cpp	1222	USB read thread was started.
 3832142	[INFO]	XnProperty.cpp	151	Property Depth1.ActualReadData was changed to 1.
 4302522	[INFO]	XnProperty.cpp	151	Property Depth1.State was changed to 1.
 4302565	[INFO]	XnDeviceBase.cpp	370	Stream Depth1 is open.
 5393138	[INFO]	XnOpenNI.cpp	1261	Creating node 'Image1' of type Image...
 5393193	[INFO]	XnDeviceBase.cpp	1383	Creating stream 'Image1' of type 'Image'...
 5393409	[INFO]	XnProperty.cpp	151	Property Image1.Resolution was changed to 0.
 5393432	[INFO]	XnProperty.cpp	151	Property Image1.XRes was changed to 320.
 5393452	[INFO]	XnProperty.cpp	151	Property Image1.YRes was changed to 240.
 5393472	[INFO]	XnProperty.cpp	151	Property Image1.FPS was changed to 30.
 5393492	[INFO]	XnProperty.cpp	151	Property Image1.OutputFormat was changed to 5.
 5393511	[INFO]	XnProperty.cpp	151	Property Image1.BytesPerPixel was changed to 3.
 5393530	[INFO]	XnProperty.cpp	151	Property Image1.RequiredDataSize was changed to 230400.
 5393570	[INFO]	XnDeviceBase.cpp	1458	Stream 'Image1' was initialized.
 5393589	[INFO]	XnDeviceBase.cpp	1463	'Image1' stream was created.
 5393709	[INFO]	XnProperty.cpp	74	Setting Image1.InputFormat to 6...
 5393736	[INFO]	XnProperty.cpp	151	Property Image1.InputFormat was changed to 6.
 5393755	[INFO]	XnProperty.cpp	101	Image1.InputFormat was successfully set.
 5394187	[INFO]	XnDeviceModule.cpp	431	Module 'Image1' configuration was loaded from file.
 5394279	[INFO]	XnProperty.cpp	74	Setting Image1.FPS to 30...
 5394299	[INFO]	XnProperty.cpp	86	Image1.FPS value did not change.
 5394317	[INFO]	XnProperty.cpp	74	Setting Image1.YRes to 480...
 5394333	[INFO]	XnProperty.cpp	151	Property Image1.Resolution was changed to 1.
 5394349	[INFO]	XnProperty.cpp	151	Property Image1.XRes was changed to 640.
 5394366	[INFO]	XnProperty.cpp	151	Property Image1.RequiredDataSize was changed to 460800.
 5394386	[INFO]	XnProperty.cpp	151	Property Image1.YRes was changed to 480.
 5394406	[INFO]	XnProperty.cpp	151	Property Image1.RequiredDataSize was changed to 921600.
 5394425	[INFO]	XnProperty.cpp	101	Image1.YRes was successfully set.
 5394444	[INFO]	XnProperty.cpp	74	Setting Image1.XRes to 640...
 5394459	[INFO]	XnProperty.cpp	86	Image1.XRes value did not change.
 5395670	[INFO]	XnUSBLinux-x86.cpp	1222	USB read thread was started.
 5395725	[INFO]	XnProperty.cpp	151	Property Image1.ActualReadData was changed to 1.
 5575967	[WARNING]	XnFrameStreamProcessor.cpp	140	Depth Frame Buffer overflow! current size: 612768
 5576015	[WARNING]	XnFrameStreamProcessor.cpp	132	Depth frame is corrupt!
 5599973	[WARNING]	XnDepthProcessor.cpp	133	Read: Depth buffer is corrupt. Size is 612768 (!= 614400)
 8596381	[INFO]	XnProperty.cpp	151	Property Image1.State was changed to 1.
 8596425	[INFO]	XnDeviceBase.cpp	370	Stream Image1 is open.
 8596612	[INFO]	XnProperty.cpp	74	Setting Depth1.Registration to 1...
 8608022	[WARNING]	XnFrameStreamProcessor.cpp	140	Depth Frame Buffer overflow! current size: 612768
 8608070	[WARNING]	XnFrameStreamProcessor.cpp	132	Depth frame is corrupt!
 8636001	[WARNING]	XnDepthProcessor.cpp	133	Read: Depth buffer is corrupt. Size is 612768 (!= 614400)
 8749212	[INFO]	XnProperty.cpp	151	Property Depth1.Registration was changed to 1.
 8749260	[INFO]	XnProperty.cpp	101	Depth1.Registration was successfully set.
 8749305	[INFO]	XnProperty.cpp	74	Setting Image1.Mirror to 1...
 8761455	[INFO]	XnProperty.cpp	151	Property Image1.FirmwareMirror was changed to 1.
 8761504	[INFO]	XnProperty.cpp	151	Property Image1.Mirror was changed to 1.
 8761522	[INFO]	XnProperty.cpp	101	Image1.Mirror was successfully set.
67153194	[INFO]	XnOpenNI.cpp	1459	Destroying node 'User1'
67160765	[INFO]	XnOpenNI.cpp	1459	Destroying node 'Depth1'
67160861	[INFO]	XnDeviceBase.cpp	1507	Destroying stream 'Depth1'...
67162453	[INFO]	XnOpenNI.cpp	1459	Destroying node 'Image1'
67162525	[INFO]	XnDeviceBase.cpp	1507	Destroying stream 'Image1'...
67163645	[INFO]	XnOpenNI.cpp	1459	Destroying node 'Device1'
