    1584	[INFO]	XnLog.cpp	165	OpenNI version is 1.0.0 (Build 25)-MacOSX (Jan  7 2011 14:20:18)
    1630	[INFO]	XnLog.cpp	173	Log system initialized. Console: 1, File: 1, Severity: INFO, Masks: ALL
    1653	[INFO]	XnLog.cpp	173	Log system initialized. Console: 1, File: 1, Severity: INFO, Masks: ALL
    2775	[INFO]	XnUSBLinux-x86.cpp	98	USB is initialized.
 2952847	[INFO]	XnOpenNI.cpp	1261	Creating node 'Device1' of type Device...
 2953878	[INFO]	XnDeviceModule.cpp	431	Module 'Device' configuration was loaded from file.
 3322440	[INFO]	XnDeviceSensorIO.cpp	135	Connected to USB device
 3322491	[INFO]	XnProperty.cpp	151	Property Device.USBPath was changed to 045e/02ae@253/8.
 3329397	[INFO]	XnHostProtocol.cpp	825	Hardware versions: FW=5.1.4 (7) HW=4 Chip=2 Sensor=4 SYS=7
 4739692	[INFO]	XnProperty.cpp	151	Property Device.ID was changed to 0.
 4739775	[INFO]	XnSensor.cpp	182	Device sensor initialized
 4739859	[INFO]	XnOpenNI.cpp	1261	Creating node 'Depth1' of type Depth...
 4739894	[INFO]	XnDeviceBase.cpp	1383	Creating stream 'Depth1' of type 'Depth'...
 4739912	[INFO]	XnProperty.cpp	74	Setting Device.ReadData to 1...
 4739941	[INFO]	XnDeviceSensorIO.cpp	298	Endpoints open
 4752423	[INFO]	XnProperty.cpp	151	Property Device.ReadData was changed to 1.
 4752493	[INFO]	XnProperty.cpp	101	Device.ReadData was successfully set.
 4752862	[INFO]	XnProperty.cpp	151	Property Depth1.Resolution was changed to 0.
 4752881	[INFO]	XnProperty.cpp	151	Property Depth1.XRes was changed to 320.
 4752894	[INFO]	XnProperty.cpp	151	Property Depth1.YRes was changed to 240.
 4752906	[INFO]	XnProperty.cpp	151	Property Depth1.FPS was changed to 30.
 4752917	[INFO]	XnProperty.cpp	151	Property Depth1.OutputFormat was changed to 1.
 4752928	[INFO]	XnProperty.cpp	151	Property Depth1.BytesPerPixel was changed to 2.
 4752944	[INFO]	XnProperty.cpp	151	Property Depth1.RequiredDataSize was changed to 153600.
 4752962	[INFO]	XnProperty.cpp	151	Property Depth1.ParamCoeff was changed to 4.
 4753035	[INFO]	XnProperty.cpp	151	Property Depth1.ShiftScale was changed to 10.
 4765418	[INFO]	XnProperty.cpp	151	Property Depth1.ConstShift was changed to 200.
 4765522	[INFO]	XnProperty.cpp	151	Property Depth1.ZPD was changed to 120.
 4765650	[INFO]	XnProperty.cpp	151	Property Depth1.ZPPS was changed to 0.104200.
 4765671	[INFO]	XnProperty.cpp	151	Property Depth1.LDDIS was changed to 7.500000.
 4765797	[INFO]	XnProperty.cpp	151	Property Depth1.Gain was changed to 30.
 4765833	[INFO]	XnDeviceBase.cpp	1458	Stream 'Depth1' was initialized.
 4765851	[INFO]	XnDeviceBase.cpp	1463	'Depth1' stream was created.
 4766049	[INFO]	XnProperty.cpp	74	Setting Depth1.InputFormat to 3...
 4766073	[INFO]	XnProperty.cpp	151	Property Depth1.InputFormat was changed to 3.
 4766086	[INFO]	XnProperty.cpp	101	Depth1.InputFormat was successfully set.
 4766524	[INFO]	XnProperty.cpp	74	Setting Depth1.RegistrationType to 2...
 4766543	[INFO]	XnProperty.cpp	151	Property Depth1.RegistrationType was changed to 2.
 4766558	[INFO]	XnProperty.cpp	101	Depth1.RegistrationType was successfully set.
 4767045	[INFO]	XnDeviceModule.cpp	431	Module 'Depth1' configuration was loaded from file.
 4767219	[INFO]	XnProperty.cpp	74	Setting Depth1.FPS to 30...
 4767236	[INFO]	XnProperty.cpp	86	Depth1.FPS value did not change.
 4767247	[INFO]	XnProperty.cpp	74	Setting Depth1.YRes to 480...
 4767262	[INFO]	XnProperty.cpp	151	Property Depth1.Resolution was changed to 1.
 4767274	[INFO]	XnProperty.cpp	151	Property Depth1.XRes was changed to 640.
 4767286	[INFO]	XnProperty.cpp	151	Property Depth1.RequiredDataSize was changed to 307200.
 4767301	[INFO]	XnProperty.cpp	151	Property Depth1.YRes was changed to 480.
 4767313	[INFO]	XnProperty.cpp	151	Property Depth1.RequiredDataSize was changed to 614400.
 4767326	[INFO]	XnProperty.cpp	101	Depth1.YRes was successfully set.
 4767339	[INFO]	XnProperty.cpp	74	Setting Depth1.XRes to 640...
 4767354	[INFO]	XnProperty.cpp	86	Depth1.XRes value did not change.
 4767408	[INFO]	XnProperty.cpp	74	Setting Depth1.Mirror to 1...
 4767425	[INFO]	XnProperty.cpp	151	Property Depth1.FirmwareMirror was changed to 1.
 4767468	[INFO]	XnProperty.cpp	151	Property Depth1.Mirror was changed to 1.
 4767480	[INFO]	XnProperty.cpp	101	Depth1.Mirror was successfully set.
 6757942	[INFO]	XnOpenNI.cpp	1261	Creating node 'User1' of type User...
 6781286	[WARNING]	Linux-x86Threads.cpp	173	Failed to set thread priority: Invalid argument
 6781331	[WARNING]	XnUSBLinux-x86.cpp	126	USB events thread: Failed to set thread priority to critical. This might cause loss of data...
 6782220	[INFO]	XnUSBLinux-x86.cpp	1222	USB read thread was started.
 6782249	[INFO]	XnProperty.cpp	151	Property Depth1.ActualReadData was changed to 1.
 7252726	[INFO]	XnProperty.cpp	151	Property Depth1.State was changed to 1.
 7252769	[INFO]	XnDeviceBase.cpp	370	Stream Depth1 is open.
 9229113	[INFO]	XnOpenNI.cpp	1261	Creating node 'Image1' of type Image...
 9229165	[INFO]	XnDeviceBase.cpp	1383	Creating stream 'Image1' of type 'Image'...
 9229386	[INFO]	XnProperty.cpp	151	Property Image1.Resolution was changed to 0.
 9229414	[INFO]	XnProperty.cpp	151	Property Image1.XRes was changed to 320.
 9229431	[INFO]	XnProperty.cpp	151	Property Image1.YRes was changed to 240.
 9229449	[INFO]	XnProperty.cpp	151	Property Image1.FPS was changed to 30.
 9229466	[INFO]	XnProperty.cpp	151	Property Image1.OutputFormat was changed to 5.
 9229480	[INFO]	XnProperty.cpp	151	Property Image1.BytesPerPixel was changed to 3.
 9229497	[INFO]	XnProperty.cpp	151	Property Image1.RequiredDataSize was changed to 230400.
 9229534	[INFO]	XnDeviceBase.cpp	1458	Stream 'Image1' was initialized.
 9229557	[INFO]	XnDeviceBase.cpp	1463	'Image1' stream was created.
 9229747	[INFO]	XnProperty.cpp	74	Setting Image1.InputFormat to 6...
 9229779	[INFO]	XnProperty.cpp	151	Property Image1.InputFormat was changed to 6.
 9229799	[INFO]	XnProperty.cpp	101	Image1.InputFormat was successfully set.
 9230224	[INFO]	XnDeviceModule.cpp	431	Module 'Image1' configuration was loaded from file.
 9230318	[INFO]	XnProperty.cpp	74	Setting Image1.FPS to 30...
 9230336	[INFO]	XnProperty.cpp	86	Image1.FPS value did not change.
 9230355	[INFO]	XnProperty.cpp	74	Setting Image1.YRes to 480...
 9230374	[INFO]	XnProperty.cpp	151	Property Image1.Resolution was changed to 1.
 9230391	[INFO]	XnProperty.cpp	151	Property Image1.XRes was changed to 640.
 9230409	[INFO]	XnProperty.cpp	151	Property Image1.RequiredDataSize was changed to 460800.
 9230429	[INFO]	XnProperty.cpp	151	Property Image1.YRes was changed to 480.
 9230447	[INFO]	XnProperty.cpp	151	Property Image1.RequiredDataSize was changed to 921600.
 9230465	[INFO]	XnProperty.cpp	101	Image1.YRes was successfully set.
 9230483	[INFO]	XnProperty.cpp	74	Setting Image1.XRes to 640...
 9230499	[INFO]	XnProperty.cpp	86	Image1.XRes value did not change.
 9231383	[INFO]	XnUSBLinux-x86.cpp	1222	USB read thread was started.
 9231424	[INFO]	XnProperty.cpp	151	Property Image1.ActualReadData was changed to 1.
 9417809	[WARNING]	XnDepthProcessor.cpp	133	Read: Depth buffer is corrupt. Size is 544080 (!= 614400)
 9417855	[WARNING]	XnFrameStreamProcessor.cpp	132	Depth frame is corrupt!
12321839	[WARNING]	XnDepthProcessor.cpp	133	Read: Depth buffer is corrupt. Size is 564320 (!= 614400)
12321884	[WARNING]	XnFrameStreamProcessor.cpp	132	Depth frame is corrupt!
12431526	[INFO]	XnProperty.cpp	151	Property Image1.State was changed to 1.
12431563	[INFO]	XnDeviceBase.cpp	370	Stream Image1 is open.
12431733	[INFO]	XnProperty.cpp	74	Setting Depth1.Registration to 1...
12453862	[WARNING]	XnDepthProcessor.cpp	133	Read: Depth buffer is corrupt. Size is 585504 (!= 614400)
12453909	[WARNING]	XnFrameStreamProcessor.cpp	132	Depth frame is corrupt!
12583517	[INFO]	XnProperty.cpp	151	Property Depth1.Registration was changed to 1.
12583565	[INFO]	XnProperty.cpp	101	Depth1.Registration was successfully set.
12583613	[INFO]	XnProperty.cpp	74	Setting Image1.Mirror to 1...
12596156	[INFO]	XnProperty.cpp	151	Property Image1.FirmwareMirror was changed to 1.
12596199	[INFO]	XnProperty.cpp	151	Property Image1.Mirror was changed to 1.
12596211	[INFO]	XnProperty.cpp	101	Image1.Mirror was successfully set.
89666881	[INFO]	XnOpenNI.cpp	1459	Destroying node 'User1'
89675105	[INFO]	XnOpenNI.cpp	1459	Destroying node 'Depth1'
89675193	[INFO]	XnDeviceBase.cpp	1507	Destroying stream 'Depth1'...
89676332	[INFO]	XnOpenNI.cpp	1459	Destroying node 'Image1'
89676384	[INFO]	XnDeviceBase.cpp	1507	Destroying stream 'Image1'...
89677175	[INFO]	XnOpenNI.cpp	1459	Destroying node 'Device1'
