    1878	[INFO]	XnLog.cpp	165	OpenNI version is 1.0.0 (Build 25)-MacOSX (Jan  7 2011 14:20:18)
    1938	[INFO]	XnLog.cpp	173	Log system initialized. Console: 1, File: 1, Severity: INFO, Masks: ALL
    1970	[INFO]	XnLog.cpp	173	Log system initialized. Console: 1, File: 1, Severity: INFO, Masks: ALL
    3461	[INFO]	XnUSBLinux-x86.cpp	98	USB is initialized.
 1968384	[INFO]	XnOpenNI.cpp	1261	Creating node 'Device1' of type Device...
 1969168	[INFO]	XnDeviceModule.cpp	431	Module 'Device' configuration was loaded from file.
 2227102	[INFO]	XnDeviceSensorIO.cpp	135	Connected to USB device
 2227153	[INFO]	XnProperty.cpp	151	Property Device.USBPath was changed to 045e/02ae@253/8.
 2234268	[INFO]	XnHostProtocol.cpp	825	Hardware versions: FW=5.1.4 (7) HW=4 Chip=2 Sensor=4 SYS=7
 3643109	[INFO]	XnProperty.cpp	151	Property Device.ID was changed to 0.
 3643170	[INFO]	XnSensor.cpp	182	Device sensor initialized
 3643274	[INFO]	XnOpenNI.cpp	1261	Creating node 'Depth1' of type Depth...
 3643329	[INFO]	XnDeviceBase.cpp	1383	Creating stream 'Depth1' of type 'Depth'...
 3643353	[INFO]	XnProperty.cpp	74	Setting Device.ReadData to 1...
 3643395	[INFO]	XnDeviceSensorIO.cpp	298	Endpoints open
 3655717	[INFO]	XnProperty.cpp	151	Property Device.ReadData was changed to 1.
 3655761	[INFO]	XnProperty.cpp	101	Device.ReadData was successfully set.
 3656109	[INFO]	XnProperty.cpp	151	Property Depth1.Resolution was changed to 0.
 3656129	[INFO]	XnProperty.cpp	151	Property Depth1.XRes was changed to 320.
 3656143	[INFO]	XnProperty.cpp	151	Property Depth1.YRes was changed to 240.
 3656155	[INFO]	XnProperty.cpp	151	Property Depth1.FPS was changed to 30.
 3656166	[INFO]	XnProperty.cpp	151	Property Depth1.OutputFormat was changed to 1.
 3656177	[INFO]	XnProperty.cpp	151	Property Depth1.BytesPerPixel was changed to 2.
 3656190	[INFO]	XnProperty.cpp	151	Property Depth1.RequiredDataSize was changed to 153600.
 3656213	[INFO]	XnProperty.cpp	151	Property Depth1.ParamCoeff was changed to 4.
 3656282	[INFO]	XnProperty.cpp	151	Property Depth1.ShiftScale was changed to 10.
 3668602	[INFO]	XnProperty.cpp	151	Property Depth1.ConstShift was changed to 200.
 3668695	[INFO]	XnProperty.cpp	151	Property Depth1.ZPD was changed to 120.
 3668805	[INFO]	XnProperty.cpp	151	Property Depth1.ZPPS was changed to 0.104200.
 3668831	[INFO]	XnProperty.cpp	151	Property Depth1.LDDIS was changed to 7.500000.
 3668953	[INFO]	XnProperty.cpp	151	Property Depth1.Gain was changed to 30.
 3669001	[INFO]	XnDeviceBase.cpp	1458	Stream 'Depth1' was initialized.
 3669025	[INFO]	XnDeviceBase.cpp	1463	'Depth1' stream was created.
 3669239	[INFO]	XnProperty.cpp	74	Setting Depth1.InputFormat to 3...
 3669271	[INFO]	XnProperty.cpp	151	Property Depth1.InputFormat was changed to 3.
 3669293	[INFO]	XnProperty.cpp	101	Depth1.InputFormat was successfully set.
 3669990	[INFO]	XnProperty.cpp	74	Setting Depth1.RegistrationType to 2...
 3670024	[INFO]	XnProperty.cpp	151	Property Depth1.RegistrationType was changed to 2.
 3670046	[INFO]	XnProperty.cpp	101	Depth1.RegistrationType was successfully set.
 3670774	[INFO]	XnDeviceModule.cpp	431	Module 'Depth1' configuration was loaded from file.
 3671021	[INFO]	XnProperty.cpp	74	Setting Depth1.FPS to 30...
 3671047	[INFO]	XnProperty.cpp	86	Depth1.FPS value did not change.
 3671066	[INFO]	XnProperty.cpp	74	Setting Depth1.YRes to 480...
 3671088	[INFO]	XnProperty.cpp	151	Property Depth1.Resolution was changed to 1.
 3671108	[INFO]	XnProperty.cpp	151	Property Depth1.XRes was changed to 640.
 3671129	[INFO]	XnProperty.cpp	151	Property Depth1.RequiredDataSize was changed to 307200.
 3671152	[INFO]	XnProperty.cpp	151	Property Depth1.YRes was changed to 480.
 3671171	[INFO]	XnProperty.cpp	151	Property Depth1.RequiredDataSize was changed to 614400.
 3671193	[INFO]	XnProperty.cpp	101	Depth1.YRes was successfully set.
 3671214	[INFO]	XnProperty.cpp	74	Setting Depth1.XRes to 640...
 3671232	[INFO]	XnProperty.cpp	86	Depth1.XRes value did not change.
 3671295	[INFO]	XnProperty.cpp	74	Setting Depth1.Mirror to 1...
 3671320	[INFO]	XnProperty.cpp	151	Property Depth1.FirmwareMirror was changed to 1.
 3671380	[INFO]	XnProperty.cpp	151	Property Depth1.Mirror was changed to 1.
 3671401	[INFO]	XnProperty.cpp	101	Depth1.Mirror was successfully set.
 4125172	[INFO]	XnOpenNI.cpp	1261	Creating node 'User1' of type User...
 4148354	[WARNING]	Linux-x86Threads.cpp	173	Failed to set thread priority: Invalid argument
 4148399	[WARNING]	XnUSBLinux-x86.cpp	126	USB events thread: Failed to set thread priority to critical. This might cause loss of data...
 4149196	[INFO]	XnUSBLinux-x86.cpp	1222	USB read thread was started.
 4149224	[INFO]	XnProperty.cpp	151	Property Depth1.ActualReadData was changed to 1.
 4620120	[INFO]	XnProperty.cpp	151	Property Depth1.State was changed to 1.
 4620162	[INFO]	XnDeviceBase.cpp	370	Stream Depth1 is open.
 4684608	[WARNING]	XnDepthProcessor.cpp	133	Read: Depth buffer is corrupt. Size is 601936 (!= 614400)
 4684652	[WARNING]	XnFrameStreamProcessor.cpp	132	Depth frame is corrupt!
 4853996	[INFO]	XnOpenNI.cpp	1261	Creating node 'Image1' of type Image...
 4854054	[INFO]	XnDeviceBase.cpp	1383	Creating stream 'Image1' of type 'Image'...
 4854302	[INFO]	XnProperty.cpp	151	Property Image1.Resolution was changed to 0.
 4854380	[INFO]	XnProperty.cpp	151	Property Image1.XRes was changed to 320.
 4854404	[INFO]	XnProperty.cpp	151	Property Image1.YRes was changed to 240.
 4854426	[INFO]	XnProperty.cpp	151	Property Image1.FPS was changed to 30.
 4854445	[INFO]	XnProperty.cpp	151	Property Image1.OutputFormat was changed to 5.
 4854464	[INFO]	XnProperty.cpp	151	Property Image1.BytesPerPixel was changed to 3.
 4854483	[INFO]	XnProperty.cpp	151	Property Image1.RequiredDataSize was changed to 230400.
 4854526	[INFO]	XnDeviceBase.cpp	1458	Stream 'Image1' was initialized.
 4854548	[INFO]	XnDeviceBase.cpp	1463	'Image1' stream was created.
 4854674	[INFO]	XnProperty.cpp	74	Setting Image1.InputFormat to 6...
 4854706	[INFO]	XnProperty.cpp	151	Property Image1.InputFormat was changed to 6.
 4854724	[INFO]	XnProperty.cpp	101	Image1.InputFormat was successfully set.
 4855313	[INFO]	XnDeviceModule.cpp	431	Module 'Image1' configuration was loaded from file.
 4855434	[INFO]	XnProperty.cpp	74	Setting Image1.FPS to 30...
 4855456	[INFO]	XnProperty.cpp	86	Image1.FPS value did not change.
 4855475	[INFO]	XnProperty.cpp	74	Setting Image1.YRes to 480...
 4855494	[INFO]	XnProperty.cpp	151	Property Image1.Resolution was changed to 1.
 4855515	[INFO]	XnProperty.cpp	151	Property Image1.XRes was changed to 640.
 4855538	[INFO]	XnProperty.cpp	151	Property Image1.RequiredDataSize was changed to 460800.
 4855558	[INFO]	XnProperty.cpp	151	Property Image1.YRes was changed to 480.
 4855575	[INFO]	XnProperty.cpp	151	Property Image1.RequiredDataSize was changed to 921600.
 4855592	[INFO]	XnProperty.cpp	101	Image1.YRes was successfully set.
 4855611	[INFO]	XnProperty.cpp	74	Setting Image1.XRes to 640...
 4855629	[INFO]	XnProperty.cpp	86	Image1.XRes value did not change.
 4856718	[INFO]	XnUSBLinux-x86.cpp	1222	USB read thread was started.
 4856753	[INFO]	XnProperty.cpp	151	Property Image1.ActualReadData was changed to 1.
 5020620	[WARNING]	XnDepthProcessor.cpp	133	Read: Depth buffer is corrupt. Size is 591712 (!= 614400)
 5020672	[WARNING]	XnFrameStreamProcessor.cpp	132	Depth frame is corrupt!
 5052682	[WARNING]	XnDepthProcessor.cpp	133	Read: Depth buffer is corrupt. Size is 535744 (!= 614400)
 5052747	[WARNING]	XnFrameStreamProcessor.cpp	132	Depth frame is corrupt!
 7956709	[WARNING]	XnDepthProcessor.cpp	133	Read: Depth buffer is corrupt. Size is 596224 (!= 614400)
 7956769	[WARNING]	XnFrameStreamProcessor.cpp	132	Depth frame is corrupt!
 8057617	[INFO]	XnProperty.cpp	151	Property Image1.State was changed to 1.
 8057661	[INFO]	XnDeviceBase.cpp	370	Stream Image1 is open.
 8057861	[INFO]	XnProperty.cpp	74	Setting Depth1.Registration to 1...
 8088730	[WARNING]	XnDepthProcessor.cpp	133	Read: Depth buffer is corrupt. Size is 592208 (!= 614400)
 8088778	[WARNING]	XnFrameStreamProcessor.cpp	132	Depth frame is corrupt!
 8209908	[INFO]	XnProperty.cpp	151	Property Depth1.Registration was changed to 1.
 8209952	[INFO]	XnProperty.cpp	101	Depth1.Registration was successfully set.
 8210041	[INFO]	XnProperty.cpp	74	Setting Image1.Mirror to 1...
 8222689	[INFO]	XnProperty.cpp	151	Property Image1.FirmwareMirror was changed to 1.
 8222732	[INFO]	XnProperty.cpp	151	Property Image1.Mirror was changed to 1.
 8222745	[INFO]	XnProperty.cpp	101	Image1.Mirror was successfully set.
16975764	[INFO]	XnOpenNI.cpp	1459	Destroying node 'User1'
16984304	[INFO]	XnOpenNI.cpp	1459	Destroying node 'Depth1'
16984410	[INFO]	XnDeviceBase.cpp	1507	Destroying stream 'Depth1'...
16986016	[INFO]	XnOpenNI.cpp	1459	Destroying node 'Image1'
16986064	[INFO]	XnDeviceBase.cpp	1507	Destroying stream 'Image1'...
16987977	[INFO]	XnOpenNI.cpp	1459	Destroying node 'Device1'
