    1352	[INFO]	XnLog.cpp	165	OpenNI version is 1.0.0 (Build 25)-MacOSX (Jan  7 2011 14:20:18)
    1405	[INFO]	XnLog.cpp	173	Log system initialized. Console: 1, File: 1, Severity: INFO, Masks: ALL
    1428	[INFO]	XnLog.cpp	173	Log system initialized. Console: 1, File: 1, Severity: INFO, Masks: ALL
    2544	[INFO]	XnUSBLinux-x86.cpp	98	USB is initialized.
 2368037	[INFO]	XnOpenNI.cpp	1261	Creating node 'Device1' of type Device...
 2368799	[INFO]	XnDeviceModule.cpp	431	Module 'Device' configuration was loaded from file.
 2629040	[INFO]	XnDeviceSensorIO.cpp	135	Connected to USB device
 2629090	[INFO]	XnProperty.cpp	151	Property Device.USBPath was changed to 045e/02ae@253/8.
 2636378	[INFO]	XnHostProtocol.cpp	825	Hardware versions: FW=5.1.4 (7) HW=4 Chip=2 Sensor=4 SYS=7
 4045019	[INFO]	XnProperty.cpp	151	Property Device.ID was changed to 0.
 4045076	[INFO]	XnSensor.cpp	182	Device sensor initialized
 4045152	[INFO]	XnOpenNI.cpp	1261	Creating node 'Depth1' of type Depth...
 4045189	[INFO]	XnDeviceBase.cpp	1383	Creating stream 'Depth1' of type 'Depth'...
 4045213	[INFO]	XnProperty.cpp	74	Setting Device.ReadData to 1...
 4045255	[INFO]	XnDeviceSensorIO.cpp	298	Endpoints open
 4057570	[INFO]	XnProperty.cpp	151	Property Device.ReadData was changed to 1.
 4057615	[INFO]	XnProperty.cpp	101	Device.ReadData was successfully set.
 4057960	[INFO]	XnProperty.cpp	151	Property Depth1.Resolution was changed to 0.
 4057980	[INFO]	XnProperty.cpp	151	Property Depth1.XRes was changed to 320.
 4057992	[INFO]	XnProperty.cpp	151	Property Depth1.YRes was changed to 240.
 4058003	[INFO]	XnProperty.cpp	151	Property Depth1.FPS was changed to 30.
 4058014	[INFO]	XnProperty.cpp	151	Property Depth1.OutputFormat was changed to 1.
 4058025	[INFO]	XnProperty.cpp	151	Property Depth1.BytesPerPixel was changed to 2.
 4058037	[INFO]	XnProperty.cpp	151	Property Depth1.RequiredDataSize was changed to 153600.
 4058053	[INFO]	XnProperty.cpp	151	Property Depth1.ParamCoeff was changed to 4.
 4058112	[INFO]	XnProperty.cpp	151	Property Depth1.ShiftScale was changed to 10.
 4070150	[INFO]	XnProperty.cpp	151	Property Depth1.ConstShift was changed to 200.
 4070232	[INFO]	XnProperty.cpp	151	Property Depth1.ZPD was changed to 120.
 4070348	[INFO]	XnProperty.cpp	151	Property Depth1.ZPPS was changed to 0.104200.
 4070375	[INFO]	XnProperty.cpp	151	Property Depth1.LDDIS was changed to 7.500000.
 4070492	[INFO]	XnProperty.cpp	151	Property Depth1.Gain was changed to 30.
 4070537	[INFO]	XnDeviceBase.cpp	1458	Stream 'Depth1' was initialized.
 4070560	[INFO]	XnDeviceBase.cpp	1463	'Depth1' stream was created.
 4070765	[INFO]	XnProperty.cpp	74	Setting Depth1.InputFormat to 3...
 4070798	[INFO]	XnProperty.cpp	151	Property Depth1.InputFormat was changed to 3.
 4070820	[INFO]	XnProperty.cpp	101	Depth1.InputFormat was successfully set.
 4071518	[INFO]	XnProperty.cpp	74	Setting Depth1.RegistrationType to 2...
 4071552	[INFO]	XnProperty.cpp	151	Property Depth1.RegistrationType was changed to 2.
 4071572	[INFO]	XnProperty.cpp	101	Depth1.RegistrationType was successfully set.
 4072284	[INFO]	XnDeviceModule.cpp	431	Module 'Depth1' configuration was loaded from file.
 4072531	[INFO]	XnProperty.cpp	74	Setting Depth1.FPS to 30...
 4072554	[INFO]	XnProperty.cpp	86	Depth1.FPS value did not change.
 4072575	[INFO]	XnProperty.cpp	74	Setting Depth1.YRes to 480...
 4072598	[INFO]	XnProperty.cpp	151	Property Depth1.Resolution was changed to 1.
 4072619	[INFO]	XnProperty.cpp	151	Property Depth1.XRes was changed to 640.
 4072638	[INFO]	XnProperty.cpp	151	Property Depth1.RequiredDataSize was changed to 307200.
 4072659	[INFO]	XnProperty.cpp	151	Property Depth1.YRes was changed to 480.
 4072680	[INFO]	XnProperty.cpp	151	Property Depth1.RequiredDataSize was changed to 614400.
 4072701	[INFO]	XnProperty.cpp	101	Depth1.YRes was successfully set.
 4072723	[INFO]	XnProperty.cpp	74	Setting Depth1.XRes to 640...
 4072742	[INFO]	XnProperty.cpp	86	Depth1.XRes value did not change.
 4072805	[INFO]	XnProperty.cpp	74	Setting Depth1.Mirror to 1...
 4072831	[INFO]	XnProperty.cpp	151	Property Depth1.FirmwareMirror was changed to 1.
 4072892	[INFO]	XnProperty.cpp	151	Property Depth1.Mirror was changed to 1.
 4072915	[INFO]	XnProperty.cpp	101	Depth1.Mirror was successfully set.
 6068251	[INFO]	XnOpenNI.cpp	1261	Creating node 'User1' of type User...
 6090641	[WARNING]	Linux-x86Threads.cpp	173	Failed to set thread priority: Invalid argument
 6090682	[WARNING]	XnUSBLinux-x86.cpp	126	USB events thread: Failed to set thread priority to critical. This might cause loss of data...
 6091590	[INFO]	XnUSBLinux-x86.cpp	1222	USB read thread was started.
 6091624	[INFO]	XnProperty.cpp	151	Property Depth1.ActualReadData was changed to 1.
 6561920	[INFO]	XnProperty.cpp	151	Property Depth1.State was changed to 1.
 6561973	[INFO]	XnDeviceBase.cpp	370	Stream Depth1 is open.
 8538408	[INFO]	XnOpenNI.cpp	1261	Creating node 'Image1' of type Image...
 8538457	[INFO]	XnDeviceBase.cpp	1383	Creating stream 'Image1' of type 'Image'...
 8538652	[INFO]	XnProperty.cpp	151	Property Image1.Resolution was changed to 0.
 8538671	[INFO]	XnProperty.cpp	151	Property Image1.XRes was changed to 320.
 8538683	[INFO]	XnProperty.cpp	151	Property Image1.YRes was changed to 240.
 8538695	[INFO]	XnProperty.cpp	151	Property Image1.FPS was changed to 30.
 8538706	[INFO]	XnProperty.cpp	151	Property Image1.OutputFormat was changed to 5.
 8538719	[INFO]	XnProperty.cpp	151	Property Image1.BytesPerPixel was changed to 3.
 8538731	[INFO]	XnProperty.cpp	151	Property Image1.RequiredDataSize was changed to 230400.
 8538759	[INFO]	XnDeviceBase.cpp	1458	Stream 'Image1' was initialized.
 8538774	[INFO]	XnDeviceBase.cpp	1463	'Image1' stream was created.
 8538880	[INFO]	XnProperty.cpp	74	Setting Image1.InputFormat to 6...
 8538901	[INFO]	XnProperty.cpp	151	Property Image1.InputFormat was changed to 6.
 8538914	[INFO]	XnProperty.cpp	101	Image1.InputFormat was successfully set.
 8539412	[INFO]	XnDeviceModule.cpp	431	Module 'Image1' configuration was loaded from file.
 8539507	[INFO]	XnProperty.cpp	74	Setting Image1.FPS to 30...
 8539523	[INFO]	XnProperty.cpp	86	Image1.FPS value did not change.
 8539535	[INFO]	XnProperty.cpp	74	Setting Image1.YRes to 480...
 8539548	[INFO]	XnProperty.cpp	151	Property Image1.Resolution was changed to 1.
 8539560	[INFO]	XnProperty.cpp	151	Property Image1.XRes was changed to 640.
 8539572	[INFO]	XnProperty.cpp	151	Property Image1.RequiredDataSize was changed to 460800.
 8539585	[INFO]	XnProperty.cpp	151	Property Image1.YRes was changed to 480.
 8539597	[INFO]	XnProperty.cpp	151	Property Image1.RequiredDataSize was changed to 921600.
 8539609	[INFO]	XnProperty.cpp	101	Image1.YRes was successfully set.
 8539621	[INFO]	XnProperty.cpp	74	Setting Image1.XRes to 640...
 8539632	[INFO]	XnProperty.cpp	86	Image1.XRes value did not change.
 8540513	[INFO]	XnUSBLinux-x86.cpp	1222	USB read thread was started.
 8540553	[INFO]	XnProperty.cpp	151	Property Image1.ActualReadData was changed to 1.
 8727156	[WARNING]	XnDepthProcessor.cpp	133	Read: Depth buffer is corrupt. Size is 565200 (!= 614400)
 8727202	[WARNING]	XnFrameStreamProcessor.cpp	132	Depth frame is corrupt!
11631175	[WARNING]	XnDepthProcessor.cpp	133	Read: Depth buffer is corrupt. Size is 586496 (!= 614400)
11631219	[WARNING]	XnFrameStreamProcessor.cpp	132	Depth frame is corrupt!
11740869	[INFO]	XnProperty.cpp	151	Property Image1.State was changed to 1.
11740911	[INFO]	XnDeviceBase.cpp	370	Stream Image1 is open.
11741088	[INFO]	XnProperty.cpp	74	Setting Depth1.Registration to 1...
11799163	[WARNING]	XnDepthProcessor.cpp	133	Read: Depth buffer is corrupt. Size is 584672 (!= 614400)
11799209	[WARNING]	XnFrameStreamProcessor.cpp	132	Depth frame is corrupt!
11892518	[INFO]	XnProperty.cpp	151	Property Depth1.Registration was changed to 1.
11892564	[INFO]	XnProperty.cpp	101	Depth1.Registration was successfully set.
11892622	[INFO]	XnProperty.cpp	74	Setting Image1.Mirror to 1...
11905003	[INFO]	XnProperty.cpp	151	Property Image1.FirmwareMirror was changed to 1.
11905055	[INFO]	XnProperty.cpp	151	Property Image1.Mirror was changed to 1.
11905067	[INFO]	XnProperty.cpp	101	Image1.Mirror was successfully set.
18942494	[INFO]	XnOpenNI.cpp	1459	Destroying node 'User1'
18950384	[INFO]	XnOpenNI.cpp	1459	Destroying node 'Depth1'
18950472	[INFO]	XnDeviceBase.cpp	1507	Destroying stream 'Depth1'...
18951857	[INFO]	XnOpenNI.cpp	1459	Destroying node 'Image1'
18951931	[INFO]	XnDeviceBase.cpp	1507	Destroying stream 'Image1'...
18952894	[INFO]	XnOpenNI.cpp	1459	Destroying node 'Device1'
