    1592	[INFO]	XnLog.cpp	165	OpenNI version is 1.0.0 (Build 25)-MacOSX (Jan  7 2011 14:20:18)
    1632	[INFO]	XnLog.cpp	173	Log system initialized. Console: 1, File: 1, Severity: INFO, Masks: ALL
    1654	[INFO]	XnLog.cpp	173	Log system initialized. Console: 1, File: 1, Severity: INFO, Masks: ALL
    2739	[INFO]	XnUSBLinux-x86.cpp	98	USB is initialized.
 2373527	[INFO]	XnOpenNI.cpp	1261	Creating node 'Device1' of type Device...
 2374270	[INFO]	XnDeviceModule.cpp	431	Module 'Device' configuration was loaded from file.
 2633282	[INFO]	XnDeviceSensorIO.cpp	135	Connected to USB device
 2633332	[INFO]	XnProperty.cpp	151	Property Device.USBPath was changed to 045e/02ae@253/8.
 2640364	[INFO]	XnHostProtocol.cpp	825	Hardware versions: FW=5.1.4 (7) HW=4 Chip=2 Sensor=4 SYS=7
 4050379	[INFO]	XnProperty.cpp	151	Property Device.ID was changed to 0.
 4050440	[INFO]	XnSensor.cpp	182	Device sensor initialized
 4050539	[INFO]	XnOpenNI.cpp	1261	Creating node 'Depth1' of type Depth...
 4050588	[INFO]	XnDeviceBase.cpp	1383	Creating stream 'Depth1' of type 'Depth'...
 4050614	[INFO]	XnProperty.cpp	74	Setting Device.ReadData to 1...
 4050656	[INFO]	XnDeviceSensorIO.cpp	298	Endpoints open
 4062996	[INFO]	XnProperty.cpp	151	Property Device.ReadData was changed to 1.
 4063040	[INFO]	XnProperty.cpp	101	Device.ReadData was successfully set.
 4063400	[INFO]	XnProperty.cpp	151	Property Depth1.Resolution was changed to 0.
 4063423	[INFO]	XnProperty.cpp	151	Property Depth1.XRes was changed to 320.
 4063443	[INFO]	XnProperty.cpp	151	Property Depth1.YRes was changed to 240.
 4063463	[INFO]	XnProperty.cpp	151	Property Depth1.FPS was changed to 30.
 4063482	[INFO]	XnProperty.cpp	151	Property Depth1.OutputFormat was changed to 1.
 4063500	[INFO]	XnProperty.cpp	151	Property Depth1.BytesPerPixel was changed to 2.
 4063519	[INFO]	XnProperty.cpp	151	Property Depth1.RequiredDataSize was changed to 153600.
 4063542	[INFO]	XnProperty.cpp	151	Property Depth1.ParamCoeff was changed to 4.
 4063609	[INFO]	XnProperty.cpp	151	Property Depth1.ShiftScale was changed to 10.
 4076150	[INFO]	XnProperty.cpp	151	Property Depth1.ConstShift was changed to 200.
 4076240	[INFO]	XnProperty.cpp	151	Property Depth1.ZPD was changed to 120.
 4076336	[INFO]	XnProperty.cpp	151	Property Depth1.ZPPS was changed to 0.104200.
 4076350	[INFO]	XnProperty.cpp	151	Property Depth1.LDDIS was changed to 7.500000.
 4076440	[INFO]	XnProperty.cpp	151	Property Depth1.Gain was changed to 30.
 4076470	[INFO]	XnDeviceBase.cpp	1458	Stream 'Depth1' was initialized.
 4076484	[INFO]	XnDeviceBase.cpp	1463	'Depth1' stream was created.
 4076630	[INFO]	XnProperty.cpp	74	Setting Depth1.InputFormat to 3...
 4076650	[INFO]	XnProperty.cpp	151	Property Depth1.InputFormat was changed to 3.
 4076662	[INFO]	XnProperty.cpp	101	Depth1.InputFormat was successfully set.
 4077126	[INFO]	XnProperty.cpp	74	Setting Depth1.RegistrationType to 2...
 4077149	[INFO]	XnProperty.cpp	151	Property Depth1.RegistrationType was changed to 2.
 4077161	[INFO]	XnProperty.cpp	101	Depth1.RegistrationType was successfully set.
 4077634	[INFO]	XnDeviceModule.cpp	431	Module 'Depth1' configuration was loaded from file.
 4077903	[INFO]	XnProperty.cpp	74	Setting Depth1.FPS to 30...
 4077929	[INFO]	XnProperty.cpp	86	Depth1.FPS value did not change.
 4077949	[INFO]	XnProperty.cpp	74	Setting Depth1.YRes to 480...
 4077972	[INFO]	XnProperty.cpp	151	Property Depth1.Resolution was changed to 1.
 4077998	[INFO]	XnProperty.cpp	151	Property Depth1.XRes was changed to 640.
 4078018	[INFO]	XnProperty.cpp	151	Property Depth1.RequiredDataSize was changed to 307200.
 4078041	[INFO]	XnProperty.cpp	151	Property Depth1.YRes was changed to 480.
 4078061	[INFO]	XnProperty.cpp	151	Property Depth1.RequiredDataSize was changed to 614400.
 4078081	[INFO]	XnProperty.cpp	101	Depth1.YRes was successfully set.
 4078102	[INFO]	XnProperty.cpp	74	Setting Depth1.XRes to 640...
 4078119	[INFO]	XnProperty.cpp	86	Depth1.XRes value did not change.
 4078178	[INFO]	XnProperty.cpp	74	Setting Depth1.Mirror to 1...
 4078202	[INFO]	XnProperty.cpp	151	Property Depth1.FirmwareMirror was changed to 1.
 4078526	[INFO]	XnProperty.cpp	151	Property Depth1.Mirror was changed to 1.
 4078548	[INFO]	XnProperty.cpp	101	Depth1.Mirror was successfully set.
 6073427	[INFO]	XnOpenNI.cpp	1261	Creating node 'User1' of type User...
 6096281	[WARNING]	Linux-x86Threads.cpp	173	Failed to set thread priority: Invalid argument
 6096325	[WARNING]	XnUSBLinux-x86.cpp	126	USB events thread: Failed to set thread priority to critical. This might cause loss of data...
 6097071	[INFO]	XnUSBLinux-x86.cpp	1222	USB read thread was started.
 6097151	[INFO]	XnProperty.cpp	151	Property Depth1.ActualReadData was changed to 1.
 6567600	[INFO]	XnProperty.cpp	151	Property Depth1.State was changed to 1.
 6567643	[INFO]	XnDeviceBase.cpp	370	Stream Depth1 is open.
 8543822	[INFO]	XnOpenNI.cpp	1261	Creating node 'Image1' of type Image...
 8543873	[INFO]	XnDeviceBase.cpp	1383	Creating stream 'Image1' of type 'Image'...
 8544083	[INFO]	XnProperty.cpp	151	Property Image1.Resolution was changed to 0.
 8544107	[INFO]	XnProperty.cpp	151	Property Image1.XRes was changed to 320.
 8544129	[INFO]	XnProperty.cpp	151	Property Image1.YRes was changed to 240.
 8544148	[INFO]	XnProperty.cpp	151	Property Image1.FPS was changed to 30.
 8544167	[INFO]	XnProperty.cpp	151	Property Image1.OutputFormat was changed to 5.
 8544185	[INFO]	XnProperty.cpp	151	Property Image1.BytesPerPixel was changed to 3.
 8544205	[INFO]	XnProperty.cpp	151	Property Image1.RequiredDataSize was changed to 230400.
 8544245	[INFO]	XnDeviceBase.cpp	1458	Stream 'Image1' was initialized.
 8544264	[INFO]	XnDeviceBase.cpp	1463	'Image1' stream was created.
 8544403	[INFO]	XnProperty.cpp	74	Setting Image1.InputFormat to 6...
 8544434	[INFO]	XnProperty.cpp	151	Property Image1.InputFormat was changed to 6.
 8544453	[INFO]	XnProperty.cpp	101	Image1.InputFormat was successfully set.
 8545497	[INFO]	XnDeviceModule.cpp	431	Module 'Image1' configuration was loaded from file.
 8545632	[INFO]	XnProperty.cpp	74	Setting Image1.FPS to 30...
 8545656	[INFO]	XnProperty.cpp	86	Image1.FPS value did not change.
 8545676	[INFO]	XnProperty.cpp	74	Setting Image1.YRes to 480...
 8545700	[INFO]	XnProperty.cpp	151	Property Image1.Resolution was changed to 1.
 8545725	[INFO]	XnProperty.cpp	151	Property Image1.XRes was changed to 640.
 8545749	[INFO]	XnProperty.cpp	151	Property Image1.RequiredDataSize was changed to 460800.
 8545792	[INFO]	XnProperty.cpp	151	Property Image1.YRes was changed to 480.
 8545818	[INFO]	XnProperty.cpp	151	Property Image1.RequiredDataSize was changed to 921600.
 8545843	[INFO]	XnProperty.cpp	101	Image1.YRes was successfully set.
 8545869	[INFO]	XnProperty.cpp	74	Setting Image1.XRes to 640...
 8545890	[INFO]	XnProperty.cpp	86	Image1.XRes value did not change.
 8547018	[INFO]	XnUSBLinux-x86.cpp	1222	USB read thread was started.
 8547056	[INFO]	XnProperty.cpp	151	Property Image1.ActualReadData was changed to 1.
 8732929	[WARNING]	XnDepthProcessor.cpp	133	Read: Depth buffer is corrupt. Size is 541184 (!= 614400)
 8732975	[WARNING]	XnFrameStreamProcessor.cpp	132	Depth frame is corrupt!
11636969	[WARNING]	XnDepthProcessor.cpp	133	Read: Depth buffer is corrupt. Size is 586432 (!= 614400)
11637014	[WARNING]	XnFrameStreamProcessor.cpp	132	Depth frame is corrupt!
11746780	[INFO]	XnProperty.cpp	151	Property Image1.State was changed to 1.
11746833	[INFO]	XnDeviceBase.cpp	370	Stream Image1 is open.
11747026	[INFO]	XnProperty.cpp	74	Setting Depth1.Registration to 1...
11768994	[WARNING]	XnDepthProcessor.cpp	133	Read: Depth buffer is corrupt. Size is 597072 (!= 614400)
11769041	[WARNING]	XnFrameStreamProcessor.cpp	132	Depth frame is corrupt!
11804952	[WARNING]	XnDepthProcessor.cpp	133	Read: Depth buffer is corrupt. Size is 587232 (!= 614400)
11804998	[WARNING]	XnFrameStreamProcessor.cpp	132	Depth frame is corrupt!
11898414	[INFO]	XnProperty.cpp	151	Property Depth1.Registration was changed to 1.
11898456	[INFO]	XnProperty.cpp	101	Depth1.Registration was successfully set.
11898503	[INFO]	XnProperty.cpp	74	Setting Image1.Mirror to 1...
11910809	[INFO]	XnProperty.cpp	151	Property Image1.FirmwareMirror was changed to 1.
11910893	[INFO]	XnProperty.cpp	151	Property Image1.Mirror was changed to 1.
11910912	[INFO]	XnProperty.cpp	101	Image1.Mirror was successfully set.
22265149	[INFO]	XnOpenNI.cpp	1459	Destroying node 'User1'
22272919	[INFO]	XnOpenNI.cpp	1459	Destroying node 'Depth1'
22273018	[INFO]	XnDeviceBase.cpp	1507	Destroying stream 'Depth1'...
22274568	[INFO]	XnOpenNI.cpp	1459	Destroying node 'Image1'
22274633	[INFO]	XnDeviceBase.cpp	1507	Destroying stream 'Image1'...
22275462	[INFO]	XnOpenNI.cpp	1459	Destroying node 'Device1'
