   24446	[INFO]	XnLog.cpp	165	OpenNI version is 1.0.0 (Build 25)-MacOSX (Jan  7 2011 14:20:18)
   24518	[INFO]	XnLog.cpp	173	Log system initialized. Console: 1, File: 1, Severity: INFO, Masks: ALL
   24558	[INFO]	XnLog.cpp	173	Log system initialized. Console: 1, File: 1, Severity: INFO, Masks: ALL
   25884	[INFO]	XnUSBLinux-x86.cpp	98	USB is initialized.
 1987361	[INFO]	XnOpenNI.cpp	1261	Creating node 'Device1' of type Device...
 1988193	[INFO]	XnDeviceModule.cpp	431	Module 'Device' configuration was loaded from file.
 2252863	[INFO]	XnDeviceSensorIO.cpp	135	Connected to USB device
 2252916	[INFO]	XnProperty.cpp	151	Property Device.USBPath was changed to 045e/02ae@250/10.
 2260885	[INFO]	XnHostProtocol.cpp	825	Hardware versions: FW=5.1.4 (7) HW=4 Chip=2 Sensor=4 SYS=7
 3767970	[INFO]	XnProperty.cpp	151	Property Device.ID was changed to 0.
 3768028	[INFO]	XnSensor.cpp	182	Device sensor initialized
 3768112	[INFO]	XnOpenNI.cpp	1261	Creating node 'Depth1' of type Depth...
 3768150	[INFO]	XnDeviceBase.cpp	1383	Creating stream 'Depth1' of type 'Depth'...
 3768167	[INFO]	XnProperty.cpp	74	Setting Device.ReadData to 1...
 3768197	[INFO]	XnDeviceSensorIO.cpp	298	Endpoints open
 3780480	[INFO]	XnProperty.cpp	151	Property Device.ReadData was changed to 1.
 3780525	[INFO]	XnProperty.cpp	101	Device.ReadData was successfully set.
 3780894	[INFO]	XnProperty.cpp	151	Property Depth1.Resolution was changed to 0.
 3780917	[INFO]	XnProperty.cpp	151	Property Depth1.XRes was changed to 320.
 3780937	[INFO]	XnProperty.cpp	151	Property Depth1.YRes was changed to 240.
 3780958	[INFO]	XnProperty.cpp	151	Property Depth1.FPS was changed to 30.
 3780976	[INFO]	XnProperty.cpp	151	Property Depth1.OutputFormat was changed to 1.
 3780994	[INFO]	XnProperty.cpp	151	Property Depth1.BytesPerPixel was changed to 2.
 3781013	[INFO]	XnProperty.cpp	151	Property Depth1.RequiredDataSize was changed to 153600.
 3781036	[INFO]	XnProperty.cpp	151	Property Depth1.ParamCoeff was changed to 4.
 3781102	[INFO]	XnProperty.cpp	151	Property Depth1.ShiftScale was changed to 10.
 3793625	[INFO]	XnProperty.cpp	151	Property Depth1.ConstShift was changed to 200.
 3793754	[INFO]	XnProperty.cpp	151	Property Depth1.ZPD was changed to 120.
 3793910	[INFO]	XnProperty.cpp	151	Property Depth1.ZPPS was changed to 0.104200.
 3793944	[INFO]	XnProperty.cpp	151	Property Depth1.LDDIS was changed to 7.500000.
 3794083	[INFO]	XnProperty.cpp	151	Property Depth1.Gain was changed to 30.
 3794130	[INFO]	XnDeviceBase.cpp	1458	Stream 'Depth1' was initialized.
 3794152	[INFO]	XnDeviceBase.cpp	1463	'Depth1' stream was created.
 3794329	[INFO]	XnProperty.cpp	74	Setting Depth1.InputFormat to 3...
 3794353	[INFO]	XnProperty.cpp	151	Property Depth1.InputFormat was changed to 3.
 3794367	[INFO]	XnProperty.cpp	101	Depth1.InputFormat was successfully set.
 3794936	[INFO]	XnProperty.cpp	74	Setting Depth1.RegistrationType to 2...
 3794970	[INFO]	XnProperty.cpp	151	Property Depth1.RegistrationType was changed to 2.
 3794988	[INFO]	XnProperty.cpp	101	Depth1.RegistrationType was successfully set.
 3795636	[INFO]	XnDeviceModule.cpp	431	Module 'Depth1' configuration was loaded from file.
 3795834	[INFO]	XnProperty.cpp	74	Setting Depth1.FPS to 30...
 3795854	[INFO]	XnProperty.cpp	86	Depth1.FPS value did not change.
 3795873	[INFO]	XnProperty.cpp	74	Setting Depth1.YRes to 480...
 3795894	[INFO]	XnProperty.cpp	151	Property Depth1.Resolution was changed to 1.
 3795914	[INFO]	XnProperty.cpp	151	Property Depth1.XRes was changed to 640.
 3795932	[INFO]	XnProperty.cpp	151	Property Depth1.RequiredDataSize was changed to 307200.
 3795954	[INFO]	XnProperty.cpp	151	Property Depth1.YRes was changed to 480.
 3795971	[INFO]	XnProperty.cpp	151	Property Depth1.RequiredDataSize was changed to 614400.
 3795990	[INFO]	XnProperty.cpp	101	Depth1.YRes was successfully set.
 3796009	[INFO]	XnProperty.cpp	74	Setting Depth1.XRes to 640...
 3796024	[INFO]	XnProperty.cpp	86	Depth1.XRes value did not change.
 3796080	[INFO]	XnProperty.cpp	74	Setting Depth1.Mirror to 1...
 3796099	[INFO]	XnProperty.cpp	151	Property Depth1.FirmwareMirror was changed to 1.
 3796151	[INFO]	XnProperty.cpp	151	Property Depth1.Mirror was changed to 1.
 3796170	[INFO]	XnProperty.cpp	101	Depth1.Mirror was successfully set.
 4890813	[INFO]	XnOpenNI.cpp	1261	Creating node 'User1' of type User...
 4916168	[WARNING]	Linux-x86Threads.cpp	173	Failed to set thread priority: Invalid argument
 4916218	[WARNING]	XnUSBLinux-x86.cpp	126	USB events thread: Failed to set thread priority to critical. This might cause loss of data...
 4917111	[INFO]	XnUSBLinux-x86.cpp	1222	USB read thread was started.
 4917149	[INFO]	XnProperty.cpp	151	Property Depth1.ActualReadData was changed to 1.
 5388781	[INFO]	XnProperty.cpp	151	Property Depth1.State was changed to 1.
 5388825	[INFO]	XnDeviceBase.cpp	370	Stream Depth1 is open.
 6495419	[INFO]	XnOpenNI.cpp	1261	Creating node 'Image1' of type Image...
 6495469	[INFO]	XnDeviceBase.cpp	1383	Creating stream 'Image1' of type 'Image'...
 6495665	[INFO]	XnProperty.cpp	151	Property Image1.Resolution was changed to 0.
 6495685	[INFO]	XnProperty.cpp	151	Property Image1.XRes was changed to 320.
 6495698	[INFO]	XnProperty.cpp	151	Property Image1.YRes was changed to 240.
 6495710	[INFO]	XnProperty.cpp	151	Property Image1.FPS was changed to 30.
 6495721	[INFO]	XnProperty.cpp	151	Property Image1.OutputFormat was changed to 5.
 6495733	[INFO]	XnProperty.cpp	151	Property Image1.BytesPerPixel was changed to 3.
 6495745	[INFO]	XnProperty.cpp	151	Property Image1.RequiredDataSize was changed to 230400.
 6495773	[INFO]	XnDeviceBase.cpp	1458	Stream 'Image1' was initialized.
 6495787	[INFO]	XnDeviceBase.cpp	1463	'Image1' stream was created.
 6495903	[INFO]	XnProperty.cpp	74	Setting Image1.InputFormat to 6...
 6495924	[INFO]	XnProperty.cpp	151	Property Image1.InputFormat was changed to 6.
 6495937	[INFO]	XnProperty.cpp	101	Image1.InputFormat was successfully set.
 6496341	[INFO]	XnDeviceModule.cpp	431	Module 'Image1' configuration was loaded from file.
 6496425	[INFO]	XnProperty.cpp	74	Setting Image1.FPS to 30...
 6496440	[INFO]	XnProperty.cpp	86	Image1.FPS value did not change.
 6496451	[INFO]	XnProperty.cpp	74	Setting Image1.YRes to 480...
 6496464	[INFO]	XnProperty.cpp	151	Property Image1.Resolution was changed to 1.
 6496476	[INFO]	XnProperty.cpp	151	Property Image1.XRes was changed to 640.
 6496488	[INFO]	XnProperty.cpp	151	Property Image1.RequiredDataSize was changed to 460800.
 6496501	[INFO]	XnProperty.cpp	151	Property Image1.YRes was changed to 480.
 6496513	[INFO]	XnProperty.cpp	151	Property Image1.RequiredDataSize was changed to 921600.
 6496526	[INFO]	XnProperty.cpp	101	Image1.YRes was successfully set.
 6496538	[INFO]	XnProperty.cpp	74	Setting Image1.XRes to 640...
 6496549	[INFO]	XnProperty.cpp	86	Image1.XRes value did not change.
 6497646	[INFO]	XnUSBLinux-x86.cpp	1222	USB read thread was started.
 6497697	[INFO]	XnProperty.cpp	151	Property Image1.ActualReadData was changed to 1.
 6684811	[WARNING]	XnDepthProcessor.cpp	133	Read: Depth buffer is corrupt. Size is 526480 (!= 614400)
 6684861	[WARNING]	XnFrameStreamProcessor.cpp	132	Depth frame is corrupt!
 9588822	[WARNING]	XnDepthProcessor.cpp	133	Read: Depth buffer is corrupt. Size is 591040 (!= 614400)
 9588868	[WARNING]	XnFrameStreamProcessor.cpp	132	Depth frame is corrupt!
 9698972	[INFO]	XnProperty.cpp	151	Property Image1.State was changed to 1.
 9699019	[INFO]	XnDeviceBase.cpp	370	Stream Image1 is open.
 9699239	[INFO]	XnProperty.cpp	74	Setting Depth1.Registration to 1...
 9724801	[WARNING]	XnDepthProcessor.cpp	133	Read: Depth buffer is corrupt. Size is 597040 (!= 614400)
 9724857	[WARNING]	XnFrameStreamProcessor.cpp	132	Depth frame is corrupt!
 9852142	[INFO]	XnProperty.cpp	151	Property Depth1.Registration was changed to 1.
 9852185	[INFO]	XnProperty.cpp	101	Depth1.Registration was successfully set.
 9852233	[INFO]	XnProperty.cpp	74	Setting Image1.Mirror to 1...
 9864599	[INFO]	XnProperty.cpp	151	Property Image1.FirmwareMirror was changed to 1.
 9864646	[INFO]	XnProperty.cpp	151	Property Image1.Mirror was changed to 1.
 9864665	[INFO]	XnProperty.cpp	101	Image1.Mirror was successfully set.
59441441	[INFO]	XnOpenNI.cpp	1459	Destroying node 'User1'
59450118	[INFO]	XnOpenNI.cpp	1459	Destroying node 'Depth1'
59450228	[INFO]	XnDeviceBase.cpp	1507	Destroying stream 'Depth1'...
59451931	[INFO]	XnOpenNI.cpp	1459	Destroying node 'Image1'
59451978	[INFO]	XnDeviceBase.cpp	1507	Destroying stream 'Image1'...
59452839	[INFO]	XnOpenNI.cpp	1459	Destroying node 'Device1'
