   72839	[INFO]	XnLog.cpp	165	OpenNI version is 1.0.0 (Build 25)-MacOSX (Jan  7 2011 14:20:18)
   72916	[INFO]	XnLog.cpp	173	Log system initialized. Console: 1, File: 1, Severity: INFO, Masks: ALL
   72946	[INFO]	XnLog.cpp	173	Log system initialized. Console: 1, File: 1, Severity: INFO, Masks: ALL
   74292	[INFO]	XnUSBLinux-x86.cpp	98	USB is initialized.
 3451374	[INFO]	XnOpenNI.cpp	1261	Creating node 'Device1' of type Device...
 3452450	[INFO]	XnDeviceModule.cpp	431	Module 'Device' configuration was loaded from file.
 3883801	[INFO]	XnDeviceSensorIO.cpp	135	Connected to USB device
 3883855	[INFO]	XnProperty.cpp	151	Property Device.USBPath was changed to 045e/02ae@253/8.
 3925093	[INFO]	XnHostProtocol.cpp	825	Hardware versions: FW=5.1.4 (7) HW=4 Chip=2 Sensor=4 SYS=7
 5331367	[INFO]	XnProperty.cpp	151	Property Device.ID was changed to 0.
 5331424	[INFO]	XnSensor.cpp	182	Device sensor initialized
 5331508	[INFO]	XnOpenNI.cpp	1261	Creating node 'Depth1' of type Depth...
 5331546	[INFO]	XnDeviceBase.cpp	1383	Creating stream 'Depth1' of type 'Depth'...
 5331563	[INFO]	XnProperty.cpp	74	Setting Device.ReadData to 1...
 5331592	[INFO]	XnDeviceSensorIO.cpp	298	Endpoints open
 5344169	[INFO]	XnProperty.cpp	151	Property Device.ReadData was changed to 1.
 5344214	[INFO]	XnProperty.cpp	101	Device.ReadData was successfully set.
 5344707	[INFO]	XnProperty.cpp	151	Property Depth1.Resolution was changed to 0.
 5344738	[INFO]	XnProperty.cpp	151	Property Depth1.XRes was changed to 320.
 5344758	[INFO]	XnProperty.cpp	151	Property Depth1.YRes was changed to 240.
 5344779	[INFO]	XnProperty.cpp	151	Property Depth1.FPS was changed to 30.
 5344798	[INFO]	XnProperty.cpp	151	Property Depth1.OutputFormat was changed to 1.
 5344817	[INFO]	XnProperty.cpp	151	Property Depth1.BytesPerPixel was changed to 2.
 5344835	[INFO]	XnProperty.cpp	151	Property Depth1.RequiredDataSize was changed to 153600.
 5344857	[INFO]	XnProperty.cpp	151	Property Depth1.ParamCoeff was changed to 4.
 5344932	[INFO]	XnProperty.cpp	151	Property Depth1.ShiftScale was changed to 10.
 5357230	[INFO]	XnProperty.cpp	151	Property Depth1.ConstShift was changed to 200.
 5357388	[INFO]	XnProperty.cpp	151	Property Depth1.ZPD was changed to 120.
 5357492	[INFO]	XnProperty.cpp	151	Property Depth1.ZPPS was changed to 0.104200.
 5357507	[INFO]	XnProperty.cpp	151	Property Depth1.LDDIS was changed to 7.500000.
 5357601	[INFO]	XnProperty.cpp	151	Property Depth1.Gain was changed to 30.
 5357635	[INFO]	XnDeviceBase.cpp	1458	Stream 'Depth1' was initialized.
 5357648	[INFO]	XnDeviceBase.cpp	1463	'Depth1' stream was created.
 5357800	[INFO]	XnProperty.cpp	74	Setting Depth1.InputFormat to 3...
 5357821	[INFO]	XnProperty.cpp	151	Property Depth1.InputFormat was changed to 3.
 5357834	[INFO]	XnProperty.cpp	101	Depth1.InputFormat was successfully set.
 5358268	[INFO]	XnProperty.cpp	74	Setting Depth1.RegistrationType to 2...
 5358284	[INFO]	XnProperty.cpp	151	Property Depth1.RegistrationType was changed to 2.
 5358295	[INFO]	XnProperty.cpp	101	Depth1.RegistrationType was successfully set.
 5358767	[INFO]	XnDeviceModule.cpp	431	Module 'Depth1' configuration was loaded from file.
 5359023	[INFO]	XnProperty.cpp	74	Setting Depth1.FPS to 30...
 5359046	[INFO]	XnProperty.cpp	86	Depth1.FPS value did not change.
 5359058	[INFO]	XnProperty.cpp	74	Setting Depth1.YRes to 480...
 5359074	[INFO]	XnProperty.cpp	151	Property Depth1.Resolution was changed to 1.
 5359088	[INFO]	XnProperty.cpp	151	Property Depth1.XRes was changed to 640.
 5359101	[INFO]	XnProperty.cpp	151	Property Depth1.RequiredDataSize was changed to 307200.
 5359116	[INFO]	XnProperty.cpp	151	Property Depth1.YRes was changed to 480.
 5359129	[INFO]	XnProperty.cpp	151	Property Depth1.RequiredDataSize was changed to 614400.
 5359142	[INFO]	XnProperty.cpp	101	Depth1.YRes was successfully set.
 5359154	[INFO]	XnProperty.cpp	74	Setting Depth1.XRes to 640...
 5359165	[INFO]	XnProperty.cpp	86	Depth1.XRes value did not change.
 5359211	[INFO]	XnProperty.cpp	74	Setting Depth1.Mirror to 1...
 5359226	[INFO]	XnProperty.cpp	151	Property Depth1.FirmwareMirror was changed to 1.
 5409704	[INFO]	XnProperty.cpp	151	Property Depth1.Mirror was changed to 1.
 5409730	[INFO]	XnProperty.cpp	101	Depth1.Mirror was successfully set.
 8736047	[INFO]	XnOpenNI.cpp	1261	Creating node 'User1' of type User...
 8760865	[WARNING]	Linux-x86Threads.cpp	173	Failed to set thread priority: Invalid argument
 8760911	[WARNING]	XnUSBLinux-x86.cpp	126	USB events thread: Failed to set thread priority to critical. This might cause loss of data...
 8761694	[INFO]	XnUSBLinux-x86.cpp	1222	USB read thread was started.
 8761719	[INFO]	XnProperty.cpp	151	Property Depth1.ActualReadData was changed to 1.
 9232784	[INFO]	XnProperty.cpp	151	Property Depth1.State was changed to 1.
 9232832	[INFO]	XnDeviceBase.cpp	370	Stream Depth1 is open.
10729269	[WARNING]	XnDepthProcessor.cpp	133	Read: Depth buffer is corrupt. Size is 601536 (!= 614400)
10729317	[WARNING]	XnFrameStreamProcessor.cpp	132	Depth frame is corrupt!
12546410	[INFO]	XnOpenNI.cpp	1261	Creating node 'Image1' of type Image...
12546462	[INFO]	XnDeviceBase.cpp	1383	Creating stream 'Image1' of type 'Image'...
12546691	[INFO]	XnProperty.cpp	151	Property Image1.Resolution was changed to 0.
12546718	[INFO]	XnProperty.cpp	151	Property Image1.XRes was changed to 320.
12546736	[INFO]	XnProperty.cpp	151	Property Image1.YRes was changed to 240.
12546754	[INFO]	XnProperty.cpp	151	Property Image1.FPS was changed to 30.
12546772	[INFO]	XnProperty.cpp	151	Property Image1.OutputFormat was changed to 5.
12546790	[INFO]	XnProperty.cpp	151	Property Image1.BytesPerPixel was changed to 3.
12546809	[INFO]	XnProperty.cpp	151	Property Image1.RequiredDataSize was changed to 230400.
12546859	[INFO]	XnDeviceBase.cpp	1458	Stream 'Image1' was initialized.
12546882	[INFO]	XnDeviceBase.cpp	1463	'Image1' stream was created.
12547018	[INFO]	XnProperty.cpp	74	Setting Image1.InputFormat to 6...
12547049	[INFO]	XnProperty.cpp	151	Property Image1.InputFormat was changed to 6.
12547068	[INFO]	XnProperty.cpp	101	Image1.InputFormat was successfully set.
12547691	[INFO]	XnDeviceModule.cpp	431	Module 'Image1' configuration was loaded from file.
12547804	[INFO]	XnProperty.cpp	74	Setting Image1.FPS to 30...
12547827	[INFO]	XnProperty.cpp	86	Image1.FPS value did not change.
12547846	[INFO]	XnProperty.cpp	74	Setting Image1.YRes to 480...
12547865	[INFO]	XnProperty.cpp	151	Property Image1.Resolution was changed to 1.
12547883	[INFO]	XnProperty.cpp	151	Property Image1.XRes was changed to 640.
12547900	[INFO]	XnProperty.cpp	151	Property Image1.RequiredDataSize was changed to 460800.
12547924	[INFO]	XnProperty.cpp	151	Property Image1.YRes was changed to 480.
12547947	[INFO]	XnProperty.cpp	151	Property Image1.RequiredDataSize was changed to 921600.
12547970	[INFO]	XnProperty.cpp	101	Image1.YRes was successfully set.
12547994	[INFO]	XnProperty.cpp	74	Setting Image1.XRes to 640...
12548014	[INFO]	XnProperty.cpp	86	Image1.XRes value did not change.
12549343	[INFO]	XnUSBLinux-x86.cpp	1222	USB read thread was started.
12549392	[INFO]	XnProperty.cpp	151	Property Image1.ActualReadData was changed to 1.
12733254	[WARNING]	XnDepthProcessor.cpp	133	Read: Depth buffer is corrupt. Size is 535008 (!= 614400)
12733306	[WARNING]	XnFrameStreamProcessor.cpp	132	Depth frame is corrupt!
15750243	[INFO]	XnProperty.cpp	151	Property Image1.State was changed to 1.
15750292	[INFO]	XnDeviceBase.cpp	370	Stream Image1 is open.
15750504	[INFO]	XnProperty.cpp	74	Setting Depth1.Registration to 1...
15801409	[WARNING]	XnDepthProcessor.cpp	133	Read: Depth buffer is corrupt. Size is 594368 (!= 614400)
15801461	[WARNING]	XnFrameStreamProcessor.cpp	132	Depth frame is corrupt!
15903540	[INFO]	XnProperty.cpp	151	Property Depth1.Registration was changed to 1.
15903582	[INFO]	XnProperty.cpp	101	Depth1.Registration was successfully set.
15903628	[INFO]	XnProperty.cpp	74	Setting Image1.Mirror to 1...
15915875	[INFO]	XnProperty.cpp	151	Property Image1.FirmwareMirror was changed to 1.
15915924	[INFO]	XnProperty.cpp	151	Property Image1.Mirror was changed to 1.
15915943	[INFO]	XnProperty.cpp	101	Image1.Mirror was successfully set.
