    1650	[INFO]	XnLog.cpp	165	OpenNI version is 1.0.0 (Build 25)-MacOSX (Jan  7 2011 14:20:18)
    1694	[INFO]	XnLog.cpp	173	Log system initialized. Console: 1, File: 1, Severity: INFO, Masks: ALL
    1717	[INFO]	XnLog.cpp	173	Log system initialized. Console: 1, File: 1, Severity: INFO, Masks: ALL
    2850	[INFO]	XnUSBLinux-x86.cpp	98	USB is initialized.
 2374511	[INFO]	XnOpenNI.cpp	1261	Creating node 'Device1' of type Device...
 2375297	[INFO]	XnDeviceModule.cpp	431	Module 'Device' configuration was loaded from file.
 2635253	[INFO]	XnDeviceSensorIO.cpp	135	Connected to USB device
 2635303	[INFO]	XnProperty.cpp	151	Property Device.USBPath was changed to 045e/02ae@253/8.
 2643098	[INFO]	XnHostProtocol.cpp	825	Hardware versions: FW=5.1.4 (7) HW=4 Chip=2 Sensor=4 SYS=7
 4052406	[INFO]	XnProperty.cpp	151	Property Device.ID was changed to 0.
 4052456	[INFO]	XnSensor.cpp	182	Device sensor initialized
 4052559	[INFO]	XnOpenNI.cpp	1261	Creating node 'Depth1' of type Depth...
 4052611	[INFO]	XnDeviceBase.cpp	1383	Creating stream 'Depth1' of type 'Depth'...
 4052637	[INFO]	XnProperty.cpp	74	Setting Device.ReadData to 1...
 4052678	[INFO]	XnDeviceSensorIO.cpp	298	Endpoints open
 4065194	[INFO]	XnProperty.cpp	151	Property Device.ReadData was changed to 1.
 4065238	[INFO]	XnProperty.cpp	101	Device.ReadData was successfully set.
 4065589	[INFO]	XnProperty.cpp	151	Property Depth1.Resolution was changed to 0.
 4065611	[INFO]	XnProperty.cpp	151	Property Depth1.XRes was changed to 320.
 4065631	[INFO]	XnProperty.cpp	151	Property Depth1.YRes was changed to 240.
 4065651	[INFO]	XnProperty.cpp	151	Property Depth1.FPS was changed to 30.
 4065669	[INFO]	XnProperty.cpp	151	Property Depth1.OutputFormat was changed to 1.
 4065684	[INFO]	XnProperty.cpp	151	Property Depth1.BytesPerPixel was changed to 2.
 4065699	[INFO]	XnProperty.cpp	151	Property Depth1.RequiredDataSize was changed to 153600.
 4065715	[INFO]	XnProperty.cpp	151	Property Depth1.ParamCoeff was changed to 4.
 4065775	[INFO]	XnProperty.cpp	151	Property Depth1.ShiftScale was changed to 10.
 4078046	[INFO]	XnProperty.cpp	151	Property Depth1.ConstShift was changed to 200.
 4078132	[INFO]	XnProperty.cpp	151	Property Depth1.ZPD was changed to 120.
 4078229	[INFO]	XnProperty.cpp	151	Property Depth1.ZPPS was changed to 0.104200.
 4078244	[INFO]	XnProperty.cpp	151	Property Depth1.LDDIS was changed to 7.500000.
 4078344	[INFO]	XnProperty.cpp	151	Property Depth1.Gain was changed to 30.
 4078380	[INFO]	XnDeviceBase.cpp	1458	Stream 'Depth1' was initialized.
 4078394	[INFO]	XnDeviceBase.cpp	1463	'Depth1' stream was created.
 4078556	[INFO]	XnProperty.cpp	74	Setting Depth1.InputFormat to 3...
 4078577	[INFO]	XnProperty.cpp	151	Property Depth1.InputFormat was changed to 3.
 4078590	[INFO]	XnProperty.cpp	101	Depth1.InputFormat was successfully set.
 4079027	[INFO]	XnProperty.cpp	74	Setting Depth1.RegistrationType to 2...
 4079046	[INFO]	XnProperty.cpp	151	Property Depth1.RegistrationType was changed to 2.
 4079058	[INFO]	XnProperty.cpp	101	Depth1.RegistrationType was successfully set.
 4079522	[INFO]	XnDeviceModule.cpp	431	Module 'Depth1' configuration was loaded from file.
 4079709	[INFO]	XnProperty.cpp	74	Setting Depth1.FPS to 30...
 4079726	[INFO]	XnProperty.cpp	86	Depth1.FPS value did not change.
 4079738	[INFO]	XnProperty.cpp	74	Setting Depth1.YRes to 480...
 4079753	[INFO]	XnProperty.cpp	151	Property Depth1.Resolution was changed to 1.
 4079765	[INFO]	XnProperty.cpp	151	Property Depth1.XRes was changed to 640.
 4079777	[INFO]	XnProperty.cpp	151	Property Depth1.RequiredDataSize was changed to 307200.
 4079792	[INFO]	XnProperty.cpp	151	Property Depth1.YRes was changed to 480.
 4079804	[INFO]	XnProperty.cpp	151	Property Depth1.RequiredDataSize was changed to 614400.
 4079817	[INFO]	XnProperty.cpp	101	Depth1.YRes was successfully set.
 4079829	[INFO]	XnProperty.cpp	74	Setting Depth1.XRes to 640...
 4079840	[INFO]	XnProperty.cpp	86	Depth1.XRes value did not change.
 4079882	[INFO]	XnProperty.cpp	74	Setting Depth1.Mirror to 1...
 4079897	[INFO]	XnProperty.cpp	151	Property Depth1.FirmwareMirror was changed to 1.
 4079941	[INFO]	XnProperty.cpp	151	Property Depth1.Mirror was changed to 1.
 4079952	[INFO]	XnProperty.cpp	101	Depth1.Mirror was successfully set.
 6071227	[INFO]	XnOpenNI.cpp	1261	Creating node 'User1' of type User...
 6094365	[WARNING]	Linux-x86Threads.cpp	173	Failed to set thread priority: Invalid argument
 6094407	[WARNING]	XnUSBLinux-x86.cpp	126	USB events thread: Failed to set thread priority to critical. This might cause loss of data...
 6095191	[INFO]	XnUSBLinux-x86.cpp	1222	USB read thread was started.
 6095217	[INFO]	XnProperty.cpp	151	Property Depth1.ActualReadData was changed to 1.
 6565563	[INFO]	XnProperty.cpp	151	Property Depth1.State was changed to 1.
 6565623	[INFO]	XnDeviceBase.cpp	370	Stream Depth1 is open.
 8541576	[INFO]	XnOpenNI.cpp	1261	Creating node 'Image1' of type Image...
 8541639	[INFO]	XnDeviceBase.cpp	1383	Creating stream 'Image1' of type 'Image'...
 8541877	[INFO]	XnProperty.cpp	151	Property Image1.Resolution was changed to 0.
 8541902	[INFO]	XnProperty.cpp	151	Property Image1.XRes was changed to 320.
 8541924	[INFO]	XnProperty.cpp	151	Property Image1.YRes was changed to 240.
 8541944	[INFO]	XnProperty.cpp	151	Property Image1.FPS was changed to 30.
 8541962	[INFO]	XnProperty.cpp	151	Property Image1.OutputFormat was changed to 5.
 8541980	[INFO]	XnProperty.cpp	151	Property Image1.BytesPerPixel was changed to 3.
 8541998	[INFO]	XnProperty.cpp	151	Property Image1.RequiredDataSize was changed to 230400.
 8542037	[INFO]	XnDeviceBase.cpp	1458	Stream 'Image1' was initialized.
 8542056	[INFO]	XnDeviceBase.cpp	1463	'Image1' stream was created.
 8542173	[INFO]	XnProperty.cpp	74	Setting Image1.InputFormat to 6...
 8542199	[INFO]	XnProperty.cpp	151	Property Image1.InputFormat was changed to 6.
 8542218	[INFO]	XnProperty.cpp	101	Image1.InputFormat was successfully set.
 8542652	[INFO]	XnDeviceModule.cpp	431	Module 'Image1' configuration was loaded from file.
 8542773	[INFO]	XnProperty.cpp	74	Setting Image1.FPS to 30...
 8542798	[INFO]	XnProperty.cpp	86	Image1.FPS value did not change.
 8542816	[INFO]	XnProperty.cpp	74	Setting Image1.YRes to 480...
 8542835	[INFO]	XnProperty.cpp	151	Property Image1.Resolution was changed to 1.
 8542854	[INFO]	XnProperty.cpp	151	Property Image1.XRes was changed to 640.
 8542874	[INFO]	XnProperty.cpp	151	Property Image1.RequiredDataSize was changed to 460800.
 8542896	[INFO]	XnProperty.cpp	151	Property Image1.YRes was changed to 480.
 8542915	[INFO]	XnProperty.cpp	151	Property Image1.RequiredDataSize was changed to 921600.
 8542933	[INFO]	XnProperty.cpp	101	Image1.YRes was successfully set.
 8542951	[INFO]	XnProperty.cpp	74	Setting Image1.XRes to 640...
 8542967	[INFO]	XnProperty.cpp	86	Image1.XRes value did not change.
 8543833	[INFO]	XnUSBLinux-x86.cpp	1222	USB read thread was started.
 8543870	[INFO]	XnProperty.cpp	151	Property Image1.ActualReadData was changed to 1.
 8730784	[WARNING]	XnDepthProcessor.cpp	133	Read: Depth buffer is corrupt. Size is 508432 (!= 614400)
 8730831	[WARNING]	XnFrameStreamProcessor.cpp	132	Depth frame is corrupt!
11634828	[WARNING]	XnDepthProcessor.cpp	133	Read: Depth buffer is corrupt. Size is 584048 (!= 614400)
11634875	[WARNING]	XnFrameStreamProcessor.cpp	132	Depth frame is corrupt!
11744108	[INFO]	XnProperty.cpp	151	Property Image1.State was changed to 1.
11744149	[INFO]	XnDeviceBase.cpp	370	Stream Image1 is open.
11744336	[INFO]	XnProperty.cpp	74	Setting Depth1.Registration to 1...
11802791	[WARNING]	XnDepthProcessor.cpp	133	Read: Depth buffer is corrupt. Size is 593584 (!= 614400)
11802837	[WARNING]	XnFrameStreamProcessor.cpp	132	Depth frame is corrupt!
11896752	[INFO]	XnProperty.cpp	151	Property Depth1.Registration was changed to 1.
11896795	[INFO]	XnProperty.cpp	101	Depth1.Registration was successfully set.
11896841	[INFO]	XnProperty.cpp	74	Setting Image1.Mirror to 1...
11909257	[INFO]	XnProperty.cpp	151	Property Image1.FirmwareMirror was changed to 1.
11909299	[INFO]	XnProperty.cpp	151	Property Image1.Mirror was changed to 1.
11909311	[INFO]	XnProperty.cpp	101	Image1.Mirror was successfully set.
26429419	[INFO]	XnOpenNI.cpp	1459	Destroying node 'User1'
26436552	[INFO]	XnOpenNI.cpp	1459	Destroying node 'Depth1'
26436639	[INFO]	XnDeviceBase.cpp	1507	Destroying stream 'Depth1'...
26437737	[INFO]	XnOpenNI.cpp	1459	Destroying node 'Image1'
26437788	[INFO]	XnDeviceBase.cpp	1507	Destroying stream 'Image1'...
26438549	[INFO]	XnOpenNI.cpp	1459	Destroying node 'Device1'
