    1340	[INFO]	XnLog.cpp	165	OpenNI version is 1.0.0 (Build 25)-MacOSX (Jan  7 2011 14:20:18)
    1384	[INFO]	XnLog.cpp	173	Log system initialized. Console: 1, File: 1, Severity: INFO, Masks: ALL
    1408	[INFO]	XnLog.cpp	173	Log system initialized. Console: 1, File: 1, Severity: INFO, Masks: ALL
    2531	[INFO]	XnUSBLinux-x86.cpp	98	USB is initialized.
 1886506	[INFO]	XnOpenNI.cpp	1261	Creating node 'Device1' of type Device...
 1887293	[INFO]	XnDeviceModule.cpp	431	Module 'Device' configuration was loaded from file.
 2036541	[INFO]	XnDeviceSensorIO.cpp	135	Connected to USB device
 2036591	[INFO]	XnProperty.cpp	151	Property Device.USBPath was changed to 045e/02ae@253/8.
 2043780	[INFO]	XnHostProtocol.cpp	825	Hardware versions: FW=5.1.4 (7) HW=4 Chip=2 Sensor=4 SYS=7
 3449772	[INFO]	XnProperty.cpp	151	Property Device.ID was changed to 0.
 3449849	[INFO]	XnSensor.cpp	182	Device sensor initialized
 3449941	[INFO]	XnOpenNI.cpp	1261	Creating node 'Depth1' of type Depth...
 3449980	[INFO]	XnDeviceBase.cpp	1383	Creating stream 'Depth1' of type 'Depth'...
 3449997	[INFO]	XnProperty.cpp	74	Setting Device.ReadData to 1...
 3450036	[INFO]	XnDeviceSensorIO.cpp	298	Endpoints open
 3462539	[INFO]	XnProperty.cpp	151	Property Device.ReadData was changed to 1.
 3462581	[INFO]	XnProperty.cpp	101	Device.ReadData was successfully set.
 3462903	[INFO]	XnProperty.cpp	151	Property Depth1.Resolution was changed to 0.
 3462922	[INFO]	XnProperty.cpp	151	Property Depth1.XRes was changed to 320.
 3462934	[INFO]	XnProperty.cpp	151	Property Depth1.YRes was changed to 240.
 3462946	[INFO]	XnProperty.cpp	151	Property Depth1.FPS was changed to 30.
 3462957	[INFO]	XnProperty.cpp	151	Property Depth1.OutputFormat was changed to 1.
 3462969	[INFO]	XnProperty.cpp	151	Property Depth1.BytesPerPixel was changed to 2.
 3462981	[INFO]	XnProperty.cpp	151	Property Depth1.RequiredDataSize was changed to 153600.
 3462997	[INFO]	XnProperty.cpp	151	Property Depth1.ParamCoeff was changed to 4.
 3463056	[INFO]	XnProperty.cpp	151	Property Depth1.ShiftScale was changed to 10.
 3475523	[INFO]	XnProperty.cpp	151	Property Depth1.ConstShift was changed to 200.
 3475620	[INFO]	XnProperty.cpp	151	Property Depth1.ZPD was changed to 120.
 3475728	[INFO]	XnProperty.cpp	151	Property Depth1.ZPPS was changed to 0.104200.
 3475748	[INFO]	XnProperty.cpp	151	Property Depth1.LDDIS was changed to 7.500000.
 3475857	[INFO]	XnProperty.cpp	151	Property Depth1.Gain was changed to 30.
 3475908	[INFO]	XnDeviceBase.cpp	1458	Stream 'Depth1' was initialized.
 3475927	[INFO]	XnDeviceBase.cpp	1463	'Depth1' stream was created.
 3476090	[INFO]	XnProperty.cpp	74	Setting Depth1.InputFormat to 3...
 3476113	[INFO]	XnProperty.cpp	151	Property Depth1.InputFormat was changed to 3.
 3476126	[INFO]	XnProperty.cpp	101	Depth1.InputFormat was successfully set.
 3476566	[INFO]	XnProperty.cpp	74	Setting Depth1.RegistrationType to 2...
 3476585	[INFO]	XnProperty.cpp	151	Property Depth1.RegistrationType was changed to 2.
 3476597	[INFO]	XnProperty.cpp	101	Depth1.RegistrationType was successfully set.
 3477055	[INFO]	XnDeviceModule.cpp	431	Module 'Depth1' configuration was loaded from file.
 3477249	[INFO]	XnProperty.cpp	74	Setting Depth1.FPS to 30...
 3477267	[INFO]	XnProperty.cpp	86	Depth1.FPS value did not change.
 3477279	[INFO]	XnProperty.cpp	74	Setting Depth1.YRes to 480...
 3477293	[INFO]	XnProperty.cpp	151	Property Depth1.Resolution was changed to 1.
 3477306	[INFO]	XnProperty.cpp	151	Property Depth1.XRes was changed to 640.
 3477317	[INFO]	XnProperty.cpp	151	Property Depth1.RequiredDataSize was changed to 307200.
 3477332	[INFO]	XnProperty.cpp	151	Property Depth1.YRes was changed to 480.
 3477344	[INFO]	XnProperty.cpp	151	Property Depth1.RequiredDataSize was changed to 614400.
 3477356	[INFO]	XnProperty.cpp	101	Depth1.YRes was successfully set.
 3477369	[INFO]	XnProperty.cpp	74	Setting Depth1.XRes to 640...
 3477379	[INFO]	XnProperty.cpp	86	Depth1.XRes value did not change.
 3477422	[INFO]	XnProperty.cpp	74	Setting Depth1.Mirror to 1...
 3477436	[INFO]	XnProperty.cpp	151	Property Depth1.FirmwareMirror was changed to 1.
 3477480	[INFO]	XnProperty.cpp	151	Property Depth1.Mirror was changed to 1.
 3477491	[INFO]	XnProperty.cpp	101	Depth1.Mirror was successfully set.
 4581767	[INFO]	XnOpenNI.cpp	1261	Creating node 'User1' of type User...
 4605263	[WARNING]	Linux-x86Threads.cpp	173	Failed to set thread priority: Invalid argument
 4605308	[WARNING]	XnUSBLinux-x86.cpp	126	USB events thread: Failed to set thread priority to critical. This might cause loss of data...
 4606218	[INFO]	XnUSBLinux-x86.cpp	1222	USB read thread was started.
 4606248	[INFO]	XnProperty.cpp	151	Property Depth1.ActualReadData was changed to 1.
 5076853	[INFO]	XnProperty.cpp	151	Property Depth1.State was changed to 1.
 5076898	[INFO]	XnDeviceBase.cpp	370	Stream Depth1 is open.
 6172916	[INFO]	XnOpenNI.cpp	1261	Creating node 'Image1' of type Image...
 6172966	[INFO]	XnDeviceBase.cpp	1383	Creating stream 'Image1' of type 'Image'...
 6173240	[INFO]	XnProperty.cpp	151	Property Image1.Resolution was changed to 0.
 6173275	[INFO]	XnProperty.cpp	151	Property Image1.XRes was changed to 320.
 6173296	[INFO]	XnProperty.cpp	151	Property Image1.YRes was changed to 240.
 6173314	[INFO]	XnProperty.cpp	151	Property Image1.FPS was changed to 30.
 6173334	[INFO]	XnProperty.cpp	151	Property Image1.OutputFormat was changed to 5.
 6173352	[INFO]	XnProperty.cpp	151	Property Image1.BytesPerPixel was changed to 3.
 6173370	[INFO]	XnProperty.cpp	151	Property Image1.RequiredDataSize was changed to 230400.
 6173411	[INFO]	XnDeviceBase.cpp	1458	Stream 'Image1' was initialized.
 6173433	[INFO]	XnDeviceBase.cpp	1463	'Image1' stream was created.
 6173564	[INFO]	XnProperty.cpp	74	Setting Image1.InputFormat to 6...
 6173593	[INFO]	XnProperty.cpp	151	Property Image1.InputFormat was changed to 6.
 6173612	[INFO]	XnProperty.cpp	101	Image1.InputFormat was successfully set.
 6174254	[INFO]	XnDeviceModule.cpp	431	Module 'Image1' configuration was loaded from file.
 6174357	[INFO]	XnProperty.cpp	74	Setting Image1.FPS to 30...
 6174382	[INFO]	XnProperty.cpp	86	Image1.FPS value did not change.
 6174405	[INFO]	XnProperty.cpp	74	Setting Image1.YRes to 480...
 6174431	[INFO]	XnProperty.cpp	151	Property Image1.Resolution was changed to 1.
 6174454	[INFO]	XnProperty.cpp	151	Property Image1.XRes was changed to 640.
 6174477	[INFO]	XnProperty.cpp	151	Property Image1.RequiredDataSize was changed to 460800.
 6174503	[INFO]	XnProperty.cpp	151	Property Image1.YRes was changed to 480.
 6174530	[INFO]	XnProperty.cpp	151	Property Image1.RequiredDataSize was changed to 921600.
 6174555	[INFO]	XnProperty.cpp	101	Image1.YRes was successfully set.
 6174578	[INFO]	XnProperty.cpp	74	Setting Image1.XRes to 640...
 6174598	[INFO]	XnProperty.cpp	86	Image1.XRes value did not change.
 6175632	[INFO]	XnUSBLinux-x86.cpp	1222	USB read thread was started.
 6175672	[INFO]	XnProperty.cpp	151	Property Image1.ActualReadData was changed to 1.
 6342267	[WARNING]	XnDepthProcessor.cpp	133	Read: Depth buffer is corrupt. Size is 578816 (!= 614400)
 6342314	[WARNING]	XnFrameStreamProcessor.cpp	132	Depth frame is corrupt!
 6374250	[WARNING]	XnDepthProcessor.cpp	133	Read: Depth buffer is corrupt. Size is 578592 (!= 614400)
 6374299	[WARNING]	XnFrameStreamProcessor.cpp	132	Depth frame is corrupt!
 9376428	[INFO]	XnProperty.cpp	151	Property Image1.State was changed to 1.
 9376472	[INFO]	XnDeviceBase.cpp	370	Stream Image1 is open.
 9376641	[INFO]	XnProperty.cpp	74	Setting Depth1.Registration to 1...
 9528517	[INFO]	XnProperty.cpp	151	Property Depth1.Registration was changed to 1.
 9528559	[INFO]	XnProperty.cpp	101	Depth1.Registration was successfully set.
 9528606	[INFO]	XnProperty.cpp	74	Setting Image1.Mirror to 1...
 9541906	[INFO]	XnProperty.cpp	151	Property Image1.FirmwareMirror was changed to 1.
 9541950	[INFO]	XnProperty.cpp	151	Property Image1.Mirror was changed to 1.
 9541962	[INFO]	XnProperty.cpp	101	Image1.Mirror was successfully set.
120758941	[INFO]	XnOpenNI.cpp	1459	Destroying node 'User1'
120766541	[INFO]	XnOpenNI.cpp	1459	Destroying node 'Depth1'
120766627	[INFO]	XnDeviceBase.cpp	1507	Destroying stream 'Depth1'...
120768038	[INFO]	XnOpenNI.cpp	1459	Destroying node 'Image1'
120768141	[INFO]	XnDeviceBase.cpp	1507	Destroying stream 'Image1'...
120768972	[INFO]	XnOpenNI.cpp	1459	Destroying node 'Device1'
