    1351	[INFO]	XnLog.cpp	165	OpenNI version is 1.0.0 (Build 25)-MacOSX (Jan  7 2011 14:20:18)
    1395	[INFO]	XnLog.cpp	173	Log system initialized. Console: 1, File: 1, Severity: INFO, Masks: ALL
    1417	[INFO]	XnLog.cpp	173	Log system initialized. Console: 1, File: 1, Severity: INFO, Masks: ALL
    2509	[INFO]	XnUSBLinux-x86.cpp	98	USB is initialized.
 2368651	[INFO]	XnOpenNI.cpp	1261	Creating node 'Device1' of type Device...
 2369409	[INFO]	XnDeviceModule.cpp	431	Module 'Device' configuration was loaded from file.
 2628187	[INFO]	XnDeviceSensorIO.cpp	135	Connected to USB device
 2628228	[INFO]	XnProperty.cpp	151	Property Device.USBPath was changed to 045e/02ae@253/8.
 2635737	[INFO]	XnHostProtocol.cpp	825	Hardware versions: FW=5.1.4 (7) HW=4 Chip=2 Sensor=4 SYS=7
 4046015	[INFO]	XnProperty.cpp	151	Property Device.ID was changed to 0.
 4046108	[INFO]	XnSensor.cpp	182	Device sensor initialized
 4046225	[INFO]	XnOpenNI.cpp	1261	Creating node 'Depth1' of type Depth...
 4046262	[INFO]	XnDeviceBase.cpp	1383	Creating stream 'Depth1' of type 'Depth'...
 4046278	[INFO]	XnProperty.cpp	74	Setting Device.ReadData to 1...
 4046309	[INFO]	XnDeviceSensorIO.cpp	298	Endpoints open
 4058678	[INFO]	XnProperty.cpp	151	Property Device.ReadData was changed to 1.
 4058721	[INFO]	XnProperty.cpp	101	Device.ReadData was successfully set.
 4059175	[INFO]	XnProperty.cpp	151	Property Depth1.Resolution was changed to 0.
 4059203	[INFO]	XnProperty.cpp	151	Property Depth1.XRes was changed to 320.
 4059222	[INFO]	XnProperty.cpp	151	Property Depth1.YRes was changed to 240.
 4059241	[INFO]	XnProperty.cpp	151	Property Depth1.FPS was changed to 30.
 4059261	[INFO]	XnProperty.cpp	151	Property Depth1.OutputFormat was changed to 1.
 4059280	[INFO]	XnProperty.cpp	151	Property Depth1.BytesPerPixel was changed to 2.
 4059299	[INFO]	XnProperty.cpp	151	Property Depth1.RequiredDataSize was changed to 153600.
 4059325	[INFO]	XnProperty.cpp	151	Property Depth1.ParamCoeff was changed to 4.
 4059401	[INFO]	XnProperty.cpp	151	Property Depth1.ShiftScale was changed to 10.
 4071827	[INFO]	XnProperty.cpp	151	Property Depth1.ConstShift was changed to 200.
 4071910	[INFO]	XnProperty.cpp	151	Property Depth1.ZPD was changed to 120.
 4072007	[INFO]	XnProperty.cpp	151	Property Depth1.ZPPS was changed to 0.104200.
 4072021	[INFO]	XnProperty.cpp	151	Property Depth1.LDDIS was changed to 7.500000.
 4072126	[INFO]	XnProperty.cpp	151	Property Depth1.Gain was changed to 30.
 4072160	[INFO]	XnDeviceBase.cpp	1458	Stream 'Depth1' was initialized.
 4072174	[INFO]	XnDeviceBase.cpp	1463	'Depth1' stream was created.
 4072333	[INFO]	XnProperty.cpp	74	Setting Depth1.InputFormat to 3...
 4072361	[INFO]	XnProperty.cpp	151	Property Depth1.InputFormat was changed to 3.
 4072380	[INFO]	XnProperty.cpp	101	Depth1.InputFormat was successfully set.
 4072822	[INFO]	XnProperty.cpp	74	Setting Depth1.RegistrationType to 2...
 4072841	[INFO]	XnProperty.cpp	151	Property Depth1.RegistrationType was changed to 2.
 4072853	[INFO]	XnProperty.cpp	101	Depth1.RegistrationType was successfully set.
 4073310	[INFO]	XnDeviceModule.cpp	431	Module 'Depth1' configuration was loaded from file.
 4073490	[INFO]	XnProperty.cpp	74	Setting Depth1.FPS to 30...
 4073507	[INFO]	XnProperty.cpp	86	Depth1.FPS value did not change.
 4073518	[INFO]	XnProperty.cpp	74	Setting Depth1.YRes to 480...
 4073532	[INFO]	XnProperty.cpp	151	Property Depth1.Resolution was changed to 1.
 4073545	[INFO]	XnProperty.cpp	151	Property Depth1.XRes was changed to 640.
 4073556	[INFO]	XnProperty.cpp	151	Property Depth1.RequiredDataSize was changed to 307200.
 4073570	[INFO]	XnProperty.cpp	151	Property Depth1.YRes was changed to 480.
 4073582	[INFO]	XnProperty.cpp	151	Property Depth1.RequiredDataSize was changed to 614400.
 4073595	[INFO]	XnProperty.cpp	101	Depth1.YRes was successfully set.
 4073607	[INFO]	XnProperty.cpp	74	Setting Depth1.XRes to 640...
 4073618	[INFO]	XnProperty.cpp	86	Depth1.XRes value did not change.
 4073660	[INFO]	XnProperty.cpp	74	Setting Depth1.Mirror to 1...
 4073675	[INFO]	XnProperty.cpp	151	Property Depth1.FirmwareMirror was changed to 1.
 4073724	[INFO]	XnProperty.cpp	151	Property Depth1.Mirror was changed to 1.
 4073736	[INFO]	XnProperty.cpp	101	Depth1.Mirror was successfully set.
 6382380	[INFO]	XnOpenNI.cpp	1261	Creating node 'User1' of type User...
 6405190	[WARNING]	Linux-x86Threads.cpp	173	Failed to set thread priority: Invalid argument
 6405234	[WARNING]	XnUSBLinux-x86.cpp	126	USB events thread: Failed to set thread priority to critical. This might cause loss of data...
 6406076	[INFO]	XnUSBLinux-x86.cpp	1222	USB read thread was started.
 6406102	[INFO]	XnProperty.cpp	151	Property Depth1.ActualReadData was changed to 1.
 6876681	[INFO]	XnProperty.cpp	151	Property Depth1.State was changed to 1.
 6876724	[INFO]	XnDeviceBase.cpp	370	Stream Depth1 is open.
 7473998	[WARNING]	XnDepthProcessor.cpp	133	Read: Depth buffer is corrupt. Size is 601600 (!= 614400)
 7474041	[WARNING]	XnFrameStreamProcessor.cpp	132	Depth frame is corrupt!
 9686996	[INFO]	XnOpenNI.cpp	1261	Creating node 'Image1' of type Image...
 9687046	[INFO]	XnDeviceBase.cpp	1383	Creating stream 'Image1' of type 'Image'...
 9687231	[INFO]	XnProperty.cpp	151	Property Image1.Resolution was changed to 0.
 9687249	[INFO]	XnProperty.cpp	151	Property Image1.XRes was changed to 320.
 9687262	[INFO]	XnProperty.cpp	151	Property Image1.YRes was changed to 240.
 9687273	[INFO]	XnProperty.cpp	151	Property Image1.FPS was changed to 30.
 9687285	[INFO]	XnProperty.cpp	151	Property Image1.OutputFormat was changed to 5.
 9687296	[INFO]	XnProperty.cpp	151	Property Image1.BytesPerPixel was changed to 3.
 9687309	[INFO]	XnProperty.cpp	151	Property Image1.RequiredDataSize was changed to 230400.
 9687336	[INFO]	XnDeviceBase.cpp	1458	Stream 'Image1' was initialized.
 9687350	[INFO]	XnDeviceBase.cpp	1463	'Image1' stream was created.
 9687459	[INFO]	XnProperty.cpp	74	Setting Image1.InputFormat to 6...
 9687479	[INFO]	XnProperty.cpp	151	Property Image1.InputFormat was changed to 6.
 9687492	[INFO]	XnProperty.cpp	101	Image1.InputFormat was successfully set.
 9687905	[INFO]	XnDeviceModule.cpp	431	Module 'Image1' configuration was loaded from file.
 9687987	[INFO]	XnProperty.cpp	74	Setting Image1.FPS to 30...
 9688003	[INFO]	XnProperty.cpp	86	Image1.FPS value did not change.
 9688014	[INFO]	XnProperty.cpp	74	Setting Image1.YRes to 480...
 9688027	[INFO]	XnProperty.cpp	151	Property Image1.Resolution was changed to 1.
 9688039	[INFO]	XnProperty.cpp	151	Property Image1.XRes was changed to 640.
 9688051	[INFO]	XnProperty.cpp	151	Property Image1.RequiredDataSize was changed to 460800.
 9688064	[INFO]	XnProperty.cpp	151	Property Image1.YRes was changed to 480.
 9688076	[INFO]	XnProperty.cpp	151	Property Image1.RequiredDataSize was changed to 921600.
 9688088	[INFO]	XnProperty.cpp	101	Image1.YRes was successfully set.
 9688100	[INFO]	XnProperty.cpp	74	Setting Image1.XRes to 640...
 9688111	[INFO]	XnProperty.cpp	86	Image1.XRes value did not change.
 9688938	[INFO]	XnUSBLinux-x86.cpp	1222	USB read thread was started.
 9688977	[INFO]	XnProperty.cpp	151	Property Image1.ActualReadData was changed to 1.
 9877998	[WARNING]	XnDepthProcessor.cpp	133	Read: Depth buffer is corrupt. Size is 519808 (!= 614400)
 9878046	[WARNING]	XnFrameStreamProcessor.cpp	132	Depth frame is corrupt!
12778088	[WARNING]	XnDepthProcessor.cpp	133	Read: Depth buffer is corrupt. Size is 564336 (!= 614400)
12778135	[WARNING]	XnFrameStreamProcessor.cpp	132	Depth frame is corrupt!
12889281	[INFO]	XnProperty.cpp	151	Property Image1.State was changed to 1.
12889327	[INFO]	XnDeviceBase.cpp	370	Stream Image1 is open.
12889526	[INFO]	XnProperty.cpp	74	Setting Depth1.Registration to 1...
12914020	[WARNING]	XnDepthProcessor.cpp	133	Read: Depth buffer is corrupt. Size is 580544 (!= 614400)
12914074	[WARNING]	XnFrameStreamProcessor.cpp	132	Depth frame is corrupt!
13041278	[INFO]	XnProperty.cpp	151	Property Depth1.Registration was changed to 1.
13041321	[INFO]	XnProperty.cpp	101	Depth1.Registration was successfully set.
13041367	[INFO]	XnProperty.cpp	74	Setting Image1.Mirror to 1...
13053753	[INFO]	XnProperty.cpp	151	Property Image1.FirmwareMirror was changed to 1.
13053853	[INFO]	XnProperty.cpp	151	Property Image1.Mirror was changed to 1.
13053866	[INFO]	XnProperty.cpp	101	Image1.Mirror was successfully set.
77638947	[INFO]	XnOpenNI.cpp	1459	Destroying node 'User1'
77646546	[INFO]	XnOpenNI.cpp	1459	Destroying node 'Depth1'
77646638	[INFO]	XnDeviceBase.cpp	1507	Destroying stream 'Depth1'...
77648191	[INFO]	XnOpenNI.cpp	1459	Destroying node 'Image1'
77648260	[INFO]	XnDeviceBase.cpp	1507	Destroying stream 'Image1'...
77649215	[INFO]	XnOpenNI.cpp	1459	Destroying node 'Device1'
