    1793	[INFO]	XnLog.cpp	165	OpenNI version is 1.0.0 (Build 25)-MacOSX (Jan  7 2011 14:20:18)
    1851	[INFO]	XnLog.cpp	173	Log system initialized. Console: 1, File: 1, Severity: INFO, Masks: ALL
    1883	[INFO]	XnLog.cpp	173	Log system initialized. Console: 1, File: 1, Severity: INFO, Masks: ALL
    3215	[INFO]	XnUSBLinux-x86.cpp	98	USB is initialized.
 1110217	[INFO]	XnOpenNI.cpp	1261	Creating node 'Device1' of type Device...
 1111270	[INFO]	XnDeviceModule.cpp	431	Module 'Device' configuration was loaded from file.
 1261497	[INFO]	XnDeviceSensorIO.cpp	135	Connected to USB device
 1261548	[INFO]	XnProperty.cpp	151	Property Device.USBPath was changed to 045e/02ae@253/8.
 1268540	[INFO]	XnHostProtocol.cpp	825	Hardware versions: FW=5.1.4 (7) HW=4 Chip=2 Sensor=4 SYS=7
 2682230	[INFO]	XnProperty.cpp	151	Property Device.ID was changed to 0.
 2682291	[INFO]	XnSensor.cpp	182	Device sensor initialized
 2682397	[INFO]	XnOpenNI.cpp	1261	Creating node 'Depth1' of type Depth...
 2682449	[INFO]	XnDeviceBase.cpp	1383	Creating stream 'Depth1' of type 'Depth'...
 2682472	[INFO]	XnProperty.cpp	74	Setting Device.ReadData to 1...
 2682517	[INFO]	XnDeviceSensorIO.cpp	298	Endpoints open
 2695044	[INFO]	XnProperty.cpp	151	Property Device.ReadData was changed to 1.
 2695090	[INFO]	XnProperty.cpp	101	Device.ReadData was successfully set.
 2695466	[INFO]	XnProperty.cpp	151	Property Depth1.Resolution was changed to 0.
 2695488	[INFO]	XnProperty.cpp	151	Property Depth1.XRes was changed to 320.
 2695501	[INFO]	XnProperty.cpp	151	Property Depth1.YRes was changed to 240.
 2695513	[INFO]	XnProperty.cpp	151	Property Depth1.FPS was changed to 30.
 2695524	[INFO]	XnProperty.cpp	151	Property Depth1.OutputFormat was changed to 1.
 2695535	[INFO]	XnProperty.cpp	151	Property Depth1.BytesPerPixel was changed to 2.
 2695547	[INFO]	XnProperty.cpp	151	Property Depth1.RequiredDataSize was changed to 153600.
 2695563	[INFO]	XnProperty.cpp	151	Property Depth1.ParamCoeff was changed to 4.
 2695624	[INFO]	XnProperty.cpp	151	Property Depth1.ShiftScale was changed to 10.
 2708116	[INFO]	XnProperty.cpp	151	Property Depth1.ConstShift was changed to 200.
 2708214	[INFO]	XnProperty.cpp	151	Property Depth1.ZPD was changed to 120.
 2708311	[INFO]	XnProperty.cpp	151	Property Depth1.ZPPS was changed to 0.104200.
 2708326	[INFO]	XnProperty.cpp	151	Property Depth1.LDDIS was changed to 7.500000.
 2708416	[INFO]	XnProperty.cpp	151	Property Depth1.Gain was changed to 30.
 2708448	[INFO]	XnDeviceBase.cpp	1458	Stream 'Depth1' was initialized.
 2708462	[INFO]	XnDeviceBase.cpp	1463	'Depth1' stream was created.
 2708623	[INFO]	XnProperty.cpp	74	Setting Depth1.InputFormat to 3...
 2708645	[INFO]	XnProperty.cpp	151	Property Depth1.InputFormat was changed to 3.
 2708657	[INFO]	XnProperty.cpp	101	Depth1.InputFormat was successfully set.
 2709089	[INFO]	XnProperty.cpp	74	Setting Depth1.RegistrationType to 2...
 2709104	[INFO]	XnProperty.cpp	151	Property Depth1.RegistrationType was changed to 2.
 2709116	[INFO]	XnProperty.cpp	101	Depth1.RegistrationType was successfully set.
 2709738	[INFO]	XnDeviceModule.cpp	431	Module 'Depth1' configuration was loaded from file.
 2709973	[INFO]	XnProperty.cpp	74	Setting Depth1.FPS to 30...
 2709997	[INFO]	XnProperty.cpp	86	Depth1.FPS value did not change.
 2710017	[INFO]	XnProperty.cpp	74	Setting Depth1.YRes to 480...
 2710040	[INFO]	XnProperty.cpp	151	Property Depth1.Resolution was changed to 1.
 2710061	[INFO]	XnProperty.cpp	151	Property Depth1.XRes was changed to 640.
 2710080	[INFO]	XnProperty.cpp	151	Property Depth1.RequiredDataSize was changed to 307200.
 2710103	[INFO]	XnProperty.cpp	151	Property Depth1.YRes was changed to 480.
 2710121	[INFO]	XnProperty.cpp	151	Property Depth1.RequiredDataSize was changed to 614400.
 2710143	[INFO]	XnProperty.cpp	101	Depth1.YRes was successfully set.
 2710163	[INFO]	XnProperty.cpp	74	Setting Depth1.XRes to 640...
 2710178	[INFO]	XnProperty.cpp	86	Depth1.XRes value did not change.
 2710236	[INFO]	XnProperty.cpp	74	Setting Depth1.Mirror to 1...
 2710262	[INFO]	XnProperty.cpp	151	Property Depth1.FirmwareMirror was changed to 1.
 2710324	[INFO]	XnProperty.cpp	151	Property Depth1.Mirror was changed to 1.
 2710344	[INFO]	XnProperty.cpp	101	Depth1.Mirror was successfully set.
 3813878	[INFO]	XnOpenNI.cpp	1261	Creating node 'User1' of type User...
 3837906	[WARNING]	Linux-x86Threads.cpp	173	Failed to set thread priority: Invalid argument
 3837950	[WARNING]	XnUSBLinux-x86.cpp	126	USB events thread: Failed to set thread priority to critical. This might cause loss of data...
 3838699	[INFO]	XnUSBLinux-x86.cpp	1222	USB read thread was started.
 3838722	[INFO]	XnProperty.cpp	151	Property Depth1.ActualReadData was changed to 1.
 4309327	[INFO]	XnProperty.cpp	151	Property Depth1.State was changed to 1.
 4309370	[INFO]	XnDeviceBase.cpp	370	Stream Depth1 is open.
 5400428	[INFO]	XnOpenNI.cpp	1261	Creating node 'Image1' of type Image...
 5400475	[INFO]	XnDeviceBase.cpp	1383	Creating stream 'Image1' of type 'Image'...
 5400646	[INFO]	XnProperty.cpp	151	Property Image1.Resolution was changed to 0.
 5400665	[INFO]	XnProperty.cpp	151	Property Image1.XRes was changed to 320.
 5400678	[INFO]	XnProperty.cpp	151	Property Image1.YRes was changed to 240.
 5400690	[INFO]	XnProperty.cpp	151	Property Image1.FPS was changed to 30.
 5400701	[INFO]	XnProperty.cpp	151	Property Image1.OutputFormat was changed to 5.
 5400713	[INFO]	XnProperty.cpp	151	Property Image1.BytesPerPixel was changed to 3.
 5400726	[INFO]	XnProperty.cpp	151	Property Image1.RequiredDataSize was changed to 230400.
 5400755	[INFO]	XnDeviceBase.cpp	1458	Stream 'Image1' was initialized.
 5400768	[INFO]	XnDeviceBase.cpp	1463	'Image1' stream was created.
 5400881	[INFO]	XnProperty.cpp	74	Setting Image1.InputFormat to 6...
 5400907	[INFO]	XnProperty.cpp	151	Property Image1.InputFormat was changed to 6.
 5400924	[INFO]	XnProperty.cpp	101	Image1.InputFormat was successfully set.
 5401464	[INFO]	XnDeviceModule.cpp	431	Module 'Image1' configuration was loaded from file.
 5401583	[INFO]	XnProperty.cpp	74	Setting Image1.FPS to 30...
 5401611	[INFO]	XnProperty.cpp	86	Image1.FPS value did not change.
 5401631	[INFO]	XnProperty.cpp	74	Setting Image1.YRes to 480...
 5401650	[INFO]	XnProperty.cpp	151	Property Image1.Resolution was changed to 1.
 5401669	[INFO]	XnProperty.cpp	151	Property Image1.XRes was changed to 640.
 5401689	[INFO]	XnProperty.cpp	151	Property Image1.RequiredDataSize was changed to 460800.
 5401713	[INFO]	XnProperty.cpp	151	Property Image1.YRes was changed to 480.
 5401735	[INFO]	XnProperty.cpp	151	Property Image1.RequiredDataSize was changed to 921600.
 5401756	[INFO]	XnProperty.cpp	101	Image1.YRes was successfully set.
 5401778	[INFO]	XnProperty.cpp	74	Setting Image1.XRes to 640...
 5401796	[INFO]	XnProperty.cpp	86	Image1.XRes value did not change.
 5402957	[INFO]	XnUSBLinux-x86.cpp	1222	USB read thread was started.
 5403014	[INFO]	XnProperty.cpp	151	Property Image1.ActualReadData was changed to 1.
 5474278	[WARNING]	XnDepthProcessor.cpp	133	Read: Depth buffer is corrupt. Size is 600128 (!= 614400)
 5474326	[WARNING]	XnFrameStreamProcessor.cpp	132	Depth frame is corrupt!
 5574284	[WARNING]	XnDepthProcessor.cpp	133	Read: Depth buffer is corrupt. Size is 550128 (!= 614400)
 5574331	[WARNING]	XnFrameStreamProcessor.cpp	132	Depth frame is corrupt!
 5606313	[WARNING]	XnDepthProcessor.cpp	133	Read: Depth buffer is corrupt. Size is 572288 (!= 614400)
 5606360	[WARNING]	XnFrameStreamProcessor.cpp	132	Depth frame is corrupt!
 8510292	[WARNING]	XnDepthProcessor.cpp	133	Read: Depth buffer is corrupt. Size is 594752 (!= 614400)
 8510342	[WARNING]	XnFrameStreamProcessor.cpp	132	Depth frame is corrupt!
 8604000	[INFO]	XnProperty.cpp	151	Property Image1.State was changed to 1.
 8604043	[INFO]	XnDeviceBase.cpp	370	Stream Image1 is open.
 8604249	[INFO]	XnProperty.cpp	74	Setting Depth1.Registration to 1...
 8756246	[INFO]	XnProperty.cpp	151	Property Depth1.Registration was changed to 1.
 8756288	[INFO]	XnProperty.cpp	101	Depth1.Registration was successfully set.
 8756334	[INFO]	XnProperty.cpp	74	Setting Image1.Mirror to 1...
 8768881	[INFO]	XnProperty.cpp	151	Property Image1.FirmwareMirror was changed to 1.
 8768958	[INFO]	XnProperty.cpp	151	Property Image1.Mirror was changed to 1.
 8768971	[INFO]	XnProperty.cpp	101	Image1.Mirror was successfully set.
109410717	[INFO]	XnOpenNI.cpp	1459	Destroying node 'User1'
109418992	[INFO]	XnOpenNI.cpp	1459	Destroying node 'Depth1'
109419085	[INFO]	XnDeviceBase.cpp	1507	Destroying stream 'Depth1'...
109420469	[INFO]	XnOpenNI.cpp	1459	Destroying node 'Image1'
109420530	[INFO]	XnDeviceBase.cpp	1507	Destroying stream 'Image1'...
109421599	[INFO]	XnOpenNI.cpp	1459	Destroying node 'Device1'
