    1630	[INFO]	XnLog.cpp	165	OpenNI version is 1.0.0 (Build 25)-MacOSX (Jan  7 2011 14:20:18)
    1671	[INFO]	XnLog.cpp	173	Log system initialized. Console: 1, File: 1, Severity: INFO, Masks: ALL
    1694	[INFO]	XnLog.cpp	173	Log system initialized. Console: 1, File: 1, Severity: INFO, Masks: ALL
    2928	[INFO]	XnUSBLinux-x86.cpp	98	USB is initialized.
 1995452	[INFO]	XnOpenNI.cpp	1261	Creating node 'Device1' of type Device...
 1996469	[INFO]	XnDeviceModule.cpp	431	Module 'Device' configuration was loaded from file.
 2256567	[INFO]	XnDeviceSensorIO.cpp	135	Connected to USB device
 2256610	[INFO]	XnProperty.cpp	151	Property Device.USBPath was changed to 045e/02ae@253/8.
 2263636	[INFO]	XnHostProtocol.cpp	825	Hardware versions: FW=5.1.4 (7) HW=4 Chip=2 Sensor=4 SYS=7
 3672326	[INFO]	XnProperty.cpp	151	Property Device.ID was changed to 0.
 3672414	[INFO]	XnSensor.cpp	182	Device sensor initialized
 3672554	[INFO]	XnOpenNI.cpp	1261	Creating node 'Depth1' of type Depth...
 3672605	[INFO]	XnDeviceBase.cpp	1383	Creating stream 'Depth1' of type 'Depth'...
 3672632	[INFO]	XnProperty.cpp	74	Setting Device.ReadData to 1...
 3672675	[INFO]	XnDeviceSensorIO.cpp	298	Endpoints open
 3685120	[INFO]	XnProperty.cpp	151	Property Device.ReadData was changed to 1.
 3685165	[INFO]	XnProperty.cpp	101	Device.ReadData was successfully set.
 3685535	[INFO]	XnProperty.cpp	151	Property Depth1.Resolution was changed to 0.
 3685559	[INFO]	XnProperty.cpp	151	Property Depth1.XRes was changed to 320.
 3685580	[INFO]	XnProperty.cpp	151	Property Depth1.YRes was changed to 240.
 3685599	[INFO]	XnProperty.cpp	151	Property Depth1.FPS was changed to 30.
 3685619	[INFO]	XnProperty.cpp	151	Property Depth1.OutputFormat was changed to 1.
 3685638	[INFO]	XnProperty.cpp	151	Property Depth1.BytesPerPixel was changed to 2.
 3685657	[INFO]	XnProperty.cpp	151	Property Depth1.RequiredDataSize was changed to 153600.
 3685681	[INFO]	XnProperty.cpp	151	Property Depth1.ParamCoeff was changed to 4.
 3685747	[INFO]	XnProperty.cpp	151	Property Depth1.ShiftScale was changed to 10.
 3698150	[INFO]	XnProperty.cpp	151	Property Depth1.ConstShift was changed to 200.
 3698254	[INFO]	XnProperty.cpp	151	Property Depth1.ZPD was changed to 120.
 3698374	[INFO]	XnProperty.cpp	151	Property Depth1.ZPPS was changed to 0.104200.
 3698397	[INFO]	XnProperty.cpp	151	Property Depth1.LDDIS was changed to 7.500000.
 3698514	[INFO]	XnProperty.cpp	151	Property Depth1.Gain was changed to 30.
 3698556	[INFO]	XnDeviceBase.cpp	1458	Stream 'Depth1' was initialized.
 3698577	[INFO]	XnDeviceBase.cpp	1463	'Depth1' stream was created.
 3698739	[INFO]	XnProperty.cpp	74	Setting Depth1.InputFormat to 3...
 3698765	[INFO]	XnProperty.cpp	151	Property Depth1.InputFormat was changed to 3.
 3698784	[INFO]	XnProperty.cpp	101	Depth1.InputFormat was successfully set.
 3699595	[INFO]	XnProperty.cpp	74	Setting Depth1.RegistrationType to 2...
 3699630	[INFO]	XnProperty.cpp	151	Property Depth1.RegistrationType was changed to 2.
 3699649	[INFO]	XnProperty.cpp	101	Depth1.RegistrationType was successfully set.
 3700396	[INFO]	XnDeviceModule.cpp	431	Module 'Depth1' configuration was loaded from file.
 3700671	[INFO]	XnProperty.cpp	74	Setting Depth1.FPS to 30...
 3700695	[INFO]	XnProperty.cpp	86	Depth1.FPS value did not change.
 3700710	[INFO]	XnProperty.cpp	74	Setting Depth1.YRes to 480...
 3700728	[INFO]	XnProperty.cpp	151	Property Depth1.Resolution was changed to 1.
 3700745	[INFO]	XnProperty.cpp	151	Property Depth1.XRes was changed to 640.
 3700763	[INFO]	XnProperty.cpp	151	Property Depth1.RequiredDataSize was changed to 307200.
 3700782	[INFO]	XnProperty.cpp	151	Property Depth1.YRes was changed to 480.
 3700798	[INFO]	XnProperty.cpp	151	Property Depth1.RequiredDataSize was changed to 614400.
 3700816	[INFO]	XnProperty.cpp	101	Depth1.YRes was successfully set.
 3700832	[INFO]	XnProperty.cpp	74	Setting Depth1.XRes to 640...
 3700846	[INFO]	XnProperty.cpp	86	Depth1.XRes value did not change.
 3700903	[INFO]	XnProperty.cpp	74	Setting Depth1.Mirror to 1...
 3700924	[INFO]	XnProperty.cpp	151	Property Depth1.FirmwareMirror was changed to 1.
 3700977	[INFO]	XnProperty.cpp	151	Property Depth1.Mirror was changed to 1.
 3700994	[INFO]	XnProperty.cpp	101	Depth1.Mirror was successfully set.
 5693957	[INFO]	XnOpenNI.cpp	1261	Creating node 'User1' of type User...
 5717359	[WARNING]	Linux-x86Threads.cpp	173	Failed to set thread priority: Invalid argument
 5717405	[WARNING]	XnUSBLinux-x86.cpp	126	USB events thread: Failed to set thread priority to critical. This might cause loss of data...
 5718194	[INFO]	XnUSBLinux-x86.cpp	1222	USB read thread was started.
 5718219	[INFO]	XnProperty.cpp	151	Property Depth1.ActualReadData was changed to 1.
 6188578	[INFO]	XnProperty.cpp	151	Property Depth1.State was changed to 1.
 6188629	[INFO]	XnDeviceBase.cpp	370	Stream Depth1 is open.
 8167376	[INFO]	XnOpenNI.cpp	1261	Creating node 'Image1' of type Image...
 8167422	[INFO]	XnDeviceBase.cpp	1383	Creating stream 'Image1' of type 'Image'...
 8167649	[INFO]	XnProperty.cpp	151	Property Image1.Resolution was changed to 0.
 8167669	[INFO]	XnProperty.cpp	151	Property Image1.XRes was changed to 320.
 8167683	[INFO]	XnProperty.cpp	151	Property Image1.YRes was changed to 240.
 8167694	[INFO]	XnProperty.cpp	151	Property Image1.FPS was changed to 30.
 8167705	[INFO]	XnProperty.cpp	151	Property Image1.OutputFormat was changed to 5.
 8167717	[INFO]	XnProperty.cpp	151	Property Image1.BytesPerPixel was changed to 3.
 8167729	[INFO]	XnProperty.cpp	151	Property Image1.RequiredDataSize was changed to 230400.
 8167757	[INFO]	XnDeviceBase.cpp	1458	Stream 'Image1' was initialized.
 8167772	[INFO]	XnDeviceBase.cpp	1463	'Image1' stream was created.
 8167875	[INFO]	XnProperty.cpp	74	Setting Image1.InputFormat to 6...
 8167895	[INFO]	XnProperty.cpp	151	Property Image1.InputFormat was changed to 6.
 8167908	[INFO]	XnProperty.cpp	101	Image1.InputFormat was successfully set.
 8168313	[INFO]	XnDeviceModule.cpp	431	Module 'Image1' configuration was loaded from file.
 8168401	[INFO]	XnProperty.cpp	74	Setting Image1.FPS to 30...
 8168417	[INFO]	XnProperty.cpp	86	Image1.FPS value did not change.
 8168428	[INFO]	XnProperty.cpp	74	Setting Image1.YRes to 480...
 8168440	[INFO]	XnProperty.cpp	151	Property Image1.Resolution was changed to 1.
 8168453	[INFO]	XnProperty.cpp	151	Property Image1.XRes was changed to 640.
 8168465	[INFO]	XnProperty.cpp	151	Property Image1.RequiredDataSize was changed to 460800.
 8168478	[INFO]	XnProperty.cpp	151	Property Image1.YRes was changed to 480.
 8168490	[INFO]	XnProperty.cpp	151	Property Image1.RequiredDataSize was changed to 921600.
 8168512	[INFO]	XnProperty.cpp	101	Image1.YRes was successfully set.
 8168530	[INFO]	XnProperty.cpp	74	Setting Image1.XRes to 640...
 8168547	[INFO]	XnProperty.cpp	86	Image1.XRes value did not change.
 8169466	[INFO]	XnUSBLinux-x86.cpp	1222	USB read thread was started.
 8169515	[INFO]	XnProperty.cpp	151	Property Image1.ActualReadData was changed to 1.
 8333804	[WARNING]	XnFirmwareStreams.cpp	324	Unknown packet type (0x4847)!!!
 8337757	[WARNING]	XnFirmwareStreams.cpp	324	Unknown packet type (0x4847)!!!
 8353765	[WARNING]	XnDepthProcessor.cpp	133	Read: Depth buffer is corrupt. Size is 513712 (!= 614400)
 8353811	[WARNING]	XnFrameStreamProcessor.cpp	132	Depth frame is corrupt!
11369895	[INFO]	XnProperty.cpp	151	Property Image1.State was changed to 1.
11369951	[INFO]	XnDeviceBase.cpp	370	Stream Image1 is open.
11370170	[INFO]	XnProperty.cpp	74	Setting Depth1.Registration to 1...
11389839	[WARNING]	XnDepthProcessor.cpp	133	Read: Depth buffer is corrupt. Size is 596304 (!= 614400)
11389886	[WARNING]	XnFrameStreamProcessor.cpp	132	Depth frame is corrupt!
11522506	[INFO]	XnProperty.cpp	151	Property Depth1.Registration was changed to 1.
11522547	[INFO]	XnProperty.cpp	101	Depth1.Registration was successfully set.
11522595	[INFO]	XnProperty.cpp	74	Setting Image1.Mirror to 1...
11534922	[INFO]	XnProperty.cpp	151	Property Image1.FirmwareMirror was changed to 1.
11534964	[INFO]	XnProperty.cpp	151	Property Image1.Mirror was changed to 1.
11534977	[INFO]	XnProperty.cpp	101	Image1.Mirror was successfully set.
21025268	[INFO]	XnOpenNI.cpp	1459	Destroying node 'User1'
21034393	[INFO]	XnOpenNI.cpp	1459	Destroying node 'Depth1'
21034487	[INFO]	XnDeviceBase.cpp	1507	Destroying stream 'Depth1'...
21035609	[INFO]	XnOpenNI.cpp	1459	Destroying node 'Image1'
21035660	[INFO]	XnDeviceBase.cpp	1507	Destroying stream 'Image1'...
21036618	[INFO]	XnOpenNI.cpp	1459	Destroying node 'Device1'
