    1375	[INFO]	XnLog.cpp	165	OpenNI version is 1.0.0 (Build 25)-MacOSX (Jan  7 2011 14:20:18)
    1419	[INFO]	XnLog.cpp	173	Log system initialized. Console: 1, File: 1, Severity: INFO, Masks: ALL
    1443	[INFO]	XnLog.cpp	173	Log system initialized. Console: 1, File: 1, Severity: INFO, Masks: ALL
    2709	[INFO]	XnUSBLinux-x86.cpp	98	USB is initialized.
 4496956	[INFO]	XnOpenNI.cpp	1261	Creating node 'Device1' of type Device...
 4497708	[INFO]	XnDeviceModule.cpp	431	Module 'Device' configuration was loaded from file.
 5156271	[INFO]	XnDeviceSensorIO.cpp	135	Connected to USB device
 5156323	[INFO]	XnProperty.cpp	151	Property Device.USBPath was changed to 045e/02ae@253/8.
 5163899	[INFO]	XnHostProtocol.cpp	825	Hardware versions: FW=5.1.4 (7) HW=4 Chip=2 Sensor=4 SYS=7
 6573498	[INFO]	XnProperty.cpp	151	Property Device.ID was changed to 0.
 6573557	[INFO]	XnSensor.cpp	182	Device sensor initialized
 6573654	[INFO]	XnOpenNI.cpp	1261	Creating node 'Depth1' of type Depth...
 6573703	[INFO]	XnDeviceBase.cpp	1383	Creating stream 'Depth1' of type 'Depth'...
 6573726	[INFO]	XnProperty.cpp	74	Setting Device.ReadData to 1...
 6573766	[INFO]	XnDeviceSensorIO.cpp	298	Endpoints open
 6586284	[INFO]	XnProperty.cpp	151	Property Device.ReadData was changed to 1.
 6586327	[INFO]	XnProperty.cpp	101	Device.ReadData was successfully set.
 6586710	[INFO]	XnProperty.cpp	151	Property Depth1.Resolution was changed to 0.
 6586729	[INFO]	XnProperty.cpp	151	Property Depth1.XRes was changed to 320.
 6586746	[INFO]	XnProperty.cpp	151	Property Depth1.YRes was changed to 240.
 6586765	[INFO]	XnProperty.cpp	151	Property Depth1.FPS was changed to 30.
 6586784	[INFO]	XnProperty.cpp	151	Property Depth1.OutputFormat was changed to 1.
 6586808	[INFO]	XnProperty.cpp	151	Property Depth1.BytesPerPixel was changed to 2.
 6586827	[INFO]	XnProperty.cpp	151	Property Depth1.RequiredDataSize was changed to 153600.
 6586852	[INFO]	XnProperty.cpp	151	Property Depth1.ParamCoeff was changed to 4.
 6586919	[INFO]	XnProperty.cpp	151	Property Depth1.ShiftScale was changed to 10.
 6599549	[INFO]	XnProperty.cpp	151	Property Depth1.ConstShift was changed to 200.
 6599636	[INFO]	XnProperty.cpp	151	Property Depth1.ZPD was changed to 120.
 6599732	[INFO]	XnProperty.cpp	151	Property Depth1.ZPPS was changed to 0.104200.
 6599746	[INFO]	XnProperty.cpp	151	Property Depth1.LDDIS was changed to 7.500000.
 6599839	[INFO]	XnProperty.cpp	151	Property Depth1.Gain was changed to 30.
 6599871	[INFO]	XnDeviceBase.cpp	1458	Stream 'Depth1' was initialized.
 6599886	[INFO]	XnDeviceBase.cpp	1463	'Depth1' stream was created.
 6600031	[INFO]	XnProperty.cpp	74	Setting Depth1.InputFormat to 3...
 6600051	[INFO]	XnProperty.cpp	151	Property Depth1.InputFormat was changed to 3.
 6600064	[INFO]	XnProperty.cpp	101	Depth1.InputFormat was successfully set.
 6600493	[INFO]	XnProperty.cpp	74	Setting Depth1.RegistrationType to 2...
 6600508	[INFO]	XnProperty.cpp	151	Property Depth1.RegistrationType was changed to 2.
 6600520	[INFO]	XnProperty.cpp	101	Depth1.RegistrationType was successfully set.
 6600996	[INFO]	XnDeviceModule.cpp	431	Module 'Depth1' configuration was loaded from file.
 6601169	[INFO]	XnProperty.cpp	74	Setting Depth1.FPS to 30...
 6601187	[INFO]	XnProperty.cpp	86	Depth1.FPS value did not change.
 6601198	[INFO]	XnProperty.cpp	74	Setting Depth1.YRes to 480...
 6601214	[INFO]	XnProperty.cpp	151	Property Depth1.Resolution was changed to 1.
 6601232	[INFO]	XnProperty.cpp	151	Property Depth1.XRes was changed to 640.
 6601252	[INFO]	XnProperty.cpp	151	Property Depth1.RequiredDataSize was changed to 307200.
 6601274	[INFO]	XnProperty.cpp	151	Property Depth1.YRes was changed to 480.
 6601292	[INFO]	XnProperty.cpp	151	Property Depth1.RequiredDataSize was changed to 614400.
 6601311	[INFO]	XnProperty.cpp	101	Depth1.YRes was successfully set.
 6601331	[INFO]	XnProperty.cpp	74	Setting Depth1.XRes to 640...
 6601348	[INFO]	XnProperty.cpp	86	Depth1.XRes value did not change.
 6601403	[INFO]	XnProperty.cpp	74	Setting Depth1.Mirror to 1...
 6601423	[INFO]	XnProperty.cpp	151	Property Depth1.FirmwareMirror was changed to 1.
 6601475	[INFO]	XnProperty.cpp	151	Property Depth1.Mirror was changed to 1.
 6601494	[INFO]	XnProperty.cpp	101	Depth1.Mirror was successfully set.
12638164	[INFO]	XnOpenNI.cpp	1261	Creating node 'User1' of type User...
12663456	[WARNING]	Linux-x86Threads.cpp	173	Failed to set thread priority: Invalid argument
12663500	[WARNING]	XnUSBLinux-x86.cpp	126	USB events thread: Failed to set thread priority to critical. This might cause loss of data...
12664248	[INFO]	XnUSBLinux-x86.cpp	1222	USB read thread was started.
12664273	[INFO]	XnProperty.cpp	151	Property Depth1.ActualReadData was changed to 1.
13134361	[INFO]	XnProperty.cpp	151	Property Depth1.State was changed to 1.
13134402	[INFO]	XnDeviceBase.cpp	370	Stream Depth1 is open.
19133624	[INFO]	XnOpenNI.cpp	1261	Creating node 'Image1' of type Image...
19133674	[INFO]	XnDeviceBase.cpp	1383	Creating stream 'Image1' of type 'Image'...
19133869	[INFO]	XnProperty.cpp	151	Property Image1.Resolution was changed to 0.
19133888	[INFO]	XnProperty.cpp	151	Property Image1.XRes was changed to 320.
19133901	[INFO]	XnProperty.cpp	151	Property Image1.YRes was changed to 240.
19133913	[INFO]	XnProperty.cpp	151	Property Image1.FPS was changed to 30.
19133924	[INFO]	XnProperty.cpp	151	Property Image1.OutputFormat was changed to 5.
19133936	[INFO]	XnProperty.cpp	151	Property Image1.BytesPerPixel was changed to 3.
19133948	[INFO]	XnProperty.cpp	151	Property Image1.RequiredDataSize was changed to 230400.
19133977	[INFO]	XnDeviceBase.cpp	1458	Stream 'Image1' was initialized.
19133990	[INFO]	XnDeviceBase.cpp	1463	'Image1' stream was created.
19134088	[INFO]	XnProperty.cpp	74	Setting Image1.InputFormat to 6...
19134107	[INFO]	XnProperty.cpp	151	Property Image1.InputFormat was changed to 6.
19134120	[INFO]	XnProperty.cpp	101	Image1.InputFormat was successfully set.
19134526	[INFO]	XnDeviceModule.cpp	431	Module 'Image1' configuration was loaded from file.
19134650	[INFO]	XnProperty.cpp	74	Setting Image1.FPS to 30...
19134676	[INFO]	XnProperty.cpp	86	Image1.FPS value did not change.
19134696	[INFO]	XnProperty.cpp	74	Setting Image1.YRes to 480...
19134716	[INFO]	XnProperty.cpp	151	Property Image1.Resolution was changed to 1.
19134748	[INFO]	XnProperty.cpp	151	Property Image1.XRes was changed to 640.
19134768	[INFO]	XnProperty.cpp	151	Property Image1.RequiredDataSize was changed to 460800.
19134786	[INFO]	XnProperty.cpp	151	Property Image1.YRes was changed to 480.
19134802	[INFO]	XnProperty.cpp	151	Property Image1.RequiredDataSize was changed to 921600.
19134818	[INFO]	XnProperty.cpp	101	Image1.YRes was successfully set.
19134834	[INFO]	XnProperty.cpp	74	Setting Image1.XRes to 640...
19134849	[INFO]	XnProperty.cpp	86	Image1.XRes value did not change.
19135892	[INFO]	XnUSBLinux-x86.cpp	1222	USB read thread was started.
19135947	[INFO]	XnProperty.cpp	151	Property Image1.ActualReadData was changed to 1.
19303890	[WARNING]	XnDepthProcessor.cpp	133	Read: Depth buffer is corrupt. Size is 568768 (!= 614400)
19303938	[WARNING]	XnFrameStreamProcessor.cpp	132	Depth frame is corrupt!
19339859	[WARNING]	XnDepthProcessor.cpp	133	Read: Depth buffer is corrupt. Size is 567296 (!= 614400)
19339910	[WARNING]	XnFrameStreamProcessor.cpp	132	Depth frame is corrupt!
22207928	[WARNING]	XnDepthProcessor.cpp	133	Read: Depth buffer is corrupt. Size is 599184 (!= 614400)
22207976	[WARNING]	XnFrameStreamProcessor.cpp	132	Depth frame is corrupt!
22239928	[WARNING]	XnDepthProcessor.cpp	133	Read: Depth buffer is corrupt. Size is 594592 (!= 614400)
22239989	[WARNING]	XnFrameStreamProcessor.cpp	132	Depth frame is corrupt!
22336604	[INFO]	XnProperty.cpp	151	Property Image1.State was changed to 1.
22336646	[INFO]	XnDeviceBase.cpp	370	Stream Image1 is open.
22336823	[INFO]	XnProperty.cpp	74	Setting Depth1.Registration to 1...
22375872	[WARNING]	XnDepthProcessor.cpp	133	Read: Depth buffer is corrupt. Size is 584496 (!= 614400)
22375932	[WARNING]	XnFrameStreamProcessor.cpp	132	Depth frame is corrupt!
22487924	[INFO]	XnProperty.cpp	151	Property Depth1.Registration was changed to 1.
22487974	[INFO]	XnProperty.cpp	101	Depth1.Registration was successfully set.
22488062	[INFO]	XnProperty.cpp	74	Setting Image1.Mirror to 1...
22500341	[INFO]	XnProperty.cpp	151	Property Image1.FirmwareMirror was changed to 1.
22500393	[INFO]	XnProperty.cpp	151	Property Image1.Mirror was changed to 1.
22500412	[INFO]	XnProperty.cpp	101	Image1.Mirror was successfully set.
74503885	[INFO]	XnOpenNI.cpp	1459	Destroying node 'User1'
74512221	[INFO]	XnOpenNI.cpp	1459	Destroying node 'Depth1'
74512328	[INFO]	XnDeviceBase.cpp	1507	Destroying stream 'Depth1'...
74513810	[INFO]	XnOpenNI.cpp	1459	Destroying node 'Image1'
74513851	[INFO]	XnDeviceBase.cpp	1507	Destroying stream 'Image1'...
74514764	[INFO]	XnOpenNI.cpp	1459	Destroying node 'Device1'
