    1676	[INFO]	XnLog.cpp	165	OpenNI version is 1.0.0 (Build 25)-MacOSX (Jan  7 2011 14:20:18)
    1732	[INFO]	XnLog.cpp	173	Log system initialized. Console: 1, File: 1, Severity: INFO, Masks: ALL
    1765	[INFO]	XnLog.cpp	173	Log system initialized. Console: 1, File: 1, Severity: INFO, Masks: ALL
    3225	[INFO]	XnUSBLinux-x86.cpp	98	USB is initialized.
 2160101	[INFO]	XnOpenNI.cpp	1261	Creating node 'Device1' of type Device...
 2160918	[INFO]	XnDeviceModule.cpp	431	Module 'Device' configuration was loaded from file.
 2308437	[INFO]	XnDeviceSensorIO.cpp	135	Connected to USB device
 2308483	[INFO]	XnProperty.cpp	151	Property Device.USBPath was changed to 045e/02ae@253/8.
 2315678	[INFO]	XnHostProtocol.cpp	825	Hardware versions: FW=5.1.4 (7) HW=4 Chip=2 Sensor=4 SYS=7
 3726151	[INFO]	XnProperty.cpp	151	Property Device.ID was changed to 0.
 3726236	[INFO]	XnSensor.cpp	182	Device sensor initialized
 3726372	[INFO]	XnOpenNI.cpp	1261	Creating node 'Depth1' of type Depth...
 3726445	[INFO]	XnDeviceBase.cpp	1383	Creating stream 'Depth1' of type 'Depth'...
 3726487	[INFO]	XnProperty.cpp	74	Setting Device.ReadData to 1...
 3726562	[INFO]	XnDeviceSensorIO.cpp	298	Endpoints open
 3738869	[INFO]	XnProperty.cpp	151	Property Device.ReadData was changed to 1.
 3738913	[INFO]	XnProperty.cpp	101	Device.ReadData was successfully set.
 3739265	[INFO]	XnProperty.cpp	151	Property Depth1.Resolution was changed to 0.
 3739288	[INFO]	XnProperty.cpp	151	Property Depth1.XRes was changed to 320.
 3739309	[INFO]	XnProperty.cpp	151	Property Depth1.YRes was changed to 240.
 3739330	[INFO]	XnProperty.cpp	151	Property Depth1.FPS was changed to 30.
 3739348	[INFO]	XnProperty.cpp	151	Property Depth1.OutputFormat was changed to 1.
 3739366	[INFO]	XnProperty.cpp	151	Property Depth1.BytesPerPixel was changed to 2.
 3739384	[INFO]	XnProperty.cpp	151	Property Depth1.RequiredDataSize was changed to 153600.
 3739407	[INFO]	XnProperty.cpp	151	Property Depth1.ParamCoeff was changed to 4.
 3739473	[INFO]	XnProperty.cpp	151	Property Depth1.ShiftScale was changed to 10.
 3752021	[INFO]	XnProperty.cpp	151	Property Depth1.ConstShift was changed to 200.
 3752107	[INFO]	XnProperty.cpp	151	Property Depth1.ZPD was changed to 120.
 3752219	[INFO]	XnProperty.cpp	151	Property Depth1.ZPPS was changed to 0.104200.
 3752243	[INFO]	XnProperty.cpp	151	Property Depth1.LDDIS was changed to 7.500000.
 3752364	[INFO]	XnProperty.cpp	151	Property Depth1.Gain was changed to 30.
 3752406	[INFO]	XnDeviceBase.cpp	1458	Stream 'Depth1' was initialized.
 3752428	[INFO]	XnDeviceBase.cpp	1463	'Depth1' stream was created.
 3752629	[INFO]	XnProperty.cpp	74	Setting Depth1.InputFormat to 3...
 3752658	[INFO]	XnProperty.cpp	151	Property Depth1.InputFormat was changed to 3.
 3752679	[INFO]	XnProperty.cpp	101	Depth1.InputFormat was successfully set.
 3753361	[INFO]	XnProperty.cpp	74	Setting Depth1.RegistrationType to 2...
 3753390	[INFO]	XnProperty.cpp	151	Property Depth1.RegistrationType was changed to 2.
 3753414	[INFO]	XnProperty.cpp	101	Depth1.RegistrationType was successfully set.
 3754144	[INFO]	XnDeviceModule.cpp	431	Module 'Depth1' configuration was loaded from file.
 3754389	[INFO]	XnProperty.cpp	74	Setting Depth1.FPS to 30...
 3754415	[INFO]	XnProperty.cpp	86	Depth1.FPS value did not change.
 3754433	[INFO]	XnProperty.cpp	74	Setting Depth1.YRes to 480...
 3754458	[INFO]	XnProperty.cpp	151	Property Depth1.Resolution was changed to 1.
 3754482	[INFO]	XnProperty.cpp	151	Property Depth1.XRes was changed to 640.
 3754502	[INFO]	XnProperty.cpp	151	Property Depth1.RequiredDataSize was changed to 307200.
 3754525	[INFO]	XnProperty.cpp	151	Property Depth1.YRes was changed to 480.
 3754544	[INFO]	XnProperty.cpp	151	Property Depth1.RequiredDataSize was changed to 614400.
 3754565	[INFO]	XnProperty.cpp	101	Depth1.YRes was successfully set.
 3754584	[INFO]	XnProperty.cpp	74	Setting Depth1.XRes to 640...
 3754599	[INFO]	XnProperty.cpp	86	Depth1.XRes value did not change.
 3754657	[INFO]	XnProperty.cpp	74	Setting Depth1.Mirror to 1...
 3754680	[INFO]	XnProperty.cpp	151	Property Depth1.FirmwareMirror was changed to 1.
 3754739	[INFO]	XnProperty.cpp	151	Property Depth1.Mirror was changed to 1.
 3754759	[INFO]	XnProperty.cpp	101	Depth1.Mirror was successfully set.
 4862560	[INFO]	XnOpenNI.cpp	1261	Creating node 'User1' of type User...
 4885235	[WARNING]	Linux-x86Threads.cpp	173	Failed to set thread priority: Invalid argument
 4885278	[WARNING]	XnUSBLinux-x86.cpp	126	USB events thread: Failed to set thread priority to critical. This might cause loss of data...
 4886054	[INFO]	XnUSBLinux-x86.cpp	1222	USB read thread was started.
 4886078	[INFO]	XnProperty.cpp	151	Property Depth1.ActualReadData was changed to 1.
 5356752	[INFO]	XnProperty.cpp	151	Property Depth1.State was changed to 1.
 5356796	[INFO]	XnDeviceBase.cpp	370	Stream Depth1 is open.
 7300092	[INFO]	XnOpenNI.cpp	1261	Creating node 'Image1' of type Image...
 7300143	[INFO]	XnDeviceBase.cpp	1383	Creating stream 'Image1' of type 'Image'...
 7300334	[INFO]	XnProperty.cpp	151	Property Image1.Resolution was changed to 0.
 7300353	[INFO]	XnProperty.cpp	151	Property Image1.XRes was changed to 320.
 7300366	[INFO]	XnProperty.cpp	151	Property Image1.YRes was changed to 240.
 7300377	[INFO]	XnProperty.cpp	151	Property Image1.FPS was changed to 30.
 7300388	[INFO]	XnProperty.cpp	151	Property Image1.OutputFormat was changed to 5.
 7300401	[INFO]	XnProperty.cpp	151	Property Image1.BytesPerPixel was changed to 3.
 7300413	[INFO]	XnProperty.cpp	151	Property Image1.RequiredDataSize was changed to 230400.
 7300440	[INFO]	XnDeviceBase.cpp	1458	Stream 'Image1' was initialized.
 7300454	[INFO]	XnDeviceBase.cpp	1463	'Image1' stream was created.
 7300560	[INFO]	XnProperty.cpp	74	Setting Image1.InputFormat to 6...
 7300580	[INFO]	XnProperty.cpp	151	Property Image1.InputFormat was changed to 6.
 7300593	[INFO]	XnProperty.cpp	101	Image1.InputFormat was successfully set.
 7301002	[INFO]	XnDeviceModule.cpp	431	Module 'Image1' configuration was loaded from file.
 7301084	[INFO]	XnProperty.cpp	74	Setting Image1.FPS to 30...
 7301099	[INFO]	XnProperty.cpp	86	Image1.FPS value did not change.
 7301111	[INFO]	XnProperty.cpp	74	Setting Image1.YRes to 480...
 7301123	[INFO]	XnProperty.cpp	151	Property Image1.Resolution was changed to 1.
 7301134	[INFO]	XnProperty.cpp	151	Property Image1.XRes was changed to 640.
 7301146	[INFO]	XnProperty.cpp	151	Property Image1.RequiredDataSize was changed to 460800.
 7301160	[INFO]	XnProperty.cpp	151	Property Image1.YRes was changed to 480.
 7301171	[INFO]	XnProperty.cpp	151	Property Image1.RequiredDataSize was changed to 921600.
 7301195	[INFO]	XnProperty.cpp	101	Image1.YRes was successfully set.
 7301216	[INFO]	XnProperty.cpp	74	Setting Image1.XRes to 640...
 7301236	[INFO]	XnProperty.cpp	86	Image1.XRes value did not change.
 7302156	[INFO]	XnUSBLinux-x86.cpp	1222	USB read thread was started.
 7302216	[INFO]	XnProperty.cpp	151	Property Image1.ActualReadData was changed to 1.
 7357286	[WARNING]	XnDepthProcessor.cpp	133	Read: Depth buffer is corrupt. Size is 601536 (!= 614400)
 7357332	[WARNING]	XnFrameStreamProcessor.cpp	132	Depth frame is corrupt!
 7465382	[WARNING]	XnFirmwareStreams.cpp	324	Unknown packet type (0x47)!!!
 7469327	[WARNING]	XnFirmwareStreams.cpp	324	Unknown packet type (0x47)!!!
 7473291	[WARNING]	XnFirmwareStreams.cpp	324	Unknown packet type (0x47)!!!
 7489346	[WARNING]	XnDepthProcessor.cpp	133	Read: Depth buffer is corrupt. Size is 463120 (!= 614400)
 7489385	[WARNING]	XnFrameStreamProcessor.cpp	132	Depth frame is corrupt!
10503188	[INFO]	XnProperty.cpp	151	Property Image1.State was changed to 1.
10503240	[INFO]	XnDeviceBase.cpp	370	Stream Image1 is open.
10503435	[INFO]	XnProperty.cpp	74	Setting Depth1.Registration to 1...
10525391	[WARNING]	XnDepthProcessor.cpp	133	Read: Depth buffer is corrupt. Size is 594384 (!= 614400)
10525438	[WARNING]	XnFrameStreamProcessor.cpp	132	Depth frame is corrupt!
10655157	[INFO]	XnProperty.cpp	151	Property Depth1.Registration was changed to 1.
10655205	[INFO]	XnProperty.cpp	101	Depth1.Registration was successfully set.
10655259	[INFO]	XnProperty.cpp	74	Setting Image1.Mirror to 1...
10667697	[INFO]	XnProperty.cpp	151	Property Image1.FirmwareMirror was changed to 1.
10667777	[INFO]	XnProperty.cpp	151	Property Image1.Mirror was changed to 1.
10667790	[INFO]	XnProperty.cpp	101	Image1.Mirror was successfully set.
32213816	[INFO]	XnOpenNI.cpp	1459	Destroying node 'User1'
32221223	[INFO]	XnOpenNI.cpp	1459	Destroying node 'Depth1'
32221309	[INFO]	XnDeviceBase.cpp	1507	Destroying stream 'Depth1'...
32222609	[INFO]	XnOpenNI.cpp	1459	Destroying node 'Image1'
32222674	[INFO]	XnDeviceBase.cpp	1507	Destroying stream 'Image1'...
32223453	[INFO]	XnOpenNI.cpp	1459	Destroying node 'Device1'
