    1413	[INFO]	XnLog.cpp	165	OpenNI version is 1.0.0 (Build 25)-MacOSX (Jan  7 2011 14:20:18)
    1458	[INFO]	XnLog.cpp	173	Log system initialized. Console: 1, File: 1, Severity: INFO, Masks: ALL
    1482	[INFO]	XnLog.cpp	173	Log system initialized. Console: 1, File: 1, Severity: INFO, Masks: ALL
    2610	[INFO]	XnUSBLinux-x86.cpp	98	USB is initialized.
 2368016	[INFO]	XnOpenNI.cpp	1261	Creating node 'Device1' of type Device...
 2368779	[INFO]	XnDeviceModule.cpp	431	Module 'Device' configuration was loaded from file.
 2628975	[INFO]	XnDeviceSensorIO.cpp	135	Connected to USB device
 2629024	[INFO]	XnProperty.cpp	151	Property Device.USBPath was changed to 045e/02ae@253/8.
 2636118	[INFO]	XnHostProtocol.cpp	825	Hardware versions: FW=5.1.4 (7) HW=4 Chip=2 Sensor=4 SYS=7
 4047441	[INFO]	XnProperty.cpp	151	Property Device.ID was changed to 0.
 4047517	[INFO]	XnSensor.cpp	182	Device sensor initialized
 4047609	[INFO]	XnOpenNI.cpp	1261	Creating node 'Depth1' of type Depth...
 4047648	[INFO]	XnDeviceBase.cpp	1383	Creating stream 'Depth1' of type 'Depth'...
 4047672	[INFO]	XnProperty.cpp	74	Setting Device.ReadData to 1...
 4047712	[INFO]	XnDeviceSensorIO.cpp	298	Endpoints open
 4060075	[INFO]	XnProperty.cpp	151	Property Device.ReadData was changed to 1.
 4060120	[INFO]	XnProperty.cpp	101	Device.ReadData was successfully set.
 4060502	[INFO]	XnProperty.cpp	151	Property Depth1.Resolution was changed to 0.
 4060521	[INFO]	XnProperty.cpp	151	Property Depth1.XRes was changed to 320.
 4060534	[INFO]	XnProperty.cpp	151	Property Depth1.YRes was changed to 240.
 4060546	[INFO]	XnProperty.cpp	151	Property Depth1.FPS was changed to 30.
 4060557	[INFO]	XnProperty.cpp	151	Property Depth1.OutputFormat was changed to 1.
 4060568	[INFO]	XnProperty.cpp	151	Property Depth1.BytesPerPixel was changed to 2.
 4060581	[INFO]	XnProperty.cpp	151	Property Depth1.RequiredDataSize was changed to 153600.
 4060597	[INFO]	XnProperty.cpp	151	Property Depth1.ParamCoeff was changed to 4.
 4060656	[INFO]	XnProperty.cpp	151	Property Depth1.ShiftScale was changed to 10.
 4073074	[INFO]	XnProperty.cpp	151	Property Depth1.ConstShift was changed to 200.
 4073156	[INFO]	XnProperty.cpp	151	Property Depth1.ZPD was changed to 120.
 4073253	[INFO]	XnProperty.cpp	151	Property Depth1.ZPPS was changed to 0.104200.
 4073267	[INFO]	XnProperty.cpp	151	Property Depth1.LDDIS was changed to 7.500000.
 4073358	[INFO]	XnProperty.cpp	151	Property Depth1.Gain was changed to 30.
 4073388	[INFO]	XnDeviceBase.cpp	1458	Stream 'Depth1' was initialized.
 4073402	[INFO]	XnDeviceBase.cpp	1463	'Depth1' stream was created.
 4073548	[INFO]	XnProperty.cpp	74	Setting Depth1.InputFormat to 3...
 4073568	[INFO]	XnProperty.cpp	151	Property Depth1.InputFormat was changed to 3.
 4073580	[INFO]	XnProperty.cpp	101	Depth1.InputFormat was successfully set.
 4074012	[INFO]	XnProperty.cpp	74	Setting Depth1.RegistrationType to 2...
 4074030	[INFO]	XnProperty.cpp	151	Property Depth1.RegistrationType was changed to 2.
 4074042	[INFO]	XnProperty.cpp	101	Depth1.RegistrationType was successfully set.
 4074501	[INFO]	XnDeviceModule.cpp	431	Module 'Depth1' configuration was loaded from file.
 4074683	[INFO]	XnProperty.cpp	74	Setting Depth1.FPS to 30...
 4074700	[INFO]	XnProperty.cpp	86	Depth1.FPS value did not change.
 4074712	[INFO]	XnProperty.cpp	74	Setting Depth1.YRes to 480...
 4074731	[INFO]	XnProperty.cpp	151	Property Depth1.Resolution was changed to 1.
 4074749	[INFO]	XnProperty.cpp	151	Property Depth1.XRes was changed to 640.
 4074766	[INFO]	XnProperty.cpp	151	Property Depth1.RequiredDataSize was changed to 307200.
 4074784	[INFO]	XnProperty.cpp	151	Property Depth1.YRes was changed to 480.
 4074800	[INFO]	XnProperty.cpp	151	Property Depth1.RequiredDataSize was changed to 614400.
 4074816	[INFO]	XnProperty.cpp	101	Depth1.YRes was successfully set.
 4074831	[INFO]	XnProperty.cpp	74	Setting Depth1.XRes to 640...
 4074845	[INFO]	XnProperty.cpp	86	Depth1.XRes value did not change.
 4074898	[INFO]	XnProperty.cpp	74	Setting Depth1.Mirror to 1...
 4074916	[INFO]	XnProperty.cpp	151	Property Depth1.FirmwareMirror was changed to 1.
 4074972	[INFO]	XnProperty.cpp	151	Property Depth1.Mirror was changed to 1.
 4074987	[INFO]	XnProperty.cpp	101	Depth1.Mirror was successfully set.
 6494958	[INFO]	XnOpenNI.cpp	1261	Creating node 'User1' of type User...
 6517665	[WARNING]	Linux-x86Threads.cpp	173	Failed to set thread priority: Invalid argument
 6517709	[WARNING]	XnUSBLinux-x86.cpp	126	USB events thread: Failed to set thread priority to critical. This might cause loss of data...
 6518492	[INFO]	XnUSBLinux-x86.cpp	1222	USB read thread was started.
 6518518	[INFO]	XnProperty.cpp	151	Property Depth1.ActualReadData was changed to 1.
 6988768	[INFO]	XnProperty.cpp	151	Property Depth1.State was changed to 1.
 6988812	[INFO]	XnDeviceBase.cpp	370	Stream Depth1 is open.
 9801022	[INFO]	XnOpenNI.cpp	1261	Creating node 'Image1' of type Image...
 9801070	[INFO]	XnDeviceBase.cpp	1383	Creating stream 'Image1' of type 'Image'...
 9801250	[INFO]	XnProperty.cpp	151	Property Image1.Resolution was changed to 0.
 9801269	[INFO]	XnProperty.cpp	151	Property Image1.XRes was changed to 320.
 9801282	[INFO]	XnProperty.cpp	151	Property Image1.YRes was changed to 240.
 9801294	[INFO]	XnProperty.cpp	151	Property Image1.FPS was changed to 30.
 9801305	[INFO]	XnProperty.cpp	151	Property Image1.OutputFormat was changed to 5.
 9801316	[INFO]	XnProperty.cpp	151	Property Image1.BytesPerPixel was changed to 3.
 9801328	[INFO]	XnProperty.cpp	151	Property Image1.RequiredDataSize was changed to 230400.
 9801356	[INFO]	XnDeviceBase.cpp	1458	Stream 'Image1' was initialized.
 9801371	[INFO]	XnDeviceBase.cpp	1463	'Image1' stream was created.
 9801472	[INFO]	XnProperty.cpp	74	Setting Image1.InputFormat to 6...
 9801492	[INFO]	XnProperty.cpp	151	Property Image1.InputFormat was changed to 6.
 9801504	[INFO]	XnProperty.cpp	101	Image1.InputFormat was successfully set.
 9801914	[INFO]	XnDeviceModule.cpp	431	Module 'Image1' configuration was loaded from file.
 9802003	[INFO]	XnProperty.cpp	74	Setting Image1.FPS to 30...
 9802018	[INFO]	XnProperty.cpp	86	Image1.FPS value did not change.
 9802030	[INFO]	XnProperty.cpp	74	Setting Image1.YRes to 480...
 9802042	[INFO]	XnProperty.cpp	151	Property Image1.Resolution was changed to 1.
 9802054	[INFO]	XnProperty.cpp	151	Property Image1.XRes was changed to 640.
 9802066	[INFO]	XnProperty.cpp	151	Property Image1.RequiredDataSize was changed to 460800.
 9802079	[INFO]	XnProperty.cpp	151	Property Image1.YRes was changed to 480.
 9802091	[INFO]	XnProperty.cpp	151	Property Image1.RequiredDataSize was changed to 921600.
 9802103	[INFO]	XnProperty.cpp	101	Image1.YRes was successfully set.
 9802120	[INFO]	XnProperty.cpp	74	Setting Image1.XRes to 640...
 9802140	[INFO]	XnProperty.cpp	86	Image1.XRes value did not change.
 9803010	[INFO]	XnUSBLinux-x86.cpp	1222	USB read thread was started.
 9803054	[INFO]	XnProperty.cpp	151	Property Image1.ActualReadData was changed to 1.
 9990194	[WARNING]	XnDepthProcessor.cpp	133	Read: Depth buffer is corrupt. Size is 543888 (!= 614400)
 9990252	[WARNING]	XnFrameStreamProcessor.cpp	132	Depth frame is corrupt!
12870291	[WARNING]	XnFirmwareStreams.cpp	324	Unknown packet type (0x4847)!!!
12890338	[WARNING]	XnDepthProcessor.cpp	133	Read: Depth buffer is corrupt. Size is 548864 (!= 614400)
12890385	[WARNING]	XnFrameStreamProcessor.cpp	132	Depth frame is corrupt!
13003821	[INFO]	XnProperty.cpp	151	Property Image1.State was changed to 1.
13003863	[INFO]	XnDeviceBase.cpp	370	Stream Image1 is open.
13004058	[INFO]	XnProperty.cpp	74	Setting Depth1.Registration to 1...
13026289	[WARNING]	XnDepthProcessor.cpp	133	Read: Depth buffer is corrupt. Size is 585248 (!= 614400)
13026346	[WARNING]	XnFrameStreamProcessor.cpp	132	Depth frame is corrupt!
13155734	[INFO]	XnProperty.cpp	151	Property Depth1.Registration was changed to 1.
13155776	[INFO]	XnProperty.cpp	101	Depth1.Registration was successfully set.
13155822	[INFO]	XnProperty.cpp	74	Setting Image1.Mirror to 1...
13168123	[INFO]	XnProperty.cpp	151	Property Image1.FirmwareMirror was changed to 1.
13168172	[INFO]	XnProperty.cpp	151	Property Image1.Mirror was changed to 1.
13168184	[INFO]	XnProperty.cpp	101	Image1.Mirror was successfully set.
30436039	[INFO]	XnOpenNI.cpp	1459	Destroying node 'User1'
30443539	[INFO]	XnOpenNI.cpp	1459	Destroying node 'Depth1'
30443634	[INFO]	XnDeviceBase.cpp	1507	Destroying stream 'Depth1'...
30444765	[INFO]	XnOpenNI.cpp	1459	Destroying node 'Image1'
30444826	[INFO]	XnDeviceBase.cpp	1507	Destroying stream 'Image1'...
30445618	[INFO]	XnOpenNI.cpp	1459	Destroying node 'Device1'
