    1535	[INFO]	XnLog.cpp	165	OpenNI version is 1.0.0 (Build 25)-MacOSX (Jan  7 2011 14:20:18)
    1577	[INFO]	XnLog.cpp	173	Log system initialized. Console: 1, File: 1, Severity: INFO, Masks: ALL
    1601	[INFO]	XnLog.cpp	173	Log system initialized. Console: 1, File: 1, Severity: INFO, Masks: ALL
    2750	[INFO]	XnUSBLinux-x86.cpp	98	USB is initialized.
 1012296	[INFO]	XnOpenNI.cpp	1261	Creating node 'Device1' of type Device...
 1013201	[INFO]	XnDeviceModule.cpp	431	Module 'Device' configuration was loaded from file.
 1059242	[INFO]	XnDeviceSensorIO.cpp	135	Connected to USB device
 1059295	[INFO]	XnProperty.cpp	151	Property Device.USBPath was changed to 045e/02ae@253/8.
 1066816	[INFO]	XnHostProtocol.cpp	825	Hardware versions: FW=5.1.4 (7) HW=4 Chip=2 Sensor=4 SYS=7
 2474796	[INFO]	XnProperty.cpp	151	Property Device.ID was changed to 0.
 2474875	[INFO]	XnSensor.cpp	182	Device sensor initialized
 2474960	[INFO]	XnOpenNI.cpp	1261	Creating node 'Depth1' of type Depth...
 2474998	[INFO]	XnDeviceBase.cpp	1383	Creating stream 'Depth1' of type 'Depth'...
 2475015	[INFO]	XnProperty.cpp	74	Setting Device.ReadData to 1...
 2475043	[INFO]	XnDeviceSensorIO.cpp	298	Endpoints open
 2487506	[INFO]	XnProperty.cpp	151	Property Device.ReadData was changed to 1.
 2487546	[INFO]	XnProperty.cpp	101	Device.ReadData was successfully set.
 2487897	[INFO]	XnProperty.cpp	151	Property Depth1.Resolution was changed to 0.
 2487921	[INFO]	XnProperty.cpp	151	Property Depth1.XRes was changed to 320.
 2487941	[INFO]	XnProperty.cpp	151	Property Depth1.YRes was changed to 240.
 2487961	[INFO]	XnProperty.cpp	151	Property Depth1.FPS was changed to 30.
 2487979	[INFO]	XnProperty.cpp	151	Property Depth1.OutputFormat was changed to 1.
 2487999	[INFO]	XnProperty.cpp	151	Property Depth1.BytesPerPixel was changed to 2.
 2488018	[INFO]	XnProperty.cpp	151	Property Depth1.RequiredDataSize was changed to 153600.
 2488042	[INFO]	XnProperty.cpp	151	Property Depth1.ParamCoeff was changed to 4.
 2488117	[INFO]	XnProperty.cpp	151	Property Depth1.ShiftScale was changed to 10.
 2500478	[INFO]	XnProperty.cpp	151	Property Depth1.ConstShift was changed to 200.
 2500565	[INFO]	XnProperty.cpp	151	Property Depth1.ZPD was changed to 120.
 2500662	[INFO]	XnProperty.cpp	151	Property Depth1.ZPPS was changed to 0.104200.
 2500677	[INFO]	XnProperty.cpp	151	Property Depth1.LDDIS was changed to 7.500000.
 2500769	[INFO]	XnProperty.cpp	151	Property Depth1.Gain was changed to 30.
 2500800	[INFO]	XnDeviceBase.cpp	1458	Stream 'Depth1' was initialized.
 2500814	[INFO]	XnDeviceBase.cpp	1463	'Depth1' stream was created.
 2500991	[INFO]	XnProperty.cpp	74	Setting Depth1.InputFormat to 3...
 2501017	[INFO]	XnProperty.cpp	151	Property Depth1.InputFormat was changed to 3.
 2501037	[INFO]	XnProperty.cpp	101	Depth1.InputFormat was successfully set.
 2501497	[INFO]	XnProperty.cpp	74	Setting Depth1.RegistrationType to 2...
 2501523	[INFO]	XnProperty.cpp	151	Property Depth1.RegistrationType was changed to 2.
 2501542	[INFO]	XnProperty.cpp	101	Depth1.RegistrationType was successfully set.
 2502259	[INFO]	XnDeviceModule.cpp	431	Module 'Depth1' configuration was loaded from file.
 2502473	[INFO]	XnProperty.cpp	74	Setting Depth1.FPS to 30...
 2502494	[INFO]	XnProperty.cpp	86	Depth1.FPS value did not change.
 2502512	[INFO]	XnProperty.cpp	74	Setting Depth1.YRes to 480...
 2502536	[INFO]	XnProperty.cpp	151	Property Depth1.Resolution was changed to 1.
 2502557	[INFO]	XnProperty.cpp	151	Property Depth1.XRes was changed to 640.
 2502576	[INFO]	XnProperty.cpp	151	Property Depth1.RequiredDataSize was changed to 307200.
 2502599	[INFO]	XnProperty.cpp	151	Property Depth1.YRes was changed to 480.
 2502617	[INFO]	XnProperty.cpp	151	Property Depth1.RequiredDataSize was changed to 614400.
 2502637	[INFO]	XnProperty.cpp	101	Depth1.YRes was successfully set.
 2502657	[INFO]	XnProperty.cpp	74	Setting Depth1.XRes to 640...
 2502673	[INFO]	XnProperty.cpp	86	Depth1.XRes value did not change.
 2502732	[INFO]	XnProperty.cpp	74	Setting Depth1.Mirror to 1...
 2502754	[INFO]	XnProperty.cpp	151	Property Depth1.FirmwareMirror was changed to 1.
 2502806	[INFO]	XnProperty.cpp	151	Property Depth1.Mirror was changed to 1.
 2502825	[INFO]	XnProperty.cpp	101	Depth1.Mirror was successfully set.
 2763621	[INFO]	XnOpenNI.cpp	1261	Creating node 'User1' of type User...
 2787310	[WARNING]	Linux-x86Threads.cpp	173	Failed to set thread priority: Invalid argument
 2787357	[WARNING]	XnUSBLinux-x86.cpp	126	USB events thread: Failed to set thread priority to critical. This might cause loss of data...
 2788164	[INFO]	XnUSBLinux-x86.cpp	1222	USB read thread was started.
 2788240	[INFO]	XnProperty.cpp	151	Property Depth1.ActualReadData was changed to 1.
 3258990	[INFO]	XnProperty.cpp	151	Property Depth1.State was changed to 1.
 3259032	[INFO]	XnDeviceBase.cpp	370	Stream Depth1 is open.
 3502759	[INFO]	XnOpenNI.cpp	1261	Creating node 'Image1' of type Image...
 3502809	[INFO]	XnDeviceBase.cpp	1383	Creating stream 'Image1' of type 'Image'...
 3503034	[INFO]	XnProperty.cpp	151	Property Image1.Resolution was changed to 0.
 3503060	[INFO]	XnProperty.cpp	151	Property Image1.XRes was changed to 320.
 3503077	[INFO]	XnProperty.cpp	151	Property Image1.YRes was changed to 240.
 3503095	[INFO]	XnProperty.cpp	151	Property Image1.FPS was changed to 30.
 3503112	[INFO]	XnProperty.cpp	151	Property Image1.OutputFormat was changed to 5.
 3503131	[INFO]	XnProperty.cpp	151	Property Image1.BytesPerPixel was changed to 3.
 3503149	[INFO]	XnProperty.cpp	151	Property Image1.RequiredDataSize was changed to 230400.
 3503190	[INFO]	XnDeviceBase.cpp	1458	Stream 'Image1' was initialized.
 3503212	[INFO]	XnDeviceBase.cpp	1463	'Image1' stream was created.
 3503356	[INFO]	XnProperty.cpp	74	Setting Image1.InputFormat to 6...
 3503395	[INFO]	XnProperty.cpp	151	Property Image1.InputFormat was changed to 6.
 3503414	[INFO]	XnProperty.cpp	101	Image1.InputFormat was successfully set.
 3504036	[INFO]	XnDeviceModule.cpp	431	Module 'Image1' configuration was loaded from file.
 3504219	[INFO]	XnProperty.cpp	74	Setting Image1.FPS to 30...
 3504243	[INFO]	XnProperty.cpp	86	Image1.FPS value did not change.
 3504272	[INFO]	XnProperty.cpp	74	Setting Image1.YRes to 480...
 3504291	[INFO]	XnProperty.cpp	151	Property Image1.Resolution was changed to 1.
 3504313	[INFO]	XnProperty.cpp	151	Property Image1.XRes was changed to 640.
 3504330	[INFO]	XnProperty.cpp	151	Property Image1.RequiredDataSize was changed to 460800.
 3504351	[INFO]	XnProperty.cpp	151	Property Image1.YRes was changed to 480.
 3504368	[INFO]	XnProperty.cpp	151	Property Image1.RequiredDataSize was changed to 921600.
 3504388	[INFO]	XnProperty.cpp	101	Image1.YRes was successfully set.
 3504410	[INFO]	XnProperty.cpp	74	Setting Image1.XRes to 640...
 3504429	[INFO]	XnProperty.cpp	86	Image1.XRes value did not change.
 3505528	[INFO]	XnUSBLinux-x86.cpp	1222	USB read thread was started.
 3505580	[INFO]	XnProperty.cpp	151	Property Image1.ActualReadData was changed to 1.
 3688473	[WARNING]	XnDepthProcessor.cpp	133	Read: Depth buffer is corrupt. Size is 535904 (!= 614400)
 3688550	[WARNING]	XnFrameStreamProcessor.cpp	132	Depth frame is corrupt!
 3724398	[WARNING]	XnDepthProcessor.cpp	133	Read: Depth buffer is corrupt. Size is 597568 (!= 614400)
 3724444	[WARNING]	XnFrameStreamProcessor.cpp	132	Depth frame is corrupt!
 6592479	[WARNING]	XnDepthProcessor.cpp	133	Read: Depth buffer is corrupt. Size is 563776 (!= 614400)
 6592525	[WARNING]	XnFrameStreamProcessor.cpp	132	Depth frame is corrupt!
 6706423	[INFO]	XnProperty.cpp	151	Property Image1.State was changed to 1.
 6706466	[INFO]	XnDeviceBase.cpp	370	Stream Image1 is open.
 6706650	[INFO]	XnProperty.cpp	74	Setting Depth1.Registration to 1...
 6724496	[WARNING]	XnDepthProcessor.cpp	133	Read: Depth buffer is corrupt. Size is 582416 (!= 614400)
 6724543	[WARNING]	XnFrameStreamProcessor.cpp	132	Depth frame is corrupt!
 6760457	[WARNING]	XnDepthProcessor.cpp	133	Read: Depth buffer is corrupt. Size is 587984 (!= 614400)
 6760509	[WARNING]	XnFrameStreamProcessor.cpp	132	Depth frame is corrupt!
 6859042	[INFO]	XnProperty.cpp	151	Property Depth1.Registration was changed to 1.
 6859084	[INFO]	XnProperty.cpp	101	Depth1.Registration was successfully set.
 6859162	[INFO]	XnProperty.cpp	74	Setting Image1.Mirror to 1...
 6871410	[INFO]	XnProperty.cpp	151	Property Image1.FirmwareMirror was changed to 1.
 6871452	[INFO]	XnProperty.cpp	151	Property Image1.Mirror was changed to 1.
 6871465	[INFO]	XnProperty.cpp	101	Image1.Mirror was successfully set.
73311211	[INFO]	XnOpenNI.cpp	1459	Destroying node 'User1'
73319336	[INFO]	XnOpenNI.cpp	1459	Destroying node 'Depth1'
73319432	[INFO]	XnDeviceBase.cpp	1507	Destroying stream 'Depth1'...
73320648	[INFO]	XnOpenNI.cpp	1459	Destroying node 'Image1'
73320706	[INFO]	XnDeviceBase.cpp	1507	Destroying stream 'Image1'...
73321587	[INFO]	XnOpenNI.cpp	1459	Destroying node 'Device1'
