    1611	[INFO]	XnLog.cpp	165	OpenNI version is 1.0.0 (Build 25)-MacOSX (Jan  7 2011 14:20:18)
    1656	[INFO]	XnLog.cpp	173	Log system initialized. Console: 1, File: 1, Severity: INFO, Masks: ALL
    1678	[INFO]	XnLog.cpp	173	Log system initialized. Console: 1, File: 1, Severity: INFO, Masks: ALL
    2737	[INFO]	XnUSBLinux-x86.cpp	98	USB is initialized.
 4489240	[INFO]	XnOpenNI.cpp	1261	Creating node 'Device1' of type Device...
 4489992	[INFO]	XnDeviceModule.cpp	431	Module 'Device' configuration was loaded from file.
 5147017	[INFO]	XnDeviceSensorIO.cpp	135	Connected to USB device
 5147069	[INFO]	XnProperty.cpp	151	Property Device.USBPath was changed to 045e/02ae@253/8.
 5154128	[INFO]	XnHostProtocol.cpp	825	Hardware versions: FW=5.1.4 (7) HW=4 Chip=2 Sensor=4 SYS=7
 6565700	[INFO]	XnProperty.cpp	151	Property Device.ID was changed to 0.
 6565760	[INFO]	XnSensor.cpp	182	Device sensor initialized
 6565845	[INFO]	XnOpenNI.cpp	1261	Creating node 'Depth1' of type Depth...
 6565893	[INFO]	XnDeviceBase.cpp	1383	Creating stream 'Depth1' of type 'Depth'...
 6565915	[INFO]	XnProperty.cpp	74	Setting Device.ReadData to 1...
 6565955	[INFO]	XnDeviceSensorIO.cpp	298	Endpoints open
 6578088	[INFO]	XnProperty.cpp	151	Property Device.ReadData was changed to 1.
 6578129	[INFO]	XnProperty.cpp	101	Device.ReadData was successfully set.
 6578564	[INFO]	XnProperty.cpp	151	Property Depth1.Resolution was changed to 0.
 6578593	[INFO]	XnProperty.cpp	151	Property Depth1.XRes was changed to 320.
 6578614	[INFO]	XnProperty.cpp	151	Property Depth1.YRes was changed to 240.
 6578632	[INFO]	XnProperty.cpp	151	Property Depth1.FPS was changed to 30.
 6578650	[INFO]	XnProperty.cpp	151	Property Depth1.OutputFormat was changed to 1.
 6578669	[INFO]	XnProperty.cpp	151	Property Depth1.BytesPerPixel was changed to 2.
 6578688	[INFO]	XnProperty.cpp	151	Property Depth1.RequiredDataSize was changed to 153600.
 6578711	[INFO]	XnProperty.cpp	151	Property Depth1.ParamCoeff was changed to 4.
 6578788	[INFO]	XnProperty.cpp	151	Property Depth1.ShiftScale was changed to 10.
 6591285	[INFO]	XnProperty.cpp	151	Property Depth1.ConstShift was changed to 200.
 6591385	[INFO]	XnProperty.cpp	151	Property Depth1.ZPD was changed to 120.
 6591485	[INFO]	XnProperty.cpp	151	Property Depth1.ZPPS was changed to 0.104200.
 6591499	[INFO]	XnProperty.cpp	151	Property Depth1.LDDIS was changed to 7.500000.
 6591589	[INFO]	XnProperty.cpp	151	Property Depth1.Gain was changed to 30.
 6591621	[INFO]	XnDeviceBase.cpp	1458	Stream 'Depth1' was initialized.
 6591636	[INFO]	XnDeviceBase.cpp	1463	'Depth1' stream was created.
 6591799	[INFO]	XnProperty.cpp	74	Setting Depth1.InputFormat to 3...
 6591821	[INFO]	XnProperty.cpp	151	Property Depth1.InputFormat was changed to 3.
 6591834	[INFO]	XnProperty.cpp	101	Depth1.InputFormat was successfully set.
 6592266	[INFO]	XnProperty.cpp	74	Setting Depth1.RegistrationType to 2...
 6592283	[INFO]	XnProperty.cpp	151	Property Depth1.RegistrationType was changed to 2.
 6592294	[INFO]	XnProperty.cpp	101	Depth1.RegistrationType was successfully set.
 6592750	[INFO]	XnDeviceModule.cpp	431	Module 'Depth1' configuration was loaded from file.
 6592918	[INFO]	XnProperty.cpp	74	Setting Depth1.FPS to 30...
 6592935	[INFO]	XnProperty.cpp	86	Depth1.FPS value did not change.
 6592947	[INFO]	XnProperty.cpp	74	Setting Depth1.YRes to 480...
 6592962	[INFO]	XnProperty.cpp	151	Property Depth1.Resolution was changed to 1.
 6592975	[INFO]	XnProperty.cpp	151	Property Depth1.XRes was changed to 640.
 6592988	[INFO]	XnProperty.cpp	151	Property Depth1.RequiredDataSize was changed to 307200.
 6593003	[INFO]	XnProperty.cpp	151	Property Depth1.YRes was changed to 480.
 6593015	[INFO]	XnProperty.cpp	151	Property Depth1.RequiredDataSize was changed to 614400.
 6593028	[INFO]	XnProperty.cpp	101	Depth1.YRes was successfully set.
 6593040	[INFO]	XnProperty.cpp	74	Setting Depth1.XRes to 640...
 6593051	[INFO]	XnProperty.cpp	86	Depth1.XRes value did not change.
 6593094	[INFO]	XnProperty.cpp	74	Setting Depth1.Mirror to 1...
 6593109	[INFO]	XnProperty.cpp	151	Property Depth1.FirmwareMirror was changed to 1.
 6713665	[INFO]	XnProperty.cpp	151	Property Depth1.Mirror was changed to 1.
 6713698	[INFO]	XnProperty.cpp	101	Depth1.Mirror was successfully set.
11872401	[INFO]	XnOpenNI.cpp	1261	Creating node 'User1' of type User...
11899268	[WARNING]	Linux-x86Threads.cpp	173	Failed to set thread priority: Invalid argument
11899313	[WARNING]	XnUSBLinux-x86.cpp	126	USB events thread: Failed to set thread priority to critical. This might cause loss of data...
11900207	[INFO]	XnUSBLinux-x86.cpp	1222	USB read thread was started.
11900239	[INFO]	XnProperty.cpp	151	Property Depth1.ActualReadData was changed to 1.
12370879	[INFO]	XnProperty.cpp	151	Property Depth1.State was changed to 1.
12370922	[INFO]	XnDeviceBase.cpp	370	Stream Depth1 is open.
18045372	[INFO]	XnOpenNI.cpp	1261	Creating node 'Image1' of type Image...
18045423	[INFO]	XnDeviceBase.cpp	1383	Creating stream 'Image1' of type 'Image'...
18045631	[INFO]	XnProperty.cpp	151	Property Image1.Resolution was changed to 0.
18045658	[INFO]	XnProperty.cpp	151	Property Image1.XRes was changed to 320.
18045675	[INFO]	XnProperty.cpp	151	Property Image1.YRes was changed to 240.
18045694	[INFO]	XnProperty.cpp	151	Property Image1.FPS was changed to 30.
18045712	[INFO]	XnProperty.cpp	151	Property Image1.OutputFormat was changed to 5.
18045732	[INFO]	XnProperty.cpp	151	Property Image1.BytesPerPixel was changed to 3.
18045762	[INFO]	XnProperty.cpp	151	Property Image1.RequiredDataSize was changed to 230400.
18045808	[INFO]	XnDeviceBase.cpp	1458	Stream 'Image1' was initialized.
18045830	[INFO]	XnDeviceBase.cpp	1463	'Image1' stream was created.
18045972	[INFO]	XnProperty.cpp	74	Setting Image1.InputFormat to 6...
18046003	[INFO]	XnProperty.cpp	151	Property Image1.InputFormat was changed to 6.
18046022	[INFO]	XnProperty.cpp	101	Image1.InputFormat was successfully set.
18046645	[INFO]	XnDeviceModule.cpp	431	Module 'Image1' configuration was loaded from file.
18046748	[INFO]	XnProperty.cpp	74	Setting Image1.FPS to 30...
18046771	[INFO]	XnProperty.cpp	86	Image1.FPS value did not change.
18046789	[INFO]	XnProperty.cpp	74	Setting Image1.YRes to 480...
18046809	[INFO]	XnProperty.cpp	151	Property Image1.Resolution was changed to 1.
18046825	[INFO]	XnProperty.cpp	151	Property Image1.XRes was changed to 640.
18046843	[INFO]	XnProperty.cpp	151	Property Image1.RequiredDataSize was changed to 460800.
18046874	[INFO]	XnProperty.cpp	151	Property Image1.YRes was changed to 480.
18046895	[INFO]	XnProperty.cpp	151	Property Image1.RequiredDataSize was changed to 921600.
18046917	[INFO]	XnProperty.cpp	101	Image1.YRes was successfully set.
18046940	[INFO]	XnProperty.cpp	74	Setting Image1.XRes to 640...
18046960	[INFO]	XnProperty.cpp	86	Image1.XRes value did not change.
18048053	[INFO]	XnUSBLinux-x86.cpp	1222	USB read thread was started.
18048102	[INFO]	XnProperty.cpp	151	Property Image1.ActualReadData was changed to 1.
18240053	[WARNING]	XnDepthProcessor.cpp	133	Read: Depth buffer is corrupt. Size is 560080 (!= 614400)
18240101	[WARNING]	XnFrameStreamProcessor.cpp	132	Depth frame is corrupt!
21144069	[WARNING]	XnDepthProcessor.cpp	133	Read: Depth buffer is corrupt. Size is 564944 (!= 614400)
21144118	[WARNING]	XnFrameStreamProcessor.cpp	132	Depth frame is corrupt!
21248351	[INFO]	XnProperty.cpp	151	Property Image1.State was changed to 1.
21248394	[INFO]	XnDeviceBase.cpp	370	Stream Image1 is open.
21248581	[INFO]	XnProperty.cpp	74	Setting Depth1.Registration to 1...
21276077	[WARNING]	XnDepthProcessor.cpp	133	Read: Depth buffer is corrupt. Size is 587632 (!= 614400)
21276125	[WARNING]	XnFrameStreamProcessor.cpp	132	Depth frame is corrupt!
21400121	[INFO]	XnProperty.cpp	151	Property Depth1.Registration was changed to 1.
21400172	[INFO]	XnProperty.cpp	101	Depth1.Registration was successfully set.
21400229	[INFO]	XnProperty.cpp	74	Setting Image1.Mirror to 1...
21413072	[INFO]	XnProperty.cpp	151	Property Image1.FirmwareMirror was changed to 1.
21413143	[INFO]	XnProperty.cpp	151	Property Image1.Mirror was changed to 1.
21413173	[INFO]	XnProperty.cpp	101	Image1.Mirror was successfully set.
26539277	[INFO]	XnOpenNI.cpp	1459	Destroying node 'User1'
26546948	[INFO]	XnOpenNI.cpp	1459	Destroying node 'Depth1'
26547043	[INFO]	XnDeviceBase.cpp	1507	Destroying stream 'Depth1'...
26548169	[INFO]	XnOpenNI.cpp	1459	Destroying node 'Image1'
26548207	[INFO]	XnDeviceBase.cpp	1507	Destroying stream 'Image1'...
26548877	[INFO]	XnOpenNI.cpp	1459	Destroying node 'Device1'
