    1437	[INFO]	XnLog.cpp	165	OpenNI version is 1.0.0 (Build 25)-MacOSX (Jan  7 2011 14:20:18)
    1483	[INFO]	XnLog.cpp	173	Log system initialized. Console: 1, File: 1, Severity: INFO, Masks: ALL
    1506	[INFO]	XnLog.cpp	173	Log system initialized. Console: 1, File: 1, Severity: INFO, Masks: ALL
    2904	[INFO]	XnUSBLinux-x86.cpp	98	USB is initialized.
 1968716	[INFO]	XnOpenNI.cpp	1261	Creating node 'Device1' of type Device...
 1969728	[INFO]	XnDeviceModule.cpp	431	Module 'Device' configuration was loaded from file.
 2235644	[INFO]	XnDeviceSensorIO.cpp	135	Connected to USB device
 2235699	[INFO]	XnProperty.cpp	151	Property Device.USBPath was changed to 045e/02ae@250/10.
 2243042	[INFO]	XnHostProtocol.cpp	825	Hardware versions: FW=5.1.4 (7) HW=4 Chip=2 Sensor=4 SYS=7
 3758155	[INFO]	XnProperty.cpp	151	Property Device.ID was changed to 0.
 3758249	[INFO]	XnSensor.cpp	182	Device sensor initialized
 3758349	[INFO]	XnOpenNI.cpp	1261	Creating node 'Depth1' of type Depth...
 3758387	[INFO]	XnDeviceBase.cpp	1383	Creating stream 'Depth1' of type 'Depth'...
 3758405	[INFO]	XnProperty.cpp	74	Setting Device.ReadData to 1...
 3758442	[INFO]	XnDeviceSensorIO.cpp	298	Endpoints open
 3770940	[INFO]	XnProperty.cpp	151	Property Device.ReadData was changed to 1.
 3770983	[INFO]	XnProperty.cpp	101	Device.ReadData was successfully set.
 3771367	[INFO]	XnProperty.cpp	151	Property Depth1.Resolution was changed to 0.
 3771393	[INFO]	XnProperty.cpp	151	Property Depth1.XRes was changed to 320.
 3771413	[INFO]	XnProperty.cpp	151	Property Depth1.YRes was changed to 240.
 3771434	[INFO]	XnProperty.cpp	151	Property Depth1.FPS was changed to 30.
 3771454	[INFO]	XnProperty.cpp	151	Property Depth1.OutputFormat was changed to 1.
 3771474	[INFO]	XnProperty.cpp	151	Property Depth1.BytesPerPixel was changed to 2.
 3771493	[INFO]	XnProperty.cpp	151	Property Depth1.RequiredDataSize was changed to 153600.
 3771517	[INFO]	XnProperty.cpp	151	Property Depth1.ParamCoeff was changed to 4.
 3771608	[INFO]	XnProperty.cpp	151	Property Depth1.ShiftScale was changed to 10.
 3783763	[INFO]	XnProperty.cpp	151	Property Depth1.ConstShift was changed to 200.
 3783866	[INFO]	XnProperty.cpp	151	Property Depth1.ZPD was changed to 120.
 3783977	[INFO]	XnProperty.cpp	151	Property Depth1.ZPPS was changed to 0.104200.
 3784006	[INFO]	XnProperty.cpp	151	Property Depth1.LDDIS was changed to 7.500000.
 3784124	[INFO]	XnProperty.cpp	151	Property Depth1.Gain was changed to 30.
 3784176	[INFO]	XnDeviceBase.cpp	1458	Stream 'Depth1' was initialized.
 3784196	[INFO]	XnDeviceBase.cpp	1463	'Depth1' stream was created.
 3784397	[INFO]	XnProperty.cpp	74	Setting Depth1.InputFormat to 3...
 3784428	[INFO]	XnProperty.cpp	151	Property Depth1.InputFormat was changed to 3.
 3784455	[INFO]	XnProperty.cpp	101	Depth1.InputFormat was successfully set.
 3784944	[INFO]	XnProperty.cpp	74	Setting Depth1.RegistrationType to 2...
 3784965	[INFO]	XnProperty.cpp	151	Property Depth1.RegistrationType was changed to 2.
 3784983	[INFO]	XnProperty.cpp	101	Depth1.RegistrationType was successfully set.
 3785492	[INFO]	XnDeviceModule.cpp	431	Module 'Depth1' configuration was loaded from file.
 3785688	[INFO]	XnProperty.cpp	74	Setting Depth1.FPS to 30...
 3785705	[INFO]	XnProperty.cpp	86	Depth1.FPS value did not change.
 3785719	[INFO]	XnProperty.cpp	74	Setting Depth1.YRes to 480...
 3785733	[INFO]	XnProperty.cpp	151	Property Depth1.Resolution was changed to 1.
 3785746	[INFO]	XnProperty.cpp	151	Property Depth1.XRes was changed to 640.
 3785758	[INFO]	XnProperty.cpp	151	Property Depth1.RequiredDataSize was changed to 307200.
 3785773	[INFO]	XnProperty.cpp	151	Property Depth1.YRes was changed to 480.
 3785785	[INFO]	XnProperty.cpp	151	Property Depth1.RequiredDataSize was changed to 614400.
 3785797	[INFO]	XnProperty.cpp	101	Depth1.YRes was successfully set.
 3785810	[INFO]	XnProperty.cpp	74	Setting Depth1.XRes to 640...
 3785821	[INFO]	XnProperty.cpp	86	Depth1.XRes value did not change.
 3785864	[INFO]	XnProperty.cpp	74	Setting Depth1.Mirror to 1...
 3785879	[INFO]	XnProperty.cpp	151	Property Depth1.FirmwareMirror was changed to 1.
 3785925	[INFO]	XnProperty.cpp	151	Property Depth1.Mirror was changed to 1.
 3785937	[INFO]	XnProperty.cpp	101	Depth1.Mirror was successfully set.
 4886074	[INFO]	XnOpenNI.cpp	1261	Creating node 'User1' of type User...
 4911543	[WARNING]	Linux-x86Threads.cpp	173	Failed to set thread priority: Invalid argument
 4911589	[WARNING]	XnUSBLinux-x86.cpp	126	USB events thread: Failed to set thread priority to critical. This might cause loss of data...
 4912345	[INFO]	XnUSBLinux-x86.cpp	1222	USB read thread was started.
 4912369	[INFO]	XnProperty.cpp	151	Property Depth1.ActualReadData was changed to 1.
 5383920	[INFO]	XnProperty.cpp	151	Property Depth1.State was changed to 1.
 5383962	[INFO]	XnDeviceBase.cpp	370	Stream Depth1 is open.
 7026523	[INFO]	XnOpenNI.cpp	1261	Creating node 'Image1' of type Image...
 7026607	[INFO]	XnDeviceBase.cpp	1383	Creating stream 'Image1' of type 'Image'...
 7026891	[INFO]	XnProperty.cpp	151	Property Image1.Resolution was changed to 0.
 7026912	[INFO]	XnProperty.cpp	151	Property Image1.XRes was changed to 320.
 7026925	[INFO]	XnProperty.cpp	151	Property Image1.YRes was changed to 240.
 7026937	[INFO]	XnProperty.cpp	151	Property Image1.FPS was changed to 30.
 7026948	[INFO]	XnProperty.cpp	151	Property Image1.OutputFormat was changed to 5.
 7026961	[INFO]	XnProperty.cpp	151	Property Image1.BytesPerPixel was changed to 3.
 7026973	[INFO]	XnProperty.cpp	151	Property Image1.RequiredDataSize was changed to 230400.
 7027001	[INFO]	XnDeviceBase.cpp	1458	Stream 'Image1' was initialized.
 7027016	[INFO]	XnDeviceBase.cpp	1463	'Image1' stream was created.
 7027115	[INFO]	XnProperty.cpp	74	Setting Image1.InputFormat to 6...
 7027134	[INFO]	XnProperty.cpp	151	Property Image1.InputFormat was changed to 6.
 7027146	[INFO]	XnProperty.cpp	101	Image1.InputFormat was successfully set.
 7027570	[INFO]	XnDeviceModule.cpp	431	Module 'Image1' configuration was loaded from file.
 7027653	[INFO]	XnProperty.cpp	74	Setting Image1.FPS to 30...
 7027672	[INFO]	XnProperty.cpp	101	Image1.FPS was successfully set.
 7027684	[INFO]	XnProperty.cpp	74	Setting Image1.YRes to 480...
 7027696	[INFO]	XnProperty.cpp	151	Property Image1.Resolution was changed to 1.
 7027709	[INFO]	XnProperty.cpp	151	Property Image1.XRes was changed to 640.
 7027720	[INFO]	XnProperty.cpp	151	Property Image1.RequiredDataSize was changed to 460800.
 7027733	[INFO]	XnProperty.cpp	151	Property Image1.YRes was changed to 480.
 7027745	[INFO]	XnProperty.cpp	151	Property Image1.RequiredDataSize was changed to 921600.
 7027757	[INFO]	XnProperty.cpp	101	Image1.YRes was successfully set.
 7027769	[INFO]	XnProperty.cpp	74	Setting Image1.XRes to 640...
 7027783	[INFO]	XnProperty.cpp	101	Image1.XRes was successfully set.
 7028816	[INFO]	XnUSBLinux-x86.cpp	1222	USB read thread was started.
 7028870	[INFO]	XnProperty.cpp	151	Property Image1.ActualReadData was changed to 1.
 7084358	[WARNING]	XnDepthProcessor.cpp	133	Read: Depth buffer is corrupt. Size is 600096 (!= 614400)
 7084413	[WARNING]	XnFrameStreamProcessor.cpp	132	Depth frame is corrupt!
 7216392	[WARNING]	XnDepthProcessor.cpp	133	Read: Depth buffer is corrupt. Size is 570288 (!= 614400)
 7216440	[WARNING]	XnFrameStreamProcessor.cpp	132	Depth frame is corrupt!
10120350	[WARNING]	XnDepthProcessor.cpp	133	Read: Depth buffer is corrupt. Size is 591568 (!= 614400)
10120397	[WARNING]	XnFrameStreamProcessor.cpp	132	Depth frame is corrupt!
10229848	[INFO]	XnProperty.cpp	151	Property Image1.State was changed to 1.
10229891	[INFO]	XnDeviceBase.cpp	370	Stream Image1 is open.
10230093	[INFO]	XnProperty.cpp	74	Setting Depth1.Registration to 1...
10284467	[WARNING]	XnDepthProcessor.cpp	133	Read: Depth buffer is corrupt. Size is 589760 (!= 614400)
10284518	[WARNING]	XnFrameStreamProcessor.cpp	132	Depth frame is corrupt!
10382060	[INFO]	XnProperty.cpp	151	Property Depth1.Registration was changed to 1.
10382102	[INFO]	XnProperty.cpp	101	Depth1.Registration was successfully set.
10382150	[INFO]	XnProperty.cpp	74	Setting Image1.Mirror to 1...
10394610	[INFO]	XnProperty.cpp	151	Property Image1.FirmwareMirror was changed to 1.
10394662	[INFO]	XnProperty.cpp	151	Property Image1.Mirror was changed to 1.
10394675	[INFO]	XnProperty.cpp	101	Image1.Mirror was successfully set.
98781053	[INFO]	XnOpenNI.cpp	1459	Destroying node 'User1'
98788627	[INFO]	XnOpenNI.cpp	1459	Destroying node 'Depth1'
98788722	[INFO]	XnDeviceBase.cpp	1507	Destroying stream 'Depth1'...
98789930	[INFO]	XnOpenNI.cpp	1459	Destroying node 'Image1'
98789965	[INFO]	XnDeviceBase.cpp	1507	Destroying stream 'Image1'...
98790767	[INFO]	XnOpenNI.cpp	1459	Destroying node 'Device1'
