    1704	[INFO]	XnLog.cpp	165	OpenNI version is 1.0.0 (Build 25)-MacOSX (Jan  7 2011 14:20:18)
    1761	[INFO]	XnLog.cpp	173	Log system initialized. Console: 1, File: 1, Severity: INFO, Masks: ALL
    1795	[INFO]	XnLog.cpp	173	Log system initialized. Console: 1, File: 1, Severity: INFO, Masks: ALL
    3315	[INFO]	XnUSBLinux-x86.cpp	98	USB is initialized.
 2365202	[INFO]	XnOpenNI.cpp	1261	Creating node 'Device1' of type Device...
 2366183	[INFO]	XnDeviceModule.cpp	431	Module 'Device' configuration was loaded from file.
 2626858	[INFO]	XnDeviceSensorIO.cpp	135	Connected to USB device
 2626908	[INFO]	XnProperty.cpp	151	Property Device.USBPath was changed to 045e/02ae@253/8.
 2633516	[INFO]	XnHostProtocol.cpp	825	Hardware versions: FW=5.1.4 (7) HW=4 Chip=2 Sensor=4 SYS=7
 4043716	[INFO]	XnProperty.cpp	151	Property Device.ID was changed to 0.
 4043783	[INFO]	XnSensor.cpp	182	Device sensor initialized
 4043869	[INFO]	XnOpenNI.cpp	1261	Creating node 'Depth1' of type Depth...
 4043908	[INFO]	XnDeviceBase.cpp	1383	Creating stream 'Depth1' of type 'Depth'...
 4043934	[INFO]	XnProperty.cpp	74	Setting Device.ReadData to 1...
 4043975	[INFO]	XnDeviceSensorIO.cpp	298	Endpoints open
 4056352	[INFO]	XnProperty.cpp	151	Property Device.ReadData was changed to 1.
 4056393	[INFO]	XnProperty.cpp	101	Device.ReadData was successfully set.
 4056733	[INFO]	XnProperty.cpp	151	Property Depth1.Resolution was changed to 0.
 4056753	[INFO]	XnProperty.cpp	151	Property Depth1.XRes was changed to 320.
 4056767	[INFO]	XnProperty.cpp	151	Property Depth1.YRes was changed to 240.
 4056778	[INFO]	XnProperty.cpp	151	Property Depth1.FPS was changed to 30.
 4056790	[INFO]	XnProperty.cpp	151	Property Depth1.OutputFormat was changed to 1.
 4056801	[INFO]	XnProperty.cpp	151	Property Depth1.BytesPerPixel was changed to 2.
 4056814	[INFO]	XnProperty.cpp	151	Property Depth1.RequiredDataSize was changed to 153600.
 4056829	[INFO]	XnProperty.cpp	151	Property Depth1.ParamCoeff was changed to 4.
 4056888	[INFO]	XnProperty.cpp	151	Property Depth1.ShiftScale was changed to 10.
 4069031	[INFO]	XnProperty.cpp	151	Property Depth1.ConstShift was changed to 200.
 4069127	[INFO]	XnProperty.cpp	151	Property Depth1.ZPD was changed to 120.
 4069231	[INFO]	XnProperty.cpp	151	Property Depth1.ZPPS was changed to 0.104200.
 4069248	[INFO]	XnProperty.cpp	151	Property Depth1.LDDIS was changed to 7.500000.
 4069337	[INFO]	XnProperty.cpp	151	Property Depth1.Gain was changed to 30.
 4069368	[INFO]	XnDeviceBase.cpp	1458	Stream 'Depth1' was initialized.
 4069382	[INFO]	XnDeviceBase.cpp	1463	'Depth1' stream was created.
 4069540	[INFO]	XnProperty.cpp	74	Setting Depth1.InputFormat to 3...
 4069563	[INFO]	XnProperty.cpp	151	Property Depth1.InputFormat was changed to 3.
 4069582	[INFO]	XnProperty.cpp	101	Depth1.InputFormat was successfully set.
 4070026	[INFO]	XnProperty.cpp	74	Setting Depth1.RegistrationType to 2...
 4070047	[INFO]	XnProperty.cpp	151	Property Depth1.RegistrationType was changed to 2.
 4070058	[INFO]	XnProperty.cpp	101	Depth1.RegistrationType was successfully set.
 4070523	[INFO]	XnDeviceModule.cpp	431	Module 'Depth1' configuration was loaded from file.
 4070712	[INFO]	XnProperty.cpp	74	Setting Depth1.FPS to 30...
 4070733	[INFO]	XnProperty.cpp	86	Depth1.FPS value did not change.
 4070752	[INFO]	XnProperty.cpp	74	Setting Depth1.YRes to 480...
 4070773	[INFO]	XnProperty.cpp	151	Property Depth1.Resolution was changed to 1.
 4070793	[INFO]	XnProperty.cpp	151	Property Depth1.XRes was changed to 640.
 4070812	[INFO]	XnProperty.cpp	151	Property Depth1.RequiredDataSize was changed to 307200.
 4070834	[INFO]	XnProperty.cpp	151	Property Depth1.YRes was changed to 480.
 4070853	[INFO]	XnProperty.cpp	151	Property Depth1.RequiredDataSize was changed to 614400.
 4070874	[INFO]	XnProperty.cpp	101	Depth1.YRes was successfully set.
 4070893	[INFO]	XnProperty.cpp	74	Setting Depth1.XRes to 640...
 4070910	[INFO]	XnProperty.cpp	86	Depth1.XRes value did not change.
 4070967	[INFO]	XnProperty.cpp	74	Setting Depth1.Mirror to 1...
 4070987	[INFO]	XnProperty.cpp	151	Property Depth1.FirmwareMirror was changed to 1.
 4071039	[INFO]	XnProperty.cpp	151	Property Depth1.Mirror was changed to 1.
 4071058	[INFO]	XnProperty.cpp	101	Depth1.Mirror was successfully set.
 6279218	[INFO]	XnOpenNI.cpp	1261	Creating node 'User1' of type User...
 6301700	[WARNING]	Linux-x86Threads.cpp	173	Failed to set thread priority: Invalid argument
 6301743	[WARNING]	XnUSBLinux-x86.cpp	126	USB events thread: Failed to set thread priority to critical. This might cause loss of data...
 6302470	[INFO]	XnUSBLinux-x86.cpp	1222	USB read thread was started.
 6302494	[INFO]	XnProperty.cpp	151	Property Depth1.ActualReadData was changed to 1.
 6772880	[INFO]	XnProperty.cpp	151	Property Depth1.State was changed to 1.
 6772922	[INFO]	XnDeviceBase.cpp	370	Stream Depth1 is open.
 9587452	[INFO]	XnOpenNI.cpp	1261	Creating node 'Image1' of type Image...
 9587502	[INFO]	XnDeviceBase.cpp	1383	Creating stream 'Image1' of type 'Image'...
 9587704	[INFO]	XnProperty.cpp	151	Property Image1.Resolution was changed to 0.
 9587730	[INFO]	XnProperty.cpp	151	Property Image1.XRes was changed to 320.
 9587749	[INFO]	XnProperty.cpp	151	Property Image1.YRes was changed to 240.
 9587767	[INFO]	XnProperty.cpp	151	Property Image1.FPS was changed to 30.
 9587783	[INFO]	XnProperty.cpp	151	Property Image1.OutputFormat was changed to 5.
 9587801	[INFO]	XnProperty.cpp	151	Property Image1.BytesPerPixel was changed to 3.
 9587820	[INFO]	XnProperty.cpp	151	Property Image1.RequiredDataSize was changed to 230400.
 9587860	[INFO]	XnDeviceBase.cpp	1458	Stream 'Image1' was initialized.
 9587883	[INFO]	XnDeviceBase.cpp	1463	'Image1' stream was created.
 9588014	[INFO]	XnProperty.cpp	74	Setting Image1.InputFormat to 6...
 9588044	[INFO]	XnProperty.cpp	151	Property Image1.InputFormat was changed to 6.
 9588064	[INFO]	XnProperty.cpp	101	Image1.InputFormat was successfully set.
 9588689	[INFO]	XnDeviceModule.cpp	431	Module 'Image1' configuration was loaded from file.
 9588794	[INFO]	XnProperty.cpp	74	Setting Image1.FPS to 30...
 9588818	[INFO]	XnProperty.cpp	86	Image1.FPS value did not change.
 9588836	[INFO]	XnProperty.cpp	74	Setting Image1.YRes to 480...
 9588853	[INFO]	XnProperty.cpp	151	Property Image1.Resolution was changed to 1.
 9588872	[INFO]	XnProperty.cpp	151	Property Image1.XRes was changed to 640.
 9588894	[INFO]	XnProperty.cpp	151	Property Image1.RequiredDataSize was changed to 460800.
 9588918	[INFO]	XnProperty.cpp	151	Property Image1.YRes was changed to 480.
 9588941	[INFO]	XnProperty.cpp	151	Property Image1.RequiredDataSize was changed to 921600.
 9588964	[INFO]	XnProperty.cpp	101	Image1.YRes was successfully set.
 9589000	[INFO]	XnProperty.cpp	74	Setting Image1.XRes to 640...
 9589021	[INFO]	XnProperty.cpp	86	Image1.XRes value did not change.
 9590111	[INFO]	XnUSBLinux-x86.cpp	1222	USB read thread was started.
 9590155	[INFO]	XnProperty.cpp	151	Property Image1.ActualReadData was changed to 1.
 9774366	[WARNING]	XnDepthProcessor.cpp	133	Read: Depth buffer is corrupt. Size is 525824 (!= 614400)
 9774412	[WARNING]	XnFrameStreamProcessor.cpp	132	Depth frame is corrupt!
12674472	[WARNING]	XnDepthProcessor.cpp	133	Read: Depth buffer is corrupt. Size is 597600 (!= 614400)
12674517	[WARNING]	XnFrameStreamProcessor.cpp	132	Depth frame is corrupt!
12790762	[INFO]	XnProperty.cpp	151	Property Image1.State was changed to 1.
12790803	[INFO]	XnDeviceBase.cpp	370	Stream Image1 is open.
12790992	[INFO]	XnProperty.cpp	74	Setting Depth1.Registration to 1...
12810376	[WARNING]	XnDepthProcessor.cpp	133	Read: Depth buffer is corrupt. Size is 594752 (!= 614400)
12810433	[WARNING]	XnFrameStreamProcessor.cpp	132	Depth frame is corrupt!
12942781	[INFO]	XnProperty.cpp	151	Property Depth1.Registration was changed to 1.
12942824	[INFO]	XnProperty.cpp	101	Depth1.Registration was successfully set.
12942869	[INFO]	XnProperty.cpp	74	Setting Image1.Mirror to 1...
12955266	[INFO]	XnProperty.cpp	151	Property Image1.FirmwareMirror was changed to 1.
12955320	[INFO]	XnProperty.cpp	151	Property Image1.Mirror was changed to 1.
12955341	[INFO]	XnProperty.cpp	101	Image1.Mirror was successfully set.
20389124	[INFO]	XnOpenNI.cpp	1459	Destroying node 'User1'
20397255	[INFO]	XnOpenNI.cpp	1459	Destroying node 'Depth1'
20397343	[INFO]	XnDeviceBase.cpp	1507	Destroying stream 'Depth1'...
20398965	[INFO]	XnOpenNI.cpp	1459	Destroying node 'Image1'
20399038	[INFO]	XnDeviceBase.cpp	1507	Destroying stream 'Image1'...
20400004	[INFO]	XnOpenNI.cpp	1459	Destroying node 'Device1'
