    1578	[INFO]	XnLog.cpp	165	OpenNI version is 1.0.0 (Build 25)-MacOSX (Jan  7 2011 14:20:18)
    1623	[INFO]	XnLog.cpp	173	Log system initialized. Console: 1, File: 1, Severity: INFO, Masks: ALL
    1646	[INFO]	XnLog.cpp	173	Log system initialized. Console: 1, File: 1, Severity: INFO, Masks: ALL
    2743	[INFO]	XnUSBLinux-x86.cpp	98	USB is initialized.
 2365362	[INFO]	XnOpenNI.cpp	1261	Creating node 'Device1' of type Device...
 2366135	[INFO]	XnDeviceModule.cpp	431	Module 'Device' configuration was loaded from file.
 2625629	[INFO]	XnDeviceSensorIO.cpp	135	Connected to USB device
 2625682	[INFO]	XnProperty.cpp	151	Property Device.USBPath was changed to 045e/02ae@253/8.
 2633458	[INFO]	XnHostProtocol.cpp	825	Hardware versions: FW=5.1.4 (7) HW=4 Chip=2 Sensor=4 SYS=7
 4042879	[INFO]	XnProperty.cpp	151	Property Device.ID was changed to 0.
 4042986	[INFO]	XnSensor.cpp	182	Device sensor initialized
 4043144	[INFO]	XnOpenNI.cpp	1261	Creating node 'Depth1' of type Depth...
 4043223	[INFO]	XnDeviceBase.cpp	1383	Creating stream 'Depth1' of type 'Depth'...
 4043246	[INFO]	XnProperty.cpp	74	Setting Device.ReadData to 1...
 4043287	[INFO]	XnDeviceSensorIO.cpp	298	Endpoints open
 4055640	[INFO]	XnProperty.cpp	151	Property Device.ReadData was changed to 1.
 4055678	[INFO]	XnProperty.cpp	101	Device.ReadData was successfully set.
 4056002	[INFO]	XnProperty.cpp	151	Property Depth1.Resolution was changed to 0.
 4056022	[INFO]	XnProperty.cpp	151	Property Depth1.XRes was changed to 320.
 4056035	[INFO]	XnProperty.cpp	151	Property Depth1.YRes was changed to 240.
 4056046	[INFO]	XnProperty.cpp	151	Property Depth1.FPS was changed to 30.
 4056057	[INFO]	XnProperty.cpp	151	Property Depth1.OutputFormat was changed to 1.
 4056068	[INFO]	XnProperty.cpp	151	Property Depth1.BytesPerPixel was changed to 2.
 4056080	[INFO]	XnProperty.cpp	151	Property Depth1.RequiredDataSize was changed to 153600.
 4056096	[INFO]	XnProperty.cpp	151	Property Depth1.ParamCoeff was changed to 4.
 4056154	[INFO]	XnProperty.cpp	151	Property Depth1.ShiftScale was changed to 10.
 4068699	[INFO]	XnProperty.cpp	151	Property Depth1.ConstShift was changed to 200.
 4068795	[INFO]	XnProperty.cpp	151	Property Depth1.ZPD was changed to 120.
 4068909	[INFO]	XnProperty.cpp	151	Property Depth1.ZPPS was changed to 0.104200.
 4068934	[INFO]	XnProperty.cpp	151	Property Depth1.LDDIS was changed to 7.500000.
 4069051	[INFO]	XnProperty.cpp	151	Property Depth1.Gain was changed to 30.
 4069098	[INFO]	XnDeviceBase.cpp	1458	Stream 'Depth1' was initialized.
 4069119	[INFO]	XnDeviceBase.cpp	1463	'Depth1' stream was created.
 4069315	[INFO]	XnProperty.cpp	74	Setting Depth1.InputFormat to 3...
 4069344	[INFO]	XnProperty.cpp	151	Property Depth1.InputFormat was changed to 3.
 4069362	[INFO]	XnProperty.cpp	101	Depth1.InputFormat was successfully set.
 4070037	[INFO]	XnProperty.cpp	74	Setting Depth1.RegistrationType to 2...
 4070061	[INFO]	XnProperty.cpp	151	Property Depth1.RegistrationType was changed to 2.
 4070080	[INFO]	XnProperty.cpp	101	Depth1.RegistrationType was successfully set.
 4070561	[INFO]	XnDeviceModule.cpp	431	Module 'Depth1' configuration was loaded from file.
 4070768	[INFO]	XnProperty.cpp	74	Setting Depth1.FPS to 30...
 4070791	[INFO]	XnProperty.cpp	86	Depth1.FPS value did not change.
 4070810	[INFO]	XnProperty.cpp	74	Setting Depth1.YRes to 480...
 4070833	[INFO]	XnProperty.cpp	151	Property Depth1.Resolution was changed to 1.
 4070852	[INFO]	XnProperty.cpp	151	Property Depth1.XRes was changed to 640.
 4070871	[INFO]	XnProperty.cpp	151	Property Depth1.RequiredDataSize was changed to 307200.
 4070892	[INFO]	XnProperty.cpp	151	Property Depth1.YRes was changed to 480.
 4070910	[INFO]	XnProperty.cpp	151	Property Depth1.RequiredDataSize was changed to 614400.
 4070928	[INFO]	XnProperty.cpp	101	Depth1.YRes was successfully set.
 4070947	[INFO]	XnProperty.cpp	74	Setting Depth1.XRes to 640...
 4070963	[INFO]	XnProperty.cpp	86	Depth1.XRes value did not change.
 4071017	[INFO]	XnProperty.cpp	74	Setting Depth1.Mirror to 1...
 4071036	[INFO]	XnProperty.cpp	151	Property Depth1.FirmwareMirror was changed to 1.
 4071088	[INFO]	XnProperty.cpp	151	Property Depth1.Mirror was changed to 1.
 4071107	[INFO]	XnProperty.cpp	101	Depth1.Mirror was successfully set.
 6899015	[INFO]	XnOpenNI.cpp	1261	Creating node 'User1' of type User...
 6922007	[WARNING]	Linux-x86Threads.cpp	173	Failed to set thread priority: Invalid argument
 6922051	[WARNING]	XnUSBLinux-x86.cpp	126	USB events thread: Failed to set thread priority to critical. This might cause loss of data...
 6923021	[INFO]	XnUSBLinux-x86.cpp	1222	USB read thread was started.
 6923053	[INFO]	XnProperty.cpp	151	Property Depth1.ActualReadData was changed to 1.
 7393243	[INFO]	XnProperty.cpp	151	Property Depth1.State was changed to 1.
 7393285	[INFO]	XnDeviceBase.cpp	370	Stream Depth1 is open.
10204929	[INFO]	XnOpenNI.cpp	1261	Creating node 'Image1' of type Image...
10204978	[INFO]	XnDeviceBase.cpp	1383	Creating stream 'Image1' of type 'Image'...
10205156	[INFO]	XnProperty.cpp	151	Property Image1.Resolution was changed to 0.
10205175	[INFO]	XnProperty.cpp	151	Property Image1.XRes was changed to 320.
10205187	[INFO]	XnProperty.cpp	151	Property Image1.YRes was changed to 240.
10205199	[INFO]	XnProperty.cpp	151	Property Image1.FPS was changed to 30.
10205210	[INFO]	XnProperty.cpp	151	Property Image1.OutputFormat was changed to 5.
10205222	[INFO]	XnProperty.cpp	151	Property Image1.BytesPerPixel was changed to 3.
10205234	[INFO]	XnProperty.cpp	151	Property Image1.RequiredDataSize was changed to 230400.
10205262	[INFO]	XnDeviceBase.cpp	1458	Stream 'Image1' was initialized.
10205276	[INFO]	XnDeviceBase.cpp	1463	'Image1' stream was created.
10205381	[INFO]	XnProperty.cpp	74	Setting Image1.InputFormat to 6...
10205402	[INFO]	XnProperty.cpp	151	Property Image1.InputFormat was changed to 6.
10205415	[INFO]	XnProperty.cpp	101	Image1.InputFormat was successfully set.
10205824	[INFO]	XnDeviceModule.cpp	431	Module 'Image1' configuration was loaded from file.
10205911	[INFO]	XnProperty.cpp	74	Setting Image1.FPS to 30...
10205927	[INFO]	XnProperty.cpp	86	Image1.FPS value did not change.
10205938	[INFO]	XnProperty.cpp	74	Setting Image1.YRes to 480...
10205951	[INFO]	XnProperty.cpp	151	Property Image1.Resolution was changed to 1.
10205963	[INFO]	XnProperty.cpp	151	Property Image1.XRes was changed to 640.
10205975	[INFO]	XnProperty.cpp	151	Property Image1.RequiredDataSize was changed to 460800.
10205988	[INFO]	XnProperty.cpp	151	Property Image1.YRes was changed to 480.
10206000	[INFO]	XnProperty.cpp	151	Property Image1.RequiredDataSize was changed to 921600.
10206012	[INFO]	XnProperty.cpp	101	Image1.YRes was successfully set.
10206025	[INFO]	XnProperty.cpp	74	Setting Image1.XRes to 640...
10206036	[INFO]	XnProperty.cpp	86	Image1.XRes value did not change.
10206943	[INFO]	XnUSBLinux-x86.cpp	1222	USB read thread was started.
10206985	[INFO]	XnProperty.cpp	151	Property Image1.ActualReadData was changed to 1.
10394713	[WARNING]	XnDepthProcessor.cpp	133	Read: Depth buffer is corrupt. Size is 513584 (!= 614400)
10394762	[WARNING]	XnFrameStreamProcessor.cpp	132	Depth frame is corrupt!
13294776	[WARNING]	XnDepthProcessor.cpp	133	Read: Depth buffer is corrupt. Size is 561664 (!= 614400)
13294821	[WARNING]	XnFrameStreamProcessor.cpp	132	Depth frame is corrupt!
13407825	[INFO]	XnProperty.cpp	151	Property Image1.State was changed to 1.
13407867	[INFO]	XnDeviceBase.cpp	370	Stream Image1 is open.
13408034	[INFO]	XnProperty.cpp	74	Setting Depth1.Registration to 1...
13430772	[WARNING]	XnDepthProcessor.cpp	133	Read: Depth buffer is corrupt. Size is 580272 (!= 614400)
13430830	[WARNING]	XnFrameStreamProcessor.cpp	132	Depth frame is corrupt!
13560327	[INFO]	XnProperty.cpp	151	Property Depth1.Registration was changed to 1.
13560368	[INFO]	XnProperty.cpp	101	Depth1.Registration was successfully set.
13560415	[INFO]	XnProperty.cpp	74	Setting Image1.Mirror to 1...
13572708	[INFO]	XnProperty.cpp	151	Property Image1.FirmwareMirror was changed to 1.
13572752	[INFO]	XnProperty.cpp	151	Property Image1.Mirror was changed to 1.
13572764	[INFO]	XnProperty.cpp	101	Image1.Mirror was successfully set.
64896650	[INFO]	XnOpenNI.cpp	1459	Destroying node 'User1'
64904385	[INFO]	XnOpenNI.cpp	1459	Destroying node 'Depth1'
64904477	[INFO]	XnDeviceBase.cpp	1507	Destroying stream 'Depth1'...
64905617	[INFO]	XnOpenNI.cpp	1459	Destroying node 'Image1'
64905678	[INFO]	XnDeviceBase.cpp	1507	Destroying stream 'Image1'...
64906449	[INFO]	XnOpenNI.cpp	1459	Destroying node 'Device1'
