    1354	[INFO]	XnLog.cpp	165	OpenNI version is 1.0.0 (Build 25)-MacOSX (Jan  7 2011 14:20:18)
    1398	[INFO]	XnLog.cpp	173	Log system initialized. Console: 1, File: 1, Severity: INFO, Masks: ALL
    1422	[INFO]	XnLog.cpp	173	Log system initialized. Console: 1, File: 1, Severity: INFO, Masks: ALL
    2536	[INFO]	XnUSBLinux-x86.cpp	98	USB is initialized.
 1994540	[INFO]	XnOpenNI.cpp	1261	Creating node 'Device1' of type Device...
 1995297	[INFO]	XnDeviceModule.cpp	431	Module 'Device' configuration was loaded from file.
 2255577	[INFO]	XnDeviceSensorIO.cpp	135	Connected to USB device
 2255639	[INFO]	XnProperty.cpp	151	Property Device.USBPath was changed to 045e/02ae@253/8.
 2262936	[INFO]	XnHostProtocol.cpp	825	Hardware versions: FW=5.1.4 (7) HW=4 Chip=2 Sensor=4 SYS=7
 3673580	[INFO]	XnProperty.cpp	151	Property Device.ID was changed to 0.
 3673660	[INFO]	XnSensor.cpp	182	Device sensor initialized
 3673762	[INFO]	XnOpenNI.cpp	1261	Creating node 'Depth1' of type Depth...
 3673812	[INFO]	XnDeviceBase.cpp	1383	Creating stream 'Depth1' of type 'Depth'...
 3673835	[INFO]	XnProperty.cpp	74	Setting Device.ReadData to 1...
 3673877	[INFO]	XnDeviceSensorIO.cpp	298	Endpoints open
 3686377	[INFO]	XnProperty.cpp	151	Property Device.ReadData was changed to 1.
 3686418	[INFO]	XnProperty.cpp	101	Device.ReadData was successfully set.
 3686801	[INFO]	XnProperty.cpp	151	Property Depth1.Resolution was changed to 0.
 3686827	[INFO]	XnProperty.cpp	151	Property Depth1.XRes was changed to 320.
 3686851	[INFO]	XnProperty.cpp	151	Property Depth1.YRes was changed to 240.
 3686870	[INFO]	XnProperty.cpp	151	Property Depth1.FPS was changed to 30.
 3686887	[INFO]	XnProperty.cpp	151	Property Depth1.OutputFormat was changed to 1.
 3686905	[INFO]	XnProperty.cpp	151	Property Depth1.BytesPerPixel was changed to 2.
 3686922	[INFO]	XnProperty.cpp	151	Property Depth1.RequiredDataSize was changed to 153600.
 3686946	[INFO]	XnProperty.cpp	151	Property Depth1.ParamCoeff was changed to 4.
 3687021	[INFO]	XnProperty.cpp	151	Property Depth1.ShiftScale was changed to 10.
 3699770	[INFO]	XnProperty.cpp	151	Property Depth1.ConstShift was changed to 200.
 3699859	[INFO]	XnProperty.cpp	151	Property Depth1.ZPD was changed to 120.
 3699962	[INFO]	XnProperty.cpp	151	Property Depth1.ZPPS was changed to 0.104200.
 3699987	[INFO]	XnProperty.cpp	151	Property Depth1.LDDIS was changed to 7.500000.
 3700101	[INFO]	XnProperty.cpp	151	Property Depth1.Gain was changed to 30.
 3700147	[INFO]	XnDeviceBase.cpp	1458	Stream 'Depth1' was initialized.
 3700170	[INFO]	XnDeviceBase.cpp	1463	'Depth1' stream was created.
 3700383	[INFO]	XnProperty.cpp	74	Setting Depth1.InputFormat to 3...
 3700414	[INFO]	XnProperty.cpp	151	Property Depth1.InputFormat was changed to 3.
 3700434	[INFO]	XnProperty.cpp	101	Depth1.InputFormat was successfully set.
 3701124	[INFO]	XnProperty.cpp	74	Setting Depth1.RegistrationType to 2...
 3701154	[INFO]	XnProperty.cpp	151	Property Depth1.RegistrationType was changed to 2.
 3701173	[INFO]	XnProperty.cpp	101	Depth1.RegistrationType was successfully set.
 3701896	[INFO]	XnDeviceModule.cpp	431	Module 'Depth1' configuration was loaded from file.
 3702124	[INFO]	XnProperty.cpp	74	Setting Depth1.FPS to 30...
 3702148	[INFO]	XnProperty.cpp	86	Depth1.FPS value did not change.
 3702168	[INFO]	XnProperty.cpp	74	Setting Depth1.YRes to 480...
 3702191	[INFO]	XnProperty.cpp	151	Property Depth1.Resolution was changed to 1.
 3702214	[INFO]	XnProperty.cpp	151	Property Depth1.XRes was changed to 640.
 3702233	[INFO]	XnProperty.cpp	151	Property Depth1.RequiredDataSize was changed to 307200.
 3702254	[INFO]	XnProperty.cpp	151	Property Depth1.YRes was changed to 480.
 3702271	[INFO]	XnProperty.cpp	151	Property Depth1.RequiredDataSize was changed to 614400.
 3702288	[INFO]	XnProperty.cpp	101	Depth1.YRes was successfully set.
 3702306	[INFO]	XnProperty.cpp	74	Setting Depth1.XRes to 640...
 3702323	[INFO]	XnProperty.cpp	86	Depth1.XRes value did not change.
 3702382	[INFO]	XnProperty.cpp	74	Setting Depth1.Mirror to 1...
 3702406	[INFO]	XnProperty.cpp	151	Property Depth1.FirmwareMirror was changed to 1.
 3702468	[INFO]	XnProperty.cpp	151	Property Depth1.Mirror was changed to 1.
 3702489	[INFO]	XnProperty.cpp	101	Depth1.Mirror was successfully set.
 6014729	[INFO]	XnOpenNI.cpp	1261	Creating node 'User1' of type User...
 6037592	[WARNING]	Linux-x86Threads.cpp	173	Failed to set thread priority: Invalid argument
 6037637	[WARNING]	XnUSBLinux-x86.cpp	126	USB events thread: Failed to set thread priority to critical. This might cause loss of data...
 6038422	[INFO]	XnUSBLinux-x86.cpp	1222	USB read thread was started.
 6038450	[INFO]	XnProperty.cpp	151	Property Depth1.ActualReadData was changed to 1.
 6508964	[INFO]	XnProperty.cpp	151	Property Depth1.State was changed to 1.
 6509005	[INFO]	XnDeviceBase.cpp	370	Stream Depth1 is open.
 9319946	[INFO]	XnOpenNI.cpp	1261	Creating node 'Image1' of type Image...
 9319996	[INFO]	XnDeviceBase.cpp	1383	Creating stream 'Image1' of type 'Image'...
 9320175	[INFO]	XnProperty.cpp	151	Property Image1.Resolution was changed to 0.
 9320194	[INFO]	XnProperty.cpp	151	Property Image1.XRes was changed to 320.
 9320207	[INFO]	XnProperty.cpp	151	Property Image1.YRes was changed to 240.
 9320218	[INFO]	XnProperty.cpp	151	Property Image1.FPS was changed to 30.
 9320229	[INFO]	XnProperty.cpp	151	Property Image1.OutputFormat was changed to 5.
 9320260	[INFO]	XnProperty.cpp	151	Property Image1.BytesPerPixel was changed to 3.
 9320281	[INFO]	XnProperty.cpp	151	Property Image1.RequiredDataSize was changed to 230400.
 9320321	[INFO]	XnDeviceBase.cpp	1458	Stream 'Image1' was initialized.
 9320340	[INFO]	XnDeviceBase.cpp	1463	'Image1' stream was created.
 9320465	[INFO]	XnProperty.cpp	74	Setting Image1.InputFormat to 6...
 9320489	[INFO]	XnProperty.cpp	151	Property Image1.InputFormat was changed to 6.
 9320506	[INFO]	XnProperty.cpp	101	Image1.InputFormat was successfully set.
 9321013	[INFO]	XnDeviceModule.cpp	431	Module 'Image1' configuration was loaded from file.
 9321097	[INFO]	XnProperty.cpp	74	Setting Image1.FPS to 30...
 9321116	[INFO]	XnProperty.cpp	86	Image1.FPS value did not change.
 9321136	[INFO]	XnProperty.cpp	74	Setting Image1.YRes to 480...
 9321155	[INFO]	XnProperty.cpp	151	Property Image1.Resolution was changed to 1.
 9321172	[INFO]	XnProperty.cpp	151	Property Image1.XRes was changed to 640.
 9321190	[INFO]	XnProperty.cpp	151	Property Image1.RequiredDataSize was changed to 460800.
 9321210	[INFO]	XnProperty.cpp	151	Property Image1.YRes was changed to 480.
 9321228	[INFO]	XnProperty.cpp	151	Property Image1.RequiredDataSize was changed to 921600.
 9321246	[INFO]	XnProperty.cpp	101	Image1.YRes was successfully set.
 9321265	[INFO]	XnProperty.cpp	74	Setting Image1.XRes to 640...
 9321281	[INFO]	XnProperty.cpp	86	Image1.XRes value did not change.
 9322231	[INFO]	XnUSBLinux-x86.cpp	1222	USB read thread was started.
 9322274	[INFO]	XnProperty.cpp	151	Property Image1.ActualReadData was changed to 1.
 9377959	[WARNING]	XnFrameStreamProcessor.cpp	140	Depth Frame Buffer overflow! current size: 612768
 9377998	[WARNING]	XnFrameStreamProcessor.cpp	132	Depth frame is corrupt!
 9409957	[WARNING]	XnDepthProcessor.cpp	133	Read: Depth buffer is corrupt. Size is 612768 (!= 614400)
 9509913	[WARNING]	XnDepthProcessor.cpp	133	Read: Depth buffer is corrupt. Size is 543952 (!= 614400)
 9509968	[WARNING]	XnFrameStreamProcessor.cpp	132	Depth frame is corrupt!
12410063	[WARNING]	XnDepthProcessor.cpp	133	Read: Depth buffer is corrupt. Size is 569136 (!= 614400)
12410106	[WARNING]	XnFrameStreamProcessor.cpp	132	Depth frame is corrupt!
12522453	[INFO]	XnProperty.cpp	151	Property Image1.State was changed to 1.
12522495	[INFO]	XnDeviceBase.cpp	370	Stream Image1 is open.
12522663	[INFO]	XnProperty.cpp	74	Setting Depth1.Registration to 1...
12578042	[WARNING]	XnDepthProcessor.cpp	133	Read: Depth buffer is corrupt. Size is 587264 (!= 614400)
12578095	[WARNING]	XnFrameStreamProcessor.cpp	132	Depth frame is corrupt!
12674947	[INFO]	XnProperty.cpp	151	Property Depth1.Registration was changed to 1.
12675016	[INFO]	XnProperty.cpp	101	Depth1.Registration was successfully set.
12675093	[INFO]	XnProperty.cpp	74	Setting Image1.Mirror to 1...
12687456	[INFO]	XnProperty.cpp	151	Property Image1.FirmwareMirror was changed to 1.
12687506	[INFO]	XnProperty.cpp	151	Property Image1.Mirror was changed to 1.
12687518	[INFO]	XnProperty.cpp	101	Image1.Mirror was successfully set.
70839974	[INFO]	XnOpenNI.cpp	1459	Destroying node 'User1'
70848195	[INFO]	XnOpenNI.cpp	1459	Destroying node 'Depth1'
70848292	[INFO]	XnDeviceBase.cpp	1507	Destroying stream 'Depth1'...
70849405	[INFO]	XnOpenNI.cpp	1459	Destroying node 'Image1'
70849466	[INFO]	XnDeviceBase.cpp	1507	Destroying stream 'Image1'...
70850261	[INFO]	XnOpenNI.cpp	1459	Destroying node 'Device1'
