    1582	[INFO]	XnLog.cpp	165	OpenNI version is 1.0.0 (Build 25)-MacOSX (Jan  7 2011 14:20:18)
    1626	[INFO]	XnLog.cpp	173	Log system initialized. Console: 1, File: 1, Severity: INFO, Masks: ALL
    1650	[INFO]	XnLog.cpp	173	Log system initialized. Console: 1, File: 1, Severity: INFO, Masks: ALL
    2914	[INFO]	XnUSBLinux-x86.cpp	98	USB is initialized.
 2362418	[INFO]	XnOpenNI.cpp	1261	Creating node 'Device1' of type Device...
 2363182	[INFO]	XnDeviceModule.cpp	431	Module 'Device' configuration was loaded from file.
 2622601	[INFO]	XnDeviceSensorIO.cpp	135	Connected to USB device
 2622651	[INFO]	XnProperty.cpp	151	Property Device.USBPath was changed to 045e/02ae@253/8.
 2629829	[INFO]	XnHostProtocol.cpp	825	Hardware versions: FW=5.1.4 (7) HW=4 Chip=2 Sensor=4 SYS=7
 4039046	[INFO]	XnProperty.cpp	151	Property Device.ID was changed to 0.
 4039100	[INFO]	XnSensor.cpp	182	Device sensor initialized
 4039194	[INFO]	XnOpenNI.cpp	1261	Creating node 'Depth1' of type Depth...
 4039231	[INFO]	XnDeviceBase.cpp	1383	Creating stream 'Depth1' of type 'Depth'...
 4039248	[INFO]	XnProperty.cpp	74	Setting Device.ReadData to 1...
 4039278	[INFO]	XnDeviceSensorIO.cpp	298	Endpoints open
 4051406	[INFO]	XnProperty.cpp	151	Property Device.ReadData was changed to 1.
 4051451	[INFO]	XnProperty.cpp	101	Device.ReadData was successfully set.
 4051905	[INFO]	XnProperty.cpp	151	Property Depth1.Resolution was changed to 0.
 4051932	[INFO]	XnProperty.cpp	151	Property Depth1.XRes was changed to 320.
 4051953	[INFO]	XnProperty.cpp	151	Property Depth1.YRes was changed to 240.
 4051972	[INFO]	XnProperty.cpp	151	Property Depth1.FPS was changed to 30.
 4051989	[INFO]	XnProperty.cpp	151	Property Depth1.OutputFormat was changed to 1.
 4052007	[INFO]	XnProperty.cpp	151	Property Depth1.BytesPerPixel was changed to 2.
 4052027	[INFO]	XnProperty.cpp	151	Property Depth1.RequiredDataSize was changed to 153600.
 4052052	[INFO]	XnProperty.cpp	151	Property Depth1.ParamCoeff was changed to 4.
 4052128	[INFO]	XnProperty.cpp	151	Property Depth1.ShiftScale was changed to 10.
 4064759	[INFO]	XnProperty.cpp	151	Property Depth1.ConstShift was changed to 200.
 4064841	[INFO]	XnProperty.cpp	151	Property Depth1.ZPD was changed to 120.
 4064937	[INFO]	XnProperty.cpp	151	Property Depth1.ZPPS was changed to 0.104200.
 4064951	[INFO]	XnProperty.cpp	151	Property Depth1.LDDIS was changed to 7.500000.
 4065043	[INFO]	XnProperty.cpp	151	Property Depth1.Gain was changed to 30.
 4065081	[INFO]	XnDeviceBase.cpp	1458	Stream 'Depth1' was initialized.
 4065105	[INFO]	XnDeviceBase.cpp	1463	'Depth1' stream was created.
 4065274	[INFO]	XnProperty.cpp	74	Setting Depth1.InputFormat to 3...
 4065298	[INFO]	XnProperty.cpp	151	Property Depth1.InputFormat was changed to 3.
 4065310	[INFO]	XnProperty.cpp	101	Depth1.InputFormat was successfully set.
 4065739	[INFO]	XnProperty.cpp	74	Setting Depth1.RegistrationType to 2...
 4065755	[INFO]	XnProperty.cpp	151	Property Depth1.RegistrationType was changed to 2.
 4065768	[INFO]	XnProperty.cpp	101	Depth1.RegistrationType was successfully set.
 4066358	[INFO]	XnDeviceModule.cpp	431	Module 'Depth1' configuration was loaded from file.
 4066616	[INFO]	XnProperty.cpp	74	Setting Depth1.FPS to 30...
 4066651	[INFO]	XnProperty.cpp	86	Depth1.FPS value did not change.
 4066670	[INFO]	XnProperty.cpp	74	Setting Depth1.YRes to 480...
 4066694	[INFO]	XnProperty.cpp	151	Property Depth1.Resolution was changed to 1.
 4066715	[INFO]	XnProperty.cpp	151	Property Depth1.XRes was changed to 640.
 4066733	[INFO]	XnProperty.cpp	151	Property Depth1.RequiredDataSize was changed to 307200.
 4066756	[INFO]	XnProperty.cpp	151	Property Depth1.YRes was changed to 480.
 4066775	[INFO]	XnProperty.cpp	151	Property Depth1.RequiredDataSize was changed to 614400.
 4066795	[INFO]	XnProperty.cpp	101	Depth1.YRes was successfully set.
 4066813	[INFO]	XnProperty.cpp	74	Setting Depth1.XRes to 640...
 4066827	[INFO]	XnProperty.cpp	86	Depth1.XRes value did not change.
 4066887	[INFO]	XnProperty.cpp	74	Setting Depth1.Mirror to 1...
 4066910	[INFO]	XnProperty.cpp	151	Property Depth1.FirmwareMirror was changed to 1.
 4066969	[INFO]	XnProperty.cpp	151	Property Depth1.Mirror was changed to 1.
 4066988	[INFO]	XnProperty.cpp	101	Depth1.Mirror was successfully set.
 6267073	[INFO]	XnOpenNI.cpp	1261	Creating node 'User1' of type User...
 6290904	[WARNING]	Linux-x86Threads.cpp	173	Failed to set thread priority: Invalid argument
 6290947	[WARNING]	XnUSBLinux-x86.cpp	126	USB events thread: Failed to set thread priority to critical. This might cause loss of data...
 6291718	[INFO]	XnUSBLinux-x86.cpp	1222	USB read thread was started.
 6291743	[INFO]	XnProperty.cpp	151	Property Depth1.ActualReadData was changed to 1.
 6762890	[INFO]	XnProperty.cpp	151	Property Depth1.State was changed to 1.
 6762932	[INFO]	XnDeviceBase.cpp	370	Stream Depth1 is open.
 9577653	[INFO]	XnOpenNI.cpp	1261	Creating node 'Image1' of type Image...
 9577703	[INFO]	XnDeviceBase.cpp	1383	Creating stream 'Image1' of type 'Image'...
 9577892	[INFO]	XnProperty.cpp	151	Property Image1.Resolution was changed to 0.
 9577911	[INFO]	XnProperty.cpp	151	Property Image1.XRes was changed to 320.
 9577924	[INFO]	XnProperty.cpp	151	Property Image1.YRes was changed to 240.
 9577936	[INFO]	XnProperty.cpp	151	Property Image1.FPS was changed to 30.
 9577946	[INFO]	XnProperty.cpp	151	Property Image1.OutputFormat was changed to 5.
 9577958	[INFO]	XnProperty.cpp	151	Property Image1.BytesPerPixel was changed to 3.
 9577971	[INFO]	XnProperty.cpp	151	Property Image1.RequiredDataSize was changed to 230400.
 9578003	[INFO]	XnDeviceBase.cpp	1458	Stream 'Image1' was initialized.
 9578023	[INFO]	XnDeviceBase.cpp	1463	'Image1' stream was created.
 9578132	[INFO]	XnProperty.cpp	74	Setting Image1.InputFormat to 6...
 9578152	[INFO]	XnProperty.cpp	151	Property Image1.InputFormat was changed to 6.
 9578165	[INFO]	XnProperty.cpp	101	Image1.InputFormat was successfully set.
 9578580	[INFO]	XnDeviceModule.cpp	431	Module 'Image1' configuration was loaded from file.
 9578665	[INFO]	XnProperty.cpp	74	Setting Image1.FPS to 30...
 9578680	[INFO]	XnProperty.cpp	86	Image1.FPS value did not change.
 9578692	[INFO]	XnProperty.cpp	74	Setting Image1.YRes to 480...
 9578704	[INFO]	XnProperty.cpp	151	Property Image1.Resolution was changed to 1.
 9578727	[INFO]	XnProperty.cpp	151	Property Image1.XRes was changed to 640.
 9578745	[INFO]	XnProperty.cpp	151	Property Image1.RequiredDataSize was changed to 460800.
 9578765	[INFO]	XnProperty.cpp	151	Property Image1.YRes was changed to 480.
 9578778	[INFO]	XnProperty.cpp	151	Property Image1.RequiredDataSize was changed to 921600.
 9578790	[INFO]	XnProperty.cpp	101	Image1.YRes was successfully set.
 9578803	[INFO]	XnProperty.cpp	74	Setting Image1.XRes to 640...
 9578814	[INFO]	XnProperty.cpp	86	Image1.XRes value did not change.
 9579695	[INFO]	XnUSBLinux-x86.cpp	1222	USB read thread was started.
 9579751	[INFO]	XnProperty.cpp	151	Property Image1.ActualReadData was changed to 1.
 9763829	[WARNING]	XnDepthProcessor.cpp	133	Read: Depth buffer is corrupt. Size is 493968 (!= 614400)
 9763883	[WARNING]	XnFrameStreamProcessor.cpp	132	Depth frame is corrupt!
12659928	[WARNING]	XnFirmwareStreams.cpp	324	Unknown packet type (0x4948)!!!
12663993	[WARNING]	XnDepthProcessor.cpp	133	Read: Depth buffer is corrupt. Size is 581664 (!= 614400)
12664035	[WARNING]	XnFrameStreamProcessor.cpp	132	Depth frame is corrupt!
12780495	[INFO]	XnProperty.cpp	151	Property Image1.State was changed to 1.
12780564	[INFO]	XnDeviceBase.cpp	370	Stream Image1 is open.
12780811	[INFO]	XnProperty.cpp	74	Setting Depth1.Registration to 1...
12799874	[WARNING]	XnDepthProcessor.cpp	133	Read: Depth buffer is corrupt. Size is 587888 (!= 614400)
12799926	[WARNING]	XnFrameStreamProcessor.cpp	132	Depth frame is corrupt!
12831944	[WARNING]	XnDepthProcessor.cpp	133	Read: Depth buffer is corrupt. Size is 598224 (!= 614400)
12831991	[WARNING]	XnFrameStreamProcessor.cpp	132	Depth frame is corrupt!
12932322	[INFO]	XnProperty.cpp	151	Property Depth1.Registration was changed to 1.
12932372	[INFO]	XnProperty.cpp	101	Depth1.Registration was successfully set.
12932428	[INFO]	XnProperty.cpp	74	Setting Image1.Mirror to 1...
12944877	[INFO]	XnProperty.cpp	151	Property Image1.FirmwareMirror was changed to 1.
12944953	[INFO]	XnProperty.cpp	151	Property Image1.Mirror was changed to 1.
12944965	[INFO]	XnProperty.cpp	101	Image1.Mirror was successfully set.
21666372	[INFO]	XnOpenNI.cpp	1459	Destroying node 'User1'
21675830	[INFO]	XnOpenNI.cpp	1459	Destroying node 'Depth1'
21675925	[INFO]	XnDeviceBase.cpp	1507	Destroying stream 'Depth1'...
21677564	[INFO]	XnOpenNI.cpp	1459	Destroying node 'Image1'
21677639	[INFO]	XnDeviceBase.cpp	1507	Destroying stream 'Image1'...
21678462	[INFO]	XnOpenNI.cpp	1459	Destroying node 'Device1'
