   14668	[INFO]	XnLog.cpp	165	OpenNI version is 1.0.0 (Build 25)-MacOSX (Jan  7 2011 14:20:18)
   14730	[INFO]	XnLog.cpp	173	Log system initialized. Console: 1, File: 1, Severity: INFO, Masks: ALL
   14763	[INFO]	XnLog.cpp	173	Log system initialized. Console: 1, File: 1, Severity: INFO, Masks: ALL
   16547	[INFO]	XnUSBLinux-x86.cpp	98	USB is initialized.
 3350859	[INFO]	XnOpenNI.cpp	1261	Creating node 'Device1' of type Device...
 3351695	[INFO]	XnDeviceModule.cpp	431	Module 'Device' configuration was loaded from file.
 3780281	[INFO]	XnDeviceSensorIO.cpp	135	Connected to USB device
 3780336	[INFO]	XnProperty.cpp	151	Property Device.USBPath was changed to 045e/02ae@253/8.
 3789051	[INFO]	XnHostProtocol.cpp	825	Hardware versions: FW=5.1.4 (7) HW=4 Chip=2 Sensor=4 SYS=7
 5194808	[INFO]	XnProperty.cpp	151	Property Device.ID was changed to 0.
 5194863	[INFO]	XnSensor.cpp	182	Device sensor initialized
 5194955	[INFO]	XnOpenNI.cpp	1261	Creating node 'Depth1' of type Depth...
 5194996	[INFO]	XnDeviceBase.cpp	1383	Creating stream 'Depth1' of type 'Depth'...
 5195014	[INFO]	XnProperty.cpp	74	Setting Device.ReadData to 1...
 5195043	[INFO]	XnDeviceSensorIO.cpp	298	Endpoints open
 5207255	[INFO]	XnProperty.cpp	151	Property Device.ReadData was changed to 1.
 5207309	[INFO]	XnProperty.cpp	101	Device.ReadData was successfully set.
 5207760	[INFO]	XnProperty.cpp	151	Property Depth1.Resolution was changed to 0.
 5207789	[INFO]	XnProperty.cpp	151	Property Depth1.XRes was changed to 320.
 5207808	[INFO]	XnProperty.cpp	151	Property Depth1.YRes was changed to 240.
 5207827	[INFO]	XnProperty.cpp	151	Property Depth1.FPS was changed to 30.
 5207866	[INFO]	XnProperty.cpp	151	Property Depth1.OutputFormat was changed to 1.
 5207893	[INFO]	XnProperty.cpp	151	Property Depth1.BytesPerPixel was changed to 2.
 5207911	[INFO]	XnProperty.cpp	151	Property Depth1.RequiredDataSize was changed to 153600.
 5207933	[INFO]	XnProperty.cpp	151	Property Depth1.ParamCoeff was changed to 4.
 5208017	[INFO]	XnProperty.cpp	151	Property Depth1.ShiftScale was changed to 10.
 5220606	[INFO]	XnProperty.cpp	151	Property Depth1.ConstShift was changed to 200.
 5220722	[INFO]	XnProperty.cpp	151	Property Depth1.ZPD was changed to 120.
 5220836	[INFO]	XnProperty.cpp	151	Property Depth1.ZPPS was changed to 0.104200.
 5220859	[INFO]	XnProperty.cpp	151	Property Depth1.LDDIS was changed to 7.500000.
 5220956	[INFO]	XnProperty.cpp	151	Property Depth1.Gain was changed to 30.
 5220989	[INFO]	XnDeviceBase.cpp	1458	Stream 'Depth1' was initialized.
 5221003	[INFO]	XnDeviceBase.cpp	1463	'Depth1' stream was created.
 5221173	[INFO]	XnProperty.cpp	74	Setting Depth1.InputFormat to 3...
 5221197	[INFO]	XnProperty.cpp	151	Property Depth1.InputFormat was changed to 3.
 5221211	[INFO]	XnProperty.cpp	101	Depth1.InputFormat was successfully set.
 5221650	[INFO]	XnProperty.cpp	74	Setting Depth1.RegistrationType to 2...
 5221666	[INFO]	XnProperty.cpp	151	Property Depth1.RegistrationType was changed to 2.
 5221678	[INFO]	XnProperty.cpp	101	Depth1.RegistrationType was successfully set.
 5222140	[INFO]	XnDeviceModule.cpp	431	Module 'Depth1' configuration was loaded from file.
 5222343	[INFO]	XnProperty.cpp	74	Setting Depth1.FPS to 30...
 5222361	[INFO]	XnProperty.cpp	86	Depth1.FPS value did not change.
 5222373	[INFO]	XnProperty.cpp	74	Setting Depth1.YRes to 480...
 5222388	[INFO]	XnProperty.cpp	151	Property Depth1.Resolution was changed to 1.
 5222402	[INFO]	XnProperty.cpp	151	Property Depth1.XRes was changed to 640.
 5222415	[INFO]	XnProperty.cpp	151	Property Depth1.RequiredDataSize was changed to 307200.
 5222430	[INFO]	XnProperty.cpp	151	Property Depth1.YRes was changed to 480.
 5222442	[INFO]	XnProperty.cpp	151	Property Depth1.RequiredDataSize was changed to 614400.
 5222455	[INFO]	XnProperty.cpp	101	Depth1.YRes was successfully set.
 5222467	[INFO]	XnProperty.cpp	74	Setting Depth1.XRes to 640...
 5222478	[INFO]	XnProperty.cpp	86	Depth1.XRes value did not change.
 5222523	[INFO]	XnProperty.cpp	74	Setting Depth1.Mirror to 1...
 5222538	[INFO]	XnProperty.cpp	151	Property Depth1.FirmwareMirror was changed to 1.
 5222586	[INFO]	XnProperty.cpp	151	Property Depth1.Mirror was changed to 1.
 5222597	[INFO]	XnProperty.cpp	101	Depth1.Mirror was successfully set.
 8548965	[INFO]	XnOpenNI.cpp	1261	Creating node 'User1' of type User...
 8574741	[WARNING]	Linux-x86Threads.cpp	173	Failed to set thread priority: Invalid argument
 8574790	[WARNING]	XnUSBLinux-x86.cpp	126	USB events thread: Failed to set thread priority to critical. This might cause loss of data...
 8575789	[INFO]	XnUSBLinux-x86.cpp	1222	USB read thread was started.
 8575820	[INFO]	XnProperty.cpp	151	Property Depth1.ActualReadData was changed to 1.
 9046378	[INFO]	XnProperty.cpp	151	Property Depth1.State was changed to 1.
 9046428	[INFO]	XnDeviceBase.cpp	370	Stream Depth1 is open.
12360008	[INFO]	XnOpenNI.cpp	1261	Creating node 'Image1' of type Image...
12360062	[INFO]	XnDeviceBase.cpp	1383	Creating stream 'Image1' of type 'Image'...
12360282	[INFO]	XnProperty.cpp	151	Property Image1.Resolution was changed to 0.
12360308	[INFO]	XnProperty.cpp	151	Property Image1.XRes was changed to 320.
12360326	[INFO]	XnProperty.cpp	151	Property Image1.YRes was changed to 240.
12360343	[INFO]	XnProperty.cpp	151	Property Image1.FPS was changed to 30.
12360360	[INFO]	XnProperty.cpp	151	Property Image1.OutputFormat was changed to 5.
12360377	[INFO]	XnProperty.cpp	151	Property Image1.BytesPerPixel was changed to 3.
12360394	[INFO]	XnProperty.cpp	151	Property Image1.RequiredDataSize was changed to 230400.
12360436	[INFO]	XnDeviceBase.cpp	1458	Stream 'Image1' was initialized.
12360458	[INFO]	XnDeviceBase.cpp	1463	'Image1' stream was created.
12360598	[INFO]	XnProperty.cpp	74	Setting Image1.InputFormat to 6...
12360629	[INFO]	XnProperty.cpp	151	Property Image1.InputFormat was changed to 6.
12360649	[INFO]	XnProperty.cpp	101	Image1.InputFormat was successfully set.
12361276	[INFO]	XnDeviceModule.cpp	431	Module 'Image1' configuration was loaded from file.
12361403	[INFO]	XnProperty.cpp	74	Setting Image1.FPS to 30...
12361428	[INFO]	XnProperty.cpp	86	Image1.FPS value did not change.
12361447	[INFO]	XnProperty.cpp	74	Setting Image1.YRes to 480...
12361466	[INFO]	XnProperty.cpp	151	Property Image1.Resolution was changed to 1.
12361486	[INFO]	XnProperty.cpp	151	Property Image1.XRes was changed to 640.
12361505	[INFO]	XnProperty.cpp	151	Property Image1.RequiredDataSize was changed to 460800.
12361526	[INFO]	XnProperty.cpp	151	Property Image1.YRes was changed to 480.
12361545	[INFO]	XnProperty.cpp	151	Property Image1.RequiredDataSize was changed to 921600.
12361564	[INFO]	XnProperty.cpp	101	Image1.YRes was successfully set.
12361582	[INFO]	XnProperty.cpp	74	Setting Image1.XRes to 640...
12361599	[INFO]	XnProperty.cpp	86	Image1.XRes value did not change.
12362825	[INFO]	XnUSBLinux-x86.cpp	1222	USB read thread was started.
12362908	[INFO]	XnProperty.cpp	151	Property Image1.ActualReadData was changed to 1.
12547935	[WARNING]	XnDepthProcessor.cpp	133	Read: Depth buffer is corrupt. Size is 551328 (!= 614400)
12547987	[WARNING]	XnFrameStreamProcessor.cpp	132	Depth frame is corrupt!
15448027	[WARNING]	XnDepthProcessor.cpp	133	Read: Depth buffer is corrupt. Size is 591232 (!= 614400)
15448077	[WARNING]	XnFrameStreamProcessor.cpp	132	Depth frame is corrupt!
15563446	[INFO]	XnProperty.cpp	151	Property Image1.State was changed to 1.
15563494	[INFO]	XnDeviceBase.cpp	370	Stream Image1 is open.
15563707	[INFO]	XnProperty.cpp	74	Setting Depth1.Registration to 1...
15571014	[WARNING]	XnFirmwareStreams.cpp	324	Unknown packet type (0x4952)!!!
15575021	[WARNING]	XnFirmwareStreams.cpp	324	Unknown packet type (0x4952)!!!
15584032	[WARNING]	XnDepthProcessor.cpp	133	Read: Depth buffer is corrupt. Size is 587568 (!= 614400)
15584075	[WARNING]	XnFrameStreamProcessor.cpp	132	Depth frame is corrupt!
15616058	[WARNING]	XnDepthProcessor.cpp	133	Read: Depth buffer is corrupt. Size is 590528 (!= 614400)
15616106	[WARNING]	XnFrameStreamProcessor.cpp	132	Depth frame is corrupt!
15716996	[INFO]	XnProperty.cpp	151	Property Depth1.Registration was changed to 1.
15717039	[INFO]	XnProperty.cpp	101	Depth1.Registration was successfully set.
15717125	[INFO]	XnProperty.cpp	74	Setting Image1.Mirror to 1...
15729572	[INFO]	XnProperty.cpp	151	Property Image1.FirmwareMirror was changed to 1.
15729625	[INFO]	XnProperty.cpp	151	Property Image1.Mirror was changed to 1.
15729644	[INFO]	XnProperty.cpp	101	Image1.Mirror was successfully set.
48155703	[INFO]	XnOpenNI.cpp	1459	Destroying node 'User1'
48165192	[INFO]	XnOpenNI.cpp	1459	Destroying node 'Depth1'
48165288	[INFO]	XnDeviceBase.cpp	1507	Destroying stream 'Depth1'...
48166583	[INFO]	XnOpenNI.cpp	1459	Destroying node 'Image1'
48166650	[INFO]	XnDeviceBase.cpp	1507	Destroying stream 'Image1'...
48167630	[INFO]	XnOpenNI.cpp	1459	Destroying node 'Device1'
