    1579	[INFO]	XnLog.cpp	165	OpenNI version is 1.0.0 (Build 25)-MacOSX (Jan  7 2011 14:20:18)
    1632	[INFO]	XnLog.cpp	173	Log system initialized. Console: 1, File: 1, Severity: INFO, Masks: ALL
    1665	[INFO]	XnLog.cpp	173	Log system initialized. Console: 1, File: 1, Severity: INFO, Masks: ALL
    2959	[INFO]	XnUSBLinux-x86.cpp	98	USB is initialized.
 2366214	[INFO]	XnOpenNI.cpp	1261	Creating node 'Device1' of type Device...
 2367105	[INFO]	XnDeviceModule.cpp	431	Module 'Device' configuration was loaded from file.
 2626921	[INFO]	XnDeviceSensorIO.cpp	135	Connected to USB device
 2626978	[INFO]	XnProperty.cpp	151	Property Device.USBPath was changed to 045e/02ae@253/8.
 2634835	[INFO]	XnHostProtocol.cpp	825	Hardware versions: FW=5.1.4 (7) HW=4 Chip=2 Sensor=4 SYS=7
 4050463	[INFO]	XnProperty.cpp	151	Property Device.ID was changed to 0.
 4050526	[INFO]	XnSensor.cpp	182	Device sensor initialized
 4050618	[INFO]	XnOpenNI.cpp	1261	Creating node 'Depth1' of type Depth...
 4050664	[INFO]	XnDeviceBase.cpp	1383	Creating stream 'Depth1' of type 'Depth'...
 4050686	[INFO]	XnProperty.cpp	74	Setting Device.ReadData to 1...
 4050725	[INFO]	XnDeviceSensorIO.cpp	298	Endpoints open
 4062992	[INFO]	XnProperty.cpp	151	Property Device.ReadData was changed to 1.
 4063047	[INFO]	XnProperty.cpp	101	Device.ReadData was successfully set.
 4063393	[INFO]	XnProperty.cpp	151	Property Depth1.Resolution was changed to 0.
 4063414	[INFO]	XnProperty.cpp	151	Property Depth1.XRes was changed to 320.
 4063426	[INFO]	XnProperty.cpp	151	Property Depth1.YRes was changed to 240.
 4063438	[INFO]	XnProperty.cpp	151	Property Depth1.FPS was changed to 30.
 4063449	[INFO]	XnProperty.cpp	151	Property Depth1.OutputFormat was changed to 1.
 4063460	[INFO]	XnProperty.cpp	151	Property Depth1.BytesPerPixel was changed to 2.
 4063474	[INFO]	XnProperty.cpp	151	Property Depth1.RequiredDataSize was changed to 153600.
 4063497	[INFO]	XnProperty.cpp	151	Property Depth1.ParamCoeff was changed to 4.
 4063563	[INFO]	XnProperty.cpp	151	Property Depth1.ShiftScale was changed to 10.
 4076270	[INFO]	XnProperty.cpp	151	Property Depth1.ConstShift was changed to 200.
 4076365	[INFO]	XnProperty.cpp	151	Property Depth1.ZPD was changed to 120.
 4076461	[INFO]	XnProperty.cpp	151	Property Depth1.ZPPS was changed to 0.104200.
 4076475	[INFO]	XnProperty.cpp	151	Property Depth1.LDDIS was changed to 7.500000.
 4076578	[INFO]	XnProperty.cpp	151	Property Depth1.Gain was changed to 30.
 4076620	[INFO]	XnDeviceBase.cpp	1458	Stream 'Depth1' was initialized.
 4076641	[INFO]	XnDeviceBase.cpp	1463	'Depth1' stream was created.
 4076813	[INFO]	XnProperty.cpp	74	Setting Depth1.InputFormat to 3...
 4076839	[INFO]	XnProperty.cpp	151	Property Depth1.InputFormat was changed to 3.
 4076859	[INFO]	XnProperty.cpp	101	Depth1.InputFormat was successfully set.
 4077459	[INFO]	XnProperty.cpp	74	Setting Depth1.RegistrationType to 2...
 4077486	[INFO]	XnProperty.cpp	151	Property Depth1.RegistrationType was changed to 2.
 4077502	[INFO]	XnProperty.cpp	101	Depth1.RegistrationType was successfully set.
 4078119	[INFO]	XnDeviceModule.cpp	431	Module 'Depth1' configuration was loaded from file.
 4078329	[INFO]	XnProperty.cpp	74	Setting Depth1.FPS to 30...
 4078349	[INFO]	XnProperty.cpp	86	Depth1.FPS value did not change.
 4078364	[INFO]	XnProperty.cpp	74	Setting Depth1.YRes to 480...
 4078382	[INFO]	XnProperty.cpp	151	Property Depth1.Resolution was changed to 1.
 4078399	[INFO]	XnProperty.cpp	151	Property Depth1.XRes was changed to 640.
 4078414	[INFO]	XnProperty.cpp	151	Property Depth1.RequiredDataSize was changed to 307200.
 4078433	[INFO]	XnProperty.cpp	151	Property Depth1.YRes was changed to 480.
 4078448	[INFO]	XnProperty.cpp	151	Property Depth1.RequiredDataSize was changed to 614400.
 4078464	[INFO]	XnProperty.cpp	101	Depth1.YRes was successfully set.
 4078480	[INFO]	XnProperty.cpp	74	Setting Depth1.XRes to 640...
 4078493	[INFO]	XnProperty.cpp	86	Depth1.XRes value did not change.
 4078545	[INFO]	XnProperty.cpp	74	Setting Depth1.Mirror to 1...
 4078563	[INFO]	XnProperty.cpp	151	Property Depth1.FirmwareMirror was changed to 1.
 4078613	[INFO]	XnProperty.cpp	151	Property Depth1.Mirror was changed to 1.
 4078628	[INFO]	XnProperty.cpp	101	Depth1.Mirror was successfully set.
 6284787	[INFO]	XnOpenNI.cpp	1261	Creating node 'User1' of type User...
 6307458	[WARNING]	Linux-x86Threads.cpp	173	Failed to set thread priority: Invalid argument
 6307503	[WARNING]	XnUSBLinux-x86.cpp	126	USB events thread: Failed to set thread priority to critical. This might cause loss of data...
 6308282	[INFO]	XnUSBLinux-x86.cpp	1222	USB read thread was started.
 6308306	[INFO]	XnProperty.cpp	151	Property Depth1.ActualReadData was changed to 1.
 6779487	[INFO]	XnProperty.cpp	151	Property Depth1.State was changed to 1.
 6779530	[INFO]	XnDeviceBase.cpp	370	Stream Depth1 is open.
 9594115	[INFO]	XnOpenNI.cpp	1261	Creating node 'Image1' of type Image...
 9594165	[INFO]	XnDeviceBase.cpp	1383	Creating stream 'Image1' of type 'Image'...
 9594342	[INFO]	XnProperty.cpp	151	Property Image1.Resolution was changed to 0.
 9594360	[INFO]	XnProperty.cpp	151	Property Image1.XRes was changed to 320.
 9594373	[INFO]	XnProperty.cpp	151	Property Image1.YRes was changed to 240.
 9594385	[INFO]	XnProperty.cpp	151	Property Image1.FPS was changed to 30.
 9594397	[INFO]	XnProperty.cpp	151	Property Image1.OutputFormat was changed to 5.
 9594409	[INFO]	XnProperty.cpp	151	Property Image1.BytesPerPixel was changed to 3.
 9594421	[INFO]	XnProperty.cpp	151	Property Image1.RequiredDataSize was changed to 230400.
 9594449	[INFO]	XnDeviceBase.cpp	1458	Stream 'Image1' was initialized.
 9594463	[INFO]	XnDeviceBase.cpp	1463	'Image1' stream was created.
 9594570	[INFO]	XnProperty.cpp	74	Setting Image1.InputFormat to 6...
 9594591	[INFO]	XnProperty.cpp	151	Property Image1.InputFormat was changed to 6.
 9594603	[INFO]	XnProperty.cpp	101	Image1.InputFormat was successfully set.
 9595029	[INFO]	XnDeviceModule.cpp	431	Module 'Image1' configuration was loaded from file.
 9595117	[INFO]	XnProperty.cpp	74	Setting Image1.FPS to 30...
 9595132	[INFO]	XnProperty.cpp	86	Image1.FPS value did not change.
 9595144	[INFO]	XnProperty.cpp	74	Setting Image1.YRes to 480...
 9595157	[INFO]	XnProperty.cpp	151	Property Image1.Resolution was changed to 1.
 9595169	[INFO]	XnProperty.cpp	151	Property Image1.XRes was changed to 640.
 9595181	[INFO]	XnProperty.cpp	151	Property Image1.RequiredDataSize was changed to 460800.
 9595194	[INFO]	XnProperty.cpp	151	Property Image1.YRes was changed to 480.
 9595206	[INFO]	XnProperty.cpp	151	Property Image1.RequiredDataSize was changed to 921600.
 9595218	[INFO]	XnProperty.cpp	101	Image1.YRes was successfully set.
 9595231	[INFO]	XnProperty.cpp	74	Setting Image1.XRes to 640...
 9595241	[INFO]	XnProperty.cpp	86	Image1.XRes value did not change.
 9596177	[INFO]	XnUSBLinux-x86.cpp	1222	USB read thread was started.
 9596219	[INFO]	XnProperty.cpp	151	Property Image1.ActualReadData was changed to 1.
 9779976	[WARNING]	XnDepthProcessor.cpp	133	Read: Depth buffer is corrupt. Size is 535856 (!= 614400)
 9780025	[WARNING]	XnFrameStreamProcessor.cpp	132	Depth frame is corrupt!
 9783999	[WARNING]	XnFirmwareStreams.cpp	324	Unknown packet type (0x4847)!!!
 9812021	[WARNING]	XnDepthProcessor.cpp	133	Read: Depth buffer is corrupt. Size is 579712 (!= 614400)
 9812062	[WARNING]	XnFrameStreamProcessor.cpp	132	Depth frame is corrupt!
12684026	[WARNING]	XnDepthProcessor.cpp	133	Read: Depth buffer is corrupt. Size is 556032 (!= 614400)
12684077	[WARNING]	XnFrameStreamProcessor.cpp	132	Depth frame is corrupt!
12797308	[INFO]	XnProperty.cpp	151	Property Image1.State was changed to 1.
12797356	[INFO]	XnDeviceBase.cpp	370	Stream Image1 is open.
12797553	[INFO]	XnProperty.cpp	74	Setting Depth1.Registration to 1...
12816049	[WARNING]	XnDepthProcessor.cpp	133	Read: Depth buffer is corrupt. Size is 579712 (!= 614400)
12816098	[WARNING]	XnFrameStreamProcessor.cpp	132	Depth frame is corrupt!
12848056	[WARNING]	XnDepthProcessor.cpp	133	Read: Depth buffer is corrupt. Size is 589264 (!= 614400)
12848103	[WARNING]	XnFrameStreamProcessor.cpp	132	Depth frame is corrupt!
12949723	[INFO]	XnProperty.cpp	151	Property Depth1.Registration was changed to 1.
12949817	[INFO]	XnProperty.cpp	101	Depth1.Registration was successfully set.
12949876	[INFO]	XnProperty.cpp	74	Setting Image1.Mirror to 1...
12962347	[INFO]	XnProperty.cpp	151	Property Image1.FirmwareMirror was changed to 1.
12962390	[INFO]	XnProperty.cpp	151	Property Image1.Mirror was changed to 1.
12962403	[INFO]	XnProperty.cpp	101	Image1.Mirror was successfully set.
49415825	[INFO]	XnOpenNI.cpp	1459	Destroying node 'User1'
49423515	[INFO]	XnOpenNI.cpp	1459	Destroying node 'Depth1'
49423601	[INFO]	XnDeviceBase.cpp	1507	Destroying stream 'Depth1'...
49424725	[INFO]	XnOpenNI.cpp	1459	Destroying node 'Image1'
49424780	[INFO]	XnDeviceBase.cpp	1507	Destroying stream 'Image1'...
49427397	[INFO]	XnOpenNI.cpp	1459	Destroying node 'Device1'
