    1374	[INFO]	XnLog.cpp	165	OpenNI version is 1.0.0 (Build 25)-MacOSX (Jan  7 2011 14:20:18)
    1419	[INFO]	XnLog.cpp	173	Log system initialized. Console: 1, File: 1, Severity: INFO, Masks: ALL
    1443	[INFO]	XnLog.cpp	173	Log system initialized. Console: 1, File: 1, Severity: INFO, Masks: ALL
    2594	[INFO]	XnUSBLinux-x86.cpp	98	USB is initialized.
 4491742	[INFO]	XnOpenNI.cpp	1261	Creating node 'Device1' of type Device...
 4492652	[INFO]	XnDeviceModule.cpp	431	Module 'Device' configuration was loaded from file.
 5151254	[INFO]	XnDeviceSensorIO.cpp	135	Connected to USB device
 5151305	[INFO]	XnProperty.cpp	151	Property Device.USBPath was changed to 045e/02ae@253/8.
 5159354	[INFO]	XnHostProtocol.cpp	825	Hardware versions: FW=5.1.4 (7) HW=4 Chip=2 Sensor=4 SYS=7
 6568021	[INFO]	XnProperty.cpp	151	Property Device.ID was changed to 0.
 6568089	[INFO]	XnSensor.cpp	182	Device sensor initialized
 6568173	[INFO]	XnOpenNI.cpp	1261	Creating node 'Depth1' of type Depth...
 6568212	[INFO]	XnDeviceBase.cpp	1383	Creating stream 'Depth1' of type 'Depth'...
 6568229	[INFO]	XnProperty.cpp	74	Setting Device.ReadData to 1...
 6568259	[INFO]	XnDeviceSensorIO.cpp	298	Endpoints open
 6580575	[INFO]	XnProperty.cpp	151	Property Device.ReadData was changed to 1.
 6580618	[INFO]	XnProperty.cpp	101	Device.ReadData was successfully set.
 6580989	[INFO]	XnProperty.cpp	151	Property Depth1.Resolution was changed to 0.
 6581013	[INFO]	XnProperty.cpp	151	Property Depth1.XRes was changed to 320.
 6581035	[INFO]	XnProperty.cpp	151	Property Depth1.YRes was changed to 240.
 6581055	[INFO]	XnProperty.cpp	151	Property Depth1.FPS was changed to 30.
 6581073	[INFO]	XnProperty.cpp	151	Property Depth1.OutputFormat was changed to 1.
 6581092	[INFO]	XnProperty.cpp	151	Property Depth1.BytesPerPixel was changed to 2.
 6581110	[INFO]	XnProperty.cpp	151	Property Depth1.RequiredDataSize was changed to 153600.
 6581133	[INFO]	XnProperty.cpp	151	Property Depth1.ParamCoeff was changed to 4.
 6581203	[INFO]	XnProperty.cpp	151	Property Depth1.ShiftScale was changed to 10.
 6593587	[INFO]	XnProperty.cpp	151	Property Depth1.ConstShift was changed to 200.
 6593681	[INFO]	XnProperty.cpp	151	Property Depth1.ZPD was changed to 120.
 6593778	[INFO]	XnProperty.cpp	151	Property Depth1.ZPPS was changed to 0.104200.
 6593792	[INFO]	XnProperty.cpp	151	Property Depth1.LDDIS was changed to 7.500000.
 6593882	[INFO]	XnProperty.cpp	151	Property Depth1.Gain was changed to 30.
 6593913	[INFO]	XnDeviceBase.cpp	1458	Stream 'Depth1' was initialized.
 6593927	[INFO]	XnDeviceBase.cpp	1463	'Depth1' stream was created.
 6594087	[INFO]	XnProperty.cpp	74	Setting Depth1.InputFormat to 3...
 6594110	[INFO]	XnProperty.cpp	151	Property Depth1.InputFormat was changed to 3.
 6594122	[INFO]	XnProperty.cpp	101	Depth1.InputFormat was successfully set.
 6594555	[INFO]	XnProperty.cpp	74	Setting Depth1.RegistrationType to 2...
 6594574	[INFO]	XnProperty.cpp	151	Property Depth1.RegistrationType was changed to 2.
 6594586	[INFO]	XnProperty.cpp	101	Depth1.RegistrationType was successfully set.
 6595049	[INFO]	XnDeviceModule.cpp	431	Module 'Depth1' configuration was loaded from file.
 6595230	[INFO]	XnProperty.cpp	74	Setting Depth1.FPS to 30...
 6595248	[INFO]	XnProperty.cpp	86	Depth1.FPS value did not change.
 6595260	[INFO]	XnProperty.cpp	74	Setting Depth1.YRes to 480...
 6595274	[INFO]	XnProperty.cpp	151	Property Depth1.Resolution was changed to 1.
 6595287	[INFO]	XnProperty.cpp	151	Property Depth1.XRes was changed to 640.
 6595299	[INFO]	XnProperty.cpp	151	Property Depth1.RequiredDataSize was changed to 307200.
 6595313	[INFO]	XnProperty.cpp	151	Property Depth1.YRes was changed to 480.
 6595325	[INFO]	XnProperty.cpp	151	Property Depth1.RequiredDataSize was changed to 614400.
 6595339	[INFO]	XnProperty.cpp	101	Depth1.YRes was successfully set.
 6595351	[INFO]	XnProperty.cpp	74	Setting Depth1.XRes to 640...
 6595362	[INFO]	XnProperty.cpp	86	Depth1.XRes value did not change.
 6595405	[INFO]	XnProperty.cpp	74	Setting Depth1.Mirror to 1...
 6595420	[INFO]	XnProperty.cpp	151	Property Depth1.FirmwareMirror was changed to 1.
 6595462	[INFO]	XnProperty.cpp	151	Property Depth1.Mirror was changed to 1.
 6595474	[INFO]	XnProperty.cpp	101	Depth1.Mirror was successfully set.
12629297	[INFO]	XnOpenNI.cpp	1261	Creating node 'User1' of type User...
12651886	[WARNING]	Linux-x86Threads.cpp	173	Failed to set thread priority: Invalid argument
12651929	[WARNING]	XnUSBLinux-x86.cpp	126	USB events thread: Failed to set thread priority to critical. This might cause loss of data...
12652685	[INFO]	XnUSBLinux-x86.cpp	1222	USB read thread was started.
12652709	[INFO]	XnProperty.cpp	151	Property Depth1.ActualReadData was changed to 1.
13123339	[INFO]	XnProperty.cpp	151	Property Depth1.State was changed to 1.
13123381	[INFO]	XnDeviceBase.cpp	370	Stream Depth1 is open.
18263460	[INFO]	XnOpenNI.cpp	1261	Creating node 'Image1' of type Image...
18263509	[INFO]	XnDeviceBase.cpp	1383	Creating stream 'Image1' of type 'Image'...
18263674	[INFO]	XnProperty.cpp	151	Property Image1.Resolution was changed to 0.
18263692	[INFO]	XnProperty.cpp	151	Property Image1.XRes was changed to 320.
18263705	[INFO]	XnProperty.cpp	151	Property Image1.YRes was changed to 240.
18263717	[INFO]	XnProperty.cpp	151	Property Image1.FPS was changed to 30.
18263728	[INFO]	XnProperty.cpp	151	Property Image1.OutputFormat was changed to 5.
18263739	[INFO]	XnProperty.cpp	151	Property Image1.BytesPerPixel was changed to 3.
18263750	[INFO]	XnProperty.cpp	151	Property Image1.RequiredDataSize was changed to 230400.
18263778	[INFO]	XnDeviceBase.cpp	1458	Stream 'Image1' was initialized.
18263792	[INFO]	XnDeviceBase.cpp	1463	'Image1' stream was created.
18263895	[INFO]	XnProperty.cpp	74	Setting Image1.InputFormat to 6...
18263916	[INFO]	XnProperty.cpp	151	Property Image1.InputFormat was changed to 6.
18263929	[INFO]	XnProperty.cpp	101	Image1.InputFormat was successfully set.
18264348	[INFO]	XnDeviceModule.cpp	431	Module 'Image1' configuration was loaded from file.
18264459	[INFO]	XnProperty.cpp	74	Setting Image1.FPS to 30...
18264483	[INFO]	XnProperty.cpp	86	Image1.FPS value did not change.
18264500	[INFO]	XnProperty.cpp	74	Setting Image1.YRes to 480...
18264518	[INFO]	XnProperty.cpp	151	Property Image1.Resolution was changed to 1.
18264538	[INFO]	XnProperty.cpp	151	Property Image1.XRes was changed to 640.
18264559	[INFO]	XnProperty.cpp	151	Property Image1.RequiredDataSize was changed to 460800.
18264577	[INFO]	XnProperty.cpp	151	Property Image1.YRes was changed to 480.
18264591	[INFO]	XnProperty.cpp	151	Property Image1.RequiredDataSize was changed to 921600.
18264604	[INFO]	XnProperty.cpp	101	Image1.YRes was successfully set.
18264617	[INFO]	XnProperty.cpp	74	Setting Image1.XRes to 640...
18264627	[INFO]	XnProperty.cpp	86	Image1.XRes value did not change.
18265474	[INFO]	XnUSBLinux-x86.cpp	1222	USB read thread was started.
18265515	[INFO]	XnProperty.cpp	151	Property Image1.ActualReadData was changed to 1.
18324489	[WARNING]	XnDepthProcessor.cpp	133	Read: Depth buffer is corrupt. Size is 591968 (!= 614400)
18324532	[WARNING]	XnFrameStreamProcessor.cpp	132	Depth frame is corrupt!
18460450	[WARNING]	XnDepthProcessor.cpp	133	Read: Depth buffer is corrupt. Size is 550944 (!= 614400)
18460497	[WARNING]	XnFrameStreamProcessor.cpp	132	Depth frame is corrupt!
21465702	[INFO]	XnProperty.cpp	151	Property Image1.State was changed to 1.
21465752	[INFO]	XnDeviceBase.cpp	370	Stream Image1 is open.
21465957	[INFO]	XnProperty.cpp	74	Setting Depth1.Registration to 1...
21616561	[INFO]	XnProperty.cpp	151	Property Depth1.Registration was changed to 1.
21616607	[INFO]	XnProperty.cpp	101	Depth1.Registration was successfully set.
21616664	[INFO]	XnProperty.cpp	74	Setting Image1.Mirror to 1...
21629353	[INFO]	XnProperty.cpp	151	Property Image1.FirmwareMirror was changed to 1.
21629402	[INFO]	XnProperty.cpp	151	Property Image1.Mirror was changed to 1.
21629421	[INFO]	XnProperty.cpp	101	Image1.Mirror was successfully set.
27534535	[INFO]	XnOpenNI.cpp	1459	Destroying node 'User1'
27542012	[INFO]	XnOpenNI.cpp	1459	Destroying node 'Depth1'
27542097	[INFO]	XnDeviceBase.cpp	1507	Destroying stream 'Depth1'...
27543194	[INFO]	XnOpenNI.cpp	1459	Destroying node 'Image1'
27543290	[INFO]	XnDeviceBase.cpp	1507	Destroying stream 'Image1'...
27544047	[INFO]	XnOpenNI.cpp	1459	Destroying node 'Device1'
