    3260	[INFO]	XnLog.cpp	165	OpenNI version is 1.0.0 (Build 25)-MacOSX (Jan  7 2011 14:20:18)
    3342	[INFO]	XnLog.cpp	173	Log system initialized. Console: 1, File: 1, Severity: INFO, Masks: ALL
    3383	[INFO]	XnLog.cpp	173	Log system initialized. Console: 1, File: 1, Severity: INFO, Masks: ALL
    5035	[INFO]	XnUSBLinux-x86.cpp	98	USB is initialized.
 1974479	[INFO]	XnOpenNI.cpp	1261	Creating node 'Device1' of type Device...
 1975267	[INFO]	XnDeviceModule.cpp	431	Module 'Device' configuration was loaded from file.
 2241632	[INFO]	XnDeviceSensorIO.cpp	135	Connected to USB device
 2241688	[INFO]	XnProperty.cpp	151	Property Device.USBPath was changed to 045e/02ae@250/10.
 2249044	[INFO]	XnHostProtocol.cpp	825	Hardware versions: FW=5.1.4 (7) HW=4 Chip=2 Sensor=4 SYS=7
 3763424	[INFO]	XnProperty.cpp	151	Property Device.ID was changed to 0.
 3763474	[INFO]	XnSensor.cpp	182	Device sensor initialized
 3763560	[INFO]	XnOpenNI.cpp	1261	Creating node 'Depth1' of type Depth...
 3763635	[INFO]	XnDeviceBase.cpp	1383	Creating stream 'Depth1' of type 'Depth'...
 3763669	[INFO]	XnProperty.cpp	74	Setting Device.ReadData to 1...
 3763714	[INFO]	XnDeviceSensorIO.cpp	298	Endpoints open
 3776128	[INFO]	XnProperty.cpp	151	Property Device.ReadData was changed to 1.
 3776173	[INFO]	XnProperty.cpp	101	Device.ReadData was successfully set.
 3776514	[INFO]	XnProperty.cpp	151	Property Depth1.Resolution was changed to 0.
 3776534	[INFO]	XnProperty.cpp	151	Property Depth1.XRes was changed to 320.
 3776547	[INFO]	XnProperty.cpp	151	Property Depth1.YRes was changed to 240.
 3776559	[INFO]	XnProperty.cpp	151	Property Depth1.FPS was changed to 30.
 3776570	[INFO]	XnProperty.cpp	151	Property Depth1.OutputFormat was changed to 1.
 3776581	[INFO]	XnProperty.cpp	151	Property Depth1.BytesPerPixel was changed to 2.
 3776593	[INFO]	XnProperty.cpp	151	Property Depth1.RequiredDataSize was changed to 153600.
 3776609	[INFO]	XnProperty.cpp	151	Property Depth1.ParamCoeff was changed to 4.
 3776682	[INFO]	XnProperty.cpp	151	Property Depth1.ShiftScale was changed to 10.
 3788965	[INFO]	XnProperty.cpp	151	Property Depth1.ConstShift was changed to 200.
 3789079	[INFO]	XnProperty.cpp	151	Property Depth1.ZPD was changed to 120.
 3789192	[INFO]	XnProperty.cpp	151	Property Depth1.ZPPS was changed to 0.104200.
 3789214	[INFO]	XnProperty.cpp	151	Property Depth1.LDDIS was changed to 7.500000.
 3789337	[INFO]	XnProperty.cpp	151	Property Depth1.Gain was changed to 30.
 3789377	[INFO]	XnDeviceBase.cpp	1458	Stream 'Depth1' was initialized.
 3789397	[INFO]	XnDeviceBase.cpp	1463	'Depth1' stream was created.
 3789561	[INFO]	XnProperty.cpp	74	Setting Depth1.InputFormat to 3...
 3789584	[INFO]	XnProperty.cpp	151	Property Depth1.InputFormat was changed to 3.
 3789597	[INFO]	XnProperty.cpp	101	Depth1.InputFormat was successfully set.
 3790045	[INFO]	XnProperty.cpp	74	Setting Depth1.RegistrationType to 2...
 3790063	[INFO]	XnProperty.cpp	151	Property Depth1.RegistrationType was changed to 2.
 3790075	[INFO]	XnProperty.cpp	101	Depth1.RegistrationType was successfully set.
 3790545	[INFO]	XnDeviceModule.cpp	431	Module 'Depth1' configuration was loaded from file.
 3790723	[INFO]	XnProperty.cpp	74	Setting Depth1.FPS to 30...
 3790740	[INFO]	XnProperty.cpp	86	Depth1.FPS value did not change.
 3790752	[INFO]	XnProperty.cpp	74	Setting Depth1.YRes to 480...
 3790771	[INFO]	XnProperty.cpp	151	Property Depth1.Resolution was changed to 1.
 3790786	[INFO]	XnProperty.cpp	151	Property Depth1.XRes was changed to 640.
 3790805	[INFO]	XnProperty.cpp	151	Property Depth1.RequiredDataSize was changed to 307200.
 3790827	[INFO]	XnProperty.cpp	151	Property Depth1.YRes was changed to 480.
 3790846	[INFO]	XnProperty.cpp	151	Property Depth1.RequiredDataSize was changed to 614400.
 3790865	[INFO]	XnProperty.cpp	101	Depth1.YRes was successfully set.
 3790883	[INFO]	XnProperty.cpp	74	Setting Depth1.XRes to 640...
 3790895	[INFO]	XnProperty.cpp	86	Depth1.XRes value did not change.
 3790941	[INFO]	XnProperty.cpp	74	Setting Depth1.Mirror to 1...
 3790956	[INFO]	XnProperty.cpp	151	Property Depth1.FirmwareMirror was changed to 1.
 3790998	[INFO]	XnProperty.cpp	151	Property Depth1.Mirror was changed to 1.
 3791010	[INFO]	XnProperty.cpp	101	Depth1.Mirror was successfully set.
 4889516	[INFO]	XnOpenNI.cpp	1261	Creating node 'User1' of type User...
 4914083	[WARNING]	Linux-x86Threads.cpp	173	Failed to set thread priority: Invalid argument
 4914128	[WARNING]	XnUSBLinux-x86.cpp	126	USB events thread: Failed to set thread priority to critical. This might cause loss of data...
 4914919	[INFO]	XnUSBLinux-x86.cpp	1222	USB read thread was started.
 4914943	[INFO]	XnProperty.cpp	151	Property Depth1.ActualReadData was changed to 1.
 5385709	[INFO]	XnProperty.cpp	151	Property Depth1.State was changed to 1.
 5385759	[INFO]	XnDeviceBase.cpp	370	Stream Depth1 is open.
 7022406	[INFO]	XnOpenNI.cpp	1261	Creating node 'Image1' of type Image...
 7022466	[INFO]	XnDeviceBase.cpp	1383	Creating stream 'Image1' of type 'Image'...
 7022686	[INFO]	XnProperty.cpp	151	Property Image1.Resolution was changed to 0.
 7022707	[INFO]	XnProperty.cpp	151	Property Image1.XRes was changed to 320.
 7022721	[INFO]	XnProperty.cpp	151	Property Image1.YRes was changed to 240.
 7022733	[INFO]	XnProperty.cpp	151	Property Image1.FPS was changed to 30.
 7022744	[INFO]	XnProperty.cpp	151	Property Image1.OutputFormat was changed to 5.
 7022756	[INFO]	XnProperty.cpp	151	Property Image1.BytesPerPixel was changed to 3.
 7022771	[INFO]	XnProperty.cpp	151	Property Image1.RequiredDataSize was changed to 230400.
 7022810	[INFO]	XnDeviceBase.cpp	1458	Stream 'Image1' was initialized.
 7022827	[INFO]	XnDeviceBase.cpp	1463	'Image1' stream was created.
 7022935	[INFO]	XnProperty.cpp	74	Setting Image1.InputFormat to 6...
 7022960	[INFO]	XnProperty.cpp	151	Property Image1.InputFormat was changed to 6.
 7022979	[INFO]	XnProperty.cpp	101	Image1.InputFormat was successfully set.
 7023511	[INFO]	XnDeviceModule.cpp	431	Module 'Image1' configuration was loaded from file.
 7023623	[INFO]	XnProperty.cpp	74	Setting Image1.FPS to 30...
 7023646	[INFO]	XnProperty.cpp	86	Image1.FPS value did not change.
 7023665	[INFO]	XnProperty.cpp	74	Setting Image1.YRes to 480...
 7023683	[INFO]	XnProperty.cpp	151	Property Image1.Resolution was changed to 1.
 7023700	[INFO]	XnProperty.cpp	151	Property Image1.XRes was changed to 640.
 7023719	[INFO]	XnProperty.cpp	151	Property Image1.RequiredDataSize was changed to 460800.
 7023739	[INFO]	XnProperty.cpp	151	Property Image1.YRes was changed to 480.
 7023759	[INFO]	XnProperty.cpp	151	Property Image1.RequiredDataSize was changed to 921600.
 7023779	[INFO]	XnProperty.cpp	101	Image1.YRes was successfully set.
 7023798	[INFO]	XnProperty.cpp	74	Setting Image1.XRes to 640...
 7023814	[INFO]	XnProperty.cpp	86	Image1.XRes value did not change.
 7024793	[INFO]	XnUSBLinux-x86.cpp	1222	USB read thread was started.
 7024842	[INFO]	XnProperty.cpp	151	Property Image1.ActualReadData was changed to 1.
 7186266	[WARNING]	XnDepthProcessor.cpp	133	Read: Depth buffer is corrupt. Size is 578416 (!= 614400)
 7186314	[WARNING]	XnFrameStreamProcessor.cpp	132	Depth frame is corrupt!
 7218293	[WARNING]	XnDepthProcessor.cpp	133	Read: Depth buffer is corrupt. Size is 540688 (!= 614400)
 7218340	[WARNING]	XnFrameStreamProcessor.cpp	132	Depth frame is corrupt!
10225402	[INFO]	XnProperty.cpp	151	Property Image1.State was changed to 1.
10225445	[INFO]	XnDeviceBase.cpp	370	Stream Image1 is open.
10225643	[INFO]	XnProperty.cpp	74	Setting Depth1.Registration to 1...
10377907	[INFO]	XnProperty.cpp	151	Property Depth1.Registration was changed to 1.
10377949	[INFO]	XnProperty.cpp	101	Depth1.Registration was successfully set.
10377997	[INFO]	XnProperty.cpp	74	Setting Image1.Mirror to 1...
10390366	[INFO]	XnProperty.cpp	151	Property Image1.FirmwareMirror was changed to 1.
10390426	[INFO]	XnProperty.cpp	151	Property Image1.Mirror was changed to 1.
10390443	[INFO]	XnProperty.cpp	101	Image1.Mirror was successfully set.
67071846	[INFO]	XnOpenNI.cpp	1459	Destroying node 'User1'
67080416	[INFO]	XnOpenNI.cpp	1459	Destroying node 'Depth1'
67080516	[INFO]	XnDeviceBase.cpp	1507	Destroying stream 'Depth1'...
67081851	[INFO]	XnOpenNI.cpp	1459	Destroying node 'Image1'
67081937	[INFO]	XnDeviceBase.cpp	1507	Destroying stream 'Image1'...
67082773	[INFO]	XnOpenNI.cpp	1459	Destroying node 'Device1'
