    1603	[INFO]	XnLog.cpp	165	OpenNI version is 1.0.0 (Build 25)-MacOSX (Jan  7 2011 14:20:18)
    1647	[INFO]	XnLog.cpp	173	Log system initialized. Console: 1, File: 1, Severity: INFO, Masks: ALL
    1671	[INFO]	XnLog.cpp	173	Log system initialized. Console: 1, File: 1, Severity: INFO, Masks: ALL
    2835	[INFO]	XnUSBLinux-x86.cpp	98	USB is initialized.
 1109099	[INFO]	XnOpenNI.cpp	1261	Creating node 'Device1' of type Device...
 1109970	[INFO]	XnDeviceModule.cpp	431	Module 'Device' configuration was loaded from file.
 1257891	[INFO]	XnDeviceSensorIO.cpp	135	Connected to USB device
 1257942	[INFO]	XnProperty.cpp	151	Property Device.USBPath was changed to 045e/02ae@253/8.
 1265767	[INFO]	XnHostProtocol.cpp	825	Hardware versions: FW=5.1.4 (7) HW=4 Chip=2 Sensor=4 SYS=7
 2677070	[INFO]	XnProperty.cpp	151	Property Device.ID was changed to 0.
 2677126	[INFO]	XnSensor.cpp	182	Device sensor initialized
 2677216	[INFO]	XnOpenNI.cpp	1261	Creating node 'Depth1' of type Depth...
 2677269	[INFO]	XnDeviceBase.cpp	1383	Creating stream 'Depth1' of type 'Depth'...
 2677294	[INFO]	XnProperty.cpp	74	Setting Device.ReadData to 1...
 2677335	[INFO]	XnDeviceSensorIO.cpp	298	Endpoints open
 2689620	[INFO]	XnProperty.cpp	151	Property Device.ReadData was changed to 1.
 2689665	[INFO]	XnProperty.cpp	101	Device.ReadData was successfully set.
 2690035	[INFO]	XnProperty.cpp	151	Property Depth1.Resolution was changed to 0.
 2690058	[INFO]	XnProperty.cpp	151	Property Depth1.XRes was changed to 320.
 2690079	[INFO]	XnProperty.cpp	151	Property Depth1.YRes was changed to 240.
 2690099	[INFO]	XnProperty.cpp	151	Property Depth1.FPS was changed to 30.
 2690117	[INFO]	XnProperty.cpp	151	Property Depth1.OutputFormat was changed to 1.
 2690135	[INFO]	XnProperty.cpp	151	Property Depth1.BytesPerPixel was changed to 2.
 2690153	[INFO]	XnProperty.cpp	151	Property Depth1.RequiredDataSize was changed to 153600.
 2690176	[INFO]	XnProperty.cpp	151	Property Depth1.ParamCoeff was changed to 4.
 2690241	[INFO]	XnProperty.cpp	151	Property Depth1.ShiftScale was changed to 10.
 2702735	[INFO]	XnProperty.cpp	151	Property Depth1.ConstShift was changed to 200.
 2702840	[INFO]	XnProperty.cpp	151	Property Depth1.ZPD was changed to 120.
 2702947	[INFO]	XnProperty.cpp	151	Property Depth1.ZPPS was changed to 0.104200.
 2702967	[INFO]	XnProperty.cpp	151	Property Depth1.LDDIS was changed to 7.500000.
 2703075	[INFO]	XnProperty.cpp	151	Property Depth1.Gain was changed to 30.
 2703116	[INFO]	XnDeviceBase.cpp	1458	Stream 'Depth1' was initialized.
 2703136	[INFO]	XnDeviceBase.cpp	1463	'Depth1' stream was created.
 2703296	[INFO]	XnProperty.cpp	74	Setting Depth1.InputFormat to 3...
 2703321	[INFO]	XnProperty.cpp	151	Property Depth1.InputFormat was changed to 3.
 2703340	[INFO]	XnProperty.cpp	101	Depth1.InputFormat was successfully set.
 2703794	[INFO]	XnProperty.cpp	74	Setting Depth1.RegistrationType to 2...
 2703815	[INFO]	XnProperty.cpp	151	Property Depth1.RegistrationType was changed to 2.
 2703833	[INFO]	XnProperty.cpp	101	Depth1.RegistrationType was successfully set.
 2704304	[INFO]	XnDeviceModule.cpp	431	Module 'Depth1' configuration was loaded from file.
 2704485	[INFO]	XnProperty.cpp	74	Setting Depth1.FPS to 30...
 2704506	[INFO]	XnProperty.cpp	86	Depth1.FPS value did not change.
 2704524	[INFO]	XnProperty.cpp	74	Setting Depth1.YRes to 480...
 2704546	[INFO]	XnProperty.cpp	151	Property Depth1.Resolution was changed to 1.
 2704565	[INFO]	XnProperty.cpp	151	Property Depth1.XRes was changed to 640.
 2704586	[INFO]	XnProperty.cpp	151	Property Depth1.RequiredDataSize was changed to 307200.
 2704607	[INFO]	XnProperty.cpp	151	Property Depth1.YRes was changed to 480.
 2704626	[INFO]	XnProperty.cpp	151	Property Depth1.RequiredDataSize was changed to 614400.
 2704645	[INFO]	XnProperty.cpp	101	Depth1.YRes was successfully set.
 2704665	[INFO]	XnProperty.cpp	74	Setting Depth1.XRes to 640...
 2704683	[INFO]	XnProperty.cpp	86	Depth1.XRes value did not change.
 2704740	[INFO]	XnProperty.cpp	74	Setting Depth1.Mirror to 1...
 2704759	[INFO]	XnProperty.cpp	151	Property Depth1.FirmwareMirror was changed to 1.
 2704812	[INFO]	XnProperty.cpp	151	Property Depth1.Mirror was changed to 1.
 2704830	[INFO]	XnProperty.cpp	101	Depth1.Mirror was successfully set.
 3808691	[INFO]	XnOpenNI.cpp	1261	Creating node 'User1' of type User...
 3833559	[WARNING]	Linux-x86Threads.cpp	173	Failed to set thread priority: Invalid argument
 3833604	[WARNING]	XnUSBLinux-x86.cpp	126	USB events thread: Failed to set thread priority to critical. This might cause loss of data...
 3834450	[INFO]	XnUSBLinux-x86.cpp	1222	USB read thread was started.
 3834475	[INFO]	XnProperty.cpp	151	Property Depth1.ActualReadData was changed to 1.
 4305210	[INFO]	XnProperty.cpp	151	Property Depth1.State was changed to 1.
 4305252	[INFO]	XnDeviceBase.cpp	370	Stream Depth1 is open.
 5400020	[INFO]	XnOpenNI.cpp	1261	Creating node 'Image1' of type Image...
 5400070	[INFO]	XnDeviceBase.cpp	1383	Creating stream 'Image1' of type 'Image'...
 5400286	[INFO]	XnProperty.cpp	151	Property Image1.Resolution was changed to 0.
 5400307	[INFO]	XnProperty.cpp	151	Property Image1.XRes was changed to 320.
 5400320	[INFO]	XnProperty.cpp	151	Property Image1.YRes was changed to 240.
 5400332	[INFO]	XnProperty.cpp	151	Property Image1.FPS was changed to 30.
 5400343	[INFO]	XnProperty.cpp	151	Property Image1.OutputFormat was changed to 5.
 5400355	[INFO]	XnProperty.cpp	151	Property Image1.BytesPerPixel was changed to 3.
 5400367	[INFO]	XnProperty.cpp	151	Property Image1.RequiredDataSize was changed to 230400.
 5400400	[INFO]	XnDeviceBase.cpp	1458	Stream 'Image1' was initialized.
 5400414	[INFO]	XnDeviceBase.cpp	1463	'Image1' stream was created.
 5400518	[INFO]	XnProperty.cpp	74	Setting Image1.InputFormat to 6...
 5400538	[INFO]	XnProperty.cpp	151	Property Image1.InputFormat was changed to 6.
 5400551	[INFO]	XnProperty.cpp	101	Image1.InputFormat was successfully set.
 5401003	[INFO]	XnDeviceModule.cpp	431	Module 'Image1' configuration was loaded from file.
 5401116	[INFO]	XnProperty.cpp	74	Setting Image1.FPS to 30...
 5401157	[INFO]	XnProperty.cpp	86	Image1.FPS value did not change.
 5401176	[INFO]	XnProperty.cpp	74	Setting Image1.YRes to 480...
 5401195	[INFO]	XnProperty.cpp	151	Property Image1.Resolution was changed to 1.
 5401209	[INFO]	XnProperty.cpp	151	Property Image1.XRes was changed to 640.
 5401222	[INFO]	XnProperty.cpp	151	Property Image1.RequiredDataSize was changed to 460800.
 5401236	[INFO]	XnProperty.cpp	151	Property Image1.YRes was changed to 480.
 5401247	[INFO]	XnProperty.cpp	151	Property Image1.RequiredDataSize was changed to 921600.
 5401260	[INFO]	XnProperty.cpp	101	Image1.YRes was successfully set.
 5401272	[INFO]	XnProperty.cpp	74	Setting Image1.XRes to 640...
 5401283	[INFO]	XnProperty.cpp	86	Image1.XRes value did not change.
 5402254	[INFO]	XnUSBLinux-x86.cpp	1222	USB read thread was started.
 5402298	[INFO]	XnProperty.cpp	151	Property Image1.ActualReadData was changed to 1.
 5570298	[WARNING]	XnDepthProcessor.cpp	133	Read: Depth buffer is corrupt. Size is 589184 (!= 614400)
 5570344	[WARNING]	XnFrameStreamProcessor.cpp	132	Depth frame is corrupt!
 5602330	[WARNING]	XnDepthProcessor.cpp	133	Read: Depth buffer is corrupt. Size is 572272 (!= 614400)
 5602377	[WARNING]	XnFrameStreamProcessor.cpp	132	Depth frame is corrupt!
 8474275	[WARNING]	XnDepthProcessor.cpp	133	Read: Depth buffer is corrupt. Size is 591552 (!= 614400)
 8474380	[WARNING]	XnFrameStreamProcessor.cpp	132	Depth frame is corrupt!
 8506369	[WARNING]	XnDepthProcessor.cpp	133	Read: Depth buffer is corrupt. Size is 600816 (!= 614400)
 8506417	[WARNING]	XnFrameStreamProcessor.cpp	132	Depth frame is corrupt!
 8603389	[INFO]	XnProperty.cpp	151	Property Image1.State was changed to 1.
 8603432	[INFO]	XnDeviceBase.cpp	370	Stream Image1 is open.
 8603635	[INFO]	XnProperty.cpp	74	Setting Depth1.Registration to 1...
 8755632	[INFO]	XnProperty.cpp	151	Property Depth1.Registration was changed to 1.
 8755678	[INFO]	XnProperty.cpp	101	Depth1.Registration was successfully set.
 8755735	[INFO]	XnProperty.cpp	74	Setting Image1.Mirror to 1...
 8768178	[INFO]	XnProperty.cpp	151	Property Image1.FirmwareMirror was changed to 1.
 8768268	[INFO]	XnProperty.cpp	151	Property Image1.Mirror was changed to 1.
 8768281	[INFO]	XnProperty.cpp	101	Image1.Mirror was successfully set.
24722305	[INFO]	XnOpenNI.cpp	1459	Destroying node 'User1'
24729753	[INFO]	XnOpenNI.cpp	1459	Destroying node 'Depth1'
24729845	[INFO]	XnDeviceBase.cpp	1507	Destroying stream 'Depth1'...
24731221	[INFO]	XnOpenNI.cpp	1459	Destroying node 'Image1'
24731293	[INFO]	XnDeviceBase.cpp	1507	Destroying stream 'Image1'...
24733500	[INFO]	XnOpenNI.cpp	1459	Destroying node 'Device1'
