   39566	[INFO]	XnLog.cpp	165	OpenNI version is 1.0.0 (Build 25)-MacOSX (Jan  7 2011 14:20:18)
   39617	[INFO]	XnLog.cpp	173	Log system initialized. Console: 1, File: 1, Severity: INFO, Masks: ALL
   39651	[INFO]	XnLog.cpp	173	Log system initialized. Console: 1, File: 1, Severity: INFO, Masks: ALL
   41085	[INFO]	XnUSBLinux-x86.cpp	98	USB is initialized.
 4255690	[INFO]	XnOpenNI.cpp	1261	Creating node 'Device1' of type Device...
 4292447	[INFO]	XnDeviceModule.cpp	431	Module 'Device' configuration was loaded from file.
 5059758	[INFO]	XnDeviceSensorIO.cpp	135	Connected to USB device
 5059810	[INFO]	XnProperty.cpp	151	Property Device.USBPath was changed to 045e/02ae@253/8.
 5066695	[INFO]	XnHostProtocol.cpp	825	Hardware versions: FW=5.1.4 (7) HW=4 Chip=2 Sensor=4 SYS=7
 6475849	[INFO]	XnProperty.cpp	151	Property Device.ID was changed to 0.
 6475924	[INFO]	XnSensor.cpp	182	Device sensor initialized
 6476040	[INFO]	XnOpenNI.cpp	1261	Creating node 'Depth1' of type Depth...
 6476087	[INFO]	XnDeviceBase.cpp	1383	Creating stream 'Depth1' of type 'Depth'...
 6476111	[INFO]	XnProperty.cpp	74	Setting Device.ReadData to 1...
 6476154	[INFO]	XnDeviceSensorIO.cpp	298	Endpoints open
 6488419	[INFO]	XnProperty.cpp	151	Property Device.ReadData was changed to 1.
 6488466	[INFO]	XnProperty.cpp	101	Device.ReadData was successfully set.
 6488875	[INFO]	XnProperty.cpp	151	Property Depth1.Resolution was changed to 0.
 6488905	[INFO]	XnProperty.cpp	151	Property Depth1.XRes was changed to 320.
 6488926	[INFO]	XnProperty.cpp	151	Property Depth1.YRes was changed to 240.
 6488943	[INFO]	XnProperty.cpp	151	Property Depth1.FPS was changed to 30.
 6488960	[INFO]	XnProperty.cpp	151	Property Depth1.OutputFormat was changed to 1.
 6488978	[INFO]	XnProperty.cpp	151	Property Depth1.BytesPerPixel was changed to 2.
 6488997	[INFO]	XnProperty.cpp	151	Property Depth1.RequiredDataSize was changed to 153600.
 6489024	[INFO]	XnProperty.cpp	151	Property Depth1.ParamCoeff was changed to 4.
 6489099	[INFO]	XnProperty.cpp	151	Property Depth1.ShiftScale was changed to 10.
 6501691	[INFO]	XnProperty.cpp	151	Property Depth1.ConstShift was changed to 200.
 6501811	[INFO]	XnProperty.cpp	151	Property Depth1.ZPD was changed to 120.
 6501913	[INFO]	XnProperty.cpp	151	Property Depth1.ZPPS was changed to 0.104200.
 6501927	[INFO]	XnProperty.cpp	151	Property Depth1.LDDIS was changed to 7.500000.
 6502017	[INFO]	XnProperty.cpp	151	Property Depth1.Gain was changed to 30.
 6502047	[INFO]	XnDeviceBase.cpp	1458	Stream 'Depth1' was initialized.
 6502061	[INFO]	XnDeviceBase.cpp	1463	'Depth1' stream was created.
 6502206	[INFO]	XnProperty.cpp	74	Setting Depth1.InputFormat to 3...
 6502227	[INFO]	XnProperty.cpp	151	Property Depth1.InputFormat was changed to 3.
 6502240	[INFO]	XnProperty.cpp	101	Depth1.InputFormat was successfully set.
 6502669	[INFO]	XnProperty.cpp	74	Setting Depth1.RegistrationType to 2...
 6502687	[INFO]	XnProperty.cpp	151	Property Depth1.RegistrationType was changed to 2.
 6502702	[INFO]	XnProperty.cpp	101	Depth1.RegistrationType was successfully set.
 6503227	[INFO]	XnDeviceModule.cpp	431	Module 'Depth1' configuration was loaded from file.
 6503429	[INFO]	XnProperty.cpp	74	Setting Depth1.FPS to 30...
 6503447	[INFO]	XnProperty.cpp	86	Depth1.FPS value did not change.
 6503459	[INFO]	XnProperty.cpp	74	Setting Depth1.YRes to 480...
 6503473	[INFO]	XnProperty.cpp	151	Property Depth1.Resolution was changed to 1.
 6503486	[INFO]	XnProperty.cpp	151	Property Depth1.XRes was changed to 640.
 6503499	[INFO]	XnProperty.cpp	151	Property Depth1.RequiredDataSize was changed to 307200.
 6503514	[INFO]	XnProperty.cpp	151	Property Depth1.YRes was changed to 480.
 6503526	[INFO]	XnProperty.cpp	151	Property Depth1.RequiredDataSize was changed to 614400.
 6503539	[INFO]	XnProperty.cpp	101	Depth1.YRes was successfully set.
 6503551	[INFO]	XnProperty.cpp	74	Setting Depth1.XRes to 640...
 6503562	[INFO]	XnProperty.cpp	86	Depth1.XRes value did not change.
 6503604	[INFO]	XnProperty.cpp	74	Setting Depth1.Mirror to 1...
 6503618	[INFO]	XnProperty.cpp	151	Property Depth1.FirmwareMirror was changed to 1.
 6503823	[INFO]	XnProperty.cpp	151	Property Depth1.Mirror was changed to 1.
 6503836	[INFO]	XnProperty.cpp	101	Depth1.Mirror was successfully set.
12563042	[INFO]	XnOpenNI.cpp	1261	Creating node 'User1' of type User...
12726842	[WARNING]	Linux-x86Threads.cpp	173	Failed to set thread priority: Invalid argument
12726880	[WARNING]	XnUSBLinux-x86.cpp	126	USB events thread: Failed to set thread priority to critical. This might cause loss of data...
12727640	[INFO]	XnUSBLinux-x86.cpp	1222	USB read thread was started.
12727669	[INFO]	XnProperty.cpp	151	Property Depth1.ActualReadData was changed to 1.
13198188	[INFO]	XnProperty.cpp	151	Property Depth1.State was changed to 1.
13198239	[INFO]	XnDeviceBase.cpp	370	Stream Depth1 is open.
18329086	[INFO]	XnOpenNI.cpp	1261	Creating node 'Image1' of type Image...
18329135	[INFO]	XnDeviceBase.cpp	1383	Creating stream 'Image1' of type 'Image'...
18329357	[INFO]	XnProperty.cpp	151	Property Image1.Resolution was changed to 0.
18329384	[INFO]	XnProperty.cpp	151	Property Image1.XRes was changed to 320.
18329402	[INFO]	XnProperty.cpp	151	Property Image1.YRes was changed to 240.
18329420	[INFO]	XnProperty.cpp	151	Property Image1.FPS was changed to 30.
18329437	[INFO]	XnProperty.cpp	151	Property Image1.OutputFormat was changed to 5.
18329456	[INFO]	XnProperty.cpp	151	Property Image1.BytesPerPixel was changed to 3.
18329474	[INFO]	XnProperty.cpp	151	Property Image1.RequiredDataSize was changed to 230400.
18329515	[INFO]	XnDeviceBase.cpp	1458	Stream 'Image1' was initialized.
18329536	[INFO]	XnDeviceBase.cpp	1463	'Image1' stream was created.
18329671	[INFO]	XnProperty.cpp	74	Setting Image1.InputFormat to 6...
18329701	[INFO]	XnProperty.cpp	151	Property Image1.InputFormat was changed to 6.
18329721	[INFO]	XnProperty.cpp	101	Image1.InputFormat was successfully set.
18330347	[INFO]	XnDeviceModule.cpp	431	Module 'Image1' configuration was loaded from file.
18330452	[INFO]	XnProperty.cpp	74	Setting Image1.FPS to 30...
18330478	[INFO]	XnProperty.cpp	86	Image1.FPS value did not change.
18330499	[INFO]	XnProperty.cpp	74	Setting Image1.YRes to 480...
18330522	[INFO]	XnProperty.cpp	151	Property Image1.Resolution was changed to 1.
18330544	[INFO]	XnProperty.cpp	151	Property Image1.XRes was changed to 640.
18330565	[INFO]	XnProperty.cpp	151	Property Image1.RequiredDataSize was changed to 460800.
18330590	[INFO]	XnProperty.cpp	151	Property Image1.YRes was changed to 480.
18330613	[INFO]	XnProperty.cpp	151	Property Image1.RequiredDataSize was changed to 921600.
18330637	[INFO]	XnProperty.cpp	101	Image1.YRes was successfully set.
18330669	[INFO]	XnProperty.cpp	74	Setting Image1.XRes to 640...
18330691	[INFO]	XnProperty.cpp	86	Image1.XRes value did not change.
18331761	[INFO]	XnUSBLinux-x86.cpp	1222	USB read thread was started.
18331805	[INFO]	XnProperty.cpp	151	Property Image1.ActualReadData was changed to 1.
18499488	[WARNING]	XnDepthProcessor.cpp	133	Read: Depth buffer is corrupt. Size is 563536 (!= 614400)
18499537	[WARNING]	XnFrameStreamProcessor.cpp	132	Depth frame is corrupt!
18535447	[WARNING]	XnDepthProcessor.cpp	133	Read: Depth buffer is corrupt. Size is 551840 (!= 614400)
18535500	[WARNING]	XnFrameStreamProcessor.cpp	132	Depth frame is corrupt!
21435511	[WARNING]	XnDepthProcessor.cpp	133	Read: Depth buffer is corrupt. Size is 594576 (!= 614400)
21435557	[WARNING]	XnFrameStreamProcessor.cpp	132	Depth frame is corrupt!
21532560	[INFO]	XnProperty.cpp	151	Property Image1.State was changed to 1.
21532603	[INFO]	XnDeviceBase.cpp	370	Stream Image1 is open.
21532793	[INFO]	XnProperty.cpp	74	Setting Depth1.Registration to 1...
21571483	[WARNING]	XnDepthProcessor.cpp	133	Read: Depth buffer is corrupt. Size is 584480 (!= 614400)
21571540	[WARNING]	XnFrameStreamProcessor.cpp	132	Depth frame is corrupt!
21683782	[INFO]	XnProperty.cpp	151	Property Depth1.Registration was changed to 1.
21683825	[INFO]	XnProperty.cpp	101	Depth1.Registration was successfully set.
21683870	[INFO]	XnProperty.cpp	74	Setting Image1.Mirror to 1...
21696200	[INFO]	XnProperty.cpp	151	Property Image1.FirmwareMirror was changed to 1.
21696273	[INFO]	XnProperty.cpp	151	Property Image1.Mirror was changed to 1.
21696286	[INFO]	XnProperty.cpp	101	Image1.Mirror was successfully set.
40717804	[INFO]	XnOpenNI.cpp	1459	Destroying node 'User1'
40725707	[INFO]	XnOpenNI.cpp	1459	Destroying node 'Depth1'
40725793	[INFO]	XnDeviceBase.cpp	1507	Destroying stream 'Depth1'...
40726999	[INFO]	XnOpenNI.cpp	1459	Destroying node 'Image1'
40727059	[INFO]	XnDeviceBase.cpp	1507	Destroying stream 'Image1'...
40727855	[INFO]	XnOpenNI.cpp	1459	Destroying node 'Device1'
