    1631	[INFO]	XnLog.cpp	165	OpenNI version is 1.0.0 (Build 25)-MacOSX (Jan  7 2011 14:20:18)
    1685	[INFO]	XnLog.cpp	173	Log system initialized. Console: 1, File: 1, Severity: INFO, Masks: ALL
    1718	[INFO]	XnLog.cpp	173	Log system initialized. Console: 1, File: 1, Severity: INFO, Masks: ALL
    3056	[INFO]	XnUSBLinux-x86.cpp	98	USB is initialized.
 2380963	[INFO]	XnOpenNI.cpp	1261	Creating node 'Device1' of type Device...
 2381742	[INFO]	XnDeviceModule.cpp	431	Module 'Device' configuration was loaded from file.
 2644769	[INFO]	XnDeviceSensorIO.cpp	135	Connected to USB device
 2644821	[INFO]	XnProperty.cpp	151	Property Device.USBPath was changed to 045e/02ae@253/8.
 2652645	[INFO]	XnHostProtocol.cpp	825	Hardware versions: FW=5.1.4 (7) HW=4 Chip=2 Sensor=4 SYS=7
 4065053	[INFO]	XnProperty.cpp	151	Property Device.ID was changed to 0.
 4065148	[INFO]	XnSensor.cpp	182	Device sensor initialized
 4065312	[INFO]	XnOpenNI.cpp	1261	Creating node 'Depth1' of type Depth...
 4065379	[INFO]	XnDeviceBase.cpp	1383	Creating stream 'Depth1' of type 'Depth'...
 4065411	[INFO]	XnProperty.cpp	74	Setting Device.ReadData to 1...
 4065474	[INFO]	XnDeviceSensorIO.cpp	298	Endpoints open
 4078802	[INFO]	XnProperty.cpp	151	Property Device.ReadData was changed to 1.
 4078854	[INFO]	XnProperty.cpp	101	Device.ReadData was successfully set.
 4079405	[INFO]	XnProperty.cpp	151	Property Depth1.Resolution was changed to 0.
 4079431	[INFO]	XnProperty.cpp	151	Property Depth1.XRes was changed to 320.
 4079450	[INFO]	XnProperty.cpp	151	Property Depth1.YRes was changed to 240.
 4079468	[INFO]	XnProperty.cpp	151	Property Depth1.FPS was changed to 30.
 4079484	[INFO]	XnProperty.cpp	151	Property Depth1.OutputFormat was changed to 1.
 4079501	[INFO]	XnProperty.cpp	151	Property Depth1.BytesPerPixel was changed to 2.
 4079519	[INFO]	XnProperty.cpp	151	Property Depth1.RequiredDataSize was changed to 153600.
 4079540	[INFO]	XnProperty.cpp	151	Property Depth1.ParamCoeff was changed to 4.
 4079617	[INFO]	XnProperty.cpp	151	Property Depth1.ShiftScale was changed to 10.
 4092214	[INFO]	XnProperty.cpp	151	Property Depth1.ConstShift was changed to 200.
 4092312	[INFO]	XnProperty.cpp	151	Property Depth1.ZPD was changed to 120.
 4092409	[INFO]	XnProperty.cpp	151	Property Depth1.ZPPS was changed to 0.104200.
 4092423	[INFO]	XnProperty.cpp	151	Property Depth1.LDDIS was changed to 7.500000.
 4092517	[INFO]	XnProperty.cpp	151	Property Depth1.Gain was changed to 30.
 4092550	[INFO]	XnDeviceBase.cpp	1458	Stream 'Depth1' was initialized.
 4092564	[INFO]	XnDeviceBase.cpp	1463	'Depth1' stream was created.
 4092735	[INFO]	XnProperty.cpp	74	Setting Depth1.InputFormat to 3...
 4092757	[INFO]	XnProperty.cpp	151	Property Depth1.InputFormat was changed to 3.
 4092770	[INFO]	XnProperty.cpp	101	Depth1.InputFormat was successfully set.
 4093202	[INFO]	XnProperty.cpp	74	Setting Depth1.RegistrationType to 2...
 4093218	[INFO]	XnProperty.cpp	151	Property Depth1.RegistrationType was changed to 2.
 4093229	[INFO]	XnProperty.cpp	101	Depth1.RegistrationType was successfully set.
 4093686	[INFO]	XnDeviceModule.cpp	431	Module 'Depth1' configuration was loaded from file.
 4093879	[INFO]	XnProperty.cpp	74	Setting Depth1.FPS to 30...
 4093896	[INFO]	XnProperty.cpp	86	Depth1.FPS value did not change.
 4093908	[INFO]	XnProperty.cpp	74	Setting Depth1.YRes to 480...
 4093923	[INFO]	XnProperty.cpp	151	Property Depth1.Resolution was changed to 1.
 4093936	[INFO]	XnProperty.cpp	151	Property Depth1.XRes was changed to 640.
 4093949	[INFO]	XnProperty.cpp	151	Property Depth1.RequiredDataSize was changed to 307200.
 4093964	[INFO]	XnProperty.cpp	151	Property Depth1.YRes was changed to 480.
 4093976	[INFO]	XnProperty.cpp	151	Property Depth1.RequiredDataSize was changed to 614400.
 4093989	[INFO]	XnProperty.cpp	101	Depth1.YRes was successfully set.
 4094001	[INFO]	XnProperty.cpp	74	Setting Depth1.XRes to 640...
 4094012	[INFO]	XnProperty.cpp	86	Depth1.XRes value did not change.
 4094056	[INFO]	XnProperty.cpp	74	Setting Depth1.Mirror to 1...
 4094071	[INFO]	XnProperty.cpp	151	Property Depth1.FirmwareMirror was changed to 1.
 4094115	[INFO]	XnProperty.cpp	151	Property Depth1.Mirror was changed to 1.
 4094127	[INFO]	XnProperty.cpp	101	Depth1.Mirror was successfully set.
 6299415	[INFO]	XnOpenNI.cpp	1261	Creating node 'User1' of type User...
 6323523	[WARNING]	Linux-x86Threads.cpp	173	Failed to set thread priority: Invalid argument
 6323569	[WARNING]	XnUSBLinux-x86.cpp	126	USB events thread: Failed to set thread priority to critical. This might cause loss of data...
 6324443	[INFO]	XnUSBLinux-x86.cpp	1222	USB read thread was started.
 6324478	[INFO]	XnProperty.cpp	151	Property Depth1.ActualReadData was changed to 1.
 6795203	[INFO]	XnProperty.cpp	151	Property Depth1.State was changed to 1.
 6795255	[INFO]	XnDeviceBase.cpp	370	Stream Depth1 is open.
 9611164	[INFO]	XnOpenNI.cpp	1261	Creating node 'Image1' of type Image...
 9611218	[INFO]	XnDeviceBase.cpp	1383	Creating stream 'Image1' of type 'Image'...
 9611515	[INFO]	XnProperty.cpp	151	Property Image1.Resolution was changed to 0.
 9611543	[INFO]	XnProperty.cpp	151	Property Image1.XRes was changed to 320.
 9611564	[INFO]	XnProperty.cpp	151	Property Image1.YRes was changed to 240.
 9611583	[INFO]	XnProperty.cpp	151	Property Image1.FPS was changed to 30.
 9611602	[INFO]	XnProperty.cpp	151	Property Image1.OutputFormat was changed to 5.
 9611620	[INFO]	XnProperty.cpp	151	Property Image1.BytesPerPixel was changed to 3.
 9611638	[INFO]	XnProperty.cpp	151	Property Image1.RequiredDataSize was changed to 230400.
 9611677	[INFO]	XnDeviceBase.cpp	1458	Stream 'Image1' was initialized.
 9611697	[INFO]	XnDeviceBase.cpp	1463	'Image1' stream was created.
 9611811	[INFO]	XnProperty.cpp	74	Setting Image1.InputFormat to 6...
 9611837	[INFO]	XnProperty.cpp	151	Property Image1.InputFormat was changed to 6.
 9611855	[INFO]	XnProperty.cpp	101	Image1.InputFormat was successfully set.
 9612279	[INFO]	XnDeviceModule.cpp	431	Module 'Image1' configuration was loaded from file.
 9612390	[INFO]	XnProperty.cpp	74	Setting Image1.FPS to 30...
 9612415	[INFO]	XnProperty.cpp	86	Image1.FPS value did not change.
 9612432	[INFO]	XnProperty.cpp	74	Setting Image1.YRes to 480...
 9612450	[INFO]	XnProperty.cpp	151	Property Image1.Resolution was changed to 1.
 9612468	[INFO]	XnProperty.cpp	151	Property Image1.XRes was changed to 640.
 9612488	[INFO]	XnProperty.cpp	151	Property Image1.RequiredDataSize was changed to 460800.
 9612510	[INFO]	XnProperty.cpp	151	Property Image1.YRes was changed to 480.
 9612531	[INFO]	XnProperty.cpp	151	Property Image1.RequiredDataSize was changed to 921600.
 9612551	[INFO]	XnProperty.cpp	101	Image1.YRes was successfully set.
 9612570	[INFO]	XnProperty.cpp	74	Setting Image1.XRes to 640...
 9612586	[INFO]	XnProperty.cpp	86	Image1.XRes value did not change.
 9613515	[INFO]	XnUSBLinux-x86.cpp	1222	USB read thread was started.
 9613562	[INFO]	XnProperty.cpp	151	Property Image1.ActualReadData was changed to 1.
 9796432	[WARNING]	XnDepthProcessor.cpp	133	Read: Depth buffer is corrupt. Size is 541680 (!= 614400)
 9796479	[WARNING]	XnFrameStreamProcessor.cpp	132	Depth frame is corrupt!
12700453	[WARNING]	XnDepthProcessor.cpp	133	Read: Depth buffer is corrupt. Size is 590928 (!= 614400)
12700494	[WARNING]	XnFrameStreamProcessor.cpp	132	Depth frame is corrupt!
12813928	[INFO]	XnProperty.cpp	151	Property Image1.State was changed to 1.
12813971	[INFO]	XnDeviceBase.cpp	370	Stream Image1 is open.
12814161	[INFO]	XnProperty.cpp	74	Setting Depth1.Registration to 1...
12864503	[WARNING]	XnDepthProcessor.cpp	133	Read: Depth buffer is corrupt. Size is 584176 (!= 614400)
12864551	[WARNING]	XnFrameStreamProcessor.cpp	132	Depth frame is corrupt!
12965684	[INFO]	XnProperty.cpp	151	Property Depth1.Registration was changed to 1.
12965735	[INFO]	XnProperty.cpp	101	Depth1.Registration was successfully set.
12965781	[INFO]	XnProperty.cpp	74	Setting Image1.Mirror to 1...
12978436	[INFO]	XnProperty.cpp	151	Property Image1.FirmwareMirror was changed to 1.
12978480	[INFO]	XnProperty.cpp	151	Property Image1.Mirror was changed to 1.
12978492	[INFO]	XnProperty.cpp	101	Image1.Mirror was successfully set.
31119255	[INFO]	XnOpenNI.cpp	1459	Destroying node 'User1'
31126605	[INFO]	XnOpenNI.cpp	1459	Destroying node 'Depth1'
31126692	[INFO]	XnDeviceBase.cpp	1507	Destroying stream 'Depth1'...
31128053	[INFO]	XnOpenNI.cpp	1459	Destroying node 'Image1'
31128125	[INFO]	XnDeviceBase.cpp	1507	Destroying stream 'Image1'...
31129107	[INFO]	XnOpenNI.cpp	1459	Destroying node 'Device1'
