    1602	[INFO]	XnLog.cpp	165	OpenNI version is 1.0.0 (Build 25)-MacOSX (Jan  7 2011 14:20:18)
    1647	[INFO]	XnLog.cpp	173	Log system initialized. Console: 1, File: 1, Severity: INFO, Masks: ALL
    1669	[INFO]	XnLog.cpp	173	Log system initialized. Console: 1, File: 1, Severity: INFO, Masks: ALL
    2777	[INFO]	XnUSBLinux-x86.cpp	98	USB is initialized.
 3146383	[INFO]	XnOpenNI.cpp	1261	Creating node 'Device1' of type Device...
 3147180	[INFO]	XnDeviceModule.cpp	431	Module 'Device' configuration was loaded from file.
 3295639	[INFO]	XnDeviceSensorIO.cpp	135	Connected to USB device
 3295690	[INFO]	XnProperty.cpp	151	Property Device.USBPath was changed to 045e/02ae@253/8.
 3302527	[INFO]	XnHostProtocol.cpp	825	Hardware versions: FW=5.1.4 (7) HW=4 Chip=2 Sensor=4 SYS=7
 4707116	[INFO]	XnProperty.cpp	151	Property Device.ID was changed to 0.
 4707193	[INFO]	XnSensor.cpp	182	Device sensor initialized
 4707296	[INFO]	XnOpenNI.cpp	1261	Creating node 'Depth1' of type Depth...
 4707346	[INFO]	XnDeviceBase.cpp	1383	Creating stream 'Depth1' of type 'Depth'...
 4707371	[INFO]	XnProperty.cpp	74	Setting Device.ReadData to 1...
 4707413	[INFO]	XnDeviceSensorIO.cpp	298	Endpoints open
 4719837	[INFO]	XnProperty.cpp	151	Property Device.ReadData was changed to 1.
 4719878	[INFO]	XnProperty.cpp	101	Device.ReadData was successfully set.
 4720260	[INFO]	XnProperty.cpp	151	Property Depth1.Resolution was changed to 0.
 4720285	[INFO]	XnProperty.cpp	151	Property Depth1.XRes was changed to 320.
 4720301	[INFO]	XnProperty.cpp	151	Property Depth1.YRes was changed to 240.
 4720316	[INFO]	XnProperty.cpp	151	Property Depth1.FPS was changed to 30.
 4720330	[INFO]	XnProperty.cpp	151	Property Depth1.OutputFormat was changed to 1.
 4720345	[INFO]	XnProperty.cpp	151	Property Depth1.BytesPerPixel was changed to 2.
 4720359	[INFO]	XnProperty.cpp	151	Property Depth1.RequiredDataSize was changed to 153600.
 4720378	[INFO]	XnProperty.cpp	151	Property Depth1.ParamCoeff was changed to 4.
 4720451	[INFO]	XnProperty.cpp	151	Property Depth1.ShiftScale was changed to 10.
 4732711	[INFO]	XnProperty.cpp	151	Property Depth1.ConstShift was changed to 200.
 4732825	[INFO]	XnProperty.cpp	151	Property Depth1.ZPD was changed to 120.
 4732938	[INFO]	XnProperty.cpp	151	Property Depth1.ZPPS was changed to 0.104200.
 4732958	[INFO]	XnProperty.cpp	151	Property Depth1.LDDIS was changed to 7.500000.
 4733076	[INFO]	XnProperty.cpp	151	Property Depth1.Gain was changed to 30.
 4733122	[INFO]	XnDeviceBase.cpp	1458	Stream 'Depth1' was initialized.
 4733142	[INFO]	XnDeviceBase.cpp	1463	'Depth1' stream was created.
 4733327	[INFO]	XnProperty.cpp	74	Setting Depth1.InputFormat to 3...
 4733353	[INFO]	XnProperty.cpp	151	Property Depth1.InputFormat was changed to 3.
 4733387	[INFO]	XnProperty.cpp	101	Depth1.InputFormat was successfully set.
 4733835	[INFO]	XnProperty.cpp	74	Setting Depth1.RegistrationType to 2...
 4733855	[INFO]	XnProperty.cpp	151	Property Depth1.RegistrationType was changed to 2.
 4733873	[INFO]	XnProperty.cpp	101	Depth1.RegistrationType was successfully set.
 4734381	[INFO]	XnDeviceModule.cpp	431	Module 'Depth1' configuration was loaded from file.
 4734584	[INFO]	XnProperty.cpp	74	Setting Depth1.FPS to 30...
 4734606	[INFO]	XnProperty.cpp	86	Depth1.FPS value did not change.
 4734624	[INFO]	XnProperty.cpp	74	Setting Depth1.YRes to 480...
 4734648	[INFO]	XnProperty.cpp	151	Property Depth1.Resolution was changed to 1.
 4734668	[INFO]	XnProperty.cpp	151	Property Depth1.XRes was changed to 640.
 4734688	[INFO]	XnProperty.cpp	151	Property Depth1.RequiredDataSize was changed to 307200.
 4734710	[INFO]	XnProperty.cpp	151	Property Depth1.YRes was changed to 480.
 4734728	[INFO]	XnProperty.cpp	151	Property Depth1.RequiredDataSize was changed to 614400.
 4734748	[INFO]	XnProperty.cpp	101	Depth1.YRes was successfully set.
 4734767	[INFO]	XnProperty.cpp	74	Setting Depth1.XRes to 640...
 4734784	[INFO]	XnProperty.cpp	86	Depth1.XRes value did not change.
 4734840	[INFO]	XnProperty.cpp	74	Setting Depth1.Mirror to 1...
 4734860	[INFO]	XnProperty.cpp	151	Property Depth1.FirmwareMirror was changed to 1.
 4734915	[INFO]	XnProperty.cpp	151	Property Depth1.Mirror was changed to 1.
 4734934	[INFO]	XnProperty.cpp	101	Depth1.Mirror was successfully set.
 7940628	[INFO]	XnOpenNI.cpp	1261	Creating node 'User1' of type User...
 7964279	[WARNING]	Linux-x86Threads.cpp	173	Failed to set thread priority: Invalid argument
 7964323	[WARNING]	XnUSBLinux-x86.cpp	126	USB events thread: Failed to set thread priority to critical. This might cause loss of data...
 7965185	[INFO]	XnUSBLinux-x86.cpp	1222	USB read thread was started.
 7965216	[INFO]	XnProperty.cpp	151	Property Depth1.ActualReadData was changed to 1.
 8435375	[INFO]	XnProperty.cpp	151	Property Depth1.State was changed to 1.
 8435425	[INFO]	XnDeviceBase.cpp	370	Stream Depth1 is open.
13575398	[INFO]	XnOpenNI.cpp	1261	Creating node 'Image1' of type Image...
13575450	[INFO]	XnDeviceBase.cpp	1383	Creating stream 'Image1' of type 'Image'...
13575633	[INFO]	XnProperty.cpp	151	Property Image1.Resolution was changed to 0.
13575651	[INFO]	XnProperty.cpp	151	Property Image1.XRes was changed to 320.
13575664	[INFO]	XnProperty.cpp	151	Property Image1.YRes was changed to 240.
13575676	[INFO]	XnProperty.cpp	151	Property Image1.FPS was changed to 30.
13575687	[INFO]	XnProperty.cpp	151	Property Image1.OutputFormat was changed to 5.
13575698	[INFO]	XnProperty.cpp	151	Property Image1.BytesPerPixel was changed to 3.
13575711	[INFO]	XnProperty.cpp	151	Property Image1.RequiredDataSize was changed to 230400.
13575738	[INFO]	XnDeviceBase.cpp	1458	Stream 'Image1' was initialized.
13575752	[INFO]	XnDeviceBase.cpp	1463	'Image1' stream was created.
13575859	[INFO]	XnProperty.cpp	74	Setting Image1.InputFormat to 6...
13575880	[INFO]	XnProperty.cpp	151	Property Image1.InputFormat was changed to 6.
13575893	[INFO]	XnProperty.cpp	101	Image1.InputFormat was successfully set.
13576313	[INFO]	XnDeviceModule.cpp	431	Module 'Image1' configuration was loaded from file.
13576392	[INFO]	XnProperty.cpp	74	Setting Image1.FPS to 30...
13576407	[INFO]	XnProperty.cpp	86	Image1.FPS value did not change.
13576419	[INFO]	XnProperty.cpp	74	Setting Image1.YRes to 480...
13576431	[INFO]	XnProperty.cpp	151	Property Image1.Resolution was changed to 1.
13576443	[INFO]	XnProperty.cpp	151	Property Image1.XRes was changed to 640.
13576455	[INFO]	XnProperty.cpp	151	Property Image1.RequiredDataSize was changed to 460800.
13576468	[INFO]	XnProperty.cpp	151	Property Image1.YRes was changed to 480.
13576480	[INFO]	XnProperty.cpp	151	Property Image1.RequiredDataSize was changed to 921600.
13576493	[INFO]	XnProperty.cpp	101	Image1.YRes was successfully set.
13576505	[INFO]	XnProperty.cpp	74	Setting Image1.XRes to 640...
13576516	[INFO]	XnProperty.cpp	86	Image1.XRes value did not change.
13577445	[INFO]	XnUSBLinux-x86.cpp	1222	USB read thread was started.
13577489	[INFO]	XnProperty.cpp	151	Property Image1.ActualReadData was changed to 1.
13737195	[WARNING]	XnDepthProcessor.cpp	133	Read: Depth buffer is corrupt. Size is 594240 (!= 614400)
13737243	[WARNING]	XnFrameStreamProcessor.cpp	132	Depth frame is corrupt!
13773089	[WARNING]	XnDepthProcessor.cpp	133	Read: Depth buffer is corrupt. Size is 515344 (!= 614400)
13773139	[WARNING]	XnFrameStreamProcessor.cpp	132	Depth frame is corrupt!
16673174	[WARNING]	XnDepthProcessor.cpp	133	Read: Depth buffer is corrupt. Size is 599056 (!= 614400)
16673220	[WARNING]	XnFrameStreamProcessor.cpp	132	Depth frame is corrupt!
16777632	[INFO]	XnProperty.cpp	151	Property Image1.State was changed to 1.
16777687	[INFO]	XnDeviceBase.cpp	370	Stream Image1 is open.
16777900	[INFO]	XnProperty.cpp	74	Setting Depth1.Registration to 1...
16809183	[WARNING]	XnDepthProcessor.cpp	133	Read: Depth buffer is corrupt. Size is 590960 (!= 614400)
16809234	[WARNING]	XnFrameStreamProcessor.cpp	132	Depth frame is corrupt!
16929343	[INFO]	XnProperty.cpp	151	Property Depth1.Registration was changed to 1.
16929387	[INFO]	XnProperty.cpp	101	Depth1.Registration was successfully set.
16929434	[INFO]	XnProperty.cpp	74	Setting Image1.Mirror to 1...
16942052	[INFO]	XnProperty.cpp	151	Property Image1.FirmwareMirror was changed to 1.
16942128	[INFO]	XnProperty.cpp	151	Property Image1.Mirror was changed to 1.
16942140	[INFO]	XnProperty.cpp	101	Image1.Mirror was successfully set.
123015081	[INFO]	XnOpenNI.cpp	1459	Destroying node 'User1'
123023966	[INFO]	XnOpenNI.cpp	1459	Destroying node 'Depth1'
123024056	[INFO]	XnDeviceBase.cpp	1507	Destroying stream 'Depth1'...
123025357	[INFO]	XnOpenNI.cpp	1459	Destroying node 'Image1'
123025406	[INFO]	XnDeviceBase.cpp	1507	Destroying stream 'Image1'...
123026346	[INFO]	XnOpenNI.cpp	1459	Destroying node 'Device1'
