    1432	[INFO]	XnLog.cpp	165	OpenNI version is 1.0.0 (Build 25)-MacOSX (Jan  7 2011 14:20:18)
    1477	[INFO]	XnLog.cpp	173	Log system initialized. Console: 1, File: 1, Severity: INFO, Masks: ALL
    1500	[INFO]	XnLog.cpp	173	Log system initialized. Console: 1, File: 1, Severity: INFO, Masks: ALL
    2643	[INFO]	XnUSBLinux-x86.cpp	98	USB is initialized.
 1108447	[INFO]	XnOpenNI.cpp	1261	Creating node 'Device1' of type Device...
 1109501	[INFO]	XnDeviceModule.cpp	431	Module 'Device' configuration was loaded from file.
 1259238	[INFO]	XnDeviceSensorIO.cpp	135	Connected to USB device
 1259288	[INFO]	XnProperty.cpp	151	Property Device.USBPath was changed to 045e/02ae@253/8.
 1266569	[INFO]	XnHostProtocol.cpp	825	Hardware versions: FW=5.1.4 (7) HW=4 Chip=2 Sensor=4 SYS=7
 2680075	[INFO]	XnProperty.cpp	151	Property Device.ID was changed to 0.
 2680150	[INFO]	XnSensor.cpp	182	Device sensor initialized
 2680258	[INFO]	XnOpenNI.cpp	1261	Creating node 'Depth1' of type Depth...
 2680337	[INFO]	XnDeviceBase.cpp	1383	Creating stream 'Depth1' of type 'Depth'...
 2680369	[INFO]	XnProperty.cpp	74	Setting Device.ReadData to 1...
 2680410	[INFO]	XnDeviceSensorIO.cpp	298	Endpoints open
 2692763	[INFO]	XnProperty.cpp	151	Property Device.ReadData was changed to 1.
 2692809	[INFO]	XnProperty.cpp	101	Device.ReadData was successfully set.
 2693169	[INFO]	XnProperty.cpp	151	Property Depth1.Resolution was changed to 0.
 2693188	[INFO]	XnProperty.cpp	151	Property Depth1.XRes was changed to 320.
 2693201	[INFO]	XnProperty.cpp	151	Property Depth1.YRes was changed to 240.
 2693213	[INFO]	XnProperty.cpp	151	Property Depth1.FPS was changed to 30.
 2693224	[INFO]	XnProperty.cpp	151	Property Depth1.OutputFormat was changed to 1.
 2693235	[INFO]	XnProperty.cpp	151	Property Depth1.BytesPerPixel was changed to 2.
 2693247	[INFO]	XnProperty.cpp	151	Property Depth1.RequiredDataSize was changed to 153600.
 2693263	[INFO]	XnProperty.cpp	151	Property Depth1.ParamCoeff was changed to 4.
 2693323	[INFO]	XnProperty.cpp	151	Property Depth1.ShiftScale was changed to 10.
 2705592	[INFO]	XnProperty.cpp	151	Property Depth1.ConstShift was changed to 200.
 2705709	[INFO]	XnProperty.cpp	151	Property Depth1.ZPD was changed to 120.
 2705832	[INFO]	XnProperty.cpp	151	Property Depth1.ZPPS was changed to 0.104200.
 2705849	[INFO]	XnProperty.cpp	151	Property Depth1.LDDIS was changed to 7.500000.
 2705978	[INFO]	XnProperty.cpp	151	Property Depth1.Gain was changed to 30.
 2706017	[INFO]	XnDeviceBase.cpp	1458	Stream 'Depth1' was initialized.
 2706034	[INFO]	XnDeviceBase.cpp	1463	'Depth1' stream was created.
 2706217	[INFO]	XnProperty.cpp	74	Setting Depth1.InputFormat to 3...
 2706241	[INFO]	XnProperty.cpp	151	Property Depth1.InputFormat was changed to 3.
 2706257	[INFO]	XnProperty.cpp	101	Depth1.InputFormat was successfully set.
 2706816	[INFO]	XnProperty.cpp	74	Setting Depth1.RegistrationType to 2...
 2706834	[INFO]	XnProperty.cpp	151	Property Depth1.RegistrationType was changed to 2.
 2706848	[INFO]	XnProperty.cpp	101	Depth1.RegistrationType was successfully set.
 2707440	[INFO]	XnDeviceModule.cpp	431	Module 'Depth1' configuration was loaded from file.
 2707627	[INFO]	XnProperty.cpp	74	Setting Depth1.FPS to 30...
 2707647	[INFO]	XnProperty.cpp	86	Depth1.FPS value did not change.
 2707661	[INFO]	XnProperty.cpp	74	Setting Depth1.YRes to 480...
 2707679	[INFO]	XnProperty.cpp	151	Property Depth1.Resolution was changed to 1.
 2707695	[INFO]	XnProperty.cpp	151	Property Depth1.XRes was changed to 640.
 2707710	[INFO]	XnProperty.cpp	151	Property Depth1.RequiredDataSize was changed to 307200.
 2708734	[INFO]	XnProperty.cpp	151	Property Depth1.YRes was changed to 480.
 2708756	[INFO]	XnProperty.cpp	151	Property Depth1.RequiredDataSize was changed to 614400.
 2708775	[INFO]	XnProperty.cpp	101	Depth1.YRes was successfully set.
 2708793	[INFO]	XnProperty.cpp	74	Setting Depth1.XRes to 640...
 2708810	[INFO]	XnProperty.cpp	86	Depth1.XRes value did not change.
 2708870	[INFO]	XnProperty.cpp	74	Setting Depth1.Mirror to 1...
 2708890	[INFO]	XnProperty.cpp	151	Property Depth1.FirmwareMirror was changed to 1.
 2708953	[INFO]	XnProperty.cpp	151	Property Depth1.Mirror was changed to 1.
 2708971	[INFO]	XnProperty.cpp	101	Depth1.Mirror was successfully set.
 3812545	[INFO]	XnOpenNI.cpp	1261	Creating node 'User1' of type User...
 3835664	[WARNING]	Linux-x86Threads.cpp	173	Failed to set thread priority: Invalid argument
 3835708	[WARNING]	XnUSBLinux-x86.cpp	126	USB events thread: Failed to set thread priority to critical. This might cause loss of data...
 3836668	[INFO]	XnUSBLinux-x86.cpp	1222	USB read thread was started.
 3836702	[INFO]	XnProperty.cpp	151	Property Depth1.ActualReadData was changed to 1.
 4307120	[INFO]	XnProperty.cpp	151	Property Depth1.State was changed to 1.
 4307163	[INFO]	XnDeviceBase.cpp	370	Stream Depth1 is open.
 5400292	[INFO]	XnOpenNI.cpp	1261	Creating node 'Image1' of type Image...
 5400341	[INFO]	XnDeviceBase.cpp	1383	Creating stream 'Image1' of type 'Image'...
 5400562	[INFO]	XnProperty.cpp	151	Property Image1.Resolution was changed to 0.
 5400590	[INFO]	XnProperty.cpp	151	Property Image1.XRes was changed to 320.
 5400609	[INFO]	XnProperty.cpp	151	Property Image1.YRes was changed to 240.
 5400627	[INFO]	XnProperty.cpp	151	Property Image1.FPS was changed to 30.
 5400643	[INFO]	XnProperty.cpp	151	Property Image1.OutputFormat was changed to 5.
 5400662	[INFO]	XnProperty.cpp	151	Property Image1.BytesPerPixel was changed to 3.
 5400682	[INFO]	XnProperty.cpp	151	Property Image1.RequiredDataSize was changed to 230400.
 5400724	[INFO]	XnDeviceBase.cpp	1458	Stream 'Image1' was initialized.
 5400747	[INFO]	XnDeviceBase.cpp	1463	'Image1' stream was created.
 5400877	[INFO]	XnProperty.cpp	74	Setting Image1.InputFormat to 6...
 5400907	[INFO]	XnProperty.cpp	151	Property Image1.InputFormat was changed to 6.
 5400926	[INFO]	XnProperty.cpp	101	Image1.InputFormat was successfully set.
 5401550	[INFO]	XnDeviceModule.cpp	431	Module 'Image1' configuration was loaded from file.
 5401658	[INFO]	XnProperty.cpp	74	Setting Image1.FPS to 30...
 5401681	[INFO]	XnProperty.cpp	86	Image1.FPS value did not change.
 5401699	[INFO]	XnProperty.cpp	74	Setting Image1.YRes to 480...
 5401718	[INFO]	XnProperty.cpp	151	Property Image1.Resolution was changed to 1.
 5401737	[INFO]	XnProperty.cpp	151	Property Image1.XRes was changed to 640.
 5401755	[INFO]	XnProperty.cpp	151	Property Image1.RequiredDataSize was changed to 460800.
 5401775	[INFO]	XnProperty.cpp	151	Property Image1.YRes was changed to 480.
 5401793	[INFO]	XnProperty.cpp	151	Property Image1.RequiredDataSize was changed to 921600.
 5401810	[INFO]	XnProperty.cpp	101	Image1.YRes was successfully set.
 5401828	[INFO]	XnProperty.cpp	74	Setting Image1.XRes to 640...
 5401844	[INFO]	XnProperty.cpp	86	Image1.XRes value did not change.
 5403064	[INFO]	XnUSBLinux-x86.cpp	1222	USB read thread was started.
 5403119	[INFO]	XnProperty.cpp	151	Property Image1.ActualReadData was changed to 1.
 5472659	[WARNING]	XnDepthProcessor.cpp	133	Read: Depth buffer is corrupt. Size is 600896 (!= 614400)
 5472705	[WARNING]	XnFrameStreamProcessor.cpp	132	Depth frame is corrupt!
 5580673	[WARNING]	XnFrameStreamProcessor.cpp	140	Depth Frame Buffer overflow! current size: 612768
 5580721	[WARNING]	XnFrameStreamProcessor.cpp	132	Depth frame is corrupt!
 5604615	[WARNING]	XnDepthProcessor.cpp	133	Read: Depth buffer is corrupt. Size is 612768 (!= 614400)
 8508732	[WARNING]	XnDepthProcessor.cpp	133	Read: Depth buffer is corrupt. Size is 594608 (!= 614400)
 8508778	[WARNING]	XnFrameStreamProcessor.cpp	132	Depth frame is corrupt!
 8603934	[INFO]	XnProperty.cpp	151	Property Image1.State was changed to 1.
 8603979	[INFO]	XnDeviceBase.cpp	370	Stream Image1 is open.
 8604165	[INFO]	XnProperty.cpp	74	Setting Depth1.Registration to 1...
 8640762	[WARNING]	XnDepthProcessor.cpp	133	Read: Depth buffer is corrupt. Size is 584496 (!= 614400)
 8640808	[WARNING]	XnFrameStreamProcessor.cpp	132	Depth frame is corrupt!
 8755676	[INFO]	XnProperty.cpp	151	Property Depth1.Registration was changed to 1.
 8755719	[INFO]	XnProperty.cpp	101	Depth1.Registration was successfully set.
 8755767	[INFO]	XnProperty.cpp	74	Setting Image1.Mirror to 1...
 8768432	[INFO]	XnProperty.cpp	151	Property Image1.FirmwareMirror was changed to 1.
 8768476	[INFO]	XnProperty.cpp	151	Property Image1.Mirror was changed to 1.
 8768488	[INFO]	XnProperty.cpp	101	Image1.Mirror was successfully set.
26402725	[INFO]	XnOpenNI.cpp	1459	Destroying node 'User1'
26410562	[INFO]	XnOpenNI.cpp	1459	Destroying node 'Depth1'
26410650	[INFO]	XnDeviceBase.cpp	1507	Destroying stream 'Depth1'...
26411955	[INFO]	XnOpenNI.cpp	1459	Destroying node 'Image1'
26412016	[INFO]	XnDeviceBase.cpp	1507	Destroying stream 'Image1'...
26412861	[INFO]	XnOpenNI.cpp	1459	Destroying node 'Device1'
