    1334	[INFO]	XnLog.cpp	165	OpenNI version is 1.0.0 (Build 25)-MacOSX (Jan  7 2011 14:20:18)
    1382	[INFO]	XnLog.cpp	173	Log system initialized. Console: 1, File: 1, Severity: INFO, Masks: ALL
    1411	[INFO]	XnLog.cpp	173	Log system initialized. Console: 1, File: 1, Severity: INFO, Masks: ALL
    2504	[INFO]	XnUSBLinux-x86.cpp	98	USB is initialized.
 2375499	[INFO]	XnOpenNI.cpp	1261	Creating node 'Device1' of type Device...
 2376241	[INFO]	XnDeviceModule.cpp	431	Module 'Device' configuration was loaded from file.
 2636228	[INFO]	XnDeviceSensorIO.cpp	135	Connected to USB device
 2636277	[INFO]	XnProperty.cpp	151	Property Device.USBPath was changed to 045e/02ae@253/8.
 2643957	[INFO]	XnHostProtocol.cpp	825	Hardware versions: FW=5.1.4 (7) HW=4 Chip=2 Sensor=4 SYS=7
 4052669	[INFO]	XnProperty.cpp	151	Property Device.ID was changed to 0.
 4052726	[INFO]	XnSensor.cpp	182	Device sensor initialized
 4052801	[INFO]	XnOpenNI.cpp	1261	Creating node 'Depth1' of type Depth...
 4052850	[INFO]	XnDeviceBase.cpp	1383	Creating stream 'Depth1' of type 'Depth'...
 4052879	[INFO]	XnProperty.cpp	74	Setting Device.ReadData to 1...
 4052920	[INFO]	XnDeviceSensorIO.cpp	298	Endpoints open
 4065380	[INFO]	XnProperty.cpp	151	Property Device.ReadData was changed to 1.
 4065421	[INFO]	XnProperty.cpp	101	Device.ReadData was successfully set.
 4065760	[INFO]	XnProperty.cpp	151	Property Depth1.Resolution was changed to 0.
 4065780	[INFO]	XnProperty.cpp	151	Property Depth1.XRes was changed to 320.
 4065793	[INFO]	XnProperty.cpp	151	Property Depth1.YRes was changed to 240.
 4065805	[INFO]	XnProperty.cpp	151	Property Depth1.FPS was changed to 30.
 4065816	[INFO]	XnProperty.cpp	151	Property Depth1.OutputFormat was changed to 1.
 4065827	[INFO]	XnProperty.cpp	151	Property Depth1.BytesPerPixel was changed to 2.
 4065840	[INFO]	XnProperty.cpp	151	Property Depth1.RequiredDataSize was changed to 153600.
 4065862	[INFO]	XnProperty.cpp	151	Property Depth1.ParamCoeff was changed to 4.
 4065930	[INFO]	XnProperty.cpp	151	Property Depth1.ShiftScale was changed to 10.
 4078469	[INFO]	XnProperty.cpp	151	Property Depth1.ConstShift was changed to 200.
 4078586	[INFO]	XnProperty.cpp	151	Property Depth1.ZPD was changed to 120.
 4078697	[INFO]	XnProperty.cpp	151	Property Depth1.ZPPS was changed to 0.104200.
 4078723	[INFO]	XnProperty.cpp	151	Property Depth1.LDDIS was changed to 7.500000.
 4078833	[INFO]	XnProperty.cpp	151	Property Depth1.Gain was changed to 30.
 4078872	[INFO]	XnDeviceBase.cpp	1458	Stream 'Depth1' was initialized.
 4078894	[INFO]	XnDeviceBase.cpp	1463	'Depth1' stream was created.
 4079053	[INFO]	XnProperty.cpp	74	Setting Depth1.InputFormat to 3...
 4079077	[INFO]	XnProperty.cpp	151	Property Depth1.InputFormat was changed to 3.
 4079097	[INFO]	XnProperty.cpp	101	Depth1.InputFormat was successfully set.
 4079554	[INFO]	XnProperty.cpp	74	Setting Depth1.RegistrationType to 2...
 4079575	[INFO]	XnProperty.cpp	151	Property Depth1.RegistrationType was changed to 2.
 4079592	[INFO]	XnProperty.cpp	101	Depth1.RegistrationType was successfully set.
 4080057	[INFO]	XnDeviceModule.cpp	431	Module 'Depth1' configuration was loaded from file.
 4080240	[INFO]	XnProperty.cpp	74	Setting Depth1.FPS to 30...
 4080260	[INFO]	XnProperty.cpp	86	Depth1.FPS value did not change.
 4080278	[INFO]	XnProperty.cpp	74	Setting Depth1.YRes to 480...
 4080298	[INFO]	XnProperty.cpp	151	Property Depth1.Resolution was changed to 1.
 4080319	[INFO]	XnProperty.cpp	151	Property Depth1.XRes was changed to 640.
 4080339	[INFO]	XnProperty.cpp	151	Property Depth1.RequiredDataSize was changed to 307200.
 4080361	[INFO]	XnProperty.cpp	151	Property Depth1.YRes was changed to 480.
 4080381	[INFO]	XnProperty.cpp	151	Property Depth1.RequiredDataSize was changed to 614400.
 4080401	[INFO]	XnProperty.cpp	101	Depth1.YRes was successfully set.
 4080421	[INFO]	XnProperty.cpp	74	Setting Depth1.XRes to 640...
 4080437	[INFO]	XnProperty.cpp	86	Depth1.XRes value did not change.
 4080493	[INFO]	XnProperty.cpp	74	Setting Depth1.Mirror to 1...
 4080513	[INFO]	XnProperty.cpp	151	Property Depth1.FirmwareMirror was changed to 1.
 4080566	[INFO]	XnProperty.cpp	151	Property Depth1.Mirror was changed to 1.
 4080585	[INFO]	XnProperty.cpp	101	Depth1.Mirror was successfully set.
 6390211	[INFO]	XnOpenNI.cpp	1261	Creating node 'User1' of type User...
 6414219	[WARNING]	Linux-x86Threads.cpp	173	Failed to set thread priority: Invalid argument
 6414261	[WARNING]	XnUSBLinux-x86.cpp	126	USB events thread: Failed to set thread priority to critical. This might cause loss of data...
 6415504	[INFO]	XnUSBLinux-x86.cpp	1222	USB read thread was started.
 6415548	[INFO]	XnProperty.cpp	151	Property Depth1.ActualReadData was changed to 1.
 6886543	[INFO]	XnProperty.cpp	151	Property Depth1.State was changed to 1.
 6886586	[INFO]	XnDeviceBase.cpp	370	Stream Depth1 is open.
 9698836	[INFO]	XnOpenNI.cpp	1261	Creating node 'Image1' of type Image...
 9698887	[INFO]	XnDeviceBase.cpp	1383	Creating stream 'Image1' of type 'Image'...
 9699067	[INFO]	XnProperty.cpp	151	Property Image1.Resolution was changed to 0.
 9699086	[INFO]	XnProperty.cpp	151	Property Image1.XRes was changed to 320.
 9699098	[INFO]	XnProperty.cpp	151	Property Image1.YRes was changed to 240.
 9699110	[INFO]	XnProperty.cpp	151	Property Image1.FPS was changed to 30.
 9699121	[INFO]	XnProperty.cpp	151	Property Image1.OutputFormat was changed to 5.
 9699134	[INFO]	XnProperty.cpp	151	Property Image1.BytesPerPixel was changed to 3.
 9699146	[INFO]	XnProperty.cpp	151	Property Image1.RequiredDataSize was changed to 230400.
 9699173	[INFO]	XnDeviceBase.cpp	1458	Stream 'Image1' was initialized.
 9699187	[INFO]	XnDeviceBase.cpp	1463	'Image1' stream was created.
 9699292	[INFO]	XnProperty.cpp	74	Setting Image1.InputFormat to 6...
 9699312	[INFO]	XnProperty.cpp	151	Property Image1.InputFormat was changed to 6.
 9699324	[INFO]	XnProperty.cpp	101	Image1.InputFormat was successfully set.
 9699820	[INFO]	XnDeviceModule.cpp	431	Module 'Image1' configuration was loaded from file.
 9699914	[INFO]	XnProperty.cpp	74	Setting Image1.FPS to 30...
 9699931	[INFO]	XnProperty.cpp	86	Image1.FPS value did not change.
 9699942	[INFO]	XnProperty.cpp	74	Setting Image1.YRes to 480...
 9699956	[INFO]	XnProperty.cpp	151	Property Image1.Resolution was changed to 1.
 9699968	[INFO]	XnProperty.cpp	151	Property Image1.XRes was changed to 640.
 9699980	[INFO]	XnProperty.cpp	151	Property Image1.RequiredDataSize was changed to 460800.
 9699993	[INFO]	XnProperty.cpp	151	Property Image1.YRes was changed to 480.
 9700005	[INFO]	XnProperty.cpp	151	Property Image1.RequiredDataSize was changed to 921600.
 9700018	[INFO]	XnProperty.cpp	101	Image1.YRes was successfully set.
 9700030	[INFO]	XnProperty.cpp	74	Setting Image1.XRes to 640...
 9700041	[INFO]	XnProperty.cpp	86	Image1.XRes value did not change.
 9700886	[INFO]	XnUSBLinux-x86.cpp	1222	USB read thread was started.
 9700927	[INFO]	XnProperty.cpp	151	Property Image1.ActualReadData was changed to 1.
 9887530	[WARNING]	XnDepthProcessor.cpp	133	Read: Depth buffer is corrupt. Size is 509680 (!= 614400)
 9887584	[WARNING]	XnFrameStreamProcessor.cpp	132	Depth frame is corrupt!
12791556	[WARNING]	XnDepthProcessor.cpp	133	Read: Depth buffer is corrupt. Size is 601184 (!= 614400)
12791600	[WARNING]	XnFrameStreamProcessor.cpp	132	Depth frame is corrupt!
12901105	[INFO]	XnProperty.cpp	151	Property Image1.State was changed to 1.
12901150	[INFO]	XnDeviceBase.cpp	370	Stream Image1 is open.
12901348	[INFO]	XnProperty.cpp	74	Setting Depth1.Registration to 1...
12923588	[WARNING]	XnDepthProcessor.cpp	133	Read: Depth buffer is corrupt. Size is 591984 (!= 614400)
12923635	[WARNING]	XnFrameStreamProcessor.cpp	132	Depth frame is corrupt!
13053246	[INFO]	XnProperty.cpp	151	Property Depth1.Registration was changed to 1.
13053296	[INFO]	XnProperty.cpp	101	Depth1.Registration was successfully set.
13053351	[INFO]	XnProperty.cpp	74	Setting Image1.Mirror to 1...
13065513	[INFO]	XnProperty.cpp	151	Property Image1.FirmwareMirror was changed to 1.
13065556	[INFO]	XnProperty.cpp	151	Property Image1.Mirror was changed to 1.
13065568	[INFO]	XnProperty.cpp	101	Image1.Mirror was successfully set.
52082160	[INFO]	XnOpenNI.cpp	1459	Destroying node 'User1'
52092701	[INFO]	XnOpenNI.cpp	1459	Destroying node 'Depth1'
52092804	[INFO]	XnDeviceBase.cpp	1507	Destroying stream 'Depth1'...
52094300	[INFO]	XnOpenNI.cpp	1459	Destroying node 'Image1'
52094359	[INFO]	XnDeviceBase.cpp	1507	Destroying stream 'Image1'...
52095356	[INFO]	XnOpenNI.cpp	1459	Destroying node 'Device1'
