    1465	[INFO]	XnLog.cpp	165	OpenNI version is 1.0.0 (Build 25)-MacOSX (Jan  7 2011 14:20:18)
    1510	[INFO]	XnLog.cpp	173	Log system initialized. Console: 1, File: 1, Severity: INFO, Masks: ALL
    1534	[INFO]	XnLog.cpp	173	Log system initialized. Console: 1, File: 1, Severity: INFO, Masks: ALL
    2674	[INFO]	XnUSBLinux-x86.cpp	98	USB is initialized.
 1105647	[INFO]	XnOpenNI.cpp	1261	Creating node 'Device1' of type Device...
 1106520	[INFO]	XnDeviceModule.cpp	431	Module 'Device' configuration was loaded from file.
 1254636	[INFO]	XnDeviceSensorIO.cpp	135	Connected to USB device
 1254688	[INFO]	XnProperty.cpp	151	Property Device.USBPath was changed to 045e/02ae@253/8.
 1261934	[INFO]	XnHostProtocol.cpp	825	Hardware versions: FW=5.1.4 (7) HW=4 Chip=2 Sensor=4 SYS=7
 2669738	[INFO]	XnProperty.cpp	151	Property Device.ID was changed to 0.
 2669782	[INFO]	XnSensor.cpp	182	Device sensor initialized
 2669870	[INFO]	XnOpenNI.cpp	1261	Creating node 'Depth1' of type Depth...
 2669908	[INFO]	XnDeviceBase.cpp	1383	Creating stream 'Depth1' of type 'Depth'...
 2669925	[INFO]	XnProperty.cpp	74	Setting Device.ReadData to 1...
 2669956	[INFO]	XnDeviceSensorIO.cpp	298	Endpoints open
 2682430	[INFO]	XnProperty.cpp	151	Property Device.ReadData was changed to 1.
 2682470	[INFO]	XnProperty.cpp	101	Device.ReadData was successfully set.
 2682813	[INFO]	XnProperty.cpp	151	Property Depth1.Resolution was changed to 0.
 2682834	[INFO]	XnProperty.cpp	151	Property Depth1.XRes was changed to 320.
 2682847	[INFO]	XnProperty.cpp	151	Property Depth1.YRes was changed to 240.
 2682858	[INFO]	XnProperty.cpp	151	Property Depth1.FPS was changed to 30.
 2682869	[INFO]	XnProperty.cpp	151	Property Depth1.OutputFormat was changed to 1.
 2682881	[INFO]	XnProperty.cpp	151	Property Depth1.BytesPerPixel was changed to 2.
 2682893	[INFO]	XnProperty.cpp	151	Property Depth1.RequiredDataSize was changed to 153600.
 2682909	[INFO]	XnProperty.cpp	151	Property Depth1.ParamCoeff was changed to 4.
 2682971	[INFO]	XnProperty.cpp	151	Property Depth1.ShiftScale was changed to 10.
 2695447	[INFO]	XnProperty.cpp	151	Property Depth1.ConstShift was changed to 200.
 2695549	[INFO]	XnProperty.cpp	151	Property Depth1.ZPD was changed to 120.
 2695660	[INFO]	XnProperty.cpp	151	Property Depth1.ZPPS was changed to 0.104200.
 2695680	[INFO]	XnProperty.cpp	151	Property Depth1.LDDIS was changed to 7.500000.
 2695794	[INFO]	XnProperty.cpp	151	Property Depth1.Gain was changed to 30.
 2695834	[INFO]	XnDeviceBase.cpp	1458	Stream 'Depth1' was initialized.
 2695854	[INFO]	XnDeviceBase.cpp	1463	'Depth1' stream was created.
 2696013	[INFO]	XnProperty.cpp	74	Setting Depth1.InputFormat to 3...
 2696037	[INFO]	XnProperty.cpp	151	Property Depth1.InputFormat was changed to 3.
 2696056	[INFO]	XnProperty.cpp	101	Depth1.InputFormat was successfully set.
 2696506	[INFO]	XnProperty.cpp	74	Setting Depth1.RegistrationType to 2...
 2696528	[INFO]	XnProperty.cpp	151	Property Depth1.RegistrationType was changed to 2.
 2696546	[INFO]	XnProperty.cpp	101	Depth1.RegistrationType was successfully set.
 2697039	[INFO]	XnDeviceModule.cpp	431	Module 'Depth1' configuration was loaded from file.
 2697233	[INFO]	XnProperty.cpp	74	Setting Depth1.FPS to 30...
 2697253	[INFO]	XnProperty.cpp	86	Depth1.FPS value did not change.
 2697267	[INFO]	XnProperty.cpp	74	Setting Depth1.YRes to 480...
 2697282	[INFO]	XnProperty.cpp	151	Property Depth1.Resolution was changed to 1.
 2697295	[INFO]	XnProperty.cpp	151	Property Depth1.XRes was changed to 640.
 2697306	[INFO]	XnProperty.cpp	151	Property Depth1.RequiredDataSize was changed to 307200.
 2697321	[INFO]	XnProperty.cpp	151	Property Depth1.YRes was changed to 480.
 2697333	[INFO]	XnProperty.cpp	151	Property Depth1.RequiredDataSize was changed to 614400.
 2697346	[INFO]	XnProperty.cpp	101	Depth1.YRes was successfully set.
 2697358	[INFO]	XnProperty.cpp	74	Setting Depth1.XRes to 640...
 2697370	[INFO]	XnProperty.cpp	86	Depth1.XRes value did not change.
 2697414	[INFO]	XnProperty.cpp	74	Setting Depth1.Mirror to 1...
 2697428	[INFO]	XnProperty.cpp	151	Property Depth1.FirmwareMirror was changed to 1.
 2697480	[INFO]	XnProperty.cpp	151	Property Depth1.Mirror was changed to 1.
 2697492	[INFO]	XnProperty.cpp	101	Depth1.Mirror was successfully set.
 3799248	[INFO]	XnOpenNI.cpp	1261	Creating node 'User1' of type User...
 3822822	[WARNING]	Linux-x86Threads.cpp	173	Failed to set thread priority: Invalid argument
 3822866	[WARNING]	XnUSBLinux-x86.cpp	126	USB events thread: Failed to set thread priority to critical. This might cause loss of data...
 3823595	[INFO]	XnUSBLinux-x86.cpp	1222	USB read thread was started.
 3823619	[INFO]	XnProperty.cpp	151	Property Depth1.ActualReadData was changed to 1.
 4293807	[INFO]	XnProperty.cpp	151	Property Depth1.State was changed to 1.
 4293849	[INFO]	XnDeviceBase.cpp	370	Stream Depth1 is open.
 5390276	[INFO]	XnOpenNI.cpp	1261	Creating node 'Image1' of type Image...
 5390329	[INFO]	XnDeviceBase.cpp	1383	Creating stream 'Image1' of type 'Image'...
 5390543	[INFO]	XnProperty.cpp	151	Property Image1.Resolution was changed to 0.
 5390569	[INFO]	XnProperty.cpp	151	Property Image1.XRes was changed to 320.
 5390587	[INFO]	XnProperty.cpp	151	Property Image1.YRes was changed to 240.
 5390604	[INFO]	XnProperty.cpp	151	Property Image1.FPS was changed to 30.
 5390622	[INFO]	XnProperty.cpp	151	Property Image1.OutputFormat was changed to 5.
 5390638	[INFO]	XnProperty.cpp	151	Property Image1.BytesPerPixel was changed to 3.
 5390656	[INFO]	XnProperty.cpp	151	Property Image1.RequiredDataSize was changed to 230400.
 5390696	[INFO]	XnDeviceBase.cpp	1458	Stream 'Image1' was initialized.
 5390718	[INFO]	XnDeviceBase.cpp	1463	'Image1' stream was created.
 5390851	[INFO]	XnProperty.cpp	74	Setting Image1.InputFormat to 6...
 5390881	[INFO]	XnProperty.cpp	151	Property Image1.InputFormat was changed to 6.
 5390900	[INFO]	XnProperty.cpp	101	Image1.InputFormat was successfully set.
 5391535	[INFO]	XnDeviceModule.cpp	431	Module 'Image1' configuration was loaded from file.
 5391644	[INFO]	XnProperty.cpp	74	Setting Image1.FPS to 30...
 5391668	[INFO]	XnProperty.cpp	86	Image1.FPS value did not change.
 5391688	[INFO]	XnProperty.cpp	74	Setting Image1.YRes to 480...
 5391708	[INFO]	XnProperty.cpp	151	Property Image1.Resolution was changed to 1.
 5391727	[INFO]	XnProperty.cpp	151	Property Image1.XRes was changed to 640.
 5391743	[INFO]	XnProperty.cpp	151	Property Image1.RequiredDataSize was changed to 460800.
 5391763	[INFO]	XnProperty.cpp	151	Property Image1.YRes was changed to 480.
 5391781	[INFO]	XnProperty.cpp	151	Property Image1.RequiredDataSize was changed to 921600.
 5391801	[INFO]	XnProperty.cpp	101	Image1.YRes was successfully set.
 5391820	[INFO]	XnProperty.cpp	74	Setting Image1.XRes to 640...
 5391836	[INFO]	XnProperty.cpp	86	Image1.XRes value did not change.
 5393032	[INFO]	XnUSBLinux-x86.cpp	1222	USB read thread was started.
 5393084	[INFO]	XnProperty.cpp	151	Property Image1.ActualReadData was changed to 1.
 5559123	[WARNING]	XnDepthProcessor.cpp	133	Read: Depth buffer is corrupt. Size is 592000 (!= 614400)
 5559168	[WARNING]	XnFrameStreamProcessor.cpp	132	Depth frame is corrupt!
 5591109	[WARNING]	XnDepthProcessor.cpp	133	Read: Depth buffer is corrupt. Size is 566032 (!= 614400)
 5591155	[WARNING]	XnFrameStreamProcessor.cpp	132	Depth frame is corrupt!
 8593615	[INFO]	XnProperty.cpp	151	Property Image1.State was changed to 1.
 8593658	[INFO]	XnDeviceBase.cpp	370	Stream Image1 is open.
 8593856	[INFO]	XnProperty.cpp	74	Setting Depth1.Registration to 1...
 8627212	[WARNING]	XnDepthProcessor.cpp	133	Read: Depth buffer is corrupt. Size is 553440 (!= 614400)
 8627259	[WARNING]	XnFrameStreamProcessor.cpp	132	Depth frame is corrupt!
 8744990	[INFO]	XnProperty.cpp	151	Property Depth1.Registration was changed to 1.
 8745042	[INFO]	XnProperty.cpp	101	Depth1.Registration was successfully set.
 8745103	[INFO]	XnProperty.cpp	74	Setting Image1.Mirror to 1...
 8757868	[INFO]	XnProperty.cpp	151	Property Image1.FirmwareMirror was changed to 1.
 8757912	[INFO]	XnProperty.cpp	151	Property Image1.Mirror was changed to 1.
 8757926	[INFO]	XnProperty.cpp	101	Image1.Mirror was successfully set.
67967665	[INFO]	XnOpenNI.cpp	1459	Destroying node 'User1'
67975581	[INFO]	XnOpenNI.cpp	1459	Destroying node 'Depth1'
67975682	[INFO]	XnDeviceBase.cpp	1507	Destroying stream 'Depth1'...
67977099	[INFO]	XnOpenNI.cpp	1459	Destroying node 'Image1'
67977164	[INFO]	XnDeviceBase.cpp	1507	Destroying stream 'Image1'...
67978066	[INFO]	XnOpenNI.cpp	1459	Destroying node 'Device1'
