    1587	[INFO]	XnLog.cpp	165	OpenNI version is 1.0.0 (Build 25)-MacOSX (Jan  7 2011 14:20:18)
    1630	[INFO]	XnLog.cpp	173	Log system initialized. Console: 1, File: 1, Severity: INFO, Masks: ALL
    1654	[INFO]	XnLog.cpp	173	Log system initialized. Console: 1, File: 1, Severity: INFO, Masks: ALL
    2770	[INFO]	XnUSBLinux-x86.cpp	98	USB is initialized.
 2373521	[INFO]	XnOpenNI.cpp	1261	Creating node 'Device1' of type Device...
 2374289	[INFO]	XnDeviceModule.cpp	431	Module 'Device' configuration was loaded from file.
 2634144	[INFO]	XnDeviceSensorIO.cpp	135	Connected to USB device
 2634194	[INFO]	XnProperty.cpp	151	Property Device.USBPath was changed to 045e/02ae@253/8.
 2641128	[INFO]	XnHostProtocol.cpp	825	Hardware versions: FW=5.1.4 (7) HW=4 Chip=2 Sensor=4 SYS=7
 4052463	[INFO]	XnProperty.cpp	151	Property Device.ID was changed to 0.
 4052555	[INFO]	XnSensor.cpp	182	Device sensor initialized
 4052671	[INFO]	XnOpenNI.cpp	1261	Creating node 'Depth1' of type Depth...
 4052725	[INFO]	XnDeviceBase.cpp	1383	Creating stream 'Depth1' of type 'Depth'...
 4052750	[INFO]	XnProperty.cpp	74	Setting Device.ReadData to 1...
 4052789	[INFO]	XnDeviceSensorIO.cpp	298	Endpoints open
 4065119	[INFO]	XnProperty.cpp	151	Property Device.ReadData was changed to 1.
 4065171	[INFO]	XnProperty.cpp	101	Device.ReadData was successfully set.
 4065512	[INFO]	XnProperty.cpp	151	Property Depth1.Resolution was changed to 0.
 4065532	[INFO]	XnProperty.cpp	151	Property Depth1.XRes was changed to 320.
 4065545	[INFO]	XnProperty.cpp	151	Property Depth1.YRes was changed to 240.
 4065557	[INFO]	XnProperty.cpp	151	Property Depth1.FPS was changed to 30.
 4065568	[INFO]	XnProperty.cpp	151	Property Depth1.OutputFormat was changed to 1.
 4065580	[INFO]	XnProperty.cpp	151	Property Depth1.BytesPerPixel was changed to 2.
 4065592	[INFO]	XnProperty.cpp	151	Property Depth1.RequiredDataSize was changed to 153600.
 4065607	[INFO]	XnProperty.cpp	151	Property Depth1.ParamCoeff was changed to 4.
 4065666	[INFO]	XnProperty.cpp	151	Property Depth1.ShiftScale was changed to 10.
 4078065	[INFO]	XnProperty.cpp	151	Property Depth1.ConstShift was changed to 200.
 4078171	[INFO]	XnProperty.cpp	151	Property Depth1.ZPD was changed to 120.
 4078280	[INFO]	XnProperty.cpp	151	Property Depth1.ZPPS was changed to 0.104200.
 4078300	[INFO]	XnProperty.cpp	151	Property Depth1.LDDIS was changed to 7.500000.
 4078410	[INFO]	XnProperty.cpp	151	Property Depth1.Gain was changed to 30.
 4078450	[INFO]	XnDeviceBase.cpp	1458	Stream 'Depth1' was initialized.
 4078470	[INFO]	XnDeviceBase.cpp	1463	'Depth1' stream was created.
 4078641	[INFO]	XnProperty.cpp	74	Setting Depth1.InputFormat to 3...
 4078666	[INFO]	XnProperty.cpp	151	Property Depth1.InputFormat was changed to 3.
 4078686	[INFO]	XnProperty.cpp	101	Depth1.InputFormat was successfully set.
 4079160	[INFO]	XnProperty.cpp	74	Setting Depth1.RegistrationType to 2...
 4079190	[INFO]	XnProperty.cpp	151	Property Depth1.RegistrationType was changed to 2.
 4079208	[INFO]	XnProperty.cpp	101	Depth1.RegistrationType was successfully set.
 4079687	[INFO]	XnDeviceModule.cpp	431	Module 'Depth1' configuration was loaded from file.
 4079856	[INFO]	XnProperty.cpp	74	Setting Depth1.FPS to 30...
 4079875	[INFO]	XnProperty.cpp	86	Depth1.FPS value did not change.
 4079892	[INFO]	XnProperty.cpp	74	Setting Depth1.YRes to 480...
 4079914	[INFO]	XnProperty.cpp	151	Property Depth1.Resolution was changed to 1.
 4079936	[INFO]	XnProperty.cpp	151	Property Depth1.XRes was changed to 640.
 4079955	[INFO]	XnProperty.cpp	151	Property Depth1.RequiredDataSize was changed to 307200.
 4079976	[INFO]	XnProperty.cpp	151	Property Depth1.YRes was changed to 480.
 4079993	[INFO]	XnProperty.cpp	151	Property Depth1.RequiredDataSize was changed to 614400.
 4080012	[INFO]	XnProperty.cpp	101	Depth1.YRes was successfully set.
 4080031	[INFO]	XnProperty.cpp	74	Setting Depth1.XRes to 640...
 4080047	[INFO]	XnProperty.cpp	86	Depth1.XRes value did not change.
 4080100	[INFO]	XnProperty.cpp	74	Setting Depth1.Mirror to 1...
 4080120	[INFO]	XnProperty.cpp	151	Property Depth1.FirmwareMirror was changed to 1.
 4080173	[INFO]	XnProperty.cpp	151	Property Depth1.Mirror was changed to 1.
 4080192	[INFO]	XnProperty.cpp	101	Depth1.Mirror was successfully set.
 6072546	[INFO]	XnOpenNI.cpp	1261	Creating node 'User1' of type User...
 6095851	[WARNING]	Linux-x86Threads.cpp	173	Failed to set thread priority: Invalid argument
 6095896	[WARNING]	XnUSBLinux-x86.cpp	126	USB events thread: Failed to set thread priority to critical. This might cause loss of data...
 6096689	[INFO]	XnUSBLinux-x86.cpp	1222	USB read thread was started.
 6096716	[INFO]	XnProperty.cpp	151	Property Depth1.ActualReadData was changed to 1.
 6567417	[INFO]	XnProperty.cpp	151	Property Depth1.State was changed to 1.
 6567460	[INFO]	XnDeviceBase.cpp	370	Stream Depth1 is open.
 8543954	[INFO]	XnOpenNI.cpp	1261	Creating node 'Image1' of type Image...
 8544020	[INFO]	XnDeviceBase.cpp	1383	Creating stream 'Image1' of type 'Image'...
 8544285	[INFO]	XnProperty.cpp	151	Property Image1.Resolution was changed to 0.
 8544314	[INFO]	XnProperty.cpp	151	Property Image1.XRes was changed to 320.
 8544336	[INFO]	XnProperty.cpp	151	Property Image1.YRes was changed to 240.
 8544357	[INFO]	XnProperty.cpp	151	Property Image1.FPS was changed to 30.
 8544377	[INFO]	XnProperty.cpp	151	Property Image1.OutputFormat was changed to 5.
 8544396	[INFO]	XnProperty.cpp	151	Property Image1.BytesPerPixel was changed to 3.
 8544416	[INFO]	XnProperty.cpp	151	Property Image1.RequiredDataSize was changed to 230400.
 8544467	[INFO]	XnDeviceBase.cpp	1458	Stream 'Image1' was initialized.
 8544491	[INFO]	XnDeviceBase.cpp	1463	'Image1' stream was created.
 8544629	[INFO]	XnProperty.cpp	74	Setting Image1.InputFormat to 6...
 8544660	[INFO]	XnProperty.cpp	151	Property Image1.InputFormat was changed to 6.
 8544679	[INFO]	XnProperty.cpp	101	Image1.InputFormat was successfully set.
 8545187	[INFO]	XnDeviceModule.cpp	431	Module 'Image1' configuration was loaded from file.
 8545295	[INFO]	XnProperty.cpp	74	Setting Image1.FPS to 30...
 8545319	[INFO]	XnProperty.cpp	86	Image1.FPS value did not change.
 8545360	[INFO]	XnProperty.cpp	74	Setting Image1.YRes to 480...
 8545386	[INFO]	XnProperty.cpp	151	Property Image1.Resolution was changed to 1.
 8545406	[INFO]	XnProperty.cpp	151	Property Image1.XRes was changed to 640.
 8545424	[INFO]	XnProperty.cpp	151	Property Image1.RequiredDataSize was changed to 460800.
 8545445	[INFO]	XnProperty.cpp	151	Property Image1.YRes was changed to 480.
 8545463	[INFO]	XnProperty.cpp	151	Property Image1.RequiredDataSize was changed to 921600.
 8545480	[INFO]	XnProperty.cpp	101	Image1.YRes was successfully set.
 8545500	[INFO]	XnProperty.cpp	74	Setting Image1.XRes to 640...
 8545516	[INFO]	XnProperty.cpp	86	Image1.XRes value did not change.
 8546662	[INFO]	XnUSBLinux-x86.cpp	1222	USB read thread was started.
 8546715	[INFO]	XnProperty.cpp	151	Property Image1.ActualReadData was changed to 1.
 8732261	[WARNING]	XnDepthProcessor.cpp	133	Read: Depth buffer is corrupt. Size is 536752 (!= 614400)
 8732309	[WARNING]	XnFrameStreamProcessor.cpp	132	Depth frame is corrupt!
11636282	[WARNING]	XnDepthProcessor.cpp	133	Read: Depth buffer is corrupt. Size is 594688 (!= 614400)
11636326	[WARNING]	XnFrameStreamProcessor.cpp	132	Depth frame is corrupt!
11748109	[INFO]	XnProperty.cpp	151	Property Image1.State was changed to 1.
11748163	[INFO]	XnDeviceBase.cpp	370	Stream Image1 is open.
11748359	[INFO]	XnProperty.cpp	74	Setting Depth1.Registration to 1...
11768324	[WARNING]	XnDepthProcessor.cpp	133	Read: Depth buffer is corrupt. Size is 594240 (!= 614400)
11768370	[WARNING]	XnFrameStreamProcessor.cpp	132	Depth frame is corrupt!
11899995	[INFO]	XnProperty.cpp	151	Property Depth1.Registration was changed to 1.
11900038	[INFO]	XnProperty.cpp	101	Depth1.Registration was successfully set.
11900085	[INFO]	XnProperty.cpp	74	Setting Image1.Mirror to 1...
11912317	[INFO]	XnProperty.cpp	151	Property Image1.FirmwareMirror was changed to 1.
11912368	[INFO]	XnProperty.cpp	151	Property Image1.Mirror was changed to 1.
11912386	[INFO]	XnProperty.cpp	101	Image1.Mirror was successfully set.
20664910	[INFO]	XnOpenNI.cpp	1459	Destroying node 'User1'
20673199	[INFO]	XnOpenNI.cpp	1459	Destroying node 'Depth1'
20673295	[INFO]	XnDeviceBase.cpp	1507	Destroying stream 'Depth1'...
20674451	[INFO]	XnOpenNI.cpp	1459	Destroying node 'Image1'
20674507	[INFO]	XnDeviceBase.cpp	1507	Destroying stream 'Image1'...
20677217	[INFO]	XnOpenNI.cpp	1459	Destroying node 'Device1'
