    1578	[INFO]	XnLog.cpp	165	OpenNI version is 1.0.0 (Build 25)-MacOSX (Jan  7 2011 14:20:18)
    1623	[INFO]	XnLog.cpp	173	Log system initialized. Console: 1, File: 1, Severity: INFO, Masks: ALL
    1646	[INFO]	XnLog.cpp	173	Log system initialized. Console: 1, File: 1, Severity: INFO, Masks: ALL
    2717	[INFO]	XnUSBLinux-x86.cpp	98	USB is initialized.
 4466562	[INFO]	XnOpenNI.cpp	1261	Creating node 'Device1' of type Device...
 4467296	[INFO]	XnDeviceModule.cpp	431	Module 'Device' configuration was loaded from file.
 5123688	[INFO]	XnDeviceSensorIO.cpp	135	Connected to USB device
 5123733	[INFO]	XnProperty.cpp	151	Property Device.USBPath was changed to 045e/02ae@253/8.
 5131067	[INFO]	XnHostProtocol.cpp	825	Hardware versions: FW=5.1.4 (7) HW=4 Chip=2 Sensor=4 SYS=7
 6536696	[INFO]	XnProperty.cpp	151	Property Device.ID was changed to 0.
 6536740	[INFO]	XnSensor.cpp	182	Device sensor initialized
 6536815	[INFO]	XnOpenNI.cpp	1261	Creating node 'Depth1' of type Depth...
 6536851	[INFO]	XnDeviceBase.cpp	1383	Creating stream 'Depth1' of type 'Depth'...
 6536868	[INFO]	XnProperty.cpp	74	Setting Device.ReadData to 1...
 6536898	[INFO]	XnDeviceSensorIO.cpp	298	Endpoints open
 6549027	[INFO]	XnProperty.cpp	151	Property Device.ReadData was changed to 1.
 6549050	[INFO]	XnProperty.cpp	101	Device.ReadData was successfully set.
 6549379	[INFO]	XnProperty.cpp	151	Property Depth1.Resolution was changed to 0.
 6549399	[INFO]	XnProperty.cpp	151	Property Depth1.XRes was changed to 320.
 6549412	[INFO]	XnProperty.cpp	151	Property Depth1.YRes was changed to 240.
 6549424	[INFO]	XnProperty.cpp	151	Property Depth1.FPS was changed to 30.
 6549435	[INFO]	XnProperty.cpp	151	Property Depth1.OutputFormat was changed to 1.
 6549446	[INFO]	XnProperty.cpp	151	Property Depth1.BytesPerPixel was changed to 2.
 6549458	[INFO]	XnProperty.cpp	151	Property Depth1.RequiredDataSize was changed to 153600.
 6549474	[INFO]	XnProperty.cpp	151	Property Depth1.ParamCoeff was changed to 4.
 6549532	[INFO]	XnProperty.cpp	151	Property Depth1.ShiftScale was changed to 10.
 6561900	[INFO]	XnProperty.cpp	151	Property Depth1.ConstShift was changed to 200.
 6561978	[INFO]	XnProperty.cpp	151	Property Depth1.ZPD was changed to 120.
 6562085	[INFO]	XnProperty.cpp	151	Property Depth1.ZPPS was changed to 0.104200.
 6562105	[INFO]	XnProperty.cpp	151	Property Depth1.LDDIS was changed to 7.500000.
 6562205	[INFO]	XnProperty.cpp	151	Property Depth1.Gain was changed to 30.
 6562236	[INFO]	XnDeviceBase.cpp	1458	Stream 'Depth1' was initialized.
 6562255	[INFO]	XnDeviceBase.cpp	1463	'Depth1' stream was created.
 6562398	[INFO]	XnProperty.cpp	74	Setting Depth1.InputFormat to 3...
 6562422	[INFO]	XnProperty.cpp	151	Property Depth1.InputFormat was changed to 3.
 6562441	[INFO]	XnProperty.cpp	101	Depth1.InputFormat was successfully set.
 6562882	[INFO]	XnProperty.cpp	74	Setting Depth1.RegistrationType to 2...
 6562900	[INFO]	XnProperty.cpp	151	Property Depth1.RegistrationType was changed to 2.
 6562917	[INFO]	XnProperty.cpp	101	Depth1.RegistrationType was successfully set.
 6563400	[INFO]	XnDeviceModule.cpp	431	Module 'Depth1' configuration was loaded from file.
 6563556	[INFO]	XnProperty.cpp	74	Setting Depth1.FPS to 30...
 6563575	[INFO]	XnProperty.cpp	86	Depth1.FPS value did not change.
 6563595	[INFO]	XnProperty.cpp	74	Setting Depth1.YRes to 480...
 6563616	[INFO]	XnProperty.cpp	151	Property Depth1.Resolution was changed to 1.
 6563635	[INFO]	XnProperty.cpp	151	Property Depth1.XRes was changed to 640.
 6563653	[INFO]	XnProperty.cpp	151	Property Depth1.RequiredDataSize was changed to 307200.
 6563672	[INFO]	XnProperty.cpp	151	Property Depth1.YRes was changed to 480.
 6563690	[INFO]	XnProperty.cpp	151	Property Depth1.RequiredDataSize was changed to 614400.
 6563709	[INFO]	XnProperty.cpp	101	Depth1.YRes was successfully set.
 6563727	[INFO]	XnProperty.cpp	74	Setting Depth1.XRes to 640...
 6563743	[INFO]	XnProperty.cpp	86	Depth1.XRes value did not change.
 6563800	[INFO]	XnProperty.cpp	74	Setting Depth1.Mirror to 1...
 6563822	[INFO]	XnProperty.cpp	151	Property Depth1.FirmwareMirror was changed to 1.
 6563876	[INFO]	XnProperty.cpp	151	Property Depth1.Mirror was changed to 1.
 6563895	[INFO]	XnProperty.cpp	101	Depth1.Mirror was successfully set.
11721555	[INFO]	XnOpenNI.cpp	1261	Creating node 'User1' of type User...
11745448	[WARNING]	Linux-x86Threads.cpp	173	Failed to set thread priority: Invalid argument
11745493	[WARNING]	XnUSBLinux-x86.cpp	126	USB events thread: Failed to set thread priority to critical. This might cause loss of data...
11746209	[INFO]	XnUSBLinux-x86.cpp	1222	USB read thread was started.
11746232	[INFO]	XnProperty.cpp	151	Property Depth1.ActualReadData was changed to 1.
12216940	[INFO]	XnProperty.cpp	151	Property Depth1.State was changed to 1.
12216992	[INFO]	XnDeviceBase.cpp	370	Stream Depth1 is open.
18002767	[INFO]	XnOpenNI.cpp	1261	Creating node 'Image1' of type Image...
18002835	[INFO]	XnDeviceBase.cpp	1383	Creating stream 'Image1' of type 'Image'...
18003092	[INFO]	XnProperty.cpp	151	Property Image1.Resolution was changed to 0.
18003124	[INFO]	XnProperty.cpp	151	Property Image1.XRes was changed to 320.
18003145	[INFO]	XnProperty.cpp	151	Property Image1.YRes was changed to 240.
18003164	[INFO]	XnProperty.cpp	151	Property Image1.FPS was changed to 30.
18003181	[INFO]	XnProperty.cpp	151	Property Image1.OutputFormat was changed to 5.
18003199	[INFO]	XnProperty.cpp	151	Property Image1.BytesPerPixel was changed to 3.
18003219	[INFO]	XnProperty.cpp	151	Property Image1.RequiredDataSize was changed to 230400.
18003263	[INFO]	XnDeviceBase.cpp	1458	Stream 'Image1' was initialized.
18003286	[INFO]	XnDeviceBase.cpp	1463	'Image1' stream was created.
18003420	[INFO]	XnProperty.cpp	74	Setting Image1.InputFormat to 6...
18003449	[INFO]	XnProperty.cpp	151	Property Image1.InputFormat was changed to 6.
18003469	[INFO]	XnProperty.cpp	101	Image1.InputFormat was successfully set.
18004007	[INFO]	XnDeviceModule.cpp	431	Module 'Image1' configuration was loaded from file.
18004118	[INFO]	XnProperty.cpp	74	Setting Image1.FPS to 30...
18004137	[INFO]	XnProperty.cpp	86	Image1.FPS value did not change.
18004158	[INFO]	XnProperty.cpp	74	Setting Image1.YRes to 480...
18004178	[INFO]	XnProperty.cpp	151	Property Image1.Resolution was changed to 1.
18004197	[INFO]	XnProperty.cpp	151	Property Image1.XRes was changed to 640.
18004215	[INFO]	XnProperty.cpp	151	Property Image1.RequiredDataSize was changed to 460800.
18004236	[INFO]	XnProperty.cpp	151	Property Image1.YRes was changed to 480.
18004254	[INFO]	XnProperty.cpp	151	Property Image1.RequiredDataSize was changed to 921600.
18004273	[INFO]	XnProperty.cpp	101	Image1.YRes was successfully set.
18004292	[INFO]	XnProperty.cpp	74	Setting Image1.XRes to 640...
18004310	[INFO]	XnProperty.cpp	86	Image1.XRes value did not change.
18005245	[INFO]	XnUSBLinux-x86.cpp	1222	USB read thread was started.
18005281	[INFO]	XnProperty.cpp	151	Property Image1.ActualReadData was changed to 1.
18086204	[WARNING]	XnDepthProcessor.cpp	133	Read: Depth buffer is corrupt. Size is 592496 (!= 614400)
18086250	[WARNING]	XnFrameStreamProcessor.cpp	132	Depth frame is corrupt!
18186197	[WARNING]	XnDepthProcessor.cpp	133	Read: Depth buffer is corrupt. Size is 535792 (!= 614400)
18186243	[WARNING]	XnFrameStreamProcessor.cpp	132	Depth frame is corrupt!
18218186	[WARNING]	XnDepthProcessor.cpp	133	Read: Depth buffer is corrupt. Size is 597424 (!= 614400)
18218232	[WARNING]	XnFrameStreamProcessor.cpp	132	Depth frame is corrupt!
21090227	[WARNING]	XnDepthProcessor.cpp	133	Read: Depth buffer is corrupt. Size is 574928 (!= 614400)
21090269	[WARNING]	XnFrameStreamProcessor.cpp	132	Depth frame is corrupt!
21206048	[INFO]	XnProperty.cpp	151	Property Image1.State was changed to 1.
21206111	[INFO]	XnDeviceBase.cpp	370	Stream Image1 is open.
21206330	[INFO]	XnProperty.cpp	74	Setting Depth1.Registration to 1...
21222270	[WARNING]	XnDepthProcessor.cpp	133	Read: Depth buffer is corrupt. Size is 564400 (!= 614400)
21222307	[WARNING]	XnFrameStreamProcessor.cpp	132	Depth frame is corrupt!
21357069	[INFO]	XnProperty.cpp	151	Property Depth1.Registration was changed to 1.
21357115	[INFO]	XnProperty.cpp	101	Depth1.Registration was successfully set.
21357207	[INFO]	XnProperty.cpp	74	Setting Image1.Mirror to 1...
21369692	[INFO]	XnProperty.cpp	151	Property Image1.FirmwareMirror was changed to 1.
21369733	[INFO]	XnProperty.cpp	151	Property Image1.Mirror was changed to 1.
21369745	[INFO]	XnProperty.cpp	101	Image1.Mirror was successfully set.
36611451	[INFO]	XnOpenNI.cpp	1459	Destroying node 'User1'
36619224	[INFO]	XnOpenNI.cpp	1459	Destroying node 'Depth1'
36619328	[INFO]	XnDeviceBase.cpp	1507	Destroying stream 'Depth1'...
36620438	[INFO]	XnOpenNI.cpp	1459	Destroying node 'Image1'
36620475	[INFO]	XnDeviceBase.cpp	1507	Destroying stream 'Image1'...
36621177	[INFO]	XnOpenNI.cpp	1459	Destroying node 'Device1'
