    1642	[INFO]	XnLog.cpp	165	OpenNI version is 1.0.0 (Build 25)-MacOSX (Jan  7 2011 14:20:18)
    1701	[INFO]	XnLog.cpp	173	Log system initialized. Console: 1, File: 1, Severity: INFO, Masks: ALL
    1736	[INFO]	XnLog.cpp	173	Log system initialized. Console: 1, File: 1, Severity: INFO, Masks: ALL
    3223	[INFO]	XnUSBLinux-x86.cpp	98	USB is initialized.
 1970552	[INFO]	XnOpenNI.cpp	1261	Creating node 'Device1' of type Device...
 1971320	[INFO]	XnDeviceModule.cpp	431	Module 'Device' configuration was loaded from file.
 2235374	[INFO]	XnDeviceSensorIO.cpp	135	Connected to USB device
 2235430	[INFO]	XnProperty.cpp	151	Property Device.USBPath was changed to 045e/02ae@250/10.
 2242455	[INFO]	XnHostProtocol.cpp	825	Hardware versions: FW=5.1.4 (7) HW=4 Chip=2 Sensor=4 SYS=7
 3753799	[INFO]	XnProperty.cpp	151	Property Device.ID was changed to 0.
 3753868	[INFO]	XnSensor.cpp	182	Device sensor initialized
 3753988	[INFO]	XnOpenNI.cpp	1261	Creating node 'Depth1' of type Depth...
 3754038	[INFO]	XnDeviceBase.cpp	1383	Creating stream 'Depth1' of type 'Depth'...
 3754062	[INFO]	XnProperty.cpp	74	Setting Device.ReadData to 1...
 3754105	[INFO]	XnDeviceSensorIO.cpp	298	Endpoints open
 3766316	[INFO]	XnProperty.cpp	151	Property Device.ReadData was changed to 1.
 3766364	[INFO]	XnProperty.cpp	101	Device.ReadData was successfully set.
 3766777	[INFO]	XnProperty.cpp	151	Property Depth1.Resolution was changed to 0.
 3766801	[INFO]	XnProperty.cpp	151	Property Depth1.XRes was changed to 320.
 3766822	[INFO]	XnProperty.cpp	151	Property Depth1.YRes was changed to 240.
 3766842	[INFO]	XnProperty.cpp	151	Property Depth1.FPS was changed to 30.
 3766861	[INFO]	XnProperty.cpp	151	Property Depth1.OutputFormat was changed to 1.
 3766880	[INFO]	XnProperty.cpp	151	Property Depth1.BytesPerPixel was changed to 2.
 3766899	[INFO]	XnProperty.cpp	151	Property Depth1.RequiredDataSize was changed to 153600.
 3766922	[INFO]	XnProperty.cpp	151	Property Depth1.ParamCoeff was changed to 4.
 3766988	[INFO]	XnProperty.cpp	151	Property Depth1.ShiftScale was changed to 10.
 3779641	[INFO]	XnProperty.cpp	151	Property Depth1.ConstShift was changed to 200.
 3779713	[INFO]	XnProperty.cpp	151	Property Depth1.ZPD was changed to 120.
 3779810	[INFO]	XnProperty.cpp	151	Property Depth1.ZPPS was changed to 0.104200.
 3779824	[INFO]	XnProperty.cpp	151	Property Depth1.LDDIS was changed to 7.500000.
 3779908	[INFO]	XnProperty.cpp	151	Property Depth1.Gain was changed to 30.
 3779934	[INFO]	XnDeviceBase.cpp	1458	Stream 'Depth1' was initialized.
 3779947	[INFO]	XnDeviceBase.cpp	1463	'Depth1' stream was created.
 3780089	[INFO]	XnProperty.cpp	74	Setting Depth1.InputFormat to 3...
 3780109	[INFO]	XnProperty.cpp	151	Property Depth1.InputFormat was changed to 3.
 3780121	[INFO]	XnProperty.cpp	101	Depth1.InputFormat was successfully set.
 3780553	[INFO]	XnProperty.cpp	74	Setting Depth1.RegistrationType to 2...
 3780569	[INFO]	XnProperty.cpp	151	Property Depth1.RegistrationType was changed to 2.
 3780581	[INFO]	XnProperty.cpp	101	Depth1.RegistrationType was successfully set.
 3781051	[INFO]	XnDeviceModule.cpp	431	Module 'Depth1' configuration was loaded from file.
 3781226	[INFO]	XnProperty.cpp	74	Setting Depth1.FPS to 30...
 3781244	[INFO]	XnProperty.cpp	86	Depth1.FPS value did not change.
 3781256	[INFO]	XnProperty.cpp	74	Setting Depth1.YRes to 480...
 3781270	[INFO]	XnProperty.cpp	151	Property Depth1.Resolution was changed to 1.
 3781283	[INFO]	XnProperty.cpp	151	Property Depth1.XRes was changed to 640.
 3781294	[INFO]	XnProperty.cpp	151	Property Depth1.RequiredDataSize was changed to 307200.
 3781307	[INFO]	XnProperty.cpp	151	Property Depth1.YRes was changed to 480.
 3781319	[INFO]	XnProperty.cpp	151	Property Depth1.RequiredDataSize was changed to 614400.
 3781331	[INFO]	XnProperty.cpp	101	Depth1.YRes was successfully set.
 3781343	[INFO]	XnProperty.cpp	74	Setting Depth1.XRes to 640...
 3781354	[INFO]	XnProperty.cpp	86	Depth1.XRes value did not change.
 3781397	[INFO]	XnProperty.cpp	74	Setting Depth1.Mirror to 1...
 3781412	[INFO]	XnProperty.cpp	151	Property Depth1.FirmwareMirror was changed to 1.
 3781455	[INFO]	XnProperty.cpp	151	Property Depth1.Mirror was changed to 1.
 3781466	[INFO]	XnProperty.cpp	101	Depth1.Mirror was successfully set.
 4879837	[INFO]	XnOpenNI.cpp	1261	Creating node 'User1' of type User...
 4904632	[WARNING]	Linux-x86Threads.cpp	173	Failed to set thread priority: Invalid argument
 4904679	[WARNING]	XnUSBLinux-x86.cpp	126	USB events thread: Failed to set thread priority to critical. This might cause loss of data...
 4905427	[INFO]	XnUSBLinux-x86.cpp	1222	USB read thread was started.
 4905455	[INFO]	XnProperty.cpp	151	Property Depth1.ActualReadData was changed to 1.
 5376338	[INFO]	XnProperty.cpp	151	Property Depth1.State was changed to 1.
 5376382	[INFO]	XnDeviceBase.cpp	370	Stream Depth1 is open.
 6479139	[INFO]	XnOpenNI.cpp	1261	Creating node 'Image1' of type Image...
 6479190	[INFO]	XnDeviceBase.cpp	1383	Creating stream 'Image1' of type 'Image'...
 6479372	[INFO]	XnProperty.cpp	151	Property Image1.Resolution was changed to 0.
 6479391	[INFO]	XnProperty.cpp	151	Property Image1.XRes was changed to 320.
 6479404	[INFO]	XnProperty.cpp	151	Property Image1.YRes was changed to 240.
 6479416	[INFO]	XnProperty.cpp	151	Property Image1.FPS was changed to 30.
 6479427	[INFO]	XnProperty.cpp	151	Property Image1.OutputFormat was changed to 5.
 6479439	[INFO]	XnProperty.cpp	151	Property Image1.BytesPerPixel was changed to 3.
 6479451	[INFO]	XnProperty.cpp	151	Property Image1.RequiredDataSize was changed to 230400.
 6479480	[INFO]	XnDeviceBase.cpp	1458	Stream 'Image1' was initialized.
 6479494	[INFO]	XnDeviceBase.cpp	1463	'Image1' stream was created.
 6479598	[INFO]	XnProperty.cpp	74	Setting Image1.InputFormat to 6...
 6479618	[INFO]	XnProperty.cpp	151	Property Image1.InputFormat was changed to 6.
 6479631	[INFO]	XnProperty.cpp	101	Image1.InputFormat was successfully set.
 6480040	[INFO]	XnDeviceModule.cpp	431	Module 'Image1' configuration was loaded from file.
 6480126	[INFO]	XnProperty.cpp	74	Setting Image1.FPS to 30...
 6480142	[INFO]	XnProperty.cpp	86	Image1.FPS value did not change.
 6480154	[INFO]	XnProperty.cpp	74	Setting Image1.YRes to 480...
 6480166	[INFO]	XnProperty.cpp	151	Property Image1.Resolution was changed to 1.
 6480178	[INFO]	XnProperty.cpp	151	Property Image1.XRes was changed to 640.
 6480190	[INFO]	XnProperty.cpp	151	Property Image1.RequiredDataSize was changed to 460800.
 6480203	[INFO]	XnProperty.cpp	151	Property Image1.YRes was changed to 480.
 6480215	[INFO]	XnProperty.cpp	151	Property Image1.RequiredDataSize was changed to 921600.
 6480227	[INFO]	XnProperty.cpp	101	Image1.YRes was successfully set.
 6480240	[INFO]	XnProperty.cpp	74	Setting Image1.XRes to 640...
 6480250	[INFO]	XnProperty.cpp	86	Image1.XRes value did not change.
 6481187	[INFO]	XnUSBLinux-x86.cpp	1222	USB read thread was started.
 6481226	[INFO]	XnProperty.cpp	151	Property Image1.ActualReadData was changed to 1.
 6673197	[WARNING]	XnDepthProcessor.cpp	133	Read: Depth buffer is corrupt. Size is 554960 (!= 614400)
 6673245	[WARNING]	XnFrameStreamProcessor.cpp	132	Depth frame is corrupt!
 9577194	[WARNING]	XnDepthProcessor.cpp	133	Read: Depth buffer is corrupt. Size is 587376 (!= 614400)
 9577243	[WARNING]	XnFrameStreamProcessor.cpp	132	Depth frame is corrupt!
 9681980	[INFO]	XnProperty.cpp	151	Property Image1.State was changed to 1.
 9682032	[INFO]	XnDeviceBase.cpp	370	Stream Image1 is open.
 9682219	[INFO]	XnProperty.cpp	74	Setting Depth1.Registration to 1...
 9689164	[WARNING]	XnFirmwareStreams.cpp	324	Unknown packet type (0x4847)!!!
 9713117	[WARNING]	XnDepthProcessor.cpp	133	Read: Depth buffer is corrupt. Size is 583632 (!= 614400)
 9713167	[WARNING]	XnFrameStreamProcessor.cpp	132	Depth frame is corrupt!
 9834449	[INFO]	XnProperty.cpp	151	Property Depth1.Registration was changed to 1.
 9834500	[INFO]	XnProperty.cpp	101	Depth1.Registration was successfully set.
 9834560	[INFO]	XnProperty.cpp	74	Setting Image1.Mirror to 1...
 9846960	[INFO]	XnProperty.cpp	151	Property Image1.FirmwareMirror was changed to 1.
 9847007	[INFO]	XnProperty.cpp	151	Property Image1.Mirror was changed to 1.
 9847024	[INFO]	XnProperty.cpp	101	Image1.Mirror was successfully set.
64315927	[INFO]	XnOpenNI.cpp	1459	Destroying node 'User1'
64323416	[INFO]	XnOpenNI.cpp	1459	Destroying node 'Depth1'
64323510	[INFO]	XnDeviceBase.cpp	1507	Destroying stream 'Depth1'...
64324757	[INFO]	XnOpenNI.cpp	1459	Destroying node 'Image1'
64324798	[INFO]	XnDeviceBase.cpp	1507	Destroying stream 'Image1'...
64325631	[INFO]	XnOpenNI.cpp	1459	Destroying node 'Device1'
