    1823	[INFO]	XnLog.cpp	165	OpenNI version is 1.0.0 (Build 25)-MacOSX (Jan  7 2011 14:20:18)
    1870	[INFO]	XnLog.cpp	173	Log system initialized. Console: 1, File: 1, Severity: INFO, Masks: ALL
    1904	[INFO]	XnLog.cpp	173	Log system initialized. Console: 1, File: 1, Severity: INFO, Masks: ALL
    3073	[INFO]	XnUSBLinux-x86.cpp	98	USB is initialized.
 2354575	[INFO]	XnOpenNI.cpp	1261	Creating node 'Device1' of type Device...
 2355345	[INFO]	XnDeviceModule.cpp	431	Module 'Device' configuration was loaded from file.
 2615899	[INFO]	XnDeviceSensorIO.cpp	135	Connected to USB device
 2615952	[INFO]	XnProperty.cpp	151	Property Device.USBPath was changed to 045e/02ae@253/8.
 2623899	[INFO]	XnHostProtocol.cpp	825	Hardware versions: FW=5.1.4 (7) HW=4 Chip=2 Sensor=4 SYS=7
 4033634	[INFO]	XnProperty.cpp	151	Property Device.ID was changed to 0.
 4033699	[INFO]	XnSensor.cpp	182	Device sensor initialized
 4033812	[INFO]	XnOpenNI.cpp	1261	Creating node 'Depth1' of type Depth...
 4033862	[INFO]	XnDeviceBase.cpp	1383	Creating stream 'Depth1' of type 'Depth'...
 4033885	[INFO]	XnProperty.cpp	74	Setting Device.ReadData to 1...
 4033925	[INFO]	XnDeviceSensorIO.cpp	298	Endpoints open
 4046358	[INFO]	XnProperty.cpp	151	Property Device.ReadData was changed to 1.
 4046403	[INFO]	XnProperty.cpp	101	Device.ReadData was successfully set.
 4046813	[INFO]	XnProperty.cpp	151	Property Depth1.Resolution was changed to 0.
 4046843	[INFO]	XnProperty.cpp	151	Property Depth1.XRes was changed to 320.
 4046863	[INFO]	XnProperty.cpp	151	Property Depth1.YRes was changed to 240.
 4046880	[INFO]	XnProperty.cpp	151	Property Depth1.FPS was changed to 30.
 4046897	[INFO]	XnProperty.cpp	151	Property Depth1.OutputFormat was changed to 1.
 4046914	[INFO]	XnProperty.cpp	151	Property Depth1.BytesPerPixel was changed to 2.
 4046932	[INFO]	XnProperty.cpp	151	Property Depth1.RequiredDataSize was changed to 153600.
 4046956	[INFO]	XnProperty.cpp	151	Property Depth1.ParamCoeff was changed to 4.
 4047030	[INFO]	XnProperty.cpp	151	Property Depth1.ShiftScale was changed to 10.
 4059236	[INFO]	XnProperty.cpp	151	Property Depth1.ConstShift was changed to 200.
 4059343	[INFO]	XnProperty.cpp	151	Property Depth1.ZPD was changed to 120.
 4059474	[INFO]	XnProperty.cpp	151	Property Depth1.ZPPS was changed to 0.104200.
 4059515	[INFO]	XnProperty.cpp	151	Property Depth1.LDDIS was changed to 7.500000.
 4059660	[INFO]	XnProperty.cpp	151	Property Depth1.Gain was changed to 30.
 4059722	[INFO]	XnDeviceBase.cpp	1458	Stream 'Depth1' was initialized.
 4059754	[INFO]	XnDeviceBase.cpp	1463	'Depth1' stream was created.
 4059948	[INFO]	XnProperty.cpp	74	Setting Depth1.InputFormat to 3...
 4059973	[INFO]	XnProperty.cpp	151	Property Depth1.InputFormat was changed to 3.
 4059993	[INFO]	XnProperty.cpp	101	Depth1.InputFormat was successfully set.
 4060438	[INFO]	XnProperty.cpp	74	Setting Depth1.RegistrationType to 2...
 4060457	[INFO]	XnProperty.cpp	151	Property Depth1.RegistrationType was changed to 2.
 4060475	[INFO]	XnProperty.cpp	101	Depth1.RegistrationType was successfully set.
 4060945	[INFO]	XnDeviceModule.cpp	431	Module 'Depth1' configuration was loaded from file.
 4061154	[INFO]	XnProperty.cpp	74	Setting Depth1.FPS to 30...
 4061185	[INFO]	XnProperty.cpp	86	Depth1.FPS value did not change.
 4061207	[INFO]	XnProperty.cpp	74	Setting Depth1.YRes to 480...
 4061233	[INFO]	XnProperty.cpp	151	Property Depth1.Resolution was changed to 1.
 4061257	[INFO]	XnProperty.cpp	151	Property Depth1.XRes was changed to 640.
 4061279	[INFO]	XnProperty.cpp	151	Property Depth1.RequiredDataSize was changed to 307200.
 4061303	[INFO]	XnProperty.cpp	151	Property Depth1.YRes was changed to 480.
 4061325	[INFO]	XnProperty.cpp	151	Property Depth1.RequiredDataSize was changed to 614400.
 4061345	[INFO]	XnProperty.cpp	101	Depth1.YRes was successfully set.
 4061365	[INFO]	XnProperty.cpp	74	Setting Depth1.XRes to 640...
 4061382	[INFO]	XnProperty.cpp	86	Depth1.XRes value did not change.
 4061440	[INFO]	XnProperty.cpp	74	Setting Depth1.Mirror to 1...
 4061459	[INFO]	XnProperty.cpp	151	Property Depth1.FirmwareMirror was changed to 1.
 4061515	[INFO]	XnProperty.cpp	151	Property Depth1.Mirror was changed to 1.
 4061533	[INFO]	XnProperty.cpp	101	Depth1.Mirror was successfully set.
 6371816	[INFO]	XnOpenNI.cpp	1261	Creating node 'User1' of type User...
 6397222	[WARNING]	Linux-x86Threads.cpp	173	Failed to set thread priority: Invalid argument
 6397266	[WARNING]	XnUSBLinux-x86.cpp	126	USB events thread: Failed to set thread priority to critical. This might cause loss of data...
 6398290	[INFO]	XnUSBLinux-x86.cpp	1222	USB read thread was started.
 6398322	[INFO]	XnProperty.cpp	151	Property Depth1.ActualReadData was changed to 1.
 6868873	[INFO]	XnProperty.cpp	151	Property Depth1.State was changed to 1.
 6868916	[INFO]	XnDeviceBase.cpp	370	Stream Depth1 is open.
 9682837	[INFO]	XnOpenNI.cpp	1261	Creating node 'Image1' of type Image...
 9682887	[INFO]	XnDeviceBase.cpp	1383	Creating stream 'Image1' of type 'Image'...
 9683078	[INFO]	XnProperty.cpp	151	Property Image1.Resolution was changed to 0.
 9683097	[INFO]	XnProperty.cpp	151	Property Image1.XRes was changed to 320.
 9683110	[INFO]	XnProperty.cpp	151	Property Image1.YRes was changed to 240.
 9683122	[INFO]	XnProperty.cpp	151	Property Image1.FPS was changed to 30.
 9683133	[INFO]	XnProperty.cpp	151	Property Image1.OutputFormat was changed to 5.
 9683146	[INFO]	XnProperty.cpp	151	Property Image1.BytesPerPixel was changed to 3.
 9683158	[INFO]	XnProperty.cpp	151	Property Image1.RequiredDataSize was changed to 230400.
 9683186	[INFO]	XnDeviceBase.cpp	1458	Stream 'Image1' was initialized.
 9683202	[INFO]	XnDeviceBase.cpp	1463	'Image1' stream was created.
 9683318	[INFO]	XnProperty.cpp	74	Setting Image1.InputFormat to 6...
 9683344	[INFO]	XnProperty.cpp	151	Property Image1.InputFormat was changed to 6.
 9683357	[INFO]	XnProperty.cpp	101	Image1.InputFormat was successfully set.
 9683785	[INFO]	XnDeviceModule.cpp	431	Module 'Image1' configuration was loaded from file.
 9683888	[INFO]	XnProperty.cpp	74	Setting Image1.FPS to 30...
 9683908	[INFO]	XnProperty.cpp	86	Image1.FPS value did not change.
 9683926	[INFO]	XnProperty.cpp	74	Setting Image1.YRes to 480...
 9683946	[INFO]	XnProperty.cpp	151	Property Image1.Resolution was changed to 1.
 9683965	[INFO]	XnProperty.cpp	151	Property Image1.XRes was changed to 640.
 9683987	[INFO]	XnProperty.cpp	151	Property Image1.RequiredDataSize was changed to 460800.
 9684009	[INFO]	XnProperty.cpp	151	Property Image1.YRes was changed to 480.
 9684028	[INFO]	XnProperty.cpp	151	Property Image1.RequiredDataSize was changed to 921600.
 9684048	[INFO]	XnProperty.cpp	101	Image1.YRes was successfully set.
 9684067	[INFO]	XnProperty.cpp	74	Setting Image1.XRes to 640...
 9684084	[INFO]	XnProperty.cpp	86	Image1.XRes value did not change.
 9685193	[INFO]	XnUSBLinux-x86.cpp	1222	USB read thread was started.
 9685239	[INFO]	XnProperty.cpp	151	Property Image1.ActualReadData was changed to 1.
 9870316	[WARNING]	XnDepthProcessor.cpp	133	Read: Depth buffer is corrupt. Size is 520656 (!= 614400)
 9870362	[WARNING]	XnFrameStreamProcessor.cpp	132	Depth frame is corrupt!
 9902306	[WARNING]	XnDepthProcessor.cpp	133	Read: Depth buffer is corrupt. Size is 584816 (!= 614400)
 9902353	[WARNING]	XnFrameStreamProcessor.cpp	132	Depth frame is corrupt!
12770419	[WARNING]	XnDepthProcessor.cpp	133	Read: Depth buffer is corrupt. Size is 558624 (!= 614400)
12770465	[WARNING]	XnFrameStreamProcessor.cpp	132	Depth frame is corrupt!
12885913	[INFO]	XnProperty.cpp	151	Property Image1.State was changed to 1.
12885955	[INFO]	XnDeviceBase.cpp	370	Stream Image1 is open.
12886125	[INFO]	XnProperty.cpp	74	Setting Depth1.Registration to 1...
12938398	[WARNING]	XnDepthProcessor.cpp	133	Read: Depth buffer is corrupt. Size is 591920 (!= 614400)
12938445	[WARNING]	XnFrameStreamProcessor.cpp	132	Depth frame is corrupt!
13038393	[INFO]	XnProperty.cpp	151	Property Depth1.Registration was changed to 1.
13038436	[INFO]	XnProperty.cpp	101	Depth1.Registration was successfully set.
13038490	[INFO]	XnProperty.cpp	74	Setting Image1.Mirror to 1...
13050807	[INFO]	XnProperty.cpp	151	Property Image1.FirmwareMirror was changed to 1.
13050893	[INFO]	XnProperty.cpp	151	Property Image1.Mirror was changed to 1.
13050913	[INFO]	XnProperty.cpp	101	Image1.Mirror was successfully set.
20024942	[INFO]	XnOpenNI.cpp	1459	Destroying node 'User1'
20033443	[INFO]	XnOpenNI.cpp	1459	Destroying node 'Depth1'
20033541	[INFO]	XnDeviceBase.cpp	1507	Destroying stream 'Depth1'...
20034731	[INFO]	XnOpenNI.cpp	1459	Destroying node 'Image1'
20034785	[INFO]	XnDeviceBase.cpp	1507	Destroying stream 'Image1'...
20035717	[INFO]	XnOpenNI.cpp	1459	Destroying node 'Device1'
