    1851	[INFO]	XnLog.cpp	165	OpenNI version is 1.0.0 (Build 25)-MacOSX (Jan  7 2011 14:20:18)
    1909	[INFO]	XnLog.cpp	173	Log system initialized. Console: 1, File: 1, Severity: INFO, Masks: ALL
    1944	[INFO]	XnLog.cpp	173	Log system initialized. Console: 1, File: 1, Severity: INFO, Masks: ALL
    3479	[INFO]	XnUSBLinux-x86.cpp	98	USB is initialized.
 2483446	[INFO]	XnOpenNI.cpp	1261	Creating node 'Device1' of type Device...
 2484515	[INFO]	XnDeviceModule.cpp	431	Module 'Device' configuration was loaded from file.
 2807693	[INFO]	XnDeviceSensorIO.cpp	135	Connected to USB device
 2807747	[INFO]	XnProperty.cpp	151	Property Device.USBPath was changed to 045e/02ae@253/8.
 2815546	[INFO]	XnHostProtocol.cpp	825	Hardware versions: FW=5.1.4 (7) HW=4 Chip=2 Sensor=4 SYS=7
 4220909	[INFO]	XnProperty.cpp	151	Property Device.ID was changed to 0.
 4220970	[INFO]	XnSensor.cpp	182	Device sensor initialized
 4221054	[INFO]	XnOpenNI.cpp	1261	Creating node 'Depth1' of type Depth...
 4221093	[INFO]	XnDeviceBase.cpp	1383	Creating stream 'Depth1' of type 'Depth'...
 4221114	[INFO]	XnProperty.cpp	74	Setting Device.ReadData to 1...
 4221155	[INFO]	XnDeviceSensorIO.cpp	298	Endpoints open
 4233398	[INFO]	XnProperty.cpp	151	Property Device.ReadData was changed to 1.
 4233429	[INFO]	XnProperty.cpp	101	Device.ReadData was successfully set.
 4233886	[INFO]	XnProperty.cpp	151	Property Depth1.Resolution was changed to 0.
 4233917	[INFO]	XnProperty.cpp	151	Property Depth1.XRes was changed to 320.
 4233940	[INFO]	XnProperty.cpp	151	Property Depth1.YRes was changed to 240.
 4233962	[INFO]	XnProperty.cpp	151	Property Depth1.FPS was changed to 30.
 4233983	[INFO]	XnProperty.cpp	151	Property Depth1.OutputFormat was changed to 1.
 4234005	[INFO]	XnProperty.cpp	151	Property Depth1.BytesPerPixel was changed to 2.
 4234026	[INFO]	XnProperty.cpp	151	Property Depth1.RequiredDataSize was changed to 153600.
 4234053	[INFO]	XnProperty.cpp	151	Property Depth1.ParamCoeff was changed to 4.
 4234134	[INFO]	XnProperty.cpp	151	Property Depth1.ShiftScale was changed to 10.
 4246804	[INFO]	XnProperty.cpp	151	Property Depth1.ConstShift was changed to 200.
 4246911	[INFO]	XnProperty.cpp	151	Property Depth1.ZPD was changed to 120.
 4247023	[INFO]	XnProperty.cpp	151	Property Depth1.ZPPS was changed to 0.104200.
 4247042	[INFO]	XnProperty.cpp	151	Property Depth1.LDDIS was changed to 7.500000.
 4247164	[INFO]	XnProperty.cpp	151	Property Depth1.Gain was changed to 30.
 4247220	[INFO]	XnDeviceBase.cpp	1458	Stream 'Depth1' was initialized.
 4247243	[INFO]	XnDeviceBase.cpp	1463	'Depth1' stream was created.
 4247431	[INFO]	XnProperty.cpp	74	Setting Depth1.InputFormat to 3...
 4247457	[INFO]	XnProperty.cpp	151	Property Depth1.InputFormat was changed to 3.
 4247473	[INFO]	XnProperty.cpp	101	Depth1.InputFormat was successfully set.
 4248075	[INFO]	XnProperty.cpp	74	Setting Depth1.RegistrationType to 2...
 4248096	[INFO]	XnProperty.cpp	151	Property Depth1.RegistrationType was changed to 2.
 4248111	[INFO]	XnProperty.cpp	101	Depth1.RegistrationType was successfully set.
 4248819	[INFO]	XnDeviceModule.cpp	431	Module 'Depth1' configuration was loaded from file.
 4249092	[INFO]	XnProperty.cpp	74	Setting Depth1.FPS to 30...
 4249119	[INFO]	XnProperty.cpp	86	Depth1.FPS value did not change.
 4249135	[INFO]	XnProperty.cpp	74	Setting Depth1.YRes to 480...
 4249154	[INFO]	XnProperty.cpp	151	Property Depth1.Resolution was changed to 1.
 4249172	[INFO]	XnProperty.cpp	151	Property Depth1.XRes was changed to 640.
 4249194	[INFO]	XnProperty.cpp	151	Property Depth1.RequiredDataSize was changed to 307200.
 4253040	[INFO]	XnProperty.cpp	151	Property Depth1.YRes was changed to 480.
 4253068	[INFO]	XnProperty.cpp	151	Property Depth1.RequiredDataSize was changed to 614400.
 4253089	[INFO]	XnProperty.cpp	101	Depth1.YRes was successfully set.
 4253110	[INFO]	XnProperty.cpp	74	Setting Depth1.XRes to 640...
 4253127	[INFO]	XnProperty.cpp	86	Depth1.XRes value did not change.
 4253198	[INFO]	XnProperty.cpp	74	Setting Depth1.Mirror to 1...
 4253218	[INFO]	XnProperty.cpp	151	Property Depth1.FirmwareMirror was changed to 1.
 4296740	[INFO]	XnProperty.cpp	151	Property Depth1.Mirror was changed to 1.
 4296766	[INFO]	XnProperty.cpp	101	Depth1.Mirror was successfully set.
 6769004	[INFO]	XnOpenNI.cpp	1261	Creating node 'User1' of type User...
 6794584	[WARNING]	Linux-x86Threads.cpp	173	Failed to set thread priority: Invalid argument
 6794630	[WARNING]	XnUSBLinux-x86.cpp	126	USB events thread: Failed to set thread priority to critical. This might cause loss of data...
 6795510	[INFO]	XnUSBLinux-x86.cpp	1222	USB read thread was started.
 6795544	[INFO]	XnProperty.cpp	151	Property Depth1.ActualReadData was changed to 1.
 7266123	[INFO]	XnProperty.cpp	151	Property Depth1.State was changed to 1.
 7266175	[INFO]	XnDeviceBase.cpp	370	Stream Depth1 is open.
 9835679	[INFO]	XnOpenNI.cpp	1261	Creating node 'Image1' of type Image...
 9835741	[INFO]	XnDeviceBase.cpp	1383	Creating stream 'Image1' of type 'Image'...
 9835968	[INFO]	XnProperty.cpp	151	Property Image1.Resolution was changed to 0.
 9835991	[INFO]	XnProperty.cpp	151	Property Image1.XRes was changed to 320.
 9836013	[INFO]	XnProperty.cpp	151	Property Image1.YRes was changed to 240.
 9836033	[INFO]	XnProperty.cpp	151	Property Image1.FPS was changed to 30.
 9836051	[INFO]	XnProperty.cpp	151	Property Image1.OutputFormat was changed to 5.
 9836069	[INFO]	XnProperty.cpp	151	Property Image1.BytesPerPixel was changed to 3.
 9836087	[INFO]	XnProperty.cpp	151	Property Image1.RequiredDataSize was changed to 230400.
 9836133	[INFO]	XnDeviceBase.cpp	1458	Stream 'Image1' was initialized.
 9836152	[INFO]	XnDeviceBase.cpp	1463	'Image1' stream was created.
 9836271	[INFO]	XnProperty.cpp	74	Setting Image1.InputFormat to 6...
 9836297	[INFO]	XnProperty.cpp	151	Property Image1.InputFormat was changed to 6.
 9836316	[INFO]	XnProperty.cpp	101	Image1.InputFormat was successfully set.
 9836744	[INFO]	XnDeviceModule.cpp	431	Module 'Image1' configuration was loaded from file.
 9836833	[INFO]	XnProperty.cpp	74	Setting Image1.FPS to 30...
 9836852	[INFO]	XnProperty.cpp	86	Image1.FPS value did not change.
 9836870	[INFO]	XnProperty.cpp	74	Setting Image1.YRes to 480...
 9836890	[INFO]	XnProperty.cpp	151	Property Image1.Resolution was changed to 1.
 9836909	[INFO]	XnProperty.cpp	151	Property Image1.XRes was changed to 640.
 9836927	[INFO]	XnProperty.cpp	151	Property Image1.RequiredDataSize was changed to 460800.
 9836946	[INFO]	XnProperty.cpp	151	Property Image1.YRes was changed to 480.
 9836963	[INFO]	XnProperty.cpp	151	Property Image1.RequiredDataSize was changed to 921600.
 9836981	[INFO]	XnProperty.cpp	101	Image1.YRes was successfully set.
 9836999	[INFO]	XnProperty.cpp	74	Setting Image1.XRes to 640...
 9837015	[INFO]	XnProperty.cpp	86	Image1.XRes value did not change.
 9837897	[INFO]	XnUSBLinux-x86.cpp	1222	USB read thread was started.
 9837929	[INFO]	XnProperty.cpp	151	Property Image1.ActualReadData was changed to 1.
10003288	[WARNING]	XnFrameStreamProcessor.cpp	140	Depth Frame Buffer overflow! current size: 612768
10003343	[WARNING]	XnFrameStreamProcessor.cpp	132	Depth frame is corrupt!
10031318	[WARNING]	XnDepthProcessor.cpp	133	Read: Depth buffer is corrupt. Size is 612768 (!= 614400)
13038693	[INFO]	XnProperty.cpp	151	Property Image1.State was changed to 1.
13038738	[INFO]	XnDeviceBase.cpp	370	Stream Image1 is open.
13038922	[INFO]	XnProperty.cpp	74	Setting Depth1.Registration to 1...
13067446	[WARNING]	XnDepthProcessor.cpp	133	Read: Depth buffer is corrupt. Size is 591520 (!= 614400)
13067577	[WARNING]	XnFrameStreamProcessor.cpp	132	Depth frame is corrupt!
13191199	[INFO]	XnProperty.cpp	151	Property Depth1.Registration was changed to 1.
13191253	[INFO]	XnProperty.cpp	101	Depth1.Registration was successfully set.
13191315	[INFO]	XnProperty.cpp	74	Setting Image1.Mirror to 1...
13203948	[INFO]	XnProperty.cpp	151	Property Image1.FirmwareMirror was changed to 1.
13203991	[INFO]	XnProperty.cpp	151	Property Image1.Mirror was changed to 1.
13204004	[INFO]	XnProperty.cpp	101	Image1.Mirror was successfully set.
55030698	[INFO]	XnOpenNI.cpp	1459	Destroying node 'User1'
55041272	[INFO]	XnOpenNI.cpp	1459	Destroying node 'Depth1'
55041424	[INFO]	XnDeviceBase.cpp	1507	Destroying stream 'Depth1'...
55042946	[INFO]	XnOpenNI.cpp	1459	Destroying node 'Image1'
55042993	[INFO]	XnDeviceBase.cpp	1507	Destroying stream 'Image1'...
55043895	[INFO]	XnOpenNI.cpp	1459	Destroying node 'Device1'
