    1496	[INFO]	XnLog.cpp	165	OpenNI version is 1.0.0 (Build 25)-MacOSX (Jan  7 2011 14:20:18)
    1542	[INFO]	XnLog.cpp	173	Log system initialized. Console: 1, File: 1, Severity: INFO, Masks: ALL
    1566	[INFO]	XnLog.cpp	173	Log system initialized. Console: 1, File: 1, Severity: INFO, Masks: ALL
    2876	[INFO]	XnUSBLinux-x86.cpp	98	USB is initialized.
 2383612	[INFO]	XnOpenNI.cpp	1261	Creating node 'Device1' of type Device...
 2384434	[INFO]	XnDeviceModule.cpp	431	Module 'Device' configuration was loaded from file.
 2644766	[INFO]	XnDeviceSensorIO.cpp	135	Connected to USB device
 2644813	[INFO]	XnProperty.cpp	151	Property Device.USBPath was changed to 045e/02ae@253/8.
 2652224	[INFO]	XnHostProtocol.cpp	825	Hardware versions: FW=5.1.4 (7) HW=4 Chip=2 Sensor=4 SYS=7
 4062172	[INFO]	XnProperty.cpp	151	Property Device.ID was changed to 0.
 4062237	[INFO]	XnSensor.cpp	182	Device sensor initialized
 4062332	[INFO]	XnOpenNI.cpp	1261	Creating node 'Depth1' of type Depth...
 4062369	[INFO]	XnDeviceBase.cpp	1383	Creating stream 'Depth1' of type 'Depth'...
 4062384	[INFO]	XnProperty.cpp	74	Setting Device.ReadData to 1...
 4062414	[INFO]	XnDeviceSensorIO.cpp	298	Endpoints open
 4074689	[INFO]	XnProperty.cpp	151	Property Device.ReadData was changed to 1.
 4074727	[INFO]	XnProperty.cpp	101	Device.ReadData was successfully set.
 4075072	[INFO]	XnProperty.cpp	151	Property Depth1.Resolution was changed to 0.
 4075091	[INFO]	XnProperty.cpp	151	Property Depth1.XRes was changed to 320.
 4075104	[INFO]	XnProperty.cpp	151	Property Depth1.YRes was changed to 240.
 4075115	[INFO]	XnProperty.cpp	151	Property Depth1.FPS was changed to 30.
 4075127	[INFO]	XnProperty.cpp	151	Property Depth1.OutputFormat was changed to 1.
 4075138	[INFO]	XnProperty.cpp	151	Property Depth1.BytesPerPixel was changed to 2.
 4075150	[INFO]	XnProperty.cpp	151	Property Depth1.RequiredDataSize was changed to 153600.
 4075165	[INFO]	XnProperty.cpp	151	Property Depth1.ParamCoeff was changed to 4.
 4075224	[INFO]	XnProperty.cpp	151	Property Depth1.ShiftScale was changed to 10.
 4087410	[INFO]	XnProperty.cpp	151	Property Depth1.ConstShift was changed to 200.
 4087496	[INFO]	XnProperty.cpp	151	Property Depth1.ZPD was changed to 120.
 4087594	[INFO]	XnProperty.cpp	151	Property Depth1.ZPPS was changed to 0.104200.
 4087608	[INFO]	XnProperty.cpp	151	Property Depth1.LDDIS was changed to 7.500000.
 4087700	[INFO]	XnProperty.cpp	151	Property Depth1.Gain was changed to 30.
 4087732	[INFO]	XnDeviceBase.cpp	1458	Stream 'Depth1' was initialized.
 4087746	[INFO]	XnDeviceBase.cpp	1463	'Depth1' stream was created.
 4087893	[INFO]	XnProperty.cpp	74	Setting Depth1.InputFormat to 3...
 4087915	[INFO]	XnProperty.cpp	151	Property Depth1.InputFormat was changed to 3.
 4087927	[INFO]	XnProperty.cpp	101	Depth1.InputFormat was successfully set.
 4088362	[INFO]	XnProperty.cpp	74	Setting Depth1.RegistrationType to 2...
 4088382	[INFO]	XnProperty.cpp	151	Property Depth1.RegistrationType was changed to 2.
 4088425	[INFO]	XnProperty.cpp	101	Depth1.RegistrationType was successfully set.
 4089015	[INFO]	XnDeviceModule.cpp	431	Module 'Depth1' configuration was loaded from file.
 4089233	[INFO]	XnProperty.cpp	74	Setting Depth1.FPS to 30...
 4089254	[INFO]	XnProperty.cpp	86	Depth1.FPS value did not change.
 4089272	[INFO]	XnProperty.cpp	74	Setting Depth1.YRes to 480...
 4089294	[INFO]	XnProperty.cpp	151	Property Depth1.Resolution was changed to 1.
 4089317	[INFO]	XnProperty.cpp	151	Property Depth1.XRes was changed to 640.
 4089335	[INFO]	XnProperty.cpp	151	Property Depth1.RequiredDataSize was changed to 307200.
 4089357	[INFO]	XnProperty.cpp	151	Property Depth1.YRes was changed to 480.
 4089375	[INFO]	XnProperty.cpp	151	Property Depth1.RequiredDataSize was changed to 614400.
 4089393	[INFO]	XnProperty.cpp	101	Depth1.YRes was successfully set.
 4089412	[INFO]	XnProperty.cpp	74	Setting Depth1.XRes to 640...
 4089427	[INFO]	XnProperty.cpp	86	Depth1.XRes value did not change.
 4089483	[INFO]	XnProperty.cpp	74	Setting Depth1.Mirror to 1...
 4089503	[INFO]	XnProperty.cpp	151	Property Depth1.FirmwareMirror was changed to 1.
 4089562	[INFO]	XnProperty.cpp	151	Property Depth1.Mirror was changed to 1.
 4089581	[INFO]	XnProperty.cpp	101	Depth1.Mirror was successfully set.
 6080737	[INFO]	XnOpenNI.cpp	1261	Creating node 'User1' of type User...
 6104073	[WARNING]	Linux-x86Threads.cpp	173	Failed to set thread priority: Invalid argument
 6104117	[WARNING]	XnUSBLinux-x86.cpp	126	USB events thread: Failed to set thread priority to critical. This might cause loss of data...
 6104885	[INFO]	XnUSBLinux-x86.cpp	1222	USB read thread was started.
 6104911	[INFO]	XnProperty.cpp	151	Property Depth1.ActualReadData was changed to 1.
 6576066	[INFO]	XnProperty.cpp	151	Property Depth1.State was changed to 1.
 6576108	[INFO]	XnDeviceBase.cpp	370	Stream Depth1 is open.
 8555020	[INFO]	XnOpenNI.cpp	1261	Creating node 'Image1' of type Image...
 8555093	[INFO]	XnDeviceBase.cpp	1383	Creating stream 'Image1' of type 'Image'...
 8555337	[INFO]	XnProperty.cpp	151	Property Image1.Resolution was changed to 0.
 8555363	[INFO]	XnProperty.cpp	151	Property Image1.XRes was changed to 320.
 8555383	[INFO]	XnProperty.cpp	151	Property Image1.YRes was changed to 240.
 8555400	[INFO]	XnProperty.cpp	151	Property Image1.FPS was changed to 30.
 8555416	[INFO]	XnProperty.cpp	151	Property Image1.OutputFormat was changed to 5.
 8555432	[INFO]	XnProperty.cpp	151	Property Image1.BytesPerPixel was changed to 3.
 8555449	[INFO]	XnProperty.cpp	151	Property Image1.RequiredDataSize was changed to 230400.
 8555511	[INFO]	XnDeviceBase.cpp	1458	Stream 'Image1' was initialized.
 8555533	[INFO]	XnDeviceBase.cpp	1463	'Image1' stream was created.
 8555670	[INFO]	XnProperty.cpp	74	Setting Image1.InputFormat to 6...
 8555700	[INFO]	XnProperty.cpp	151	Property Image1.InputFormat was changed to 6.
 8555729	[INFO]	XnProperty.cpp	101	Image1.InputFormat was successfully set.
 8556354	[INFO]	XnDeviceModule.cpp	431	Module 'Image1' configuration was loaded from file.
 8556492	[INFO]	XnProperty.cpp	74	Setting Image1.FPS to 30...
 8556513	[INFO]	XnProperty.cpp	86	Image1.FPS value did not change.
 8556531	[INFO]	XnProperty.cpp	74	Setting Image1.YRes to 480...
 8556549	[INFO]	XnProperty.cpp	151	Property Image1.Resolution was changed to 1.
 8556567	[INFO]	XnProperty.cpp	151	Property Image1.XRes was changed to 640.
 8556584	[INFO]	XnProperty.cpp	151	Property Image1.RequiredDataSize was changed to 460800.
 8556601	[INFO]	XnProperty.cpp	151	Property Image1.YRes was changed to 480.
 8556618	[INFO]	XnProperty.cpp	151	Property Image1.RequiredDataSize was changed to 921600.
 8556636	[INFO]	XnProperty.cpp	101	Image1.YRes was successfully set.
 8556654	[INFO]	XnProperty.cpp	74	Setting Image1.XRes to 640...
 8556671	[INFO]	XnProperty.cpp	86	Image1.XRes value did not change.
 8558073	[INFO]	XnUSBLinux-x86.cpp	1222	USB read thread was started.
 8558132	[INFO]	XnProperty.cpp	151	Property Image1.ActualReadData was changed to 1.
 8740642	[WARNING]	XnDepthProcessor.cpp	133	Read: Depth buffer is corrupt. Size is 528288 (!= 614400)
 8740690	[WARNING]	XnFrameStreamProcessor.cpp	132	Depth frame is corrupt!
 8776597	[WARNING]	XnDepthProcessor.cpp	133	Read: Depth buffer is corrupt. Size is 599968 (!= 614400)
 8776642	[WARNING]	XnFrameStreamProcessor.cpp	132	Depth frame is corrupt!
11624685	[WARNING]	XnFirmwareStreams.cpp	324	Unknown packet type (0x4948)!!!
11644645	[WARNING]	XnDepthProcessor.cpp	133	Read: Depth buffer is corrupt. Size is 555984 (!= 614400)
11644694	[WARNING]	XnFrameStreamProcessor.cpp	132	Depth frame is corrupt!
11759104	[INFO]	XnProperty.cpp	151	Property Image1.State was changed to 1.
11759147	[INFO]	XnDeviceBase.cpp	370	Stream Image1 is open.
11759317	[INFO]	XnProperty.cpp	74	Setting Depth1.Registration to 1...
11776644	[WARNING]	XnDepthProcessor.cpp	133	Read: Depth buffer is corrupt. Size is 595072 (!= 614400)
11776690	[WARNING]	XnFrameStreamProcessor.cpp	132	Depth frame is corrupt!
11812650	[WARNING]	XnDepthProcessor.cpp	133	Read: Depth buffer is corrupt. Size is 585232 (!= 614400)
11812697	[WARNING]	XnFrameStreamProcessor.cpp	132	Depth frame is corrupt!
11912469	[INFO]	XnProperty.cpp	151	Property Depth1.Registration was changed to 1.
11912582	[INFO]	XnProperty.cpp	101	Depth1.Registration was successfully set.
11912669	[INFO]	XnProperty.cpp	74	Setting Image1.Mirror to 1...
11925033	[INFO]	XnProperty.cpp	151	Property Image1.FirmwareMirror was changed to 1.
11925077	[INFO]	XnProperty.cpp	151	Property Image1.Mirror was changed to 1.
11925090	[INFO]	XnProperty.cpp	101	Image1.Mirror was successfully set.
21582711	[INFO]	XnOpenNI.cpp	1459	Destroying node 'User1'
21591616	[INFO]	XnOpenNI.cpp	1459	Destroying node 'Depth1'
21591711	[INFO]	XnDeviceBase.cpp	1507	Destroying stream 'Depth1'...
21592921	[INFO]	XnOpenNI.cpp	1459	Destroying node 'Image1'
21592976	[INFO]	XnDeviceBase.cpp	1507	Destroying stream 'Image1'...
21593971	[INFO]	XnOpenNI.cpp	1459	Destroying node 'Device1'
