   18919	[INFO]	XnLog.cpp	165	OpenNI version is 1.0.0 (Build 25)-MacOSX (Jan  7 2011 14:20:18)
   18993	[INFO]	XnLog.cpp	173	Log system initialized. Console: 1, File: 1, Severity: INFO, Masks: ALL
   19028	[INFO]	XnLog.cpp	173	Log system initialized. Console: 1, File: 1, Severity: INFO, Masks: ALL
   20406	[INFO]	XnUSBLinux-x86.cpp	98	USB is initialized.
 3384433	[INFO]	XnOpenNI.cpp	1261	Creating node 'Device1' of type Device...
 3385898	[INFO]	XnDeviceModule.cpp	431	Module 'Device' configuration was loaded from file.
 3817894	[INFO]	XnDeviceSensorIO.cpp	135	Connected to USB device
 3817949	[INFO]	XnProperty.cpp	151	Property Device.USBPath was changed to 045e/02ae@253/8.
 3848906	[INFO]	XnHostProtocol.cpp	825	Hardware versions: FW=5.1.4 (7) HW=4 Chip=2 Sensor=4 SYS=7
 5256082	[INFO]	XnProperty.cpp	151	Property Device.ID was changed to 0.
 5256137	[INFO]	XnSensor.cpp	182	Device sensor initialized
 5256220	[INFO]	XnOpenNI.cpp	1261	Creating node 'Depth1' of type Depth...
 5256258	[INFO]	XnDeviceBase.cpp	1383	Creating stream 'Depth1' of type 'Depth'...
 5256280	[INFO]	XnProperty.cpp	74	Setting Device.ReadData to 1...
 5256322	[INFO]	XnDeviceSensorIO.cpp	298	Endpoints open
 5268829	[INFO]	XnProperty.cpp	151	Property Device.ReadData was changed to 1.
 5268880	[INFO]	XnProperty.cpp	101	Device.ReadData was successfully set.
 5269235	[INFO]	XnProperty.cpp	151	Property Depth1.Resolution was changed to 0.
 5269255	[INFO]	XnProperty.cpp	151	Property Depth1.XRes was changed to 320.
 5269268	[INFO]	XnProperty.cpp	151	Property Depth1.YRes was changed to 240.
 5269280	[INFO]	XnProperty.cpp	151	Property Depth1.FPS was changed to 30.
 5269291	[INFO]	XnProperty.cpp	151	Property Depth1.OutputFormat was changed to 1.
 5269303	[INFO]	XnProperty.cpp	151	Property Depth1.BytesPerPixel was changed to 2.
 5269315	[INFO]	XnProperty.cpp	151	Property Depth1.RequiredDataSize was changed to 153600.
 5269331	[INFO]	XnProperty.cpp	151	Property Depth1.ParamCoeff was changed to 4.
 5269390	[INFO]	XnProperty.cpp	151	Property Depth1.ShiftScale was changed to 10.
 5281768	[INFO]	XnProperty.cpp	151	Property Depth1.ConstShift was changed to 200.
 5281860	[INFO]	XnProperty.cpp	151	Property Depth1.ZPD was changed to 120.
 5281958	[INFO]	XnProperty.cpp	151	Property Depth1.ZPPS was changed to 0.104200.
 5281973	[INFO]	XnProperty.cpp	151	Property Depth1.LDDIS was changed to 7.500000.
 5282068	[INFO]	XnProperty.cpp	151	Property Depth1.Gain was changed to 30.
 5282101	[INFO]	XnDeviceBase.cpp	1458	Stream 'Depth1' was initialized.
 5282114	[INFO]	XnDeviceBase.cpp	1463	'Depth1' stream was created.
 5282269	[INFO]	XnProperty.cpp	74	Setting Depth1.InputFormat to 3...
 5282291	[INFO]	XnProperty.cpp	151	Property Depth1.InputFormat was changed to 3.
 5282303	[INFO]	XnProperty.cpp	101	Depth1.InputFormat was successfully set.
 5283030	[INFO]	XnProperty.cpp	74	Setting Depth1.RegistrationType to 2...
 5283070	[INFO]	XnProperty.cpp	151	Property Depth1.RegistrationType was changed to 2.
 5283094	[INFO]	XnProperty.cpp	101	Depth1.RegistrationType was successfully set.
 5283811	[INFO]	XnDeviceModule.cpp	431	Module 'Depth1' configuration was loaded from file.
 5284087	[INFO]	XnProperty.cpp	74	Setting Depth1.FPS to 30...
 5284110	[INFO]	XnProperty.cpp	86	Depth1.FPS value did not change.
 5284131	[INFO]	XnProperty.cpp	74	Setting Depth1.YRes to 480...
 5284155	[INFO]	XnProperty.cpp	151	Property Depth1.Resolution was changed to 1.
 5284176	[INFO]	XnProperty.cpp	151	Property Depth1.XRes was changed to 640.
 5284196	[INFO]	XnProperty.cpp	151	Property Depth1.RequiredDataSize was changed to 307200.
 5284217	[INFO]	XnProperty.cpp	151	Property Depth1.YRes was changed to 480.
 5284236	[INFO]	XnProperty.cpp	151	Property Depth1.RequiredDataSize was changed to 614400.
 5284257	[INFO]	XnProperty.cpp	101	Depth1.YRes was successfully set.
 5284278	[INFO]	XnProperty.cpp	74	Setting Depth1.XRes to 640...
 5284293	[INFO]	XnProperty.cpp	86	Depth1.XRes value did not change.
 5284354	[INFO]	XnProperty.cpp	74	Setting Depth1.Mirror to 1...
 5284378	[INFO]	XnProperty.cpp	151	Property Depth1.FirmwareMirror was changed to 1.
 5284446	[INFO]	XnProperty.cpp	151	Property Depth1.Mirror was changed to 1.
 5284466	[INFO]	XnProperty.cpp	101	Depth1.Mirror was successfully set.
 8607892	[INFO]	XnOpenNI.cpp	1261	Creating node 'User1' of type User...
 8652130	[WARNING]	Linux-x86Threads.cpp	173	Failed to set thread priority: Invalid argument
 8652180	[WARNING]	XnUSBLinux-x86.cpp	126	USB events thread: Failed to set thread priority to critical. This might cause loss of data...
 8653212	[INFO]	XnUSBLinux-x86.cpp	1222	USB read thread was started.
 8653235	[INFO]	XnProperty.cpp	151	Property Depth1.ActualReadData was changed to 1.
 9123742	[INFO]	XnProperty.cpp	151	Property Depth1.State was changed to 1.
 9123786	[INFO]	XnDeviceBase.cpp	370	Stream Depth1 is open.
12440313	[INFO]	XnOpenNI.cpp	1261	Creating node 'Image1' of type Image...
12440369	[INFO]	XnDeviceBase.cpp	1383	Creating stream 'Image1' of type 'Image'...
12440617	[INFO]	XnProperty.cpp	151	Property Image1.Resolution was changed to 0.
12440645	[INFO]	XnProperty.cpp	151	Property Image1.XRes was changed to 320.
12440665	[INFO]	XnProperty.cpp	151	Property Image1.YRes was changed to 240.
12440685	[INFO]	XnProperty.cpp	151	Property Image1.FPS was changed to 30.
12440703	[INFO]	XnProperty.cpp	151	Property Image1.OutputFormat was changed to 5.
12440724	[INFO]	XnProperty.cpp	151	Property Image1.BytesPerPixel was changed to 3.
12440742	[INFO]	XnProperty.cpp	151	Property Image1.RequiredDataSize was changed to 230400.
12440785	[INFO]	XnDeviceBase.cpp	1458	Stream 'Image1' was initialized.
12440806	[INFO]	XnDeviceBase.cpp	1463	'Image1' stream was created.
12440944	[INFO]	XnProperty.cpp	74	Setting Image1.InputFormat to 6...
12440976	[INFO]	XnProperty.cpp	151	Property Image1.InputFormat was changed to 6.
12440995	[INFO]	XnProperty.cpp	101	Image1.InputFormat was successfully set.
12441607	[INFO]	XnDeviceModule.cpp	431	Module 'Image1' configuration was loaded from file.
12441736	[INFO]	XnProperty.cpp	74	Setting Image1.FPS to 30...
12441760	[INFO]	XnProperty.cpp	86	Image1.FPS value did not change.
12441780	[INFO]	XnProperty.cpp	74	Setting Image1.YRes to 480...
12441801	[INFO]	XnProperty.cpp	151	Property Image1.Resolution was changed to 1.
12441819	[INFO]	XnProperty.cpp	151	Property Image1.XRes was changed to 640.
12441837	[INFO]	XnProperty.cpp	151	Property Image1.RequiredDataSize was changed to 460800.
12441857	[INFO]	XnProperty.cpp	151	Property Image1.YRes was changed to 480.
12441880	[INFO]	XnProperty.cpp	151	Property Image1.RequiredDataSize was changed to 921600.
12441898	[INFO]	XnProperty.cpp	101	Image1.YRes was successfully set.
12441922	[INFO]	XnProperty.cpp	74	Setting Image1.XRes to 640...
12441941	[INFO]	XnProperty.cpp	86	Image1.XRes value did not change.
12443217	[INFO]	XnUSBLinux-x86.cpp	1222	USB read thread was started.
12443267	[INFO]	XnProperty.cpp	151	Property Image1.ActualReadData was changed to 1.
12524661	[WARNING]	XnDepthProcessor.cpp	133	Read: Depth buffer is corrupt. Size is 597568 (!= 614400)
12524711	[WARNING]	XnFrameStreamProcessor.cpp	132	Depth frame is corrupt!
12624673	[WARNING]	XnDepthProcessor.cpp	133	Read: Depth buffer is corrupt. Size is 556144 (!= 614400)
12624723	[WARNING]	XnFrameStreamProcessor.cpp	132	Depth frame is corrupt!
12656702	[WARNING]	XnDepthProcessor.cpp	133	Read: Depth buffer is corrupt. Size is 597440 (!= 614400)
12656752	[WARNING]	XnFrameStreamProcessor.cpp	132	Depth frame is corrupt!
15528735	[WARNING]	XnDepthProcessor.cpp	133	Read: Depth buffer is corrupt. Size is 581328 (!= 614400)
15528782	[WARNING]	XnFrameStreamProcessor.cpp	132	Depth frame is corrupt!
15644222	[INFO]	XnProperty.cpp	151	Property Image1.State was changed to 1.
15644266	[INFO]	XnDeviceBase.cpp	370	Stream Image1 is open.
15644473	[INFO]	XnProperty.cpp	74	Setting Depth1.Registration to 1...
15650702	[WARNING]	XnFirmwareStreams.cpp	324	Unknown packet type (0x4353)!!!
15654744	[WARNING]	XnFirmwareStreams.cpp	324	Unknown packet type (0x4353)!!!
15660775	[WARNING]	XnDepthProcessor.cpp	133	Read: Depth buffer is corrupt. Size is 585824 (!= 614400)
15660814	[WARNING]	XnFrameStreamProcessor.cpp	132	Depth frame is corrupt!
15798052	[INFO]	XnProperty.cpp	151	Property Depth1.Registration was changed to 1.
15798104	[INFO]	XnProperty.cpp	101	Depth1.Registration was successfully set.
15798160	[INFO]	XnProperty.cpp	74	Setting Image1.Mirror to 1...
15810722	[INFO]	XnProperty.cpp	151	Property Image1.FirmwareMirror was changed to 1.
15810773	[INFO]	XnProperty.cpp	151	Property Image1.Mirror was changed to 1.
15810789	[INFO]	XnProperty.cpp	101	Image1.Mirror was successfully set.
38977711	[INFO]	XnOpenNI.cpp	1459	Destroying node 'User1'
38986152	[INFO]	XnOpenNI.cpp	1459	Destroying node 'Depth1'
38986239	[INFO]	XnDeviceBase.cpp	1507	Destroying stream 'Depth1'...
38987544	[INFO]	XnOpenNI.cpp	1459	Destroying node 'Image1'
38987612	[INFO]	XnDeviceBase.cpp	1507	Destroying stream 'Image1'...
38988658	[INFO]	XnOpenNI.cpp	1459	Destroying node 'Device1'
