   18282	[INFO]	XnLog.cpp	165	OpenNI version is 1.0.0 (Build 25)-MacOSX (Jan  7 2011 14:20:18)
   18376	[INFO]	XnLog.cpp	173	Log system initialized. Console: 1, File: 1, Severity: INFO, Masks: ALL
   18424	[INFO]	XnLog.cpp	173	Log system initialized. Console: 1, File: 1, Severity: INFO, Masks: ALL
   20228	[INFO]	XnUSBLinux-x86.cpp	98	USB is initialized.
 3385361	[INFO]	XnOpenNI.cpp	1261	Creating node 'Device1' of type Device...
 3386188	[INFO]	XnDeviceModule.cpp	431	Module 'Device' configuration was loaded from file.
 3817219	[INFO]	XnDeviceSensorIO.cpp	135	Connected to USB device
 3817275	[INFO]	XnProperty.cpp	151	Property Device.USBPath was changed to 045e/02ae@253/8.
 3848245	[INFO]	XnHostProtocol.cpp	825	Hardware versions: FW=5.1.4 (7) HW=4 Chip=2 Sensor=4 SYS=7
 5255225	[INFO]	XnProperty.cpp	151	Property Device.ID was changed to 0.
 5255332	[INFO]	XnSensor.cpp	182	Device sensor initialized
 5255448	[INFO]	XnOpenNI.cpp	1261	Creating node 'Depth1' of type Depth...
 5255495	[INFO]	XnDeviceBase.cpp	1383	Creating stream 'Depth1' of type 'Depth'...
 5255521	[INFO]	XnProperty.cpp	74	Setting Device.ReadData to 1...
 5255562	[INFO]	XnDeviceSensorIO.cpp	298	Endpoints open
 5267954	[INFO]	XnProperty.cpp	151	Property Device.ReadData was changed to 1.
 5267996	[INFO]	XnProperty.cpp	101	Device.ReadData was successfully set.
 5268366	[INFO]	XnProperty.cpp	151	Property Depth1.Resolution was changed to 0.
 5268385	[INFO]	XnProperty.cpp	151	Property Depth1.XRes was changed to 320.
 5268399	[INFO]	XnProperty.cpp	151	Property Depth1.YRes was changed to 240.
 5268410	[INFO]	XnProperty.cpp	151	Property Depth1.FPS was changed to 30.
 5268421	[INFO]	XnProperty.cpp	151	Property Depth1.OutputFormat was changed to 1.
 5268433	[INFO]	XnProperty.cpp	151	Property Depth1.BytesPerPixel was changed to 2.
 5268445	[INFO]	XnProperty.cpp	151	Property Depth1.RequiredDataSize was changed to 153600.
 5268461	[INFO]	XnProperty.cpp	151	Property Depth1.ParamCoeff was changed to 4.
 5268521	[INFO]	XnProperty.cpp	151	Property Depth1.ShiftScale was changed to 10.
 5280870	[INFO]	XnProperty.cpp	151	Property Depth1.ConstShift was changed to 200.
 5280974	[INFO]	XnProperty.cpp	151	Property Depth1.ZPD was changed to 120.
 5281095	[INFO]	XnProperty.cpp	151	Property Depth1.ZPPS was changed to 0.104200.
 5281123	[INFO]	XnProperty.cpp	151	Property Depth1.LDDIS was changed to 7.500000.
 5281244	[INFO]	XnProperty.cpp	151	Property Depth1.Gain was changed to 30.
 5281290	[INFO]	XnDeviceBase.cpp	1458	Stream 'Depth1' was initialized.
 5281313	[INFO]	XnDeviceBase.cpp	1463	'Depth1' stream was created.
 5281536	[INFO]	XnProperty.cpp	74	Setting Depth1.InputFormat to 3...
 5281567	[INFO]	XnProperty.cpp	151	Property Depth1.InputFormat was changed to 3.
 5281586	[INFO]	XnProperty.cpp	101	Depth1.InputFormat was successfully set.
 5282275	[INFO]	XnProperty.cpp	74	Setting Depth1.RegistrationType to 2...
 5282297	[INFO]	XnProperty.cpp	151	Property Depth1.RegistrationType was changed to 2.
 5282312	[INFO]	XnProperty.cpp	101	Depth1.RegistrationType was successfully set.
 5282944	[INFO]	XnDeviceModule.cpp	431	Module 'Depth1' configuration was loaded from file.
 5283179	[INFO]	XnProperty.cpp	74	Setting Depth1.FPS to 30...
 5283201	[INFO]	XnProperty.cpp	86	Depth1.FPS value did not change.
 5283216	[INFO]	XnProperty.cpp	74	Setting Depth1.YRes to 480...
 5283236	[INFO]	XnProperty.cpp	151	Property Depth1.Resolution was changed to 1.
 5283254	[INFO]	XnProperty.cpp	151	Property Depth1.XRes was changed to 640.
 5283270	[INFO]	XnProperty.cpp	151	Property Depth1.RequiredDataSize was changed to 307200.
 5283289	[INFO]	XnProperty.cpp	151	Property Depth1.YRes was changed to 480.
 5283305	[INFO]	XnProperty.cpp	151	Property Depth1.RequiredDataSize was changed to 614400.
 5283321	[INFO]	XnProperty.cpp	101	Depth1.YRes was successfully set.
 5283337	[INFO]	XnProperty.cpp	74	Setting Depth1.XRes to 640...
 5283351	[INFO]	XnProperty.cpp	86	Depth1.XRes value did not change.
 5283408	[INFO]	XnProperty.cpp	74	Setting Depth1.Mirror to 1...
 5283427	[INFO]	XnProperty.cpp	151	Property Depth1.FirmwareMirror was changed to 1.
 5283483	[INFO]	XnProperty.cpp	151	Property Depth1.Mirror was changed to 1.
 5283498	[INFO]	XnProperty.cpp	101	Depth1.Mirror was successfully set.
 8609310	[INFO]	XnOpenNI.cpp	1261	Creating node 'User1' of type User...
 8683325	[WARNING]	Linux-x86Threads.cpp	173	Failed to set thread priority: Invalid argument
 8683374	[WARNING]	XnUSBLinux-x86.cpp	126	USB events thread: Failed to set thread priority to critical. This might cause loss of data...
 8684535	[INFO]	XnUSBLinux-x86.cpp	1222	USB read thread was started.
 8684597	[INFO]	XnProperty.cpp	151	Property Depth1.ActualReadData was changed to 1.
 9154850	[INFO]	XnProperty.cpp	151	Property Depth1.State was changed to 1.
 9154894	[INFO]	XnDeviceBase.cpp	370	Stream Depth1 is open.
12464060	[INFO]	XnOpenNI.cpp	1261	Creating node 'Image1' of type Image...
12464120	[INFO]	XnDeviceBase.cpp	1383	Creating stream 'Image1' of type 'Image'...
12464321	[INFO]	XnProperty.cpp	151	Property Image1.Resolution was changed to 0.
12464344	[INFO]	XnProperty.cpp	151	Property Image1.XRes was changed to 320.
12464365	[INFO]	XnProperty.cpp	151	Property Image1.YRes was changed to 240.
12464386	[INFO]	XnProperty.cpp	151	Property Image1.FPS was changed to 30.
12464404	[INFO]	XnProperty.cpp	151	Property Image1.OutputFormat was changed to 5.
12464422	[INFO]	XnProperty.cpp	151	Property Image1.BytesPerPixel was changed to 3.
12464440	[INFO]	XnProperty.cpp	151	Property Image1.RequiredDataSize was changed to 230400.
12464480	[INFO]	XnDeviceBase.cpp	1458	Stream 'Image1' was initialized.
12464499	[INFO]	XnDeviceBase.cpp	1463	'Image1' stream was created.
12464610	[INFO]	XnProperty.cpp	74	Setting Image1.InputFormat to 6...
12464633	[INFO]	XnProperty.cpp	151	Property Image1.InputFormat was changed to 6.
12464651	[INFO]	XnProperty.cpp	101	Image1.InputFormat was successfully set.
12465120	[INFO]	XnDeviceModule.cpp	431	Module 'Image1' configuration was loaded from file.
12465205	[INFO]	XnProperty.cpp	74	Setting Image1.FPS to 30...
12465224	[INFO]	XnProperty.cpp	86	Image1.FPS value did not change.
12465242	[INFO]	XnProperty.cpp	74	Setting Image1.YRes to 480...
12465261	[INFO]	XnProperty.cpp	151	Property Image1.Resolution was changed to 1.
12465279	[INFO]	XnProperty.cpp	151	Property Image1.XRes was changed to 640.
12465296	[INFO]	XnProperty.cpp	151	Property Image1.RequiredDataSize was changed to 460800.
12465316	[INFO]	XnProperty.cpp	151	Property Image1.YRes was changed to 480.
12465333	[INFO]	XnProperty.cpp	151	Property Image1.RequiredDataSize was changed to 921600.
12465352	[INFO]	XnProperty.cpp	101	Image1.YRes was successfully set.
12465370	[INFO]	XnProperty.cpp	74	Setting Image1.XRes to 640...
12465386	[INFO]	XnProperty.cpp	86	Image1.XRes value did not change.
12466325	[INFO]	XnUSBLinux-x86.cpp	1222	USB read thread was started.
12466371	[INFO]	XnProperty.cpp	151	Property Image1.ActualReadData was changed to 1.
12655934	[WARNING]	XnDepthProcessor.cpp	133	Read: Depth buffer is corrupt. Size is 528976 (!= 614400)
12655981	[WARNING]	XnFrameStreamProcessor.cpp	132	Depth frame is corrupt!
15559963	[WARNING]	XnDepthProcessor.cpp	133	Read: Depth buffer is corrupt. Size is 594304 (!= 614400)
15560011	[WARNING]	XnFrameStreamProcessor.cpp	132	Depth frame is corrupt!
15667136	[INFO]	XnProperty.cpp	151	Property Image1.State was changed to 1.
15667179	[INFO]	XnDeviceBase.cpp	370	Stream Image1 is open.
15667366	[INFO]	XnProperty.cpp	74	Setting Depth1.Registration to 1...
15723993	[WARNING]	XnDepthProcessor.cpp	133	Read: Depth buffer is corrupt. Size is 595072 (!= 614400)
15724047	[WARNING]	XnFrameStreamProcessor.cpp	132	Depth frame is corrupt!
15823523	[INFO]	XnProperty.cpp	151	Property Depth1.Registration was changed to 1.
15823572	[INFO]	XnProperty.cpp	101	Depth1.Registration was successfully set.
15823631	[INFO]	XnProperty.cpp	74	Setting Image1.Mirror to 1...
15835775	[INFO]	XnProperty.cpp	151	Property Image1.FirmwareMirror was changed to 1.
15835824	[INFO]	XnProperty.cpp	151	Property Image1.Mirror was changed to 1.
15835842	[INFO]	XnProperty.cpp	101	Image1.Mirror was successfully set.
