    1594	[INFO]	XnLog.cpp	165	OpenNI version is 1.0.0 (Build 25)-MacOSX (Jan  7 2011 14:20:18)
    1638	[INFO]	XnLog.cpp	173	Log system initialized. Console: 1, File: 1, Severity: INFO, Masks: ALL
    1669	[INFO]	XnLog.cpp	173	Log system initialized. Console: 1, File: 1, Severity: INFO, Masks: ALL
    2791	[INFO]	XnUSBLinux-x86.cpp	98	USB is initialized.
 4487824	[INFO]	XnOpenNI.cpp	1261	Creating node 'Device1' of type Device...
 4488839	[INFO]	XnDeviceModule.cpp	431	Module 'Device' configuration was loaded from file.
 5155434	[INFO]	XnDeviceSensorIO.cpp	135	Connected to USB device
 5155489	[INFO]	XnProperty.cpp	151	Property Device.USBPath was changed to 045e/02ae@250/10.
 5162606	[INFO]	XnHostProtocol.cpp	825	Hardware versions: FW=5.1.4 (7) HW=4 Chip=2 Sensor=4 SYS=7
 6573276	[INFO]	XnProperty.cpp	151	Property Device.ID was changed to 0.
 6573350	[INFO]	XnSensor.cpp	182	Device sensor initialized
 6573431	[INFO]	XnOpenNI.cpp	1261	Creating node 'Depth1' of type Depth...
 6573467	[INFO]	XnDeviceBase.cpp	1383	Creating stream 'Depth1' of type 'Depth'...
 6573488	[INFO]	XnProperty.cpp	74	Setting Device.ReadData to 1...
 6573531	[INFO]	XnDeviceSensorIO.cpp	298	Endpoints open
 6586112	[INFO]	XnProperty.cpp	151	Property Device.ReadData was changed to 1.
 6586155	[INFO]	XnProperty.cpp	101	Device.ReadData was successfully set.
 6586507	[INFO]	XnProperty.cpp	151	Property Depth1.Resolution was changed to 0.
 6586526	[INFO]	XnProperty.cpp	151	Property Depth1.XRes was changed to 320.
 6586539	[INFO]	XnProperty.cpp	151	Property Depth1.YRes was changed to 240.
 6586551	[INFO]	XnProperty.cpp	151	Property Depth1.FPS was changed to 30.
 6586562	[INFO]	XnProperty.cpp	151	Property Depth1.OutputFormat was changed to 1.
 6586573	[INFO]	XnProperty.cpp	151	Property Depth1.BytesPerPixel was changed to 2.
 6586585	[INFO]	XnProperty.cpp	151	Property Depth1.RequiredDataSize was changed to 153600.
 6586601	[INFO]	XnProperty.cpp	151	Property Depth1.ParamCoeff was changed to 4.
 6586660	[INFO]	XnProperty.cpp	151	Property Depth1.ShiftScale was changed to 10.
 6599124	[INFO]	XnProperty.cpp	151	Property Depth1.ConstShift was changed to 200.
 6599233	[INFO]	XnProperty.cpp	151	Property Depth1.ZPD was changed to 120.
 6599371	[INFO]	XnProperty.cpp	151	Property Depth1.ZPPS was changed to 0.104200.
 6599396	[INFO]	XnProperty.cpp	151	Property Depth1.LDDIS was changed to 7.500000.
 6599512	[INFO]	XnProperty.cpp	151	Property Depth1.Gain was changed to 30.
 6599553	[INFO]	XnDeviceBase.cpp	1458	Stream 'Depth1' was initialized.
 6599573	[INFO]	XnDeviceBase.cpp	1463	'Depth1' stream was created.
 6599749	[INFO]	XnProperty.cpp	74	Setting Depth1.InputFormat to 3...
 6599775	[INFO]	XnProperty.cpp	151	Property Depth1.InputFormat was changed to 3.
 6599794	[INFO]	XnProperty.cpp	101	Depth1.InputFormat was successfully set.
 6600252	[INFO]	XnProperty.cpp	74	Setting Depth1.RegistrationType to 2...
 6600273	[INFO]	XnProperty.cpp	151	Property Depth1.RegistrationType was changed to 2.
 6600291	[INFO]	XnProperty.cpp	101	Depth1.RegistrationType was successfully set.
 6600785	[INFO]	XnDeviceModule.cpp	431	Module 'Depth1' configuration was loaded from file.
 6600964	[INFO]	XnProperty.cpp	74	Setting Depth1.FPS to 30...
 6600983	[INFO]	XnProperty.cpp	86	Depth1.FPS value did not change.
 6601001	[INFO]	XnProperty.cpp	74	Setting Depth1.YRes to 480...
 6601024	[INFO]	XnProperty.cpp	151	Property Depth1.Resolution was changed to 1.
 6601046	[INFO]	XnProperty.cpp	151	Property Depth1.XRes was changed to 640.
 6601064	[INFO]	XnProperty.cpp	151	Property Depth1.RequiredDataSize was changed to 307200.
 6601086	[INFO]	XnProperty.cpp	151	Property Depth1.YRes was changed to 480.
 6601102	[INFO]	XnProperty.cpp	151	Property Depth1.RequiredDataSize was changed to 614400.
 6601121	[INFO]	XnProperty.cpp	101	Depth1.YRes was successfully set.
 6601139	[INFO]	XnProperty.cpp	74	Setting Depth1.XRes to 640...
 6601155	[INFO]	XnProperty.cpp	86	Depth1.XRes value did not change.
 6601209	[INFO]	XnProperty.cpp	74	Setting Depth1.Mirror to 1...
 6601228	[INFO]	XnProperty.cpp	151	Property Depth1.FirmwareMirror was changed to 1.
 6601287	[INFO]	XnProperty.cpp	151	Property Depth1.Mirror was changed to 1.
 6601305	[INFO]	XnProperty.cpp	101	Depth1.Mirror was successfully set.
11992535	[INFO]	XnOpenNI.cpp	1261	Creating node 'User1' of type User...
12015265	[WARNING]	Linux-x86Threads.cpp	173	Failed to set thread priority: Invalid argument
12015311	[WARNING]	XnUSBLinux-x86.cpp	126	USB events thread: Failed to set thread priority to critical. This might cause loss of data...
12016238	[INFO]	XnUSBLinux-x86.cpp	1222	USB read thread was started.
12016275	[INFO]	XnProperty.cpp	151	Property Depth1.ActualReadData was changed to 1.
12487375	[INFO]	XnProperty.cpp	151	Property Depth1.State was changed to 1.
12487421	[INFO]	XnDeviceBase.cpp	370	Stream Depth1 is open.
18486907	[INFO]	XnOpenNI.cpp	1261	Creating node 'Image1' of type Image...
18486957	[INFO]	XnDeviceBase.cpp	1383	Creating stream 'Image1' of type 'Image'...
18487134	[INFO]	XnProperty.cpp	151	Property Image1.Resolution was changed to 0.
18487153	[INFO]	XnProperty.cpp	151	Property Image1.XRes was changed to 320.
18487166	[INFO]	XnProperty.cpp	151	Property Image1.YRes was changed to 240.
18487177	[INFO]	XnProperty.cpp	151	Property Image1.FPS was changed to 30.
18487188	[INFO]	XnProperty.cpp	151	Property Image1.OutputFormat was changed to 5.
18487201	[INFO]	XnProperty.cpp	151	Property Image1.BytesPerPixel was changed to 3.
18487213	[INFO]	XnProperty.cpp	151	Property Image1.RequiredDataSize was changed to 230400.
18487241	[INFO]	XnDeviceBase.cpp	1458	Stream 'Image1' was initialized.
18487255	[INFO]	XnDeviceBase.cpp	1463	'Image1' stream was created.
18487367	[INFO]	XnProperty.cpp	74	Setting Image1.InputFormat to 6...
18487392	[INFO]	XnProperty.cpp	151	Property Image1.InputFormat was changed to 6.
18487412	[INFO]	XnProperty.cpp	101	Image1.InputFormat was successfully set.
18487854	[INFO]	XnDeviceModule.cpp	431	Module 'Image1' configuration was loaded from file.
18487959	[INFO]	XnProperty.cpp	74	Setting Image1.FPS to 30...
18487981	[INFO]	XnProperty.cpp	86	Image1.FPS value did not change.
18488000	[INFO]	XnProperty.cpp	74	Setting Image1.YRes to 480...
18488019	[INFO]	XnProperty.cpp	151	Property Image1.Resolution was changed to 1.
18488036	[INFO]	XnProperty.cpp	151	Property Image1.XRes was changed to 640.
18488053	[INFO]	XnProperty.cpp	151	Property Image1.RequiredDataSize was changed to 460800.
18488072	[INFO]	XnProperty.cpp	151	Property Image1.YRes was changed to 480.
18488089	[INFO]	XnProperty.cpp	151	Property Image1.RequiredDataSize was changed to 921600.
18488109	[INFO]	XnProperty.cpp	101	Image1.YRes was successfully set.
18488128	[INFO]	XnProperty.cpp	74	Setting Image1.XRes to 640...
18488145	[INFO]	XnProperty.cpp	86	Image1.XRes value did not change.
18489005	[INFO]	XnUSBLinux-x86.cpp	1222	USB read thread was started.
18489047	[INFO]	XnProperty.cpp	151	Property Image1.ActualReadData was changed to 1.
18656078	[WARNING]	XnDepthProcessor.cpp	133	Read: Depth buffer is corrupt. Size is 571280 (!= 614400)
18656124	[WARNING]	XnFrameStreamProcessor.cpp	132	Depth frame is corrupt!
18692032	[WARNING]	XnDepthProcessor.cpp	133	Read: Depth buffer is corrupt. Size is 577376 (!= 614400)
18692078	[WARNING]	XnFrameStreamProcessor.cpp	132	Depth frame is corrupt!
21560101	[WARNING]	XnDepthProcessor.cpp	133	Read: Depth buffer is corrupt. Size is 594144 (!= 614400)
21560144	[WARNING]	XnFrameStreamProcessor.cpp	132	Depth frame is corrupt!
21592128	[WARNING]	XnDepthProcessor.cpp	133	Read: Depth buffer is corrupt. Size is 592064 (!= 614400)
21592173	[WARNING]	XnFrameStreamProcessor.cpp	132	Depth frame is corrupt!
21690276	[INFO]	XnProperty.cpp	151	Property Image1.State was changed to 1.
21690319	[INFO]	XnDeviceBase.cpp	370	Stream Image1 is open.
21690496	[INFO]	XnProperty.cpp	74	Setting Depth1.Registration to 1...
21728090	[WARNING]	XnDepthProcessor.cpp	133	Read: Depth buffer is corrupt. Size is 587744 (!= 614400)
21728139	[WARNING]	XnFrameStreamProcessor.cpp	132	Depth frame is corrupt!
21842055	[INFO]	XnProperty.cpp	151	Property Depth1.Registration was changed to 1.
21842103	[INFO]	XnProperty.cpp	101	Depth1.Registration was successfully set.
21842192	[INFO]	XnProperty.cpp	74	Setting Image1.Mirror to 1...
21854663	[INFO]	XnProperty.cpp	151	Property Image1.FirmwareMirror was changed to 1.
21854706	[INFO]	XnProperty.cpp	151	Property Image1.Mirror was changed to 1.
21854718	[INFO]	XnProperty.cpp	101	Image1.Mirror was successfully set.
138194119	[INFO]	XnOpenNI.cpp	1459	Destroying node 'User1'
138203496	[INFO]	XnOpenNI.cpp	1459	Destroying node 'Depth1'
138203595	[INFO]	XnDeviceBase.cpp	1507	Destroying stream 'Depth1'...
138204681	[INFO]	XnOpenNI.cpp	1459	Destroying node 'Image1'
138204721	[INFO]	XnDeviceBase.cpp	1507	Destroying stream 'Image1'...
138205498	[INFO]	XnOpenNI.cpp	1459	Destroying node 'Device1'
