    6828	[INFO]	XnLog.cpp	165	OpenNI version is 1.0.0 (Build 25)-MacOSX (Jan  7 2011 14:20:18)
    6879	[INFO]	XnLog.cpp	173	Log system initialized. Console: 1, File: 1, Severity: INFO, Masks: ALL
    6913	[INFO]	XnLog.cpp	173	Log system initialized. Console: 1, File: 1, Severity: INFO, Masks: ALL
    8438	[INFO]	XnUSBLinux-x86.cpp	98	USB is initialized.
 3129263	[INFO]	XnOpenNI.cpp	1261	Creating node 'Device1' of type Device...
 3130069	[INFO]	XnDeviceModule.cpp	431	Module 'Device' configuration was loaded from file.
 3559851	[INFO]	XnDeviceSensorIO.cpp	135	Connected to USB device
 3559906	[INFO]	XnProperty.cpp	151	Property Device.USBPath was changed to 045e/02ae@253/8.
 3567932	[INFO]	XnHostProtocol.cpp	825	Hardware versions: FW=5.1.4 (7) HW=4 Chip=2 Sensor=4 SYS=7
 4978099	[INFO]	XnProperty.cpp	151	Property Device.ID was changed to 0.
 4978167	[INFO]	XnSensor.cpp	182	Device sensor initialized
 4978296	[INFO]	XnOpenNI.cpp	1261	Creating node 'Depth1' of type Depth...
 4978349	[INFO]	XnDeviceBase.cpp	1383	Creating stream 'Depth1' of type 'Depth'...
 4978372	[INFO]	XnProperty.cpp	74	Setting Device.ReadData to 1...
 4978413	[INFO]	XnDeviceSensorIO.cpp	298	Endpoints open
 4990879	[INFO]	XnProperty.cpp	151	Property Device.ReadData was changed to 1.
 4990923	[INFO]	XnProperty.cpp	101	Device.ReadData was successfully set.
 4991304	[INFO]	XnProperty.cpp	151	Property Depth1.Resolution was changed to 0.
 4991324	[INFO]	XnProperty.cpp	151	Property Depth1.XRes was changed to 320.
 4991337	[INFO]	XnProperty.cpp	151	Property Depth1.YRes was changed to 240.
 4991349	[INFO]	XnProperty.cpp	151	Property Depth1.FPS was changed to 30.
 4991360	[INFO]	XnProperty.cpp	151	Property Depth1.OutputFormat was changed to 1.
 4991372	[INFO]	XnProperty.cpp	151	Property Depth1.BytesPerPixel was changed to 2.
 4991384	[INFO]	XnProperty.cpp	151	Property Depth1.RequiredDataSize was changed to 153600.
 4991400	[INFO]	XnProperty.cpp	151	Property Depth1.ParamCoeff was changed to 4.
 4991460	[INFO]	XnProperty.cpp	151	Property Depth1.ShiftScale was changed to 10.
 5003919	[INFO]	XnProperty.cpp	151	Property Depth1.ConstShift was changed to 200.
 5004010	[INFO]	XnProperty.cpp	151	Property Depth1.ZPD was changed to 120.
 5004106	[INFO]	XnProperty.cpp	151	Property Depth1.ZPPS was changed to 0.104200.
 5004121	[INFO]	XnProperty.cpp	151	Property Depth1.LDDIS was changed to 7.500000.
 5004224	[INFO]	XnProperty.cpp	151	Property Depth1.Gain was changed to 30.
 5004271	[INFO]	XnDeviceBase.cpp	1458	Stream 'Depth1' was initialized.
 5004302	[INFO]	XnDeviceBase.cpp	1463	'Depth1' stream was created.
 5004528	[INFO]	XnProperty.cpp	74	Setting Depth1.InputFormat to 3...
 5004561	[INFO]	XnProperty.cpp	151	Property Depth1.InputFormat was changed to 3.
 5004581	[INFO]	XnProperty.cpp	101	Depth1.InputFormat was successfully set.
 5005301	[INFO]	XnProperty.cpp	74	Setting Depth1.RegistrationType to 2...
 5005334	[INFO]	XnProperty.cpp	151	Property Depth1.RegistrationType was changed to 2.
 5005355	[INFO]	XnProperty.cpp	101	Depth1.RegistrationType was successfully set.
 5006121	[INFO]	XnDeviceModule.cpp	431	Module 'Depth1' configuration was loaded from file.
 5006359	[INFO]	XnProperty.cpp	74	Setting Depth1.FPS to 30...
 5006384	[INFO]	XnProperty.cpp	86	Depth1.FPS value did not change.
 5006404	[INFO]	XnProperty.cpp	74	Setting Depth1.YRes to 480...
 5006429	[INFO]	XnProperty.cpp	151	Property Depth1.Resolution was changed to 1.
 5006453	[INFO]	XnProperty.cpp	151	Property Depth1.XRes was changed to 640.
 5006473	[INFO]	XnProperty.cpp	151	Property Depth1.RequiredDataSize was changed to 307200.
 5006496	[INFO]	XnProperty.cpp	151	Property Depth1.YRes was changed to 480.
 5006519	[INFO]	XnProperty.cpp	151	Property Depth1.RequiredDataSize was changed to 614400.
 5006539	[INFO]	XnProperty.cpp	101	Depth1.YRes was successfully set.
 5006559	[INFO]	XnProperty.cpp	74	Setting Depth1.XRes to 640...
 5006576	[INFO]	XnProperty.cpp	86	Depth1.XRes value did not change.
 5006639	[INFO]	XnProperty.cpp	74	Setting Depth1.Mirror to 1...
 5006663	[INFO]	XnProperty.cpp	151	Property Depth1.FirmwareMirror was changed to 1.
 5006724	[INFO]	XnProperty.cpp	151	Property Depth1.Mirror was changed to 1.
 5006742	[INFO]	XnProperty.cpp	101	Depth1.Mirror was successfully set.
 8329150	[INFO]	XnOpenNI.cpp	1261	Creating node 'User1' of type User...
 8353887	[WARNING]	Linux-x86Threads.cpp	173	Failed to set thread priority: Invalid argument
 8353935	[WARNING]	XnUSBLinux-x86.cpp	126	USB events thread: Failed to set thread priority to critical. This might cause loss of data...
 8354751	[INFO]	XnUSBLinux-x86.cpp	1222	USB read thread was started.
 8354775	[INFO]	XnProperty.cpp	151	Property Depth1.ActualReadData was changed to 1.
 8825210	[INFO]	XnProperty.cpp	151	Property Depth1.State was changed to 1.
 8825253	[INFO]	XnDeviceBase.cpp	370	Stream Depth1 is open.
12132030	[INFO]	XnOpenNI.cpp	1261	Creating node 'Image1' of type Image...
12132086	[INFO]	XnDeviceBase.cpp	1383	Creating stream 'Image1' of type 'Image'...
12132288	[INFO]	XnProperty.cpp	151	Property Image1.Resolution was changed to 0.
12132310	[INFO]	XnProperty.cpp	151	Property Image1.XRes was changed to 320.
12132331	[INFO]	XnProperty.cpp	151	Property Image1.YRes was changed to 240.
12132351	[INFO]	XnProperty.cpp	151	Property Image1.FPS was changed to 30.
12132370	[INFO]	XnProperty.cpp	151	Property Image1.OutputFormat was changed to 5.
12132388	[INFO]	XnProperty.cpp	151	Property Image1.BytesPerPixel was changed to 3.
12132406	[INFO]	XnProperty.cpp	151	Property Image1.RequiredDataSize was changed to 230400.
12132444	[INFO]	XnDeviceBase.cpp	1458	Stream 'Image1' was initialized.
12132464	[INFO]	XnDeviceBase.cpp	1463	'Image1' stream was created.
12132575	[INFO]	XnProperty.cpp	74	Setting Image1.InputFormat to 6...
12132599	[INFO]	XnProperty.cpp	151	Property Image1.InputFormat was changed to 6.
12132618	[INFO]	XnProperty.cpp	101	Image1.InputFormat was successfully set.
12133075	[INFO]	XnDeviceModule.cpp	431	Module 'Image1' configuration was loaded from file.
12133173	[INFO]	XnProperty.cpp	74	Setting Image1.FPS to 30...
12133195	[INFO]	XnProperty.cpp	86	Image1.FPS value did not change.
12133213	[INFO]	XnProperty.cpp	74	Setting Image1.YRes to 480...
12133232	[INFO]	XnProperty.cpp	151	Property Image1.Resolution was changed to 1.
12133250	[INFO]	XnProperty.cpp	151	Property Image1.XRes was changed to 640.
12133268	[INFO]	XnProperty.cpp	151	Property Image1.RequiredDataSize was changed to 460800.
12133288	[INFO]	XnProperty.cpp	151	Property Image1.YRes was changed to 480.
12133305	[INFO]	XnProperty.cpp	151	Property Image1.RequiredDataSize was changed to 921600.
12133324	[INFO]	XnProperty.cpp	101	Image1.YRes was successfully set.
12133342	[INFO]	XnProperty.cpp	74	Setting Image1.XRes to 640...
12133359	[INFO]	XnProperty.cpp	86	Image1.XRes value did not change.
12134344	[INFO]	XnUSBLinux-x86.cpp	1222	USB read thread was started.
12134388	[INFO]	XnProperty.cpp	151	Property Image1.ActualReadData was changed to 1.
12190367	[WARNING]	XnDepthProcessor.cpp	133	Read: Depth buffer is corrupt. Size is 594192 (!= 614400)
12190413	[WARNING]	XnFrameStreamProcessor.cpp	132	Depth frame is corrupt!
12326320	[WARNING]	XnDepthProcessor.cpp	133	Read: Depth buffer is corrupt. Size is 575600 (!= 614400)
12326368	[WARNING]	XnFrameStreamProcessor.cpp	132	Depth frame is corrupt!
15335041	[INFO]	XnProperty.cpp	151	Property Image1.State was changed to 1.
15335109	[INFO]	XnDeviceBase.cpp	370	Stream Image1 is open.
15335334	[INFO]	XnProperty.cpp	74	Setting Depth1.Registration to 1...
15488058	[INFO]	XnProperty.cpp	151	Property Depth1.Registration was changed to 1.
15488102	[INFO]	XnProperty.cpp	101	Depth1.Registration was successfully set.
15488150	[INFO]	XnProperty.cpp	74	Setting Image1.Mirror to 1...
15500704	[INFO]	XnProperty.cpp	151	Property Image1.FirmwareMirror was changed to 1.
15500751	[INFO]	XnProperty.cpp	151	Property Image1.Mirror was changed to 1.
15500764	[INFO]	XnProperty.cpp	101	Image1.Mirror was successfully set.
28210072	[INFO]	XnOpenNI.cpp	1459	Destroying node 'User1'
28218178	[INFO]	XnOpenNI.cpp	1459	Destroying node 'Depth1'
28218281	[INFO]	XnDeviceBase.cpp	1507	Destroying stream 'Depth1'...
28220180	[INFO]	XnOpenNI.cpp	1459	Destroying node 'Image1'
28220513	[INFO]	XnDeviceBase.cpp	1507	Destroying stream 'Image1'...
28221708	[INFO]	XnOpenNI.cpp	1459	Destroying node 'Device1'
