    1412	[INFO]	XnLog.cpp	165	OpenNI version is 1.0.0 (Build 25)-MacOSX (Jan  7 2011 14:20:18)
    1456	[INFO]	XnLog.cpp	173	Log system initialized. Console: 1, File: 1, Severity: INFO, Masks: ALL
    1479	[INFO]	XnLog.cpp	173	Log system initialized. Console: 1, File: 1, Severity: INFO, Masks: ALL
    2611	[INFO]	XnUSBLinux-x86.cpp	98	USB is initialized.
 1965111	[INFO]	XnOpenNI.cpp	1261	Creating node 'Device1' of type Device...
 1965807	[INFO]	XnDeviceModule.cpp	431	Module 'Device' configuration was loaded from file.
 2223195	[INFO]	XnDeviceSensorIO.cpp	135	Connected to USB device
 2223248	[INFO]	XnProperty.cpp	151	Property Device.USBPath was changed to 045e/02ae@253/8.
 2231494	[INFO]	XnHostProtocol.cpp	825	Hardware versions: FW=5.1.4 (7) HW=4 Chip=2 Sensor=4 SYS=7
 3643045	[INFO]	XnProperty.cpp	151	Property Device.ID was changed to 0.
 3643105	[INFO]	XnSensor.cpp	182	Device sensor initialized
 3643199	[INFO]	XnOpenNI.cpp	1261	Creating node 'Depth1' of type Depth...
 3643249	[INFO]	XnDeviceBase.cpp	1383	Creating stream 'Depth1' of type 'Depth'...
 3643276	[INFO]	XnProperty.cpp	74	Setting Device.ReadData to 1...
 3643324	[INFO]	XnDeviceSensorIO.cpp	298	Endpoints open
 3655537	[INFO]	XnProperty.cpp	151	Property Device.ReadData was changed to 1.
 3655581	[INFO]	XnProperty.cpp	101	Device.ReadData was successfully set.
 3655922	[INFO]	XnProperty.cpp	151	Property Depth1.Resolution was changed to 0.
 3655943	[INFO]	XnProperty.cpp	151	Property Depth1.XRes was changed to 320.
 3655956	[INFO]	XnProperty.cpp	151	Property Depth1.YRes was changed to 240.
 3655968	[INFO]	XnProperty.cpp	151	Property Depth1.FPS was changed to 30.
 3655979	[INFO]	XnProperty.cpp	151	Property Depth1.OutputFormat was changed to 1.
 3655990	[INFO]	XnProperty.cpp	151	Property Depth1.BytesPerPixel was changed to 2.
 3656002	[INFO]	XnProperty.cpp	151	Property Depth1.RequiredDataSize was changed to 153600.
 3656018	[INFO]	XnProperty.cpp	151	Property Depth1.ParamCoeff was changed to 4.
 3656076	[INFO]	XnProperty.cpp	151	Property Depth1.ShiftScale was changed to 10.
 3668497	[INFO]	XnProperty.cpp	151	Property Depth1.ConstShift was changed to 200.
 3668592	[INFO]	XnProperty.cpp	151	Property Depth1.ZPD was changed to 120.
 3668697	[INFO]	XnProperty.cpp	151	Property Depth1.ZPPS was changed to 0.104200.
 3668710	[INFO]	XnProperty.cpp	151	Property Depth1.LDDIS was changed to 7.500000.
 3668803	[INFO]	XnProperty.cpp	151	Property Depth1.Gain was changed to 30.
 3668834	[INFO]	XnDeviceBase.cpp	1458	Stream 'Depth1' was initialized.
 3668848	[INFO]	XnDeviceBase.cpp	1463	'Depth1' stream was created.
 3668997	[INFO]	XnProperty.cpp	74	Setting Depth1.InputFormat to 3...
 3669017	[INFO]	XnProperty.cpp	151	Property Depth1.InputFormat was changed to 3.
 3669029	[INFO]	XnProperty.cpp	101	Depth1.InputFormat was successfully set.
 3669667	[INFO]	XnProperty.cpp	74	Setting Depth1.RegistrationType to 2...
 3669714	[INFO]	XnProperty.cpp	151	Property Depth1.RegistrationType was changed to 2.
 3669745	[INFO]	XnProperty.cpp	101	Depth1.RegistrationType was successfully set.
 3670489	[INFO]	XnDeviceModule.cpp	431	Module 'Depth1' configuration was loaded from file.
 3670784	[INFO]	XnProperty.cpp	74	Setting Depth1.FPS to 30...
 3670814	[INFO]	XnProperty.cpp	86	Depth1.FPS value did not change.
 3670844	[INFO]	XnProperty.cpp	74	Setting Depth1.YRes to 480...
 3670886	[INFO]	XnProperty.cpp	151	Property Depth1.Resolution was changed to 1.
 3670972	[INFO]	XnProperty.cpp	151	Property Depth1.XRes was changed to 640.
 3670994	[INFO]	XnProperty.cpp	151	Property Depth1.RequiredDataSize was changed to 307200.
 3671018	[INFO]	XnProperty.cpp	151	Property Depth1.YRes was changed to 480.
 3671040	[INFO]	XnProperty.cpp	151	Property Depth1.RequiredDataSize was changed to 614400.
 3671063	[INFO]	XnProperty.cpp	101	Depth1.YRes was successfully set.
 3671085	[INFO]	XnProperty.cpp	74	Setting Depth1.XRes to 640...
 3671103	[INFO]	XnProperty.cpp	86	Depth1.XRes value did not change.
 3671172	[INFO]	XnProperty.cpp	74	Setting Depth1.Mirror to 1...
 3671198	[INFO]	XnProperty.cpp	151	Property Depth1.FirmwareMirror was changed to 1.
 3671260	[INFO]	XnProperty.cpp	151	Property Depth1.Mirror was changed to 1.
 3671280	[INFO]	XnProperty.cpp	101	Depth1.Mirror was successfully set.
 4777225	[INFO]	XnOpenNI.cpp	1261	Creating node 'User1' of type User...
 4803195	[WARNING]	Linux-x86Threads.cpp	173	Failed to set thread priority: Invalid argument
 4803246	[WARNING]	XnUSBLinux-x86.cpp	126	USB events thread: Failed to set thread priority to critical. This might cause loss of data...
 4804207	[INFO]	XnUSBLinux-x86.cpp	1222	USB read thread was started.
 4804313	[INFO]	XnProperty.cpp	151	Property Depth1.ActualReadData was changed to 1.
 5274690	[INFO]	XnProperty.cpp	151	Property Depth1.State was changed to 1.
 5274736	[INFO]	XnDeviceBase.cpp	370	Stream Depth1 is open.
 7228166	[INFO]	XnOpenNI.cpp	1261	Creating node 'Image1' of type Image...
 7228215	[INFO]	XnDeviceBase.cpp	1383	Creating stream 'Image1' of type 'Image'...
 7228411	[INFO]	XnProperty.cpp	151	Property Image1.Resolution was changed to 0.
 7228437	[INFO]	XnProperty.cpp	151	Property Image1.XRes was changed to 320.
 7228456	[INFO]	XnProperty.cpp	151	Property Image1.YRes was changed to 240.
 7228475	[INFO]	XnProperty.cpp	151	Property Image1.FPS was changed to 30.
 7228491	[INFO]	XnProperty.cpp	151	Property Image1.OutputFormat was changed to 5.
 7228509	[INFO]	XnProperty.cpp	151	Property Image1.BytesPerPixel was changed to 3.
 7228526	[INFO]	XnProperty.cpp	151	Property Image1.RequiredDataSize was changed to 230400.
 7228568	[INFO]	XnDeviceBase.cpp	1458	Stream 'Image1' was initialized.
 7228625	[INFO]	XnDeviceBase.cpp	1463	'Image1' stream was created.
 7228750	[INFO]	XnProperty.cpp	74	Setting Image1.InputFormat to 6...
 7228776	[INFO]	XnProperty.cpp	151	Property Image1.InputFormat was changed to 6.
 7228795	[INFO]	XnProperty.cpp	101	Image1.InputFormat was successfully set.
 7229207	[INFO]	XnDeviceModule.cpp	431	Module 'Image1' configuration was loaded from file.
 7229299	[INFO]	XnProperty.cpp	74	Setting Image1.FPS to 30...
 7229314	[INFO]	XnProperty.cpp	86	Image1.FPS value did not change.
 7229326	[INFO]	XnProperty.cpp	74	Setting Image1.YRes to 480...
 7229338	[INFO]	XnProperty.cpp	151	Property Image1.Resolution was changed to 1.
 7229349	[INFO]	XnProperty.cpp	151	Property Image1.XRes was changed to 640.
 7229362	[INFO]	XnProperty.cpp	151	Property Image1.RequiredDataSize was changed to 460800.
 7229387	[INFO]	XnProperty.cpp	151	Property Image1.YRes was changed to 480.
 7229404	[INFO]	XnProperty.cpp	151	Property Image1.RequiredDataSize was changed to 921600.
 7229423	[INFO]	XnProperty.cpp	101	Image1.YRes was successfully set.
 7229438	[INFO]	XnProperty.cpp	74	Setting Image1.XRes to 640...
 7229449	[INFO]	XnProperty.cpp	86	Image1.XRes value did not change.
 7230691	[INFO]	XnUSBLinux-x86.cpp	1222	USB read thread was started.
 7230741	[INFO]	XnProperty.cpp	151	Property Image1.ActualReadData was changed to 1.
 7308520	[WARNING]	XnDepthProcessor.cpp	133	Read: Depth buffer is corrupt. Size is 594592 (!= 614400)
 7308564	[WARNING]	XnFrameStreamProcessor.cpp	132	Depth frame is corrupt!
 7408524	[WARNING]	XnDepthProcessor.cpp	133	Read: Depth buffer is corrupt. Size is 543952 (!= 614400)
 7408569	[WARNING]	XnFrameStreamProcessor.cpp	132	Depth frame is corrupt!
 7440549	[WARNING]	XnDepthProcessor.cpp	133	Read: Depth buffer is corrupt. Size is 591920 (!= 614400)
 7440596	[WARNING]	XnFrameStreamProcessor.cpp	132	Depth frame is corrupt!
10312503	[WARNING]	XnDepthProcessor.cpp	133	Read: Depth buffer is corrupt. Size is 589072 (!= 614400)
10312550	[WARNING]	XnFrameStreamProcessor.cpp	132	Depth frame is corrupt!
10430987	[INFO]	XnProperty.cpp	151	Property Image1.State was changed to 1.
10431036	[INFO]	XnDeviceBase.cpp	370	Stream Image1 is open.
10431239	[INFO]	XnProperty.cpp	74	Setting Depth1.Registration to 1...
10444587	[WARNING]	XnDepthProcessor.cpp	133	Read: Depth buffer is corrupt. Size is 582976 (!= 614400)
10444633	[WARNING]	XnFrameStreamProcessor.cpp	132	Depth frame is corrupt!
10584027	[INFO]	XnProperty.cpp	151	Property Depth1.Registration was changed to 1.
10584077	[INFO]	XnProperty.cpp	101	Depth1.Registration was successfully set.
10584168	[INFO]	XnProperty.cpp	74	Setting Image1.Mirror to 1...
10596413	[INFO]	XnProperty.cpp	151	Property Image1.FirmwareMirror was changed to 1.
10596466	[INFO]	XnProperty.cpp	151	Property Image1.Mirror was changed to 1.
10596484	[INFO]	XnProperty.cpp	101	Image1.Mirror was successfully set.
39042228	[INFO]	XnOpenNI.cpp	1459	Destroying node 'User1'
39053161	[INFO]	XnOpenNI.cpp	1459	Destroying node 'Depth1'
39053271	[INFO]	XnDeviceBase.cpp	1507	Destroying stream 'Depth1'...
39054667	[INFO]	XnOpenNI.cpp	1459	Destroying node 'Image1'
39054705	[INFO]	XnDeviceBase.cpp	1507	Destroying stream 'Image1'...
39055666	[INFO]	XnOpenNI.cpp	1459	Destroying node 'Device1'
