   43618	[INFO]	XnLog.cpp	165	OpenNI version is 1.0.0 (Build 25)-MacOSX (Jan  7 2011 14:20:18)
   43686	[INFO]	XnLog.cpp	173	Log system initialized. Console: 1, File: 1, Severity: INFO, Masks: ALL
   43723	[INFO]	XnLog.cpp	173	Log system initialized. Console: 1, File: 1, Severity: INFO, Masks: ALL
   45018	[INFO]	XnUSBLinux-x86.cpp	98	USB is initialized.
 4233471	[INFO]	XnOpenNI.cpp	1261	Creating node 'Device1' of type Device...
 4259622	[INFO]	XnDeviceModule.cpp	431	Module 'Device' configuration was loaded from file.
 4919782	[INFO]	XnDeviceSensorIO.cpp	135	Connected to USB device
 4919832	[INFO]	XnProperty.cpp	151	Property Device.USBPath was changed to 045e/02ae@253/8.
 4926843	[INFO]	XnHostProtocol.cpp	825	Hardware versions: FW=5.1.4 (7) HW=4 Chip=2 Sensor=4 SYS=7
 6336459	[INFO]	XnProperty.cpp	151	Property Device.ID was changed to 0.
 6336552	[INFO]	XnSensor.cpp	182	Device sensor initialized
 6336714	[INFO]	XnOpenNI.cpp	1261	Creating node 'Depth1' of type Depth...
 6336809	[INFO]	XnDeviceBase.cpp	1383	Creating stream 'Depth1' of type 'Depth'...
 6336857	[INFO]	XnProperty.cpp	74	Setting Device.ReadData to 1...
 6336936	[INFO]	XnDeviceSensorIO.cpp	298	Endpoints open
 6349318	[INFO]	XnProperty.cpp	151	Property Device.ReadData was changed to 1.
 6349381	[INFO]	XnProperty.cpp	101	Device.ReadData was successfully set.
 6349972	[INFO]	XnProperty.cpp	151	Property Depth1.Resolution was changed to 0.
 6350008	[INFO]	XnProperty.cpp	151	Property Depth1.XRes was changed to 320.
 6350034	[INFO]	XnProperty.cpp	151	Property Depth1.YRes was changed to 240.
 6350058	[INFO]	XnProperty.cpp	151	Property Depth1.FPS was changed to 30.
 6350082	[INFO]	XnProperty.cpp	151	Property Depth1.OutputFormat was changed to 1.
 6350106	[INFO]	XnProperty.cpp	151	Property Depth1.BytesPerPixel was changed to 2.
 6350131	[INFO]	XnProperty.cpp	151	Property Depth1.RequiredDataSize was changed to 153600.
 6350162	[INFO]	XnProperty.cpp	151	Property Depth1.ParamCoeff was changed to 4.
 6350281	[INFO]	XnProperty.cpp	151	Property Depth1.ShiftScale was changed to 10.
 6362815	[INFO]	XnProperty.cpp	151	Property Depth1.ConstShift was changed to 200.
 6362936	[INFO]	XnProperty.cpp	151	Property Depth1.ZPD was changed to 120.
 6363091	[INFO]	XnProperty.cpp	151	Property Depth1.ZPPS was changed to 0.104200.
 6363114	[INFO]	XnProperty.cpp	151	Property Depth1.LDDIS was changed to 7.500000.
 6363250	[INFO]	XnProperty.cpp	151	Property Depth1.Gain was changed to 30.
 6363290	[INFO]	XnDeviceBase.cpp	1458	Stream 'Depth1' was initialized.
 6363311	[INFO]	XnDeviceBase.cpp	1463	'Depth1' stream was created.
 6363534	[INFO]	XnProperty.cpp	74	Setting Depth1.InputFormat to 3...
 6363567	[INFO]	XnProperty.cpp	151	Property Depth1.InputFormat was changed to 3.
 6363586	[INFO]	XnProperty.cpp	101	Depth1.InputFormat was successfully set.
 6364228	[INFO]	XnProperty.cpp	74	Setting Depth1.RegistrationType to 2...
 6364250	[INFO]	XnProperty.cpp	151	Property Depth1.RegistrationType was changed to 2.
 6364266	[INFO]	XnProperty.cpp	101	Depth1.RegistrationType was successfully set.
 6364878	[INFO]	XnDeviceModule.cpp	431	Module 'Depth1' configuration was loaded from file.
 6365093	[INFO]	XnProperty.cpp	74	Setting Depth1.FPS to 30...
 6365115	[INFO]	XnProperty.cpp	86	Depth1.FPS value did not change.
 6365130	[INFO]	XnProperty.cpp	74	Setting Depth1.YRes to 480...
 6365149	[INFO]	XnProperty.cpp	151	Property Depth1.Resolution was changed to 1.
 6365166	[INFO]	XnProperty.cpp	151	Property Depth1.XRes was changed to 640.
 6365183	[INFO]	XnProperty.cpp	151	Property Depth1.RequiredDataSize was changed to 307200.
 6365202	[INFO]	XnProperty.cpp	151	Property Depth1.YRes was changed to 480.
 6365218	[INFO]	XnProperty.cpp	151	Property Depth1.RequiredDataSize was changed to 614400.
 6365235	[INFO]	XnProperty.cpp	101	Depth1.YRes was successfully set.
 6365251	[INFO]	XnProperty.cpp	74	Setting Depth1.XRes to 640...
 6365267	[INFO]	XnProperty.cpp	86	Depth1.XRes value did not change.
 6365319	[INFO]	XnProperty.cpp	74	Setting Depth1.Mirror to 1...
 6365339	[INFO]	XnProperty.cpp	151	Property Depth1.FirmwareMirror was changed to 1.
 6365388	[INFO]	XnProperty.cpp	151	Property Depth1.Mirror was changed to 1.
 6365403	[INFO]	XnProperty.cpp	101	Depth1.Mirror was successfully set.
11550764	[INFO]	XnOpenNI.cpp	1261	Creating node 'User1' of type User...
11726836	[WARNING]	Linux-x86Threads.cpp	173	Failed to set thread priority: Invalid argument
11726877	[WARNING]	XnUSBLinux-x86.cpp	126	USB events thread: Failed to set thread priority to critical. This might cause loss of data...
11727637	[INFO]	XnUSBLinux-x86.cpp	1222	USB read thread was started.
11727661	[INFO]	XnProperty.cpp	151	Property Depth1.ActualReadData was changed to 1.
12198855	[INFO]	XnProperty.cpp	151	Property Depth1.State was changed to 1.
12198898	[INFO]	XnDeviceBase.cpp	370	Stream Depth1 is open.
17335743	[INFO]	XnOpenNI.cpp	1261	Creating node 'Image1' of type Image...
17335792	[INFO]	XnDeviceBase.cpp	1383	Creating stream 'Image1' of type 'Image'...
17335962	[INFO]	XnProperty.cpp	151	Property Image1.Resolution was changed to 0.
17335981	[INFO]	XnProperty.cpp	151	Property Image1.XRes was changed to 320.
17335993	[INFO]	XnProperty.cpp	151	Property Image1.YRes was changed to 240.
17336005	[INFO]	XnProperty.cpp	151	Property Image1.FPS was changed to 30.
17336016	[INFO]	XnProperty.cpp	151	Property Image1.OutputFormat was changed to 5.
17336028	[INFO]	XnProperty.cpp	151	Property Image1.BytesPerPixel was changed to 3.
17336040	[INFO]	XnProperty.cpp	151	Property Image1.RequiredDataSize was changed to 230400.
17336068	[INFO]	XnDeviceBase.cpp	1458	Stream 'Image1' was initialized.
17336082	[INFO]	XnDeviceBase.cpp	1463	'Image1' stream was created.
17336185	[INFO]	XnProperty.cpp	74	Setting Image1.InputFormat to 6...
17336207	[INFO]	XnProperty.cpp	151	Property Image1.InputFormat was changed to 6.
17336219	[INFO]	XnProperty.cpp	101	Image1.InputFormat was successfully set.
17336679	[INFO]	XnDeviceModule.cpp	431	Module 'Image1' configuration was loaded from file.
17336764	[INFO]	XnProperty.cpp	74	Setting Image1.FPS to 30...
17336779	[INFO]	XnProperty.cpp	86	Image1.FPS value did not change.
17336791	[INFO]	XnProperty.cpp	74	Setting Image1.YRes to 480...
17336804	[INFO]	XnProperty.cpp	151	Property Image1.Resolution was changed to 1.
17336816	[INFO]	XnProperty.cpp	151	Property Image1.XRes was changed to 640.
17336828	[INFO]	XnProperty.cpp	151	Property Image1.RequiredDataSize was changed to 460800.
17336841	[INFO]	XnProperty.cpp	151	Property Image1.YRes was changed to 480.
17336853	[INFO]	XnProperty.cpp	151	Property Image1.RequiredDataSize was changed to 921600.
17336865	[INFO]	XnProperty.cpp	101	Image1.YRes was successfully set.
17336878	[INFO]	XnProperty.cpp	74	Setting Image1.XRes to 640...
17336888	[INFO]	XnProperty.cpp	86	Image1.XRes value did not change.
17337780	[INFO]	XnUSBLinux-x86.cpp	1222	USB read thread was started.
17337818	[INFO]	XnProperty.cpp	151	Property Image1.ActualReadData was changed to 1.
17499601	[WARNING]	XnDepthProcessor.cpp	133	Read: Depth buffer is corrupt. Size is 599616 (!= 614400)
17499649	[WARNING]	XnFrameStreamProcessor.cpp	132	Depth frame is corrupt!
17535567	[WARNING]	XnDepthProcessor.cpp	133	Read: Depth buffer is corrupt. Size is 553760 (!= 614400)
17535613	[WARNING]	XnFrameStreamProcessor.cpp	132	Depth frame is corrupt!
20435614	[WARNING]	XnDepthProcessor.cpp	133	Read: Depth buffer is corrupt. Size is 594064 (!= 614400)
20435668	[WARNING]	XnFrameStreamProcessor.cpp	132	Depth frame is corrupt!
20537954	[INFO]	XnProperty.cpp	151	Property Image1.State was changed to 1.
20538010	[INFO]	XnDeviceBase.cpp	370	Stream Image1 is open.
20538247	[INFO]	XnProperty.cpp	74	Setting Depth1.Registration to 1...
20571575	[WARNING]	XnDepthProcessor.cpp	133	Read: Depth buffer is corrupt. Size is 603264 (!= 614400)
20571631	[WARNING]	XnFrameStreamProcessor.cpp	132	Depth frame is corrupt!
20689662	[INFO]	XnProperty.cpp	151	Property Depth1.Registration was changed to 1.
20689707	[INFO]	XnProperty.cpp	101	Depth1.Registration was successfully set.
20689763	[INFO]	XnProperty.cpp	74	Setting Image1.Mirror to 1...
20702217	[INFO]	XnProperty.cpp	151	Property Image1.FirmwareMirror was changed to 1.
20702341	[INFO]	XnProperty.cpp	151	Property Image1.Mirror was changed to 1.
20702370	[INFO]	XnProperty.cpp	101	Image1.Mirror was successfully set.
26143975	[INFO]	XnOpenNI.cpp	1459	Destroying node 'User1'
26150888	[INFO]	XnOpenNI.cpp	1459	Destroying node 'Depth1'
26150977	[INFO]	XnDeviceBase.cpp	1507	Destroying stream 'Depth1'...
26152088	[INFO]	XnOpenNI.cpp	1459	Destroying node 'Image1'
26152126	[INFO]	XnDeviceBase.cpp	1507	Destroying stream 'Image1'...
26152779	[INFO]	XnOpenNI.cpp	1459	Destroying node 'Device1'
