    1608	[INFO]	XnLog.cpp	165	OpenNI version is 1.0.0 (Build 25)-MacOSX (Jan  7 2011 14:20:18)
    1653	[INFO]	XnLog.cpp	173	Log system initialized. Console: 1, File: 1, Severity: INFO, Masks: ALL
    1676	[INFO]	XnLog.cpp	173	Log system initialized. Console: 1, File: 1, Severity: INFO, Masks: ALL
    2800	[INFO]	XnUSBLinux-x86.cpp	98	USB is initialized.
 4473065	[INFO]	XnOpenNI.cpp	1261	Creating node 'Device1' of type Device...
 4474005	[INFO]	XnDeviceModule.cpp	431	Module 'Device' configuration was loaded from file.
 5133195	[INFO]	XnDeviceSensorIO.cpp	135	Connected to USB device
 5133245	[INFO]	XnProperty.cpp	151	Property Device.USBPath was changed to 045e/02ae@253/8.
 5140431	[INFO]	XnHostProtocol.cpp	825	Hardware versions: FW=5.1.4 (7) HW=4 Chip=2 Sensor=4 SYS=7
 6552098	[INFO]	XnProperty.cpp	151	Property Device.ID was changed to 0.
 6552191	[INFO]	XnSensor.cpp	182	Device sensor initialized
 6552299	[INFO]	XnOpenNI.cpp	1261	Creating node 'Depth1' of type Depth...
 6552335	[INFO]	XnDeviceBase.cpp	1383	Creating stream 'Depth1' of type 'Depth'...
 6552352	[INFO]	XnProperty.cpp	74	Setting Device.ReadData to 1...
 6552388	[INFO]	XnDeviceSensorIO.cpp	298	Endpoints open
 6564799	[INFO]	XnProperty.cpp	151	Property Device.ReadData was changed to 1.
 6564841	[INFO]	XnProperty.cpp	101	Device.ReadData was successfully set.
 6565165	[INFO]	XnProperty.cpp	151	Property Depth1.Resolution was changed to 0.
 6565185	[INFO]	XnProperty.cpp	151	Property Depth1.XRes was changed to 320.
 6565198	[INFO]	XnProperty.cpp	151	Property Depth1.YRes was changed to 240.
 6565210	[INFO]	XnProperty.cpp	151	Property Depth1.FPS was changed to 30.
 6565221	[INFO]	XnProperty.cpp	151	Property Depth1.OutputFormat was changed to 1.
 6565232	[INFO]	XnProperty.cpp	151	Property Depth1.BytesPerPixel was changed to 2.
 6565244	[INFO]	XnProperty.cpp	151	Property Depth1.RequiredDataSize was changed to 153600.
 6565260	[INFO]	XnProperty.cpp	151	Property Depth1.ParamCoeff was changed to 4.
 6565318	[INFO]	XnProperty.cpp	151	Property Depth1.ShiftScale was changed to 10.
 6577860	[INFO]	XnProperty.cpp	151	Property Depth1.ConstShift was changed to 200.
 6577944	[INFO]	XnProperty.cpp	151	Property Depth1.ZPD was changed to 120.
 6578040	[INFO]	XnProperty.cpp	151	Property Depth1.ZPPS was changed to 0.104200.
 6578054	[INFO]	XnProperty.cpp	151	Property Depth1.LDDIS was changed to 7.500000.
 6578146	[INFO]	XnProperty.cpp	151	Property Depth1.Gain was changed to 30.
 6578175	[INFO]	XnDeviceBase.cpp	1458	Stream 'Depth1' was initialized.
 6578190	[INFO]	XnDeviceBase.cpp	1463	'Depth1' stream was created.
 6578337	[INFO]	XnProperty.cpp	74	Setting Depth1.InputFormat to 3...
 6578369	[INFO]	XnProperty.cpp	151	Property Depth1.InputFormat was changed to 3.
 6578387	[INFO]	XnProperty.cpp	101	Depth1.InputFormat was successfully set.
 6578960	[INFO]	XnProperty.cpp	74	Setting Depth1.RegistrationType to 2...
 6578995	[INFO]	XnProperty.cpp	151	Property Depth1.RegistrationType was changed to 2.
 6579016	[INFO]	XnProperty.cpp	101	Depth1.RegistrationType was successfully set.
 6579744	[INFO]	XnDeviceModule.cpp	431	Module 'Depth1' configuration was loaded from file.
 6579993	[INFO]	XnProperty.cpp	74	Setting Depth1.FPS to 30...
 6580020	[INFO]	XnProperty.cpp	86	Depth1.FPS value did not change.
 6580038	[INFO]	XnProperty.cpp	74	Setting Depth1.YRes to 480...
 6580060	[INFO]	XnProperty.cpp	151	Property Depth1.Resolution was changed to 1.
 6580081	[INFO]	XnProperty.cpp	151	Property Depth1.XRes was changed to 640.
 6580099	[INFO]	XnProperty.cpp	151	Property Depth1.RequiredDataSize was changed to 307200.
 6580119	[INFO]	XnProperty.cpp	151	Property Depth1.YRes was changed to 480.
 6580136	[INFO]	XnProperty.cpp	151	Property Depth1.RequiredDataSize was changed to 614400.
 6580153	[INFO]	XnProperty.cpp	101	Depth1.YRes was successfully set.
 6580168	[INFO]	XnProperty.cpp	74	Setting Depth1.XRes to 640...
 6580181	[INFO]	XnProperty.cpp	86	Depth1.XRes value did not change.
 6580533	[INFO]	XnProperty.cpp	74	Setting Depth1.Mirror to 1...
 6580561	[INFO]	XnProperty.cpp	151	Property Depth1.FirmwareMirror was changed to 1.
 6580613	[INFO]	XnProperty.cpp	151	Property Depth1.Mirror was changed to 1.
 6580629	[INFO]	XnProperty.cpp	101	Depth1.Mirror was successfully set.
12616345	[INFO]	XnOpenNI.cpp	1261	Creating node 'User1' of type User...
12638915	[WARNING]	Linux-x86Threads.cpp	173	Failed to set thread priority: Invalid argument
12638984	[WARNING]	XnUSBLinux-x86.cpp	126	USB events thread: Failed to set thread priority to critical. This might cause loss of data...
12639834	[INFO]	XnUSBLinux-x86.cpp	1222	USB read thread was started.
12639865	[INFO]	XnProperty.cpp	151	Property Depth1.ActualReadData was changed to 1.
13110054	[INFO]	XnProperty.cpp	151	Property Depth1.State was changed to 1.
13110096	[INFO]	XnDeviceBase.cpp	370	Stream Depth1 is open.
19108948	[INFO]	XnOpenNI.cpp	1261	Creating node 'Image1' of type Image...
19108998	[INFO]	XnDeviceBase.cpp	1383	Creating stream 'Image1' of type 'Image'...
19109206	[INFO]	XnProperty.cpp	151	Property Image1.Resolution was changed to 0.
19109232	[INFO]	XnProperty.cpp	151	Property Image1.XRes was changed to 320.
19109250	[INFO]	XnProperty.cpp	151	Property Image1.YRes was changed to 240.
19109269	[INFO]	XnProperty.cpp	151	Property Image1.FPS was changed to 30.
19109286	[INFO]	XnProperty.cpp	151	Property Image1.OutputFormat was changed to 5.
19109304	[INFO]	XnProperty.cpp	151	Property Image1.BytesPerPixel was changed to 3.
19109322	[INFO]	XnProperty.cpp	151	Property Image1.RequiredDataSize was changed to 230400.
19109362	[INFO]	XnDeviceBase.cpp	1458	Stream 'Image1' was initialized.
19109383	[INFO]	XnDeviceBase.cpp	1463	'Image1' stream was created.
19109547	[INFO]	XnProperty.cpp	74	Setting Image1.InputFormat to 6...
19109579	[INFO]	XnProperty.cpp	151	Property Image1.InputFormat was changed to 6.
19109598	[INFO]	XnProperty.cpp	101	Image1.InputFormat was successfully set.
19110212	[INFO]	XnDeviceModule.cpp	431	Module 'Image1' configuration was loaded from file.
19110314	[INFO]	XnProperty.cpp	74	Setting Image1.FPS to 30...
19110337	[INFO]	XnProperty.cpp	86	Image1.FPS value did not change.
19110360	[INFO]	XnProperty.cpp	74	Setting Image1.YRes to 480...
19110381	[INFO]	XnProperty.cpp	151	Property Image1.Resolution was changed to 1.
19110403	[INFO]	XnProperty.cpp	151	Property Image1.XRes was changed to 640.
19110425	[INFO]	XnProperty.cpp	151	Property Image1.RequiredDataSize was changed to 460800.
19110449	[INFO]	XnProperty.cpp	151	Property Image1.YRes was changed to 480.
19110472	[INFO]	XnProperty.cpp	151	Property Image1.RequiredDataSize was changed to 921600.
19110494	[INFO]	XnProperty.cpp	101	Image1.YRes was successfully set.
19110520	[INFO]	XnProperty.cpp	74	Setting Image1.XRes to 640...
19110540	[INFO]	XnProperty.cpp	86	Image1.XRes value did not change.
19111611	[INFO]	XnUSBLinux-x86.cpp	1222	USB read thread was started.
19111656	[INFO]	XnProperty.cpp	151	Property Image1.ActualReadData was changed to 1.
19279845	[WARNING]	XnDepthProcessor.cpp	133	Read: Depth buffer is corrupt. Size is 562640 (!= 614400)
19279896	[WARNING]	XnFrameStreamProcessor.cpp	132	Depth frame is corrupt!
19311862	[WARNING]	XnDepthProcessor.cpp	133	Read: Depth buffer is corrupt. Size is 589216 (!= 614400)
19311908	[WARNING]	XnFrameStreamProcessor.cpp	132	Depth frame is corrupt!
22312667	[INFO]	XnProperty.cpp	151	Property Image1.State was changed to 1.
22312718	[INFO]	XnDeviceBase.cpp	370	Stream Image1 is open.
22312894	[INFO]	XnProperty.cpp	74	Setting Depth1.Registration to 1...
22464260	[INFO]	XnProperty.cpp	151	Property Depth1.Registration was changed to 1.
22464307	[INFO]	XnProperty.cpp	101	Depth1.Registration was successfully set.
22464361	[INFO]	XnProperty.cpp	74	Setting Image1.Mirror to 1...
22476689	[INFO]	XnProperty.cpp	151	Property Image1.FirmwareMirror was changed to 1.
22476733	[INFO]	XnProperty.cpp	151	Property Image1.Mirror was changed to 1.
22476745	[INFO]	XnProperty.cpp	101	Image1.Mirror was successfully set.
35483840	[INFO]	XnOpenNI.cpp	1459	Destroying node 'User1'
35492114	[INFO]	XnOpenNI.cpp	1459	Destroying node 'Depth1'
35492215	[INFO]	XnDeviceBase.cpp	1507	Destroying stream 'Depth1'...
35493352	[INFO]	XnOpenNI.cpp	1459	Destroying node 'Image1'
35493448	[INFO]	XnDeviceBase.cpp	1507	Destroying stream 'Image1'...
35494212	[INFO]	XnOpenNI.cpp	1459	Destroying node 'Device1'
