    1624	[INFO]	XnLog.cpp	165	OpenNI version is 1.0.0 (Build 25)-MacOSX (Jan  7 2011 14:20:18)
    1665	[INFO]	XnLog.cpp	173	Log system initialized. Console: 1, File: 1, Severity: INFO, Masks: ALL
    1688	[INFO]	XnLog.cpp	173	Log system initialized. Console: 1, File: 1, Severity: INFO, Masks: ALL
    2827	[INFO]	XnUSBLinux-x86.cpp	98	USB is initialized.
 1107773	[INFO]	XnOpenNI.cpp	1261	Creating node 'Device1' of type Device...
 1108524	[INFO]	XnDeviceModule.cpp	431	Module 'Device' configuration was loaded from file.
 1258943	[INFO]	XnDeviceSensorIO.cpp	135	Connected to USB device
 1258995	[INFO]	XnProperty.cpp	151	Property Device.USBPath was changed to 045e/02ae@253/8.
 1266575	[INFO]	XnHostProtocol.cpp	825	Hardware versions: FW=5.1.4 (7) HW=4 Chip=2 Sensor=4 SYS=7
 2674504	[INFO]	XnProperty.cpp	151	Property Device.ID was changed to 0.
 2674560	[INFO]	XnSensor.cpp	182	Device sensor initialized
 2674652	[INFO]	XnOpenNI.cpp	1261	Creating node 'Depth1' of type Depth...
 2674691	[INFO]	XnDeviceBase.cpp	1383	Creating stream 'Depth1' of type 'Depth'...
 2674708	[INFO]	XnProperty.cpp	74	Setting Device.ReadData to 1...
 2674738	[INFO]	XnDeviceSensorIO.cpp	298	Endpoints open
 2687268	[INFO]	XnProperty.cpp	151	Property Device.ReadData was changed to 1.
 2687315	[INFO]	XnProperty.cpp	101	Device.ReadData was successfully set.
 2687671	[INFO]	XnProperty.cpp	151	Property Depth1.Resolution was changed to 0.
 2687691	[INFO]	XnProperty.cpp	151	Property Depth1.XRes was changed to 320.
 2687704	[INFO]	XnProperty.cpp	151	Property Depth1.YRes was changed to 240.
 2687716	[INFO]	XnProperty.cpp	151	Property Depth1.FPS was changed to 30.
 2687727	[INFO]	XnProperty.cpp	151	Property Depth1.OutputFormat was changed to 1.
 2687738	[INFO]	XnProperty.cpp	151	Property Depth1.BytesPerPixel was changed to 2.
 2687750	[INFO]	XnProperty.cpp	151	Property Depth1.RequiredDataSize was changed to 153600.
 2687767	[INFO]	XnProperty.cpp	151	Property Depth1.ParamCoeff was changed to 4.
 2687825	[INFO]	XnProperty.cpp	151	Property Depth1.ShiftScale was changed to 10.
 2700089	[INFO]	XnProperty.cpp	151	Property Depth1.ConstShift was changed to 200.
 2700196	[INFO]	XnProperty.cpp	151	Property Depth1.ZPD was changed to 120.
 2700348	[INFO]	XnProperty.cpp	151	Property Depth1.ZPPS was changed to 0.104200.
 2700381	[INFO]	XnProperty.cpp	151	Property Depth1.LDDIS was changed to 7.500000.
 2700551	[INFO]	XnProperty.cpp	151	Property Depth1.Gain was changed to 30.
 2700608	[INFO]	XnDeviceBase.cpp	1458	Stream 'Depth1' was initialized.
 2700634	[INFO]	XnDeviceBase.cpp	1463	'Depth1' stream was created.
 2700853	[INFO]	XnProperty.cpp	74	Setting Depth1.InputFormat to 3...
 2700880	[INFO]	XnProperty.cpp	151	Property Depth1.InputFormat was changed to 3.
 2700907	[INFO]	XnProperty.cpp	101	Depth1.InputFormat was successfully set.
 2701529	[INFO]	XnProperty.cpp	74	Setting Depth1.RegistrationType to 2...
 2701552	[INFO]	XnProperty.cpp	151	Property Depth1.RegistrationType was changed to 2.
 2701570	[INFO]	XnProperty.cpp	101	Depth1.RegistrationType was successfully set.
 2702048	[INFO]	XnDeviceModule.cpp	431	Module 'Depth1' configuration was loaded from file.
 2702312	[INFO]	XnProperty.cpp	74	Setting Depth1.FPS to 30...
 2702351	[INFO]	XnProperty.cpp	86	Depth1.FPS value did not change.
 2702380	[INFO]	XnProperty.cpp	74	Setting Depth1.YRes to 480...
 2702419	[INFO]	XnProperty.cpp	151	Property Depth1.Resolution was changed to 1.
 2702459	[INFO]	XnProperty.cpp	151	Property Depth1.XRes was changed to 640.
 2702497	[INFO]	XnProperty.cpp	151	Property Depth1.RequiredDataSize was changed to 307200.
 2702540	[INFO]	XnProperty.cpp	151	Property Depth1.YRes was changed to 480.
 2702573	[INFO]	XnProperty.cpp	151	Property Depth1.RequiredDataSize was changed to 614400.
 2702609	[INFO]	XnProperty.cpp	101	Depth1.YRes was successfully set.
 2702645	[INFO]	XnProperty.cpp	74	Setting Depth1.XRes to 640...
 2702677	[INFO]	XnProperty.cpp	86	Depth1.XRes value did not change.
 2702761	[INFO]	XnProperty.cpp	74	Setting Depth1.Mirror to 1...
 2702796	[INFO]	XnProperty.cpp	151	Property Depth1.FirmwareMirror was changed to 1.
 2702870	[INFO]	XnProperty.cpp	151	Property Depth1.Mirror was changed to 1.
 2702901	[INFO]	XnProperty.cpp	101	Depth1.Mirror was successfully set.
 3585803	[INFO]	XnOpenNI.cpp	1261	Creating node 'User1' of type User...
 3609590	[WARNING]	Linux-x86Threads.cpp	173	Failed to set thread priority: Invalid argument
 3609636	[WARNING]	XnUSBLinux-x86.cpp	126	USB events thread: Failed to set thread priority to critical. This might cause loss of data...
 3610387	[INFO]	XnUSBLinux-x86.cpp	1222	USB read thread was started.
 3610411	[INFO]	XnProperty.cpp	151	Property Depth1.ActualReadData was changed to 1.
 4081016	[INFO]	XnProperty.cpp	151	Property Depth1.State was changed to 1.
 4081057	[INFO]	XnDeviceBase.cpp	370	Stream Depth1 is open.
 4315411	[INFO]	XnOpenNI.cpp	1261	Creating node 'Image1' of type Image...
 4315465	[INFO]	XnDeviceBase.cpp	1383	Creating stream 'Image1' of type 'Image'...
 4315690	[INFO]	XnProperty.cpp	151	Property Image1.Resolution was changed to 0.
 4315719	[INFO]	XnProperty.cpp	151	Property Image1.XRes was changed to 320.
 4315738	[INFO]	XnProperty.cpp	151	Property Image1.YRes was changed to 240.
 4315755	[INFO]	XnProperty.cpp	151	Property Image1.FPS was changed to 30.
 4315771	[INFO]	XnProperty.cpp	151	Property Image1.OutputFormat was changed to 5.
 4315787	[INFO]	XnProperty.cpp	151	Property Image1.BytesPerPixel was changed to 3.
 4315805	[INFO]	XnProperty.cpp	151	Property Image1.RequiredDataSize was changed to 230400.
 4315845	[INFO]	XnDeviceBase.cpp	1458	Stream 'Image1' was initialized.
 4315865	[INFO]	XnDeviceBase.cpp	1463	'Image1' stream was created.
 4316002	[INFO]	XnProperty.cpp	74	Setting Image1.InputFormat to 6...
 4316032	[INFO]	XnProperty.cpp	151	Property Image1.InputFormat was changed to 6.
 4316052	[INFO]	XnProperty.cpp	101	Image1.InputFormat was successfully set.
 4316633	[INFO]	XnDeviceModule.cpp	431	Module 'Image1' configuration was loaded from file.
 4316745	[INFO]	XnProperty.cpp	74	Setting Image1.FPS to 30...
 4316766	[INFO]	XnProperty.cpp	86	Image1.FPS value did not change.
 4316781	[INFO]	XnProperty.cpp	74	Setting Image1.YRes to 480...
 4316794	[INFO]	XnProperty.cpp	151	Property Image1.Resolution was changed to 1.
 4316807	[INFO]	XnProperty.cpp	151	Property Image1.XRes was changed to 640.
 4316819	[INFO]	XnProperty.cpp	151	Property Image1.RequiredDataSize was changed to 460800.
 4316833	[INFO]	XnProperty.cpp	151	Property Image1.YRes was changed to 480.
 4316844	[INFO]	XnProperty.cpp	151	Property Image1.RequiredDataSize was changed to 921600.
 4316858	[INFO]	XnProperty.cpp	101	Image1.YRes was successfully set.
 4316870	[INFO]	XnProperty.cpp	74	Setting Image1.XRes to 640...
 4316881	[INFO]	XnProperty.cpp	86	Image1.XRes value did not change.
 4318104	[INFO]	XnUSBLinux-x86.cpp	1222	USB read thread was started.
 4318182	[INFO]	XnProperty.cpp	151	Property Image1.ActualReadData was changed to 1.
 4377701	[WARNING]	XnDepthProcessor.cpp	133	Read: Depth buffer is corrupt. Size is 591936 (!= 614400)
 4377751	[WARNING]	XnFrameStreamProcessor.cpp	132	Depth frame is corrupt!
 4509717	[WARNING]	XnDepthProcessor.cpp	133	Read: Depth buffer is corrupt. Size is 542176 (!= 614400)
 4509786	[WARNING]	XnFrameStreamProcessor.cpp	132	Depth frame is corrupt!
 7413765	[WARNING]	XnDepthProcessor.cpp	133	Read: Depth buffer is corrupt. Size is 587312 (!= 614400)
 7413813	[WARNING]	XnFrameStreamProcessor.cpp	132	Depth frame is corrupt!
 7519529	[INFO]	XnProperty.cpp	151	Property Image1.State was changed to 1.
 7519582	[INFO]	XnDeviceBase.cpp	370	Stream Image1 is open.
 7519774	[INFO]	XnProperty.cpp	74	Setting Depth1.Registration to 1...
 7549697	[WARNING]	XnDepthProcessor.cpp	133	Read: Depth buffer is corrupt. Size is 588640 (!= 614400)
 7549752	[WARNING]	XnFrameStreamProcessor.cpp	132	Depth frame is corrupt!
 7671651	[INFO]	XnProperty.cpp	151	Property Depth1.Registration was changed to 1.
 7671693	[INFO]	XnProperty.cpp	101	Depth1.Registration was successfully set.
 7671741	[INFO]	XnProperty.cpp	74	Setting Image1.Mirror to 1...
 7684285	[INFO]	XnProperty.cpp	151	Property Image1.FirmwareMirror was changed to 1.
 7684360	[INFO]	XnProperty.cpp	151	Property Image1.Mirror was changed to 1.
 7684373	[INFO]	XnProperty.cpp	101	Image1.Mirror was successfully set.
17435500	[INFO]	XnOpenNI.cpp	1459	Destroying node 'User1'
17442950	[INFO]	XnOpenNI.cpp	1459	Destroying node 'Depth1'
17443039	[INFO]	XnDeviceBase.cpp	1507	Destroying stream 'Depth1'...
17444204	[INFO]	XnOpenNI.cpp	1459	Destroying node 'Image1'
17444255	[INFO]	XnDeviceBase.cpp	1507	Destroying stream 'Image1'...
17445108	[INFO]	XnOpenNI.cpp	1459	Destroying node 'Device1'
