    1949	[INFO]	XnLog.cpp	165	OpenNI version is 1.0.0 (Build 25)-MacOSX (Jan  7 2011 14:20:18)
    2004	[INFO]	XnLog.cpp	173	Log system initialized. Console: 1, File: 1, Severity: INFO, Masks: ALL
    2038	[INFO]	XnLog.cpp	173	Log system initialized. Console: 1, File: 1, Severity: INFO, Masks: ALL
    3543	[INFO]	XnUSBLinux-x86.cpp	98	USB is initialized.
 1970237	[INFO]	XnOpenNI.cpp	1261	Creating node 'Device1' of type Device...
 1971292	[INFO]	XnDeviceModule.cpp	431	Module 'Device' configuration was loaded from file.
 2229684	[INFO]	XnDeviceSensorIO.cpp	135	Connected to USB device
 2229737	[INFO]	XnProperty.cpp	151	Property Device.USBPath was changed to 045e/02ae@253/8.
 2237711	[INFO]	XnHostProtocol.cpp	825	Hardware versions: FW=5.1.4 (7) HW=4 Chip=2 Sensor=4 SYS=7
 3649068	[INFO]	XnProperty.cpp	151	Property Device.ID was changed to 0.
 3649142	[INFO]	XnSensor.cpp	182	Device sensor initialized
 3649226	[INFO]	XnOpenNI.cpp	1261	Creating node 'Depth1' of type Depth...
 3649263	[INFO]	XnDeviceBase.cpp	1383	Creating stream 'Depth1' of type 'Depth'...
 3649283	[INFO]	XnProperty.cpp	74	Setting Device.ReadData to 1...
 3649313	[INFO]	XnDeviceSensorIO.cpp	298	Endpoints open
 3661693	[INFO]	XnProperty.cpp	151	Property Device.ReadData was changed to 1.
 3661733	[INFO]	XnProperty.cpp	101	Device.ReadData was successfully set.
 3662066	[INFO]	XnProperty.cpp	151	Property Depth1.Resolution was changed to 0.
 3662087	[INFO]	XnProperty.cpp	151	Property Depth1.XRes was changed to 320.
 3662100	[INFO]	XnProperty.cpp	151	Property Depth1.YRes was changed to 240.
 3662112	[INFO]	XnProperty.cpp	151	Property Depth1.FPS was changed to 30.
 3662122	[INFO]	XnProperty.cpp	151	Property Depth1.OutputFormat was changed to 1.
 3662134	[INFO]	XnProperty.cpp	151	Property Depth1.BytesPerPixel was changed to 2.
 3662146	[INFO]	XnProperty.cpp	151	Property Depth1.RequiredDataSize was changed to 153600.
 3662162	[INFO]	XnProperty.cpp	151	Property Depth1.ParamCoeff was changed to 4.
 3662220	[INFO]	XnProperty.cpp	151	Property Depth1.ShiftScale was changed to 10.
 3674658	[INFO]	XnProperty.cpp	151	Property Depth1.ConstShift was changed to 200.
 3674752	[INFO]	XnProperty.cpp	151	Property Depth1.ZPD was changed to 120.
 3674855	[INFO]	XnProperty.cpp	151	Property Depth1.ZPPS was changed to 0.104200.
 3674869	[INFO]	XnProperty.cpp	151	Property Depth1.LDDIS was changed to 7.500000.
 3674962	[INFO]	XnProperty.cpp	151	Property Depth1.Gain was changed to 30.
 3674994	[INFO]	XnDeviceBase.cpp	1458	Stream 'Depth1' was initialized.
 3675008	[INFO]	XnDeviceBase.cpp	1463	'Depth1' stream was created.
 3675157	[INFO]	XnProperty.cpp	74	Setting Depth1.InputFormat to 3...
 3675178	[INFO]	XnProperty.cpp	151	Property Depth1.InputFormat was changed to 3.
 3675190	[INFO]	XnProperty.cpp	101	Depth1.InputFormat was successfully set.
 3675618	[INFO]	XnProperty.cpp	74	Setting Depth1.RegistrationType to 2...
 3675634	[INFO]	XnProperty.cpp	151	Property Depth1.RegistrationType was changed to 2.
 3675645	[INFO]	XnProperty.cpp	101	Depth1.RegistrationType was successfully set.
 3676101	[INFO]	XnDeviceModule.cpp	431	Module 'Depth1' configuration was loaded from file.
 3676297	[INFO]	XnProperty.cpp	74	Setting Depth1.FPS to 30...
 3676316	[INFO]	XnProperty.cpp	86	Depth1.FPS value did not change.
 3676328	[INFO]	XnProperty.cpp	74	Setting Depth1.YRes to 480...
 3676343	[INFO]	XnProperty.cpp	151	Property Depth1.Resolution was changed to 1.
 3676356	[INFO]	XnProperty.cpp	151	Property Depth1.XRes was changed to 640.
 3676375	[INFO]	XnProperty.cpp	151	Property Depth1.RequiredDataSize was changed to 307200.
 3676397	[INFO]	XnProperty.cpp	151	Property Depth1.YRes was changed to 480.
 3676413	[INFO]	XnProperty.cpp	151	Property Depth1.RequiredDataSize was changed to 614400.
 3676427	[INFO]	XnProperty.cpp	101	Depth1.YRes was successfully set.
 3676439	[INFO]	XnProperty.cpp	74	Setting Depth1.XRes to 640...
 3676450	[INFO]	XnProperty.cpp	86	Depth1.XRes value did not change.
 3676494	[INFO]	XnProperty.cpp	74	Setting Depth1.Mirror to 1...
 3676509	[INFO]	XnProperty.cpp	151	Property Depth1.FirmwareMirror was changed to 1.
 3676552	[INFO]	XnProperty.cpp	151	Property Depth1.Mirror was changed to 1.
 3676564	[INFO]	XnProperty.cpp	101	Depth1.Mirror was successfully set.
 4777280	[INFO]	XnOpenNI.cpp	1261	Creating node 'User1' of type User...
 4800361	[WARNING]	Linux-x86Threads.cpp	173	Failed to set thread priority: Invalid argument
 4800405	[WARNING]	XnUSBLinux-x86.cpp	126	USB events thread: Failed to set thread priority to critical. This might cause loss of data...
 4801239	[INFO]	XnUSBLinux-x86.cpp	1222	USB read thread was started.
 4801370	[INFO]	XnProperty.cpp	151	Property Depth1.ActualReadData was changed to 1.
 5272304	[INFO]	XnProperty.cpp	151	Property Depth1.State was changed to 1.
 5272346	[INFO]	XnDeviceBase.cpp	370	Stream Depth1 is open.
 6377335	[INFO]	XnOpenNI.cpp	1261	Creating node 'Image1' of type Image...
 6377387	[INFO]	XnDeviceBase.cpp	1383	Creating stream 'Image1' of type 'Image'...
 6377623	[INFO]	XnProperty.cpp	151	Property Image1.Resolution was changed to 0.
 6377646	[INFO]	XnProperty.cpp	151	Property Image1.XRes was changed to 320.
 6377667	[INFO]	XnProperty.cpp	151	Property Image1.YRes was changed to 240.
 6377687	[INFO]	XnProperty.cpp	151	Property Image1.FPS was changed to 30.
 6377706	[INFO]	XnProperty.cpp	151	Property Image1.OutputFormat was changed to 5.
 6377722	[INFO]	XnProperty.cpp	151	Property Image1.BytesPerPixel was changed to 3.
 6377738	[INFO]	XnProperty.cpp	151	Property Image1.RequiredDataSize was changed to 230400.
 6377778	[INFO]	XnDeviceBase.cpp	1458	Stream 'Image1' was initialized.
 6377797	[INFO]	XnDeviceBase.cpp	1463	'Image1' stream was created.
 6377912	[INFO]	XnProperty.cpp	74	Setting Image1.InputFormat to 6...
 6377936	[INFO]	XnProperty.cpp	151	Property Image1.InputFormat was changed to 6.
 6377955	[INFO]	XnProperty.cpp	101	Image1.InputFormat was successfully set.
 6378387	[INFO]	XnDeviceModule.cpp	431	Module 'Image1' configuration was loaded from file.
 6378481	[INFO]	XnProperty.cpp	74	Setting Image1.FPS to 30...
 6378499	[INFO]	XnProperty.cpp	86	Image1.FPS value did not change.
 6378517	[INFO]	XnProperty.cpp	74	Setting Image1.YRes to 480...
 6378535	[INFO]	XnProperty.cpp	151	Property Image1.Resolution was changed to 1.
 6378553	[INFO]	XnProperty.cpp	151	Property Image1.XRes was changed to 640.
 6378570	[INFO]	XnProperty.cpp	151	Property Image1.RequiredDataSize was changed to 460800.
 6378590	[INFO]	XnProperty.cpp	151	Property Image1.YRes was changed to 480.
 6378608	[INFO]	XnProperty.cpp	151	Property Image1.RequiredDataSize was changed to 921600.
 6378626	[INFO]	XnProperty.cpp	101	Image1.YRes was successfully set.
 6378644	[INFO]	XnProperty.cpp	74	Setting Image1.XRes to 640...
 6378660	[INFO]	XnProperty.cpp	86	Image1.XRes value did not change.
 6379580	[INFO]	XnUSBLinux-x86.cpp	1222	USB read thread was started.
 6379628	[INFO]	XnProperty.cpp	151	Property Image1.ActualReadData was changed to 1.
 6436865	[WARNING]	XnDepthProcessor.cpp	133	Read: Depth buffer is corrupt. Size is 592432 (!= 614400)
 6436909	[WARNING]	XnFrameStreamProcessor.cpp	132	Depth frame is corrupt!
 6552846	[WARNING]	XnFirmwareStreams.cpp	324	Unknown packet type (0x4847)!!!
 6568869	[WARNING]	XnDepthProcessor.cpp	133	Read: Depth buffer is corrupt. Size is 534256 (!= 614400)
 6568914	[WARNING]	XnFrameStreamProcessor.cpp	132	Depth frame is corrupt!
 9472914	[WARNING]	XnDepthProcessor.cpp	133	Read: Depth buffer is corrupt. Size is 592192 (!= 614400)
 9472958	[WARNING]	XnFrameStreamProcessor.cpp	132	Depth frame is corrupt!
 9580229	[INFO]	XnProperty.cpp	151	Property Image1.State was changed to 1.
 9580264	[INFO]	XnDeviceBase.cpp	370	Stream Image1 is open.
 9580460	[INFO]	XnProperty.cpp	74	Setting Depth1.Registration to 1...
 9732955	[INFO]	XnProperty.cpp	151	Property Depth1.Registration was changed to 1.
 9733006	[INFO]	XnProperty.cpp	101	Depth1.Registration was successfully set.
 9733066	[INFO]	XnProperty.cpp	74	Setting Image1.Mirror to 1...
 9745326	[INFO]	XnProperty.cpp	151	Property Image1.FirmwareMirror was changed to 1.
 9745379	[INFO]	XnProperty.cpp	151	Property Image1.Mirror was changed to 1.
 9745395	[INFO]	XnProperty.cpp	101	Image1.Mirror was successfully set.
18597608	[INFO]	XnOpenNI.cpp	1459	Destroying node 'User1'
18606014	[INFO]	XnOpenNI.cpp	1459	Destroying node 'Depth1'
18606102	[INFO]	XnDeviceBase.cpp	1507	Destroying stream 'Depth1'...
18607599	[INFO]	XnOpenNI.cpp	1459	Destroying node 'Image1'
18607679	[INFO]	XnDeviceBase.cpp	1507	Destroying stream 'Image1'...
18609791	[INFO]	XnOpenNI.cpp	1459	Destroying node 'Device1'
