    1929	[INFO]	XnLog.cpp	165	OpenNI version is 1.0.0 (Build 25)-MacOSX (Jan  7 2011 14:20:18)
    1980	[INFO]	XnLog.cpp	173	Log system initialized. Console: 1, File: 1, Severity: INFO, Masks: ALL
    2011	[INFO]	XnLog.cpp	173	Log system initialized. Console: 1, File: 1, Severity: INFO, Masks: ALL
    3365	[INFO]	XnUSBLinux-x86.cpp	98	USB is initialized.
 2154499	[INFO]	XnOpenNI.cpp	1261	Creating node 'Device1' of type Device...
 2155461	[INFO]	XnDeviceModule.cpp	431	Module 'Device' configuration was loaded from file.
 2303448	[INFO]	XnDeviceSensorIO.cpp	135	Connected to USB device
 2303498	[INFO]	XnProperty.cpp	151	Property Device.USBPath was changed to 045e/02ae@253/8.
 2310632	[INFO]	XnHostProtocol.cpp	825	Hardware versions: FW=5.1.4 (7) HW=4 Chip=2 Sensor=4 SYS=7
 3720898	[INFO]	XnProperty.cpp	151	Property Device.ID was changed to 0.
 3720969	[INFO]	XnSensor.cpp	182	Device sensor initialized
 3721078	[INFO]	XnOpenNI.cpp	1261	Creating node 'Depth1' of type Depth...
 3721128	[INFO]	XnDeviceBase.cpp	1383	Creating stream 'Depth1' of type 'Depth'...
 3721151	[INFO]	XnProperty.cpp	74	Setting Device.ReadData to 1...
 3721192	[INFO]	XnDeviceSensorIO.cpp	298	Endpoints open
 3733670	[INFO]	XnProperty.cpp	151	Property Device.ReadData was changed to 1.
 3733714	[INFO]	XnProperty.cpp	101	Device.ReadData was successfully set.
 3734084	[INFO]	XnProperty.cpp	151	Property Depth1.Resolution was changed to 0.
 3734104	[INFO]	XnProperty.cpp	151	Property Depth1.XRes was changed to 320.
 3734118	[INFO]	XnProperty.cpp	151	Property Depth1.YRes was changed to 240.
 3734129	[INFO]	XnProperty.cpp	151	Property Depth1.FPS was changed to 30.
 3734140	[INFO]	XnProperty.cpp	151	Property Depth1.OutputFormat was changed to 1.
 3734152	[INFO]	XnProperty.cpp	151	Property Depth1.BytesPerPixel was changed to 2.
 3734164	[INFO]	XnProperty.cpp	151	Property Depth1.RequiredDataSize was changed to 153600.
 3734180	[INFO]	XnProperty.cpp	151	Property Depth1.ParamCoeff was changed to 4.
 3734239	[INFO]	XnProperty.cpp	151	Property Depth1.ShiftScale was changed to 10.
 3746650	[INFO]	XnProperty.cpp	151	Property Depth1.ConstShift was changed to 200.
 3746749	[INFO]	XnProperty.cpp	151	Property Depth1.ZPD was changed to 120.
 3746846	[INFO]	XnProperty.cpp	151	Property Depth1.ZPPS was changed to 0.104200.
 3746861	[INFO]	XnProperty.cpp	151	Property Depth1.LDDIS was changed to 7.500000.
 3746952	[INFO]	XnProperty.cpp	151	Property Depth1.Gain was changed to 30.
 3746984	[INFO]	XnDeviceBase.cpp	1458	Stream 'Depth1' was initialized.
 3746998	[INFO]	XnDeviceBase.cpp	1463	'Depth1' stream was created.
 3747147	[INFO]	XnProperty.cpp	74	Setting Depth1.InputFormat to 3...
 3747168	[INFO]	XnProperty.cpp	151	Property Depth1.InputFormat was changed to 3.
 3747180	[INFO]	XnProperty.cpp	101	Depth1.InputFormat was successfully set.
 3747649	[INFO]	XnProperty.cpp	74	Setting Depth1.RegistrationType to 2...
 3747671	[INFO]	XnProperty.cpp	151	Property Depth1.RegistrationType was changed to 2.
 3747683	[INFO]	XnProperty.cpp	101	Depth1.RegistrationType was successfully set.
 3748145	[INFO]	XnDeviceModule.cpp	431	Module 'Depth1' configuration was loaded from file.
 3748331	[INFO]	XnProperty.cpp	74	Setting Depth1.FPS to 30...
 3748348	[INFO]	XnProperty.cpp	86	Depth1.FPS value did not change.
 3748360	[INFO]	XnProperty.cpp	74	Setting Depth1.YRes to 480...
 3748375	[INFO]	XnProperty.cpp	151	Property Depth1.Resolution was changed to 1.
 3748388	[INFO]	XnProperty.cpp	151	Property Depth1.XRes was changed to 640.
 3748399	[INFO]	XnProperty.cpp	151	Property Depth1.RequiredDataSize was changed to 307200.
 3748414	[INFO]	XnProperty.cpp	151	Property Depth1.YRes was changed to 480.
 3748426	[INFO]	XnProperty.cpp	151	Property Depth1.RequiredDataSize was changed to 614400.
 3748439	[INFO]	XnProperty.cpp	101	Depth1.YRes was successfully set.
 3748475	[INFO]	XnProperty.cpp	74	Setting Depth1.XRes to 640...
 3748493	[INFO]	XnProperty.cpp	86	Depth1.XRes value did not change.
 3748550	[INFO]	XnProperty.cpp	74	Setting Depth1.Mirror to 1...
 3748571	[INFO]	XnProperty.cpp	151	Property Depth1.FirmwareMirror was changed to 1.
 3748620	[INFO]	XnProperty.cpp	151	Property Depth1.Mirror was changed to 1.
 3748635	[INFO]	XnProperty.cpp	101	Depth1.Mirror was successfully set.
 4857370	[INFO]	XnOpenNI.cpp	1261	Creating node 'User1' of type User...
 4881058	[WARNING]	Linux-x86Threads.cpp	173	Failed to set thread priority: Invalid argument
 4881103	[WARNING]	XnUSBLinux-x86.cpp	126	USB events thread: Failed to set thread priority to critical. This might cause loss of data...
 4881848	[INFO]	XnUSBLinux-x86.cpp	1222	USB read thread was started.
 4881870	[INFO]	XnProperty.cpp	151	Property Depth1.ActualReadData was changed to 1.
 5352035	[INFO]	XnProperty.cpp	151	Property Depth1.State was changed to 1.
 5352077	[INFO]	XnDeviceBase.cpp	370	Stream Depth1 is open.
 7297102	[INFO]	XnOpenNI.cpp	1261	Creating node 'Image1' of type Image...
 7297154	[INFO]	XnDeviceBase.cpp	1383	Creating stream 'Image1' of type 'Image'...
 7297333	[INFO]	XnProperty.cpp	151	Property Image1.Resolution was changed to 0.
 7297353	[INFO]	XnProperty.cpp	151	Property Image1.XRes was changed to 320.
 7297366	[INFO]	XnProperty.cpp	151	Property Image1.YRes was changed to 240.
 7297379	[INFO]	XnProperty.cpp	151	Property Image1.FPS was changed to 30.
 7297390	[INFO]	XnProperty.cpp	151	Property Image1.OutputFormat was changed to 5.
 7297401	[INFO]	XnProperty.cpp	151	Property Image1.BytesPerPixel was changed to 3.
 7297413	[INFO]	XnProperty.cpp	151	Property Image1.RequiredDataSize was changed to 230400.
 7297441	[INFO]	XnDeviceBase.cpp	1458	Stream 'Image1' was initialized.
 7297457	[INFO]	XnDeviceBase.cpp	1463	'Image1' stream was created.
 7297561	[INFO]	XnProperty.cpp	74	Setting Image1.InputFormat to 6...
 7297589	[INFO]	XnProperty.cpp	151	Property Image1.InputFormat was changed to 6.
 7297608	[INFO]	XnProperty.cpp	101	Image1.InputFormat was successfully set.
 7298044	[INFO]	XnDeviceModule.cpp	431	Module 'Image1' configuration was loaded from file.
 7298129	[INFO]	XnProperty.cpp	74	Setting Image1.FPS to 30...
 7298146	[INFO]	XnProperty.cpp	86	Image1.FPS value did not change.
 7298158	[INFO]	XnProperty.cpp	74	Setting Image1.YRes to 480...
 7298170	[INFO]	XnProperty.cpp	151	Property Image1.Resolution was changed to 1.
 7298183	[INFO]	XnProperty.cpp	151	Property Image1.XRes was changed to 640.
 7298194	[INFO]	XnProperty.cpp	151	Property Image1.RequiredDataSize was changed to 460800.
 7298208	[INFO]	XnProperty.cpp	151	Property Image1.YRes was changed to 480.
 7298221	[INFO]	XnProperty.cpp	151	Property Image1.RequiredDataSize was changed to 921600.
 7298240	[INFO]	XnProperty.cpp	101	Image1.YRes was successfully set.
 7298258	[INFO]	XnProperty.cpp	74	Setting Image1.XRes to 640...
 7298272	[INFO]	XnProperty.cpp	86	Image1.XRes value did not change.
 7299144	[INFO]	XnUSBLinux-x86.cpp	1222	USB read thread was started.
 7299188	[INFO]	XnProperty.cpp	151	Property Image1.ActualReadData was changed to 1.
 7485124	[WARNING]	XnDepthProcessor.cpp	133	Read: Depth buffer is corrupt. Size is 552272 (!= 614400)
 7485169	[WARNING]	XnFrameStreamProcessor.cpp	132	Depth frame is corrupt!
10389115	[WARNING]	XnDepthProcessor.cpp	133	Read: Depth buffer is corrupt. Size is 593888 (!= 614400)
10389188	[WARNING]	XnFrameStreamProcessor.cpp	132	Depth frame is corrupt!
10500658	[INFO]	XnProperty.cpp	151	Property Image1.State was changed to 1.
10500700	[INFO]	XnDeviceBase.cpp	370	Stream Image1 is open.
10500895	[INFO]	XnProperty.cpp	74	Setting Depth1.Registration to 1...
10553182	[WARNING]	XnDepthProcessor.cpp	133	Read: Depth buffer is corrupt. Size is 581904 (!= 614400)
10553229	[WARNING]	XnFrameStreamProcessor.cpp	132	Depth frame is corrupt!
10653143	[INFO]	XnProperty.cpp	151	Property Depth1.Registration was changed to 1.
10653185	[INFO]	XnProperty.cpp	101	Depth1.Registration was successfully set.
10653236	[INFO]	XnProperty.cpp	74	Setting Image1.Mirror to 1...
10665454	[INFO]	XnProperty.cpp	151	Property Image1.FirmwareMirror was changed to 1.
10665502	[INFO]	XnProperty.cpp	151	Property Image1.Mirror was changed to 1.
10665521	[INFO]	XnProperty.cpp	101	Image1.Mirror was successfully set.
58355803	[INFO]	XnOpenNI.cpp	1459	Destroying node 'User1'
58363367	[INFO]	XnOpenNI.cpp	1459	Destroying node 'Depth1'
58363461	[INFO]	XnDeviceBase.cpp	1507	Destroying stream 'Depth1'...
58365115	[INFO]	XnOpenNI.cpp	1459	Destroying node 'Image1'
58365195	[INFO]	XnDeviceBase.cpp	1507	Destroying stream 'Image1'...
58366889	[INFO]	XnOpenNI.cpp	1459	Destroying node 'Device1'
