    1785	[INFO]	XnLog.cpp	165	OpenNI version is 1.0.0 (Build 25)-MacOSX (Jan  7 2011 14:20:18)
    1841	[INFO]	XnLog.cpp	173	Log system initialized. Console: 1, File: 1, Severity: INFO, Masks: ALL
    1872	[INFO]	XnLog.cpp	173	Log system initialized. Console: 1, File: 1, Severity: INFO, Masks: ALL
    3341	[INFO]	XnUSBLinux-x86.cpp	98	USB is initialized.
 1971990	[INFO]	XnOpenNI.cpp	1261	Creating node 'Device1' of type Device...
 1972771	[INFO]	XnDeviceModule.cpp	431	Module 'Device' configuration was loaded from file.
 2237410	[INFO]	XnDeviceSensorIO.cpp	135	Connected to USB device
 2237464	[INFO]	XnProperty.cpp	151	Property Device.USBPath was changed to 045e/02ae@250/10.
 2245013	[INFO]	XnHostProtocol.cpp	825	Hardware versions: FW=5.1.4 (7) HW=4 Chip=2 Sensor=4 SYS=7
 3759195	[INFO]	XnProperty.cpp	151	Property Device.ID was changed to 0.
 3759261	[INFO]	XnSensor.cpp	182	Device sensor initialized
 3759370	[INFO]	XnOpenNI.cpp	1261	Creating node 'Depth1' of type Depth...
 3759418	[INFO]	XnDeviceBase.cpp	1383	Creating stream 'Depth1' of type 'Depth'...
 3759442	[INFO]	XnProperty.cpp	74	Setting Device.ReadData to 1...
 3759483	[INFO]	XnDeviceSensorIO.cpp	298	Endpoints open
 3771603	[INFO]	XnProperty.cpp	151	Property Device.ReadData was changed to 1.
 3771645	[INFO]	XnProperty.cpp	101	Device.ReadData was successfully set.
 3772053	[INFO]	XnProperty.cpp	151	Property Depth1.Resolution was changed to 0.
 3772077	[INFO]	XnProperty.cpp	151	Property Depth1.XRes was changed to 320.
 3772098	[INFO]	XnProperty.cpp	151	Property Depth1.YRes was changed to 240.
 3772117	[INFO]	XnProperty.cpp	151	Property Depth1.FPS was changed to 30.
 3772135	[INFO]	XnProperty.cpp	151	Property Depth1.OutputFormat was changed to 1.
 3772150	[INFO]	XnProperty.cpp	151	Property Depth1.BytesPerPixel was changed to 2.
 3772163	[INFO]	XnProperty.cpp	151	Property Depth1.RequiredDataSize was changed to 153600.
 3772180	[INFO]	XnProperty.cpp	151	Property Depth1.ParamCoeff was changed to 4.
 3772241	[INFO]	XnProperty.cpp	151	Property Depth1.ShiftScale was changed to 10.
 3784628	[INFO]	XnProperty.cpp	151	Property Depth1.ConstShift was changed to 200.
 3784736	[INFO]	XnProperty.cpp	151	Property Depth1.ZPD was changed to 120.
 3784855	[INFO]	XnProperty.cpp	151	Property Depth1.ZPPS was changed to 0.104200.
 3784882	[INFO]	XnProperty.cpp	151	Property Depth1.LDDIS was changed to 7.500000.
 3785003	[INFO]	XnProperty.cpp	151	Property Depth1.Gain was changed to 30.
 3785049	[INFO]	XnDeviceBase.cpp	1458	Stream 'Depth1' was initialized.
 3785073	[INFO]	XnDeviceBase.cpp	1463	'Depth1' stream was created.
 3785280	[INFO]	XnProperty.cpp	74	Setting Depth1.InputFormat to 3...
 3785310	[INFO]	XnProperty.cpp	151	Property Depth1.InputFormat was changed to 3.
 3785332	[INFO]	XnProperty.cpp	101	Depth1.InputFormat was successfully set.
 3785934	[INFO]	XnProperty.cpp	74	Setting Depth1.RegistrationType to 2...
 3785956	[INFO]	XnProperty.cpp	151	Property Depth1.RegistrationType was changed to 2.
 3785974	[INFO]	XnProperty.cpp	101	Depth1.RegistrationType was successfully set.
 3786446	[INFO]	XnDeviceModule.cpp	431	Module 'Depth1' configuration was loaded from file.
 3786653	[INFO]	XnProperty.cpp	74	Setting Depth1.FPS to 30...
 3786674	[INFO]	XnProperty.cpp	86	Depth1.FPS value did not change.
 3786692	[INFO]	XnProperty.cpp	74	Setting Depth1.YRes to 480...
 3786714	[INFO]	XnProperty.cpp	151	Property Depth1.Resolution was changed to 1.
 3786733	[INFO]	XnProperty.cpp	151	Property Depth1.XRes was changed to 640.
 3786752	[INFO]	XnProperty.cpp	151	Property Depth1.RequiredDataSize was changed to 307200.
 3786773	[INFO]	XnProperty.cpp	151	Property Depth1.YRes was changed to 480.
 3786790	[INFO]	XnProperty.cpp	151	Property Depth1.RequiredDataSize was changed to 614400.
 3786809	[INFO]	XnProperty.cpp	101	Depth1.YRes was successfully set.
 3786827	[INFO]	XnProperty.cpp	74	Setting Depth1.XRes to 640...
 3786843	[INFO]	XnProperty.cpp	86	Depth1.XRes value did not change.
 3786897	[INFO]	XnProperty.cpp	74	Setting Depth1.Mirror to 1...
 3786916	[INFO]	XnProperty.cpp	151	Property Depth1.FirmwareMirror was changed to 1.
 3786968	[INFO]	XnProperty.cpp	151	Property Depth1.Mirror was changed to 1.
 3786986	[INFO]	XnProperty.cpp	101	Depth1.Mirror was successfully set.
 4883552	[INFO]	XnOpenNI.cpp	1261	Creating node 'User1' of type User...
 4912675	[WARNING]	Linux-x86Threads.cpp	173	Failed to set thread priority: Invalid argument
 4912723	[WARNING]	XnUSBLinux-x86.cpp	126	USB events thread: Failed to set thread priority to critical. This might cause loss of data...
 4913577	[INFO]	XnUSBLinux-x86.cpp	1222	USB read thread was started.
 4913614	[INFO]	XnProperty.cpp	151	Property Depth1.ActualReadData was changed to 1.
 5385083	[INFO]	XnProperty.cpp	151	Property Depth1.State was changed to 1.
 5385126	[INFO]	XnDeviceBase.cpp	370	Stream Depth1 is open.
 6486004	[INFO]	XnOpenNI.cpp	1261	Creating node 'Image1' of type Image...
 6486063	[INFO]	XnDeviceBase.cpp	1383	Creating stream 'Image1' of type 'Image'...
 6486304	[INFO]	XnProperty.cpp	151	Property Image1.Resolution was changed to 0.
 6486329	[INFO]	XnProperty.cpp	151	Property Image1.XRes was changed to 320.
 6486349	[INFO]	XnProperty.cpp	151	Property Image1.YRes was changed to 240.
 6486368	[INFO]	XnProperty.cpp	151	Property Image1.FPS was changed to 30.
 6486386	[INFO]	XnProperty.cpp	151	Property Image1.OutputFormat was changed to 5.
 6486405	[INFO]	XnProperty.cpp	151	Property Image1.BytesPerPixel was changed to 3.
 6486424	[INFO]	XnProperty.cpp	151	Property Image1.RequiredDataSize was changed to 230400.
 6486464	[INFO]	XnDeviceBase.cpp	1458	Stream 'Image1' was initialized.
 6486484	[INFO]	XnDeviceBase.cpp	1463	'Image1' stream was created.
 6486627	[INFO]	XnProperty.cpp	74	Setting Image1.InputFormat to 6...
 6486657	[INFO]	XnProperty.cpp	151	Property Image1.InputFormat was changed to 6.
 6486677	[INFO]	XnProperty.cpp	101	Image1.InputFormat was successfully set.
 6487286	[INFO]	XnDeviceModule.cpp	431	Module 'Image1' configuration was loaded from file.
 6487403	[INFO]	XnProperty.cpp	74	Setting Image1.FPS to 30...
 6487426	[INFO]	XnProperty.cpp	86	Image1.FPS value did not change.
 6487444	[INFO]	XnProperty.cpp	74	Setting Image1.YRes to 480...
 6487462	[INFO]	XnProperty.cpp	151	Property Image1.Resolution was changed to 1.
 6487478	[INFO]	XnProperty.cpp	151	Property Image1.XRes was changed to 640.
 6487494	[INFO]	XnProperty.cpp	151	Property Image1.RequiredDataSize was changed to 460800.
 6487512	[INFO]	XnProperty.cpp	151	Property Image1.YRes was changed to 480.
 6487531	[INFO]	XnProperty.cpp	151	Property Image1.RequiredDataSize was changed to 921600.
 6487549	[INFO]	XnProperty.cpp	101	Image1.YRes was successfully set.
 6487568	[INFO]	XnProperty.cpp	74	Setting Image1.XRes to 640...
 6487585	[INFO]	XnProperty.cpp	86	Image1.XRes value did not change.
 6488509	[INFO]	XnUSBLinux-x86.cpp	1222	USB read thread was started.
 6488558	[INFO]	XnProperty.cpp	151	Property Image1.ActualReadData was changed to 1.
 6653643	[WARNING]	XnFrameStreamProcessor.cpp	140	Depth Frame Buffer overflow! current size: 612768
 6653690	[WARNING]	XnFrameStreamProcessor.cpp	132	Depth frame is corrupt!
 6681631	[WARNING]	XnDepthProcessor.cpp	133	Read: Depth buffer is corrupt. Size is 612768 (!= 614400)
 9585702	[WARNING]	XnDepthProcessor.cpp	133	Read: Depth buffer is corrupt. Size is 593344 (!= 614400)
 9585748	[WARNING]	XnFrameStreamProcessor.cpp	132	Depth frame is corrupt!
 9689539	[INFO]	XnProperty.cpp	151	Property Image1.State was changed to 1.
 9689585	[INFO]	XnDeviceBase.cpp	370	Stream Image1 is open.
 9689794	[INFO]	XnProperty.cpp	74	Setting Depth1.Registration to 1...
 9717712	[WARNING]	XnDepthProcessor.cpp	133	Read: Depth buffer is corrupt. Size is 591232 (!= 614400)
 9717765	[WARNING]	XnFrameStreamProcessor.cpp	132	Depth frame is corrupt!
 9842287	[INFO]	XnProperty.cpp	151	Property Depth1.Registration was changed to 1.
 9842331	[INFO]	XnProperty.cpp	101	Depth1.Registration was successfully set.
 9842379	[INFO]	XnProperty.cpp	74	Setting Image1.Mirror to 1...
 9855016	[INFO]	XnProperty.cpp	151	Property Image1.FirmwareMirror was changed to 1.
 9855062	[INFO]	XnProperty.cpp	151	Property Image1.Mirror was changed to 1.
 9855115	[INFO]	XnProperty.cpp	101	Image1.Mirror was successfully set.
100445419	[INFO]	XnOpenNI.cpp	1459	Destroying node 'User1'
100452674	[INFO]	XnOpenNI.cpp	1459	Destroying node 'Depth1'
100452764	[INFO]	XnDeviceBase.cpp	1507	Destroying stream 'Depth1'...
100453980	[INFO]	XnOpenNI.cpp	1459	Destroying node 'Image1'
100454014	[INFO]	XnDeviceBase.cpp	1507	Destroying stream 'Image1'...
100454864	[INFO]	XnOpenNI.cpp	1459	Destroying node 'Device1'
