    1950	[INFO]	XnLog.cpp	165	OpenNI version is 1.0.0 (Build 25)-MacOSX (Jan  7 2011 14:20:18)
    2011	[INFO]	XnLog.cpp	173	Log system initialized. Console: 1, File: 1, Severity: INFO, Masks: ALL
    2055	[INFO]	XnLog.cpp	173	Log system initialized. Console: 1, File: 1, Severity: INFO, Masks: ALL
    3620	[INFO]	XnUSBLinux-x86.cpp	98	USB is initialized.
37888905	[INFO]	XnOpenNI.cpp	1261	Creating node 'Device1' of type Device...
37890159	[INFO]	XnDeviceModule.cpp	431	Module 'Device' configuration was loaded from file.
38507507	[INFO]	XnDeviceSensorIO.cpp	135	Connected to USB device
38507566	[INFO]	XnProperty.cpp	151	Property Device.USBPath was changed to 045e/02ae@253/8.
38515342	[INFO]	XnHostProtocol.cpp	825	Hardware versions: FW=5.1.4 (7) HW=4 Chip=2 Sensor=4 SYS=7
39924779	[INFO]	XnProperty.cpp	151	Property Device.ID was changed to 0.
39924850	[INFO]	XnSensor.cpp	182	Device sensor initialized
39924955	[INFO]	XnOpenNI.cpp	1261	Creating node 'Depth1' of type Depth...
39925008	[INFO]	XnDeviceBase.cpp	1383	Creating stream 'Depth1' of type 'Depth'...
39925035	[INFO]	XnProperty.cpp	74	Setting Device.ReadData to 1...
39925077	[INFO]	XnDeviceSensorIO.cpp	298	Endpoints open
39937466	[INFO]	XnProperty.cpp	151	Property Device.ReadData was changed to 1.
39937511	[INFO]	XnProperty.cpp	101	Device.ReadData was successfully set.
39937867	[INFO]	XnProperty.cpp	151	Property Depth1.Resolution was changed to 0.
39937889	[INFO]	XnProperty.cpp	151	Property Depth1.XRes was changed to 320.
39937908	[INFO]	XnProperty.cpp	151	Property Depth1.YRes was changed to 240.
39937927	[INFO]	XnProperty.cpp	151	Property Depth1.FPS was changed to 30.
39937946	[INFO]	XnProperty.cpp	151	Property Depth1.OutputFormat was changed to 1.
39937965	[INFO]	XnProperty.cpp	151	Property Depth1.BytesPerPixel was changed to 2.
39937987	[INFO]	XnProperty.cpp	151	Property Depth1.RequiredDataSize was changed to 153600.
39938007	[INFO]	XnProperty.cpp	151	Property Depth1.ParamCoeff was changed to 4.
39938068	[INFO]	XnProperty.cpp	151	Property Depth1.ShiftScale was changed to 10.
39950537	[INFO]	XnProperty.cpp	151	Property Depth1.ConstShift was changed to 200.
39950630	[INFO]	XnProperty.cpp	151	Property Depth1.ZPD was changed to 120.
39950726	[INFO]	XnProperty.cpp	151	Property Depth1.ZPPS was changed to 0.104200.
39950741	[INFO]	XnProperty.cpp	151	Property Depth1.LDDIS was changed to 7.500000.
39950832	[INFO]	XnProperty.cpp	151	Property Depth1.Gain was changed to 30.
39950865	[INFO]	XnDeviceBase.cpp	1458	Stream 'Depth1' was initialized.
39950879	[INFO]	XnDeviceBase.cpp	1463	'Depth1' stream was created.
39951034	[INFO]	XnProperty.cpp	74	Setting Depth1.InputFormat to 3...
39951055	[INFO]	XnProperty.cpp	151	Property Depth1.InputFormat was changed to 3.
39951068	[INFO]	XnProperty.cpp	101	Depth1.InputFormat was successfully set.
39951505	[INFO]	XnProperty.cpp	74	Setting Depth1.RegistrationType to 2...
39951520	[INFO]	XnProperty.cpp	151	Property Depth1.RegistrationType was changed to 2.
39951532	[INFO]	XnProperty.cpp	101	Depth1.RegistrationType was successfully set.
39951998	[INFO]	XnDeviceModule.cpp	431	Module 'Depth1' configuration was loaded from file.
39952205	[INFO]	XnProperty.cpp	74	Setting Depth1.FPS to 30...
39952223	[INFO]	XnProperty.cpp	86	Depth1.FPS value did not change.
39952235	[INFO]	XnProperty.cpp	74	Setting Depth1.YRes to 480...
39952251	[INFO]	XnProperty.cpp	151	Property Depth1.Resolution was changed to 1.
39952264	[INFO]	XnProperty.cpp	151	Property Depth1.XRes was changed to 640.
39952277	[INFO]	XnProperty.cpp	151	Property Depth1.RequiredDataSize was changed to 307200.
39952292	[INFO]	XnProperty.cpp	151	Property Depth1.YRes was changed to 480.
39952304	[INFO]	XnProperty.cpp	151	Property Depth1.RequiredDataSize was changed to 614400.
39952317	[INFO]	XnProperty.cpp	101	Depth1.YRes was successfully set.
39952330	[INFO]	XnProperty.cpp	74	Setting Depth1.XRes to 640...
39952341	[INFO]	XnProperty.cpp	86	Depth1.XRes value did not change.
39952384	[INFO]	XnProperty.cpp	74	Setting Depth1.Mirror to 1...
39952399	[INFO]	XnProperty.cpp	151	Property Depth1.FirmwareMirror was changed to 1.
39952449	[INFO]	XnProperty.cpp	151	Property Depth1.Mirror was changed to 1.
39952461	[INFO]	XnProperty.cpp	101	Depth1.Mirror was successfully set.
81893237	[INFO]	XnOpenNI.cpp	1261	Creating node 'User1' of type User...
81918134	[WARNING]	Linux-x86Threads.cpp	173	Failed to set thread priority: Invalid argument
81918181	[WARNING]	XnUSBLinux-x86.cpp	126	USB events thread: Failed to set thread priority to critical. This might cause loss of data...
81918967	[INFO]	XnUSBLinux-x86.cpp	1222	USB read thread was started.
81918994	[INFO]	XnProperty.cpp	151	Property Depth1.ActualReadData was changed to 1.
82388520	[INFO]	XnProperty.cpp	151	Property Depth1.State was changed to 1.
82388564	[INFO]	XnDeviceBase.cpp	370	Stream Depth1 is open.
120406407	[INFO]	XnOpenNI.cpp	1261	Creating node 'Image1' of type Image...
120406460	[INFO]	XnDeviceBase.cpp	1383	Creating stream 'Image1' of type 'Image'...
120406740	[INFO]	XnProperty.cpp	151	Property Image1.Resolution was changed to 0.
120406795	[INFO]	XnProperty.cpp	151	Property Image1.XRes was changed to 320.
120406815	[INFO]	XnProperty.cpp	151	Property Image1.YRes was changed to 240.
120406832	[INFO]	XnProperty.cpp	151	Property Image1.FPS was changed to 30.
120406861	[INFO]	XnProperty.cpp	151	Property Image1.OutputFormat was changed to 5.
120406882	[INFO]	XnProperty.cpp	151	Property Image1.BytesPerPixel was changed to 3.
120406901	[INFO]	XnProperty.cpp	151	Property Image1.RequiredDataSize was changed to 230400.
120406938	[INFO]	XnDeviceBase.cpp	1458	Stream 'Image1' was initialized.
120406963	[INFO]	XnDeviceBase.cpp	1463	'Image1' stream was created.
120407110	[INFO]	XnProperty.cpp	74	Setting Image1.InputFormat to 6...
120407139	[INFO]	XnProperty.cpp	151	Property Image1.InputFormat was changed to 6.
120407155	[INFO]	XnProperty.cpp	101	Image1.InputFormat was successfully set.
120407646	[INFO]	XnDeviceModule.cpp	431	Module 'Image1' configuration was loaded from file.
120407766	[INFO]	XnProperty.cpp	74	Setting Image1.FPS to 30...
120407790	[INFO]	XnProperty.cpp	86	Image1.FPS value did not change.
120407806	[INFO]	XnProperty.cpp	74	Setting Image1.YRes to 480...
120407824	[INFO]	XnProperty.cpp	151	Property Image1.Resolution was changed to 1.
120407843	[INFO]	XnProperty.cpp	151	Property Image1.XRes was changed to 640.
120407861	[INFO]	XnProperty.cpp	151	Property Image1.RequiredDataSize was changed to 460800.
120407885	[INFO]	XnProperty.cpp	151	Property Image1.YRes was changed to 480.
120407903	[INFO]	XnProperty.cpp	151	Property Image1.RequiredDataSize was changed to 921600.
120407921	[INFO]	XnProperty.cpp	101	Image1.YRes was successfully set.
120407939	[INFO]	XnProperty.cpp	74	Setting Image1.XRes to 640...
120407955	[INFO]	XnProperty.cpp	86	Image1.XRes value did not change.
120409166	[INFO]	XnUSBLinux-x86.cpp	1222	USB read thread was started.
120409232	[INFO]	XnProperty.cpp	151	Property Image1.ActualReadData was changed to 1.
120591600	[WARNING]	XnDepthProcessor.cpp	133	Read: Depth buffer is corrupt. Size is 556384 (!= 614400)
120591647	[WARNING]	XnFrameStreamProcessor.cpp	132	Depth frame is corrupt!
123495605	[WARNING]	XnDepthProcessor.cpp	133	Read: Depth buffer is corrupt. Size is 594368 (!= 614400)
123495651	[WARNING]	XnFrameStreamProcessor.cpp	132	Depth frame is corrupt!
123609925	[INFO]	XnProperty.cpp	151	Property Image1.State was changed to 1.
123609973	[INFO]	XnDeviceBase.cpp	370	Stream Image1 is open.
123610162	[INFO]	XnProperty.cpp	74	Setting Depth1.Registration to 1...
123616584	[WARNING]	XnFirmwareStreams.cpp	324	Unknown packet type (0x4056)!!!
123620578	[WARNING]	XnFirmwareStreams.cpp	324	Unknown packet type (0x4056)!!!
123631576	[WARNING]	XnDepthProcessor.cpp	133	Read: Depth buffer is corrupt. Size is 582064 (!= 614400)
123631620	[WARNING]	XnFrameStreamProcessor.cpp	132	Depth frame is corrupt!
123663595	[WARNING]	XnDepthProcessor.cpp	133	Read: Depth buffer is corrupt. Size is 590640 (!= 614400)
123663641	[WARNING]	XnFrameStreamProcessor.cpp	132	Depth frame is corrupt!
123763052	[INFO]	XnProperty.cpp	151	Property Depth1.Registration was changed to 1.
123763104	[INFO]	XnProperty.cpp	101	Depth1.Registration was successfully set.
123763192	[INFO]	XnProperty.cpp	74	Setting Image1.Mirror to 1...
123775602	[INFO]	XnProperty.cpp	151	Property Image1.FirmwareMirror was changed to 1.
123775647	[INFO]	XnProperty.cpp	151	Property Image1.Mirror was changed to 1.
123775659	[INFO]	XnProperty.cpp	101	Image1.Mirror was successfully set.
150730013	[INFO]	XnOpenNI.cpp	1459	Destroying node 'User1'
150738735	[INFO]	XnOpenNI.cpp	1459	Destroying node 'Depth1'
150738836	[INFO]	XnDeviceBase.cpp	1507	Destroying stream 'Depth1'...
150741208	[INFO]	XnOpenNI.cpp	1459	Destroying node 'Image1'
150741286	[INFO]	XnDeviceBase.cpp	1507	Destroying stream 'Image1'...
150742464	[INFO]	XnOpenNI.cpp	1459	Destroying node 'Device1'
