    1401	[INFO]	XnLog.cpp	165	OpenNI version is 1.0.0 (Build 25)-MacOSX (Jan  7 2011 14:20:18)
    1446	[INFO]	XnLog.cpp	173	Log system initialized. Console: 1, File: 1, Severity: INFO, Masks: ALL
    1469	[INFO]	XnLog.cpp	173	Log system initialized. Console: 1, File: 1, Severity: INFO, Masks: ALL
    2593	[INFO]	XnUSBLinux-x86.cpp	98	USB is initialized.
 4158364	[INFO]	XnOpenNI.cpp	1261	Creating node 'Device1' of type Device...
 4159373	[INFO]	XnDeviceModule.cpp	431	Module 'Device' configuration was loaded from file.
 4825971	[INFO]	XnDeviceSensorIO.cpp	135	Connected to USB device
 4826023	[INFO]	XnProperty.cpp	151	Property Device.USBPath was changed to 045e/02ae@250/10.
 4833863	[INFO]	XnHostProtocol.cpp	825	Hardware versions: FW=5.1.4 (7) HW=4 Chip=2 Sensor=4 SYS=7
 6245455	[INFO]	XnProperty.cpp	151	Property Device.ID was changed to 0.
 6245550	[INFO]	XnSensor.cpp	182	Device sensor initialized
 6245663	[INFO]	XnOpenNI.cpp	1261	Creating node 'Depth1' of type Depth...
 6245701	[INFO]	XnDeviceBase.cpp	1383	Creating stream 'Depth1' of type 'Depth'...
 6245719	[INFO]	XnProperty.cpp	74	Setting Device.ReadData to 1...
 6245749	[INFO]	XnDeviceSensorIO.cpp	298	Endpoints open
 6258259	[INFO]	XnProperty.cpp	151	Property Device.ReadData was changed to 1.
 6258328	[INFO]	XnProperty.cpp	101	Device.ReadData was successfully set.
 6258839	[INFO]	XnProperty.cpp	151	Property Depth1.Resolution was changed to 0.
 6258868	[INFO]	XnProperty.cpp	151	Property Depth1.XRes was changed to 320.
 6258889	[INFO]	XnProperty.cpp	151	Property Depth1.YRes was changed to 240.
 6258910	[INFO]	XnProperty.cpp	151	Property Depth1.FPS was changed to 30.
 6258931	[INFO]	XnProperty.cpp	151	Property Depth1.OutputFormat was changed to 1.
 6258951	[INFO]	XnProperty.cpp	151	Property Depth1.BytesPerPixel was changed to 2.
 6258971	[INFO]	XnProperty.cpp	151	Property Depth1.RequiredDataSize was changed to 153600.
 6258995	[INFO]	XnProperty.cpp	151	Property Depth1.ParamCoeff was changed to 4.
 6259073	[INFO]	XnProperty.cpp	151	Property Depth1.ShiftScale was changed to 10.
 6271503	[INFO]	XnProperty.cpp	151	Property Depth1.ConstShift was changed to 200.
 6271592	[INFO]	XnProperty.cpp	151	Property Depth1.ZPD was changed to 120.
 6271711	[INFO]	XnProperty.cpp	151	Property Depth1.ZPPS was changed to 0.104200.
 6271740	[INFO]	XnProperty.cpp	151	Property Depth1.LDDIS was changed to 7.500000.
 6271857	[INFO]	XnProperty.cpp	151	Property Depth1.Gain was changed to 30.
 6271901	[INFO]	XnDeviceBase.cpp	1458	Stream 'Depth1' was initialized.
 6271926	[INFO]	XnDeviceBase.cpp	1463	'Depth1' stream was created.
 6272146	[INFO]	XnProperty.cpp	74	Setting Depth1.InputFormat to 3...
 6272179	[INFO]	XnProperty.cpp	151	Property Depth1.InputFormat was changed to 3.
 6272201	[INFO]	XnProperty.cpp	101	Depth1.InputFormat was successfully set.
 6272898	[INFO]	XnProperty.cpp	74	Setting Depth1.RegistrationType to 2...
 6272929	[INFO]	XnProperty.cpp	151	Property Depth1.RegistrationType was changed to 2.
 6272950	[INFO]	XnProperty.cpp	101	Depth1.RegistrationType was successfully set.
 6273646	[INFO]	XnDeviceModule.cpp	431	Module 'Depth1' configuration was loaded from file.
 6273889	[INFO]	XnProperty.cpp	74	Setting Depth1.FPS to 30...
 6273916	[INFO]	XnProperty.cpp	86	Depth1.FPS value did not change.
 6273938	[INFO]	XnProperty.cpp	74	Setting Depth1.YRes to 480...
 6273960	[INFO]	XnProperty.cpp	151	Property Depth1.Resolution was changed to 1.
 6273979	[INFO]	XnProperty.cpp	151	Property Depth1.XRes was changed to 640.
 6274001	[INFO]	XnProperty.cpp	151	Property Depth1.RequiredDataSize was changed to 307200.
 6274026	[INFO]	XnProperty.cpp	151	Property Depth1.YRes was changed to 480.
 6274048	[INFO]	XnProperty.cpp	151	Property Depth1.RequiredDataSize was changed to 614400.
 6274071	[INFO]	XnProperty.cpp	101	Depth1.YRes was successfully set.
 6274093	[INFO]	XnProperty.cpp	74	Setting Depth1.XRes to 640...
 6274112	[INFO]	XnProperty.cpp	86	Depth1.XRes value did not change.
 6274177	[INFO]	XnProperty.cpp	74	Setting Depth1.Mirror to 1...
 6274203	[INFO]	XnProperty.cpp	151	Property Depth1.FirmwareMirror was changed to 1.
 6274265	[INFO]	XnProperty.cpp	151	Property Depth1.Mirror was changed to 1.
 6274288	[INFO]	XnProperty.cpp	101	Depth1.Mirror was successfully set.
12314069	[INFO]	XnOpenNI.cpp	1261	Creating node 'User1' of type User...
12337573	[WARNING]	Linux-x86Threads.cpp	173	Failed to set thread priority: Invalid argument
12337617	[WARNING]	XnUSBLinux-x86.cpp	126	USB events thread: Failed to set thread priority to critical. This might cause loss of data...
12338435	[INFO]	XnUSBLinux-x86.cpp	1222	USB read thread was started.
12338463	[INFO]	XnProperty.cpp	151	Property Depth1.ActualReadData was changed to 1.
12809950	[INFO]	XnProperty.cpp	151	Property Depth1.State was changed to 1.
12810019	[INFO]	XnDeviceBase.cpp	370	Stream Depth1 is open.
18811768	[INFO]	XnOpenNI.cpp	1261	Creating node 'Image1' of type Image...
18811819	[INFO]	XnDeviceBase.cpp	1383	Creating stream 'Image1' of type 'Image'...
18811999	[INFO]	XnProperty.cpp	151	Property Image1.Resolution was changed to 0.
18812017	[INFO]	XnProperty.cpp	151	Property Image1.XRes was changed to 320.
18812031	[INFO]	XnProperty.cpp	151	Property Image1.YRes was changed to 240.
18812043	[INFO]	XnProperty.cpp	151	Property Image1.FPS was changed to 30.
18812054	[INFO]	XnProperty.cpp	151	Property Image1.OutputFormat was changed to 5.
18812066	[INFO]	XnProperty.cpp	151	Property Image1.BytesPerPixel was changed to 3.
18812079	[INFO]	XnProperty.cpp	151	Property Image1.RequiredDataSize was changed to 230400.
18812106	[INFO]	XnDeviceBase.cpp	1458	Stream 'Image1' was initialized.
18812120	[INFO]	XnDeviceBase.cpp	1463	'Image1' stream was created.
18812225	[INFO]	XnProperty.cpp	74	Setting Image1.InputFormat to 6...
18812246	[INFO]	XnProperty.cpp	151	Property Image1.InputFormat was changed to 6.
18812259	[INFO]	XnProperty.cpp	101	Image1.InputFormat was successfully set.
18812670	[INFO]	XnDeviceModule.cpp	431	Module 'Image1' configuration was loaded from file.
18812805	[INFO]	XnProperty.cpp	74	Setting Image1.FPS to 30...
18812833	[INFO]	XnProperty.cpp	86	Image1.FPS value did not change.
18812852	[INFO]	XnProperty.cpp	74	Setting Image1.YRes to 480...
18812873	[INFO]	XnProperty.cpp	151	Property Image1.Resolution was changed to 1.
18812891	[INFO]	XnProperty.cpp	151	Property Image1.XRes was changed to 640.
18812909	[INFO]	XnProperty.cpp	151	Property Image1.RequiredDataSize was changed to 460800.
18812938	[INFO]	XnProperty.cpp	151	Property Image1.YRes was changed to 480.
18812960	[INFO]	XnProperty.cpp	151	Property Image1.RequiredDataSize was changed to 921600.
18812980	[INFO]	XnProperty.cpp	101	Image1.YRes was successfully set.
18813002	[INFO]	XnProperty.cpp	74	Setting Image1.XRes to 640...
18813018	[INFO]	XnProperty.cpp	86	Image1.XRes value did not change.
18814184	[INFO]	XnUSBLinux-x86.cpp	1222	USB read thread was started.
18814234	[INFO]	XnProperty.cpp	151	Property Image1.ActualReadData was changed to 1.
18986448	[WARNING]	XnFrameStreamProcessor.cpp	140	Depth Frame Buffer overflow! current size: 612768
18986495	[WARNING]	XnFrameStreamProcessor.cpp	132	Depth frame is corrupt!
19014430	[WARNING]	XnDepthProcessor.cpp	133	Read: Depth buffer is corrupt. Size is 612768 (!= 614400)
21918488	[WARNING]	XnDepthProcessor.cpp	133	Read: Depth buffer is corrupt. Size is 591920 (!= 614400)
21918534	[WARNING]	XnFrameStreamProcessor.cpp	132	Depth frame is corrupt!
22015096	[INFO]	XnProperty.cpp	151	Property Image1.State was changed to 1.
22015148	[INFO]	XnDeviceBase.cpp	370	Stream Image1 is open.
22015335	[INFO]	XnProperty.cpp	74	Setting Depth1.Registration to 1...
22050515	[WARNING]	XnDepthProcessor.cpp	133	Read: Depth buffer is corrupt. Size is 580400 (!= 614400)
22050562	[WARNING]	XnFrameStreamProcessor.cpp	132	Depth frame is corrupt!
22167331	[INFO]	XnProperty.cpp	151	Property Depth1.Registration was changed to 1.
22167374	[INFO]	XnProperty.cpp	101	Depth1.Registration was successfully set.
22167421	[INFO]	XnProperty.cpp	74	Setting Image1.Mirror to 1...
22179703	[INFO]	XnProperty.cpp	151	Property Image1.FirmwareMirror was changed to 1.
22179747	[INFO]	XnProperty.cpp	151	Property Image1.Mirror was changed to 1.
22179799	[INFO]	XnProperty.cpp	101	Image1.Mirror was successfully set.
