   26870	[INFO]	XnLog.cpp	165	OpenNI version is 1.0.0 (Build 25)-MacOSX (Jan  7 2011 14:20:18)
   26945	[INFO]	XnLog.cpp	173	Log system initialized. Console: 1, File: 1, Severity: INFO, Masks: ALL
   26980	[INFO]	XnLog.cpp	173	Log system initialized. Console: 1, File: 1, Severity: INFO, Masks: ALL
   28298	[INFO]	XnUSBLinux-x86.cpp	98	USB is initialized.
 2506518	[INFO]	XnOpenNI.cpp	1261	Creating node 'Device1' of type Device...
 2507278	[INFO]	XnDeviceModule.cpp	431	Module 'Device' configuration was loaded from file.
 2830173	[INFO]	XnDeviceSensorIO.cpp	135	Connected to USB device
 2830228	[INFO]	XnProperty.cpp	151	Property Device.USBPath was changed to 045e/02ae@253/8.
 2838835	[INFO]	XnHostProtocol.cpp	825	Hardware versions: FW=5.1.4 (7) HW=4 Chip=2 Sensor=4 SYS=7
 4245010	[INFO]	XnProperty.cpp	151	Property Device.ID was changed to 0.
 4245078	[INFO]	XnSensor.cpp	182	Device sensor initialized
 4245201	[INFO]	XnOpenNI.cpp	1261	Creating node 'Depth1' of type Depth...
 4245251	[INFO]	XnDeviceBase.cpp	1383	Creating stream 'Depth1' of type 'Depth'...
 4245275	[INFO]	XnProperty.cpp	74	Setting Device.ReadData to 1...
 4245317	[INFO]	XnDeviceSensorIO.cpp	298	Endpoints open
 4257878	[INFO]	XnProperty.cpp	151	Property Device.ReadData was changed to 1.
 4257938	[INFO]	XnProperty.cpp	101	Device.ReadData was successfully set.
 4258415	[INFO]	XnProperty.cpp	151	Property Depth1.Resolution was changed to 0.
 4258449	[INFO]	XnProperty.cpp	151	Property Depth1.XRes was changed to 320.
 4258470	[INFO]	XnProperty.cpp	151	Property Depth1.YRes was changed to 240.
 4258489	[INFO]	XnProperty.cpp	151	Property Depth1.FPS was changed to 30.
 4258515	[INFO]	XnProperty.cpp	151	Property Depth1.OutputFormat was changed to 1.
 4258533	[INFO]	XnProperty.cpp	151	Property Depth1.BytesPerPixel was changed to 2.
 4258552	[INFO]	XnProperty.cpp	151	Property Depth1.RequiredDataSize was changed to 153600.
 4258577	[INFO]	XnProperty.cpp	151	Property Depth1.ParamCoeff was changed to 4.
 4258653	[INFO]	XnProperty.cpp	151	Property Depth1.ShiftScale was changed to 10.
 4270871	[INFO]	XnProperty.cpp	151	Property Depth1.ConstShift was changed to 200.
 4270965	[INFO]	XnProperty.cpp	151	Property Depth1.ZPD was changed to 120.
 4271079	[INFO]	XnProperty.cpp	151	Property Depth1.ZPPS was changed to 0.104200.
 4271104	[INFO]	XnProperty.cpp	151	Property Depth1.LDDIS was changed to 7.500000.
 4271225	[INFO]	XnProperty.cpp	151	Property Depth1.Gain was changed to 30.
 4271268	[INFO]	XnDeviceBase.cpp	1458	Stream 'Depth1' was initialized.
 4271292	[INFO]	XnDeviceBase.cpp	1463	'Depth1' stream was created.
 4271498	[INFO]	XnProperty.cpp	74	Setting Depth1.InputFormat to 3...
 4271531	[INFO]	XnProperty.cpp	151	Property Depth1.InputFormat was changed to 3.
 4271553	[INFO]	XnProperty.cpp	101	Depth1.InputFormat was successfully set.
 4272246	[INFO]	XnProperty.cpp	74	Setting Depth1.RegistrationType to 2...
 4272274	[INFO]	XnProperty.cpp	151	Property Depth1.RegistrationType was changed to 2.
 4272293	[INFO]	XnProperty.cpp	101	Depth1.RegistrationType was successfully set.
 4273058	[INFO]	XnDeviceModule.cpp	431	Module 'Depth1' configuration was loaded from file.
 4273319	[INFO]	XnProperty.cpp	74	Setting Depth1.FPS to 30...
 4273344	[INFO]	XnProperty.cpp	86	Depth1.FPS value did not change.
 4273364	[INFO]	XnProperty.cpp	74	Setting Depth1.YRes to 480...
 4273387	[INFO]	XnProperty.cpp	151	Property Depth1.Resolution was changed to 1.
 4273410	[INFO]	XnProperty.cpp	151	Property Depth1.XRes was changed to 640.
 4273430	[INFO]	XnProperty.cpp	151	Property Depth1.RequiredDataSize was changed to 307200.
 4273452	[INFO]	XnProperty.cpp	151	Property Depth1.YRes was changed to 480.
 4273470	[INFO]	XnProperty.cpp	151	Property Depth1.RequiredDataSize was changed to 614400.
 4273490	[INFO]	XnProperty.cpp	101	Depth1.YRes was successfully set.
 4273510	[INFO]	XnProperty.cpp	74	Setting Depth1.XRes to 640...
 4273529	[INFO]	XnProperty.cpp	86	Depth1.XRes value did not change.
 4273594	[INFO]	XnProperty.cpp	74	Setting Depth1.Mirror to 1...
 4273620	[INFO]	XnProperty.cpp	151	Property Depth1.FirmwareMirror was changed to 1.
 4273685	[INFO]	XnProperty.cpp	151	Property Depth1.Mirror was changed to 1.
 4273706	[INFO]	XnProperty.cpp	101	Depth1.Mirror was successfully set.
 7388211	[INFO]	XnOpenNI.cpp	1261	Creating node 'User1' of type User...
 7412733	[WARNING]	Linux-x86Threads.cpp	173	Failed to set thread priority: Invalid argument
 7412781	[WARNING]	XnUSBLinux-x86.cpp	126	USB events thread: Failed to set thread priority to critical. This might cause loss of data...
 7413621	[INFO]	XnUSBLinux-x86.cpp	1222	USB read thread was started.
 7413649	[INFO]	XnProperty.cpp	151	Property Depth1.ActualReadData was changed to 1.
 7884563	[INFO]	XnProperty.cpp	151	Property Depth1.State was changed to 1.
 7884621	[INFO]	XnDeviceBase.cpp	370	Stream Depth1 is open.
10345874	[INFO]	XnOpenNI.cpp	1261	Creating node 'Image1' of type Image...
10345927	[INFO]	XnDeviceBase.cpp	1383	Creating stream 'Image1' of type 'Image'...
10346114	[INFO]	XnProperty.cpp	151	Property Image1.Resolution was changed to 0.
10346134	[INFO]	XnProperty.cpp	151	Property Image1.XRes was changed to 320.
10346147	[INFO]	XnProperty.cpp	151	Property Image1.YRes was changed to 240.
10346159	[INFO]	XnProperty.cpp	151	Property Image1.FPS was changed to 30.
10346169	[INFO]	XnProperty.cpp	151	Property Image1.OutputFormat was changed to 5.
10346181	[INFO]	XnProperty.cpp	151	Property Image1.BytesPerPixel was changed to 3.
10346193	[INFO]	XnProperty.cpp	151	Property Image1.RequiredDataSize was changed to 230400.
10346222	[INFO]	XnDeviceBase.cpp	1458	Stream 'Image1' was initialized.
10346236	[INFO]	XnDeviceBase.cpp	1463	'Image1' stream was created.
10346344	[INFO]	XnProperty.cpp	74	Setting Image1.InputFormat to 6...
10346365	[INFO]	XnProperty.cpp	151	Property Image1.InputFormat was changed to 6.
10346378	[INFO]	XnProperty.cpp	101	Image1.InputFormat was successfully set.
10346797	[INFO]	XnDeviceModule.cpp	431	Module 'Image1' configuration was loaded from file.
10346882	[INFO]	XnProperty.cpp	74	Setting Image1.FPS to 30...
10346898	[INFO]	XnProperty.cpp	86	Image1.FPS value did not change.
10346909	[INFO]	XnProperty.cpp	74	Setting Image1.YRes to 480...
10346922	[INFO]	XnProperty.cpp	151	Property Image1.Resolution was changed to 1.
10346934	[INFO]	XnProperty.cpp	151	Property Image1.XRes was changed to 640.
10346945	[INFO]	XnProperty.cpp	151	Property Image1.RequiredDataSize was changed to 460800.
10346959	[INFO]	XnProperty.cpp	151	Property Image1.YRes was changed to 480.
10346971	[INFO]	XnProperty.cpp	151	Property Image1.RequiredDataSize was changed to 921600.
10346982	[INFO]	XnProperty.cpp	101	Image1.YRes was successfully set.
10346995	[INFO]	XnProperty.cpp	74	Setting Image1.XRes to 640...
10347006	[INFO]	XnProperty.cpp	86	Image1.XRes value did not change.
10347881	[INFO]	XnUSBLinux-x86.cpp	1222	USB read thread was started.
10347915	[INFO]	XnProperty.cpp	151	Property Image1.ActualReadData was changed to 1.
10417744	[WARNING]	XnDepthProcessor.cpp	133	Read: Depth buffer is corrupt. Size is 600752 (!= 614400)
10417794	[WARNING]	XnFrameStreamProcessor.cpp	132	Depth frame is corrupt!
10517756	[WARNING]	XnFirmwareStreams.cpp	324	Unknown packet type (0x4847)!!!
10517807	[WARNING]	XnDepthProcessor.cpp	133	Read: Depth buffer is corrupt. Size is 576288 (!= 614400)
10517820	[WARNING]	XnFrameStreamProcessor.cpp	132	Depth frame is corrupt!
10549820	[WARNING]	XnDepthProcessor.cpp	133	Read: Depth buffer is corrupt. Size is 598544 (!= 614400)
10549869	[WARNING]	XnFrameStreamProcessor.cpp	132	Depth frame is corrupt!
13421816	[WARNING]	XnDepthProcessor.cpp	133	Read: Depth buffer is corrupt. Size is 589088 (!= 614400)
13421863	[WARNING]	XnFrameStreamProcessor.cpp	132	Depth frame is corrupt!
13453823	[WARNING]	XnDepthProcessor.cpp	133	Read: Depth buffer is corrupt. Size is 594656 (!= 614400)
13453897	[WARNING]	XnFrameStreamProcessor.cpp	132	Depth frame is corrupt!
13548990	[INFO]	XnProperty.cpp	151	Property Image1.State was changed to 1.
13549040	[INFO]	XnDeviceBase.cpp	370	Stream Image1 is open.
13549248	[INFO]	XnProperty.cpp	74	Setting Depth1.Registration to 1...
13585866	[WARNING]	XnDepthProcessor.cpp	133	Read: Depth buffer is corrupt. Size is 589792 (!= 614400)
13585948	[WARNING]	XnFrameStreamProcessor.cpp	132	Depth frame is corrupt!
13702415	[INFO]	XnProperty.cpp	151	Property Depth1.Registration was changed to 1.
13702459	[INFO]	XnProperty.cpp	101	Depth1.Registration was successfully set.
13702507	[INFO]	XnProperty.cpp	74	Setting Image1.Mirror to 1...
13714929	[INFO]	XnProperty.cpp	151	Property Image1.FirmwareMirror was changed to 1.
13714971	[INFO]	XnProperty.cpp	151	Property Image1.Mirror was changed to 1.
13714984	[INFO]	XnProperty.cpp	101	Image1.Mirror was successfully set.
21018561	[INFO]	XnOpenNI.cpp	1459	Destroying node 'User1'
21027030	[INFO]	XnOpenNI.cpp	1459	Destroying node 'Depth1'
21027121	[INFO]	XnDeviceBase.cpp	1507	Destroying stream 'Depth1'...
21028436	[INFO]	XnOpenNI.cpp	1459	Destroying node 'Image1'
21028477	[INFO]	XnDeviceBase.cpp	1507	Destroying stream 'Image1'...
21029307	[INFO]	XnOpenNI.cpp	1459	Destroying node 'Device1'
