    1404	[INFO]	XnLog.cpp	165	OpenNI version is 1.0.0 (Build 25)-MacOSX (Jan  7 2011 14:20:18)
    1448	[INFO]	XnLog.cpp	173	Log system initialized. Console: 1, File: 1, Severity: INFO, Masks: ALL
    1472	[INFO]	XnLog.cpp	173	Log system initialized. Console: 1, File: 1, Severity: INFO, Masks: ALL
    2632	[INFO]	XnUSBLinux-x86.cpp	98	USB is initialized.
 1963480	[INFO]	XnOpenNI.cpp	1261	Creating node 'Device1' of type Device...
 1964530	[INFO]	XnDeviceModule.cpp	431	Module 'Device' configuration was loaded from file.
 2230344	[INFO]	XnDeviceSensorIO.cpp	135	Connected to USB device
 2230395	[INFO]	XnProperty.cpp	151	Property Device.USBPath was changed to 045e/02ae@250/10.
 2237968	[INFO]	XnHostProtocol.cpp	825	Hardware versions: FW=5.1.4 (7) HW=4 Chip=2 Sensor=4 SYS=7
 3752693	[INFO]	XnProperty.cpp	151	Property Device.ID was changed to 0.
 3752751	[INFO]	XnSensor.cpp	182	Device sensor initialized
 3752855	[INFO]	XnOpenNI.cpp	1261	Creating node 'Depth1' of type Depth...
 3752898	[INFO]	XnDeviceBase.cpp	1383	Creating stream 'Depth1' of type 'Depth'...
 3752916	[INFO]	XnProperty.cpp	74	Setting Device.ReadData to 1...
 3752953	[INFO]	XnDeviceSensorIO.cpp	298	Endpoints open
 3765089	[INFO]	XnProperty.cpp	151	Property Device.ReadData was changed to 1.
 3765134	[INFO]	XnProperty.cpp	101	Device.ReadData was successfully set.
 3765529	[INFO]	XnProperty.cpp	151	Property Depth1.Resolution was changed to 0.
 3765551	[INFO]	XnProperty.cpp	151	Property Depth1.XRes was changed to 320.
 3765564	[INFO]	XnProperty.cpp	151	Property Depth1.YRes was changed to 240.
 3765576	[INFO]	XnProperty.cpp	151	Property Depth1.FPS was changed to 30.
 3765588	[INFO]	XnProperty.cpp	151	Property Depth1.OutputFormat was changed to 1.
 3765599	[INFO]	XnProperty.cpp	151	Property Depth1.BytesPerPixel was changed to 2.
 3765611	[INFO]	XnProperty.cpp	151	Property Depth1.RequiredDataSize was changed to 153600.
 3765627	[INFO]	XnProperty.cpp	151	Property Depth1.ParamCoeff was changed to 4.
 3765692	[INFO]	XnProperty.cpp	151	Property Depth1.ShiftScale was changed to 10.
 3777879	[INFO]	XnProperty.cpp	151	Property Depth1.ConstShift was changed to 200.
 3777965	[INFO]	XnProperty.cpp	151	Property Depth1.ZPD was changed to 120.
 3778062	[INFO]	XnProperty.cpp	151	Property Depth1.ZPPS was changed to 0.104200.
 3778076	[INFO]	XnProperty.cpp	151	Property Depth1.LDDIS was changed to 7.500000.
 3778167	[INFO]	XnProperty.cpp	151	Property Depth1.Gain was changed to 30.
 3778200	[INFO]	XnDeviceBase.cpp	1458	Stream 'Depth1' was initialized.
 3778214	[INFO]	XnDeviceBase.cpp	1463	'Depth1' stream was created.
 3778382	[INFO]	XnProperty.cpp	74	Setting Depth1.InputFormat to 3...
 3778413	[INFO]	XnProperty.cpp	151	Property Depth1.InputFormat was changed to 3.
 3778433	[INFO]	XnProperty.cpp	101	Depth1.InputFormat was successfully set.
 3778878	[INFO]	XnProperty.cpp	74	Setting Depth1.RegistrationType to 2...
 3778898	[INFO]	XnProperty.cpp	151	Property Depth1.RegistrationType was changed to 2.
 3778910	[INFO]	XnProperty.cpp	101	Depth1.RegistrationType was successfully set.
 3779370	[INFO]	XnDeviceModule.cpp	431	Module 'Depth1' configuration was loaded from file.
 3779573	[INFO]	XnProperty.cpp	74	Setting Depth1.FPS to 30...
 3779591	[INFO]	XnProperty.cpp	86	Depth1.FPS value did not change.
 3779603	[INFO]	XnProperty.cpp	74	Setting Depth1.YRes to 480...
 3779617	[INFO]	XnProperty.cpp	151	Property Depth1.Resolution was changed to 1.
 3779630	[INFO]	XnProperty.cpp	151	Property Depth1.XRes was changed to 640.
 3779642	[INFO]	XnProperty.cpp	151	Property Depth1.RequiredDataSize was changed to 307200.
 3779663	[INFO]	XnProperty.cpp	151	Property Depth1.YRes was changed to 480.
 3779681	[INFO]	XnProperty.cpp	151	Property Depth1.RequiredDataSize was changed to 614400.
 3779698	[INFO]	XnProperty.cpp	101	Depth1.YRes was successfully set.
 3779711	[INFO]	XnProperty.cpp	74	Setting Depth1.XRes to 640...
 3779722	[INFO]	XnProperty.cpp	86	Depth1.XRes value did not change.
 3779769	[INFO]	XnProperty.cpp	74	Setting Depth1.Mirror to 1...
 3779784	[INFO]	XnProperty.cpp	151	Property Depth1.FirmwareMirror was changed to 1.
 3779828	[INFO]	XnProperty.cpp	151	Property Depth1.Mirror was changed to 1.
 3779840	[INFO]	XnProperty.cpp	101	Depth1.Mirror was successfully set.
 4877160	[INFO]	XnOpenNI.cpp	1261	Creating node 'User1' of type User...
 4902336	[WARNING]	Linux-x86Threads.cpp	173	Failed to set thread priority: Invalid argument
 4902380	[WARNING]	XnUSBLinux-x86.cpp	126	USB events thread: Failed to set thread priority to critical. This might cause loss of data...
 4903231	[INFO]	XnUSBLinux-x86.cpp	1222	USB read thread was started.
 4903258	[INFO]	XnProperty.cpp	151	Property Depth1.ActualReadData was changed to 1.
 5373769	[INFO]	XnProperty.cpp	151	Property Depth1.State was changed to 1.
 5373813	[INFO]	XnDeviceBase.cpp	370	Stream Depth1 is open.
 6476893	[INFO]	XnOpenNI.cpp	1261	Creating node 'Image1' of type Image...
 6476944	[INFO]	XnDeviceBase.cpp	1383	Creating stream 'Image1' of type 'Image'...
 6477175	[INFO]	XnProperty.cpp	151	Property Image1.Resolution was changed to 0.
 6477203	[INFO]	XnProperty.cpp	151	Property Image1.XRes was changed to 320.
 6477222	[INFO]	XnProperty.cpp	151	Property Image1.YRes was changed to 240.
 6477242	[INFO]	XnProperty.cpp	151	Property Image1.FPS was changed to 30.
 6477260	[INFO]	XnProperty.cpp	151	Property Image1.OutputFormat was changed to 5.
 6477277	[INFO]	XnProperty.cpp	151	Property Image1.BytesPerPixel was changed to 3.
 6477295	[INFO]	XnProperty.cpp	151	Property Image1.RequiredDataSize was changed to 230400.
 6477334	[INFO]	XnDeviceBase.cpp	1458	Stream 'Image1' was initialized.
 6477355	[INFO]	XnDeviceBase.cpp	1463	'Image1' stream was created.
 6477496	[INFO]	XnProperty.cpp	74	Setting Image1.InputFormat to 6...
 6477527	[INFO]	XnProperty.cpp	151	Property Image1.InputFormat was changed to 6.
 6477547	[INFO]	XnProperty.cpp	101	Image1.InputFormat was successfully set.
 6478173	[INFO]	XnDeviceModule.cpp	431	Module 'Image1' configuration was loaded from file.
 6478290	[INFO]	XnProperty.cpp	74	Setting Image1.FPS to 30...
 6478319	[INFO]	XnProperty.cpp	86	Image1.FPS value did not change.
 6478342	[INFO]	XnProperty.cpp	74	Setting Image1.YRes to 480...
 6478365	[INFO]	XnProperty.cpp	151	Property Image1.Resolution was changed to 1.
 6478387	[INFO]	XnProperty.cpp	151	Property Image1.XRes was changed to 640.
 6478410	[INFO]	XnProperty.cpp	151	Property Image1.RequiredDataSize was changed to 460800.
 6478435	[INFO]	XnProperty.cpp	151	Property Image1.YRes was changed to 480.
 6478458	[INFO]	XnProperty.cpp	151	Property Image1.RequiredDataSize was changed to 921600.
 6478481	[INFO]	XnProperty.cpp	101	Image1.YRes was successfully set.
 6478506	[INFO]	XnProperty.cpp	74	Setting Image1.XRes to 640...
 6478526	[INFO]	XnProperty.cpp	86	Image1.XRes value did not change.
 6479624	[INFO]	XnUSBLinux-x86.cpp	1222	USB read thread was started.
 6479669	[INFO]	XnProperty.cpp	151	Property Image1.ActualReadData was changed to 1.
 6671205	[WARNING]	XnDepthProcessor.cpp	133	Read: Depth buffer is corrupt. Size is 570368 (!= 614400)
 6671250	[WARNING]	XnFrameStreamProcessor.cpp	132	Depth frame is corrupt!
 9575243	[WARNING]	XnDepthProcessor.cpp	133	Read: Depth buffer is corrupt. Size is 572544 (!= 614400)
 9575290	[WARNING]	XnFrameStreamProcessor.cpp	132	Depth frame is corrupt!
 9680689	[INFO]	XnProperty.cpp	151	Property Image1.State was changed to 1.
 9680731	[INFO]	XnDeviceBase.cpp	370	Stream Image1 is open.
 9680930	[INFO]	XnProperty.cpp	74	Setting Depth1.Registration to 1...
 9707269	[WARNING]	XnDepthProcessor.cpp	133	Read: Depth buffer is corrupt. Size is 586112 (!= 614400)
 9707316	[WARNING]	XnFrameStreamProcessor.cpp	132	Depth frame is corrupt!
 9833775	[INFO]	XnProperty.cpp	151	Property Depth1.Registration was changed to 1.
 9833818	[INFO]	XnProperty.cpp	101	Depth1.Registration was successfully set.
 9833866	[INFO]	XnProperty.cpp	74	Setting Image1.Mirror to 1...
 9846300	[INFO]	XnProperty.cpp	151	Property Image1.FirmwareMirror was changed to 1.
 9846345	[INFO]	XnProperty.cpp	151	Property Image1.Mirror was changed to 1.
 9846357	[INFO]	XnProperty.cpp	101	Image1.Mirror was successfully set.
42984312	[INFO]	XnOpenNI.cpp	1459	Destroying node 'User1'
42993222	[INFO]	XnOpenNI.cpp	1459	Destroying node 'Depth1'
42993316	[INFO]	XnDeviceBase.cpp	1507	Destroying stream 'Depth1'...
42994865	[INFO]	XnOpenNI.cpp	1459	Destroying node 'Image1'
42994937	[INFO]	XnDeviceBase.cpp	1507	Destroying stream 'Image1'...
42996088	[INFO]	XnOpenNI.cpp	1459	Destroying node 'Device1'
