    1488	[INFO]	XnLog.cpp	165	OpenNI version is 1.0.0 (Build 25)-MacOSX (Jan  7 2011 14:20:18)
    1543	[INFO]	XnLog.cpp	173	Log system initialized. Console: 1, File: 1, Severity: INFO, Masks: ALL
    1574	[INFO]	XnLog.cpp	173	Log system initialized. Console: 1, File: 1, Severity: INFO, Masks: ALL
    2730	[INFO]	XnUSBLinux-x86.cpp	98	USB is initialized.
 2363150	[INFO]	XnOpenNI.cpp	1261	Creating node 'Device1' of type Device...
 2364279	[INFO]	XnDeviceModule.cpp	431	Module 'Device' configuration was loaded from file.
 2626269	[INFO]	XnDeviceSensorIO.cpp	135	Connected to USB device
 2626324	[INFO]	XnProperty.cpp	151	Property Device.USBPath was changed to 045e/02ae@253/8.
 2633486	[INFO]	XnHostProtocol.cpp	825	Hardware versions: FW=5.1.4 (7) HW=4 Chip=2 Sensor=4 SYS=7
 4042043	[INFO]	XnProperty.cpp	151	Property Device.ID was changed to 0.
 4042127	[INFO]	XnSensor.cpp	182	Device sensor initialized
 4042235	[INFO]	XnOpenNI.cpp	1261	Creating node 'Depth1' of type Depth...
 4042280	[INFO]	XnDeviceBase.cpp	1383	Creating stream 'Depth1' of type 'Depth'...
 4042302	[INFO]	XnProperty.cpp	74	Setting Device.ReadData to 1...
 4042339	[INFO]	XnDeviceSensorIO.cpp	298	Endpoints open
 4054913	[INFO]	XnProperty.cpp	151	Property Device.ReadData was changed to 1.
 4054964	[INFO]	XnProperty.cpp	101	Device.ReadData was successfully set.
 4055321	[INFO]	XnProperty.cpp	151	Property Depth1.Resolution was changed to 0.
 4055342	[INFO]	XnProperty.cpp	151	Property Depth1.XRes was changed to 320.
 4055357	[INFO]	XnProperty.cpp	151	Property Depth1.YRes was changed to 240.
 4055375	[INFO]	XnProperty.cpp	151	Property Depth1.FPS was changed to 30.
 4055388	[INFO]	XnProperty.cpp	151	Property Depth1.OutputFormat was changed to 1.
 4055402	[INFO]	XnProperty.cpp	151	Property Depth1.BytesPerPixel was changed to 2.
 4055418	[INFO]	XnProperty.cpp	151	Property Depth1.RequiredDataSize was changed to 153600.
 4055434	[INFO]	XnProperty.cpp	151	Property Depth1.ParamCoeff was changed to 4.
 4055493	[INFO]	XnProperty.cpp	151	Property Depth1.ShiftScale was changed to 10.
 4068012	[INFO]	XnProperty.cpp	151	Property Depth1.ConstShift was changed to 200.
 4068105	[INFO]	XnProperty.cpp	151	Property Depth1.ZPD was changed to 120.
 4068203	[INFO]	XnProperty.cpp	151	Property Depth1.ZPPS was changed to 0.104200.
 4068217	[INFO]	XnProperty.cpp	151	Property Depth1.LDDIS was changed to 7.500000.
 4068312	[INFO]	XnProperty.cpp	151	Property Depth1.Gain was changed to 30.
 4068343	[INFO]	XnDeviceBase.cpp	1458	Stream 'Depth1' was initialized.
 4068358	[INFO]	XnDeviceBase.cpp	1463	'Depth1' stream was created.
 4068508	[INFO]	XnProperty.cpp	74	Setting Depth1.InputFormat to 3...
 4068528	[INFO]	XnProperty.cpp	151	Property Depth1.InputFormat was changed to 3.
 4068540	[INFO]	XnProperty.cpp	101	Depth1.InputFormat was successfully set.
 4068970	[INFO]	XnProperty.cpp	74	Setting Depth1.RegistrationType to 2...
 4068986	[INFO]	XnProperty.cpp	151	Property Depth1.RegistrationType was changed to 2.
 4068997	[INFO]	XnProperty.cpp	101	Depth1.RegistrationType was successfully set.
 4069454	[INFO]	XnDeviceModule.cpp	431	Module 'Depth1' configuration was loaded from file.
 4069645	[INFO]	XnProperty.cpp	74	Setting Depth1.FPS to 30...
 4069664	[INFO]	XnProperty.cpp	86	Depth1.FPS value did not change.
 4069676	[INFO]	XnProperty.cpp	74	Setting Depth1.YRes to 480...
 4069691	[INFO]	XnProperty.cpp	151	Property Depth1.Resolution was changed to 1.
 4069704	[INFO]	XnProperty.cpp	151	Property Depth1.XRes was changed to 640.
 4069717	[INFO]	XnProperty.cpp	151	Property Depth1.RequiredDataSize was changed to 307200.
 4069757	[INFO]	XnProperty.cpp	151	Property Depth1.YRes was changed to 480.
 4069780	[INFO]	XnProperty.cpp	151	Property Depth1.RequiredDataSize was changed to 614400.
 4069797	[INFO]	XnProperty.cpp	101	Depth1.YRes was successfully set.
 4069816	[INFO]	XnProperty.cpp	74	Setting Depth1.XRes to 640...
 4069830	[INFO]	XnProperty.cpp	86	Depth1.XRes value did not change.
 4069889	[INFO]	XnProperty.cpp	74	Setting Depth1.Mirror to 1...
 4069908	[INFO]	XnProperty.cpp	151	Property Depth1.FirmwareMirror was changed to 1.
 4069962	[INFO]	XnProperty.cpp	151	Property Depth1.Mirror was changed to 1.
 4069979	[INFO]	XnProperty.cpp	101	Depth1.Mirror was successfully set.
 6065911	[INFO]	XnOpenNI.cpp	1261	Creating node 'User1' of type User...
 6088399	[WARNING]	Linux-x86Threads.cpp	173	Failed to set thread priority: Invalid argument
 6088444	[WARNING]	XnUSBLinux-x86.cpp	126	USB events thread: Failed to set thread priority to critical. This might cause loss of data...
 6089348	[INFO]	XnUSBLinux-x86.cpp	1222	USB read thread was started.
 6089385	[INFO]	XnProperty.cpp	151	Property Depth1.ActualReadData was changed to 1.
 6560356	[INFO]	XnProperty.cpp	151	Property Depth1.State was changed to 1.
 6560399	[INFO]	XnDeviceBase.cpp	370	Stream Depth1 is open.
 8540144	[INFO]	XnOpenNI.cpp	1261	Creating node 'Image1' of type Image...
 8540195	[INFO]	XnDeviceBase.cpp	1383	Creating stream 'Image1' of type 'Image'...
 8540402	[INFO]	XnProperty.cpp	151	Property Image1.Resolution was changed to 0.
 8540428	[INFO]	XnProperty.cpp	151	Property Image1.XRes was changed to 320.
 8540449	[INFO]	XnProperty.cpp	151	Property Image1.YRes was changed to 240.
 8540468	[INFO]	XnProperty.cpp	151	Property Image1.FPS was changed to 30.
 8540483	[INFO]	XnProperty.cpp	151	Property Image1.OutputFormat was changed to 5.
 8540501	[INFO]	XnProperty.cpp	151	Property Image1.BytesPerPixel was changed to 3.
 8540518	[INFO]	XnProperty.cpp	151	Property Image1.RequiredDataSize was changed to 230400.
 8540557	[INFO]	XnDeviceBase.cpp	1458	Stream 'Image1' was initialized.
 8540579	[INFO]	XnDeviceBase.cpp	1463	'Image1' stream was created.
 8540716	[INFO]	XnProperty.cpp	74	Setting Image1.InputFormat to 6...
 8540751	[INFO]	XnProperty.cpp	151	Property Image1.InputFormat was changed to 6.
 8540771	[INFO]	XnProperty.cpp	101	Image1.InputFormat was successfully set.
 8541393	[INFO]	XnDeviceModule.cpp	431	Module 'Image1' configuration was loaded from file.
 8541518	[INFO]	XnProperty.cpp	74	Setting Image1.FPS to 30...
 8541544	[INFO]	XnProperty.cpp	86	Image1.FPS value did not change.
 8541566	[INFO]	XnProperty.cpp	74	Setting Image1.YRes to 480...
 8541586	[INFO]	XnProperty.cpp	151	Property Image1.Resolution was changed to 1.
 8541603	[INFO]	XnProperty.cpp	151	Property Image1.XRes was changed to 640.
 8541620	[INFO]	XnProperty.cpp	151	Property Image1.RequiredDataSize was changed to 460800.
 8541641	[INFO]	XnProperty.cpp	151	Property Image1.YRes was changed to 480.
 8541659	[INFO]	XnProperty.cpp	151	Property Image1.RequiredDataSize was changed to 921600.
 8541679	[INFO]	XnProperty.cpp	101	Image1.YRes was successfully set.
 8541698	[INFO]	XnProperty.cpp	74	Setting Image1.XRes to 640...
 8541714	[INFO]	XnProperty.cpp	86	Image1.XRes value did not change.
 8542841	[INFO]	XnUSBLinux-x86.cpp	1222	USB read thread was started.
 8542911	[INFO]	XnProperty.cpp	151	Property Image1.ActualReadData was changed to 1.
 8724909	[WARNING]	XnDepthProcessor.cpp	133	Read: Depth buffer is corrupt. Size is 533984 (!= 614400)
 8724958	[WARNING]	XnFrameStreamProcessor.cpp	132	Depth frame is corrupt!
11744019	[INFO]	XnProperty.cpp	151	Property Image1.State was changed to 1.
11744061	[INFO]	XnDeviceBase.cpp	370	Stream Image1 is open.
11744247	[INFO]	XnProperty.cpp	74	Setting Depth1.Registration to 1...
11796933	[WARNING]	XnDepthProcessor.cpp	133	Read: Depth buffer is corrupt. Size is 589216 (!= 614400)
11796982	[WARNING]	XnFrameStreamProcessor.cpp	132	Depth frame is corrupt!
11895796	[INFO]	XnProperty.cpp	151	Property Depth1.Registration was changed to 1.
11895855	[INFO]	XnProperty.cpp	101	Depth1.Registration was successfully set.
11895917	[INFO]	XnProperty.cpp	74	Setting Image1.Mirror to 1...
11908272	[INFO]	XnProperty.cpp	151	Property Image1.FirmwareMirror was changed to 1.
11908319	[INFO]	XnProperty.cpp	151	Property Image1.Mirror was changed to 1.
11908338	[INFO]	XnProperty.cpp	101	Image1.Mirror was successfully set.
19306851	[INFO]	XnOpenNI.cpp	1459	Destroying node 'User1'
19313672	[INFO]	XnOpenNI.cpp	1459	Destroying node 'Depth1'
19313759	[INFO]	XnDeviceBase.cpp	1507	Destroying stream 'Depth1'...
19314702	[INFO]	XnOpenNI.cpp	1459	Destroying node 'Image1'
19314784	[INFO]	XnDeviceBase.cpp	1507	Destroying stream 'Image1'...
19315449	[INFO]	XnOpenNI.cpp	1459	Destroying node 'Device1'
