    7219	[INFO]	XnLog.cpp	165	OpenNI version is 1.0.0 (Build 25)-MacOSX (Jan  7 2011 14:20:18)
    7268	[INFO]	XnLog.cpp	173	Log system initialized. Console: 1, File: 1, Severity: INFO, Masks: ALL
    7292	[INFO]	XnLog.cpp	173	Log system initialized. Console: 1, File: 1, Severity: INFO, Masks: ALL
    8570	[INFO]	XnUSBLinux-x86.cpp	98	USB is initialized.
 3341754	[INFO]	XnOpenNI.cpp	1261	Creating node 'Device1' of type Device...
 3342599	[INFO]	XnDeviceModule.cpp	431	Module 'Device' configuration was loaded from file.
 3771250	[INFO]	XnDeviceSensorIO.cpp	135	Connected to USB device
 3771303	[INFO]	XnProperty.cpp	151	Property Device.USBPath was changed to 045e/02ae@253/8.
 3779422	[INFO]	XnHostProtocol.cpp	825	Hardware versions: FW=5.1.4 (7) HW=4 Chip=2 Sensor=4 SYS=7
 5184217	[INFO]	XnProperty.cpp	151	Property Device.ID was changed to 0.
 5184288	[INFO]	XnSensor.cpp	182	Device sensor initialized
 5184379	[INFO]	XnOpenNI.cpp	1261	Creating node 'Depth1' of type Depth...
 5184420	[INFO]	XnDeviceBase.cpp	1383	Creating stream 'Depth1' of type 'Depth'...
 5184438	[INFO]	XnProperty.cpp	74	Setting Device.ReadData to 1...
 5184468	[INFO]	XnDeviceSensorIO.cpp	298	Endpoints open
 5196821	[INFO]	XnProperty.cpp	151	Property Device.ReadData was changed to 1.
 5196865	[INFO]	XnProperty.cpp	101	Device.ReadData was successfully set.
 5197323	[INFO]	XnProperty.cpp	151	Property Depth1.Resolution was changed to 0.
 5197352	[INFO]	XnProperty.cpp	151	Property Depth1.XRes was changed to 320.
 5197372	[INFO]	XnProperty.cpp	151	Property Depth1.YRes was changed to 240.
 5197391	[INFO]	XnProperty.cpp	151	Property Depth1.FPS was changed to 30.
 5197410	[INFO]	XnProperty.cpp	151	Property Depth1.OutputFormat was changed to 1.
 5197429	[INFO]	XnProperty.cpp	151	Property Depth1.BytesPerPixel was changed to 2.
 5197448	[INFO]	XnProperty.cpp	151	Property Depth1.RequiredDataSize was changed to 153600.
 5197472	[INFO]	XnProperty.cpp	151	Property Depth1.ParamCoeff was changed to 4.
 5197545	[INFO]	XnProperty.cpp	151	Property Depth1.ShiftScale was changed to 10.
 5210085	[INFO]	XnProperty.cpp	151	Property Depth1.ConstShift was changed to 200.
 5210212	[INFO]	XnProperty.cpp	151	Property Depth1.ZPD was changed to 120.
 5210337	[INFO]	XnProperty.cpp	151	Property Depth1.ZPPS was changed to 0.104200.
 5210364	[INFO]	XnProperty.cpp	151	Property Depth1.LDDIS was changed to 7.500000.
 5210492	[INFO]	XnProperty.cpp	151	Property Depth1.Gain was changed to 30.
 5210543	[INFO]	XnDeviceBase.cpp	1458	Stream 'Depth1' was initialized.
 5210568	[INFO]	XnDeviceBase.cpp	1463	'Depth1' stream was created.
 5210778	[INFO]	XnProperty.cpp	74	Setting Depth1.InputFormat to 3...
 5210811	[INFO]	XnProperty.cpp	151	Property Depth1.InputFormat was changed to 3.
 5210833	[INFO]	XnProperty.cpp	101	Depth1.InputFormat was successfully set.
 5211539	[INFO]	XnProperty.cpp	74	Setting Depth1.RegistrationType to 2...
 5211584	[INFO]	XnProperty.cpp	151	Property Depth1.RegistrationType was changed to 2.
 5211607	[INFO]	XnProperty.cpp	101	Depth1.RegistrationType was successfully set.
 5212327	[INFO]	XnDeviceModule.cpp	431	Module 'Depth1' configuration was loaded from file.
 5212570	[INFO]	XnProperty.cpp	74	Setting Depth1.FPS to 30...
 5212594	[INFO]	XnProperty.cpp	86	Depth1.FPS value did not change.
 5212613	[INFO]	XnProperty.cpp	74	Setting Depth1.YRes to 480...
 5212634	[INFO]	XnProperty.cpp	151	Property Depth1.Resolution was changed to 1.
 5212651	[INFO]	XnProperty.cpp	151	Property Depth1.XRes was changed to 640.
 5212669	[INFO]	XnProperty.cpp	151	Property Depth1.RequiredDataSize was changed to 307200.
 5212691	[INFO]	XnProperty.cpp	151	Property Depth1.YRes was changed to 480.
 5212708	[INFO]	XnProperty.cpp	151	Property Depth1.RequiredDataSize was changed to 614400.
 5212725	[INFO]	XnProperty.cpp	101	Depth1.YRes was successfully set.
 5212744	[INFO]	XnProperty.cpp	74	Setting Depth1.XRes to 640...
 5212760	[INFO]	XnProperty.cpp	86	Depth1.XRes value did not change.
 5212822	[INFO]	XnProperty.cpp	74	Setting Depth1.Mirror to 1...
 5212841	[INFO]	XnProperty.cpp	151	Property Depth1.FirmwareMirror was changed to 1.
 5212903	[INFO]	XnProperty.cpp	151	Property Depth1.Mirror was changed to 1.
 5212921	[INFO]	XnProperty.cpp	101	Depth1.Mirror was successfully set.
 8537677	[INFO]	XnOpenNI.cpp	1261	Creating node 'User1' of type User...
 8561963	[WARNING]	Linux-x86Threads.cpp	173	Failed to set thread priority: Invalid argument
 8562010	[WARNING]	XnUSBLinux-x86.cpp	126	USB events thread: Failed to set thread priority to critical. This might cause loss of data...
 8562842	[INFO]	XnUSBLinux-x86.cpp	1222	USB read thread was started.
 8562866	[INFO]	XnProperty.cpp	151	Property Depth1.ActualReadData was changed to 1.
 9033407	[INFO]	XnProperty.cpp	151	Property Depth1.State was changed to 1.
 9033457	[INFO]	XnDeviceBase.cpp	370	Stream Depth1 is open.
12344758	[INFO]	XnOpenNI.cpp	1261	Creating node 'Image1' of type Image...
12344807	[INFO]	XnDeviceBase.cpp	1383	Creating stream 'Image1' of type 'Image'...
12345000	[INFO]	XnProperty.cpp	151	Property Image1.Resolution was changed to 0.
12345019	[INFO]	XnProperty.cpp	151	Property Image1.XRes was changed to 320.
12345032	[INFO]	XnProperty.cpp	151	Property Image1.YRes was changed to 240.
12345044	[INFO]	XnProperty.cpp	151	Property Image1.FPS was changed to 30.
12345055	[INFO]	XnProperty.cpp	151	Property Image1.OutputFormat was changed to 5.
12345066	[INFO]	XnProperty.cpp	151	Property Image1.BytesPerPixel was changed to 3.
12345079	[INFO]	XnProperty.cpp	151	Property Image1.RequiredDataSize was changed to 230400.
12345107	[INFO]	XnDeviceBase.cpp	1458	Stream 'Image1' was initialized.
12345122	[INFO]	XnDeviceBase.cpp	1463	'Image1' stream was created.
12345229	[INFO]	XnProperty.cpp	74	Setting Image1.InputFormat to 6...
12345251	[INFO]	XnProperty.cpp	151	Property Image1.InputFormat was changed to 6.
12345263	[INFO]	XnProperty.cpp	101	Image1.InputFormat was successfully set.
12345675	[INFO]	XnDeviceModule.cpp	431	Module 'Image1' configuration was loaded from file.
12345765	[INFO]	XnProperty.cpp	74	Setting Image1.FPS to 30...
12345781	[INFO]	XnProperty.cpp	86	Image1.FPS value did not change.
12345793	[INFO]	XnProperty.cpp	74	Setting Image1.YRes to 480...
12345805	[INFO]	XnProperty.cpp	151	Property Image1.Resolution was changed to 1.
12345817	[INFO]	XnProperty.cpp	151	Property Image1.XRes was changed to 640.
12345829	[INFO]	XnProperty.cpp	151	Property Image1.RequiredDataSize was changed to 460800.
12345843	[INFO]	XnProperty.cpp	151	Property Image1.YRes was changed to 480.
12345857	[INFO]	XnProperty.cpp	151	Property Image1.RequiredDataSize was changed to 921600.
12345876	[INFO]	XnProperty.cpp	101	Image1.YRes was successfully set.
12345894	[INFO]	XnProperty.cpp	74	Setting Image1.XRes to 640...
12345907	[INFO]	XnProperty.cpp	86	Image1.XRes value did not change.
12346834	[INFO]	XnUSBLinux-x86.cpp	1222	USB read thread was started.
12346878	[INFO]	XnProperty.cpp	151	Property Image1.ActualReadData was changed to 1.
12535000	[WARNING]	XnDepthProcessor.cpp	133	Read: Depth buffer is corrupt. Size is 548992 (!= 614400)
12535048	[WARNING]	XnFrameStreamProcessor.cpp	132	Depth frame is corrupt!
15438973	[WARNING]	XnDepthProcessor.cpp	133	Read: Depth buffer is corrupt. Size is 591568 (!= 614400)
15439025	[WARNING]	XnFrameStreamProcessor.cpp	132	Depth frame is corrupt!
15547828	[INFO]	XnProperty.cpp	151	Property Image1.State was changed to 1.
15547891	[INFO]	XnDeviceBase.cpp	370	Stream Image1 is open.
15548121	[INFO]	XnProperty.cpp	74	Setting Depth1.Registration to 1...
15603092	[WARNING]	XnDepthProcessor.cpp	133	Read: Depth buffer is corrupt. Size is 592320 (!= 614400)
15603149	[WARNING]	XnFrameStreamProcessor.cpp	132	Depth frame is corrupt!
15700985	[INFO]	XnProperty.cpp	151	Property Depth1.Registration was changed to 1.
15701028	[INFO]	XnProperty.cpp	101	Depth1.Registration was successfully set.
15701077	[INFO]	XnProperty.cpp	74	Setting Image1.Mirror to 1...
15713266	[INFO]	XnProperty.cpp	151	Property Image1.FirmwareMirror was changed to 1.
15713319	[INFO]	XnProperty.cpp	151	Property Image1.Mirror was changed to 1.
15713337	[INFO]	XnProperty.cpp	101	Image1.Mirror was successfully set.
24320242	[INFO]	XnOpenNI.cpp	1459	Destroying node 'User1'
24330661	[INFO]	XnOpenNI.cpp	1459	Destroying node 'Depth1'
24330757	[INFO]	XnDeviceBase.cpp	1507	Destroying stream 'Depth1'...
24332621	[INFO]	XnOpenNI.cpp	1459	Destroying node 'Image1'
24332700	[INFO]	XnDeviceBase.cpp	1507	Destroying stream 'Image1'...
24333887	[INFO]	XnOpenNI.cpp	1459	Destroying node 'Device1'
