   23783	[INFO]	XnLog.cpp	165	OpenNI version is 1.0.0 (Build 25)-MacOSX (Jan  7 2011 14:20:18)
   23832	[INFO]	XnLog.cpp	173	Log system initialized. Console: 1, File: 1, Severity: INFO, Masks: ALL
   23867	[INFO]	XnLog.cpp	173	Log system initialized. Console: 1, File: 1, Severity: INFO, Masks: ALL
   25383	[INFO]	XnUSBLinux-x86.cpp	98	USB is initialized.
 2391266	[INFO]	XnOpenNI.cpp	1261	Creating node 'Device1' of type Device...
 2392055	[INFO]	XnDeviceModule.cpp	431	Module 'Device' configuration was loaded from file.
 2661489	[INFO]	XnDeviceSensorIO.cpp	135	Connected to USB device
 2661542	[INFO]	XnProperty.cpp	151	Property Device.USBPath was changed to 045e/02ae@250/10.
 2702298	[INFO]	XnHostProtocol.cpp	825	Hardware versions: FW=5.1.4 (7) HW=4 Chip=2 Sensor=4 SYS=7
 4110221	[INFO]	XnProperty.cpp	151	Property Device.ID was changed to 0.
 4110281	[INFO]	XnSensor.cpp	182	Device sensor initialized
 4110378	[INFO]	XnOpenNI.cpp	1261	Creating node 'Depth1' of type Depth...
 4110432	[INFO]	XnDeviceBase.cpp	1383	Creating stream 'Depth1' of type 'Depth'...
 4110457	[INFO]	XnProperty.cpp	74	Setting Device.ReadData to 1...
 4110500	[INFO]	XnDeviceSensorIO.cpp	298	Endpoints open
 4122824	[INFO]	XnProperty.cpp	151	Property Device.ReadData was changed to 1.
 4122865	[INFO]	XnProperty.cpp	101	Device.ReadData was successfully set.
 4123348	[INFO]	XnProperty.cpp	151	Property Depth1.Resolution was changed to 0.
 4123378	[INFO]	XnProperty.cpp	151	Property Depth1.XRes was changed to 320.
 4123399	[INFO]	XnProperty.cpp	151	Property Depth1.YRes was changed to 240.
 4123419	[INFO]	XnProperty.cpp	151	Property Depth1.FPS was changed to 30.
 4123437	[INFO]	XnProperty.cpp	151	Property Depth1.OutputFormat was changed to 1.
 4123456	[INFO]	XnProperty.cpp	151	Property Depth1.BytesPerPixel was changed to 2.
 4123475	[INFO]	XnProperty.cpp	151	Property Depth1.RequiredDataSize was changed to 153600.
 4123500	[INFO]	XnProperty.cpp	151	Property Depth1.ParamCoeff was changed to 4.
 4123580	[INFO]	XnProperty.cpp	151	Property Depth1.ShiftScale was changed to 10.
 4135807	[INFO]	XnProperty.cpp	151	Property Depth1.ConstShift was changed to 200.
 4135918	[INFO]	XnProperty.cpp	151	Property Depth1.ZPD was changed to 120.
 4136037	[INFO]	XnProperty.cpp	151	Property Depth1.ZPPS was changed to 0.104200.
 4136059	[INFO]	XnProperty.cpp	151	Property Depth1.LDDIS was changed to 7.500000.
 4136178	[INFO]	XnProperty.cpp	151	Property Depth1.Gain was changed to 30.
 4136221	[INFO]	XnDeviceBase.cpp	1458	Stream 'Depth1' was initialized.
 4136240	[INFO]	XnDeviceBase.cpp	1463	'Depth1' stream was created.
 4136437	[INFO]	XnProperty.cpp	74	Setting Depth1.InputFormat to 3...
 4136467	[INFO]	XnProperty.cpp	151	Property Depth1.InputFormat was changed to 3.
 4136485	[INFO]	XnProperty.cpp	101	Depth1.InputFormat was successfully set.
 4137111	[INFO]	XnProperty.cpp	74	Setting Depth1.RegistrationType to 2...
 4137144	[INFO]	XnProperty.cpp	151	Property Depth1.RegistrationType was changed to 2.
 4137162	[INFO]	XnProperty.cpp	101	Depth1.RegistrationType was successfully set.
 4137670	[INFO]	XnDeviceModule.cpp	431	Module 'Depth1' configuration was loaded from file.
 4137891	[INFO]	XnProperty.cpp	74	Setting Depth1.FPS to 30...
 4137910	[INFO]	XnProperty.cpp	86	Depth1.FPS value did not change.
 4137922	[INFO]	XnProperty.cpp	74	Setting Depth1.YRes to 480...
 4137938	[INFO]	XnProperty.cpp	151	Property Depth1.Resolution was changed to 1.
 4137952	[INFO]	XnProperty.cpp	151	Property Depth1.XRes was changed to 640.
 4137964	[INFO]	XnProperty.cpp	151	Property Depth1.RequiredDataSize was changed to 307200.
 4137979	[INFO]	XnProperty.cpp	151	Property Depth1.YRes was changed to 480.
 4137991	[INFO]	XnProperty.cpp	151	Property Depth1.RequiredDataSize was changed to 614400.
 4138005	[INFO]	XnProperty.cpp	101	Depth1.YRes was successfully set.
 4138017	[INFO]	XnProperty.cpp	74	Setting Depth1.XRes to 640...
 4138028	[INFO]	XnProperty.cpp	86	Depth1.XRes value did not change.
 4138072	[INFO]	XnProperty.cpp	74	Setting Depth1.Mirror to 1...
 4138086	[INFO]	XnProperty.cpp	151	Property Depth1.FirmwareMirror was changed to 1.
 4143566	[INFO]	XnProperty.cpp	151	Property Depth1.Mirror was changed to 1.
 4143589	[INFO]	XnProperty.cpp	101	Depth1.Mirror was successfully set.
